{"name": "Login Functionality", "status": "broken", "statusDetails": {"message": "selenium.common.exceptions.NoSuchElementException: Message: no such element: Unable to locate element: {\"method\":\"xpath\",\"selector\":\"//*[@href='/u/vkqapro/boards']\"}\n  (Session info: chrome=131.0.6778.86); For documentation on this error, please visit: https://www.selenium.dev/documentation/webdriver/troubleshooting/errors#no-such-element-exception\nStacktrace:\n0   chromedriver                        0x00000001044b0e82 chromedriver + 6696578\n1   chromedriver                        0x00000001044a8c9a chromedriver + 6663322\n2   chromedriver                        0x0000000103eb0e3e chromedriver + 405054\n3   chromedriver                        0x0000000103f01815 chromedriver + 735253\n4   chromedriver                        0x0000000103f01d11 chromedriver + 736529\n5   chromedriver                        0x0000000103f4c314 chromedriver + 1041172\n6   chromedriver                        0x0000000103f2689d chromedriver + 886941\n7   chromedriver                        0x0000000103f493f4 chromedriver + 1029108\n8   chromedriver                        0x0000000103f26613 chromedriver + 886291\n9   chromedriver                        0x0000000103ef3950 chromedriver + 678224\n10  chromedriver                        0x0000000103ef434e chromedriver + 680782\n11  chromedriver                        0x000000010447e770 chromedriver + 6489968\n12  chromedriver                        0x0000000104481219 chromedriver + 6500889\n13  chromedriver                        0x0000000104480d3b chromedriver + 6499643\n14  chromedriver                        0x00000001044816a5 chromedriver + 6502053\n15  chromedriver                        0x0000000104469524 chromedriver + 6403364\n16  chromedriver                        0x000000010448198f chromedriver + 6502799\n17  chromedriver                        0x000000010445a954 chromedriver + 6342996\n18  chromedriver                        0x0000000104499378 chromedriver + 6599544\n19  chromedriver                        0x0000000104499535 chromedriver + 6599989\n20  chromedriver                        0x00000001044a8868 chromedriver + 6662248\n21  libsystem_pthread.dylib             0x00007ff80c2f41d3 _pthread_start + 125\n22  libsystem_pthread.dylib             0x00007ff80c2efbd3 thread_start + 15", "trace": "self = <tests.regression_ui.test_ui_regression.TestUIRegression object at 0x10ffcc680>\ndriver = <selenium.webdriver.chrome.webdriver.WebDriver (session=\"5208edd53073dc0668b830db833daf09\")>\n\n    @allure.title('Login Functionality')\n    def test_login(self, driver):\n        with allure.step('Navigate to the Trello login page'):\n            driver.get(self.SCC.URL_LOGIN)\n        with allure.step('Enter valid credentials (email, password, and 6-digits verification code)'):\n            try:\n                el_user_name = WebDriverWait(driver, 60).until(EC.element_to_be_clickable(\n                    (By.XPATH, self.SCC.LoginPage.USER_NAME_FIELD)\n                ))\n                el_user_name.click()\n                el_user_name.send_keys(USER_EMAIL)\n    \n                driver.find_element(By.XPATH, self.SCC.LoginPage.CONTINUE_BUTTON).click()\n                el_password = WebDriverWait(driver, 60).until(EC.element_to_be_clickable(\n>                   (By.XPATH, self.SCC.LoginPage.PASSWORD_FIELD)\n                ))\n\ntests/regression_ui/test_ui_regression.py:50: \n_ _ _ _ _ _ _ _ _ _ _ _ _ _ _ _ _ _ _ _ _ _ _ _ _ _ _ _ _ _ _ _ _ _ _ _ _ _ _ _ _ _ _ _ _ _ _ _ _ _ _ _ _ _ _ _ _ _ _ _ _ _ _ _ _ _ _ _ _ _ _ _ _ _ _ _ _ _ _ _ _ _ _ _\n\nself = <selenium.webdriver.support.wait.WebDriverWait (session=\"5208edd53073dc0668b830db833daf09\")>\nmethod = <function element_to_be_clickable.<locals>._predicate at 0x1104aff60>, message = ''\n\n    def until(self, method: Callable[[D], Union[Literal[False], T]], message: str = \"\") -> T:\n        \"\"\"Calls the method provided with the driver as an argument until the \\\n        return value does not evaluate to ``False``.\n    \n        :param method: callable(WebDriver)\n        :param message: optional message for :exc:`TimeoutException`\n        :returns: the result of the last call to `method`\n        :raises: :exc:`selenium.common.exceptions.TimeoutException` if timeout occurs\n        \"\"\"\n        screen = None\n        stacktrace = None\n    \n        end_time = time.monotonic() + self._timeout\n        while True:\n            try:\n                value = method(self._driver)\n                if value:\n                    return value\n            except self._ignored_exceptions as exc:\n                screen = getattr(exc, \"screen\", None)\n                stacktrace = getattr(exc, \"stacktrace\", None)\n            if time.monotonic() > end_time:\n                break\n            time.sleep(self._poll)\n>       raise TimeoutException(message, screen, stacktrace)\nE       selenium.common.exceptions.TimeoutException: Message: \nE       Stacktrace:\nE       0   chromedriver                        0x00000001044b0e82 chromedriver + 6696578\nE       1   chromedriver                        0x00000001044a8c9a chromedriver + 6663322\nE       2   chromedriver                        0x0000000103eb0e3e chromedriver + 405054\nE       3   chromedriver                        0x0000000103f01815 chromedriver + 735253\nE       4   chromedriver                        0x0000000103f01d11 chromedriver + 736529\nE       5   chromedriver                        0x0000000103f4c314 chromedriver + 1041172\nE       6   chromedriver                        0x0000000103f2689d chromedriver + 886941\nE       7   chromedriver                        0x0000000103f493f4 chromedriver + 1029108\nE       8   chromedriver                        0x0000000103f26613 chromedriver + 886291\nE       9   chromedriver                        0x0000000103ef3950 chromedriver + 678224\nE       10  chromedriver                        0x0000000103ef434e chromedriver + 680782\nE       11  chromedriver                        0x000000010447e770 chromedriver + 6489968\nE       12  chromedriver                        0x0000000104481219 chromedriver + 6500889\nE       13  chromedriver                        0x0000000104480d3b chromedriver + 6499643\nE       14  chromedriver                        0x00000001044816a5 chromedriver + 6502053\nE       15  chromedriver                        0x0000000104469524 chromedriver + 6403364\nE       16  chromedriver                        0x000000010448198f chromedriver + 6502799\nE       17  chromedriver                        0x000000010445a954 chromedriver + 6342996\nE       18  chromedriver                        0x0000000104499378 chromedriver + 6599544\nE       19  chromedriver                        0x0000000104499535 chromedriver + 6599989\nE       20  chromedriver                        0x00000001044a8868 chromedriver + 6662248\nE       21  libsystem_pthread.dylib             0x00007ff80c2f41d3 _pthread_start + 125\nE       22  libsystem_pthread.dylib             0x00007ff80c2efbd3 thread_start + 15\n\n.venv/lib/python3.12/site-packages/selenium/webdriver/support/wait.py:105: TimeoutException\n\nDuring handling of the above exception, another exception occurred:\n\nself = <tests.regression_ui.test_ui_regression.TestUIRegression object at 0x10ffcc680>\ndriver = <selenium.webdriver.chrome.webdriver.WebDriver (session=\"5208edd53073dc0668b830db833daf09\")>\n\n    @allure.title('Login Functionality')\n    def test_login(self, driver):\n        with allure.step('Navigate to the Trello login page'):\n            driver.get(self.SCC.URL_LOGIN)\n        with allure.step('Enter valid credentials (email, password, and 6-digits verification code)'):\n            try:\n                el_user_name = WebDriverWait(driver, 60).until(EC.element_to_be_clickable(\n                    (By.XPATH, self.SCC.LoginPage.USER_NAME_FIELD)\n                ))\n                el_user_name.click()\n                el_user_name.send_keys(USER_EMAIL)\n    \n                driver.find_element(By.XPATH, self.SCC.LoginPage.CONTINUE_BUTTON).click()\n                el_password = WebDriverWait(driver, 60).until(EC.element_to_be_clickable(\n                    (By.XPATH, self.SCC.LoginPage.PASSWORD_FIELD)\n                ))\n                el_password.click()\n                el_password.send_keys(USER_PASSWORD)\n    \n                driver.find_element(By.XPATH, self.SCC.LoginPage.LOGIN_BUTTON).click()\n                el_six_otp_code = WebDriverWait(driver, 60).until(EC.element_to_be_clickable(\n                    (By.XPATH, self.SCC.LoginPage.SIX_OTP_CODE_FIELD)\n                ))\n                el_six_otp_code.click()\n                el_six_otp_code.send_keys(self.otp_auth())\n            except Exception as e:\n                log.info(\"An error occurred: \", str(e))\n>           finally:\n\ntests/regression_ui/test_ui_regression.py:63: \n_ _ _ _ _ _ _ _ _ _ _ _ _ _ _ _ _ _ _ _ _ _ _ _ _ _ _ _ _ _ _ _ _ _ _ _ _ _ _ _ _ _ _ _ _ _ _ _ _ _ _ _ _ _ _ _ _ _ _ _ _ _ _ _ _ _ _ _ _ _ _ _ _ _ _ _ _ _ _ _ _ _ _ _\n/Library/Frameworks/Python.framework/Versions/3.12/lib/python3.12/logging/__init__.py:2216: in info\n    root.info(msg, *args, **kwargs)\n/Library/Frameworks/Python.framework/Versions/3.12/lib/python3.12/logging/__init__.py:1539: in info\n    self._log(INFO, msg, args, **kwargs)\n/Library/Frameworks/Python.framework/Versions/3.12/lib/python3.12/logging/__init__.py:1684: in _log\n    self.handle(record)\n/Library/Frameworks/Python.framework/Versions/3.12/lib/python3.12/logging/__init__.py:1700: in handle\n    self.callHandlers(record)\n/Library/Frameworks/Python.framework/Versions/3.12/lib/python3.12/logging/__init__.py:1762: in callHandlers\n    hdlr.handle(record)\n/Library/Frameworks/Python.framework/Versions/3.12/lib/python3.12/logging/__init__.py:1028: in handle\n    self.emit(record)\n.venv/lib/python3.12/site-packages/_pytest/logging.py:386: in emit\n    super().emit(record)\n/Library/Frameworks/Python.framework/Versions/3.12/lib/python3.12/logging/__init__.py:1168: in emit\n    self.handleError(record)\n/Library/Frameworks/Python.framework/Versions/3.12/lib/python3.12/logging/__init__.py:1160: in emit\n    msg = self.format(record)\n/Library/Frameworks/Python.framework/Versions/3.12/lib/python3.12/logging/__init__.py:999: in format\n    return fmt.format(record)\n.venv/lib/python3.12/site-packages/_pytest/logging.py:139: in format\n    return super().format(record)\n/Library/Frameworks/Python.framework/Versions/3.12/lib/python3.12/logging/__init__.py:703: in format\n    record.message = record.getMessage()\n_ _ _ _ _ _ _ _ _ _ _ _ _ _ _ _ _ _ _ _ _ _ _ _ _ _ _ _ _ _ _ _ _ _ _ _ _ _ _ _ _ _ _ _ _ _ _ _ _ _ _ _ _ _ _ _ _ _ _ _ _ _ _ _ _ _ _ _ _ _ _ _ _ _ _ _ _ _ _ _ _ _ _ _\n\nself = <LogRecord: root, 20, /Users/vitalykamynin/projects/Trello/pythonSelenium/tests/regression_ui/test_ui_regression.py, 63, \"An error occurred: \">\n\n    def getMessage(self):\n        \"\"\"\n        Return the message for this LogRecord.\n    \n        Return the message for this LogRecord after merging any user-supplied\n        arguments with the message.\n        \"\"\"\n        msg = str(self.msg)\n        if self.args:\n>           msg = msg % self.args\nE           TypeError: not all arguments converted during string formatting\n\n/Library/Frameworks/Python.framework/Versions/3.12/lib/python3.12/logging/__init__.py:392: TypeError\n\nDuring handling of the above exception, another exception occurred:\n\nself = <tests.regression_ui.test_ui_regression.TestUIRegression object at 0x10ffcc680>\ndriver = <selenium.webdriver.chrome.webdriver.WebDriver (session=\"5208edd53073dc0668b830db833daf09\")>\n\n    @allure.title('Login Functionality')\n    def test_login(self, driver):\n        with allure.step('Navigate to the Trello login page'):\n            driver.get(self.SCC.URL_LOGIN)\n        with allure.step('Enter valid credentials (email, password, and 6-digits verification code)'):\n            try:\n                el_user_name = WebDriverWait(driver, 60).until(EC.element_to_be_clickable(\n                    (By.XPATH, self.SCC.LoginPage.USER_NAME_FIELD)\n                ))\n                el_user_name.click()\n                el_user_name.send_keys(USER_EMAIL)\n    \n                driver.find_element(By.XPATH, self.SCC.LoginPage.CONTINUE_BUTTON).click()\n                el_password = WebDriverWait(driver, 60).until(EC.element_to_be_clickable(\n                    (By.XPATH, self.SCC.LoginPage.PASSWORD_FIELD)\n                ))\n                el_password.click()\n                el_password.send_keys(USER_PASSWORD)\n    \n                driver.find_element(By.XPATH, self.SCC.LoginPage.LOGIN_BUTTON).click()\n                el_six_otp_code = WebDriverWait(driver, 60).until(EC.element_to_be_clickable(\n                    (By.XPATH, self.SCC.LoginPage.SIX_OTP_CODE_FIELD)\n                ))\n                el_six_otp_code.click()\n                el_six_otp_code.send_keys(self.otp_auth())\n            except Exception as e:\n                log.info(\"An error occurred: \", str(e))\n            finally:\n                time.sleep(10)\n                assert driver.find_element(By.XPATH, self.SCC.HREF).is_displayed()\n>       with allure.step('Verifying that the user is redirected to their dashboard'):\n\ntests/regression_ui/test_ui_regression.py:66: \n_ _ _ _ _ _ _ _ _ _ _ _ _ _ _ _ _ _ _ _ _ _ _ _ _ _ _ _ _ _ _ _ _ _ _ _ _ _ _ _ _ _ _ _ _ _ _ _ _ _ _ _ _ _ _ _ _ _ _ _ _ _ _ _ _ _ _ _ _ _ _ _ _ _ _ _ _ _ _ _ _ _ _ _\n.venv/lib/python3.12/site-packages/selenium/webdriver/remote/webdriver.py:770: in find_element\n    return self.execute(Command.FIND_ELEMENT, {\"using\": by, \"value\": value})[\"value\"]\n.venv/lib/python3.12/site-packages/selenium/webdriver/remote/webdriver.py:384: in execute\n    self.error_handler.check_response(response)\n_ _ _ _ _ _ _ _ _ _ _ _ _ _ _ _ _ _ _ _ _ _ _ _ _ _ _ _ _ _ _ _ _ _ _ _ _ _ _ _ _ _ _ _ _ _ _ _ _ _ _ _ _ _ _ _ _ _ _ _ _ _ _ _ _ _ _ _ _ _ _ _ _ _ _ _ _ _ _ _ _ _ _ _\n\nself = <selenium.webdriver.remote.errorhandler.ErrorHandler object at 0x10fe81dc0>\nresponse = {'status': 404, 'value': '{\"value\":{\"error\":\"no such element\",\"message\":\"no such element: Unable to locate element: {\\...ff80c2f41d3 _pthread_start + 125\\\\n22  libsystem_pthread.dylib             0x00007ff80c2efbd3 thread_start + 15\\\\n\"}}'}\n\n    def check_response(self, response: Dict[str, Any]) -> None:\n        \"\"\"Checks that a JSON response from the WebDriver does not have an\n        error.\n    \n        :Args:\n         - response - The JSON response from the WebDriver server as a dictionary\n           object.\n    \n        :Raises: If the response contains an error message.\n        \"\"\"\n        status = response.get(\"status\", None)\n        if not status or status == ErrorCode.SUCCESS:\n            return\n        value = None\n        message = response.get(\"message\", \"\")\n        screen: str = response.get(\"screen\", \"\")\n        stacktrace = None\n        if isinstance(status, int):\n            value_json = response.get(\"value\", None)\n            if value_json and isinstance(value_json, str):\n                import json\n    \n                try:\n                    value = json.loads(value_json)\n                    if len(value) == 1:\n                        value = value[\"value\"]\n                    status = value.get(\"error\", None)\n                    if not status:\n                        status = value.get(\"status\", ErrorCode.UNKNOWN_ERROR)\n                        message = value.get(\"value\") or value.get(\"message\")\n                        if not isinstance(message, str):\n                            value = message\n                            message = message.get(\"message\")\n                    else:\n                        message = value.get(\"message\", None)\n                except ValueError:\n                    pass\n    \n        exception_class: Type[WebDriverException]\n        e = ErrorCode()\n        error_codes = [item for item in dir(e) if not item.startswith(\"__\")]\n        for error_code in error_codes:\n            error_info = getattr(ErrorCode, error_code)\n            if isinstance(error_info, list) and status in error_info:\n                exception_class = getattr(ExceptionMapping, error_code, WebDriverException)\n                break\n        else:\n            exception_class = WebDriverException\n    \n        if not value:\n            value = response[\"value\"]\n        if isinstance(value, str):\n            raise exception_class(value)\n        if message == \"\" and \"message\" in value:\n            message = value[\"message\"]\n    \n        screen = None  # type: ignore[assignment]\n        if \"screen\" in value:\n            screen = value[\"screen\"]\n    \n        stacktrace = None\n        st_value = value.get(\"stackTrace\") or value.get(\"stacktrace\")\n        if st_value:\n            if isinstance(st_value, str):\n                stacktrace = st_value.split(\"\\n\")\n            else:\n                stacktrace = []\n                try:\n                    for frame in st_value:\n                        line = frame.get(\"lineNumber\", \"\")\n                        file = frame.get(\"fileName\", \"<anonymous>\")\n                        if line:\n                            file = f\"{file}:{line}\"\n                        meth = frame.get(\"methodName\", \"<anonymous>\")\n                        if \"className\" in frame:\n                            meth = f\"{frame['className']}.{meth}\"\n                        msg = \"    at %s (%s)\"\n                        msg = msg % (meth, file)\n                        stacktrace.append(msg)\n                except TypeError:\n                    pass\n        if exception_class == UnexpectedAlertPresentException:\n            alert_text = None\n            if \"data\" in value:\n                alert_text = value[\"data\"].get(\"text\")\n            elif \"alert\" in value:\n                alert_text = value[\"alert\"].get(\"text\")\n            raise exception_class(message, screen, stacktrace, alert_text)  # type: ignore[call-arg]  # mypy is not smart enough here\n>       raise exception_class(message, screen, stacktrace)\nE       selenium.common.exceptions.NoSuchElementException: Message: no such element: Unable to locate element: {\"method\":\"xpath\",\"selector\":\"//*[@href='/u/vkqapro/boards']\"}\nE         (Session info: chrome=131.0.6778.86); For documentation on this error, please visit: https://www.selenium.dev/documentation/webdriver/troubleshooting/errors#no-such-element-exception\nE       Stacktrace:\nE       0   chromedriver                        0x00000001044b0e82 chromedriver + 6696578\nE       1   chromedriver                        0x00000001044a8c9a chromedriver + 6663322\nE       2   chromedriver                        0x0000000103eb0e3e chromedriver + 405054\nE       3   chromedriver                        0x0000000103f01815 chromedriver + 735253\nE       4   chromedriver                        0x0000000103f01d11 chromedriver + 736529\nE       5   chromedriver                        0x0000000103f4c314 chromedriver + 1041172\nE       6   chromedriver                        0x0000000103f2689d chromedriver + 886941\nE       7   chromedriver                        0x0000000103f493f4 chromedriver + 1029108\nE       8   chromedriver                        0x0000000103f26613 chromedriver + 886291\nE       9   chromedriver                        0x0000000103ef3950 chromedriver + 678224\nE       10  chromedriver                        0x0000000103ef434e chromedriver + 680782\nE       11  chromedriver                        0x000000010447e770 chromedriver + 6489968\nE       12  chromedriver                        0x0000000104481219 chromedriver + 6500889\nE       13  chromedriver                        0x0000000104480d3b chromedriver + 6499643\nE       14  chromedriver                        0x00000001044816a5 chromedriver + 6502053\nE       15  chromedriver                        0x0000000104469524 chromedriver + 6403364\nE       16  chromedriver                        0x000000010448198f chromedriver + 6502799\nE       17  chromedriver                        0x000000010445a954 chromedriver + 6342996\nE       18  chromedriver                        0x0000000104499378 chromedriver + 6599544\nE       19  chromedriver                        0x0000000104499535 chromedriver + 6599989\nE       20  chromedriver                        0x00000001044a8868 chromedriver + 6662248\nE       21  libsystem_pthread.dylib             0x00007ff80c2f41d3 _pthread_start + 125\nE       22  libsystem_pthread.dylib             0x00007ff80c2efbd3 thread_start + 15\n\n.venv/lib/python3.12/site-packages/selenium/webdriver/remote/errorhandler.py:232: NoSuchElementException"}, "steps": [{"name": "Navigate to the Trello login page", "status": "passed", "start": 1733191185848, "stop": 1733191186756}, {"name": "Enter valid credentials (email, password, and 6-digits verification code)", "status": "broken", "statusDetails": {"message": "selenium.common.exceptions.NoSuchElementException: Message: no such element: Unable to locate element: {\"method\":\"xpath\",\"selector\":\"//*[@href='/u/vkqapro/boards']\"}\n  (Session info: chrome=131.0.6778.86); For documentation on this error, please visit: https://www.selenium.dev/documentation/webdriver/troubleshooting/errors#no-such-element-exception\nStacktrace:\n0   chromedriver                        0x00000001044b0e82 chromedriver + 6696578\n1   chromedriver                        0x00000001044a8c9a chromedriver + 6663322\n2   chromedriver                        0x0000000103eb0e3e chromedriver + 405054\n3   chromedriver                        0x0000000103f01815 chromedriver + 735253\n4   chromedriver                        0x0000000103f01d11 chromedriver + 736529\n5   chromedriver                        0x0000000103f4c314 chromedriver + 1041172\n6   chromedriver                        0x0000000103f2689d chromedriver + 886941\n7   chromedriver                        0x0000000103f493f4 chromedriver + 1029108\n8   chromedriver                        0x0000000103f26613 chromedriver + 886291\n9   chromedriver                        0x0000000103ef3950 chromedriver + 678224\n10  chromedriver                        0x0000000103ef434e chromedriver + 680782\n11  chromedriver                        0x000000010447e770 chromedriver + 6489968\n12  chromedriver                        0x0000000104481219 chromedriver + 6500889\n13  chromedriver                        0x0000000104480d3b chromedriver + 6499643\n14  chromedriver                        0x00000001044816a5 chromedriver + 6502053\n15  chromedriver                        0x0000000104469524 chromedriver + 6403364\n16  chromedriver                        0x000000010448198f chromedriver + 6502799\n17  chromedriver                        0x000000010445a954 chromedriver + 6342996\n18  chromedriver                        0x0000000104499378 chromedriver + 6599544\n19  chromedriver                        0x0000000104499535 chromedriver + 6599989\n20  chromedriver                        0x00000001044a8868 chromedriver + 6662248\n21  libsystem_pthread.dylib             0x00007ff80c2f41d3 _pthread_start + 125\n22  libsystem_pthread.dylib             0x00007ff80c2efbd3 thread_start + 15\n\n", "trace": "  File \"/Users/vitalykamynin/projects/Trello/pythonSelenium/tests/regression_ui/test_ui_regression.py\", line 66, in test_login\n    with allure.step('Verifying that the user is redirected to their dashboard'):\n            ^^^^^^^^^^^^^^^^^^^^^^^^^^^^^^^^^^^^^^^^^^^^^^^^^^^^^^^^^^^^^^^^^^\n  File \"/Users/vitalykamynin/projects/Trello/pythonSelenium/.venv/lib/python3.12/site-packages/selenium/webdriver/remote/webdriver.py\", line 770, in find_element\n    return self.execute(Command.FIND_ELEMENT, {\"using\": by, \"value\": value})[\"value\"]\n           ^^^^^^^^^^^^^^^^^^^^^^^^^^^^^^^^^^^^^^^^^^^^^^^^^^^^^^^^^^^^^^^^^\n  File \"/Users/vitalykamynin/projects/Trello/pythonSelenium/.venv/lib/python3.12/site-packages/selenium/webdriver/remote/webdriver.py\", line 384, in execute\n    self.error_handler.check_response(response)\n  File \"/Users/vitalykamynin/projects/Trello/pythonSelenium/.venv/lib/python3.12/site-packages/selenium/webdriver/remote/errorhandler.py\", line 232, in check_response\n    raise exception_class(message, screen, stacktrace)\n"}, "start": 1733191186756, "stop": 1733191260574}], "attachments": [{"name": "log", "source": "78162bbb-d55b-415c-8b1b-ab3194afd983-attachment.txt", "type": "text/plain"}], "start": 1733191185848, "stop": 1733191260590, "uuid": "ba9b9b98-2dce-4dbb-ad9c-6e0275fed335", "historyId": "40148fdc4e6f84528498feb65b445c77", "testCaseId": "40148fdc4e6f84528498feb65b445c77", "fullName": "tests.regression_ui.test_ui_regression.TestUIRegression#test_login", "labels": [{"name": "tag", "value": "TC001"}, {"name": "parentSuite", "value": "tests.regression_ui"}, {"name": "suite", "value": "test_ui_regression"}, {"name": "subSuite", "value": "TestUIRegression"}, {"name": "host", "value": "Vitalys-MacBook-Pro.local"}, {"name": "thread", "value": "15021-MainThread"}, {"name": "framework", "value": "pytest"}, {"name": "language", "value": "cpython3"}, {"name": "package", "value": "tests.regression_ui.test_ui_regression"}]}