{"uid":"108e536ccf6f0e98","name":"Label a Card","fullName":"tests.regression_ui.test_ui_regression.TestUIRegression#test_label_card","historyId":"81bf587fe9f2db9e87ee2dc06e7308b0","time":{"start":1742386698616,"stop":1742386713242,"duration":14626},"status":"broken","statusMessage":"selenium.common.exceptions.TimeoutException: Message: \nStacktrace:\n#0 0x5598b369d46a <unknown>\n#1 0x5598b3156ed0 <unknown>\n#2 0x5598b31a8935 <unknown>\n#3 0x5598b31a8b61 <unknown>\n#4 0x5598b31f79d4 <unknown>\n#5 0x5598b31ce88d <unknown>\n#6 0x5598b31f4ceb <unknown>\n#7 0x5598b31ce633 <unknown>\n#8 0x5598b319a1be <unknown>\n#9 0x5598b319b981 <unknown>\n#10 0x5598b366386b <unknown>\n#11 0x5598b366773c <unknown>\n#12 0x5598b364af12 <unknown>\n#13 0x5598b36682b4 <unknown>\n#14 0x5598b362f0af <unknown>\n#15 0x5598b368bad8 <unknown>\n#16 0x5598b368bcb6 <unknown>\n#17 0x5598b369c2e6 <unknown>\n#18 0x7fd0b789caa4 <unknown>\n#19 0x7fd0b7929c3c <unknown>","statusTrace":"self = <tests.regression_ui.test_ui_regression.TestUIRegression object at 0x7f4c424a69f0>\ndriver = <selenium.webdriver.chrome.webdriver.WebDriver (session=\"1c1d8cd5f1da7ea9acbf0fb27b1d6667\")>\n\n    @pytest.mark.TC000\n    @pytest.mark.TC007\n    @allure.title('Label a Card')\n    def test_label_card(self, driver):\n        time.sleep(4)\n        with allure.step('Log in to Trello account'):\n>           self.test_login(driver)\n\ntests/regression_ui/test_ui_regression.py:223: \n_ _ _ _ _ _ _ _ _ _ _ _ _ _ _ _ _ _ _ _ _ _ _ _ _ _ _ _ _ _ _ _ _ _ _ _ _ _ _ _ \ntests/regression_ui/test_ui_regression.py:62: in test_login\n    el_user_name = WebDriverWait(driver, 10).until(EC.element_to_be_clickable(\n_ _ _ _ _ _ _ _ _ _ _ _ _ _ _ _ _ _ _ _ _ _ _ _ _ _ _ _ _ _ _ _ _ _ _ _ _ _ _ _ \n\nself = <selenium.webdriver.support.wait.WebDriverWait (session=\"1c1d8cd5f1da7ea9acbf0fb27b1d6667\")>\nmethod = <function element_to_be_clickable.<locals>._predicate at 0x7f4c423c2ac0>\nmessage = ''\n\n    def until(self, method: Callable[[D], Union[Literal[False], T]], message: str = \"\") -> T:\n        \"\"\"Calls the method provided with the driver as an argument until the \\\n        return value does not evaluate to ``False``.\n    \n        :param method: callable(WebDriver)\n        :param message: optional message for :exc:`TimeoutException`\n        :returns: the result of the last call to `method`\n        :raises: :exc:`selenium.common.exceptions.TimeoutException` if timeout occurs\n        \"\"\"\n        screen = None\n        stacktrace = None\n    \n        end_time = time.monotonic() + self._timeout\n        while True:\n            try:\n                value = method(self._driver)\n                if value:\n                    return value\n            except self._ignored_exceptions as exc:\n                screen = getattr(exc, \"screen\", None)\n                stacktrace = getattr(exc, \"stacktrace\", None)\n            if time.monotonic() > end_time:\n                break\n            time.sleep(self._poll)\n>       raise TimeoutException(message, screen, stacktrace)\nE       selenium.common.exceptions.TimeoutException: Message: \nE       Stacktrace:\nE       #0 0x5598b369d46a <unknown>\nE       #1 0x5598b3156ed0 <unknown>\nE       #2 0x5598b31a8935 <unknown>\nE       #3 0x5598b31a8b61 <unknown>\nE       #4 0x5598b31f79d4 <unknown>\nE       #5 0x5598b31ce88d <unknown>\nE       #6 0x5598b31f4ceb <unknown>\nE       #7 0x5598b31ce633 <unknown>\nE       #8 0x5598b319a1be <unknown>\nE       #9 0x5598b319b981 <unknown>\nE       #10 0x5598b366386b <unknown>\nE       #11 0x5598b366773c <unknown>\nE       #12 0x5598b364af12 <unknown>\nE       #13 0x5598b36682b4 <unknown>\nE       #14 0x5598b362f0af <unknown>\nE       #15 0x5598b368bad8 <unknown>\nE       #16 0x5598b368bcb6 <unknown>\nE       #17 0x5598b369c2e6 <unknown>\nE       #18 0x7fd0b789caa4 <unknown>\nE       #19 0x7fd0b7929c3c <unknown>\n\n/opt/hostedtoolcache/Python/3.12.5/x64/lib/python3.12/site-packages/selenium/webdriver/support/wait.py:105: TimeoutException","flaky":false,"newFailed":false,"newBroken":true,"newPassed":false,"retriesCount":0,"retriesStatusChange":false,"beforeStages":[{"name":"driver","time":{"start":1742386698306,"stop":1742386698615,"duration":309},"status":"passed","steps":[],"attachments":[],"parameters":[],"shouldDisplayMessage":false,"stepsCount":0,"attachmentsCount":0,"hasContent":false,"attachmentStep":false},{"name":"setup","time":{"start":1742386698615,"stop":1742386698615,"duration":0},"status":"passed","steps":[],"attachments":[],"parameters":[],"shouldDisplayMessage":false,"stepsCount":0,"attachmentsCount":0,"hasContent":false,"attachmentStep":false}],"testStage":{"status":"broken","statusMessage":"selenium.common.exceptions.TimeoutException: Message: \nStacktrace:\n#0 0x5598b369d46a <unknown>\n#1 0x5598b3156ed0 <unknown>\n#2 0x5598b31a8935 <unknown>\n#3 0x5598b31a8b61 <unknown>\n#4 0x5598b31f79d4 <unknown>\n#5 0x5598b31ce88d <unknown>\n#6 0x5598b31f4ceb <unknown>\n#7 0x5598b31ce633 <unknown>\n#8 0x5598b319a1be <unknown>\n#9 0x5598b319b981 <unknown>\n#10 0x5598b366386b <unknown>\n#11 0x5598b366773c <unknown>\n#12 0x5598b364af12 <unknown>\n#13 0x5598b36682b4 <unknown>\n#14 0x5598b362f0af <unknown>\n#15 0x5598b368bad8 <unknown>\n#16 0x5598b368bcb6 <unknown>\n#17 0x5598b369c2e6 <unknown>\n#18 0x7fd0b789caa4 <unknown>\n#19 0x7fd0b7929c3c <unknown>","statusTrace":"self = <tests.regression_ui.test_ui_regression.TestUIRegression object at 0x7f4c424a69f0>\ndriver = <selenium.webdriver.chrome.webdriver.WebDriver (session=\"1c1d8cd5f1da7ea9acbf0fb27b1d6667\")>\n\n    @pytest.mark.TC000\n    @pytest.mark.TC007\n    @allure.title('Label a Card')\n    def test_label_card(self, driver):\n        time.sleep(4)\n        with allure.step('Log in to Trello account'):\n>           self.test_login(driver)\n\ntests/regression_ui/test_ui_regression.py:223: \n_ _ _ _ _ _ _ _ _ _ _ _ _ _ _ _ _ _ _ _ _ _ _ _ _ _ _ _ _ _ _ _ _ _ _ _ _ _ _ _ \ntests/regression_ui/test_ui_regression.py:62: in test_login\n    el_user_name = WebDriverWait(driver, 10).until(EC.element_to_be_clickable(\n_ _ _ _ _ _ _ _ _ _ _ _ _ _ _ _ _ _ _ _ _ _ _ _ _ _ _ _ _ _ _ _ _ _ _ _ _ _ _ _ \n\nself = <selenium.webdriver.support.wait.WebDriverWait (session=\"1c1d8cd5f1da7ea9acbf0fb27b1d6667\")>\nmethod = <function element_to_be_clickable.<locals>._predicate at 0x7f4c423c2ac0>\nmessage = ''\n\n    def until(self, method: Callable[[D], Union[Literal[False], T]], message: str = \"\") -> T:\n        \"\"\"Calls the method provided with the driver as an argument until the \\\n        return value does not evaluate to ``False``.\n    \n        :param method: callable(WebDriver)\n        :param message: optional message for :exc:`TimeoutException`\n        :returns: the result of the last call to `method`\n        :raises: :exc:`selenium.common.exceptions.TimeoutException` if timeout occurs\n        \"\"\"\n        screen = None\n        stacktrace = None\n    \n        end_time = time.monotonic() + self._timeout\n        while True:\n            try:\n                value = method(self._driver)\n                if value:\n                    return value\n            except self._ignored_exceptions as exc:\n                screen = getattr(exc, \"screen\", None)\n                stacktrace = getattr(exc, \"stacktrace\", None)\n            if time.monotonic() > end_time:\n                break\n            time.sleep(self._poll)\n>       raise TimeoutException(message, screen, stacktrace)\nE       selenium.common.exceptions.TimeoutException: Message: \nE       Stacktrace:\nE       #0 0x5598b369d46a <unknown>\nE       #1 0x5598b3156ed0 <unknown>\nE       #2 0x5598b31a8935 <unknown>\nE       #3 0x5598b31a8b61 <unknown>\nE       #4 0x5598b31f79d4 <unknown>\nE       #5 0x5598b31ce88d <unknown>\nE       #6 0x5598b31f4ceb <unknown>\nE       #7 0x5598b31ce633 <unknown>\nE       #8 0x5598b319a1be <unknown>\nE       #9 0x5598b319b981 <unknown>\nE       #10 0x5598b366386b <unknown>\nE       #11 0x5598b366773c <unknown>\nE       #12 0x5598b364af12 <unknown>\nE       #13 0x5598b36682b4 <unknown>\nE       #14 0x5598b362f0af <unknown>\nE       #15 0x5598b368bad8 <unknown>\nE       #16 0x5598b368bcb6 <unknown>\nE       #17 0x5598b369c2e6 <unknown>\nE       #18 0x7fd0b789caa4 <unknown>\nE       #19 0x7fd0b7929c3c <unknown>\n\n/opt/hostedtoolcache/Python/3.12.5/x64/lib/python3.12/site-packages/selenium/webdriver/support/wait.py:105: TimeoutException","steps":[{"name":"Log in to Trello account","time":{"start":1742386702616,"stop":1742386713242,"duration":10626},"status":"broken","statusMessage":"selenium.common.exceptions.TimeoutException: Message: \nStacktrace:\n#0 0x5598b369d46a <unknown>\n#1 0x5598b3156ed0 <unknown>\n#2 0x5598b31a8935 <unknown>\n#3 0x5598b31a8b61 <unknown>\n#4 0x5598b31f79d4 <unknown>\n#5 0x5598b31ce88d <unknown>\n#6 0x5598b31f4ceb <unknown>\n#7 0x5598b31ce633 <unknown>\n#8 0x5598b319a1be <unknown>\n#9 0x5598b319b981 <unknown>\n#10 0x5598b366386b <unknown>\n#11 0x5598b366773c <unknown>\n#12 0x5598b364af12 <unknown>\n#13 0x5598b36682b4 <unknown>\n#14 0x5598b362f0af <unknown>\n#15 0x5598b368bad8 <unknown>\n#16 0x5598b368bcb6 <unknown>\n#17 0x5598b369c2e6 <unknown>\n#18 0x7fd0b789caa4 <unknown>\n#19 0x7fd0b7929c3c <unknown>\n\n","statusTrace":"  File \"/home/runner/work/pythonSelenium/pythonSelenium/tests/regression_ui/test_ui_regression.py\", line 223, in test_label_card\n    self.test_login(driver)\n  File \"/home/runner/work/pythonSelenium/pythonSelenium/tests/regression_ui/test_ui_regression.py\", line 62, in test_login\n    el_user_name = WebDriverWait(driver, 10).until(EC.element_to_be_clickable(\n                   ^^^^^^^^^^^^^^^^^^^^^^^^^^^^^^^^^^^^^^^^^^^^^^^^^^^^^^^^^^^\n  File \"/opt/hostedtoolcache/Python/3.12.5/x64/lib/python3.12/site-packages/selenium/webdriver/support/wait.py\", line 105, in until\n    raise TimeoutException(message, screen, stacktrace)\n","steps":[{"name":"Navigate to the Trello page and enter valid credentials (email, password, and 6-digits verification code)","time":{"start":1742386702616,"stop":1742386713242,"duration":10626},"status":"broken","statusMessage":"selenium.common.exceptions.TimeoutException: Message: \nStacktrace:\n#0 0x5598b369d46a <unknown>\n#1 0x5598b3156ed0 <unknown>\n#2 0x5598b31a8935 <unknown>\n#3 0x5598b31a8b61 <unknown>\n#4 0x5598b31f79d4 <unknown>\n#5 0x5598b31ce88d <unknown>\n#6 0x5598b31f4ceb <unknown>\n#7 0x5598b31ce633 <unknown>\n#8 0x5598b319a1be <unknown>\n#9 0x5598b319b981 <unknown>\n#10 0x5598b366386b <unknown>\n#11 0x5598b366773c <unknown>\n#12 0x5598b364af12 <unknown>\n#13 0x5598b36682b4 <unknown>\n#14 0x5598b362f0af <unknown>\n#15 0x5598b368bad8 <unknown>\n#16 0x5598b368bcb6 <unknown>\n#17 0x5598b369c2e6 <unknown>\n#18 0x7fd0b789caa4 <unknown>\n#19 0x7fd0b7929c3c <unknown>\n\n","statusTrace":"  File \"/home/runner/work/pythonSelenium/pythonSelenium/tests/regression_ui/test_ui_regression.py\", line 62, in test_login\n    el_user_name = WebDriverWait(driver, 10).until(EC.element_to_be_clickable(\n                   ^^^^^^^^^^^^^^^^^^^^^^^^^^^^^^^^^^^^^^^^^^^^^^^^^^^^^^^^^^^\n  File \"/opt/hostedtoolcache/Python/3.12.5/x64/lib/python3.12/site-packages/selenium/webdriver/support/wait.py\", line 105, in until\n    raise TimeoutException(message, screen, stacktrace)\n","steps":[],"attachments":[],"parameters":[],"shouldDisplayMessage":true,"stepsCount":0,"attachmentsCount":0,"hasContent":true,"attachmentStep":false}],"attachments":[],"parameters":[],"shouldDisplayMessage":false,"stepsCount":1,"attachmentsCount":0,"hasContent":true,"attachmentStep":false}],"attachments":[],"parameters":[],"shouldDisplayMessage":true,"stepsCount":2,"attachmentsCount":0,"hasContent":true,"attachmentStep":false},"afterStages":[{"name":"driver::0","time":{"start":1742386713256,"stop":1742386713325,"duration":69},"status":"passed","steps":[],"attachments":[],"parameters":[],"shouldDisplayMessage":false,"stepsCount":0,"attachmentsCount":0,"hasContent":false,"attachmentStep":false}],"labels":[{"name":"tag","value":"TC007"},{"name":"tag","value":"TC000"},{"name":"parentSuite","value":"tests.regression_ui"},{"name":"suite","value":"test_ui_regression"},{"name":"subSuite","value":"TestUIRegression"},{"name":"host","value":"fv-az1267-279"},{"name":"thread","value":"4131-MainThread"},{"name":"framework","value":"pytest"},{"name":"language","value":"cpython3"},{"name":"package","value":"tests.regression_ui.test_ui_regression"},{"name":"resultFormat","value":"allure2"}],"parameters":[],"links":[],"hidden":false,"retry":false,"extra":{"severity":"normal","retries":[],"categories":[{"name":"Test defects","matchedStatuses":[]}],"history":{"statistic":{"failed":0,"broken":26,"skipped":0,"passed":515,"unknown":0,"total":541},"items":[{"uid":"f64be6d74d23f657","status":"passed","time":{"start":1742375575755,"stop":1742375598973,"duration":23218}},{"uid":"e11087d2c3150644","status":"passed","time":{"start":1742365012780,"stop":1742365040269,"duration":27489}},{"uid":"24a34d5e1608a427","status":"broken","statusDetails":"selenium.common.exceptions.NoSuchElementException: Message: no such element: Unable to locate element: {\"method\":\"xpath\",\"selector\":\"//*[contains(text(), 'new_card')]\"}\n  (Session info: chrome=134.0.6998.88); For documentation on this error, please visit: https://www.selenium.dev/documentation/webdriver/troubleshooting/errors#no-such-element-exception\nStacktrace:\n#0 0x560c157c246a <unknown>\n#1 0x560c1527bed0 <unknown>\n#2 0x560c152cd935 <unknown>\n#3 0x560c152cdb61 <unknown>\n#4 0x560c1531c9d4 <unknown>\n#5 0x560c152f388d <unknown>\n#6 0x560c15319ceb <unknown>\n#7 0x560c152f3633 <unknown>\n#8 0x560c152bf1be <unknown>\n#9 0x560c152c0981 <unknown>\n#10 0x560c1578886b <unknown>\n#11 0x560c1578c73c <unknown>\n#12 0x560c1576ff12 <unknown>\n#13 0x560c1578d2b4 <unknown>\n#14 0x560c157540af <unknown>\n#15 0x560c157b0ad8 <unknown>\n#16 0x560c157b0cb6 <unknown>\n#17 0x560c157c12e6 <unknown>\n#18 0x7f7bff09caa4 <unknown>\n#19 0x7f7bff129c3c <unknown>","time":{"start":1742354746863,"stop":1742354778495,"duration":31632}},{"uid":"378288dc9142ad47","status":"broken","statusDetails":"selenium.common.exceptions.NoSuchElementException: Message: no such element: Unable to locate element: {\"method\":\"xpath\",\"selector\":\"//*[contains(text(), 'new_card')]\"}\n  (Session info: chrome=134.0.6998.88); For documentation on this error, please visit: https://www.selenium.dev/documentation/webdriver/troubleshooting/errors#no-such-element-exception\nStacktrace:\n#0 0x563872efa46a <unknown>\n#1 0x5638729b3ed0 <unknown>\n#2 0x563872a05935 <unknown>\n#3 0x563872a05b61 <unknown>\n#4 0x563872a549d4 <unknown>\n#5 0x563872a2b88d <unknown>\n#6 0x563872a51ceb <unknown>\n#7 0x563872a2b633 <unknown>\n#8 0x5638729f71be <unknown>\n#9 0x5638729f8981 <unknown>\n#10 0x563872ec086b <unknown>\n#11 0x563872ec473c <unknown>\n#12 0x563872ea7f12 <unknown>\n#13 0x563872ec52b4 <unknown>\n#14 0x563872e8c0af <unknown>\n#15 0x563872ee8ad8 <unknown>\n#16 0x563872ee8cb6 <unknown>\n#17 0x563872ef92e6 <unknown>\n#18 0x7f809729caa4 <unknown>\n#19 0x7f8097329c3c <unknown>","time":{"start":1742345226204,"stop":1742345247014,"duration":20810}},{"uid":"16e19775ef2c1e36","status":"passed","time":{"start":1742332315825,"stop":1742332340169,"duration":24344}},{"uid":"85e74c6c571d4774","status":"passed","time":{"start":1742321714420,"stop":1742321748984,"duration":34564}},{"uid":"afcb9023eecdabec","status":"passed","time":{"start":1742310762413,"stop":1742310795513,"duration":33100}},{"uid":"452565b59d08eb61","status":"passed","time":{"start":1742300418133,"stop":1742300446338,"duration":28205}},{"uid":"5a79832ac067146b","status":"broken","statusDetails":"selenium.common.exceptions.NoSuchElementException: Message: no such element: Unable to locate element: {\"method\":\"xpath\",\"selector\":\"//*[contains(text(), 'new_card')]\"}\n  (Session info: chrome=134.0.6998.88); For documentation on this error, please visit: https://www.selenium.dev/documentation/webdriver/troubleshooting/errors#no-such-element-exception\nStacktrace:\n#0 0x5592b7e8646a <unknown>\n#1 0x5592b793fed0 <unknown>\n#2 0x5592b7991935 <unknown>\n#3 0x5592b7991b61 <unknown>\n#4 0x5592b79e09d4 <unknown>\n#5 0x5592b79b788d <unknown>\n#6 0x5592b79ddceb <unknown>\n#7 0x5592b79b7633 <unknown>\n#8 0x5592b79831be <unknown>\n#9 0x5592b7984981 <unknown>\n#10 0x5592b7e4c86b <unknown>\n#11 0x5592b7e5073c <unknown>\n#12 0x5592b7e33f12 <unknown>\n#13 0x5592b7e512b4 <unknown>\n#14 0x5592b7e180af <unknown>\n#15 0x5592b7e74ad8 <unknown>\n#16 0x5592b7e74cb6 <unknown>\n#17 0x5592b7e852e6 <unknown>\n#18 0x7f6cf729caa4 <unknown>\n#19 0x7f6cf7329c3c <unknown>","time":{"start":1742289256522,"stop":1742289277227,"duration":20705}},{"uid":"3e01d966f2453bd","status":"passed","time":{"start":1742278552248,"stop":1742278579660,"duration":27412}},{"uid":"404f4d7d7ea7e788","status":"passed","time":{"start":1742268348120,"stop":1742268375577,"duration":27457}},{"uid":"2c257a74dbb3d653","status":"passed","time":{"start":1742258685857,"stop":1742258720346,"duration":34489}},{"uid":"e75302c5207d455c","status":"passed","time":{"start":1742245876439,"stop":1742245910138,"duration":33699}},{"uid":"60ec986722d23361","status":"passed","time":{"start":1742235313655,"stop":1742235346992,"duration":33337}},{"uid":"6eb06ba37d1cea2d","status":"passed","time":{"start":1742224333910,"stop":1742224367072,"duration":33162}},{"uid":"59d4ccd698ecf688","status":"passed","time":{"start":1742214196819,"stop":1742214226068,"duration":29249}},{"uid":"15e189beadf60797","status":"passed","time":{"start":1742202823469,"stop":1742202857190,"duration":33721}},{"uid":"3978fedd8c62a455","status":"passed","time":{"start":1742192174226,"stop":1742192207460,"duration":33234}},{"uid":"84a8e8dbd744e454","status":"broken","statusDetails":"selenium.common.exceptions.TimeoutException: Message: \nStacktrace:\n#0 0x55c13193946a <unknown>\n#1 0x55c1313f2ed0 <unknown>\n#2 0x55c131444935 <unknown>\n#3 0x55c131444b61 <unknown>\n#4 0x55c1314939d4 <unknown>\n#5 0x55c13146a88d <unknown>\n#6 0x55c131490ceb <unknown>\n#7 0x55c13146a633 <unknown>\n#8 0x55c1314361be <unknown>\n#9 0x55c131437981 <unknown>\n#10 0x55c1318ff86b <unknown>\n#11 0x55c13190373c <unknown>\n#12 0x55c1318e6f12 <unknown>\n#13 0x55c1319042b4 <unknown>\n#14 0x55c1318cb0af <unknown>\n#15 0x55c131927ad8 <unknown>\n#16 0x55c131927cb6 <unknown>\n#17 0x55c1319382e6 <unknown>\n#18 0x7fea4609caa4 <unknown>\n#19 0x7fea46129c3c <unknown>","time":{"start":1742181939012,"stop":1742181953656,"duration":14644}},{"uid":"322a9950896469c7","status":"passed","time":{"start":1742172465798,"stop":1742172499086,"duration":33288}}]},"tags":["TC007","TC000"]},"source":"108e536ccf6f0e98.json","parameterValues":[]}