{"uid":"10b2cc4f0e40a1ff","name":"Card Creation","fullName":"tests.regression_ui.test_ui_regression.TestUIRegression#test_card_creation","historyId":"37b04428e9c82a14933f1043cf15ed79","time":{"start":1742753500745,"stop":1742753521449,"duration":20704},"status":"broken","statusMessage":"selenium.common.exceptions.TimeoutException: Message: \nStacktrace:\n#0 0x558c92d50a1a <unknown>\n#1 0x558c92808390 <unknown>\n#2 0x558c92859c85 <unknown>\n#3 0x558c92859eb1 <unknown>\n#4 0x558c928a8d64 <unknown>\n#5 0x558c9287fbfd <unknown>\n#6 0x558c928a607b <unknown>\n#7 0x558c9287f9a3 <unknown>\n#8 0x558c9284b60e <unknown>\n#9 0x558c9284cdd1 <unknown>\n#10 0x558c92d16ddb <unknown>\n#11 0x558c92d1acbc <unknown>\n#12 0x558c92cfe392 <unknown>\n#13 0x558c92d1b834 <unknown>\n#14 0x558c92ce21ef <unknown>\n#15 0x558c92d3f038 <unknown>\n#16 0x558c92d3f216 <unknown>\n#17 0x558c92d4f896 <unknown>\n#18 0x7f1ce129caa4 <unknown>\n#19 0x7f1ce1329c3c <unknown>","statusTrace":"self = <tests.regression_ui.test_ui_regression.TestUIRegression object at 0x7f9211cb2330>\ndriver = <selenium.webdriver.chrome.webdriver.WebDriver (session=\"f3c825bec30ca8f66256af78bcd3c631\")>\n\n    @pytest.mark.TC000\n    @pytest.mark.TC004\n    @allure.title('Card Creation')\n    def test_card_creation(self, driver):\n        time.sleep(10)\n        with allure.step('Log in to Trello account.'):\n>           self.test_login(driver)\n\ntests/regression_ui/test_ui_regression.py:145: \n_ _ _ _ _ _ _ _ _ _ _ _ _ _ _ _ _ _ _ _ _ _ _ _ _ _ _ _ _ _ _ _ _ _ _ _ _ _ _ _ \ntests/regression_ui/test_ui_regression.py:62: in test_login\n    el_user_name = WebDriverWait(driver, 10).until(EC.element_to_be_clickable(\n_ _ _ _ _ _ _ _ _ _ _ _ _ _ _ _ _ _ _ _ _ _ _ _ _ _ _ _ _ _ _ _ _ _ _ _ _ _ _ _ \n\nself = <selenium.webdriver.support.wait.WebDriverWait (session=\"f3c825bec30ca8f66256af78bcd3c631\")>\nmethod = <function element_to_be_clickable.<locals>._predicate at 0x7f9211bca7a0>\nmessage = ''\n\n    def until(self, method: Callable[[D], Union[Literal[False], T]], message: str = \"\") -> T:\n        \"\"\"Calls the method provided with the driver as an argument until the \\\n        return value does not evaluate to ``False``.\n    \n        :param method: callable(WebDriver)\n        :param message: optional message for :exc:`TimeoutException`\n        :returns: the result of the last call to `method`\n        :raises: :exc:`selenium.common.exceptions.TimeoutException` if timeout occurs\n        \"\"\"\n        screen = None\n        stacktrace = None\n    \n        end_time = time.monotonic() + self._timeout\n        while True:\n            try:\n                value = method(self._driver)\n                if value:\n                    return value\n            except self._ignored_exceptions as exc:\n                screen = getattr(exc, \"screen\", None)\n                stacktrace = getattr(exc, \"stacktrace\", None)\n            if time.monotonic() > end_time:\n                break\n            time.sleep(self._poll)\n>       raise TimeoutException(message, screen, stacktrace)\nE       selenium.common.exceptions.TimeoutException: Message: \nE       Stacktrace:\nE       #0 0x558c92d50a1a <unknown>\nE       #1 0x558c92808390 <unknown>\nE       #2 0x558c92859c85 <unknown>\nE       #3 0x558c92859eb1 <unknown>\nE       #4 0x558c928a8d64 <unknown>\nE       #5 0x558c9287fbfd <unknown>\nE       #6 0x558c928a607b <unknown>\nE       #7 0x558c9287f9a3 <unknown>\nE       #8 0x558c9284b60e <unknown>\nE       #9 0x558c9284cdd1 <unknown>\nE       #10 0x558c92d16ddb <unknown>\nE       #11 0x558c92d1acbc <unknown>\nE       #12 0x558c92cfe392 <unknown>\nE       #13 0x558c92d1b834 <unknown>\nE       #14 0x558c92ce21ef <unknown>\nE       #15 0x558c92d3f038 <unknown>\nE       #16 0x558c92d3f216 <unknown>\nE       #17 0x558c92d4f896 <unknown>\nE       #18 0x7f1ce129caa4 <unknown>\nE       #19 0x7f1ce1329c3c <unknown>\n\n/opt/hostedtoolcache/Python/3.12.5/x64/lib/python3.12/site-packages/selenium/webdriver/support/wait.py:105: TimeoutException","flaky":false,"newFailed":false,"newBroken":true,"newPassed":false,"retriesCount":0,"retriesStatusChange":false,"beforeStages":[{"name":"driver","time":{"start":1742753500429,"stop":1742753500745,"duration":316},"status":"passed","steps":[],"attachments":[],"parameters":[],"shouldDisplayMessage":false,"stepsCount":0,"attachmentsCount":0,"hasContent":false,"attachmentStep":false},{"name":"setup","time":{"start":1742753500745,"stop":1742753500745,"duration":0},"status":"passed","steps":[],"attachments":[],"parameters":[],"shouldDisplayMessage":false,"stepsCount":0,"attachmentsCount":0,"hasContent":false,"attachmentStep":false}],"testStage":{"status":"broken","statusMessage":"selenium.common.exceptions.TimeoutException: Message: \nStacktrace:\n#0 0x558c92d50a1a <unknown>\n#1 0x558c92808390 <unknown>\n#2 0x558c92859c85 <unknown>\n#3 0x558c92859eb1 <unknown>\n#4 0x558c928a8d64 <unknown>\n#5 0x558c9287fbfd <unknown>\n#6 0x558c928a607b <unknown>\n#7 0x558c9287f9a3 <unknown>\n#8 0x558c9284b60e <unknown>\n#9 0x558c9284cdd1 <unknown>\n#10 0x558c92d16ddb <unknown>\n#11 0x558c92d1acbc <unknown>\n#12 0x558c92cfe392 <unknown>\n#13 0x558c92d1b834 <unknown>\n#14 0x558c92ce21ef <unknown>\n#15 0x558c92d3f038 <unknown>\n#16 0x558c92d3f216 <unknown>\n#17 0x558c92d4f896 <unknown>\n#18 0x7f1ce129caa4 <unknown>\n#19 0x7f1ce1329c3c <unknown>","statusTrace":"self = <tests.regression_ui.test_ui_regression.TestUIRegression object at 0x7f9211cb2330>\ndriver = <selenium.webdriver.chrome.webdriver.WebDriver (session=\"f3c825bec30ca8f66256af78bcd3c631\")>\n\n    @pytest.mark.TC000\n    @pytest.mark.TC004\n    @allure.title('Card Creation')\n    def test_card_creation(self, driver):\n        time.sleep(10)\n        with allure.step('Log in to Trello account.'):\n>           self.test_login(driver)\n\ntests/regression_ui/test_ui_regression.py:145: \n_ _ _ _ _ _ _ _ _ _ _ _ _ _ _ _ _ _ _ _ _ _ _ _ _ _ _ _ _ _ _ _ _ _ _ _ _ _ _ _ \ntests/regression_ui/test_ui_regression.py:62: in test_login\n    el_user_name = WebDriverWait(driver, 10).until(EC.element_to_be_clickable(\n_ _ _ _ _ _ _ _ _ _ _ _ _ _ _ _ _ _ _ _ _ _ _ _ _ _ _ _ _ _ _ _ _ _ _ _ _ _ _ _ \n\nself = <selenium.webdriver.support.wait.WebDriverWait (session=\"f3c825bec30ca8f66256af78bcd3c631\")>\nmethod = <function element_to_be_clickable.<locals>._predicate at 0x7f9211bca7a0>\nmessage = ''\n\n    def until(self, method: Callable[[D], Union[Literal[False], T]], message: str = \"\") -> T:\n        \"\"\"Calls the method provided with the driver as an argument until the \\\n        return value does not evaluate to ``False``.\n    \n        :param method: callable(WebDriver)\n        :param message: optional message for :exc:`TimeoutException`\n        :returns: the result of the last call to `method`\n        :raises: :exc:`selenium.common.exceptions.TimeoutException` if timeout occurs\n        \"\"\"\n        screen = None\n        stacktrace = None\n    \n        end_time = time.monotonic() + self._timeout\n        while True:\n            try:\n                value = method(self._driver)\n                if value:\n                    return value\n            except self._ignored_exceptions as exc:\n                screen = getattr(exc, \"screen\", None)\n                stacktrace = getattr(exc, \"stacktrace\", None)\n            if time.monotonic() > end_time:\n                break\n            time.sleep(self._poll)\n>       raise TimeoutException(message, screen, stacktrace)\nE       selenium.common.exceptions.TimeoutException: Message: \nE       Stacktrace:\nE       #0 0x558c92d50a1a <unknown>\nE       #1 0x558c92808390 <unknown>\nE       #2 0x558c92859c85 <unknown>\nE       #3 0x558c92859eb1 <unknown>\nE       #4 0x558c928a8d64 <unknown>\nE       #5 0x558c9287fbfd <unknown>\nE       #6 0x558c928a607b <unknown>\nE       #7 0x558c9287f9a3 <unknown>\nE       #8 0x558c9284b60e <unknown>\nE       #9 0x558c9284cdd1 <unknown>\nE       #10 0x558c92d16ddb <unknown>\nE       #11 0x558c92d1acbc <unknown>\nE       #12 0x558c92cfe392 <unknown>\nE       #13 0x558c92d1b834 <unknown>\nE       #14 0x558c92ce21ef <unknown>\nE       #15 0x558c92d3f038 <unknown>\nE       #16 0x558c92d3f216 <unknown>\nE       #17 0x558c92d4f896 <unknown>\nE       #18 0x7f1ce129caa4 <unknown>\nE       #19 0x7f1ce1329c3c <unknown>\n\n/opt/hostedtoolcache/Python/3.12.5/x64/lib/python3.12/site-packages/selenium/webdriver/support/wait.py:105: TimeoutException","steps":[{"name":"Log in to Trello account.","time":{"start":1742753510746,"stop":1742753521449,"duration":10703},"status":"broken","statusMessage":"selenium.common.exceptions.TimeoutException: Message: \nStacktrace:\n#0 0x558c92d50a1a <unknown>\n#1 0x558c92808390 <unknown>\n#2 0x558c92859c85 <unknown>\n#3 0x558c92859eb1 <unknown>\n#4 0x558c928a8d64 <unknown>\n#5 0x558c9287fbfd <unknown>\n#6 0x558c928a607b <unknown>\n#7 0x558c9287f9a3 <unknown>\n#8 0x558c9284b60e <unknown>\n#9 0x558c9284cdd1 <unknown>\n#10 0x558c92d16ddb <unknown>\n#11 0x558c92d1acbc <unknown>\n#12 0x558c92cfe392 <unknown>\n#13 0x558c92d1b834 <unknown>\n#14 0x558c92ce21ef <unknown>\n#15 0x558c92d3f038 <unknown>\n#16 0x558c92d3f216 <unknown>\n#17 0x558c92d4f896 <unknown>\n#18 0x7f1ce129caa4 <unknown>\n#19 0x7f1ce1329c3c <unknown>\n\n","statusTrace":"  File \"/home/runner/work/pythonSelenium/pythonSelenium/tests/regression_ui/test_ui_regression.py\", line 145, in test_card_creation\n    self.test_login(driver)\n  File \"/home/runner/work/pythonSelenium/pythonSelenium/tests/regression_ui/test_ui_regression.py\", line 62, in test_login\n    el_user_name = WebDriverWait(driver, 10).until(EC.element_to_be_clickable(\n                   ^^^^^^^^^^^^^^^^^^^^^^^^^^^^^^^^^^^^^^^^^^^^^^^^^^^^^^^^^^^\n  File \"/opt/hostedtoolcache/Python/3.12.5/x64/lib/python3.12/site-packages/selenium/webdriver/support/wait.py\", line 105, in until\n    raise TimeoutException(message, screen, stacktrace)\n","steps":[{"name":"Navigate to the Trello page and enter valid credentials (email, password, and 6-digits verification code)","time":{"start":1742753510746,"stop":1742753521449,"duration":10703},"status":"broken","statusMessage":"selenium.common.exceptions.TimeoutException: Message: \nStacktrace:\n#0 0x558c92d50a1a <unknown>\n#1 0x558c92808390 <unknown>\n#2 0x558c92859c85 <unknown>\n#3 0x558c92859eb1 <unknown>\n#4 0x558c928a8d64 <unknown>\n#5 0x558c9287fbfd <unknown>\n#6 0x558c928a607b <unknown>\n#7 0x558c9287f9a3 <unknown>\n#8 0x558c9284b60e <unknown>\n#9 0x558c9284cdd1 <unknown>\n#10 0x558c92d16ddb <unknown>\n#11 0x558c92d1acbc <unknown>\n#12 0x558c92cfe392 <unknown>\n#13 0x558c92d1b834 <unknown>\n#14 0x558c92ce21ef <unknown>\n#15 0x558c92d3f038 <unknown>\n#16 0x558c92d3f216 <unknown>\n#17 0x558c92d4f896 <unknown>\n#18 0x7f1ce129caa4 <unknown>\n#19 0x7f1ce1329c3c <unknown>\n\n","statusTrace":"  File \"/home/runner/work/pythonSelenium/pythonSelenium/tests/regression_ui/test_ui_regression.py\", line 62, in test_login\n    el_user_name = WebDriverWait(driver, 10).until(EC.element_to_be_clickable(\n                   ^^^^^^^^^^^^^^^^^^^^^^^^^^^^^^^^^^^^^^^^^^^^^^^^^^^^^^^^^^^\n  File \"/opt/hostedtoolcache/Python/3.12.5/x64/lib/python3.12/site-packages/selenium/webdriver/support/wait.py\", line 105, in until\n    raise TimeoutException(message, screen, stacktrace)\n","steps":[],"attachments":[],"parameters":[],"shouldDisplayMessage":true,"stepsCount":0,"attachmentsCount":0,"hasContent":true,"attachmentStep":false}],"attachments":[],"parameters":[],"shouldDisplayMessage":false,"stepsCount":1,"attachmentsCount":0,"hasContent":true,"attachmentStep":false}],"attachments":[],"parameters":[],"shouldDisplayMessage":true,"stepsCount":2,"attachmentsCount":0,"hasContent":true,"attachmentStep":false},"afterStages":[{"name":"driver::0","time":{"start":1742753521463,"stop":1742753521526,"duration":63},"status":"passed","steps":[],"attachments":[],"parameters":[],"shouldDisplayMessage":false,"stepsCount":0,"attachmentsCount":0,"hasContent":false,"attachmentStep":false}],"labels":[{"name":"tag","value":"TC004"},{"name":"tag","value":"TC000"},{"name":"parentSuite","value":"tests.regression_ui"},{"name":"suite","value":"test_ui_regression"},{"name":"subSuite","value":"TestUIRegression"},{"name":"host","value":"fv-az1369-199"},{"name":"thread","value":"4147-MainThread"},{"name":"framework","value":"pytest"},{"name":"language","value":"cpython3"},{"name":"package","value":"tests.regression_ui.test_ui_regression"},{"name":"resultFormat","value":"allure2"}],"parameters":[],"links":[],"hidden":false,"retry":false,"extra":{"severity":"normal","retries":[],"categories":[{"name":"Test defects","matchedStatuses":[]}],"history":{"statistic":{"failed":0,"broken":27,"skipped":0,"passed":554,"unknown":0,"total":581},"items":[{"uid":"5d5e61c01588a8b5","status":"passed","time":{"start":1742742554284,"stop":1742742581732,"duration":27448}},{"uid":"fd0891dc7b2c3ed3","status":"passed","time":{"start":1742732175304,"stop":1742732202547,"duration":27243}},{"uid":"626e3153e792da92","status":"passed","time":{"start":1742720982755,"stop":1742721008900,"duration":26145}},{"uid":"f2dabaf0c03e803b","status":"passed","time":{"start":1742710365424,"stop":1742710391768,"duration":26344}},{"uid":"d2ba3a39c21da65b","status":"passed","time":{"start":1742700464883,"stop":1742700491182,"duration":26299}},{"uid":"fe7df5518f1bb50","status":"passed","time":{"start":1742690833682,"stop":1742690859857,"duration":26175}},{"uid":"73a5879aa37a5c0","status":"passed","time":{"start":1742677720703,"stop":1742677752287,"duration":31584}},{"uid":"275303c65106ec3","status":"passed","time":{"start":1742667131830,"stop":1742667158152,"duration":26322}},{"uid":"a46fe6a9cfd4400e","status":"passed","time":{"start":1742656120896,"stop":1742656152553,"duration":31657}},{"uid":"60eee16d5591cc1d","status":"passed","time":{"start":1742645773189,"stop":1742645800537,"duration":27348}},{"uid":"63c77ce8feae061","status":"passed","time":{"start":1742634582103,"stop":1742634608942,"duration":26839}},{"uid":"7cbec8d5b82d2fd","status":"passed","time":{"start":1742624052210,"stop":1742624078488,"duration":26278}},{"uid":"422396c846fc6a27","status":"passed","time":{"start":1742613825945,"stop":1742613853757,"duration":27812}},{"uid":"45e01b0bfcdc4d0","status":"passed","time":{"start":1742604133291,"stop":1742604159510,"duration":26219}},{"uid":"b2701b3aad7f0696","status":"passed","time":{"start":1742591351140,"stop":1742591377772,"duration":26632}},{"uid":"b5cd22dfa54662a4","status":"broken","statusDetails":"selenium.common.exceptions.TimeoutException: Message: \nStacktrace:\n#0 0x555c52f23a1a <unknown>\n#1 0x555c529db390 <unknown>\n#2 0x555c52a2cc85 <unknown>\n#3 0x555c52a2ceb1 <unknown>\n#4 0x555c52a7bd64 <unknown>\n#5 0x555c52a52bfd <unknown>\n#6 0x555c52a7907b <unknown>\n#7 0x555c52a529a3 <unknown>\n#8 0x555c52a1e60e <unknown>\n#9 0x555c52a1fdd1 <unknown>\n#10 0x555c52ee9ddb <unknown>\n#11 0x555c52eedcbc <unknown>\n#12 0x555c52ed1392 <unknown>\n#13 0x555c52eee834 <unknown>\n#14 0x555c52eb51ef <unknown>\n#15 0x555c52f12038 <unknown>\n#16 0x555c52f12216 <unknown>\n#17 0x555c52f22896 <unknown>\n#18 0x7fa67889caa4 <unknown>\n#19 0x7fa678929c3c <unknown>","time":{"start":1742580878293,"stop":1742580937366,"duration":59073}},{"uid":"8dd8820586eff099","status":"passed","time":{"start":1742569845120,"stop":1742569871234,"duration":26114}},{"uid":"34638e2282210d05","status":"passed","time":{"start":1742559435928,"stop":1742559462733,"duration":26805}},{"uid":"97d6e4afcfdba7e5","status":"passed","time":{"start":1742548396603,"stop":1742548417813,"duration":21210}},{"uid":"a25e1ffb1d412b38","status":"passed","time":{"start":1742537835047,"stop":1742537861960,"duration":26913}}]},"tags":["TC004","TC000"]},"source":"10b2cc4f0e40a1ff.json","parameterValues":[]}