{"uid":"1654488dfa28b708","name":"Archive a card","fullName":"tests.regression_ui.test_ui_regression.TestUIRegression#test_archive_card","historyId":"4151bed777d70c35651f4626d00b86b5","time":{"start":1737656267168,"stop":1737656330041,"duration":62873},"status":"broken","statusMessage":"selenium.common.exceptions.NoSuchElementException: Message: no such element: Unable to locate element: {\"method\":\"xpath\",\"selector\":\"//*[contains(text(), 'new_card')]\"}\n  (Session info: chrome=132.0.6834.110); For documentation on this error, please visit: https://www.selenium.dev/documentation/webdriver/troubleshooting/errors#no-such-element-exception\nStacktrace:\n#0 0x55fe1b0477ca <unknown>\n#1 0x55fe1ab3f2f0 <unknown>\n#2 0x55fe1ab8f035 <unknown>\n#3 0x55fe1ab8f251 <unknown>\n#4 0x55fe1abd5054 <unknown>\n#5 0x55fe1abb39dd <unknown>\n#6 0x55fe1abd23b3 <unknown>\n#7 0x55fe1abb3753 <unknown>\n#8 0x55fe1ab80baa <unknown>\n#9 0x55fe1ab81dfe <unknown>\n#10 0x55fe1b01238b <unknown>\n#11 0x55fe1b016307 <unknown>\n#12 0x55fe1affee7c <unknown>\n#13 0x55fe1b016ec7 <unknown>\n#14 0x55fe1afe324f <unknown>\n#15 0x55fe1b0362f8 <unknown>\n#16 0x55fe1b0364c0 <unknown>\n#17 0x55fe1b046646 <unknown>\n#18 0x7fa5cec9ca94 <unknown>\n#19 0x7fa5ced29c3c <unknown>","statusTrace":"self = <tests.regression_ui.test_ui_regression.TestUIRegression object at 0x7f753894e7b0>\ndriver = <selenium.webdriver.chrome.webdriver.WebDriver (session=\"38fe3dccca4f94cb34a320df827fae47\")>\n\n    @pytest.mark.TC000\n    @pytest.mark.TC006\n    @allure.title('Archive a card')\n    def test_archive_card(self, driver):\n        time.sleep(5)\n        with allure.step('Log in to Trello account'):\n            self.test_login(driver)\n    \n        with allure.step('Open a board and select a card'):\n            try:\n                WebDriverWait(driver, 30).until(EC.element_to_be_clickable((By.XPATH, self.SCC.Board.BOARD_TITLE))).click()\n                WebDriverWait(driver, 10).until(EC.visibility_of_element_located((By.XPATH, self.SCC.Board.LIST_TITLE))).click()\n                driver.find_element(By.XPATH, self.SCC.List.ADD_A_CARD_BUTTON).click()\n                driver.find_element(By.XPATH, self.SCC.List.CARD_NAME_FIELD).click()\n                time.sleep(1)\n                driver.find_element(By.XPATH, self.SCC.List.CARD_NAME_FIELD).send_keys('new_card')\n                driver.find_element(By.XPATH, self.SCC.List.ADD_CARD_SUBMIT_BUTTOMN).click()\n                time.sleep(2)\n            except Exception as e:\n                log.info(\"An error occurred: \", str(e))\n    \n        with allure.step('Click the card to open and archive it'):\n>           driver.find_element(By.XPATH, self.SCC.List.CARD_TO_ARCHIVE).click()\n\ntests/regression_ui/test_ui_regression.py:204: \n_ _ _ _ _ _ _ _ _ _ _ _ _ _ _ _ _ _ _ _ _ _ _ _ _ _ _ _ _ _ _ _ _ _ _ _ _ _ _ _ \n/opt/hostedtoolcache/Python/3.12.5/x64/lib/python3.12/site-packages/selenium/webdriver/remote/webdriver.py:770: in find_element\n    return self.execute(Command.FIND_ELEMENT, {\"using\": by, \"value\": value})[\"value\"]\n/opt/hostedtoolcache/Python/3.12.5/x64/lib/python3.12/site-packages/selenium/webdriver/remote/webdriver.py:384: in execute\n    self.error_handler.check_response(response)\n_ _ _ _ _ _ _ _ _ _ _ _ _ _ _ _ _ _ _ _ _ _ _ _ _ _ _ _ _ _ _ _ _ _ _ _ _ _ _ _ \n\nself = <selenium.webdriver.remote.errorhandler.ErrorHandler object at 0x7f7538954050>\nresponse = {'status': 404, 'value': '{\"value\":{\"error\":\"no such element\",\"message\":\"no such element: Unable to locate element: {\\...\\\\n#17 0x55fe1b046646 \\\\u003Cunknown>\\\\n#18 0x7fa5cec9ca94 \\\\u003Cunknown>\\\\n#19 0x7fa5ced29c3c \\\\u003Cunknown>\\\\n\"}}'}\n\n    def check_response(self, response: Dict[str, Any]) -> None:\n        \"\"\"Checks that a JSON response from the WebDriver does not have an\n        error.\n    \n        :Args:\n         - response - The JSON response from the WebDriver server as a dictionary\n           object.\n    \n        :Raises: If the response contains an error message.\n        \"\"\"\n        status = response.get(\"status\", None)\n        if not status or status == ErrorCode.SUCCESS:\n            return\n        value = None\n        message = response.get(\"message\", \"\")\n        screen: str = response.get(\"screen\", \"\")\n        stacktrace = None\n        if isinstance(status, int):\n            value_json = response.get(\"value\", None)\n            if value_json and isinstance(value_json, str):\n                import json\n    \n                try:\n                    value = json.loads(value_json)\n                    if len(value) == 1:\n                        value = value[\"value\"]\n                    status = value.get(\"error\", None)\n                    if not status:\n                        status = value.get(\"status\", ErrorCode.UNKNOWN_ERROR)\n                        message = value.get(\"value\") or value.get(\"message\")\n                        if not isinstance(message, str):\n                            value = message\n                            message = message.get(\"message\")\n                    else:\n                        message = value.get(\"message\", None)\n                except ValueError:\n                    pass\n    \n        exception_class: Type[WebDriverException]\n        e = ErrorCode()\n        error_codes = [item for item in dir(e) if not item.startswith(\"__\")]\n        for error_code in error_codes:\n            error_info = getattr(ErrorCode, error_code)\n            if isinstance(error_info, list) and status in error_info:\n                exception_class = getattr(ExceptionMapping, error_code, WebDriverException)\n                break\n        else:\n            exception_class = WebDriverException\n    \n        if not value:\n            value = response[\"value\"]\n        if isinstance(value, str):\n            raise exception_class(value)\n        if message == \"\" and \"message\" in value:\n            message = value[\"message\"]\n    \n        screen = None  # type: ignore[assignment]\n        if \"screen\" in value:\n            screen = value[\"screen\"]\n    \n        stacktrace = None\n        st_value = value.get(\"stackTrace\") or value.get(\"stacktrace\")\n        if st_value:\n            if isinstance(st_value, str):\n                stacktrace = st_value.split(\"\\n\")\n            else:\n                stacktrace = []\n                try:\n                    for frame in st_value:\n                        line = frame.get(\"lineNumber\", \"\")\n                        file = frame.get(\"fileName\", \"<anonymous>\")\n                        if line:\n                            file = f\"{file}:{line}\"\n                        meth = frame.get(\"methodName\", \"<anonymous>\")\n                        if \"className\" in frame:\n                            meth = f\"{frame['className']}.{meth}\"\n                        msg = \"    at %s (%s)\"\n                        msg = msg % (meth, file)\n                        stacktrace.append(msg)\n                except TypeError:\n                    pass\n        if exception_class == UnexpectedAlertPresentException:\n            alert_text = None\n            if \"data\" in value:\n                alert_text = value[\"data\"].get(\"text\")\n            elif \"alert\" in value:\n                alert_text = value[\"alert\"].get(\"text\")\n            raise exception_class(message, screen, stacktrace, alert_text)  # type: ignore[call-arg]  # mypy is not smart enough here\n>       raise exception_class(message, screen, stacktrace)\nE       selenium.common.exceptions.NoSuchElementException: Message: no such element: Unable to locate element: {\"method\":\"xpath\",\"selector\":\"//*[contains(text(), 'new_card')]\"}\nE         (Session info: chrome=132.0.6834.110); For documentation on this error, please visit: https://www.selenium.dev/documentation/webdriver/troubleshooting/errors#no-such-element-exception\nE       Stacktrace:\nE       #0 0x55fe1b0477ca <unknown>\nE       #1 0x55fe1ab3f2f0 <unknown>\nE       #2 0x55fe1ab8f035 <unknown>\nE       #3 0x55fe1ab8f251 <unknown>\nE       #4 0x55fe1abd5054 <unknown>\nE       #5 0x55fe1abb39dd <unknown>\nE       #6 0x55fe1abd23b3 <unknown>\nE       #7 0x55fe1abb3753 <unknown>\nE       #8 0x55fe1ab80baa <unknown>\nE       #9 0x55fe1ab81dfe <unknown>\nE       #10 0x55fe1b01238b <unknown>\nE       #11 0x55fe1b016307 <unknown>\nE       #12 0x55fe1affee7c <unknown>\nE       #13 0x55fe1b016ec7 <unknown>\nE       #14 0x55fe1afe324f <unknown>\nE       #15 0x55fe1b0362f8 <unknown>\nE       #16 0x55fe1b0364c0 <unknown>\nE       #17 0x55fe1b046646 <unknown>\nE       #18 0x7fa5cec9ca94 <unknown>\nE       #19 0x7fa5ced29c3c <unknown>\n\n/opt/hostedtoolcache/Python/3.12.5/x64/lib/python3.12/site-packages/selenium/webdriver/remote/errorhandler.py:232: NoSuchElementException","flaky":false,"newFailed":false,"newBroken":true,"newPassed":false,"retriesCount":0,"retriesStatusChange":false,"beforeStages":[{"name":"driver","time":{"start":1737656266897,"stop":1737656267167,"duration":270},"status":"passed","steps":[],"attachments":[],"parameters":[],"shouldDisplayMessage":false,"stepsCount":0,"attachmentsCount":0,"hasContent":false,"attachmentStep":false},{"name":"setup","time":{"start":1737656267168,"stop":1737656267168,"duration":0},"status":"passed","steps":[],"attachments":[],"parameters":[],"shouldDisplayMessage":false,"stepsCount":0,"attachmentsCount":0,"hasContent":false,"attachmentStep":false}],"testStage":{"status":"broken","statusMessage":"selenium.common.exceptions.NoSuchElementException: Message: no such element: Unable to locate element: {\"method\":\"xpath\",\"selector\":\"//*[contains(text(), 'new_card')]\"}\n  (Session info: chrome=132.0.6834.110); For documentation on this error, please visit: https://www.selenium.dev/documentation/webdriver/troubleshooting/errors#no-such-element-exception\nStacktrace:\n#0 0x55fe1b0477ca <unknown>\n#1 0x55fe1ab3f2f0 <unknown>\n#2 0x55fe1ab8f035 <unknown>\n#3 0x55fe1ab8f251 <unknown>\n#4 0x55fe1abd5054 <unknown>\n#5 0x55fe1abb39dd <unknown>\n#6 0x55fe1abd23b3 <unknown>\n#7 0x55fe1abb3753 <unknown>\n#8 0x55fe1ab80baa <unknown>\n#9 0x55fe1ab81dfe <unknown>\n#10 0x55fe1b01238b <unknown>\n#11 0x55fe1b016307 <unknown>\n#12 0x55fe1affee7c <unknown>\n#13 0x55fe1b016ec7 <unknown>\n#14 0x55fe1afe324f <unknown>\n#15 0x55fe1b0362f8 <unknown>\n#16 0x55fe1b0364c0 <unknown>\n#17 0x55fe1b046646 <unknown>\n#18 0x7fa5cec9ca94 <unknown>\n#19 0x7fa5ced29c3c <unknown>","statusTrace":"self = <tests.regression_ui.test_ui_regression.TestUIRegression object at 0x7f753894e7b0>\ndriver = <selenium.webdriver.chrome.webdriver.WebDriver (session=\"38fe3dccca4f94cb34a320df827fae47\")>\n\n    @pytest.mark.TC000\n    @pytest.mark.TC006\n    @allure.title('Archive a card')\n    def test_archive_card(self, driver):\n        time.sleep(5)\n        with allure.step('Log in to Trello account'):\n            self.test_login(driver)\n    \n        with allure.step('Open a board and select a card'):\n            try:\n                WebDriverWait(driver, 30).until(EC.element_to_be_clickable((By.XPATH, self.SCC.Board.BOARD_TITLE))).click()\n                WebDriverWait(driver, 10).until(EC.visibility_of_element_located((By.XPATH, self.SCC.Board.LIST_TITLE))).click()\n                driver.find_element(By.XPATH, self.SCC.List.ADD_A_CARD_BUTTON).click()\n                driver.find_element(By.XPATH, self.SCC.List.CARD_NAME_FIELD).click()\n                time.sleep(1)\n                driver.find_element(By.XPATH, self.SCC.List.CARD_NAME_FIELD).send_keys('new_card')\n                driver.find_element(By.XPATH, self.SCC.List.ADD_CARD_SUBMIT_BUTTOMN).click()\n                time.sleep(2)\n            except Exception as e:\n                log.info(\"An error occurred: \", str(e))\n    \n        with allure.step('Click the card to open and archive it'):\n>           driver.find_element(By.XPATH, self.SCC.List.CARD_TO_ARCHIVE).click()\n\ntests/regression_ui/test_ui_regression.py:204: \n_ _ _ _ _ _ _ _ _ _ _ _ _ _ _ _ _ _ _ _ _ _ _ _ _ _ _ _ _ _ _ _ _ _ _ _ _ _ _ _ \n/opt/hostedtoolcache/Python/3.12.5/x64/lib/python3.12/site-packages/selenium/webdriver/remote/webdriver.py:770: in find_element\n    return self.execute(Command.FIND_ELEMENT, {\"using\": by, \"value\": value})[\"value\"]\n/opt/hostedtoolcache/Python/3.12.5/x64/lib/python3.12/site-packages/selenium/webdriver/remote/webdriver.py:384: in execute\n    self.error_handler.check_response(response)\n_ _ _ _ _ _ _ _ _ _ _ _ _ _ _ _ _ _ _ _ _ _ _ _ _ _ _ _ _ _ _ _ _ _ _ _ _ _ _ _ \n\nself = <selenium.webdriver.remote.errorhandler.ErrorHandler object at 0x7f7538954050>\nresponse = {'status': 404, 'value': '{\"value\":{\"error\":\"no such element\",\"message\":\"no such element: Unable to locate element: {\\...\\\\n#17 0x55fe1b046646 \\\\u003Cunknown>\\\\n#18 0x7fa5cec9ca94 \\\\u003Cunknown>\\\\n#19 0x7fa5ced29c3c \\\\u003Cunknown>\\\\n\"}}'}\n\n    def check_response(self, response: Dict[str, Any]) -> None:\n        \"\"\"Checks that a JSON response from the WebDriver does not have an\n        error.\n    \n        :Args:\n         - response - The JSON response from the WebDriver server as a dictionary\n           object.\n    \n        :Raises: If the response contains an error message.\n        \"\"\"\n        status = response.get(\"status\", None)\n        if not status or status == ErrorCode.SUCCESS:\n            return\n        value = None\n        message = response.get(\"message\", \"\")\n        screen: str = response.get(\"screen\", \"\")\n        stacktrace = None\n        if isinstance(status, int):\n            value_json = response.get(\"value\", None)\n            if value_json and isinstance(value_json, str):\n                import json\n    \n                try:\n                    value = json.loads(value_json)\n                    if len(value) == 1:\n                        value = value[\"value\"]\n                    status = value.get(\"error\", None)\n                    if not status:\n                        status = value.get(\"status\", ErrorCode.UNKNOWN_ERROR)\n                        message = value.get(\"value\") or value.get(\"message\")\n                        if not isinstance(message, str):\n                            value = message\n                            message = message.get(\"message\")\n                    else:\n                        message = value.get(\"message\", None)\n                except ValueError:\n                    pass\n    \n        exception_class: Type[WebDriverException]\n        e = ErrorCode()\n        error_codes = [item for item in dir(e) if not item.startswith(\"__\")]\n        for error_code in error_codes:\n            error_info = getattr(ErrorCode, error_code)\n            if isinstance(error_info, list) and status in error_info:\n                exception_class = getattr(ExceptionMapping, error_code, WebDriverException)\n                break\n        else:\n            exception_class = WebDriverException\n    \n        if not value:\n            value = response[\"value\"]\n        if isinstance(value, str):\n            raise exception_class(value)\n        if message == \"\" and \"message\" in value:\n            message = value[\"message\"]\n    \n        screen = None  # type: ignore[assignment]\n        if \"screen\" in value:\n            screen = value[\"screen\"]\n    \n        stacktrace = None\n        st_value = value.get(\"stackTrace\") or value.get(\"stacktrace\")\n        if st_value:\n            if isinstance(st_value, str):\n                stacktrace = st_value.split(\"\\n\")\n            else:\n                stacktrace = []\n                try:\n                    for frame in st_value:\n                        line = frame.get(\"lineNumber\", \"\")\n                        file = frame.get(\"fileName\", \"<anonymous>\")\n                        if line:\n                            file = f\"{file}:{line}\"\n                        meth = frame.get(\"methodName\", \"<anonymous>\")\n                        if \"className\" in frame:\n                            meth = f\"{frame['className']}.{meth}\"\n                        msg = \"    at %s (%s)\"\n                        msg = msg % (meth, file)\n                        stacktrace.append(msg)\n                except TypeError:\n                    pass\n        if exception_class == UnexpectedAlertPresentException:\n            alert_text = None\n            if \"data\" in value:\n                alert_text = value[\"data\"].get(\"text\")\n            elif \"alert\" in value:\n                alert_text = value[\"alert\"].get(\"text\")\n            raise exception_class(message, screen, stacktrace, alert_text)  # type: ignore[call-arg]  # mypy is not smart enough here\n>       raise exception_class(message, screen, stacktrace)\nE       selenium.common.exceptions.NoSuchElementException: Message: no such element: Unable to locate element: {\"method\":\"xpath\",\"selector\":\"//*[contains(text(), 'new_card')]\"}\nE         (Session info: chrome=132.0.6834.110); For documentation on this error, please visit: https://www.selenium.dev/documentation/webdriver/troubleshooting/errors#no-such-element-exception\nE       Stacktrace:\nE       #0 0x55fe1b0477ca <unknown>\nE       #1 0x55fe1ab3f2f0 <unknown>\nE       #2 0x55fe1ab8f035 <unknown>\nE       #3 0x55fe1ab8f251 <unknown>\nE       #4 0x55fe1abd5054 <unknown>\nE       #5 0x55fe1abb39dd <unknown>\nE       #6 0x55fe1abd23b3 <unknown>\nE       #7 0x55fe1abb3753 <unknown>\nE       #8 0x55fe1ab80baa <unknown>\nE       #9 0x55fe1ab81dfe <unknown>\nE       #10 0x55fe1b01238b <unknown>\nE       #11 0x55fe1b016307 <unknown>\nE       #12 0x55fe1affee7c <unknown>\nE       #13 0x55fe1b016ec7 <unknown>\nE       #14 0x55fe1afe324f <unknown>\nE       #15 0x55fe1b0362f8 <unknown>\nE       #16 0x55fe1b0364c0 <unknown>\nE       #17 0x55fe1b046646 <unknown>\nE       #18 0x7fa5cec9ca94 <unknown>\nE       #19 0x7fa5ced29c3c <unknown>\n\n/opt/hostedtoolcache/Python/3.12.5/x64/lib/python3.12/site-packages/selenium/webdriver/remote/errorhandler.py:232: NoSuchElementException","steps":[{"name":"Log in to Trello account","time":{"start":1737656272168,"stop":1737656299716,"duration":27548},"status":"passed","steps":[{"name":"Navigate to the Trello login page","time":{"start":1737656272168,"stop":1737656275457,"duration":3289},"status":"passed","steps":[],"attachments":[],"parameters":[],"shouldDisplayMessage":false,"stepsCount":0,"attachmentsCount":0,"hasContent":false,"attachmentStep":false},{"name":"Enter valid credentials (email, password, and 6-digits verification code)","time":{"start":1737656275457,"stop":1737656299716,"duration":24259},"status":"passed","steps":[],"attachments":[],"parameters":[],"shouldDisplayMessage":false,"stepsCount":0,"attachmentsCount":0,"hasContent":false,"attachmentStep":false}],"attachments":[],"parameters":[],"shouldDisplayMessage":false,"stepsCount":2,"attachmentsCount":0,"hasContent":true,"attachmentStep":false},{"name":"Open a board and select a card","time":{"start":1737656299716,"stop":1737656330024,"duration":30308},"status":"passed","steps":[],"attachments":[],"parameters":[],"shouldDisplayMessage":false,"stepsCount":0,"attachmentsCount":0,"hasContent":false,"attachmentStep":false},{"name":"Click the card to open and archive it","time":{"start":1737656330024,"stop":1737656330040,"duration":16},"status":"broken","statusMessage":"selenium.common.exceptions.NoSuchElementException: Message: no such element: Unable to locate element: {\"method\":\"xpath\",\"selector\":\"//*[contains(text(), 'new_card')]\"}\n  (Session info: chrome=132.0.6834.110); For documentation on this error, please visit: https://www.selenium.dev/documentation/webdriver/troubleshooting/errors#no-such-element-exception\nStacktrace:\n#0 0x55fe1b0477ca <unknown>\n#1 0x55fe1ab3f2f0 <unknown>\n#2 0x55fe1ab8f035 <unknown>\n#3 0x55fe1ab8f251 <unknown>\n#4 0x55fe1abd5054 <unknown>\n#5 0x55fe1abb39dd <unknown>\n#6 0x55fe1abd23b3 <unknown>\n#7 0x55fe1abb3753 <unknown>\n#8 0x55fe1ab80baa <unknown>\n#9 0x55fe1ab81dfe <unknown>\n#10 0x55fe1b01238b <unknown>\n#11 0x55fe1b016307 <unknown>\n#12 0x55fe1affee7c <unknown>\n#13 0x55fe1b016ec7 <unknown>\n#14 0x55fe1afe324f <unknown>\n#15 0x55fe1b0362f8 <unknown>\n#16 0x55fe1b0364c0 <unknown>\n#17 0x55fe1b046646 <unknown>\n#18 0x7fa5cec9ca94 <unknown>\n#19 0x7fa5ced29c3c <unknown>\n\n","statusTrace":"  File \"/home/runner/work/pythonSelenium/pythonSelenium/tests/regression_ui/test_ui_regression.py\", line 204, in test_archive_card\n    driver.find_element(By.XPATH, self.SCC.List.CARD_TO_ARCHIVE).click()\n    ^^^^^^^^^^^^^^^^^^^^^^^^^^^^^^^^^^^^^^^^^^^^^^^^^^^^^^^^^^^^\n  File \"/opt/hostedtoolcache/Python/3.12.5/x64/lib/python3.12/site-packages/selenium/webdriver/remote/webdriver.py\", line 770, in find_element\n    return self.execute(Command.FIND_ELEMENT, {\"using\": by, \"value\": value})[\"value\"]\n           ^^^^^^^^^^^^^^^^^^^^^^^^^^^^^^^^^^^^^^^^^^^^^^^^^^^^^^^^^^^^^^^^^\n  File \"/opt/hostedtoolcache/Python/3.12.5/x64/lib/python3.12/site-packages/selenium/webdriver/remote/webdriver.py\", line 384, in execute\n    self.error_handler.check_response(response)\n  File \"/opt/hostedtoolcache/Python/3.12.5/x64/lib/python3.12/site-packages/selenium/webdriver/remote/errorhandler.py\", line 232, in check_response\n    raise exception_class(message, screen, stacktrace)\n","steps":[],"attachments":[],"parameters":[],"shouldDisplayMessage":true,"stepsCount":0,"attachmentsCount":0,"hasContent":true,"attachmentStep":false}],"attachments":[],"parameters":[],"shouldDisplayMessage":true,"stepsCount":5,"attachmentsCount":0,"hasContent":true,"attachmentStep":false},"afterStages":[{"name":"driver::0","time":{"start":1737656330101,"stop":1737656330188,"duration":87},"status":"passed","steps":[],"attachments":[],"parameters":[],"shouldDisplayMessage":false,"stepsCount":0,"attachmentsCount":0,"hasContent":false,"attachmentStep":false}],"labels":[{"name":"tag","value":"TC006"},{"name":"tag","value":"TC000"},{"name":"parentSuite","value":"tests.regression_ui"},{"name":"suite","value":"test_ui_regression"},{"name":"subSuite","value":"TestUIRegression"},{"name":"host","value":"fv-az2023-684"},{"name":"thread","value":"4013-MainThread"},{"name":"framework","value":"pytest"},{"name":"language","value":"cpython3"},{"name":"package","value":"tests.regression_ui.test_ui_regression"},{"name":"resultFormat","value":"allure2"}],"parameters":[],"links":[],"hidden":false,"retry":false,"extra":{"severity":"normal","retries":[],"categories":[{"name":"Test defects","matchedStatuses":[],"flaky":false}],"history":{"statistic":{"failed":5,"broken":17,"skipped":0,"passed":82,"unknown":0,"total":104},"items":[{"uid":"1a06f24ad6e58ef3","status":"passed","time":{"start":1737645180395,"stop":1737645213056,"duration":32661}},{"uid":"604f871ddf3533ff","status":"passed","time":{"start":1737634869989,"stop":1737634901786,"duration":31797}},{"uid":"b9eec5196b76f141","status":"passed","time":{"start":1737623614173,"stop":1737623646111,"duration":31938}},{"uid":"b8ed549e6dea4c01","status":"passed","time":{"start":1737612998458,"stop":1737613030236,"duration":31778}},{"uid":"cdf53c79a746f0da","status":"passed","time":{"start":1737602124110,"stop":1737602156062,"duration":31952}},{"uid":"df2ce5349a12485b","status":"passed","time":{"start":1737593257107,"stop":1737593288952,"duration":31845}},{"uid":"52336c8bc9435f9c","status":"passed","time":{"start":1737555645383,"stop":1737555677246,"duration":31863}},{"uid":"b8e0ffe4c2ba819a","status":"passed","time":{"start":1737515688669,"stop":1737515720488,"duration":31819}},{"uid":"89558b8dc0f0ce58","status":"passed","time":{"start":1737515155582,"stop":1737515187594,"duration":32012}},{"uid":"79edc55270c6dbfa","status":"failed","statusDetails":"AssertionError: assert 2 == 0","time":{"start":1737513735752,"stop":1737513768053,"duration":32301}},{"uid":"d161c0dbe9b86c5d","status":"broken","statusDetails":"selenium.common.exceptions.TimeoutException: Message: \nStacktrace:\n#0 0x55b4c5b6e8fa <unknown>\n#1 0x55b4c567fd20 <unknown>\n#2 0x55b4c56cea66 <unknown>\n#3 0x55b4c56ced01 <unknown>\n#4 0x55b4c5714184 <unknown>\n#5 0x55b4c56f2b1d <unknown>\n#6 0x55b4c5711560 <unknown>\n#7 0x55b4c56f2893 <unknown>\n#8 0x55b4c56c130d <unknown>\n#9 0x55b4c56c232e <unknown>\n#10 0x55b4c5b3b00b <unknown>\n#11 0x55b4c5b3ef97 <unknown>\n#12 0x55b4c5b2771c <unknown>\n#13 0x55b4c5b3fb17 <unknown>\n#14 0x55b4c5b0c6cf <unknown>\n#15 0x55b4c5b5d6b8 <unknown>\n#16 0x55b4c5b5d880 <unknown>\n#17 0x55b4c5b6d776 <unknown>\n#18 0x7f32ecc9ca94 <unknown>\n#19 0x7f32ecd29c3c <unknown>","time":{"start":1737510346357,"stop":1737510389219,"duration":42862}},{"uid":"602a8076cc25b336","status":"passed","time":{"start":1737498373541,"stop":1737498405737,"duration":32196}},{"uid":"cf0b67610c2726cf","status":"passed","time":{"start":1737469285063,"stop":1737469317214,"duration":32151}},{"uid":"e9e5afeb5fe4534f","status":"passed","time":{"start":1737382865565,"stop":1737382897528,"duration":31963}},{"uid":"ae372f9da8c47d4c","status":"passed","time":{"start":1737296407609,"stop":1737296439497,"duration":31888}},{"uid":"519ce84ce8ee2179","status":"passed","time":{"start":1737209955398,"stop":1737209987950,"duration":32552}},{"uid":"af4eed732a5e1686","status":"broken","statusDetails":"selenium.common.exceptions.TimeoutException: Message: \nStacktrace:\n#0 0x5606a8a868fa <unknown>\n#1 0x5606a8597d20 <unknown>\n#2 0x5606a85e6a66 <unknown>\n#3 0x5606a85e6d01 <unknown>\n#4 0x5606a862c184 <unknown>\n#5 0x5606a860ab1d <unknown>\n#6 0x5606a8629560 <unknown>\n#7 0x5606a860a893 <unknown>\n#8 0x5606a85d930d <unknown>\n#9 0x5606a85da32e <unknown>\n#10 0x5606a8a5300b <unknown>\n#11 0x5606a8a56f97 <unknown>\n#12 0x5606a8a3f71c <unknown>\n#13 0x5606a8a57b17 <unknown>\n#14 0x5606a8a246cf <unknown>\n#15 0x5606a8a756b8 <unknown>\n#16 0x5606a8a75880 <unknown>\n#17 0x5606a8a85776 <unknown>\n#18 0x7f9c8329ca94 <unknown>\n#19 0x7f9c83329c3c <unknown>","time":{"start":1737123616066,"stop":1737123658872,"duration":42806}},{"uid":"292ca6e0c39cc462","status":"passed","time":{"start":1737037235182,"stop":1737037267275,"duration":32093}},{"uid":"76d53205871eff76","status":"passed","time":{"start":1736950941906,"stop":1736950974174,"duration":32268}},{"uid":"42e42af479ca685a","status":"passed","time":{"start":1736864464522,"stop":1736864496458,"duration":31936}}]},"tags":["TC006","TC000"]},"source":"1654488dfa28b708.json","parameterValues":[]}