{"uid":"168a38a43c37f29f","name":"Archive a card","fullName":"tests.regression_ui.test_ui_regression.TestUIRegression#test_archive_card","historyId":"4151bed777d70c35651f4626d00b86b5","time":{"start":1743488214369,"stop":1743488236305,"duration":21936},"status":"broken","statusMessage":"selenium.common.exceptions.NoSuchElementException: Message: no such element: Unable to locate element: {\"method\":\"xpath\",\"selector\":\"//*[contains(text(), 'new_card')]\"}\n  (Session info: chrome=134.0.6998.165); For documentation on this error, please visit: https://www.selenium.dev/documentation/webdriver/troubleshooting/errors#no-such-element-exception\nStacktrace:\n#0 0x555e6211da1a <unknown>\n#1 0x555e61bd5390 <unknown>\n#2 0x555e61c26c85 <unknown>\n#3 0x555e61c26eb1 <unknown>\n#4 0x555e61c75d64 <unknown>\n#5 0x555e61c4cbfd <unknown>\n#6 0x555e61c7307b <unknown>\n#7 0x555e61c4c9a3 <unknown>\n#8 0x555e61c1860e <unknown>\n#9 0x555e61c19dd1 <unknown>\n#10 0x555e620e3ddb <unknown>\n#11 0x555e620e7cbc <unknown>\n#12 0x555e620cb392 <unknown>\n#13 0x555e620e8834 <unknown>\n#14 0x555e620af1ef <unknown>\n#15 0x555e6210c038 <unknown>\n#16 0x555e6210c216 <unknown>\n#17 0x555e6211c896 <unknown>\n#18 0x7fdf1189caa4 <unknown>\n#19 0x7fdf11929c3c <unknown>","statusTrace":"self = <tests.regression_ui.test_ui_regression.TestUIRegression object at 0x7fc4e20a6b10>\ndriver = <selenium.webdriver.chrome.webdriver.WebDriver (session=\"a59fb8e78bd528f150dd219a9411f751\")>\n\n    @pytest.mark.TC000\n    @pytest.mark.TC006\n    @allure.title('Archive a card')\n    def test_archive_card(self, driver):\n        time.sleep(5)\n        with allure.step('Log in to Trello account'):\n            self.test_login(driver)\n    \n        with allure.step('Open a board and select a card'):\n            try:\n                WebDriverWait(driver, 30).until(EC.element_to_be_clickable((By.XPATH, self.SCC.Board.BOARD_TITLE))).click()\n                WebDriverWait(driver, 10).until(EC.visibility_of_element_located((By.XPATH, self.SCC.Board.LIST_TITLE))).click()\n                driver.find_element(By.XPATH, self.SCC.List.ADD_A_CARD_BUTTON).click()\n                driver.find_element(By.XPATH, self.SCC.List.CARD_NAME_FIELD).click()\n                time.sleep(1)\n                driver.find_element(By.XPATH, self.SCC.List.CARD_NAME_FIELD).send_keys('new_card')\n                driver.find_element(By.XPATH, self.SCC.List.ADD_CARD_SUBMIT_BUTTOMN).click()\n                time.sleep(2)\n            except Exception as e:\n                log.info(\"An error occurred: \", str(e))\n    \n        with allure.step('Click the card to open and archive it'):\n>           driver.find_element(By.XPATH, self.SCC.List.CARD_TO_ARCHIVE).click()\n\ntests/regression_ui/test_ui_regression.py:206: \n_ _ _ _ _ _ _ _ _ _ _ _ _ _ _ _ _ _ _ _ _ _ _ _ _ _ _ _ _ _ _ _ _ _ _ _ _ _ _ _ \n/opt/hostedtoolcache/Python/3.12.5/x64/lib/python3.12/site-packages/selenium/webdriver/remote/webdriver.py:770: in find_element\n    return self.execute(Command.FIND_ELEMENT, {\"using\": by, \"value\": value})[\"value\"]\n/opt/hostedtoolcache/Python/3.12.5/x64/lib/python3.12/site-packages/selenium/webdriver/remote/webdriver.py:384: in execute\n    self.error_handler.check_response(response)\n_ _ _ _ _ _ _ _ _ _ _ _ _ _ _ _ _ _ _ _ _ _ _ _ _ _ _ _ _ _ _ _ _ _ _ _ _ _ _ _ \n\nself = <selenium.webdriver.remote.errorhandler.ErrorHandler object at 0x7fc4e20f94f0>\nresponse = {'status': 404, 'value': '{\"value\":{\"error\":\"no such element\",\"message\":\"no such element: Unable to locate element: {\\...\\\\n#17 0x555e6211c896 \\\\u003Cunknown>\\\\n#18 0x7fdf1189caa4 \\\\u003Cunknown>\\\\n#19 0x7fdf11929c3c \\\\u003Cunknown>\\\\n\"}}'}\n\n    def check_response(self, response: Dict[str, Any]) -> None:\n        \"\"\"Checks that a JSON response from the WebDriver does not have an\n        error.\n    \n        :Args:\n         - response - The JSON response from the WebDriver server as a dictionary\n           object.\n    \n        :Raises: If the response contains an error message.\n        \"\"\"\n        status = response.get(\"status\", None)\n        if not status or status == ErrorCode.SUCCESS:\n            return\n        value = None\n        message = response.get(\"message\", \"\")\n        screen: str = response.get(\"screen\", \"\")\n        stacktrace = None\n        if isinstance(status, int):\n            value_json = response.get(\"value\", None)\n            if value_json and isinstance(value_json, str):\n                import json\n    \n                try:\n                    value = json.loads(value_json)\n                    if len(value) == 1:\n                        value = value[\"value\"]\n                    status = value.get(\"error\", None)\n                    if not status:\n                        status = value.get(\"status\", ErrorCode.UNKNOWN_ERROR)\n                        message = value.get(\"value\") or value.get(\"message\")\n                        if not isinstance(message, str):\n                            value = message\n                            message = message.get(\"message\")\n                    else:\n                        message = value.get(\"message\", None)\n                except ValueError:\n                    pass\n    \n        exception_class: Type[WebDriverException]\n        e = ErrorCode()\n        error_codes = [item for item in dir(e) if not item.startswith(\"__\")]\n        for error_code in error_codes:\n            error_info = getattr(ErrorCode, error_code)\n            if isinstance(error_info, list) and status in error_info:\n                exception_class = getattr(ExceptionMapping, error_code, WebDriverException)\n                break\n        else:\n            exception_class = WebDriverException\n    \n        if not value:\n            value = response[\"value\"]\n        if isinstance(value, str):\n            raise exception_class(value)\n        if message == \"\" and \"message\" in value:\n            message = value[\"message\"]\n    \n        screen = None  # type: ignore[assignment]\n        if \"screen\" in value:\n            screen = value[\"screen\"]\n    \n        stacktrace = None\n        st_value = value.get(\"stackTrace\") or value.get(\"stacktrace\")\n        if st_value:\n            if isinstance(st_value, str):\n                stacktrace = st_value.split(\"\\n\")\n            else:\n                stacktrace = []\n                try:\n                    for frame in st_value:\n                        line = frame.get(\"lineNumber\", \"\")\n                        file = frame.get(\"fileName\", \"<anonymous>\")\n                        if line:\n                            file = f\"{file}:{line}\"\n                        meth = frame.get(\"methodName\", \"<anonymous>\")\n                        if \"className\" in frame:\n                            meth = f\"{frame['className']}.{meth}\"\n                        msg = \"    at %s (%s)\"\n                        msg = msg % (meth, file)\n                        stacktrace.append(msg)\n                except TypeError:\n                    pass\n        if exception_class == UnexpectedAlertPresentException:\n            alert_text = None\n            if \"data\" in value:\n                alert_text = value[\"data\"].get(\"text\")\n            elif \"alert\" in value:\n                alert_text = value[\"alert\"].get(\"text\")\n            raise exception_class(message, screen, stacktrace, alert_text)  # type: ignore[call-arg]  # mypy is not smart enough here\n>       raise exception_class(message, screen, stacktrace)\nE       selenium.common.exceptions.NoSuchElementException: Message: no such element: Unable to locate element: {\"method\":\"xpath\",\"selector\":\"//*[contains(text(), 'new_card')]\"}\nE         (Session info: chrome=134.0.6998.165); For documentation on this error, please visit: https://www.selenium.dev/documentation/webdriver/troubleshooting/errors#no-such-element-exception\nE       Stacktrace:\nE       #0 0x555e6211da1a <unknown>\nE       #1 0x555e61bd5390 <unknown>\nE       #2 0x555e61c26c85 <unknown>\nE       #3 0x555e61c26eb1 <unknown>\nE       #4 0x555e61c75d64 <unknown>\nE       #5 0x555e61c4cbfd <unknown>\nE       #6 0x555e61c7307b <unknown>\nE       #7 0x555e61c4c9a3 <unknown>\nE       #8 0x555e61c1860e <unknown>\nE       #9 0x555e61c19dd1 <unknown>\nE       #10 0x555e620e3ddb <unknown>\nE       #11 0x555e620e7cbc <unknown>\nE       #12 0x555e620cb392 <unknown>\nE       #13 0x555e620e8834 <unknown>\nE       #14 0x555e620af1ef <unknown>\nE       #15 0x555e6210c038 <unknown>\nE       #16 0x555e6210c216 <unknown>\nE       #17 0x555e6211c896 <unknown>\nE       #18 0x7fdf1189caa4 <unknown>\nE       #19 0x7fdf11929c3c <unknown>\n\n/opt/hostedtoolcache/Python/3.12.5/x64/lib/python3.12/site-packages/selenium/webdriver/remote/errorhandler.py:232: NoSuchElementException","flaky":false,"newFailed":false,"newBroken":false,"newPassed":false,"retriesCount":0,"retriesStatusChange":false,"beforeStages":[{"name":"driver","time":{"start":1743488214044,"stop":1743488214368,"duration":324},"status":"passed","steps":[],"attachments":[],"parameters":[],"shouldDisplayMessage":false,"stepsCount":0,"attachmentsCount":0,"hasContent":false,"attachmentStep":false},{"name":"setup","time":{"start":1743488214368,"stop":1743488214368,"duration":0},"status":"passed","steps":[],"attachments":[],"parameters":[],"shouldDisplayMessage":false,"stepsCount":0,"attachmentsCount":0,"hasContent":false,"attachmentStep":false}],"testStage":{"status":"broken","statusMessage":"selenium.common.exceptions.NoSuchElementException: Message: no such element: Unable to locate element: {\"method\":\"xpath\",\"selector\":\"//*[contains(text(), 'new_card')]\"}\n  (Session info: chrome=134.0.6998.165); For documentation on this error, please visit: https://www.selenium.dev/documentation/webdriver/troubleshooting/errors#no-such-element-exception\nStacktrace:\n#0 0x555e6211da1a <unknown>\n#1 0x555e61bd5390 <unknown>\n#2 0x555e61c26c85 <unknown>\n#3 0x555e61c26eb1 <unknown>\n#4 0x555e61c75d64 <unknown>\n#5 0x555e61c4cbfd <unknown>\n#6 0x555e61c7307b <unknown>\n#7 0x555e61c4c9a3 <unknown>\n#8 0x555e61c1860e <unknown>\n#9 0x555e61c19dd1 <unknown>\n#10 0x555e620e3ddb <unknown>\n#11 0x555e620e7cbc <unknown>\n#12 0x555e620cb392 <unknown>\n#13 0x555e620e8834 <unknown>\n#14 0x555e620af1ef <unknown>\n#15 0x555e6210c038 <unknown>\n#16 0x555e6210c216 <unknown>\n#17 0x555e6211c896 <unknown>\n#18 0x7fdf1189caa4 <unknown>\n#19 0x7fdf11929c3c <unknown>","statusTrace":"self = <tests.regression_ui.test_ui_regression.TestUIRegression object at 0x7fc4e20a6b10>\ndriver = <selenium.webdriver.chrome.webdriver.WebDriver (session=\"a59fb8e78bd528f150dd219a9411f751\")>\n\n    @pytest.mark.TC000\n    @pytest.mark.TC006\n    @allure.title('Archive a card')\n    def test_archive_card(self, driver):\n        time.sleep(5)\n        with allure.step('Log in to Trello account'):\n            self.test_login(driver)\n    \n        with allure.step('Open a board and select a card'):\n            try:\n                WebDriverWait(driver, 30).until(EC.element_to_be_clickable((By.XPATH, self.SCC.Board.BOARD_TITLE))).click()\n                WebDriverWait(driver, 10).until(EC.visibility_of_element_located((By.XPATH, self.SCC.Board.LIST_TITLE))).click()\n                driver.find_element(By.XPATH, self.SCC.List.ADD_A_CARD_BUTTON).click()\n                driver.find_element(By.XPATH, self.SCC.List.CARD_NAME_FIELD).click()\n                time.sleep(1)\n                driver.find_element(By.XPATH, self.SCC.List.CARD_NAME_FIELD).send_keys('new_card')\n                driver.find_element(By.XPATH, self.SCC.List.ADD_CARD_SUBMIT_BUTTOMN).click()\n                time.sleep(2)\n            except Exception as e:\n                log.info(\"An error occurred: \", str(e))\n    \n        with allure.step('Click the card to open and archive it'):\n>           driver.find_element(By.XPATH, self.SCC.List.CARD_TO_ARCHIVE).click()\n\ntests/regression_ui/test_ui_regression.py:206: \n_ _ _ _ _ _ _ _ _ _ _ _ _ _ _ _ _ _ _ _ _ _ _ _ _ _ _ _ _ _ _ _ _ _ _ _ _ _ _ _ \n/opt/hostedtoolcache/Python/3.12.5/x64/lib/python3.12/site-packages/selenium/webdriver/remote/webdriver.py:770: in find_element\n    return self.execute(Command.FIND_ELEMENT, {\"using\": by, \"value\": value})[\"value\"]\n/opt/hostedtoolcache/Python/3.12.5/x64/lib/python3.12/site-packages/selenium/webdriver/remote/webdriver.py:384: in execute\n    self.error_handler.check_response(response)\n_ _ _ _ _ _ _ _ _ _ _ _ _ _ _ _ _ _ _ _ _ _ _ _ _ _ _ _ _ _ _ _ _ _ _ _ _ _ _ _ \n\nself = <selenium.webdriver.remote.errorhandler.ErrorHandler object at 0x7fc4e20f94f0>\nresponse = {'status': 404, 'value': '{\"value\":{\"error\":\"no such element\",\"message\":\"no such element: Unable to locate element: {\\...\\\\n#17 0x555e6211c896 \\\\u003Cunknown>\\\\n#18 0x7fdf1189caa4 \\\\u003Cunknown>\\\\n#19 0x7fdf11929c3c \\\\u003Cunknown>\\\\n\"}}'}\n\n    def check_response(self, response: Dict[str, Any]) -> None:\n        \"\"\"Checks that a JSON response from the WebDriver does not have an\n        error.\n    \n        :Args:\n         - response - The JSON response from the WebDriver server as a dictionary\n           object.\n    \n        :Raises: If the response contains an error message.\n        \"\"\"\n        status = response.get(\"status\", None)\n        if not status or status == ErrorCode.SUCCESS:\n            return\n        value = None\n        message = response.get(\"message\", \"\")\n        screen: str = response.get(\"screen\", \"\")\n        stacktrace = None\n        if isinstance(status, int):\n            value_json = response.get(\"value\", None)\n            if value_json and isinstance(value_json, str):\n                import json\n    \n                try:\n                    value = json.loads(value_json)\n                    if len(value) == 1:\n                        value = value[\"value\"]\n                    status = value.get(\"error\", None)\n                    if not status:\n                        status = value.get(\"status\", ErrorCode.UNKNOWN_ERROR)\n                        message = value.get(\"value\") or value.get(\"message\")\n                        if not isinstance(message, str):\n                            value = message\n                            message = message.get(\"message\")\n                    else:\n                        message = value.get(\"message\", None)\n                except ValueError:\n                    pass\n    \n        exception_class: Type[WebDriverException]\n        e = ErrorCode()\n        error_codes = [item for item in dir(e) if not item.startswith(\"__\")]\n        for error_code in error_codes:\n            error_info = getattr(ErrorCode, error_code)\n            if isinstance(error_info, list) and status in error_info:\n                exception_class = getattr(ExceptionMapping, error_code, WebDriverException)\n                break\n        else:\n            exception_class = WebDriverException\n    \n        if not value:\n            value = response[\"value\"]\n        if isinstance(value, str):\n            raise exception_class(value)\n        if message == \"\" and \"message\" in value:\n            message = value[\"message\"]\n    \n        screen = None  # type: ignore[assignment]\n        if \"screen\" in value:\n            screen = value[\"screen\"]\n    \n        stacktrace = None\n        st_value = value.get(\"stackTrace\") or value.get(\"stacktrace\")\n        if st_value:\n            if isinstance(st_value, str):\n                stacktrace = st_value.split(\"\\n\")\n            else:\n                stacktrace = []\n                try:\n                    for frame in st_value:\n                        line = frame.get(\"lineNumber\", \"\")\n                        file = frame.get(\"fileName\", \"<anonymous>\")\n                        if line:\n                            file = f\"{file}:{line}\"\n                        meth = frame.get(\"methodName\", \"<anonymous>\")\n                        if \"className\" in frame:\n                            meth = f\"{frame['className']}.{meth}\"\n                        msg = \"    at %s (%s)\"\n                        msg = msg % (meth, file)\n                        stacktrace.append(msg)\n                except TypeError:\n                    pass\n        if exception_class == UnexpectedAlertPresentException:\n            alert_text = None\n            if \"data\" in value:\n                alert_text = value[\"data\"].get(\"text\")\n            elif \"alert\" in value:\n                alert_text = value[\"alert\"].get(\"text\")\n            raise exception_class(message, screen, stacktrace, alert_text)  # type: ignore[call-arg]  # mypy is not smart enough here\n>       raise exception_class(message, screen, stacktrace)\nE       selenium.common.exceptions.NoSuchElementException: Message: no such element: Unable to locate element: {\"method\":\"xpath\",\"selector\":\"//*[contains(text(), 'new_card')]\"}\nE         (Session info: chrome=134.0.6998.165); For documentation on this error, please visit: https://www.selenium.dev/documentation/webdriver/troubleshooting/errors#no-such-element-exception\nE       Stacktrace:\nE       #0 0x555e6211da1a <unknown>\nE       #1 0x555e61bd5390 <unknown>\nE       #2 0x555e61c26c85 <unknown>\nE       #3 0x555e61c26eb1 <unknown>\nE       #4 0x555e61c75d64 <unknown>\nE       #5 0x555e61c4cbfd <unknown>\nE       #6 0x555e61c7307b <unknown>\nE       #7 0x555e61c4c9a3 <unknown>\nE       #8 0x555e61c1860e <unknown>\nE       #9 0x555e61c19dd1 <unknown>\nE       #10 0x555e620e3ddb <unknown>\nE       #11 0x555e620e7cbc <unknown>\nE       #12 0x555e620cb392 <unknown>\nE       #13 0x555e620e8834 <unknown>\nE       #14 0x555e620af1ef <unknown>\nE       #15 0x555e6210c038 <unknown>\nE       #16 0x555e6210c216 <unknown>\nE       #17 0x555e6211c896 <unknown>\nE       #18 0x7fdf1189caa4 <unknown>\nE       #19 0x7fdf11929c3c <unknown>\n\n/opt/hostedtoolcache/Python/3.12.5/x64/lib/python3.12/site-packages/selenium/webdriver/remote/errorhandler.py:232: NoSuchElementException","steps":[{"name":"Log in to Trello account","time":{"start":1743488219369,"stop":1743488225924,"duration":6555},"status":"passed","steps":[{"name":"Navigate to the Trello page and enter valid credentials (email, password, and 6-digits verification code)","time":{"start":1743488219369,"stop":1743488225924,"duration":6555},"status":"passed","steps":[],"attachments":[],"parameters":[],"shouldDisplayMessage":false,"stepsCount":0,"attachmentsCount":0,"hasContent":false,"attachmentStep":false}],"attachments":[],"parameters":[],"shouldDisplayMessage":false,"stepsCount":1,"attachmentsCount":0,"hasContent":true,"attachmentStep":false},{"name":"Open a board and select a card","time":{"start":1743488225924,"stop":1743488236288,"duration":10364},"status":"passed","steps":[],"attachments":[],"parameters":[],"shouldDisplayMessage":false,"stepsCount":0,"attachmentsCount":0,"hasContent":false,"attachmentStep":false},{"name":"Click the card to open and archive it","time":{"start":1743488236288,"stop":1743488236304,"duration":16},"status":"broken","statusMessage":"selenium.common.exceptions.NoSuchElementException: Message: no such element: Unable to locate element: {\"method\":\"xpath\",\"selector\":\"//*[contains(text(), 'new_card')]\"}\n  (Session info: chrome=134.0.6998.165); For documentation on this error, please visit: https://www.selenium.dev/documentation/webdriver/troubleshooting/errors#no-such-element-exception\nStacktrace:\n#0 0x555e6211da1a <unknown>\n#1 0x555e61bd5390 <unknown>\n#2 0x555e61c26c85 <unknown>\n#3 0x555e61c26eb1 <unknown>\n#4 0x555e61c75d64 <unknown>\n#5 0x555e61c4cbfd <unknown>\n#6 0x555e61c7307b <unknown>\n#7 0x555e61c4c9a3 <unknown>\n#8 0x555e61c1860e <unknown>\n#9 0x555e61c19dd1 <unknown>\n#10 0x555e620e3ddb <unknown>\n#11 0x555e620e7cbc <unknown>\n#12 0x555e620cb392 <unknown>\n#13 0x555e620e8834 <unknown>\n#14 0x555e620af1ef <unknown>\n#15 0x555e6210c038 <unknown>\n#16 0x555e6210c216 <unknown>\n#17 0x555e6211c896 <unknown>\n#18 0x7fdf1189caa4 <unknown>\n#19 0x7fdf11929c3c <unknown>\n\n","statusTrace":"  File \"/home/runner/work/pythonSelenium/pythonSelenium/tests/regression_ui/test_ui_regression.py\", line 206, in test_archive_card\n    driver.find_element(By.XPATH, self.SCC.List.CARD_TO_ARCHIVE).click()\n    ^^^^^^^^^^^^^^^^^^^^^^^^^^^^^^^^^^^^^^^^^^^^^^^^^^^^^^^^^^^^\n  File \"/opt/hostedtoolcache/Python/3.12.5/x64/lib/python3.12/site-packages/selenium/webdriver/remote/webdriver.py\", line 770, in find_element\n    return self.execute(Command.FIND_ELEMENT, {\"using\": by, \"value\": value})[\"value\"]\n           ^^^^^^^^^^^^^^^^^^^^^^^^^^^^^^^^^^^^^^^^^^^^^^^^^^^^^^^^^^^^^^^^^\n  File \"/opt/hostedtoolcache/Python/3.12.5/x64/lib/python3.12/site-packages/selenium/webdriver/remote/webdriver.py\", line 384, in execute\n    self.error_handler.check_response(response)\n  File \"/opt/hostedtoolcache/Python/3.12.5/x64/lib/python3.12/site-packages/selenium/webdriver/remote/errorhandler.py\", line 232, in check_response\n    raise exception_class(message, screen, stacktrace)\n","steps":[],"attachments":[],"parameters":[],"shouldDisplayMessage":true,"stepsCount":0,"attachmentsCount":0,"hasContent":true,"attachmentStep":false}],"attachments":[],"parameters":[],"shouldDisplayMessage":true,"stepsCount":4,"attachmentsCount":0,"hasContent":true,"attachmentStep":false},"afterStages":[{"name":"driver::0","time":{"start":1743488236337,"stop":1743488236408,"duration":71},"status":"passed","steps":[],"attachments":[],"parameters":[],"shouldDisplayMessage":false,"stepsCount":0,"attachmentsCount":0,"hasContent":false,"attachmentStep":false}],"labels":[{"name":"tag","value":"TC006"},{"name":"tag","value":"TC000"},{"name":"parentSuite","value":"tests.regression_ui"},{"name":"suite","value":"test_ui_regression"},{"name":"subSuite","value":"TestUIRegression"},{"name":"host","value":"fv-az2211-234"},{"name":"thread","value":"4075-MainThread"},{"name":"framework","value":"pytest"},{"name":"language","value":"cpython3"},{"name":"package","value":"tests.regression_ui.test_ui_regression"},{"name":"resultFormat","value":"allure2"}],"parameters":[],"links":[],"hidden":false,"retry":false,"extra":{"severity":"normal","retries":[],"categories":[{"name":"Test defects","matchedStatuses":[]}],"history":{"statistic":{"failed":22,"broken":68,"skipped":0,"passed":554,"unknown":0,"total":644},"items":[{"uid":"4b5e7972075d20c3","status":"broken","statusDetails":"selenium.common.exceptions.NoSuchElementException: Message: no such element: Unable to locate element: {\"method\":\"xpath\",\"selector\":\"//*[contains(text(), 'new_card')]\"}\n  (Session info: chrome=134.0.6998.165); For documentation on this error, please visit: https://www.selenium.dev/documentation/webdriver/troubleshooting/errors#no-such-element-exception\nStacktrace:\n#0 0x561262976a1a <unknown>\n#1 0x56126242e390 <unknown>\n#2 0x56126247fc85 <unknown>\n#3 0x56126247feb1 <unknown>\n#4 0x5612624ced64 <unknown>\n#5 0x5612624a5bfd <unknown>\n#6 0x5612624cc07b <unknown>\n#7 0x5612624a59a3 <unknown>\n#8 0x56126247160e <unknown>\n#9 0x561262472dd1 <unknown>\n#10 0x56126293cddb <unknown>\n#11 0x561262940cbc <unknown>\n#12 0x561262924392 <unknown>\n#13 0x561262941834 <unknown>\n#14 0x5612629081ef <unknown>\n#15 0x561262965038 <unknown>\n#16 0x561262965216 <unknown>\n#17 0x561262975896 <unknown>\n#18 0x7fac8f69caa4 <unknown>\n#19 0x7fac8f729c3c <unknown>","time":{"start":1743478781251,"stop":1743478822386,"duration":41135}},{"uid":"f1dd49d0b48909cb","status":"broken","statusDetails":"selenium.common.exceptions.NoSuchElementException: Message: no such element: Unable to locate element: {\"method\":\"xpath\",\"selector\":\"//*[contains(text(), 'new_card')]\"}\n  (Session info: chrome=134.0.6998.165); For documentation on this error, please visit: https://www.selenium.dev/documentation/webdriver/troubleshooting/errors#no-such-element-exception\nStacktrace:\n#0 0x563deedd2a1a <unknown>\n#1 0x563dee88a390 <unknown>\n#2 0x563dee8dbc85 <unknown>\n#3 0x563dee8dbeb1 <unknown>\n#4 0x563dee92ad64 <unknown>\n#5 0x563dee901bfd <unknown>\n#6 0x563dee92807b <unknown>\n#7 0x563dee9019a3 <unknown>\n#8 0x563dee8cd60e <unknown>\n#9 0x563dee8cedd1 <unknown>\n#10 0x563deed98ddb <unknown>\n#11 0x563deed9ccbc <unknown>\n#12 0x563deed80392 <unknown>\n#13 0x563deed9d834 <unknown>\n#14 0x563deed641ef <unknown>\n#15 0x563deedc1038 <unknown>\n#16 0x563deedc1216 <unknown>\n#17 0x563deedd1896 <unknown>\n#18 0x7febd129caa4 <unknown>\n#19 0x7febd1329c3c <unknown>","time":{"start":1743468799123,"stop":1743468840893,"duration":41770}},{"uid":"db937c71bbe93ce2","status":"passed","time":{"start":1743455458024,"stop":1743455478839,"duration":20815}},{"uid":"9cbf88328341b7d4","status":"passed","time":{"start":1743444897164,"stop":1743444917113,"duration":19949}},{"uid":"33703ead26fc5622","status":"passed","time":{"start":1743433919621,"stop":1743433940348,"duration":20727}},{"uid":"fcc361040191b412","status":"broken","statusDetails":"selenium.common.exceptions.NoSuchElementException: Message: no such element: Unable to locate element: {\"method\":\"xpath\",\"selector\":\"//*[contains(text(), 'new_card')]\"}\n  (Session info: chrome=134.0.6998.165); For documentation on this error, please visit: https://www.selenium.dev/documentation/webdriver/troubleshooting/errors#no-such-element-exception\nStacktrace:\n#0 0x55b2def92ffa <unknown>\n#1 0x55b2dea51970 <unknown>\n#2 0x55b2deaa3385 <unknown>\n#3 0x55b2deaa35b1 <unknown>\n#4 0x55b2deaf23c4 <unknown>\n#5 0x55b2deac92bd <unknown>\n#6 0x55b2deaef70c <unknown>\n#7 0x55b2deac9063 <unknown>\n#8 0x55b2dea95328 <unknown>\n#9 0x55b2dea96491 <unknown>\n#10 0x55b2def5a42b <unknown>\n#11 0x55b2def5e2ec <unknown>\n#12 0x55b2def41a22 <unknown>\n#13 0x55b2def5ee64 <unknown>\n#14 0x55b2def25bef <unknown>\n#15 0x55b2def81558 <unknown>\n#16 0x55b2def81736 <unknown>\n#17 0x55b2def91e76 <unknown>\n#18 0x7f5902c9caa4 <unknown>\n#19 0x7f5902d29c3c <unknown>","time":{"start":1743423592414,"stop":1743423633633,"duration":41219}},{"uid":"c6feb8ac1786d757","status":"passed","time":{"start":1743412379990,"stop":1743412400047,"duration":20057}},{"uid":"3777e8b590031b4e","status":"broken","statusDetails":"selenium.common.exceptions.NoSuchElementException: Message: no such element: Unable to locate element: {\"method\":\"xpath\",\"selector\":\"//*[contains(text(), 'new_card')]\"}\n  (Session info: chrome=134.0.6998.165); For documentation on this error, please visit: https://www.selenium.dev/documentation/webdriver/troubleshooting/errors#no-such-element-exception\nStacktrace:\n#0 0x56342c0baffa <unknown>\n#1 0x56342bb79970 <unknown>\n#2 0x56342bbcb385 <unknown>\n#3 0x56342bbcb5b1 <unknown>\n#4 0x56342bc1a3c4 <unknown>\n#5 0x56342bbf12bd <unknown>\n#6 0x56342bc1770c <unknown>\n#7 0x56342bbf1063 <unknown>\n#8 0x56342bbbd328 <unknown>\n#9 0x56342bbbe491 <unknown>\n#10 0x56342c08242b <unknown>\n#11 0x56342c0862ec <unknown>\n#12 0x56342c069a22 <unknown>\n#13 0x56342c086e64 <unknown>\n#14 0x56342c04dbef <unknown>\n#15 0x56342c0a9558 <unknown>\n#16 0x56342c0a9736 <unknown>\n#17 0x56342c0b9e76 <unknown>\n#18 0x7ff473c9caa4 <unknown>\n#19 0x7ff473d29c3c <unknown>","time":{"start":1743401803265,"stop":1743401844526,"duration":41261}},{"uid":"8864729ae1f27b05","status":"broken","statusDetails":"selenium.common.exceptions.NoSuchElementException: Message: no such element: Unable to locate element: {\"method\":\"xpath\",\"selector\":\"//*[contains(text(), 'new_card')]\"}\n  (Session info: chrome=134.0.6998.165); For documentation on this error, please visit: https://www.selenium.dev/documentation/webdriver/troubleshooting/errors#no-such-element-exception\nStacktrace:\n#0 0x55c6f44c0a1a <unknown>\n#1 0x55c6f3f78390 <unknown>\n#2 0x55c6f3fc9c85 <unknown>\n#3 0x55c6f3fc9eb1 <unknown>\n#4 0x55c6f4018d64 <unknown>\n#5 0x55c6f3fefbfd <unknown>\n#6 0x55c6f401607b <unknown>\n#7 0x55c6f3fef9a3 <unknown>\n#8 0x55c6f3fbb60e <unknown>\n#9 0x55c6f3fbcdd1 <unknown>\n#10 0x55c6f4486ddb <unknown>\n#11 0x55c6f448acbc <unknown>\n#12 0x55c6f446e392 <unknown>\n#13 0x55c6f448b834 <unknown>\n#14 0x55c6f44521ef <unknown>\n#15 0x55c6f44af038 <unknown>\n#16 0x55c6f44af216 <unknown>\n#17 0x55c6f44bf896 <unknown>\n#18 0x7fbb1b89caa4 <unknown>\n#19 0x7fbb1b929c3c <unknown>","time":{"start":1743392025443,"stop":1743392067236,"duration":41793}},{"uid":"f0dcb2824174bbb2","status":"broken","statusDetails":"selenium.common.exceptions.NoSuchElementException: Message: no such element: Unable to locate element: {\"method\":\"xpath\",\"selector\":\"//*[contains(text(), 'new_card')]\"}\n  (Session info: chrome=134.0.6998.165); For documentation on this error, please visit: https://www.selenium.dev/documentation/webdriver/troubleshooting/errors#no-such-element-exception\nStacktrace:\n#0 0x5624ef959ffa <unknown>\n#1 0x5624ef418970 <unknown>\n#2 0x5624ef46a385 <unknown>\n#3 0x5624ef46a5b1 <unknown>\n#4 0x5624ef4b93c4 <unknown>\n#5 0x5624ef4902bd <unknown>\n#6 0x5624ef4b670c <unknown>\n#7 0x5624ef490063 <unknown>\n#8 0x5624ef45c328 <unknown>\n#9 0x5624ef45d491 <unknown>\n#10 0x5624ef92142b <unknown>\n#11 0x5624ef9252ec <unknown>\n#12 0x5624ef908a22 <unknown>\n#13 0x5624ef925e64 <unknown>\n#14 0x5624ef8ecbef <unknown>\n#15 0x5624ef948558 <unknown>\n#16 0x5624ef948736 <unknown>\n#17 0x5624ef958e76 <unknown>\n#18 0x7f42e709caa4 <unknown>\n#19 0x7f42e7129c3c <unknown>","time":{"start":1743382134606,"stop":1743382175923,"duration":41317}},{"uid":"5599df151ae748c9","status":"broken","statusDetails":"selenium.common.exceptions.NoSuchElementException: Message: no such element: Unable to locate element: {\"method\":\"xpath\",\"selector\":\"//*[contains(text(), 'new_card')]\"}\n  (Session info: chrome=134.0.6998.165); For documentation on this error, please visit: https://www.selenium.dev/documentation/webdriver/troubleshooting/errors#no-such-element-exception\nStacktrace:\n#0 0x561ca8f50ffa <unknown>\n#1 0x561ca8a0f970 <unknown>\n#2 0x561ca8a61385 <unknown>\n#3 0x561ca8a615b1 <unknown>\n#4 0x561ca8ab03c4 <unknown>\n#5 0x561ca8a872bd <unknown>\n#6 0x561ca8aad70c <unknown>\n#7 0x561ca8a87063 <unknown>\n#8 0x561ca8a53328 <unknown>\n#9 0x561ca8a54491 <unknown>\n#10 0x561ca8f1842b <unknown>\n#11 0x561ca8f1c2ec <unknown>\n#12 0x561ca8effa22 <unknown>\n#13 0x561ca8f1ce64 <unknown>\n#14 0x561ca8ee3bef <unknown>\n#15 0x561ca8f3f558 <unknown>\n#16 0x561ca8f3f736 <unknown>\n#17 0x561ca8f4fe76 <unknown>\n#18 0x7fe5ff29caa4 <unknown>\n#19 0x7fe5ff329c3c <unknown>","time":{"start":1743369082380,"stop":1743369124186,"duration":41806}},{"uid":"ccb600b6fad7b706","status":"passed","time":{"start":1743358377656,"stop":1743358397604,"duration":19948}},{"uid":"250c4db8364c79d","status":"passed","time":{"start":1743347427190,"stop":1743347447435,"duration":20245}},{"uid":"a5da1f13a1b269c8","status":"broken","statusDetails":"selenium.common.exceptions.NoSuchElementException: Message: no such element: Unable to locate element: {\"method\":\"xpath\",\"selector\":\"//*[contains(text(), 'new_card')]\"}\n  (Session info: chrome=134.0.6998.165); For documentation on this error, please visit: https://www.selenium.dev/documentation/webdriver/troubleshooting/errors#no-such-element-exception\nStacktrace:\n#0 0x55ab98716ffa <unknown>\n#1 0x55ab981d5970 <unknown>\n#2 0x55ab98227385 <unknown>\n#3 0x55ab982275b1 <unknown>\n#4 0x55ab982763c4 <unknown>\n#5 0x55ab9824d2bd <unknown>\n#6 0x55ab9827370c <unknown>\n#7 0x55ab9824d063 <unknown>\n#8 0x55ab98219328 <unknown>\n#9 0x55ab9821a491 <unknown>\n#10 0x55ab986de42b <unknown>\n#11 0x55ab986e22ec <unknown>\n#12 0x55ab986c5a22 <unknown>\n#13 0x55ab986e2e64 <unknown>\n#14 0x55ab986a9bef <unknown>\n#15 0x55ab98705558 <unknown>\n#16 0x55ab98705736 <unknown>\n#17 0x55ab98715e76 <unknown>\n#18 0x7f52c969caa4 <unknown>\n#19 0x7f52c9729c3c <unknown>","time":{"start":1743337046919,"stop":1743337068239,"duration":21320}},{"uid":"4e43c980e4f3d79b","status":"passed","time":{"start":1743325860304,"stop":1743325880401,"duration":20097}},{"uid":"d5dd3977b09d8787","status":"broken","statusDetails":"selenium.common.exceptions.NoSuchElementException: Message: no such element: Unable to locate element: {\"method\":\"xpath\",\"selector\":\"//*[contains(text(), 'new_card')]\"}\n  (Session info: chrome=134.0.6998.165); For documentation on this error, please visit: https://www.selenium.dev/documentation/webdriver/troubleshooting/errors#no-such-element-exception\nStacktrace:\n#0 0x563f1e8c1ffa <unknown>\n#1 0x563f1e380970 <unknown>\n#2 0x563f1e3d2385 <unknown>\n#3 0x563f1e3d25b1 <unknown>\n#4 0x563f1e4213c4 <unknown>\n#5 0x563f1e3f82bd <unknown>\n#6 0x563f1e41e70c <unknown>\n#7 0x563f1e3f8063 <unknown>\n#8 0x563f1e3c4328 <unknown>\n#9 0x563f1e3c5491 <unknown>\n#10 0x563f1e88942b <unknown>\n#11 0x563f1e88d2ec <unknown>\n#12 0x563f1e870a22 <unknown>\n#13 0x563f1e88de64 <unknown>\n#14 0x563f1e854bef <unknown>\n#15 0x563f1e8b0558 <unknown>\n#16 0x563f1e8b0736 <unknown>\n#17 0x563f1e8c0e76 <unknown>\n#18 0x7f6bc929caa4 <unknown>\n#19 0x7f6bc9329c3c <unknown>","time":{"start":1743315346685,"stop":1743315387936,"duration":41251}},{"uid":"b433a725b1b48f78","status":"broken","statusDetails":"selenium.common.exceptions.NoSuchElementException: Message: no such element: Unable to locate element: {\"method\":\"xpath\",\"selector\":\"//*[contains(text(), 'new_card')]\"}\n  (Session info: chrome=134.0.6998.165); For documentation on this error, please visit: https://www.selenium.dev/documentation/webdriver/troubleshooting/errors#no-such-element-exception\nStacktrace:\n#0 0x55afd969fa1a <unknown>\n#1 0x55afd9157390 <unknown>\n#2 0x55afd91a8c85 <unknown>\n#3 0x55afd91a8eb1 <unknown>\n#4 0x55afd91f7d64 <unknown>\n#5 0x55afd91cebfd <unknown>\n#6 0x55afd91f507b <unknown>\n#7 0x55afd91ce9a3 <unknown>\n#8 0x55afd919a60e <unknown>\n#9 0x55afd919bdd1 <unknown>\n#10 0x55afd9665ddb <unknown>\n#11 0x55afd9669cbc <unknown>\n#12 0x55afd964d392 <unknown>\n#13 0x55afd966a834 <unknown>\n#14 0x55afd96311ef <unknown>\n#15 0x55afd968e038 <unknown>\n#16 0x55afd968e216 <unknown>\n#17 0x55afd969e896 <unknown>\n#18 0x7fb3c8e9caa4 <unknown>\n#19 0x7fb3c8f29c3c <unknown>","time":{"start":1743305535122,"stop":1743305577039,"duration":41917}},{"uid":"1a980ca215671d57","status":"passed","time":{"start":1743295742762,"stop":1743295762413,"duration":19651}},{"uid":"3222736b675516c3","status":"passed","time":{"start":1743282660726,"stop":1743282681106,"duration":20380}},{"uid":"90ec8be3e6b2826","status":"broken","statusDetails":"selenium.common.exceptions.NoSuchElementException: Message: no such element: Unable to locate element: {\"method\":\"xpath\",\"selector\":\"//*[contains(text(), 'new_card')]\"}\n  (Session info: chrome=134.0.6998.165); For documentation on this error, please visit: https://www.selenium.dev/documentation/webdriver/troubleshooting/errors#no-such-element-exception\nStacktrace:\n#0 0x561f4c5c8ffa <unknown>\n#1 0x561f4c087970 <unknown>\n#2 0x561f4c0d9385 <unknown>\n#3 0x561f4c0d95b1 <unknown>\n#4 0x561f4c1283c4 <unknown>\n#5 0x561f4c0ff2bd <unknown>\n#6 0x561f4c12570c <unknown>\n#7 0x561f4c0ff063 <unknown>\n#8 0x561f4c0cb328 <unknown>\n#9 0x561f4c0cc491 <unknown>\n#10 0x561f4c59042b <unknown>\n#11 0x561f4c5942ec <unknown>\n#12 0x561f4c577a22 <unknown>\n#13 0x561f4c594e64 <unknown>\n#14 0x561f4c55bbef <unknown>\n#15 0x561f4c5b7558 <unknown>\n#16 0x561f4c5b7736 <unknown>\n#17 0x561f4c5c7e76 <unknown>\n#18 0x7fca3249caa4 <unknown>\n#19 0x7fca32529c3c <unknown>","time":{"start":1743272005275,"stop":1743272026725,"duration":21450}}]},"tags":["TC006","TC000"]},"source":"168a38a43c37f29f.json","parameterValues":[]}