{"uid":"18da10d0b666239d","name":"Archive a card","fullName":"tests.regression_ui.test_ui_regression.TestUIRegression#test_archive_card","historyId":"4151bed777d70c35651f4626d00b86b5","time":{"start":1738692901395,"stop":1738692943787,"duration":42392},"status":"broken","statusMessage":"selenium.common.exceptions.NoSuchElementException: Message: no such element: Unable to locate element: {\"method\":\"xpath\",\"selector\":\"//*[contains(text(), 'new_card')]\"}\n  (Session info: chrome=133.0.6943.53); For documentation on this error, please visit: https://www.selenium.dev/documentation/webdriver/troubleshooting/errors#no-such-element-exception\nStacktrace:\n#0 0x55aced4dedca <unknown>\n#1 0x55acecfd53f0 <unknown>\n#2 0x55aced02510c <unknown>\n#3 0x55aced025331 <unknown>\n#4 0x55aced06b154 <unknown>\n#5 0x55aced049abd <unknown>\n#6 0x55aced0684b3 <unknown>\n#7 0x55aced049833 <unknown>\n#8 0x55aced0165a0 <unknown>\n#9 0x55aced017ece <unknown>\n#10 0x55aced4a8bdb <unknown>\n#11 0x55aced4acb67 <unknown>\n#12 0x55aced4943bc <unknown>\n#13 0x55aced4ad727 <unknown>\n#14 0x55aced47874f <unknown>\n#15 0x55aced4cd938 <unknown>\n#16 0x55aced4cdb00 <unknown>\n#17 0x55aced4ddc46 <unknown>\n#18 0x7ff88389ca94 <unknown>\n#19 0x7ff883929c3c <unknown>","statusTrace":"self = <tests.regression_ui.test_ui_regression.TestUIRegression object at 0x7faccc6b27e0>\ndriver = <selenium.webdriver.chrome.webdriver.WebDriver (session=\"040739b29f378ee38e8d98216c1214e3\")>\n\n    @pytest.mark.TC000\n    @pytest.mark.TC006\n    @allure.title('Archive a card')\n    def test_archive_card(self, driver):\n        time.sleep(5)\n        with allure.step('Log in to Trello account'):\n            self.test_login(driver)\n    \n        with allure.step('Open a board and select a card'):\n            try:\n                WebDriverWait(driver, 30).until(EC.element_to_be_clickable((By.XPATH, self.SCC.Board.BOARD_TITLE))).click()\n                WebDriverWait(driver, 10).until(EC.visibility_of_element_located((By.XPATH, self.SCC.Board.LIST_TITLE))).click()\n                driver.find_element(By.XPATH, self.SCC.List.ADD_A_CARD_BUTTON).click()\n                driver.find_element(By.XPATH, self.SCC.List.CARD_NAME_FIELD).click()\n                time.sleep(1)\n                driver.find_element(By.XPATH, self.SCC.List.CARD_NAME_FIELD).send_keys('new_card')\n                driver.find_element(By.XPATH, self.SCC.List.ADD_CARD_SUBMIT_BUTTOMN).click()\n                time.sleep(2)\n            except Exception as e:\n                log.info(\"An error occurred: \", str(e))\n    \n        with allure.step('Click the card to open and archive it'):\n>           driver.find_element(By.XPATH, self.SCC.List.CARD_TO_ARCHIVE).click()\n\ntests/regression_ui/test_ui_regression.py:206: \n_ _ _ _ _ _ _ _ _ _ _ _ _ _ _ _ _ _ _ _ _ _ _ _ _ _ _ _ _ _ _ _ _ _ _ _ _ _ _ _ \n/opt/hostedtoolcache/Python/3.12.5/x64/lib/python3.12/site-packages/selenium/webdriver/remote/webdriver.py:770: in find_element\n    return self.execute(Command.FIND_ELEMENT, {\"using\": by, \"value\": value})[\"value\"]\n/opt/hostedtoolcache/Python/3.12.5/x64/lib/python3.12/site-packages/selenium/webdriver/remote/webdriver.py:384: in execute\n    self.error_handler.check_response(response)\n_ _ _ _ _ _ _ _ _ _ _ _ _ _ _ _ _ _ _ _ _ _ _ _ _ _ _ _ _ _ _ _ _ _ _ _ _ _ _ _ \n\nself = <selenium.webdriver.remote.errorhandler.ErrorHandler object at 0x7faccc7093a0>\nresponse = {'status': 404, 'value': '{\"value\":{\"error\":\"no such element\",\"message\":\"no such element: Unable to locate element: {\\...\\\\n#17 0x55aced4ddc46 \\\\u003Cunknown>\\\\n#18 0x7ff88389ca94 \\\\u003Cunknown>\\\\n#19 0x7ff883929c3c \\\\u003Cunknown>\\\\n\"}}'}\n\n    def check_response(self, response: Dict[str, Any]) -> None:\n        \"\"\"Checks that a JSON response from the WebDriver does not have an\n        error.\n    \n        :Args:\n         - response - The JSON response from the WebDriver server as a dictionary\n           object.\n    \n        :Raises: If the response contains an error message.\n        \"\"\"\n        status = response.get(\"status\", None)\n        if not status or status == ErrorCode.SUCCESS:\n            return\n        value = None\n        message = response.get(\"message\", \"\")\n        screen: str = response.get(\"screen\", \"\")\n        stacktrace = None\n        if isinstance(status, int):\n            value_json = response.get(\"value\", None)\n            if value_json and isinstance(value_json, str):\n                import json\n    \n                try:\n                    value = json.loads(value_json)\n                    if len(value) == 1:\n                        value = value[\"value\"]\n                    status = value.get(\"error\", None)\n                    if not status:\n                        status = value.get(\"status\", ErrorCode.UNKNOWN_ERROR)\n                        message = value.get(\"value\") or value.get(\"message\")\n                        if not isinstance(message, str):\n                            value = message\n                            message = message.get(\"message\")\n                    else:\n                        message = value.get(\"message\", None)\n                except ValueError:\n                    pass\n    \n        exception_class: Type[WebDriverException]\n        e = ErrorCode()\n        error_codes = [item for item in dir(e) if not item.startswith(\"__\")]\n        for error_code in error_codes:\n            error_info = getattr(ErrorCode, error_code)\n            if isinstance(error_info, list) and status in error_info:\n                exception_class = getattr(ExceptionMapping, error_code, WebDriverException)\n                break\n        else:\n            exception_class = WebDriverException\n    \n        if not value:\n            value = response[\"value\"]\n        if isinstance(value, str):\n            raise exception_class(value)\n        if message == \"\" and \"message\" in value:\n            message = value[\"message\"]\n    \n        screen = None  # type: ignore[assignment]\n        if \"screen\" in value:\n            screen = value[\"screen\"]\n    \n        stacktrace = None\n        st_value = value.get(\"stackTrace\") or value.get(\"stacktrace\")\n        if st_value:\n            if isinstance(st_value, str):\n                stacktrace = st_value.split(\"\\n\")\n            else:\n                stacktrace = []\n                try:\n                    for frame in st_value:\n                        line = frame.get(\"lineNumber\", \"\")\n                        file = frame.get(\"fileName\", \"<anonymous>\")\n                        if line:\n                            file = f\"{file}:{line}\"\n                        meth = frame.get(\"methodName\", \"<anonymous>\")\n                        if \"className\" in frame:\n                            meth = f\"{frame['className']}.{meth}\"\n                        msg = \"    at %s (%s)\"\n                        msg = msg % (meth, file)\n                        stacktrace.append(msg)\n                except TypeError:\n                    pass\n        if exception_class == UnexpectedAlertPresentException:\n            alert_text = None\n            if \"data\" in value:\n                alert_text = value[\"data\"].get(\"text\")\n            elif \"alert\" in value:\n                alert_text = value[\"alert\"].get(\"text\")\n            raise exception_class(message, screen, stacktrace, alert_text)  # type: ignore[call-arg]  # mypy is not smart enough here\n>       raise exception_class(message, screen, stacktrace)\nE       selenium.common.exceptions.NoSuchElementException: Message: no such element: Unable to locate element: {\"method\":\"xpath\",\"selector\":\"//*[contains(text(), 'new_card')]\"}\nE         (Session info: chrome=133.0.6943.53); For documentation on this error, please visit: https://www.selenium.dev/documentation/webdriver/troubleshooting/errors#no-such-element-exception\nE       Stacktrace:\nE       #0 0x55aced4dedca <unknown>\nE       #1 0x55acecfd53f0 <unknown>\nE       #2 0x55aced02510c <unknown>\nE       #3 0x55aced025331 <unknown>\nE       #4 0x55aced06b154 <unknown>\nE       #5 0x55aced049abd <unknown>\nE       #6 0x55aced0684b3 <unknown>\nE       #7 0x55aced049833 <unknown>\nE       #8 0x55aced0165a0 <unknown>\nE       #9 0x55aced017ece <unknown>\nE       #10 0x55aced4a8bdb <unknown>\nE       #11 0x55aced4acb67 <unknown>\nE       #12 0x55aced4943bc <unknown>\nE       #13 0x55aced4ad727 <unknown>\nE       #14 0x55aced47874f <unknown>\nE       #15 0x55aced4cd938 <unknown>\nE       #16 0x55aced4cdb00 <unknown>\nE       #17 0x55aced4ddc46 <unknown>\nE       #18 0x7ff88389ca94 <unknown>\nE       #19 0x7ff883929c3c <unknown>\n\n/opt/hostedtoolcache/Python/3.12.5/x64/lib/python3.12/site-packages/selenium/webdriver/remote/errorhandler.py:232: NoSuchElementException","flaky":false,"newFailed":false,"newBroken":true,"newPassed":false,"retriesCount":0,"retriesStatusChange":false,"beforeStages":[{"name":"driver","time":{"start":1738692901140,"stop":1738692901394,"duration":254},"status":"passed","steps":[],"attachments":[],"parameters":[],"shouldDisplayMessage":false,"stepsCount":0,"attachmentsCount":0,"hasContent":false,"attachmentStep":false},{"name":"setup","time":{"start":1738692901395,"stop":1738692901395,"duration":0},"status":"passed","steps":[],"attachments":[],"parameters":[],"shouldDisplayMessage":false,"stepsCount":0,"attachmentsCount":0,"hasContent":false,"attachmentStep":false}],"testStage":{"status":"broken","statusMessage":"selenium.common.exceptions.NoSuchElementException: Message: no such element: Unable to locate element: {\"method\":\"xpath\",\"selector\":\"//*[contains(text(), 'new_card')]\"}\n  (Session info: chrome=133.0.6943.53); For documentation on this error, please visit: https://www.selenium.dev/documentation/webdriver/troubleshooting/errors#no-such-element-exception\nStacktrace:\n#0 0x55aced4dedca <unknown>\n#1 0x55acecfd53f0 <unknown>\n#2 0x55aced02510c <unknown>\n#3 0x55aced025331 <unknown>\n#4 0x55aced06b154 <unknown>\n#5 0x55aced049abd <unknown>\n#6 0x55aced0684b3 <unknown>\n#7 0x55aced049833 <unknown>\n#8 0x55aced0165a0 <unknown>\n#9 0x55aced017ece <unknown>\n#10 0x55aced4a8bdb <unknown>\n#11 0x55aced4acb67 <unknown>\n#12 0x55aced4943bc <unknown>\n#13 0x55aced4ad727 <unknown>\n#14 0x55aced47874f <unknown>\n#15 0x55aced4cd938 <unknown>\n#16 0x55aced4cdb00 <unknown>\n#17 0x55aced4ddc46 <unknown>\n#18 0x7ff88389ca94 <unknown>\n#19 0x7ff883929c3c <unknown>","statusTrace":"self = <tests.regression_ui.test_ui_regression.TestUIRegression object at 0x7faccc6b27e0>\ndriver = <selenium.webdriver.chrome.webdriver.WebDriver (session=\"040739b29f378ee38e8d98216c1214e3\")>\n\n    @pytest.mark.TC000\n    @pytest.mark.TC006\n    @allure.title('Archive a card')\n    def test_archive_card(self, driver):\n        time.sleep(5)\n        with allure.step('Log in to Trello account'):\n            self.test_login(driver)\n    \n        with allure.step('Open a board and select a card'):\n            try:\n                WebDriverWait(driver, 30).until(EC.element_to_be_clickable((By.XPATH, self.SCC.Board.BOARD_TITLE))).click()\n                WebDriverWait(driver, 10).until(EC.visibility_of_element_located((By.XPATH, self.SCC.Board.LIST_TITLE))).click()\n                driver.find_element(By.XPATH, self.SCC.List.ADD_A_CARD_BUTTON).click()\n                driver.find_element(By.XPATH, self.SCC.List.CARD_NAME_FIELD).click()\n                time.sleep(1)\n                driver.find_element(By.XPATH, self.SCC.List.CARD_NAME_FIELD).send_keys('new_card')\n                driver.find_element(By.XPATH, self.SCC.List.ADD_CARD_SUBMIT_BUTTOMN).click()\n                time.sleep(2)\n            except Exception as e:\n                log.info(\"An error occurred: \", str(e))\n    \n        with allure.step('Click the card to open and archive it'):\n>           driver.find_element(By.XPATH, self.SCC.List.CARD_TO_ARCHIVE).click()\n\ntests/regression_ui/test_ui_regression.py:206: \n_ _ _ _ _ _ _ _ _ _ _ _ _ _ _ _ _ _ _ _ _ _ _ _ _ _ _ _ _ _ _ _ _ _ _ _ _ _ _ _ \n/opt/hostedtoolcache/Python/3.12.5/x64/lib/python3.12/site-packages/selenium/webdriver/remote/webdriver.py:770: in find_element\n    return self.execute(Command.FIND_ELEMENT, {\"using\": by, \"value\": value})[\"value\"]\n/opt/hostedtoolcache/Python/3.12.5/x64/lib/python3.12/site-packages/selenium/webdriver/remote/webdriver.py:384: in execute\n    self.error_handler.check_response(response)\n_ _ _ _ _ _ _ _ _ _ _ _ _ _ _ _ _ _ _ _ _ _ _ _ _ _ _ _ _ _ _ _ _ _ _ _ _ _ _ _ \n\nself = <selenium.webdriver.remote.errorhandler.ErrorHandler object at 0x7faccc7093a0>\nresponse = {'status': 404, 'value': '{\"value\":{\"error\":\"no such element\",\"message\":\"no such element: Unable to locate element: {\\...\\\\n#17 0x55aced4ddc46 \\\\u003Cunknown>\\\\n#18 0x7ff88389ca94 \\\\u003Cunknown>\\\\n#19 0x7ff883929c3c \\\\u003Cunknown>\\\\n\"}}'}\n\n    def check_response(self, response: Dict[str, Any]) -> None:\n        \"\"\"Checks that a JSON response from the WebDriver does not have an\n        error.\n    \n        :Args:\n         - response - The JSON response from the WebDriver server as a dictionary\n           object.\n    \n        :Raises: If the response contains an error message.\n        \"\"\"\n        status = response.get(\"status\", None)\n        if not status or status == ErrorCode.SUCCESS:\n            return\n        value = None\n        message = response.get(\"message\", \"\")\n        screen: str = response.get(\"screen\", \"\")\n        stacktrace = None\n        if isinstance(status, int):\n            value_json = response.get(\"value\", None)\n            if value_json and isinstance(value_json, str):\n                import json\n    \n                try:\n                    value = json.loads(value_json)\n                    if len(value) == 1:\n                        value = value[\"value\"]\n                    status = value.get(\"error\", None)\n                    if not status:\n                        status = value.get(\"status\", ErrorCode.UNKNOWN_ERROR)\n                        message = value.get(\"value\") or value.get(\"message\")\n                        if not isinstance(message, str):\n                            value = message\n                            message = message.get(\"message\")\n                    else:\n                        message = value.get(\"message\", None)\n                except ValueError:\n                    pass\n    \n        exception_class: Type[WebDriverException]\n        e = ErrorCode()\n        error_codes = [item for item in dir(e) if not item.startswith(\"__\")]\n        for error_code in error_codes:\n            error_info = getattr(ErrorCode, error_code)\n            if isinstance(error_info, list) and status in error_info:\n                exception_class = getattr(ExceptionMapping, error_code, WebDriverException)\n                break\n        else:\n            exception_class = WebDriverException\n    \n        if not value:\n            value = response[\"value\"]\n        if isinstance(value, str):\n            raise exception_class(value)\n        if message == \"\" and \"message\" in value:\n            message = value[\"message\"]\n    \n        screen = None  # type: ignore[assignment]\n        if \"screen\" in value:\n            screen = value[\"screen\"]\n    \n        stacktrace = None\n        st_value = value.get(\"stackTrace\") or value.get(\"stacktrace\")\n        if st_value:\n            if isinstance(st_value, str):\n                stacktrace = st_value.split(\"\\n\")\n            else:\n                stacktrace = []\n                try:\n                    for frame in st_value:\n                        line = frame.get(\"lineNumber\", \"\")\n                        file = frame.get(\"fileName\", \"<anonymous>\")\n                        if line:\n                            file = f\"{file}:{line}\"\n                        meth = frame.get(\"methodName\", \"<anonymous>\")\n                        if \"className\" in frame:\n                            meth = f\"{frame['className']}.{meth}\"\n                        msg = \"    at %s (%s)\"\n                        msg = msg % (meth, file)\n                        stacktrace.append(msg)\n                except TypeError:\n                    pass\n        if exception_class == UnexpectedAlertPresentException:\n            alert_text = None\n            if \"data\" in value:\n                alert_text = value[\"data\"].get(\"text\")\n            elif \"alert\" in value:\n                alert_text = value[\"alert\"].get(\"text\")\n            raise exception_class(message, screen, stacktrace, alert_text)  # type: ignore[call-arg]  # mypy is not smart enough here\n>       raise exception_class(message, screen, stacktrace)\nE       selenium.common.exceptions.NoSuchElementException: Message: no such element: Unable to locate element: {\"method\":\"xpath\",\"selector\":\"//*[contains(text(), 'new_card')]\"}\nE         (Session info: chrome=133.0.6943.53); For documentation on this error, please visit: https://www.selenium.dev/documentation/webdriver/troubleshooting/errors#no-such-element-exception\nE       Stacktrace:\nE       #0 0x55aced4dedca <unknown>\nE       #1 0x55acecfd53f0 <unknown>\nE       #2 0x55aced02510c <unknown>\nE       #3 0x55aced025331 <unknown>\nE       #4 0x55aced06b154 <unknown>\nE       #5 0x55aced049abd <unknown>\nE       #6 0x55aced0684b3 <unknown>\nE       #7 0x55aced049833 <unknown>\nE       #8 0x55aced0165a0 <unknown>\nE       #9 0x55aced017ece <unknown>\nE       #10 0x55aced4a8bdb <unknown>\nE       #11 0x55aced4acb67 <unknown>\nE       #12 0x55aced4943bc <unknown>\nE       #13 0x55aced4ad727 <unknown>\nE       #14 0x55aced47874f <unknown>\nE       #15 0x55aced4cd938 <unknown>\nE       #16 0x55aced4cdb00 <unknown>\nE       #17 0x55aced4ddc46 <unknown>\nE       #18 0x7ff88389ca94 <unknown>\nE       #19 0x7ff883929c3c <unknown>\n\n/opt/hostedtoolcache/Python/3.12.5/x64/lib/python3.12/site-packages/selenium/webdriver/remote/errorhandler.py:232: NoSuchElementException","steps":[{"name":"Log in to Trello account","time":{"start":1738692906395,"stop":1738692913477,"duration":7082},"status":"passed","steps":[{"name":"Navigate to the Trello page and enter valid credentials (email, password, and 6-digits verification code)","time":{"start":1738692906395,"stop":1738692913477,"duration":7082},"status":"passed","steps":[],"attachments":[],"parameters":[],"shouldDisplayMessage":false,"stepsCount":0,"attachmentsCount":0,"hasContent":false,"attachmentStep":false}],"attachments":[],"parameters":[],"shouldDisplayMessage":false,"stepsCount":1,"attachmentsCount":0,"hasContent":true,"attachmentStep":false},{"name":"Open a board and select a card","time":{"start":1738692913477,"stop":1738692943771,"duration":30294},"status":"passed","steps":[],"attachments":[],"parameters":[],"shouldDisplayMessage":false,"stepsCount":0,"attachmentsCount":0,"hasContent":false,"attachmentStep":false},{"name":"Click the card to open and archive it","time":{"start":1738692943771,"stop":1738692943786,"duration":15},"status":"broken","statusMessage":"selenium.common.exceptions.NoSuchElementException: Message: no such element: Unable to locate element: {\"method\":\"xpath\",\"selector\":\"//*[contains(text(), 'new_card')]\"}\n  (Session info: chrome=133.0.6943.53); For documentation on this error, please visit: https://www.selenium.dev/documentation/webdriver/troubleshooting/errors#no-such-element-exception\nStacktrace:\n#0 0x55aced4dedca <unknown>\n#1 0x55acecfd53f0 <unknown>\n#2 0x55aced02510c <unknown>\n#3 0x55aced025331 <unknown>\n#4 0x55aced06b154 <unknown>\n#5 0x55aced049abd <unknown>\n#6 0x55aced0684b3 <unknown>\n#7 0x55aced049833 <unknown>\n#8 0x55aced0165a0 <unknown>\n#9 0x55aced017ece <unknown>\n#10 0x55aced4a8bdb <unknown>\n#11 0x55aced4acb67 <unknown>\n#12 0x55aced4943bc <unknown>\n#13 0x55aced4ad727 <unknown>\n#14 0x55aced47874f <unknown>\n#15 0x55aced4cd938 <unknown>\n#16 0x55aced4cdb00 <unknown>\n#17 0x55aced4ddc46 <unknown>\n#18 0x7ff88389ca94 <unknown>\n#19 0x7ff883929c3c <unknown>\n\n","statusTrace":"  File \"/home/runner/work/pythonSelenium/pythonSelenium/tests/regression_ui/test_ui_regression.py\", line 206, in test_archive_card\n    driver.find_element(By.XPATH, self.SCC.List.CARD_TO_ARCHIVE).click()\n    ^^^^^^^^^^^^^^^^^^^^^^^^^^^^^^^^^^^^^^^^^^^^^^^^^^^^^^^^^^^^\n  File \"/opt/hostedtoolcache/Python/3.12.5/x64/lib/python3.12/site-packages/selenium/webdriver/remote/webdriver.py\", line 770, in find_element\n    return self.execute(Command.FIND_ELEMENT, {\"using\": by, \"value\": value})[\"value\"]\n           ^^^^^^^^^^^^^^^^^^^^^^^^^^^^^^^^^^^^^^^^^^^^^^^^^^^^^^^^^^^^^^^^^\n  File \"/opt/hostedtoolcache/Python/3.12.5/x64/lib/python3.12/site-packages/selenium/webdriver/remote/webdriver.py\", line 384, in execute\n    self.error_handler.check_response(response)\n  File \"/opt/hostedtoolcache/Python/3.12.5/x64/lib/python3.12/site-packages/selenium/webdriver/remote/errorhandler.py\", line 232, in check_response\n    raise exception_class(message, screen, stacktrace)\n","steps":[],"attachments":[],"parameters":[],"shouldDisplayMessage":true,"stepsCount":0,"attachmentsCount":0,"hasContent":true,"attachmentStep":false}],"attachments":[{"uid":"a45d22c7162d787e","name":"log","source":"a45d22c7162d787e.txt","type":"text/plain","size":360}],"parameters":[],"shouldDisplayMessage":true,"stepsCount":4,"attachmentsCount":1,"hasContent":true,"attachmentStep":false},"afterStages":[{"name":"driver::0","time":{"start":1738692943820,"stop":1738692943898,"duration":78},"status":"passed","steps":[],"attachments":[],"parameters":[],"shouldDisplayMessage":false,"stepsCount":0,"attachmentsCount":0,"hasContent":false,"attachmentStep":false}],"labels":[{"name":"tag","value":"TC006"},{"name":"tag","value":"TC000"},{"name":"parentSuite","value":"tests.regression_ui"},{"name":"suite","value":"test_ui_regression"},{"name":"subSuite","value":"TestUIRegression"},{"name":"host","value":"fv-az1768-274"},{"name":"thread","value":"4051-MainThread"},{"name":"framework","value":"pytest"},{"name":"language","value":"cpython3"},{"name":"package","value":"tests.regression_ui.test_ui_regression"},{"name":"resultFormat","value":"allure2"}],"parameters":[],"links":[],"hidden":false,"retry":false,"extra":{"severity":"normal","retries":[],"categories":[{"name":"Test defects","matchedStatuses":[],"flaky":false}],"history":{"statistic":{"failed":11,"broken":20,"skipped":0,"passed":169,"unknown":0,"total":200},"items":[{"uid":"e0e35dc37463f0af","status":"passed","time":{"start":1738681843020,"stop":1738681875734,"duration":32714}},{"uid":"be25d613ef08e714","status":"passed","time":{"start":1738671464918,"stop":1738671497820,"duration":32902}},{"uid":"7a091f6e33d85e3e","status":"passed","time":{"start":1738660301709,"stop":1738660335031,"duration":33322}},{"uid":"450cdb93261ad447","status":"passed","time":{"start":1738649773372,"stop":1738649805790,"duration":32418}},{"uid":"37cfa2347f6b2bee","status":"passed","time":{"start":1738630141836,"stop":1738630173541,"duration":31705}},{"uid":"8129848522a3de2a","status":"failed","statusDetails":"AssertionError: assert 2 == 0","time":{"start":1738617129234,"stop":1738617161324,"duration":32090}},{"uid":"98fbe44b49491cb0","status":"passed","time":{"start":1738606569092,"stop":1738606600654,"duration":31562}},{"uid":"fa3281b04200556c","status":"passed","time":{"start":1738595570166,"stop":1738595601984,"duration":31818}},{"uid":"8e604d0c317cb6c1","status":"passed","time":{"start":1738585325533,"stop":1738585357157,"duration":31624}},{"uid":"715c2b93287e8a5","status":"passed","time":{"start":1738574064820,"stop":1738574096431,"duration":31611}},{"uid":"3762aea6e82d8269","status":"passed","time":{"start":1738563421256,"stop":1738563452847,"duration":31591}},{"uid":"6b56cd717fdf7cca","status":"passed","time":{"start":1738552595646,"stop":1738552627406,"duration":31760}},{"uid":"450377aacc6c2e59","status":"passed","time":{"start":1738543822334,"stop":1738543854571,"duration":32237}},{"uid":"fb47ec45e74d29b","status":"passed","time":{"start":1738530647703,"stop":1738530679665,"duration":31962}},{"uid":"b0e38ad2a0cda551","status":"passed","time":{"start":1738520063436,"stop":1738520095181,"duration":31745}},{"uid":"5407e7366be0c7ea","status":"passed","time":{"start":1738509151662,"stop":1738509183204,"duration":31542}},{"uid":"91b3ba41a9ab78b5","status":"passed","time":{"start":1738498694383,"stop":1738498726158,"duration":31775}},{"uid":"571a2a328bd35009","status":"passed","time":{"start":1738487490826,"stop":1738487522636,"duration":31810}},{"uid":"bb8c95986937a185","status":"passed","time":{"start":1738476935542,"stop":1738476967201,"duration":31659}},{"uid":"a90277523e69b97f","status":"passed","time":{"start":1738466168333,"stop":1738466200001,"duration":31668}}]},"tags":["TC006","TC000"]},"source":"18da10d0b666239d.json","parameterValues":[]}