{"uid":"197843c63a7cbc68","name":"Board Deletion","fullName":"tests.regression_ui.test_ui_regression.TestUIRegression#test_board_deletion","historyId":"4bab3c1ca3a9b77bdca99b9a1a8bf44f","time":{"start":1734113840863,"stop":1734113873645,"duration":32782},"status":"broken","statusMessage":"selenium.common.exceptions.TimeoutException: Message: \nStacktrace:\n#0 0x55982ca9631a <unknown>\n#1 0x55982c5ac6e0 <unknown>\n#2 0x55982c5fb3e6 <unknown>\n#3 0x55982c5fb681 <unknown>\n#4 0x55982c640b04 <unknown>\n#5 0x55982c61f48d <unknown>\n#6 0x55982c63ded7 <unknown>\n#7 0x55982c61f203 <unknown>\n#8 0x55982c5edcc0 <unknown>\n#9 0x55982c5eec9e <unknown>\n#10 0x55982ca63d0b <unknown>\n#11 0x55982ca67c92 <unknown>\n#12 0x55982ca50b3c <unknown>\n#13 0x55982ca68807 <unknown>\n#14 0x55982ca360df <unknown>\n#15 0x55982ca85578 <unknown>\n#16 0x55982ca85740 <unknown>\n#17 0x55982ca95196 <unknown>\n#18 0x7f642b094ac3 <unknown>","statusTrace":"self = <tests.regression_ui.test_ui_regression.TestUIRegression object at 0x7f6098da87c0>\ndriver = <selenium.webdriver.chrome.webdriver.WebDriver (session=\"77aa0c08bb19d98316c368db618fdb1e\")>\n\n    @pytest.mark.TC000\n    @pytest.mark.TC009\n    @allure.title('Board Deletion')\n    def test_board_deletion(self, driver):\n        time.sleep(5)\n        with allure.step('Log in to Trello account'):\n            self.test_login(driver)\n    \n        with allure.step('Open board'):\n>           WebDriverWait(driver, 10).until(EC.element_to_be_clickable((By.XPATH, self.SCC.Board.BOARD_TITLE))).click()\n\ntests/regression_ui/test_ui_regression.py:266: \n_ _ _ _ _ _ _ _ _ _ _ _ _ _ _ _ _ _ _ _ _ _ _ _ _ _ _ _ _ _ _ _ _ _ _ _ _ _ _ _ \n\nself = <selenium.webdriver.support.wait.WebDriverWait (session=\"77aa0c08bb19d98316c368db618fdb1e\")>\nmethod = <function element_to_be_clickable.<locals>._predicate at 0x7f6097c47b80>\nmessage = ''\n\n    def until(self, method: Callable[[D], Union[Literal[False], T]], message: str = \"\") -> T:\n        \"\"\"Calls the method provided with the driver as an argument until the \\\n        return value does not evaluate to ``False``.\n    \n        :param method: callable(WebDriver)\n        :param message: optional message for :exc:`TimeoutException`\n        :returns: the result of the last call to `method`\n        :raises: :exc:`selenium.common.exceptions.TimeoutException` if timeout occurs\n        \"\"\"\n        screen = None\n        stacktrace = None\n    \n        end_time = time.monotonic() + self._timeout\n        while True:\n            try:\n                value = method(self._driver)\n                if value:\n                    return value\n            except self._ignored_exceptions as exc:\n                screen = getattr(exc, \"screen\", None)\n                stacktrace = getattr(exc, \"stacktrace\", None)\n            if time.monotonic() > end_time:\n                break\n            time.sleep(self._poll)\n>       raise TimeoutException(message, screen, stacktrace)\nE       selenium.common.exceptions.TimeoutException: Message: \nE       Stacktrace:\nE       #0 0x55982ca9631a <unknown>\nE       #1 0x55982c5ac6e0 <unknown>\nE       #2 0x55982c5fb3e6 <unknown>\nE       #3 0x55982c5fb681 <unknown>\nE       #4 0x55982c640b04 <unknown>\nE       #5 0x55982c61f48d <unknown>\nE       #6 0x55982c63ded7 <unknown>\nE       #7 0x55982c61f203 <unknown>\nE       #8 0x55982c5edcc0 <unknown>\nE       #9 0x55982c5eec9e <unknown>\nE       #10 0x55982ca63d0b <unknown>\nE       #11 0x55982ca67c92 <unknown>\nE       #12 0x55982ca50b3c <unknown>\nE       #13 0x55982ca68807 <unknown>\nE       #14 0x55982ca360df <unknown>\nE       #15 0x55982ca85578 <unknown>\nE       #16 0x55982ca85740 <unknown>\nE       #17 0x55982ca95196 <unknown>\nE       #18 0x7f642b094ac3 <unknown>\n\n/opt/hostedtoolcache/Python/3.8.18/x64/lib/python3.8/site-packages/selenium/webdriver/support/wait.py:105: TimeoutException","flaky":true,"newFailed":false,"newBroken":false,"newPassed":false,"retriesCount":0,"retriesStatusChange":false,"beforeStages":[{"name":"driver","time":{"start":1734113840583,"stop":1734113840861,"duration":278},"status":"passed","steps":[],"attachments":[],"parameters":[],"stepsCount":0,"shouldDisplayMessage":false,"attachmentsCount":0,"hasContent":false,"attachmentStep":false},{"name":"setup","time":{"start":1734113840862,"stop":1734113840862,"duration":0},"status":"passed","steps":[],"attachments":[],"parameters":[],"stepsCount":0,"shouldDisplayMessage":false,"attachmentsCount":0,"hasContent":false,"attachmentStep":false}],"testStage":{"status":"broken","statusMessage":"selenium.common.exceptions.TimeoutException: Message: \nStacktrace:\n#0 0x55982ca9631a <unknown>\n#1 0x55982c5ac6e0 <unknown>\n#2 0x55982c5fb3e6 <unknown>\n#3 0x55982c5fb681 <unknown>\n#4 0x55982c640b04 <unknown>\n#5 0x55982c61f48d <unknown>\n#6 0x55982c63ded7 <unknown>\n#7 0x55982c61f203 <unknown>\n#8 0x55982c5edcc0 <unknown>\n#9 0x55982c5eec9e <unknown>\n#10 0x55982ca63d0b <unknown>\n#11 0x55982ca67c92 <unknown>\n#12 0x55982ca50b3c <unknown>\n#13 0x55982ca68807 <unknown>\n#14 0x55982ca360df <unknown>\n#15 0x55982ca85578 <unknown>\n#16 0x55982ca85740 <unknown>\n#17 0x55982ca95196 <unknown>\n#18 0x7f642b094ac3 <unknown>","statusTrace":"self = <tests.regression_ui.test_ui_regression.TestUIRegression object at 0x7f6098da87c0>\ndriver = <selenium.webdriver.chrome.webdriver.WebDriver (session=\"77aa0c08bb19d98316c368db618fdb1e\")>\n\n    @pytest.mark.TC000\n    @pytest.mark.TC009\n    @allure.title('Board Deletion')\n    def test_board_deletion(self, driver):\n        time.sleep(5)\n        with allure.step('Log in to Trello account'):\n            self.test_login(driver)\n    \n        with allure.step('Open board'):\n>           WebDriverWait(driver, 10).until(EC.element_to_be_clickable((By.XPATH, self.SCC.Board.BOARD_TITLE))).click()\n\ntests/regression_ui/test_ui_regression.py:266: \n_ _ _ _ _ _ _ _ _ _ _ _ _ _ _ _ _ _ _ _ _ _ _ _ _ _ _ _ _ _ _ _ _ _ _ _ _ _ _ _ \n\nself = <selenium.webdriver.support.wait.WebDriverWait (session=\"77aa0c08bb19d98316c368db618fdb1e\")>\nmethod = <function element_to_be_clickable.<locals>._predicate at 0x7f6097c47b80>\nmessage = ''\n\n    def until(self, method: Callable[[D], Union[Literal[False], T]], message: str = \"\") -> T:\n        \"\"\"Calls the method provided with the driver as an argument until the \\\n        return value does not evaluate to ``False``.\n    \n        :param method: callable(WebDriver)\n        :param message: optional message for :exc:`TimeoutException`\n        :returns: the result of the last call to `method`\n        :raises: :exc:`selenium.common.exceptions.TimeoutException` if timeout occurs\n        \"\"\"\n        screen = None\n        stacktrace = None\n    \n        end_time = time.monotonic() + self._timeout\n        while True:\n            try:\n                value = method(self._driver)\n                if value:\n                    return value\n            except self._ignored_exceptions as exc:\n                screen = getattr(exc, \"screen\", None)\n                stacktrace = getattr(exc, \"stacktrace\", None)\n            if time.monotonic() > end_time:\n                break\n            time.sleep(self._poll)\n>       raise TimeoutException(message, screen, stacktrace)\nE       selenium.common.exceptions.TimeoutException: Message: \nE       Stacktrace:\nE       #0 0x55982ca9631a <unknown>\nE       #1 0x55982c5ac6e0 <unknown>\nE       #2 0x55982c5fb3e6 <unknown>\nE       #3 0x55982c5fb681 <unknown>\nE       #4 0x55982c640b04 <unknown>\nE       #5 0x55982c61f48d <unknown>\nE       #6 0x55982c63ded7 <unknown>\nE       #7 0x55982c61f203 <unknown>\nE       #8 0x55982c5edcc0 <unknown>\nE       #9 0x55982c5eec9e <unknown>\nE       #10 0x55982ca63d0b <unknown>\nE       #11 0x55982ca67c92 <unknown>\nE       #12 0x55982ca50b3c <unknown>\nE       #13 0x55982ca68807 <unknown>\nE       #14 0x55982ca360df <unknown>\nE       #15 0x55982ca85578 <unknown>\nE       #16 0x55982ca85740 <unknown>\nE       #17 0x55982ca95196 <unknown>\nE       #18 0x7f642b094ac3 <unknown>\n\n/opt/hostedtoolcache/Python/3.8.18/x64/lib/python3.8/site-packages/selenium/webdriver/support/wait.py:105: TimeoutException","steps":[{"name":"Log in to Trello account","time":{"start":1734113845868,"stop":1734113863296,"duration":17428},"status":"passed","steps":[{"name":"Navigate to the Trello login page","time":{"start":1734113845868,"stop":1734113849140,"duration":3272},"status":"passed","steps":[],"attachments":[],"parameters":[],"stepsCount":0,"shouldDisplayMessage":false,"attachmentsCount":0,"hasContent":false,"attachmentStep":false},{"name":"Enter valid credentials (email, password, and 6-digits verification code)","time":{"start":1734113849140,"stop":1734113863296,"duration":14156},"status":"passed","steps":[],"attachments":[],"parameters":[],"stepsCount":0,"shouldDisplayMessage":false,"attachmentsCount":0,"hasContent":false,"attachmentStep":false}],"attachments":[],"parameters":[],"stepsCount":2,"shouldDisplayMessage":false,"attachmentsCount":0,"hasContent":true,"attachmentStep":false},{"name":"Open board","time":{"start":1734113863296,"stop":1734113873645,"duration":10349},"status":"broken","statusMessage":"selenium.common.exceptions.TimeoutException: Message: \nStacktrace:\n#0 0x55982ca9631a <unknown>\n#1 0x55982c5ac6e0 <unknown>\n#2 0x55982c5fb3e6 <unknown>\n#3 0x55982c5fb681 <unknown>\n#4 0x55982c640b04 <unknown>\n#5 0x55982c61f48d <unknown>\n#6 0x55982c63ded7 <unknown>\n#7 0x55982c61f203 <unknown>\n#8 0x55982c5edcc0 <unknown>\n#9 0x55982c5eec9e <unknown>\n#10 0x55982ca63d0b <unknown>\n#11 0x55982ca67c92 <unknown>\n#12 0x55982ca50b3c <unknown>\n#13 0x55982ca68807 <unknown>\n#14 0x55982ca360df <unknown>\n#15 0x55982ca85578 <unknown>\n#16 0x55982ca85740 <unknown>\n#17 0x55982ca95196 <unknown>\n#18 0x7f642b094ac3 <unknown>\n\n","statusTrace":"  File \"/home/runner/work/pythonSelenium/pythonSelenium/tests/regression_ui/test_ui_regression.py\", line 266, in test_board_deletion\n    WebDriverWait(driver, 10).until(EC.element_to_be_clickable((By.XPATH, self.SCC.Board.BOARD_TITLE))).click()\n  File \"/opt/hostedtoolcache/Python/3.8.18/x64/lib/python3.8/site-packages/selenium/webdriver/support/wait.py\", line 105, in until\n    raise TimeoutException(message, screen, stacktrace)\n","steps":[],"attachments":[],"parameters":[],"stepsCount":0,"shouldDisplayMessage":true,"attachmentsCount":0,"hasContent":true,"attachmentStep":false}],"attachments":[{"uid":"509a9709173d7138","name":"log","source":"509a9709173d7138.txt","type":"text/plain","size":58344}],"parameters":[],"stepsCount":4,"shouldDisplayMessage":true,"attachmentsCount":1,"hasContent":true,"attachmentStep":false},"afterStages":[{"name":"driver::0","time":{"start":1734113873657,"stop":1734113873730,"duration":73},"status":"passed","steps":[],"attachments":[],"parameters":[],"stepsCount":0,"shouldDisplayMessage":false,"attachmentsCount":0,"hasContent":false,"attachmentStep":false}],"labels":[{"name":"tag","value":"TC009"},{"name":"tag","value":"TC000"},{"name":"parentSuite","value":"tests.regression_ui"},{"name":"suite","value":"test_ui_regression"},{"name":"subSuite","value":"TestUIRegression"},{"name":"host","value":"fv-az1756-422"},{"name":"thread","value":"2849-MainThread"},{"name":"framework","value":"pytest"},{"name":"language","value":"cpython3"},{"name":"package","value":"tests.regression_ui.test_ui_regression"},{"name":"resultFormat","value":"allure2"}],"parameters":[],"links":[],"hidden":false,"retry":false,"extra":{"severity":"normal","retries":[],"categories":[{"name":"Test defects","matchedStatuses":[],"flaky":false}],"history":{"statistic":{"failed":1,"broken":3,"skipped":0,"passed":7,"unknown":0,"total":11},"items":[{"uid":"a0b6e13b60cbd7f3","status":"broken","statusDetails":"TypeError: not all arguments converted during string formatting","time":{"start":1734050983538,"stop":1734051016198,"duration":32660}},{"uid":"1f3664d9e40b15f1","status":"passed","time":{"start":1734027580701,"stop":1734027614323,"duration":33622}},{"uid":"706f5fe60a69aac4","status":"passed","time":{"start":1733973950982,"stop":1733973984641,"duration":33659}},{"uid":"d92c1d7ce43d52ba","status":"failed","statusDetails":"AssertionError: assert (3 - 2) == 0","time":{"start":1733972817253,"stop":1733972850983,"duration":33730}},{"uid":"126019420d6637e0","status":"broken","statusDetails":"TypeError: not all arguments converted during string formatting","time":{"start":1733971848683,"stop":1733971878235,"duration":29552}},{"uid":"d2c8982d216e2b41","status":"passed","time":{"start":1733970594572,"stop":1733970624746,"duration":30174}},{"uid":"2f253d353a7ac6ed","status":"passed","time":{"start":1733963472621,"stop":1733963503631,"duration":31010}},{"uid":"2b935169c8b21eab","status":"passed","time":{"start":1733932745107,"stop":1733932775928,"duration":30821}},{"uid":"b395601e78c5e29","status":"passed","time":{"start":1733891584210,"stop":1733891614926,"duration":30716}},{"uid":"6eda68015350a44e","status":"passed","time":{"start":1733889978687,"stop":1733890009499,"duration":30812}}]},"tags":["TC009","TC000"]},"source":"197843c63a7cbc68.json","parameterValues":[]}