{"uid":"1c9afdacebb86e77","name":"Archive a card","fullName":"tests.regression_ui.test_ui_regression.TestUIRegression#test_archive_card","historyId":"4151bed777d70c35651f4626d00b86b5","time":{"start":1741782053077,"stop":1741782094864,"duration":41787},"status":"broken","statusMessage":"selenium.common.exceptions.NoSuchElementException: Message: no such element: Unable to locate element: {\"method\":\"xpath\",\"selector\":\"//*[contains(text(), 'new_card')]\"}\n  (Session info: chrome=134.0.6998.88); For documentation on this error, please visit: https://www.selenium.dev/documentation/webdriver/troubleshooting/errors#no-such-element-exception\nStacktrace:\n#0 0x562f6188346a <unknown>\n#1 0x562f6133ced0 <unknown>\n#2 0x562f6138e935 <unknown>\n#3 0x562f6138eb61 <unknown>\n#4 0x562f613dd9d4 <unknown>\n#5 0x562f613b488d <unknown>\n#6 0x562f613daceb <unknown>\n#7 0x562f613b4633 <unknown>\n#8 0x562f613801be <unknown>\n#9 0x562f61381981 <unknown>\n#10 0x562f6184986b <unknown>\n#11 0x562f6184d73c <unknown>\n#12 0x562f61830f12 <unknown>\n#13 0x562f6184e2b4 <unknown>\n#14 0x562f618150af <unknown>\n#15 0x562f61871ad8 <unknown>\n#16 0x562f61871cb6 <unknown>\n#17 0x562f618822e6 <unknown>\n#18 0x7fefc3a9caa4 <unknown>\n#19 0x7fefc3b29c3c <unknown>","statusTrace":"self = <tests.regression_ui.test_ui_regression.TestUIRegression object at 0x7fd04ffaa900>\ndriver = <selenium.webdriver.chrome.webdriver.WebDriver (session=\"50c99511e274998135bd58b96b49a655\")>\n\n    @pytest.mark.TC000\n    @pytest.mark.TC006\n    @allure.title('Archive a card')\n    def test_archive_card(self, driver):\n        time.sleep(5)\n        with allure.step('Log in to Trello account'):\n            self.test_login(driver)\n    \n        with allure.step('Open a board and select a card'):\n            try:\n                WebDriverWait(driver, 30).until(EC.element_to_be_clickable((By.XPATH, self.SCC.Board.BOARD_TITLE))).click()\n                WebDriverWait(driver, 10).until(EC.visibility_of_element_located((By.XPATH, self.SCC.Board.LIST_TITLE))).click()\n                driver.find_element(By.XPATH, self.SCC.List.ADD_A_CARD_BUTTON).click()\n                driver.find_element(By.XPATH, self.SCC.List.CARD_NAME_FIELD).click()\n                time.sleep(1)\n                driver.find_element(By.XPATH, self.SCC.List.CARD_NAME_FIELD).send_keys('new_card')\n                driver.find_element(By.XPATH, self.SCC.List.ADD_CARD_SUBMIT_BUTTOMN).click()\n                time.sleep(2)\n            except Exception as e:\n                log.info(\"An error occurred: \", str(e))\n    \n        with allure.step('Click the card to open and archive it'):\n>           driver.find_element(By.XPATH, self.SCC.List.CARD_TO_ARCHIVE).click()\n\ntests/regression_ui/test_ui_regression.py:206: \n_ _ _ _ _ _ _ _ _ _ _ _ _ _ _ _ _ _ _ _ _ _ _ _ _ _ _ _ _ _ _ _ _ _ _ _ _ _ _ _ \n/opt/hostedtoolcache/Python/3.12.5/x64/lib/python3.12/site-packages/selenium/webdriver/remote/webdriver.py:770: in find_element\n    return self.execute(Command.FIND_ELEMENT, {\"using\": by, \"value\": value})[\"value\"]\n/opt/hostedtoolcache/Python/3.12.5/x64/lib/python3.12/site-packages/selenium/webdriver/remote/webdriver.py:384: in execute\n    self.error_handler.check_response(response)\n_ _ _ _ _ _ _ _ _ _ _ _ _ _ _ _ _ _ _ _ _ _ _ _ _ _ _ _ _ _ _ _ _ _ _ _ _ _ _ _ \n\nself = <selenium.webdriver.remote.errorhandler.ErrorHandler object at 0x7fd050b7dcd0>\nresponse = {'status': 404, 'value': '{\"value\":{\"error\":\"no such element\",\"message\":\"no such element: Unable to locate element: {\\...\\\\n#17 0x562f618822e6 \\\\u003Cunknown>\\\\n#18 0x7fefc3a9caa4 \\\\u003Cunknown>\\\\n#19 0x7fefc3b29c3c \\\\u003Cunknown>\\\\n\"}}'}\n\n    def check_response(self, response: Dict[str, Any]) -> None:\n        \"\"\"Checks that a JSON response from the WebDriver does not have an\n        error.\n    \n        :Args:\n         - response - The JSON response from the WebDriver server as a dictionary\n           object.\n    \n        :Raises: If the response contains an error message.\n        \"\"\"\n        status = response.get(\"status\", None)\n        if not status or status == ErrorCode.SUCCESS:\n            return\n        value = None\n        message = response.get(\"message\", \"\")\n        screen: str = response.get(\"screen\", \"\")\n        stacktrace = None\n        if isinstance(status, int):\n            value_json = response.get(\"value\", None)\n            if value_json and isinstance(value_json, str):\n                import json\n    \n                try:\n                    value = json.loads(value_json)\n                    if len(value) == 1:\n                        value = value[\"value\"]\n                    status = value.get(\"error\", None)\n                    if not status:\n                        status = value.get(\"status\", ErrorCode.UNKNOWN_ERROR)\n                        message = value.get(\"value\") or value.get(\"message\")\n                        if not isinstance(message, str):\n                            value = message\n                            message = message.get(\"message\")\n                    else:\n                        message = value.get(\"message\", None)\n                except ValueError:\n                    pass\n    \n        exception_class: Type[WebDriverException]\n        e = ErrorCode()\n        error_codes = [item for item in dir(e) if not item.startswith(\"__\")]\n        for error_code in error_codes:\n            error_info = getattr(ErrorCode, error_code)\n            if isinstance(error_info, list) and status in error_info:\n                exception_class = getattr(ExceptionMapping, error_code, WebDriverException)\n                break\n        else:\n            exception_class = WebDriverException\n    \n        if not value:\n            value = response[\"value\"]\n        if isinstance(value, str):\n            raise exception_class(value)\n        if message == \"\" and \"message\" in value:\n            message = value[\"message\"]\n    \n        screen = None  # type: ignore[assignment]\n        if \"screen\" in value:\n            screen = value[\"screen\"]\n    \n        stacktrace = None\n        st_value = value.get(\"stackTrace\") or value.get(\"stacktrace\")\n        if st_value:\n            if isinstance(st_value, str):\n                stacktrace = st_value.split(\"\\n\")\n            else:\n                stacktrace = []\n                try:\n                    for frame in st_value:\n                        line = frame.get(\"lineNumber\", \"\")\n                        file = frame.get(\"fileName\", \"<anonymous>\")\n                        if line:\n                            file = f\"{file}:{line}\"\n                        meth = frame.get(\"methodName\", \"<anonymous>\")\n                        if \"className\" in frame:\n                            meth = f\"{frame['className']}.{meth}\"\n                        msg = \"    at %s (%s)\"\n                        msg = msg % (meth, file)\n                        stacktrace.append(msg)\n                except TypeError:\n                    pass\n        if exception_class == UnexpectedAlertPresentException:\n            alert_text = None\n            if \"data\" in value:\n                alert_text = value[\"data\"].get(\"text\")\n            elif \"alert\" in value:\n                alert_text = value[\"alert\"].get(\"text\")\n            raise exception_class(message, screen, stacktrace, alert_text)  # type: ignore[call-arg]  # mypy is not smart enough here\n>       raise exception_class(message, screen, stacktrace)\nE       selenium.common.exceptions.NoSuchElementException: Message: no such element: Unable to locate element: {\"method\":\"xpath\",\"selector\":\"//*[contains(text(), 'new_card')]\"}\nE         (Session info: chrome=134.0.6998.88); For documentation on this error, please visit: https://www.selenium.dev/documentation/webdriver/troubleshooting/errors#no-such-element-exception\nE       Stacktrace:\nE       #0 0x562f6188346a <unknown>\nE       #1 0x562f6133ced0 <unknown>\nE       #2 0x562f6138e935 <unknown>\nE       #3 0x562f6138eb61 <unknown>\nE       #4 0x562f613dd9d4 <unknown>\nE       #5 0x562f613b488d <unknown>\nE       #6 0x562f613daceb <unknown>\nE       #7 0x562f613b4633 <unknown>\nE       #8 0x562f613801be <unknown>\nE       #9 0x562f61381981 <unknown>\nE       #10 0x562f6184986b <unknown>\nE       #11 0x562f6184d73c <unknown>\nE       #12 0x562f61830f12 <unknown>\nE       #13 0x562f6184e2b4 <unknown>\nE       #14 0x562f618150af <unknown>\nE       #15 0x562f61871ad8 <unknown>\nE       #16 0x562f61871cb6 <unknown>\nE       #17 0x562f618822e6 <unknown>\nE       #18 0x7fefc3a9caa4 <unknown>\nE       #19 0x7fefc3b29c3c <unknown>\n\n/opt/hostedtoolcache/Python/3.12.5/x64/lib/python3.12/site-packages/selenium/webdriver/remote/errorhandler.py:232: NoSuchElementException","flaky":false,"newFailed":false,"newBroken":true,"newPassed":false,"retriesCount":0,"retriesStatusChange":false,"beforeStages":[{"name":"driver","time":{"start":1741782052756,"stop":1741782053077,"duration":321},"status":"passed","steps":[],"attachments":[],"parameters":[],"shouldDisplayMessage":false,"stepsCount":0,"attachmentsCount":0,"hasContent":false,"attachmentStep":false},{"name":"setup","time":{"start":1741782053077,"stop":1741782053077,"duration":0},"status":"passed","steps":[],"attachments":[],"parameters":[],"shouldDisplayMessage":false,"stepsCount":0,"attachmentsCount":0,"hasContent":false,"attachmentStep":false}],"testStage":{"status":"broken","statusMessage":"selenium.common.exceptions.NoSuchElementException: Message: no such element: Unable to locate element: {\"method\":\"xpath\",\"selector\":\"//*[contains(text(), 'new_card')]\"}\n  (Session info: chrome=134.0.6998.88); For documentation on this error, please visit: https://www.selenium.dev/documentation/webdriver/troubleshooting/errors#no-such-element-exception\nStacktrace:\n#0 0x562f6188346a <unknown>\n#1 0x562f6133ced0 <unknown>\n#2 0x562f6138e935 <unknown>\n#3 0x562f6138eb61 <unknown>\n#4 0x562f613dd9d4 <unknown>\n#5 0x562f613b488d <unknown>\n#6 0x562f613daceb <unknown>\n#7 0x562f613b4633 <unknown>\n#8 0x562f613801be <unknown>\n#9 0x562f61381981 <unknown>\n#10 0x562f6184986b <unknown>\n#11 0x562f6184d73c <unknown>\n#12 0x562f61830f12 <unknown>\n#13 0x562f6184e2b4 <unknown>\n#14 0x562f618150af <unknown>\n#15 0x562f61871ad8 <unknown>\n#16 0x562f61871cb6 <unknown>\n#17 0x562f618822e6 <unknown>\n#18 0x7fefc3a9caa4 <unknown>\n#19 0x7fefc3b29c3c <unknown>","statusTrace":"self = <tests.regression_ui.test_ui_regression.TestUIRegression object at 0x7fd04ffaa900>\ndriver = <selenium.webdriver.chrome.webdriver.WebDriver (session=\"50c99511e274998135bd58b96b49a655\")>\n\n    @pytest.mark.TC000\n    @pytest.mark.TC006\n    @allure.title('Archive a card')\n    def test_archive_card(self, driver):\n        time.sleep(5)\n        with allure.step('Log in to Trello account'):\n            self.test_login(driver)\n    \n        with allure.step('Open a board and select a card'):\n            try:\n                WebDriverWait(driver, 30).until(EC.element_to_be_clickable((By.XPATH, self.SCC.Board.BOARD_TITLE))).click()\n                WebDriverWait(driver, 10).until(EC.visibility_of_element_located((By.XPATH, self.SCC.Board.LIST_TITLE))).click()\n                driver.find_element(By.XPATH, self.SCC.List.ADD_A_CARD_BUTTON).click()\n                driver.find_element(By.XPATH, self.SCC.List.CARD_NAME_FIELD).click()\n                time.sleep(1)\n                driver.find_element(By.XPATH, self.SCC.List.CARD_NAME_FIELD).send_keys('new_card')\n                driver.find_element(By.XPATH, self.SCC.List.ADD_CARD_SUBMIT_BUTTOMN).click()\n                time.sleep(2)\n            except Exception as e:\n                log.info(\"An error occurred: \", str(e))\n    \n        with allure.step('Click the card to open and archive it'):\n>           driver.find_element(By.XPATH, self.SCC.List.CARD_TO_ARCHIVE).click()\n\ntests/regression_ui/test_ui_regression.py:206: \n_ _ _ _ _ _ _ _ _ _ _ _ _ _ _ _ _ _ _ _ _ _ _ _ _ _ _ _ _ _ _ _ _ _ _ _ _ _ _ _ \n/opt/hostedtoolcache/Python/3.12.5/x64/lib/python3.12/site-packages/selenium/webdriver/remote/webdriver.py:770: in find_element\n    return self.execute(Command.FIND_ELEMENT, {\"using\": by, \"value\": value})[\"value\"]\n/opt/hostedtoolcache/Python/3.12.5/x64/lib/python3.12/site-packages/selenium/webdriver/remote/webdriver.py:384: in execute\n    self.error_handler.check_response(response)\n_ _ _ _ _ _ _ _ _ _ _ _ _ _ _ _ _ _ _ _ _ _ _ _ _ _ _ _ _ _ _ _ _ _ _ _ _ _ _ _ \n\nself = <selenium.webdriver.remote.errorhandler.ErrorHandler object at 0x7fd050b7dcd0>\nresponse = {'status': 404, 'value': '{\"value\":{\"error\":\"no such element\",\"message\":\"no such element: Unable to locate element: {\\...\\\\n#17 0x562f618822e6 \\\\u003Cunknown>\\\\n#18 0x7fefc3a9caa4 \\\\u003Cunknown>\\\\n#19 0x7fefc3b29c3c \\\\u003Cunknown>\\\\n\"}}'}\n\n    def check_response(self, response: Dict[str, Any]) -> None:\n        \"\"\"Checks that a JSON response from the WebDriver does not have an\n        error.\n    \n        :Args:\n         - response - The JSON response from the WebDriver server as a dictionary\n           object.\n    \n        :Raises: If the response contains an error message.\n        \"\"\"\n        status = response.get(\"status\", None)\n        if not status or status == ErrorCode.SUCCESS:\n            return\n        value = None\n        message = response.get(\"message\", \"\")\n        screen: str = response.get(\"screen\", \"\")\n        stacktrace = None\n        if isinstance(status, int):\n            value_json = response.get(\"value\", None)\n            if value_json and isinstance(value_json, str):\n                import json\n    \n                try:\n                    value = json.loads(value_json)\n                    if len(value) == 1:\n                        value = value[\"value\"]\n                    status = value.get(\"error\", None)\n                    if not status:\n                        status = value.get(\"status\", ErrorCode.UNKNOWN_ERROR)\n                        message = value.get(\"value\") or value.get(\"message\")\n                        if not isinstance(message, str):\n                            value = message\n                            message = message.get(\"message\")\n                    else:\n                        message = value.get(\"message\", None)\n                except ValueError:\n                    pass\n    \n        exception_class: Type[WebDriverException]\n        e = ErrorCode()\n        error_codes = [item for item in dir(e) if not item.startswith(\"__\")]\n        for error_code in error_codes:\n            error_info = getattr(ErrorCode, error_code)\n            if isinstance(error_info, list) and status in error_info:\n                exception_class = getattr(ExceptionMapping, error_code, WebDriverException)\n                break\n        else:\n            exception_class = WebDriverException\n    \n        if not value:\n            value = response[\"value\"]\n        if isinstance(value, str):\n            raise exception_class(value)\n        if message == \"\" and \"message\" in value:\n            message = value[\"message\"]\n    \n        screen = None  # type: ignore[assignment]\n        if \"screen\" in value:\n            screen = value[\"screen\"]\n    \n        stacktrace = None\n        st_value = value.get(\"stackTrace\") or value.get(\"stacktrace\")\n        if st_value:\n            if isinstance(st_value, str):\n                stacktrace = st_value.split(\"\\n\")\n            else:\n                stacktrace = []\n                try:\n                    for frame in st_value:\n                        line = frame.get(\"lineNumber\", \"\")\n                        file = frame.get(\"fileName\", \"<anonymous>\")\n                        if line:\n                            file = f\"{file}:{line}\"\n                        meth = frame.get(\"methodName\", \"<anonymous>\")\n                        if \"className\" in frame:\n                            meth = f\"{frame['className']}.{meth}\"\n                        msg = \"    at %s (%s)\"\n                        msg = msg % (meth, file)\n                        stacktrace.append(msg)\n                except TypeError:\n                    pass\n        if exception_class == UnexpectedAlertPresentException:\n            alert_text = None\n            if \"data\" in value:\n                alert_text = value[\"data\"].get(\"text\")\n            elif \"alert\" in value:\n                alert_text = value[\"alert\"].get(\"text\")\n            raise exception_class(message, screen, stacktrace, alert_text)  # type: ignore[call-arg]  # mypy is not smart enough here\n>       raise exception_class(message, screen, stacktrace)\nE       selenium.common.exceptions.NoSuchElementException: Message: no such element: Unable to locate element: {\"method\":\"xpath\",\"selector\":\"//*[contains(text(), 'new_card')]\"}\nE         (Session info: chrome=134.0.6998.88); For documentation on this error, please visit: https://www.selenium.dev/documentation/webdriver/troubleshooting/errors#no-such-element-exception\nE       Stacktrace:\nE       #0 0x562f6188346a <unknown>\nE       #1 0x562f6133ced0 <unknown>\nE       #2 0x562f6138e935 <unknown>\nE       #3 0x562f6138eb61 <unknown>\nE       #4 0x562f613dd9d4 <unknown>\nE       #5 0x562f613b488d <unknown>\nE       #6 0x562f613daceb <unknown>\nE       #7 0x562f613b4633 <unknown>\nE       #8 0x562f613801be <unknown>\nE       #9 0x562f61381981 <unknown>\nE       #10 0x562f6184986b <unknown>\nE       #11 0x562f6184d73c <unknown>\nE       #12 0x562f61830f12 <unknown>\nE       #13 0x562f6184e2b4 <unknown>\nE       #14 0x562f618150af <unknown>\nE       #15 0x562f61871ad8 <unknown>\nE       #16 0x562f61871cb6 <unknown>\nE       #17 0x562f618822e6 <unknown>\nE       #18 0x7fefc3a9caa4 <unknown>\nE       #19 0x7fefc3b29c3c <unknown>\n\n/opt/hostedtoolcache/Python/3.12.5/x64/lib/python3.12/site-packages/selenium/webdriver/remote/errorhandler.py:232: NoSuchElementException","steps":[{"name":"Log in to Trello account","time":{"start":1741782058078,"stop":1741782064569,"duration":6491},"status":"passed","steps":[{"name":"Navigate to the Trello page and enter valid credentials (email, password, and 6-digits verification code)","time":{"start":1741782058078,"stop":1741782064569,"duration":6491},"status":"passed","steps":[],"attachments":[],"parameters":[],"shouldDisplayMessage":false,"stepsCount":0,"attachmentsCount":0,"hasContent":false,"attachmentStep":false}],"attachments":[],"parameters":[],"shouldDisplayMessage":false,"stepsCount":1,"attachmentsCount":0,"hasContent":true,"attachmentStep":false},{"name":"Open a board and select a card","time":{"start":1741782064569,"stop":1741782094848,"duration":30279},"status":"passed","steps":[],"attachments":[],"parameters":[],"shouldDisplayMessage":false,"stepsCount":0,"attachmentsCount":0,"hasContent":false,"attachmentStep":false},{"name":"Click the card to open and archive it","time":{"start":1741782094849,"stop":1741782094864,"duration":15},"status":"broken","statusMessage":"selenium.common.exceptions.NoSuchElementException: Message: no such element: Unable to locate element: {\"method\":\"xpath\",\"selector\":\"//*[contains(text(), 'new_card')]\"}\n  (Session info: chrome=134.0.6998.88); For documentation on this error, please visit: https://www.selenium.dev/documentation/webdriver/troubleshooting/errors#no-such-element-exception\nStacktrace:\n#0 0x562f6188346a <unknown>\n#1 0x562f6133ced0 <unknown>\n#2 0x562f6138e935 <unknown>\n#3 0x562f6138eb61 <unknown>\n#4 0x562f613dd9d4 <unknown>\n#5 0x562f613b488d <unknown>\n#6 0x562f613daceb <unknown>\n#7 0x562f613b4633 <unknown>\n#8 0x562f613801be <unknown>\n#9 0x562f61381981 <unknown>\n#10 0x562f6184986b <unknown>\n#11 0x562f6184d73c <unknown>\n#12 0x562f61830f12 <unknown>\n#13 0x562f6184e2b4 <unknown>\n#14 0x562f618150af <unknown>\n#15 0x562f61871ad8 <unknown>\n#16 0x562f61871cb6 <unknown>\n#17 0x562f618822e6 <unknown>\n#18 0x7fefc3a9caa4 <unknown>\n#19 0x7fefc3b29c3c <unknown>\n\n","statusTrace":"  File \"/home/runner/work/pythonSelenium/pythonSelenium/tests/regression_ui/test_ui_regression.py\", line 206, in test_archive_card\n    driver.find_element(By.XPATH, self.SCC.List.CARD_TO_ARCHIVE).click()\n    ^^^^^^^^^^^^^^^^^^^^^^^^^^^^^^^^^^^^^^^^^^^^^^^^^^^^^^^^^^^^\n  File \"/opt/hostedtoolcache/Python/3.12.5/x64/lib/python3.12/site-packages/selenium/webdriver/remote/webdriver.py\", line 770, in find_element\n    return self.execute(Command.FIND_ELEMENT, {\"using\": by, \"value\": value})[\"value\"]\n           ^^^^^^^^^^^^^^^^^^^^^^^^^^^^^^^^^^^^^^^^^^^^^^^^^^^^^^^^^^^^^^^^^\n  File \"/opt/hostedtoolcache/Python/3.12.5/x64/lib/python3.12/site-packages/selenium/webdriver/remote/webdriver.py\", line 384, in execute\n    self.error_handler.check_response(response)\n  File \"/opt/hostedtoolcache/Python/3.12.5/x64/lib/python3.12/site-packages/selenium/webdriver/remote/errorhandler.py\", line 232, in check_response\n    raise exception_class(message, screen, stacktrace)\n","steps":[],"attachments":[],"parameters":[],"shouldDisplayMessage":true,"stepsCount":0,"attachmentsCount":0,"hasContent":true,"attachmentStep":false}],"attachments":[],"parameters":[],"shouldDisplayMessage":true,"stepsCount":4,"attachmentsCount":0,"hasContent":true,"attachmentStep":false},"afterStages":[{"name":"driver::0","time":{"start":1741782094897,"stop":1741782094967,"duration":70},"status":"passed","steps":[],"attachments":[],"parameters":[],"shouldDisplayMessage":false,"stepsCount":0,"attachmentsCount":0,"hasContent":false,"attachmentStep":false}],"labels":[{"name":"tag","value":"TC006"},{"name":"tag","value":"TC000"},{"name":"parentSuite","value":"tests.regression_ui"},{"name":"suite","value":"test_ui_regression"},{"name":"subSuite","value":"TestUIRegression"},{"name":"host","value":"fv-az791-259"},{"name":"thread","value":"4028-MainThread"},{"name":"framework","value":"pytest"},{"name":"language","value":"cpython3"},{"name":"package","value":"tests.regression_ui.test_ui_regression"},{"name":"resultFormat","value":"allure2"}],"parameters":[],"links":[],"hidden":false,"retry":false,"extra":{"severity":"normal","retries":[],"categories":[{"name":"Test defects","matchedStatuses":[]}],"history":{"statistic":{"failed":13,"broken":27,"skipped":0,"passed":446,"unknown":0,"total":486},"items":[{"uid":"9290283cd8d90c1","status":"passed","time":{"start":1741770759093,"stop":1741770795692,"duration":36599}},{"uid":"47e0fb152353be54","status":"passed","time":{"start":1741760172242,"stop":1741760203336,"duration":31094}},{"uid":"f0accc3232352066","status":"passed","time":{"start":1741749704466,"stop":1741749737204,"duration":32738}},{"uid":"656c52aa6917e1cf","status":"passed","time":{"start":1741740221910,"stop":1741740253252,"duration":31342}},{"uid":"fce3c7b9d7f4e2af","status":"passed","time":{"start":1741727350548,"stop":1741727384586,"duration":34038}},{"uid":"ab339a7a293f4518","status":"passed","time":{"start":1741716879423,"stop":1741716916422,"duration":36999}},{"uid":"ff58a12dc6741bf5","status":"passed","time":{"start":1741705930603,"stop":1741705962742,"duration":32139}},{"uid":"2b1cff609518f318","status":"passed","time":{"start":1741695553400,"stop":1741695586492,"duration":33092}},{"uid":"b93680d5b43b4d44","status":"passed","time":{"start":1741684422987,"stop":1741684454618,"duration":31631}},{"uid":"495e76c2c17b6136","status":"passed","time":{"start":1741673831572,"stop":1741673862794,"duration":31222}},{"uid":"677241129af65b47","status":"passed","time":{"start":1741663360387,"stop":1741663396956,"duration":36569}},{"uid":"1405b38774c0db51","status":"passed","time":{"start":1741641100175,"stop":1741641136969,"duration":36794}},{"uid":"9577aac16c82c1a2","status":"passed","time":{"start":1741630391153,"stop":1741630423694,"duration":32541}},{"uid":"22a654dca6b8df12","status":"passed","time":{"start":1741619563451,"stop":1741619595577,"duration":32126}},{"uid":"e842e1bb667ba76a","status":"passed","time":{"start":1741609210635,"stop":1741609247520,"duration":36885}},{"uid":"6665c9bbaf43350e","status":"passed","time":{"start":1741597843491,"stop":1741597874670,"duration":31179}},{"uid":"117fc29afcb949d7","status":"passed","time":{"start":1741587224058,"stop":1741587256539,"duration":32481}},{"uid":"45a11695a9487364","status":"passed","time":{"start":1741576270301,"stop":1741576307257,"duration":36956}},{"uid":"fc3f2c5640256539","status":"passed","time":{"start":1741567480312,"stop":1741567512837,"duration":32525}},{"uid":"de26fb64124dff7e","status":"passed","time":{"start":1741554433098,"stop":1741554464525,"duration":31427}}]},"tags":["TC006","TC000"]},"source":"1c9afdacebb86e77.json","parameterValues":[]}