{"uid":"1e515d7cf6a05bd0","name":"Board Deletion","fullName":"tests.regression_ui.test_ui_regression.TestUIRegression#test_board_deletion","historyId":"4bab3c1ca3a9b77bdca99b9a1a8bf44f","time":{"start":1740885730584,"stop":1740885746068,"duration":15484},"status":"broken","statusMessage":"selenium.common.exceptions.TimeoutException: Message: \nStacktrace:\n#0 0x55ab854f1bea <unknown>\n#1 0x55ab84f8f7d0 <unknown>\n#2 0x55ab84fe0cc0 <unknown>\n#3 0x55ab84fe0e41 <unknown>\n#4 0x55ab8502f984 <unknown>\n#5 0x55ab85006abd <unknown>\n#6 0x55ab8502cd0c <unknown>\n#7 0x55ab85006863 <unknown>\n#8 0x55ab84fd2ac8 <unknown>\n#9 0x55ab84fd3c31 <unknown>\n#10 0x55ab854bb18b <unknown>\n#11 0x55ab854bf112 <unknown>\n#12 0x55ab854a804c <unknown>\n#13 0x55ab854bfd04 <unknown>\n#14 0x55ab8548c4bf <unknown>\n#15 0x55ab854e0528 <unknown>\n#16 0x55ab854e06f9 <unknown>\n#17 0x55ab854f0a66 <unknown>\n#18 0x7fc735c9caa4 <unknown>\n#19 0x7fc735d29c3c <unknown>","statusTrace":"self = <tests.regression_ui.test_ui_regression.TestUIRegression object at 0x7f6644cb2ba0>\ndriver = <selenium.webdriver.chrome.webdriver.WebDriver (session=\"549d6d649344eb05fd1c023474c024f8\")>\n\n    @pytest.mark.TC000\n    @pytest.mark.TC009\n    @allure.title('Board Deletion')\n    def test_board_deletion(self, driver):\n        time.sleep(5)\n        with allure.step('Log in to Trello account'):\n>           self.test_login(driver)\n\ntests/regression_ui/test_ui_regression.py:270: \n_ _ _ _ _ _ _ _ _ _ _ _ _ _ _ _ _ _ _ _ _ _ _ _ _ _ _ _ _ _ _ _ _ _ _ _ _ _ _ _ \ntests/regression_ui/test_ui_regression.py:62: in test_login\n    el_user_name = WebDriverWait(driver, 10).until(EC.element_to_be_clickable(\n_ _ _ _ _ _ _ _ _ _ _ _ _ _ _ _ _ _ _ _ _ _ _ _ _ _ _ _ _ _ _ _ _ _ _ _ _ _ _ _ \n\nself = <selenium.webdriver.support.wait.WebDriverWait (session=\"549d6d649344eb05fd1c023474c024f8\")>\nmethod = <function element_to_be_clickable.<locals>._predicate at 0x7f6644bca660>\nmessage = ''\n\n    def until(self, method: Callable[[D], Union[Literal[False], T]], message: str = \"\") -> T:\n        \"\"\"Calls the method provided with the driver as an argument until the \\\n        return value does not evaluate to ``False``.\n    \n        :param method: callable(WebDriver)\n        :param message: optional message for :exc:`TimeoutException`\n        :returns: the result of the last call to `method`\n        :raises: :exc:`selenium.common.exceptions.TimeoutException` if timeout occurs\n        \"\"\"\n        screen = None\n        stacktrace = None\n    \n        end_time = time.monotonic() + self._timeout\n        while True:\n            try:\n                value = method(self._driver)\n                if value:\n                    return value\n            except self._ignored_exceptions as exc:\n                screen = getattr(exc, \"screen\", None)\n                stacktrace = getattr(exc, \"stacktrace\", None)\n            if time.monotonic() > end_time:\n                break\n            time.sleep(self._poll)\n>       raise TimeoutException(message, screen, stacktrace)\nE       selenium.common.exceptions.TimeoutException: Message: \nE       Stacktrace:\nE       #0 0x55ab854f1bea <unknown>\nE       #1 0x55ab84f8f7d0 <unknown>\nE       #2 0x55ab84fe0cc0 <unknown>\nE       #3 0x55ab84fe0e41 <unknown>\nE       #4 0x55ab8502f984 <unknown>\nE       #5 0x55ab85006abd <unknown>\nE       #6 0x55ab8502cd0c <unknown>\nE       #7 0x55ab85006863 <unknown>\nE       #8 0x55ab84fd2ac8 <unknown>\nE       #9 0x55ab84fd3c31 <unknown>\nE       #10 0x55ab854bb18b <unknown>\nE       #11 0x55ab854bf112 <unknown>\nE       #12 0x55ab854a804c <unknown>\nE       #13 0x55ab854bfd04 <unknown>\nE       #14 0x55ab8548c4bf <unknown>\nE       #15 0x55ab854e0528 <unknown>\nE       #16 0x55ab854e06f9 <unknown>\nE       #17 0x55ab854f0a66 <unknown>\nE       #18 0x7fc735c9caa4 <unknown>\nE       #19 0x7fc735d29c3c <unknown>\n\n/opt/hostedtoolcache/Python/3.12.5/x64/lib/python3.12/site-packages/selenium/webdriver/support/wait.py:105: TimeoutException","flaky":false,"newFailed":false,"newBroken":false,"newPassed":false,"retriesCount":0,"retriesStatusChange":false,"beforeStages":[{"name":"driver","time":{"start":1740885730258,"stop":1740885730583,"duration":325},"status":"passed","steps":[],"attachments":[],"parameters":[],"shouldDisplayMessage":false,"stepsCount":0,"attachmentsCount":0,"hasContent":false,"attachmentStep":false},{"name":"setup","time":{"start":1740885730583,"stop":1740885730583,"duration":0},"status":"passed","steps":[],"attachments":[],"parameters":[],"shouldDisplayMessage":false,"stepsCount":0,"attachmentsCount":0,"hasContent":false,"attachmentStep":false}],"testStage":{"status":"broken","statusMessage":"selenium.common.exceptions.TimeoutException: Message: \nStacktrace:\n#0 0x55ab854f1bea <unknown>\n#1 0x55ab84f8f7d0 <unknown>\n#2 0x55ab84fe0cc0 <unknown>\n#3 0x55ab84fe0e41 <unknown>\n#4 0x55ab8502f984 <unknown>\n#5 0x55ab85006abd <unknown>\n#6 0x55ab8502cd0c <unknown>\n#7 0x55ab85006863 <unknown>\n#8 0x55ab84fd2ac8 <unknown>\n#9 0x55ab84fd3c31 <unknown>\n#10 0x55ab854bb18b <unknown>\n#11 0x55ab854bf112 <unknown>\n#12 0x55ab854a804c <unknown>\n#13 0x55ab854bfd04 <unknown>\n#14 0x55ab8548c4bf <unknown>\n#15 0x55ab854e0528 <unknown>\n#16 0x55ab854e06f9 <unknown>\n#17 0x55ab854f0a66 <unknown>\n#18 0x7fc735c9caa4 <unknown>\n#19 0x7fc735d29c3c <unknown>","statusTrace":"self = <tests.regression_ui.test_ui_regression.TestUIRegression object at 0x7f6644cb2ba0>\ndriver = <selenium.webdriver.chrome.webdriver.WebDriver (session=\"549d6d649344eb05fd1c023474c024f8\")>\n\n    @pytest.mark.TC000\n    @pytest.mark.TC009\n    @allure.title('Board Deletion')\n    def test_board_deletion(self, driver):\n        time.sleep(5)\n        with allure.step('Log in to Trello account'):\n>           self.test_login(driver)\n\ntests/regression_ui/test_ui_regression.py:270: \n_ _ _ _ _ _ _ _ _ _ _ _ _ _ _ _ _ _ _ _ _ _ _ _ _ _ _ _ _ _ _ _ _ _ _ _ _ _ _ _ \ntests/regression_ui/test_ui_regression.py:62: in test_login\n    el_user_name = WebDriverWait(driver, 10).until(EC.element_to_be_clickable(\n_ _ _ _ _ _ _ _ _ _ _ _ _ _ _ _ _ _ _ _ _ _ _ _ _ _ _ _ _ _ _ _ _ _ _ _ _ _ _ _ \n\nself = <selenium.webdriver.support.wait.WebDriverWait (session=\"549d6d649344eb05fd1c023474c024f8\")>\nmethod = <function element_to_be_clickable.<locals>._predicate at 0x7f6644bca660>\nmessage = ''\n\n    def until(self, method: Callable[[D], Union[Literal[False], T]], message: str = \"\") -> T:\n        \"\"\"Calls the method provided with the driver as an argument until the \\\n        return value does not evaluate to ``False``.\n    \n        :param method: callable(WebDriver)\n        :param message: optional message for :exc:`TimeoutException`\n        :returns: the result of the last call to `method`\n        :raises: :exc:`selenium.common.exceptions.TimeoutException` if timeout occurs\n        \"\"\"\n        screen = None\n        stacktrace = None\n    \n        end_time = time.monotonic() + self._timeout\n        while True:\n            try:\n                value = method(self._driver)\n                if value:\n                    return value\n            except self._ignored_exceptions as exc:\n                screen = getattr(exc, \"screen\", None)\n                stacktrace = getattr(exc, \"stacktrace\", None)\n            if time.monotonic() > end_time:\n                break\n            time.sleep(self._poll)\n>       raise TimeoutException(message, screen, stacktrace)\nE       selenium.common.exceptions.TimeoutException: Message: \nE       Stacktrace:\nE       #0 0x55ab854f1bea <unknown>\nE       #1 0x55ab84f8f7d0 <unknown>\nE       #2 0x55ab84fe0cc0 <unknown>\nE       #3 0x55ab84fe0e41 <unknown>\nE       #4 0x55ab8502f984 <unknown>\nE       #5 0x55ab85006abd <unknown>\nE       #6 0x55ab8502cd0c <unknown>\nE       #7 0x55ab85006863 <unknown>\nE       #8 0x55ab84fd2ac8 <unknown>\nE       #9 0x55ab84fd3c31 <unknown>\nE       #10 0x55ab854bb18b <unknown>\nE       #11 0x55ab854bf112 <unknown>\nE       #12 0x55ab854a804c <unknown>\nE       #13 0x55ab854bfd04 <unknown>\nE       #14 0x55ab8548c4bf <unknown>\nE       #15 0x55ab854e0528 <unknown>\nE       #16 0x55ab854e06f9 <unknown>\nE       #17 0x55ab854f0a66 <unknown>\nE       #18 0x7fc735c9caa4 <unknown>\nE       #19 0x7fc735d29c3c <unknown>\n\n/opt/hostedtoolcache/Python/3.12.5/x64/lib/python3.12/site-packages/selenium/webdriver/support/wait.py:105: TimeoutException","steps":[{"name":"Log in to Trello account","time":{"start":1740885735584,"stop":1740885746068,"duration":10484},"status":"broken","statusMessage":"selenium.common.exceptions.TimeoutException: Message: \nStacktrace:\n#0 0x55ab854f1bea <unknown>\n#1 0x55ab84f8f7d0 <unknown>\n#2 0x55ab84fe0cc0 <unknown>\n#3 0x55ab84fe0e41 <unknown>\n#4 0x55ab8502f984 <unknown>\n#5 0x55ab85006abd <unknown>\n#6 0x55ab8502cd0c <unknown>\n#7 0x55ab85006863 <unknown>\n#8 0x55ab84fd2ac8 <unknown>\n#9 0x55ab84fd3c31 <unknown>\n#10 0x55ab854bb18b <unknown>\n#11 0x55ab854bf112 <unknown>\n#12 0x55ab854a804c <unknown>\n#13 0x55ab854bfd04 <unknown>\n#14 0x55ab8548c4bf <unknown>\n#15 0x55ab854e0528 <unknown>\n#16 0x55ab854e06f9 <unknown>\n#17 0x55ab854f0a66 <unknown>\n#18 0x7fc735c9caa4 <unknown>\n#19 0x7fc735d29c3c <unknown>\n\n","statusTrace":"  File \"/home/runner/work/pythonSelenium/pythonSelenium/tests/regression_ui/test_ui_regression.py\", line 270, in test_board_deletion\n    self.test_login(driver)\n  File \"/home/runner/work/pythonSelenium/pythonSelenium/tests/regression_ui/test_ui_regression.py\", line 62, in test_login\n    el_user_name = WebDriverWait(driver, 10).until(EC.element_to_be_clickable(\n                   ^^^^^^^^^^^^^^^^^^^^^^^^^^^^^^^^^^^^^^^^^^^^^^^^^^^^^^^^^^^\n  File \"/opt/hostedtoolcache/Python/3.12.5/x64/lib/python3.12/site-packages/selenium/webdriver/support/wait.py\", line 105, in until\n    raise TimeoutException(message, screen, stacktrace)\n","steps":[{"name":"Navigate to the Trello page and enter valid credentials (email, password, and 6-digits verification code)","time":{"start":1740885735584,"stop":1740885746067,"duration":10483},"status":"broken","statusMessage":"selenium.common.exceptions.TimeoutException: Message: \nStacktrace:\n#0 0x55ab854f1bea <unknown>\n#1 0x55ab84f8f7d0 <unknown>\n#2 0x55ab84fe0cc0 <unknown>\n#3 0x55ab84fe0e41 <unknown>\n#4 0x55ab8502f984 <unknown>\n#5 0x55ab85006abd <unknown>\n#6 0x55ab8502cd0c <unknown>\n#7 0x55ab85006863 <unknown>\n#8 0x55ab84fd2ac8 <unknown>\n#9 0x55ab84fd3c31 <unknown>\n#10 0x55ab854bb18b <unknown>\n#11 0x55ab854bf112 <unknown>\n#12 0x55ab854a804c <unknown>\n#13 0x55ab854bfd04 <unknown>\n#14 0x55ab8548c4bf <unknown>\n#15 0x55ab854e0528 <unknown>\n#16 0x55ab854e06f9 <unknown>\n#17 0x55ab854f0a66 <unknown>\n#18 0x7fc735c9caa4 <unknown>\n#19 0x7fc735d29c3c <unknown>\n\n","statusTrace":"  File \"/home/runner/work/pythonSelenium/pythonSelenium/tests/regression_ui/test_ui_regression.py\", line 62, in test_login\n    el_user_name = WebDriverWait(driver, 10).until(EC.element_to_be_clickable(\n                   ^^^^^^^^^^^^^^^^^^^^^^^^^^^^^^^^^^^^^^^^^^^^^^^^^^^^^^^^^^^\n  File \"/opt/hostedtoolcache/Python/3.12.5/x64/lib/python3.12/site-packages/selenium/webdriver/support/wait.py\", line 105, in until\n    raise TimeoutException(message, screen, stacktrace)\n","steps":[],"attachments":[],"parameters":[],"shouldDisplayMessage":true,"stepsCount":0,"attachmentsCount":0,"hasContent":true,"attachmentStep":false}],"attachments":[],"parameters":[],"shouldDisplayMessage":false,"stepsCount":1,"attachmentsCount":0,"hasContent":true,"attachmentStep":false}],"attachments":[],"parameters":[],"shouldDisplayMessage":true,"stepsCount":2,"attachmentsCount":0,"hasContent":true,"attachmentStep":false},"afterStages":[{"name":"driver::0","time":{"start":1740885746082,"stop":1740885746145,"duration":63},"status":"passed","steps":[],"attachments":[],"parameters":[],"shouldDisplayMessage":false,"stepsCount":0,"attachmentsCount":0,"hasContent":false,"attachmentStep":false}],"labels":[{"name":"tag","value":"TC009"},{"name":"tag","value":"TC000"},{"name":"parentSuite","value":"tests.regression_ui"},{"name":"suite","value":"test_ui_regression"},{"name":"subSuite","value":"TestUIRegression"},{"name":"host","value":"fv-az1680-624"},{"name":"thread","value":"4686-MainThread"},{"name":"framework","value":"pytest"},{"name":"language","value":"cpython3"},{"name":"package","value":"tests.regression_ui.test_ui_regression"},{"name":"resultFormat","value":"allure2"}],"parameters":[],"links":[],"hidden":false,"retry":false,"extra":{"severity":"normal","retries":[],"categories":[{"name":"Test defects","matchedStatuses":[],"flaky":false}],"history":{"statistic":{"failed":51,"broken":41,"skipped":0,"passed":304,"unknown":0,"total":396},"items":[{"uid":"c8bdf0c71f97d9ba","status":"broken","statusDetails":"selenium.common.exceptions.TimeoutException: Message: \nStacktrace:\n#0 0x560a69205bea <unknown>\n#1 0x560a68ca37d0 <unknown>\n#2 0x560a68cf4cc0 <unknown>\n#3 0x560a68cf4e41 <unknown>\n#4 0x560a68d43984 <unknown>\n#5 0x560a68d1aabd <unknown>\n#6 0x560a68d40d0c <unknown>\n#7 0x560a68d1a863 <unknown>\n#8 0x560a68ce6ac8 <unknown>\n#9 0x560a68ce7c31 <unknown>\n#10 0x560a691cf18b <unknown>\n#11 0x560a691d3112 <unknown>\n#12 0x560a691bc04c <unknown>\n#13 0x560a691d3d04 <unknown>\n#14 0x560a691a04bf <unknown>\n#15 0x560a691f4528 <unknown>\n#16 0x560a691f46f9 <unknown>\n#17 0x560a69204a66 <unknown>\n#18 0x7f1125a9caa4 <unknown>\n#19 0x7f1125b29c3c <unknown>","time":{"start":1740876397107,"stop":1740876412608,"duration":15501}},{"uid":"86b63b85b28bd703","status":"passed","time":{"start":1740863439076,"stop":1740863477257,"duration":38181}},{"uid":"e7ceb523df652350","status":"passed","time":{"start":1740852850549,"stop":1740852883858,"duration":33309}},{"uid":"69793b65a99f69bc","status":"passed","time":{"start":1740841991455,"stop":1740842024430,"duration":32975}},{"uid":"8b81c40335cd2c93","status":"passed","time":{"start":1740831518289,"stop":1740831556555,"duration":38266}},{"uid":"48721c0662206966","status":"passed","time":{"start":1740820361449,"stop":1740820394993,"duration":33544}},{"uid":"c05da52fb17d63cc","status":"passed","time":{"start":1740809710755,"stop":1740809748940,"duration":38185}},{"uid":"a28a261c11966475","status":"passed","time":{"start":1740799600052,"stop":1740799638513,"duration":38461}},{"uid":"e5a44009d238125b","status":"passed","time":{"start":1740790150563,"stop":1740790188390,"duration":37827}},{"uid":"ccce9a45d169c352","status":"passed","time":{"start":1740777100209,"stop":1740777138198,"duration":37989}},{"uid":"f122be484bdf0359","status":"passed","time":{"start":1740766539595,"stop":1740766578103,"duration":38508}},{"uid":"509e3eac00a028d2","status":"passed","time":{"start":1740755588777,"stop":1740755627155,"duration":38378}},{"uid":"1bf97b9e5a89b3e4","status":"passed","time":{"start":1740745150552,"stop":1740745188823,"duration":38271}},{"uid":"991fae9a064a236","status":"passed","time":{"start":1740733986219,"stop":1740734025510,"duration":39291}},{"uid":"f7eb595507b3d346","status":"passed","time":{"start":1740723366495,"stop":1740723405071,"duration":38576}},{"uid":"3e6dc392b31d6177","status":"passed","time":{"start":1740712896641,"stop":1740712934937,"duration":38296}},{"uid":"46112ea4bf309033","status":"passed","time":{"start":1740703567657,"stop":1740703606285,"duration":38628}},{"uid":"4e31627d2f833016","status":"passed","time":{"start":1740690728567,"stop":1740690767024,"duration":38457}},{"uid":"e9044d01607e8e2b","status":"passed","time":{"start":1740680137193,"stop":1740680175355,"duration":38162}},{"uid":"afad5a39b7913f08","status":"passed","time":{"start":1740669221414,"stop":1740669255304,"duration":33890}}]},"tags":["TC009","TC000"]},"source":"1e515d7cf6a05bd0.json","parameterValues":[]}