{"uid":"208d0bc5fa6294d5","name":"Label a Card","fullName":"tests.regression_ui.test_ui_regression.TestUIRegression#test_label_card","historyId":"81bf587fe9f2db9e87ee2dc06e7308b0","time":{"start":1741782095281,"stop":1741782116065,"duration":20784},"status":"broken","statusMessage":"selenium.common.exceptions.NoSuchElementException: Message: no such element: Unable to locate element: {\"method\":\"xpath\",\"selector\":\"//*[contains(text(), 'new_card')]\"}\n  (Session info: chrome=134.0.6998.88); For documentation on this error, please visit: https://www.selenium.dev/documentation/webdriver/troubleshooting/errors#no-such-element-exception\nStacktrace:\n#0 0x55bfa962646a <unknown>\n#1 0x55bfa90dfed0 <unknown>\n#2 0x55bfa9131935 <unknown>\n#3 0x55bfa9131b61 <unknown>\n#4 0x55bfa91809d4 <unknown>\n#5 0x55bfa915788d <unknown>\n#6 0x55bfa917dceb <unknown>\n#7 0x55bfa9157633 <unknown>\n#8 0x55bfa91231be <unknown>\n#9 0x55bfa9124981 <unknown>\n#10 0x55bfa95ec86b <unknown>\n#11 0x55bfa95f073c <unknown>\n#12 0x55bfa95d3f12 <unknown>\n#13 0x55bfa95f12b4 <unknown>\n#14 0x55bfa95b80af <unknown>\n#15 0x55bfa9614ad8 <unknown>\n#16 0x55bfa9614cb6 <unknown>\n#17 0x55bfa96252e6 <unknown>\n#18 0x7ff03c49caa4 <unknown>\n#19 0x7ff03c529c3c <unknown>","statusTrace":"self = <tests.regression_ui.test_ui_regression.TestUIRegression object at 0x7fd04ffaaa50>\ndriver = <selenium.webdriver.chrome.webdriver.WebDriver (session=\"62c943420343289a34aff56d31214529\")>\n\n    @pytest.mark.TC000\n    @pytest.mark.TC007\n    @allure.title('Label a Card')\n    def test_label_card(self, driver):\n        time.sleep(4)\n        with allure.step('Log in to Trello account'):\n            self.test_login(driver)\n    \n        with allure.step('Open a board and select a card'):\n            try:\n                WebDriverWait(driver, 10).until(EC.element_to_be_clickable((By.XPATH, self.SCC.Board.BOARD_TITLE))).click()\n                WebDriverWait(driver, 10).until(EC.visibility_of_element_located((By.XPATH, self.SCC.Board.LIST_TITLE))).click()\n                driver.find_element(By.XPATH, self.SCC.List.ADD_A_CARD_BUTTON).click()\n                driver.find_element(By.XPATH, self.SCC.List.CARD_NAME_FIELD).click()\n                time.sleep(1)\n                driver.find_element(By.XPATH, self.SCC.List.CARD_NAME_FIELD).send_keys('new_card')\n                driver.find_element(By.XPATH, self.SCC.List.ADD_CARD_SUBMIT_BUTTOMN).click()\n                time.sleep(3)\n            except Exception as e:\n                log.info(\"An error occurred: \", str(e))\n    \n        with allure.step('Click the card to open and archive it'):\n>           driver.find_element(By.XPATH, self.SCC.List.CARD_TO_ARCHIVE).click()\n\ntests/regression_ui/test_ui_regression.py:239: \n_ _ _ _ _ _ _ _ _ _ _ _ _ _ _ _ _ _ _ _ _ _ _ _ _ _ _ _ _ _ _ _ _ _ _ _ _ _ _ _ \n/opt/hostedtoolcache/Python/3.12.5/x64/lib/python3.12/site-packages/selenium/webdriver/remote/webdriver.py:770: in find_element\n    return self.execute(Command.FIND_ELEMENT, {\"using\": by, \"value\": value})[\"value\"]\n/opt/hostedtoolcache/Python/3.12.5/x64/lib/python3.12/site-packages/selenium/webdriver/remote/webdriver.py:384: in execute\n    self.error_handler.check_response(response)\n_ _ _ _ _ _ _ _ _ _ _ _ _ _ _ _ _ _ _ _ _ _ _ _ _ _ _ _ _ _ _ _ _ _ _ _ _ _ _ _ \n\nself = <selenium.webdriver.remote.errorhandler.ErrorHandler object at 0x7fd04ffaf0e0>\nresponse = {'status': 404, 'value': '{\"value\":{\"error\":\"no such element\",\"message\":\"no such element: Unable to locate element: {\\...\\\\n#17 0x55bfa96252e6 \\\\u003Cunknown>\\\\n#18 0x7ff03c49caa4 \\\\u003Cunknown>\\\\n#19 0x7ff03c529c3c \\\\u003Cunknown>\\\\n\"}}'}\n\n    def check_response(self, response: Dict[str, Any]) -> None:\n        \"\"\"Checks that a JSON response from the WebDriver does not have an\n        error.\n    \n        :Args:\n         - response - The JSON response from the WebDriver server as a dictionary\n           object.\n    \n        :Raises: If the response contains an error message.\n        \"\"\"\n        status = response.get(\"status\", None)\n        if not status or status == ErrorCode.SUCCESS:\n            return\n        value = None\n        message = response.get(\"message\", \"\")\n        screen: str = response.get(\"screen\", \"\")\n        stacktrace = None\n        if isinstance(status, int):\n            value_json = response.get(\"value\", None)\n            if value_json and isinstance(value_json, str):\n                import json\n    \n                try:\n                    value = json.loads(value_json)\n                    if len(value) == 1:\n                        value = value[\"value\"]\n                    status = value.get(\"error\", None)\n                    if not status:\n                        status = value.get(\"status\", ErrorCode.UNKNOWN_ERROR)\n                        message = value.get(\"value\") or value.get(\"message\")\n                        if not isinstance(message, str):\n                            value = message\n                            message = message.get(\"message\")\n                    else:\n                        message = value.get(\"message\", None)\n                except ValueError:\n                    pass\n    \n        exception_class: Type[WebDriverException]\n        e = ErrorCode()\n        error_codes = [item for item in dir(e) if not item.startswith(\"__\")]\n        for error_code in error_codes:\n            error_info = getattr(ErrorCode, error_code)\n            if isinstance(error_info, list) and status in error_info:\n                exception_class = getattr(ExceptionMapping, error_code, WebDriverException)\n                break\n        else:\n            exception_class = WebDriverException\n    \n        if not value:\n            value = response[\"value\"]\n        if isinstance(value, str):\n            raise exception_class(value)\n        if message == \"\" and \"message\" in value:\n            message = value[\"message\"]\n    \n        screen = None  # type: ignore[assignment]\n        if \"screen\" in value:\n            screen = value[\"screen\"]\n    \n        stacktrace = None\n        st_value = value.get(\"stackTrace\") or value.get(\"stacktrace\")\n        if st_value:\n            if isinstance(st_value, str):\n                stacktrace = st_value.split(\"\\n\")\n            else:\n                stacktrace = []\n                try:\n                    for frame in st_value:\n                        line = frame.get(\"lineNumber\", \"\")\n                        file = frame.get(\"fileName\", \"<anonymous>\")\n                        if line:\n                            file = f\"{file}:{line}\"\n                        meth = frame.get(\"methodName\", \"<anonymous>\")\n                        if \"className\" in frame:\n                            meth = f\"{frame['className']}.{meth}\"\n                        msg = \"    at %s (%s)\"\n                        msg = msg % (meth, file)\n                        stacktrace.append(msg)\n                except TypeError:\n                    pass\n        if exception_class == UnexpectedAlertPresentException:\n            alert_text = None\n            if \"data\" in value:\n                alert_text = value[\"data\"].get(\"text\")\n            elif \"alert\" in value:\n                alert_text = value[\"alert\"].get(\"text\")\n            raise exception_class(message, screen, stacktrace, alert_text)  # type: ignore[call-arg]  # mypy is not smart enough here\n>       raise exception_class(message, screen, stacktrace)\nE       selenium.common.exceptions.NoSuchElementException: Message: no such element: Unable to locate element: {\"method\":\"xpath\",\"selector\":\"//*[contains(text(), 'new_card')]\"}\nE         (Session info: chrome=134.0.6998.88); For documentation on this error, please visit: https://www.selenium.dev/documentation/webdriver/troubleshooting/errors#no-such-element-exception\nE       Stacktrace:\nE       #0 0x55bfa962646a <unknown>\nE       #1 0x55bfa90dfed0 <unknown>\nE       #2 0x55bfa9131935 <unknown>\nE       #3 0x55bfa9131b61 <unknown>\nE       #4 0x55bfa91809d4 <unknown>\nE       #5 0x55bfa915788d <unknown>\nE       #6 0x55bfa917dceb <unknown>\nE       #7 0x55bfa9157633 <unknown>\nE       #8 0x55bfa91231be <unknown>\nE       #9 0x55bfa9124981 <unknown>\nE       #10 0x55bfa95ec86b <unknown>\nE       #11 0x55bfa95f073c <unknown>\nE       #12 0x55bfa95d3f12 <unknown>\nE       #13 0x55bfa95f12b4 <unknown>\nE       #14 0x55bfa95b80af <unknown>\nE       #15 0x55bfa9614ad8 <unknown>\nE       #16 0x55bfa9614cb6 <unknown>\nE       #17 0x55bfa96252e6 <unknown>\nE       #18 0x7ff03c49caa4 <unknown>\nE       #19 0x7ff03c529c3c <unknown>\n\n/opt/hostedtoolcache/Python/3.12.5/x64/lib/python3.12/site-packages/selenium/webdriver/remote/errorhandler.py:232: NoSuchElementException","flaky":false,"newFailed":false,"newBroken":true,"newPassed":false,"retriesCount":0,"retriesStatusChange":false,"beforeStages":[{"name":"driver","time":{"start":1741782094968,"stop":1741782095280,"duration":312},"status":"passed","steps":[],"attachments":[],"parameters":[],"shouldDisplayMessage":false,"stepsCount":0,"attachmentsCount":0,"hasContent":false,"attachmentStep":false},{"name":"setup","time":{"start":1741782095281,"stop":1741782095281,"duration":0},"status":"passed","steps":[],"attachments":[],"parameters":[],"shouldDisplayMessage":false,"stepsCount":0,"attachmentsCount":0,"hasContent":false,"attachmentStep":false}],"testStage":{"status":"broken","statusMessage":"selenium.common.exceptions.NoSuchElementException: Message: no such element: Unable to locate element: {\"method\":\"xpath\",\"selector\":\"//*[contains(text(), 'new_card')]\"}\n  (Session info: chrome=134.0.6998.88); For documentation on this error, please visit: https://www.selenium.dev/documentation/webdriver/troubleshooting/errors#no-such-element-exception\nStacktrace:\n#0 0x55bfa962646a <unknown>\n#1 0x55bfa90dfed0 <unknown>\n#2 0x55bfa9131935 <unknown>\n#3 0x55bfa9131b61 <unknown>\n#4 0x55bfa91809d4 <unknown>\n#5 0x55bfa915788d <unknown>\n#6 0x55bfa917dceb <unknown>\n#7 0x55bfa9157633 <unknown>\n#8 0x55bfa91231be <unknown>\n#9 0x55bfa9124981 <unknown>\n#10 0x55bfa95ec86b <unknown>\n#11 0x55bfa95f073c <unknown>\n#12 0x55bfa95d3f12 <unknown>\n#13 0x55bfa95f12b4 <unknown>\n#14 0x55bfa95b80af <unknown>\n#15 0x55bfa9614ad8 <unknown>\n#16 0x55bfa9614cb6 <unknown>\n#17 0x55bfa96252e6 <unknown>\n#18 0x7ff03c49caa4 <unknown>\n#19 0x7ff03c529c3c <unknown>","statusTrace":"self = <tests.regression_ui.test_ui_regression.TestUIRegression object at 0x7fd04ffaaa50>\ndriver = <selenium.webdriver.chrome.webdriver.WebDriver (session=\"62c943420343289a34aff56d31214529\")>\n\n    @pytest.mark.TC000\n    @pytest.mark.TC007\n    @allure.title('Label a Card')\n    def test_label_card(self, driver):\n        time.sleep(4)\n        with allure.step('Log in to Trello account'):\n            self.test_login(driver)\n    \n        with allure.step('Open a board and select a card'):\n            try:\n                WebDriverWait(driver, 10).until(EC.element_to_be_clickable((By.XPATH, self.SCC.Board.BOARD_TITLE))).click()\n                WebDriverWait(driver, 10).until(EC.visibility_of_element_located((By.XPATH, self.SCC.Board.LIST_TITLE))).click()\n                driver.find_element(By.XPATH, self.SCC.List.ADD_A_CARD_BUTTON).click()\n                driver.find_element(By.XPATH, self.SCC.List.CARD_NAME_FIELD).click()\n                time.sleep(1)\n                driver.find_element(By.XPATH, self.SCC.List.CARD_NAME_FIELD).send_keys('new_card')\n                driver.find_element(By.XPATH, self.SCC.List.ADD_CARD_SUBMIT_BUTTOMN).click()\n                time.sleep(3)\n            except Exception as e:\n                log.info(\"An error occurred: \", str(e))\n    \n        with allure.step('Click the card to open and archive it'):\n>           driver.find_element(By.XPATH, self.SCC.List.CARD_TO_ARCHIVE).click()\n\ntests/regression_ui/test_ui_regression.py:239: \n_ _ _ _ _ _ _ _ _ _ _ _ _ _ _ _ _ _ _ _ _ _ _ _ _ _ _ _ _ _ _ _ _ _ _ _ _ _ _ _ \n/opt/hostedtoolcache/Python/3.12.5/x64/lib/python3.12/site-packages/selenium/webdriver/remote/webdriver.py:770: in find_element\n    return self.execute(Command.FIND_ELEMENT, {\"using\": by, \"value\": value})[\"value\"]\n/opt/hostedtoolcache/Python/3.12.5/x64/lib/python3.12/site-packages/selenium/webdriver/remote/webdriver.py:384: in execute\n    self.error_handler.check_response(response)\n_ _ _ _ _ _ _ _ _ _ _ _ _ _ _ _ _ _ _ _ _ _ _ _ _ _ _ _ _ _ _ _ _ _ _ _ _ _ _ _ \n\nself = <selenium.webdriver.remote.errorhandler.ErrorHandler object at 0x7fd04ffaf0e0>\nresponse = {'status': 404, 'value': '{\"value\":{\"error\":\"no such element\",\"message\":\"no such element: Unable to locate element: {\\...\\\\n#17 0x55bfa96252e6 \\\\u003Cunknown>\\\\n#18 0x7ff03c49caa4 \\\\u003Cunknown>\\\\n#19 0x7ff03c529c3c \\\\u003Cunknown>\\\\n\"}}'}\n\n    def check_response(self, response: Dict[str, Any]) -> None:\n        \"\"\"Checks that a JSON response from the WebDriver does not have an\n        error.\n    \n        :Args:\n         - response - The JSON response from the WebDriver server as a dictionary\n           object.\n    \n        :Raises: If the response contains an error message.\n        \"\"\"\n        status = response.get(\"status\", None)\n        if not status or status == ErrorCode.SUCCESS:\n            return\n        value = None\n        message = response.get(\"message\", \"\")\n        screen: str = response.get(\"screen\", \"\")\n        stacktrace = None\n        if isinstance(status, int):\n            value_json = response.get(\"value\", None)\n            if value_json and isinstance(value_json, str):\n                import json\n    \n                try:\n                    value = json.loads(value_json)\n                    if len(value) == 1:\n                        value = value[\"value\"]\n                    status = value.get(\"error\", None)\n                    if not status:\n                        status = value.get(\"status\", ErrorCode.UNKNOWN_ERROR)\n                        message = value.get(\"value\") or value.get(\"message\")\n                        if not isinstance(message, str):\n                            value = message\n                            message = message.get(\"message\")\n                    else:\n                        message = value.get(\"message\", None)\n                except ValueError:\n                    pass\n    \n        exception_class: Type[WebDriverException]\n        e = ErrorCode()\n        error_codes = [item for item in dir(e) if not item.startswith(\"__\")]\n        for error_code in error_codes:\n            error_info = getattr(ErrorCode, error_code)\n            if isinstance(error_info, list) and status in error_info:\n                exception_class = getattr(ExceptionMapping, error_code, WebDriverException)\n                break\n        else:\n            exception_class = WebDriverException\n    \n        if not value:\n            value = response[\"value\"]\n        if isinstance(value, str):\n            raise exception_class(value)\n        if message == \"\" and \"message\" in value:\n            message = value[\"message\"]\n    \n        screen = None  # type: ignore[assignment]\n        if \"screen\" in value:\n            screen = value[\"screen\"]\n    \n        stacktrace = None\n        st_value = value.get(\"stackTrace\") or value.get(\"stacktrace\")\n        if st_value:\n            if isinstance(st_value, str):\n                stacktrace = st_value.split(\"\\n\")\n            else:\n                stacktrace = []\n                try:\n                    for frame in st_value:\n                        line = frame.get(\"lineNumber\", \"\")\n                        file = frame.get(\"fileName\", \"<anonymous>\")\n                        if line:\n                            file = f\"{file}:{line}\"\n                        meth = frame.get(\"methodName\", \"<anonymous>\")\n                        if \"className\" in frame:\n                            meth = f\"{frame['className']}.{meth}\"\n                        msg = \"    at %s (%s)\"\n                        msg = msg % (meth, file)\n                        stacktrace.append(msg)\n                except TypeError:\n                    pass\n        if exception_class == UnexpectedAlertPresentException:\n            alert_text = None\n            if \"data\" in value:\n                alert_text = value[\"data\"].get(\"text\")\n            elif \"alert\" in value:\n                alert_text = value[\"alert\"].get(\"text\")\n            raise exception_class(message, screen, stacktrace, alert_text)  # type: ignore[call-arg]  # mypy is not smart enough here\n>       raise exception_class(message, screen, stacktrace)\nE       selenium.common.exceptions.NoSuchElementException: Message: no such element: Unable to locate element: {\"method\":\"xpath\",\"selector\":\"//*[contains(text(), 'new_card')]\"}\nE         (Session info: chrome=134.0.6998.88); For documentation on this error, please visit: https://www.selenium.dev/documentation/webdriver/troubleshooting/errors#no-such-element-exception\nE       Stacktrace:\nE       #0 0x55bfa962646a <unknown>\nE       #1 0x55bfa90dfed0 <unknown>\nE       #2 0x55bfa9131935 <unknown>\nE       #3 0x55bfa9131b61 <unknown>\nE       #4 0x55bfa91809d4 <unknown>\nE       #5 0x55bfa915788d <unknown>\nE       #6 0x55bfa917dceb <unknown>\nE       #7 0x55bfa9157633 <unknown>\nE       #8 0x55bfa91231be <unknown>\nE       #9 0x55bfa9124981 <unknown>\nE       #10 0x55bfa95ec86b <unknown>\nE       #11 0x55bfa95f073c <unknown>\nE       #12 0x55bfa95d3f12 <unknown>\nE       #13 0x55bfa95f12b4 <unknown>\nE       #14 0x55bfa95b80af <unknown>\nE       #15 0x55bfa9614ad8 <unknown>\nE       #16 0x55bfa9614cb6 <unknown>\nE       #17 0x55bfa96252e6 <unknown>\nE       #18 0x7ff03c49caa4 <unknown>\nE       #19 0x7ff03c529c3c <unknown>\n\n/opt/hostedtoolcache/Python/3.12.5/x64/lib/python3.12/site-packages/selenium/webdriver/remote/errorhandler.py:232: NoSuchElementException","steps":[{"name":"Log in to Trello account","time":{"start":1741782099281,"stop":1741782105779,"duration":6498},"status":"passed","steps":[{"name":"Navigate to the Trello page and enter valid credentials (email, password, and 6-digits verification code)","time":{"start":1741782099281,"stop":1741782105779,"duration":6498},"status":"passed","steps":[],"attachments":[],"parameters":[],"shouldDisplayMessage":false,"stepsCount":0,"attachmentsCount":0,"hasContent":false,"attachmentStep":false}],"attachments":[],"parameters":[],"shouldDisplayMessage":false,"stepsCount":1,"attachmentsCount":0,"hasContent":true,"attachmentStep":false},{"name":"Open a board and select a card","time":{"start":1741782105779,"stop":1741782116049,"duration":10270},"status":"passed","steps":[],"attachments":[],"parameters":[],"shouldDisplayMessage":false,"stepsCount":0,"attachmentsCount":0,"hasContent":false,"attachmentStep":false},{"name":"Click the card to open and archive it","time":{"start":1741782116049,"stop":1741782116065,"duration":16},"status":"broken","statusMessage":"selenium.common.exceptions.NoSuchElementException: Message: no such element: Unable to locate element: {\"method\":\"xpath\",\"selector\":\"//*[contains(text(), 'new_card')]\"}\n  (Session info: chrome=134.0.6998.88); For documentation on this error, please visit: https://www.selenium.dev/documentation/webdriver/troubleshooting/errors#no-such-element-exception\nStacktrace:\n#0 0x55bfa962646a <unknown>\n#1 0x55bfa90dfed0 <unknown>\n#2 0x55bfa9131935 <unknown>\n#3 0x55bfa9131b61 <unknown>\n#4 0x55bfa91809d4 <unknown>\n#5 0x55bfa915788d <unknown>\n#6 0x55bfa917dceb <unknown>\n#7 0x55bfa9157633 <unknown>\n#8 0x55bfa91231be <unknown>\n#9 0x55bfa9124981 <unknown>\n#10 0x55bfa95ec86b <unknown>\n#11 0x55bfa95f073c <unknown>\n#12 0x55bfa95d3f12 <unknown>\n#13 0x55bfa95f12b4 <unknown>\n#14 0x55bfa95b80af <unknown>\n#15 0x55bfa9614ad8 <unknown>\n#16 0x55bfa9614cb6 <unknown>\n#17 0x55bfa96252e6 <unknown>\n#18 0x7ff03c49caa4 <unknown>\n#19 0x7ff03c529c3c <unknown>\n\n","statusTrace":"  File \"/home/runner/work/pythonSelenium/pythonSelenium/tests/regression_ui/test_ui_regression.py\", line 239, in test_label_card\n    driver.find_element(By.XPATH, self.SCC.List.CARD_TO_ARCHIVE).click()\n    ^^^^^^^^^^^^^^^^^^^^^^^^^^^^^^^^^^^^^^^^^^^^^^^^^^^^^^^^^^^^\n  File \"/opt/hostedtoolcache/Python/3.12.5/x64/lib/python3.12/site-packages/selenium/webdriver/remote/webdriver.py\", line 770, in find_element\n    return self.execute(Command.FIND_ELEMENT, {\"using\": by, \"value\": value})[\"value\"]\n           ^^^^^^^^^^^^^^^^^^^^^^^^^^^^^^^^^^^^^^^^^^^^^^^^^^^^^^^^^^^^^^^^^\n  File \"/opt/hostedtoolcache/Python/3.12.5/x64/lib/python3.12/site-packages/selenium/webdriver/remote/webdriver.py\", line 384, in execute\n    self.error_handler.check_response(response)\n  File \"/opt/hostedtoolcache/Python/3.12.5/x64/lib/python3.12/site-packages/selenium/webdriver/remote/errorhandler.py\", line 232, in check_response\n    raise exception_class(message, screen, stacktrace)\n","steps":[],"attachments":[],"parameters":[],"shouldDisplayMessage":true,"stepsCount":0,"attachmentsCount":0,"hasContent":true,"attachmentStep":false}],"attachments":[],"parameters":[],"shouldDisplayMessage":true,"stepsCount":4,"attachmentsCount":0,"hasContent":true,"attachmentStep":false},"afterStages":[{"name":"driver::0","time":{"start":1741782116095,"stop":1741782116164,"duration":69},"status":"passed","steps":[],"attachments":[],"parameters":[],"shouldDisplayMessage":false,"stepsCount":0,"attachmentsCount":0,"hasContent":false,"attachmentStep":false}],"labels":[{"name":"tag","value":"TC007"},{"name":"tag","value":"TC000"},{"name":"parentSuite","value":"tests.regression_ui"},{"name":"suite","value":"test_ui_regression"},{"name":"subSuite","value":"TestUIRegression"},{"name":"host","value":"fv-az791-259"},{"name":"thread","value":"4028-MainThread"},{"name":"framework","value":"pytest"},{"name":"language","value":"cpython3"},{"name":"package","value":"tests.regression_ui.test_ui_regression"},{"name":"resultFormat","value":"allure2"}],"parameters":[],"links":[],"hidden":false,"retry":false,"extra":{"severity":"normal","retries":[],"categories":[{"name":"Test defects","matchedStatuses":[]}],"history":{"statistic":{"failed":0,"broken":21,"skipped":0,"passed":464,"unknown":0,"total":485},"items":[{"uid":"6b2a948d6379a1e","status":"passed","time":{"start":1741770796104,"stop":1741770829491,"duration":33387}},{"uid":"d22f02a8f5dc82c5","status":"passed","time":{"start":1741760203746,"stop":1741760236966,"duration":33220}},{"uid":"33913b7a3041c13b","status":"passed","time":{"start":1741749737592,"stop":1741749766302,"duration":28710}},{"uid":"d24cf4ed889f2e3a","status":"passed","time":{"start":1741740253645,"stop":1741740287012,"duration":33367}},{"uid":"21ae0d9c5f0940aa","status":"passed","time":{"start":1741727384994,"stop":1741727419087,"duration":34093}},{"uid":"39a089d886df7dd","status":"passed","time":{"start":1741716916818,"stop":1741716950293,"duration":33475}},{"uid":"c675d6ec71978c22","status":"passed","time":{"start":1741705963147,"stop":1741705997684,"duration":34537}},{"uid":"bd9fa01e4e688300","status":"passed","time":{"start":1741695586881,"stop":1741695615878,"duration":28997}},{"uid":"30b638ba23477f3e","status":"passed","time":{"start":1741684455033,"stop":1741684488488,"duration":33455}},{"uid":"271ec194feb2c088","status":"passed","time":{"start":1741673863187,"stop":1741673896529,"duration":33342}},{"uid":"d6a194fe3d118035","status":"passed","time":{"start":1741663397354,"stop":1741663430757,"duration":33403}},{"uid":"aa90dcc754c93779","status":"passed","time":{"start":1741641137386,"stop":1741641171285,"duration":33899}},{"uid":"c5b7022c5d13151f","status":"passed","time":{"start":1741630424086,"stop":1741630458085,"duration":33999}},{"uid":"346087ca5af792c8","status":"passed","time":{"start":1741619595993,"stop":1741619630200,"duration":34207}},{"uid":"1d9b0919933c233e","status":"passed","time":{"start":1741609247909,"stop":1741609275675,"duration":27766}},{"uid":"ce779efd0d049ea3","status":"passed","time":{"start":1741597875074,"stop":1741597908445,"duration":33371}},{"uid":"e7696d6c4dc557f4","status":"passed","time":{"start":1741587256941,"stop":1741587285626,"duration":28685}},{"uid":"c8e9d60a91588925","status":"passed","time":{"start":1741576307666,"stop":1741576335486,"duration":27820}},{"uid":"c7fb0e08f7a2505a","status":"passed","time":{"start":1741567513240,"stop":1741567547439,"duration":34199}},{"uid":"2ba49c2bcc7e3af7","status":"passed","time":{"start":1741554464918,"stop":1741554498030,"duration":33112}}]},"tags":["TC007","TC000"]},"source":"208d0bc5fa6294d5.json","parameterValues":[]}