{"uid":"21d1fd4a73ae9e35","name":"Archive a card","fullName":"tests.regression_ui.test_ui_regression.TestUIRegression#test_archive_card","historyId":"4151bed777d70c35651f4626d00b86b5","time":{"start":1736792548402,"stop":1736792580894,"duration":32492},"status":"broken","statusMessage":"TypeError: not all arguments converted during string formatting","statusTrace":"self = <tests.regression_ui.test_ui_regression.TestUIRegression object at 0x7fd67cbaa6f0>\ndriver = <selenium.webdriver.chrome.webdriver.WebDriver (session=\"e9e2603b20a7b21e5683f93e1c3f5867\")>\n\n    @pytest.mark.TC000\n    @pytest.mark.TC001\n    @allure.title('Login Functionality')\n    def test_login(self, driver):\n        with allure.step('Navigate to the Trello login page'):\n            driver.get(self.SCC.URL_LOGIN)\n            time.sleep(3)\n        with allure.step('Enter valid credentials (email, password, and 6-digits verification code)'):\n            try:\n                el_user_name = WebDriverWait(driver, 60).until(EC.element_to_be_clickable(\n                    (By.XPATH, self.SCC.LoginPage.USER_NAME_FIELD)\n                ))\n                el_user_name.click()\n                el_user_name.send_keys(USER_EMAIL)\n    \n                driver.find_element(By.XPATH, self.SCC.LoginPage.CONTINUE_BUTTON).click()\n                el_password = WebDriverWait(driver, 60).until(EC.element_to_be_clickable(\n                    (By.XPATH, self.SCC.LoginPage.PASSWORD_FIELD)\n                ))\n                el_password.click()\n                el_password.send_keys(USER_PASSWORD)\n    \n                driver.find_element(By.XPATH, self.SCC.LoginPage.LOGIN_BUTTON).click()\n                time.sleep(3)\n                el_six_otp_code = WebDriverWait(driver, 60).until(EC.element_to_be_clickable(\n                    (By.XPATH, self.SCC.LoginPage.SIX_OTP_CODE_FIELD)\n                ))\n                el_six_otp_code.click()\n                el_six_otp_code.send_keys(self.otp_auth())\n                time.sleep(10)\n>               WebDriverWait(driver, 10).until(EC.url_matches(self.SCC.HOME_URL))\n\ntests/regression_ui/test_ui_regression.py:84: \n_ _ _ _ _ _ _ _ _ _ _ _ _ _ _ _ _ _ _ _ _ _ _ _ _ _ _ _ _ _ _ _ _ _ _ _ _ _ _ _ \n\nself = <selenium.webdriver.support.wait.WebDriverWait (session=\"e9e2603b20a7b21e5683f93e1c3f5867\")>\nmethod = <function url_matches.<locals>._predicate at 0x7fd67cb75b20>\nmessage = ''\n\n    def until(self, method: Callable[[D], Union[Literal[False], T]], message: str = \"\") -> T:\n        \"\"\"Calls the method provided with the driver as an argument until the \\\n        return value does not evaluate to ``False``.\n    \n        :param method: callable(WebDriver)\n        :param message: optional message for :exc:`TimeoutException`\n        :returns: the result of the last call to `method`\n        :raises: :exc:`selenium.common.exceptions.TimeoutException` if timeout occurs\n        \"\"\"\n        screen = None\n        stacktrace = None\n    \n        end_time = time.monotonic() + self._timeout\n        while True:\n            try:\n                value = method(self._driver)\n                if value:\n                    return value\n            except self._ignored_exceptions as exc:\n                screen = getattr(exc, \"screen\", None)\n                stacktrace = getattr(exc, \"stacktrace\", None)\n            if time.monotonic() > end_time:\n                break\n            time.sleep(self._poll)\n>       raise TimeoutException(message, screen, stacktrace)\nE       selenium.common.exceptions.TimeoutException: Message:\n\n/opt/hostedtoolcache/Python/3.12.5/x64/lib/python3.12/site-packages/selenium/webdriver/support/wait.py:105: TimeoutException\n\nDuring handling of the above exception, another exception occurred:\n\nself = <tests.regression_ui.test_ui_regression.TestUIRegression object at 0x7fd67cbaa6f0>\ndriver = <selenium.webdriver.chrome.webdriver.WebDriver (session=\"e9e2603b20a7b21e5683f93e1c3f5867\")>\n\n    @pytest.mark.TC000\n    @pytest.mark.TC006\n    @allure.title('Archive a card')\n    def test_archive_card(self, driver):\n        time.sleep(5)\n        with allure.step('Log in to Trello account'):\n>           self.test_login(driver)\n\ntests/regression_ui/test_ui_regression.py:188: \n_ _ _ _ _ _ _ _ _ _ _ _ _ _ _ _ _ _ _ _ _ _ _ _ _ _ _ _ _ _ _ _ _ _ _ _ _ _ _ _ \ntests/regression_ui/test_ui_regression.py:88: in test_login\n    log.info(\"An error occurred: \", str(e))\n/opt/hostedtoolcache/Python/3.12.5/x64/lib/python3.12/logging/__init__.py:2216: in info\n    root.info(msg, *args, **kwargs)\n/opt/hostedtoolcache/Python/3.12.5/x64/lib/python3.12/logging/__init__.py:1539: in info\n    self._log(INFO, msg, args, **kwargs)\n/opt/hostedtoolcache/Python/3.12.5/x64/lib/python3.12/logging/__init__.py:1684: in _log\n    self.handle(record)\n/opt/hostedtoolcache/Python/3.12.5/x64/lib/python3.12/logging/__init__.py:1700: in handle\n    self.callHandlers(record)\n/opt/hostedtoolcache/Python/3.12.5/x64/lib/python3.12/logging/__init__.py:1762: in callHandlers\n    hdlr.handle(record)\n/opt/hostedtoolcache/Python/3.12.5/x64/lib/python3.12/logging/__init__.py:1028: in handle\n    self.emit(record)\n/opt/hostedtoolcache/Python/3.12.5/x64/lib/python3.12/site-packages/_pytest/logging.py:386: in emit\n    super().emit(record)\n/opt/hostedtoolcache/Python/3.12.5/x64/lib/python3.12/logging/__init__.py:1168: in emit\n    self.handleError(record)\n/opt/hostedtoolcache/Python/3.12.5/x64/lib/python3.12/logging/__init__.py:1160: in emit\n    msg = self.format(record)\n/opt/hostedtoolcache/Python/3.12.5/x64/lib/python3.12/logging/__init__.py:999: in format\n    return fmt.format(record)\n/opt/hostedtoolcache/Python/3.12.5/x64/lib/python3.12/site-packages/_pytest/logging.py:139: in format\n    return super().format(record)\n/opt/hostedtoolcache/Python/3.12.5/x64/lib/python3.12/logging/__init__.py:703: in format\n    record.message = record.getMessage()\n_ _ _ _ _ _ _ _ _ _ _ _ _ _ _ _ _ _ _ _ _ _ _ _ _ _ _ _ _ _ _ _ _ _ _ _ _ _ _ _ \n\nself = <LogRecord: root, 20, /home/runner/work/pythonSelenium/pythonSelenium/tests/regression_ui/test_ui_regression.py, 88, \"An error occurred: \">\n\n    def getMessage(self):\n        \"\"\"\n        Return the message for this LogRecord.\n    \n        Return the message for this LogRecord after merging any user-supplied\n        arguments with the message.\n        \"\"\"\n        msg = str(self.msg)\n        if self.args:\n>           msg = msg % self.args\nE           TypeError: not all arguments converted during string formatting\n\n/opt/hostedtoolcache/Python/3.12.5/x64/lib/python3.12/logging/__init__.py:392: TypeError","flaky":false,"newFailed":false,"newBroken":true,"newPassed":false,"retriesCount":0,"retriesStatusChange":false,"beforeStages":[{"name":"driver","time":{"start":1736792548158,"stop":1736792548402,"duration":244},"status":"passed","steps":[],"attachments":[],"parameters":[],"shouldDisplayMessage":false,"stepsCount":0,"attachmentsCount":0,"hasContent":false,"attachmentStep":false},{"name":"setup","time":{"start":1736792548402,"stop":1736792548402,"duration":0},"status":"passed","steps":[],"attachments":[],"parameters":[],"shouldDisplayMessage":false,"stepsCount":0,"attachmentsCount":0,"hasContent":false,"attachmentStep":false}],"testStage":{"status":"broken","statusMessage":"TypeError: not all arguments converted during string formatting","statusTrace":"self = <tests.regression_ui.test_ui_regression.TestUIRegression object at 0x7fd67cbaa6f0>\ndriver = <selenium.webdriver.chrome.webdriver.WebDriver (session=\"e9e2603b20a7b21e5683f93e1c3f5867\")>\n\n    @pytest.mark.TC000\n    @pytest.mark.TC001\n    @allure.title('Login Functionality')\n    def test_login(self, driver):\n        with allure.step('Navigate to the Trello login page'):\n            driver.get(self.SCC.URL_LOGIN)\n            time.sleep(3)\n        with allure.step('Enter valid credentials (email, password, and 6-digits verification code)'):\n            try:\n                el_user_name = WebDriverWait(driver, 60).until(EC.element_to_be_clickable(\n                    (By.XPATH, self.SCC.LoginPage.USER_NAME_FIELD)\n                ))\n                el_user_name.click()\n                el_user_name.send_keys(USER_EMAIL)\n    \n                driver.find_element(By.XPATH, self.SCC.LoginPage.CONTINUE_BUTTON).click()\n                el_password = WebDriverWait(driver, 60).until(EC.element_to_be_clickable(\n                    (By.XPATH, self.SCC.LoginPage.PASSWORD_FIELD)\n                ))\n                el_password.click()\n                el_password.send_keys(USER_PASSWORD)\n    \n                driver.find_element(By.XPATH, self.SCC.LoginPage.LOGIN_BUTTON).click()\n                time.sleep(3)\n                el_six_otp_code = WebDriverWait(driver, 60).until(EC.element_to_be_clickable(\n                    (By.XPATH, self.SCC.LoginPage.SIX_OTP_CODE_FIELD)\n                ))\n                el_six_otp_code.click()\n                el_six_otp_code.send_keys(self.otp_auth())\n                time.sleep(10)\n>               WebDriverWait(driver, 10).until(EC.url_matches(self.SCC.HOME_URL))\n\ntests/regression_ui/test_ui_regression.py:84: \n_ _ _ _ _ _ _ _ _ _ _ _ _ _ _ _ _ _ _ _ _ _ _ _ _ _ _ _ _ _ _ _ _ _ _ _ _ _ _ _ \n\nself = <selenium.webdriver.support.wait.WebDriverWait (session=\"e9e2603b20a7b21e5683f93e1c3f5867\")>\nmethod = <function url_matches.<locals>._predicate at 0x7fd67cb75b20>\nmessage = ''\n\n    def until(self, method: Callable[[D], Union[Literal[False], T]], message: str = \"\") -> T:\n        \"\"\"Calls the method provided with the driver as an argument until the \\\n        return value does not evaluate to ``False``.\n    \n        :param method: callable(WebDriver)\n        :param message: optional message for :exc:`TimeoutException`\n        :returns: the result of the last call to `method`\n        :raises: :exc:`selenium.common.exceptions.TimeoutException` if timeout occurs\n        \"\"\"\n        screen = None\n        stacktrace = None\n    \n        end_time = time.monotonic() + self._timeout\n        while True:\n            try:\n                value = method(self._driver)\n                if value:\n                    return value\n            except self._ignored_exceptions as exc:\n                screen = getattr(exc, \"screen\", None)\n                stacktrace = getattr(exc, \"stacktrace\", None)\n            if time.monotonic() > end_time:\n                break\n            time.sleep(self._poll)\n>       raise TimeoutException(message, screen, stacktrace)\nE       selenium.common.exceptions.TimeoutException: Message:\n\n/opt/hostedtoolcache/Python/3.12.5/x64/lib/python3.12/site-packages/selenium/webdriver/support/wait.py:105: TimeoutException\n\nDuring handling of the above exception, another exception occurred:\n\nself = <tests.regression_ui.test_ui_regression.TestUIRegression object at 0x7fd67cbaa6f0>\ndriver = <selenium.webdriver.chrome.webdriver.WebDriver (session=\"e9e2603b20a7b21e5683f93e1c3f5867\")>\n\n    @pytest.mark.TC000\n    @pytest.mark.TC006\n    @allure.title('Archive a card')\n    def test_archive_card(self, driver):\n        time.sleep(5)\n        with allure.step('Log in to Trello account'):\n>           self.test_login(driver)\n\ntests/regression_ui/test_ui_regression.py:188: \n_ _ _ _ _ _ _ _ _ _ _ _ _ _ _ _ _ _ _ _ _ _ _ _ _ _ _ _ _ _ _ _ _ _ _ _ _ _ _ _ \ntests/regression_ui/test_ui_regression.py:88: in test_login\n    log.info(\"An error occurred: \", str(e))\n/opt/hostedtoolcache/Python/3.12.5/x64/lib/python3.12/logging/__init__.py:2216: in info\n    root.info(msg, *args, **kwargs)\n/opt/hostedtoolcache/Python/3.12.5/x64/lib/python3.12/logging/__init__.py:1539: in info\n    self._log(INFO, msg, args, **kwargs)\n/opt/hostedtoolcache/Python/3.12.5/x64/lib/python3.12/logging/__init__.py:1684: in _log\n    self.handle(record)\n/opt/hostedtoolcache/Python/3.12.5/x64/lib/python3.12/logging/__init__.py:1700: in handle\n    self.callHandlers(record)\n/opt/hostedtoolcache/Python/3.12.5/x64/lib/python3.12/logging/__init__.py:1762: in callHandlers\n    hdlr.handle(record)\n/opt/hostedtoolcache/Python/3.12.5/x64/lib/python3.12/logging/__init__.py:1028: in handle\n    self.emit(record)\n/opt/hostedtoolcache/Python/3.12.5/x64/lib/python3.12/site-packages/_pytest/logging.py:386: in emit\n    super().emit(record)\n/opt/hostedtoolcache/Python/3.12.5/x64/lib/python3.12/logging/__init__.py:1168: in emit\n    self.handleError(record)\n/opt/hostedtoolcache/Python/3.12.5/x64/lib/python3.12/logging/__init__.py:1160: in emit\n    msg = self.format(record)\n/opt/hostedtoolcache/Python/3.12.5/x64/lib/python3.12/logging/__init__.py:999: in format\n    return fmt.format(record)\n/opt/hostedtoolcache/Python/3.12.5/x64/lib/python3.12/site-packages/_pytest/logging.py:139: in format\n    return super().format(record)\n/opt/hostedtoolcache/Python/3.12.5/x64/lib/python3.12/logging/__init__.py:703: in format\n    record.message = record.getMessage()\n_ _ _ _ _ _ _ _ _ _ _ _ _ _ _ _ _ _ _ _ _ _ _ _ _ _ _ _ _ _ _ _ _ _ _ _ _ _ _ _ \n\nself = <LogRecord: root, 20, /home/runner/work/pythonSelenium/pythonSelenium/tests/regression_ui/test_ui_regression.py, 88, \"An error occurred: \">\n\n    def getMessage(self):\n        \"\"\"\n        Return the message for this LogRecord.\n    \n        Return the message for this LogRecord after merging any user-supplied\n        arguments with the message.\n        \"\"\"\n        msg = str(self.msg)\n        if self.args:\n>           msg = msg % self.args\nE           TypeError: not all arguments converted during string formatting\n\n/opt/hostedtoolcache/Python/3.12.5/x64/lib/python3.12/logging/__init__.py:392: TypeError","steps":[{"name":"Log in to Trello account","time":{"start":1736792553403,"stop":1736792580894,"duration":27491},"status":"broken","statusMessage":"TypeError: not all arguments converted during string formatting\n","statusTrace":"  File \"/home/runner/work/pythonSelenium/pythonSelenium/tests/regression_ui/test_ui_regression.py\", line 188, in test_archive_card\n    self.test_login(driver)\n  File \"/home/runner/work/pythonSelenium/pythonSelenium/tests/regression_ui/test_ui_regression.py\", line 88, in test_login\n    log.info(\"An error occurred: \", str(e))\n  File \"/opt/hostedtoolcache/Python/3.12.5/x64/lib/python3.12/logging/__init__.py\", line 2216, in info\n    root.info(msg, *args, **kwargs)\n  File \"/opt/hostedtoolcache/Python/3.12.5/x64/lib/python3.12/logging/__init__.py\", line 1539, in info\n    self._log(INFO, msg, args, **kwargs)\n  File \"/opt/hostedtoolcache/Python/3.12.5/x64/lib/python3.12/logging/__init__.py\", line 1684, in _log\n    self.handle(record)\n  File \"/opt/hostedtoolcache/Python/3.12.5/x64/lib/python3.12/logging/__init__.py\", line 1700, in handle\n    self.callHandlers(record)\n  File \"/opt/hostedtoolcache/Python/3.12.5/x64/lib/python3.12/logging/__init__.py\", line 1762, in callHandlers\n    hdlr.handle(record)\n  File \"/opt/hostedtoolcache/Python/3.12.5/x64/lib/python3.12/logging/__init__.py\", line 1028, in handle\n    self.emit(record)\n  File \"/opt/hostedtoolcache/Python/3.12.5/x64/lib/python3.12/site-packages/_pytest/logging.py\", line 386, in emit\n    super().emit(record)\n  File \"/opt/hostedtoolcache/Python/3.12.5/x64/lib/python3.12/logging/__init__.py\", line 1168, in emit\n    self.handleError(record)\n  File \"/opt/hostedtoolcache/Python/3.12.5/x64/lib/python3.12/logging/__init__.py\", line 1160, in emit\n    msg = self.format(record)\n          ^^^^^^^^^^^^^^^^^^^\n  File \"/opt/hostedtoolcache/Python/3.12.5/x64/lib/python3.12/logging/__init__.py\", line 999, in format\n    return fmt.format(record)\n           ^^^^^^^^^^^^^^^^^^\n  File \"/opt/hostedtoolcache/Python/3.12.5/x64/lib/python3.12/site-packages/_pytest/logging.py\", line 139, in format\n    return super().format(record)\n           ^^^^^^^^^^^^^^^^^^^^^^\n  File \"/opt/hostedtoolcache/Python/3.12.5/x64/lib/python3.12/logging/__init__.py\", line 703, in format\n    record.message = record.getMessage()\n                     ^^^^^^^^^^^^^^^^^^^\n  File \"/opt/hostedtoolcache/Python/3.12.5/x64/lib/python3.12/logging/__init__.py\", line 392, in getMessage\n    msg = msg % self.args\n          ~~~~^~~~~~~~~~~\n","steps":[{"name":"Navigate to the Trello login page","time":{"start":1736792553403,"stop":1736792556711,"duration":3308},"status":"passed","steps":[],"attachments":[],"parameters":[],"shouldDisplayMessage":false,"stepsCount":0,"attachmentsCount":0,"hasContent":false,"attachmentStep":false},{"name":"Enter valid credentials (email, password, and 6-digits verification code)","time":{"start":1736792556712,"stop":1736792580893,"duration":24181},"status":"broken","statusMessage":"TypeError: not all arguments converted during string formatting\n","statusTrace":"  File \"/home/runner/work/pythonSelenium/pythonSelenium/tests/regression_ui/test_ui_regression.py\", line 88, in test_login\n    log.info(\"An error occurred: \", str(e))\n  File \"/opt/hostedtoolcache/Python/3.12.5/x64/lib/python3.12/logging/__init__.py\", line 2216, in info\n    root.info(msg, *args, **kwargs)\n  File \"/opt/hostedtoolcache/Python/3.12.5/x64/lib/python3.12/logging/__init__.py\", line 1539, in info\n    self._log(INFO, msg, args, **kwargs)\n  File \"/opt/hostedtoolcache/Python/3.12.5/x64/lib/python3.12/logging/__init__.py\", line 1684, in _log\n    self.handle(record)\n  File \"/opt/hostedtoolcache/Python/3.12.5/x64/lib/python3.12/logging/__init__.py\", line 1700, in handle\n    self.callHandlers(record)\n  File \"/opt/hostedtoolcache/Python/3.12.5/x64/lib/python3.12/logging/__init__.py\", line 1762, in callHandlers\n    hdlr.handle(record)\n  File \"/opt/hostedtoolcache/Python/3.12.5/x64/lib/python3.12/logging/__init__.py\", line 1028, in handle\n    self.emit(record)\n  File \"/opt/hostedtoolcache/Python/3.12.5/x64/lib/python3.12/site-packages/_pytest/logging.py\", line 386, in emit\n    super().emit(record)\n  File \"/opt/hostedtoolcache/Python/3.12.5/x64/lib/python3.12/logging/__init__.py\", line 1168, in emit\n    self.handleError(record)\n  File \"/opt/hostedtoolcache/Python/3.12.5/x64/lib/python3.12/logging/__init__.py\", line 1160, in emit\n    msg = self.format(record)\n          ^^^^^^^^^^^^^^^^^^^\n  File \"/opt/hostedtoolcache/Python/3.12.5/x64/lib/python3.12/logging/__init__.py\", line 999, in format\n    return fmt.format(record)\n           ^^^^^^^^^^^^^^^^^^\n  File \"/opt/hostedtoolcache/Python/3.12.5/x64/lib/python3.12/site-packages/_pytest/logging.py\", line 139, in format\n    return super().format(record)\n           ^^^^^^^^^^^^^^^^^^^^^^\n  File \"/opt/hostedtoolcache/Python/3.12.5/x64/lib/python3.12/logging/__init__.py\", line 703, in format\n    record.message = record.getMessage()\n                     ^^^^^^^^^^^^^^^^^^^\n  File \"/opt/hostedtoolcache/Python/3.12.5/x64/lib/python3.12/logging/__init__.py\", line 392, in getMessage\n    msg = msg % self.args\n          ~~~~^~~~~~~~~~~\n","steps":[],"attachments":[],"parameters":[],"shouldDisplayMessage":true,"stepsCount":0,"attachmentsCount":0,"hasContent":true,"attachmentStep":false}],"attachments":[],"parameters":[],"shouldDisplayMessage":false,"stepsCount":2,"attachmentsCount":0,"hasContent":true,"attachmentStep":false}],"attachments":[{"uid":"6e74c9cdfa2a92df","name":"log","source":"6e74c9cdfa2a92df.txt","type":"text/plain","size":63297}],"parameters":[],"shouldDisplayMessage":true,"stepsCount":3,"attachmentsCount":1,"hasContent":true,"attachmentStep":false},"afterStages":[{"name":"driver::0","time":{"start":1736792581021,"stop":1736792581095,"duration":74},"status":"passed","steps":[],"attachments":[],"parameters":[],"shouldDisplayMessage":false,"stepsCount":0,"attachmentsCount":0,"hasContent":false,"attachmentStep":false}],"labels":[{"name":"tag","value":"TC006"},{"name":"tag","value":"TC000"},{"name":"parentSuite","value":"tests.regression_ui"},{"name":"suite","value":"test_ui_regression"},{"name":"subSuite","value":"TestUIRegression"},{"name":"host","value":"fv-az1672-836"},{"name":"thread","value":"3624-MainThread"},{"name":"framework","value":"pytest"},{"name":"language","value":"cpython3"},{"name":"package","value":"tests.regression_ui.test_ui_regression"},{"name":"resultFormat","value":"allure2"}],"parameters":[],"links":[],"hidden":false,"retry":false,"extra":{"severity":"normal","retries":[],"categories":[{"name":"Test defects","matchedStatuses":[],"flaky":false}],"history":{"statistic":{"failed":4,"broken":14,"skipped":0,"passed":64,"unknown":0,"total":82},"items":[{"uid":"6ebf339555b5afa2","status":"passed","time":{"start":1736730613143,"stop":1736730645142,"duration":31999}},{"uid":"7ea6b15286587186","status":"passed","time":{"start":1736705974563,"stop":1736706006326,"duration":31763}},{"uid":"6a06527268caf4bf","status":"passed","time":{"start":1736644384889,"stop":1736644416927,"duration":32038}},{"uid":"10950ced5d8e9bfe","status":"passed","time":{"start":1736619576663,"stop":1736619608517,"duration":31854}},{"uid":"7ae05ca3841f0829","status":"passed","time":{"start":1736557574852,"stop":1736557606700,"duration":31848}},{"uid":"fdf66397f0dccc48","status":"passed","time":{"start":1736533264246,"stop":1736533296108,"duration":31862}},{"uid":"78800a4a5fb462c7","status":"passed","time":{"start":1736471261448,"stop":1736471293473,"duration":32025}},{"uid":"685c9c03f5be0899","status":"broken","statusDetails":"TypeError: not all arguments converted during string formatting","time":{"start":1736446997303,"stop":1736447029868,"duration":32565}},{"uid":"cdfb62b8ffd76630","status":"passed","time":{"start":1736384737265,"stop":1736384769339,"duration":32074}},{"uid":"2ec54ced803bc938","status":"passed","time":{"start":1736360469156,"stop":1736360501074,"duration":31918}},{"uid":"8ae397dde7748e1","status":"passed","time":{"start":1736298358921,"stop":1736298390973,"duration":32052}},{"uid":"59e18f1e9e66f4cb","status":"failed","statusDetails":"AssertionError: assert 1 == 0","time":{"start":1736274088374,"stop":1736274120416,"duration":32042}},{"uid":"44e969b61b2cc728","status":"passed","time":{"start":1736211974141,"stop":1736212006183,"duration":32042}},{"uid":"b45ccb401f40d59e","status":"passed","time":{"start":1736187675880,"stop":1736187707840,"duration":31960}},{"uid":"b600c4a3affbb2a","status":"passed","time":{"start":1736125719804,"stop":1736125751631,"duration":31827}},{"uid":"bffdb528c4a1213f","status":"passed","time":{"start":1736101142690,"stop":1736101174683,"duration":31993}},{"uid":"1ab10998162b42a9","status":"passed","time":{"start":1736039445812,"stop":1736039477770,"duration":31958}},{"uid":"5a99ad4b67d6d220","status":"passed","time":{"start":1736014771031,"stop":1736014802907,"duration":31876}},{"uid":"4f35f64e2cc7ed39","status":"passed","time":{"start":1735952676688,"stop":1735952708468,"duration":31780}},{"uid":"f955a4ad888398b8","status":"passed","time":{"start":1735928522543,"stop":1735928554668,"duration":32125}}]},"tags":["TC006","TC000"]},"source":"21d1fd4a73ae9e35.json","parameterValues":[]}