{"uid":"250c4db8364c79d","name":"Archive a card","fullName":"tests.regression_ui.test_ui_regression.TestUIRegression#test_archive_card","historyId":"4151bed777d70c35651f4626d00b86b5","time":{"start":1743347427190,"stop":1743347447435,"duration":20245},"status":"passed","flaky":false,"newFailed":false,"newBroken":false,"newPassed":true,"retriesCount":0,"retriesStatusChange":false,"beforeStages":[{"name":"driver","time":{"start":1743347426864,"stop":1743347427189,"duration":325},"status":"passed","steps":[],"attachments":[],"parameters":[],"shouldDisplayMessage":false,"stepsCount":0,"attachmentsCount":0,"hasContent":false,"attachmentStep":false},{"name":"setup","time":{"start":1743347427190,"stop":1743347427190,"duration":0},"status":"passed","steps":[],"attachments":[],"parameters":[],"shouldDisplayMessage":false,"stepsCount":0,"attachmentsCount":0,"hasContent":false,"attachmentStep":false}],"testStage":{"status":"passed","steps":[{"name":"Log in to Trello account","time":{"start":1743347432190,"stop":1743347438625,"duration":6435},"status":"passed","steps":[{"name":"Navigate to the Trello page and enter valid credentials (email, password, and 6-digits verification code)","time":{"start":1743347432190,"stop":1743347438625,"duration":6435},"status":"passed","steps":[],"attachments":[],"parameters":[],"shouldDisplayMessage":false,"stepsCount":0,"attachmentsCount":0,"hasContent":false,"attachmentStep":false}],"attachments":[],"parameters":[],"shouldDisplayMessage":false,"stepsCount":1,"attachmentsCount":0,"hasContent":true,"attachmentStep":false},{"name":"Open a board and select a card","time":{"start":1743347438625,"stop":1743347443038,"duration":4413},"status":"passed","steps":[],"attachments":[],"parameters":[],"shouldDisplayMessage":false,"stepsCount":0,"attachmentsCount":0,"hasContent":false,"attachmentStep":false},{"name":"Click the card to open and archive it","time":{"start":1743347443038,"stop":1743347444425,"duration":1387},"status":"passed","steps":[],"attachments":[],"parameters":[],"shouldDisplayMessage":false,"stepsCount":0,"attachmentsCount":0,"hasContent":false,"attachmentStep":false},{"name":"Verify that the card is archived and the list is empty","time":{"start":1743347444425,"stop":1743347447435,"duration":3010},"status":"passed","steps":[],"attachments":[],"parameters":[],"shouldDisplayMessage":false,"stepsCount":0,"attachmentsCount":0,"hasContent":false,"attachmentStep":false}],"attachments":[],"parameters":[],"shouldDisplayMessage":false,"stepsCount":5,"attachmentsCount":0,"hasContent":true,"attachmentStep":false},"afterStages":[{"name":"driver::0","time":{"start":1743347447436,"stop":1743347447507,"duration":71},"status":"passed","steps":[],"attachments":[],"parameters":[],"shouldDisplayMessage":false,"stepsCount":0,"attachmentsCount":0,"hasContent":false,"attachmentStep":false}],"labels":[{"name":"tag","value":"TC006"},{"name":"tag","value":"TC000"},{"name":"parentSuite","value":"tests.regression_ui"},{"name":"suite","value":"test_ui_regression"},{"name":"subSuite","value":"TestUIRegression"},{"name":"host","value":"fv-az1947-163"},{"name":"thread","value":"3237-MainThread"},{"name":"framework","value":"pytest"},{"name":"language","value":"cpython3"},{"name":"package","value":"tests.regression_ui.test_ui_regression"},{"name":"resultFormat","value":"allure2"}],"parameters":[],"links":[],"hidden":false,"retry":false,"extra":{"severity":"normal","retries":[],"categories":[],"history":{"statistic":{"failed":22,"broken":60,"skipped":0,"passed":549,"unknown":0,"total":631},"items":[{"uid":"a5da1f13a1b269c8","status":"broken","statusDetails":"selenium.common.exceptions.NoSuchElementException: Message: no such element: Unable to locate element: {\"method\":\"xpath\",\"selector\":\"//*[contains(text(), 'new_card')]\"}\n  (Session info: chrome=134.0.6998.165); For documentation on this error, please visit: https://www.selenium.dev/documentation/webdriver/troubleshooting/errors#no-such-element-exception\nStacktrace:\n#0 0x55ab98716ffa <unknown>\n#1 0x55ab981d5970 <unknown>\n#2 0x55ab98227385 <unknown>\n#3 0x55ab982275b1 <unknown>\n#4 0x55ab982763c4 <unknown>\n#5 0x55ab9824d2bd <unknown>\n#6 0x55ab9827370c <unknown>\n#7 0x55ab9824d063 <unknown>\n#8 0x55ab98219328 <unknown>\n#9 0x55ab9821a491 <unknown>\n#10 0x55ab986de42b <unknown>\n#11 0x55ab986e22ec <unknown>\n#12 0x55ab986c5a22 <unknown>\n#13 0x55ab986e2e64 <unknown>\n#14 0x55ab986a9bef <unknown>\n#15 0x55ab98705558 <unknown>\n#16 0x55ab98705736 <unknown>\n#17 0x55ab98715e76 <unknown>\n#18 0x7f52c969caa4 <unknown>\n#19 0x7f52c9729c3c <unknown>","time":{"start":1743337046919,"stop":1743337068239,"duration":21320}},{"uid":"4e43c980e4f3d79b","status":"passed","time":{"start":1743325860304,"stop":1743325880401,"duration":20097}},{"uid":"d5dd3977b09d8787","status":"broken","statusDetails":"selenium.common.exceptions.NoSuchElementException: Message: no such element: Unable to locate element: {\"method\":\"xpath\",\"selector\":\"//*[contains(text(), 'new_card')]\"}\n  (Session info: chrome=134.0.6998.165); For documentation on this error, please visit: https://www.selenium.dev/documentation/webdriver/troubleshooting/errors#no-such-element-exception\nStacktrace:\n#0 0x563f1e8c1ffa <unknown>\n#1 0x563f1e380970 <unknown>\n#2 0x563f1e3d2385 <unknown>\n#3 0x563f1e3d25b1 <unknown>\n#4 0x563f1e4213c4 <unknown>\n#5 0x563f1e3f82bd <unknown>\n#6 0x563f1e41e70c <unknown>\n#7 0x563f1e3f8063 <unknown>\n#8 0x563f1e3c4328 <unknown>\n#9 0x563f1e3c5491 <unknown>\n#10 0x563f1e88942b <unknown>\n#11 0x563f1e88d2ec <unknown>\n#12 0x563f1e870a22 <unknown>\n#13 0x563f1e88de64 <unknown>\n#14 0x563f1e854bef <unknown>\n#15 0x563f1e8b0558 <unknown>\n#16 0x563f1e8b0736 <unknown>\n#17 0x563f1e8c0e76 <unknown>\n#18 0x7f6bc929caa4 <unknown>\n#19 0x7f6bc9329c3c <unknown>","time":{"start":1743315346685,"stop":1743315387936,"duration":41251}},{"uid":"b433a725b1b48f78","status":"broken","statusDetails":"selenium.common.exceptions.NoSuchElementException: Message: no such element: Unable to locate element: {\"method\":\"xpath\",\"selector\":\"//*[contains(text(), 'new_card')]\"}\n  (Session info: chrome=134.0.6998.165); For documentation on this error, please visit: https://www.selenium.dev/documentation/webdriver/troubleshooting/errors#no-such-element-exception\nStacktrace:\n#0 0x55afd969fa1a <unknown>\n#1 0x55afd9157390 <unknown>\n#2 0x55afd91a8c85 <unknown>\n#3 0x55afd91a8eb1 <unknown>\n#4 0x55afd91f7d64 <unknown>\n#5 0x55afd91cebfd <unknown>\n#6 0x55afd91f507b <unknown>\n#7 0x55afd91ce9a3 <unknown>\n#8 0x55afd919a60e <unknown>\n#9 0x55afd919bdd1 <unknown>\n#10 0x55afd9665ddb <unknown>\n#11 0x55afd9669cbc <unknown>\n#12 0x55afd964d392 <unknown>\n#13 0x55afd966a834 <unknown>\n#14 0x55afd96311ef <unknown>\n#15 0x55afd968e038 <unknown>\n#16 0x55afd968e216 <unknown>\n#17 0x55afd969e896 <unknown>\n#18 0x7fb3c8e9caa4 <unknown>\n#19 0x7fb3c8f29c3c <unknown>","time":{"start":1743305535122,"stop":1743305577039,"duration":41917}},{"uid":"1a980ca215671d57","status":"passed","time":{"start":1743295742762,"stop":1743295762413,"duration":19651}},{"uid":"3222736b675516c3","status":"passed","time":{"start":1743282660726,"stop":1743282681106,"duration":20380}},{"uid":"90ec8be3e6b2826","status":"broken","statusDetails":"selenium.common.exceptions.NoSuchElementException: Message: no such element: Unable to locate element: {\"method\":\"xpath\",\"selector\":\"//*[contains(text(), 'new_card')]\"}\n  (Session info: chrome=134.0.6998.165); For documentation on this error, please visit: https://www.selenium.dev/documentation/webdriver/troubleshooting/errors#no-such-element-exception\nStacktrace:\n#0 0x561f4c5c8ffa <unknown>\n#1 0x561f4c087970 <unknown>\n#2 0x561f4c0d9385 <unknown>\n#3 0x561f4c0d95b1 <unknown>\n#4 0x561f4c1283c4 <unknown>\n#5 0x561f4c0ff2bd <unknown>\n#6 0x561f4c12570c <unknown>\n#7 0x561f4c0ff063 <unknown>\n#8 0x561f4c0cb328 <unknown>\n#9 0x561f4c0cc491 <unknown>\n#10 0x561f4c59042b <unknown>\n#11 0x561f4c5942ec <unknown>\n#12 0x561f4c577a22 <unknown>\n#13 0x561f4c594e64 <unknown>\n#14 0x561f4c55bbef <unknown>\n#15 0x561f4c5b7558 <unknown>\n#16 0x561f4c5b7736 <unknown>\n#17 0x561f4c5c7e76 <unknown>\n#18 0x7fca3249caa4 <unknown>\n#19 0x7fca32529c3c <unknown>","time":{"start":1743272005275,"stop":1743272026725,"duration":21450}},{"uid":"f8a14900ec9a950c","status":"broken","statusDetails":"selenium.common.exceptions.NoSuchElementException: Message: no such element: Unable to locate element: {\"method\":\"xpath\",\"selector\":\"//*[contains(text(), 'new_card')]\"}\n  (Session info: chrome=134.0.6998.165); For documentation on this error, please visit: https://www.selenium.dev/documentation/webdriver/troubleshooting/errors#no-such-element-exception\nStacktrace:\n#0 0x5612d4d74ffa <unknown>\n#1 0x5612d4833970 <unknown>\n#2 0x5612d4885385 <unknown>\n#3 0x5612d48855b1 <unknown>\n#4 0x5612d48d43c4 <unknown>\n#5 0x5612d48ab2bd <unknown>\n#6 0x5612d48d170c <unknown>\n#7 0x5612d48ab063 <unknown>\n#8 0x5612d4877328 <unknown>\n#9 0x5612d4878491 <unknown>\n#10 0x5612d4d3c42b <unknown>\n#11 0x5612d4d402ec <unknown>\n#12 0x5612d4d23a22 <unknown>\n#13 0x5612d4d40e64 <unknown>\n#14 0x5612d4d07bef <unknown>\n#15 0x5612d4d63558 <unknown>\n#16 0x5612d4d63736 <unknown>\n#17 0x5612d4d73e76 <unknown>\n#18 0x7fa63109caa4 <unknown>\n#19 0x7fa631129c3c <unknown>","time":{"start":1743261076945,"stop":1743261118576,"duration":41631}},{"uid":"644f8ed27b1a871e","status":"broken","statusDetails":"selenium.common.exceptions.NoSuchElementException: Message: no such element: Unable to locate element: {\"method\":\"xpath\",\"selector\":\"//*[contains(text(), 'new_card')]\"}\n  (Session info: chrome=134.0.6998.165); For documentation on this error, please visit: https://www.selenium.dev/documentation/webdriver/troubleshooting/errors#no-such-element-exception\nStacktrace:\n#0 0x560462b8dffa <unknown>\n#1 0x56046264c970 <unknown>\n#2 0x56046269e385 <unknown>\n#3 0x56046269e5b1 <unknown>\n#4 0x5604626ed3c4 <unknown>\n#5 0x5604626c42bd <unknown>\n#6 0x5604626ea70c <unknown>\n#7 0x5604626c4063 <unknown>\n#8 0x560462690328 <unknown>\n#9 0x560462691491 <unknown>\n#10 0x560462b5542b <unknown>\n#11 0x560462b592ec <unknown>\n#12 0x560462b3ca22 <unknown>\n#13 0x560462b59e64 <unknown>\n#14 0x560462b20bef <unknown>\n#15 0x560462b7c558 <unknown>\n#16 0x560462b7c736 <unknown>\n#17 0x560462b8ce76 <unknown>\n#18 0x7f4fc189caa4 <unknown>\n#19 0x7f4fc1929c3c <unknown>","time":{"start":1743250730900,"stop":1743250772525,"duration":41625}},{"uid":"1081c0bf86192fa7","status":"broken","statusDetails":"selenium.common.exceptions.NoSuchElementException: Message: no such element: Unable to locate element: {\"method\":\"xpath\",\"selector\":\"//*[contains(text(), 'new_card')]\"}\n  (Session info: chrome=134.0.6998.165); For documentation on this error, please visit: https://www.selenium.dev/documentation/webdriver/troubleshooting/errors#no-such-element-exception\nStacktrace:\n#0 0x564bce479ffa <unknown>\n#1 0x564bcdf38970 <unknown>\n#2 0x564bcdf8a385 <unknown>\n#3 0x564bcdf8a5b1 <unknown>\n#4 0x564bcdfd93c4 <unknown>\n#5 0x564bcdfb02bd <unknown>\n#6 0x564bcdfd670c <unknown>\n#7 0x564bcdfb0063 <unknown>\n#8 0x564bcdf7c328 <unknown>\n#9 0x564bcdf7d491 <unknown>\n#10 0x564bce44142b <unknown>\n#11 0x564bce4452ec <unknown>\n#12 0x564bce428a22 <unknown>\n#13 0x564bce445e64 <unknown>\n#14 0x564bce40cbef <unknown>\n#15 0x564bce468558 <unknown>\n#16 0x564bce468736 <unknown>\n#17 0x564bce478e76 <unknown>\n#18 0x7f2c3f89caa4 <unknown>\n#19 0x7f2c3f929c3c <unknown>","time":{"start":1743239506648,"stop":1743239547961,"duration":41313}},{"uid":"fb27e84e426bb482","status":"broken","statusDetails":"selenium.common.exceptions.NoSuchElementException: Message: no such element: Unable to locate element: {\"method\":\"xpath\",\"selector\":\"//*[contains(text(), 'new_card')]\"}\n  (Session info: chrome=134.0.6998.165); For documentation on this error, please visit: https://www.selenium.dev/documentation/webdriver/troubleshooting/errors#no-such-element-exception\nStacktrace:\n#0 0x56485d2a4ffa <unknown>\n#1 0x56485cd63970 <unknown>\n#2 0x56485cdb5385 <unknown>\n#3 0x56485cdb55b1 <unknown>\n#4 0x56485ce043c4 <unknown>\n#5 0x56485cddb2bd <unknown>\n#6 0x56485ce0170c <unknown>\n#7 0x56485cddb063 <unknown>\n#8 0x56485cda7328 <unknown>\n#9 0x56485cda8491 <unknown>\n#10 0x56485d26c42b <unknown>\n#11 0x56485d2702ec <unknown>\n#12 0x56485d253a22 <unknown>\n#13 0x56485d270e64 <unknown>\n#14 0x56485d237bef <unknown>\n#15 0x56485d293558 <unknown>\n#16 0x56485d293736 <unknown>\n#17 0x56485d2a3e76 <unknown>\n#18 0x7fb12789caa4 <unknown>\n#19 0x7fb127929c3c <unknown>","time":{"start":1743228863133,"stop":1743228904300,"duration":41167}},{"uid":"f3d22f4acb673e23","status":"passed","time":{"start":1743218639171,"stop":1743218659317,"duration":20146}},{"uid":"3beb42c818e30031","status":"broken","statusDetails":"selenium.common.exceptions.NoSuchElementException: Message: no such element: Unable to locate element: {\"method\":\"xpath\",\"selector\":\"//*[contains(text(), 'new_card')]\"}\n  (Session info: chrome=134.0.6998.165); For documentation on this error, please visit: https://www.selenium.dev/documentation/webdriver/troubleshooting/errors#no-such-element-exception\nStacktrace:\n#0 0x55c5e6a53ffa <unknown>\n#1 0x55c5e6512970 <unknown>\n#2 0x55c5e6564385 <unknown>\n#3 0x55c5e65645b1 <unknown>\n#4 0x55c5e65b33c4 <unknown>\n#5 0x55c5e658a2bd <unknown>\n#6 0x55c5e65b070c <unknown>\n#7 0x55c5e658a063 <unknown>\n#8 0x55c5e6556328 <unknown>\n#9 0x55c5e6557491 <unknown>\n#10 0x55c5e6a1b42b <unknown>\n#11 0x55c5e6a1f2ec <unknown>\n#12 0x55c5e6a02a22 <unknown>\n#13 0x55c5e6a1fe64 <unknown>\n#14 0x55c5e69e6bef <unknown>\n#15 0x55c5e6a42558 <unknown>\n#16 0x55c5e6a42736 <unknown>\n#17 0x55c5e6a52e76 <unknown>\n#18 0x7f2fbce9caa4 <unknown>\n#19 0x7f2fbcf29c3c <unknown>","time":{"start":1743209088738,"stop":1743209130491,"duration":41753}},{"uid":"d57e49cbea750fe1","status":"broken","statusDetails":"selenium.common.exceptions.NoSuchElementException: Message: no such element: Unable to locate element: {\"method\":\"xpath\",\"selector\":\"//*[contains(text(), 'new_card')]\"}\n  (Session info: chrome=134.0.6998.165); For documentation on this error, please visit: https://www.selenium.dev/documentation/webdriver/troubleshooting/errors#no-such-element-exception\nStacktrace:\n#0 0x5578de078ffa <unknown>\n#1 0x5578ddb37970 <unknown>\n#2 0x5578ddb89385 <unknown>\n#3 0x5578ddb895b1 <unknown>\n#4 0x5578ddbd83c4 <unknown>\n#5 0x5578ddbaf2bd <unknown>\n#6 0x5578ddbd570c <unknown>\n#7 0x5578ddbaf063 <unknown>\n#8 0x5578ddb7b328 <unknown>\n#9 0x5578ddb7c491 <unknown>\n#10 0x5578de04042b <unknown>\n#11 0x5578de0442ec <unknown>\n#12 0x5578de027a22 <unknown>\n#13 0x5578de044e64 <unknown>\n#14 0x5578de00bbef <unknown>\n#15 0x5578de067558 <unknown>\n#16 0x5578de067736 <unknown>\n#17 0x5578de077e76 <unknown>\n#18 0x7fe89269caa4 <unknown>\n#19 0x7fe892729c3c <unknown>","time":{"start":1743196248664,"stop":1743196289863,"duration":41199}},{"uid":"32b2c84ac41597ef","status":"broken","statusDetails":"selenium.common.exceptions.NoSuchElementException: Message: no such element: Unable to locate element: {\"method\":\"xpath\",\"selector\":\"//*[contains(text(), 'new_card')]\"}\n  (Session info: chrome=134.0.6998.165); For documentation on this error, please visit: https://www.selenium.dev/documentation/webdriver/troubleshooting/errors#no-such-element-exception\nStacktrace:\n#0 0x565524334ffa <unknown>\n#1 0x565523df3970 <unknown>\n#2 0x565523e45385 <unknown>\n#3 0x565523e455b1 <unknown>\n#4 0x565523e943c4 <unknown>\n#5 0x565523e6b2bd <unknown>\n#6 0x565523e9170c <unknown>\n#7 0x565523e6b063 <unknown>\n#8 0x565523e37328 <unknown>\n#9 0x565523e38491 <unknown>\n#10 0x5655242fc42b <unknown>\n#11 0x5655243002ec <unknown>\n#12 0x5655242e3a22 <unknown>\n#13 0x565524300e64 <unknown>\n#14 0x5655242c7bef <unknown>\n#15 0x565524323558 <unknown>\n#16 0x565524323736 <unknown>\n#17 0x565524333e76 <unknown>\n#18 0x7f3a75a9caa4 <unknown>\n#19 0x7f3a75b29c3c <unknown>","time":{"start":1743185745494,"stop":1743185786679,"duration":41185}},{"uid":"c8058f23709596a5","status":"broken","statusDetails":"selenium.common.exceptions.NoSuchElementException: Message: no such element: Unable to locate element: {\"method\":\"xpath\",\"selector\":\"//*[contains(text(), 'new_card')]\"}\n  (Session info: chrome=134.0.6998.165); For documentation on this error, please visit: https://www.selenium.dev/documentation/webdriver/troubleshooting/errors#no-such-element-exception\nStacktrace:\n#0 0x564fa68c8ffa <unknown>\n#1 0x564fa6387970 <unknown>\n#2 0x564fa63d9385 <unknown>\n#3 0x564fa63d95b1 <unknown>\n#4 0x564fa64283c4 <unknown>\n#5 0x564fa63ff2bd <unknown>\n#6 0x564fa642570c <unknown>\n#7 0x564fa63ff063 <unknown>\n#8 0x564fa63cb328 <unknown>\n#9 0x564fa63cc491 <unknown>\n#10 0x564fa689042b <unknown>\n#11 0x564fa68942ec <unknown>\n#12 0x564fa6877a22 <unknown>\n#13 0x564fa6894e64 <unknown>\n#14 0x564fa685bbef <unknown>\n#15 0x564fa68b7558 <unknown>\n#16 0x564fa68b7736 <unknown>\n#17 0x564fa68c7e76 <unknown>\n#18 0x7fbb31a9caa4 <unknown>\n#19 0x7fbb31b29c3c <unknown>","time":{"start":1743174735575,"stop":1743174777190,"duration":41615}},{"uid":"93a0a366c21ba7c8","status":"passed","time":{"start":1743164311761,"stop":1743164331601,"duration":19840}},{"uid":"c6cbdae0550832e2","status":"broken","statusDetails":"selenium.common.exceptions.NoSuchElementException: Message: no such element: Unable to locate element: {\"method\":\"xpath\",\"selector\":\"//*[contains(text(), 'new_card')]\"}\n  (Session info: chrome=134.0.6998.165); For documentation on this error, please visit: https://www.selenium.dev/documentation/webdriver/troubleshooting/errors#no-such-element-exception\nStacktrace:\n#0 0x561bbfc0dffa <unknown>\n#1 0x561bbf6cc970 <unknown>\n#2 0x561bbf71e385 <unknown>\n#3 0x561bbf71e5b1 <unknown>\n#4 0x561bbf76d3c4 <unknown>\n#5 0x561bbf7442bd <unknown>\n#6 0x561bbf76a70c <unknown>\n#7 0x561bbf744063 <unknown>\n#8 0x561bbf710328 <unknown>\n#9 0x561bbf711491 <unknown>\n#10 0x561bbfbd542b <unknown>\n#11 0x561bbfbd92ec <unknown>\n#12 0x561bbfbbca22 <unknown>\n#13 0x561bbfbd9e64 <unknown>\n#14 0x561bbfba0bef <unknown>\n#15 0x561bbfbfc558 <unknown>\n#16 0x561bbfbfc736 <unknown>\n#17 0x561bbfc0ce76 <unknown>\n#18 0x7ff37529caa4 <unknown>\n#19 0x7ff375329c3c <unknown>","time":{"start":1743153232484,"stop":1743153273605,"duration":41121}},{"uid":"ced76174c7f87776","status":"broken","statusDetails":"selenium.common.exceptions.NoSuchElementException: Message: no such element: Unable to locate element: {\"method\":\"xpath\",\"selector\":\"//*[contains(text(), 'new_card')]\"}\n  (Session info: chrome=134.0.6998.165); For documentation on this error, please visit: https://www.selenium.dev/documentation/webdriver/troubleshooting/errors#no-such-element-exception\nStacktrace:\n#0 0x55af8a619ffa <unknown>\n#1 0x55af8a0d8970 <unknown>\n#2 0x55af8a12a385 <unknown>\n#3 0x55af8a12a5b1 <unknown>\n#4 0x55af8a1793c4 <unknown>\n#5 0x55af8a1502bd <unknown>\n#6 0x55af8a17670c <unknown>\n#7 0x55af8a150063 <unknown>\n#8 0x55af8a11c328 <unknown>\n#9 0x55af8a11d491 <unknown>\n#10 0x55af8a5e142b <unknown>\n#11 0x55af8a5e52ec <unknown>\n#12 0x55af8a5c8a22 <unknown>\n#13 0x55af8a5e5e64 <unknown>\n#14 0x55af8a5acbef <unknown>\n#15 0x55af8a608558 <unknown>\n#16 0x55af8a608736 <unknown>\n#17 0x55af8a618e76 <unknown>\n#18 0x7fbe3dc9caa4 <unknown>\n#19 0x7fbe3dd29c3c <unknown>","time":{"start":1743142574476,"stop":1743142615633,"duration":41157}},{"uid":"709ec97d75df363f","status":"passed","time":{"start":1743132452830,"stop":1743132472941,"duration":20111}}]},"tags":["TC006","TC000"]},"source":"250c4db8364c79d.json","parameterValues":[]}