{"uid":"273ff87580783f4d","name":"Archive a card","fullName":"tests.regression_ui.test_ui_regression.TestUIRegression#test_archive_card","historyId":"4151bed777d70c35651f4626d00b86b5","time":{"start":1742397093945,"stop":1742397113896,"duration":19951},"status":"failed","statusMessage":"AssertionError: assert 1 == 0","statusTrace":"self = <tests.regression_ui.test_ui_regression.TestUIRegression object at 0x7f58850b24b0>\ndriver = <selenium.webdriver.chrome.webdriver.WebDriver (session=\"c5d815c8b3cfc0150241987ca38dd775\")>\n\n    @pytest.mark.TC000\n    @pytest.mark.TC006\n    @allure.title('Archive a card')\n    def test_archive_card(self, driver):\n        time.sleep(5)\n        with allure.step('Log in to Trello account'):\n            self.test_login(driver)\n    \n        with allure.step('Open a board and select a card'):\n            try:\n                WebDriverWait(driver, 30).until(EC.element_to_be_clickable((By.XPATH, self.SCC.Board.BOARD_TITLE))).click()\n                WebDriverWait(driver, 10).until(EC.visibility_of_element_located((By.XPATH, self.SCC.Board.LIST_TITLE))).click()\n                driver.find_element(By.XPATH, self.SCC.List.ADD_A_CARD_BUTTON).click()\n                driver.find_element(By.XPATH, self.SCC.List.CARD_NAME_FIELD).click()\n                time.sleep(1)\n                driver.find_element(By.XPATH, self.SCC.List.CARD_NAME_FIELD).send_keys('new_card')\n                driver.find_element(By.XPATH, self.SCC.List.ADD_CARD_SUBMIT_BUTTOMN).click()\n                time.sleep(2)\n            except Exception as e:\n                log.info(\"An error occurred: \", str(e))\n    \n        with allure.step('Click the card to open and archive it'):\n            driver.find_element(By.XPATH, self.SCC.List.CARD_TO_ARCHIVE).click()\n            WebDriverWait(driver, 10).until(EC.element_to_be_clickable((By.XPATH, self.SCC.List.ARCHIVE_BUTTON))).click()\n            WebDriverWait(driver, 10).until(EC.element_to_be_clickable((By.XPATH, self.SCC.List.DELETE_BUTTON))).click()\n            WebDriverWait(driver, 10).until(EC.element_to_be_clickable((By.XPATH, self.SCC.List.DELETE_CONFIRM_BUTTON))).click()\n    \n        with allure.step('Verify that the card is archived and the list is empty'):\n            time.sleep(3)\n            element = driver.find_elements(By.XPATH, self.SCC.List.ALL_CARDS_ON_FIRST_LIST)\n            el_qty = len(element)\n>           assert el_qty == 0\nE           assert 1 == 0\n\ntests/regression_ui/test_ui_regression.py:215: AssertionError","flaky":false,"newFailed":true,"newBroken":false,"newPassed":false,"retriesCount":0,"retriesStatusChange":false,"beforeStages":[{"name":"driver","time":{"start":1742397093622,"stop":1742397093945,"duration":323},"status":"passed","steps":[],"attachments":[],"parameters":[],"shouldDisplayMessage":false,"stepsCount":0,"attachmentsCount":0,"hasContent":false,"attachmentStep":false},{"name":"setup","time":{"start":1742397093945,"stop":1742397093945,"duration":0},"status":"passed","steps":[],"attachments":[],"parameters":[],"shouldDisplayMessage":false,"stepsCount":0,"attachmentsCount":0,"hasContent":false,"attachmentStep":false}],"testStage":{"status":"failed","statusMessage":"AssertionError: assert 1 == 0","statusTrace":"self = <tests.regression_ui.test_ui_regression.TestUIRegression object at 0x7f58850b24b0>\ndriver = <selenium.webdriver.chrome.webdriver.WebDriver (session=\"c5d815c8b3cfc0150241987ca38dd775\")>\n\n    @pytest.mark.TC000\n    @pytest.mark.TC006\n    @allure.title('Archive a card')\n    def test_archive_card(self, driver):\n        time.sleep(5)\n        with allure.step('Log in to Trello account'):\n            self.test_login(driver)\n    \n        with allure.step('Open a board and select a card'):\n            try:\n                WebDriverWait(driver, 30).until(EC.element_to_be_clickable((By.XPATH, self.SCC.Board.BOARD_TITLE))).click()\n                WebDriverWait(driver, 10).until(EC.visibility_of_element_located((By.XPATH, self.SCC.Board.LIST_TITLE))).click()\n                driver.find_element(By.XPATH, self.SCC.List.ADD_A_CARD_BUTTON).click()\n                driver.find_element(By.XPATH, self.SCC.List.CARD_NAME_FIELD).click()\n                time.sleep(1)\n                driver.find_element(By.XPATH, self.SCC.List.CARD_NAME_FIELD).send_keys('new_card')\n                driver.find_element(By.XPATH, self.SCC.List.ADD_CARD_SUBMIT_BUTTOMN).click()\n                time.sleep(2)\n            except Exception as e:\n                log.info(\"An error occurred: \", str(e))\n    \n        with allure.step('Click the card to open and archive it'):\n            driver.find_element(By.XPATH, self.SCC.List.CARD_TO_ARCHIVE).click()\n            WebDriverWait(driver, 10).until(EC.element_to_be_clickable((By.XPATH, self.SCC.List.ARCHIVE_BUTTON))).click()\n            WebDriverWait(driver, 10).until(EC.element_to_be_clickable((By.XPATH, self.SCC.List.DELETE_BUTTON))).click()\n            WebDriverWait(driver, 10).until(EC.element_to_be_clickable((By.XPATH, self.SCC.List.DELETE_CONFIRM_BUTTON))).click()\n    \n        with allure.step('Verify that the card is archived and the list is empty'):\n            time.sleep(3)\n            element = driver.find_elements(By.XPATH, self.SCC.List.ALL_CARDS_ON_FIRST_LIST)\n            el_qty = len(element)\n>           assert el_qty == 0\nE           assert 1 == 0\n\ntests/regression_ui/test_ui_regression.py:215: AssertionError","steps":[{"name":"Log in to Trello account","time":{"start":1742397098946,"stop":1742397104835,"duration":5889},"status":"passed","steps":[{"name":"Navigate to the Trello page and enter valid credentials (email, password, and 6-digits verification code)","time":{"start":1742397098946,"stop":1742397104835,"duration":5889},"status":"passed","steps":[],"attachments":[],"parameters":[],"shouldDisplayMessage":false,"stepsCount":0,"attachmentsCount":0,"hasContent":false,"attachmentStep":false}],"attachments":[],"parameters":[],"shouldDisplayMessage":false,"stepsCount":1,"attachmentsCount":0,"hasContent":true,"attachmentStep":false},{"name":"Open a board and select a card","time":{"start":1742397104835,"stop":1742397109550,"duration":4715},"status":"passed","steps":[],"attachments":[],"parameters":[],"shouldDisplayMessage":false,"stepsCount":0,"attachmentsCount":0,"hasContent":false,"attachmentStep":false},{"name":"Click the card to open and archive it","time":{"start":1742397109550,"stop":1742397110886,"duration":1336},"status":"passed","steps":[],"attachments":[],"parameters":[],"shouldDisplayMessage":false,"stepsCount":0,"attachmentsCount":0,"hasContent":false,"attachmentStep":false},{"name":"Verify that the card is archived and the list is empty","time":{"start":1742397110886,"stop":1742397113896,"duration":3010},"status":"failed","statusMessage":"AssertionError: assert 1 == 0\n","statusTrace":"  File \"/home/runner/work/pythonSelenium/pythonSelenium/tests/regression_ui/test_ui_regression.py\", line 215, in test_archive_card\n    assert el_qty == 0\n","steps":[],"attachments":[],"parameters":[],"shouldDisplayMessage":true,"stepsCount":0,"attachmentsCount":0,"hasContent":true,"attachmentStep":false}],"attachments":[],"parameters":[],"shouldDisplayMessage":true,"stepsCount":5,"attachmentsCount":0,"hasContent":true,"attachmentStep":false},"afterStages":[{"name":"driver::0","time":{"start":1742397113906,"stop":1742397113979,"duration":73},"status":"passed","steps":[],"attachments":[],"parameters":[],"shouldDisplayMessage":false,"stepsCount":0,"attachmentsCount":0,"hasContent":false,"attachmentStep":false}],"labels":[{"name":"tag","value":"TC006"},{"name":"tag","value":"TC000"},{"name":"parentSuite","value":"tests.regression_ui"},{"name":"suite","value":"test_ui_regression"},{"name":"subSuite","value":"TestUIRegression"},{"name":"host","value":"fv-az1719-509"},{"name":"thread","value":"3236-MainThread"},{"name":"framework","value":"pytest"},{"name":"language","value":"cpython3"},{"name":"package","value":"tests.regression_ui.test_ui_regression"},{"name":"resultFormat","value":"allure2"}],"parameters":[],"links":[],"hidden":false,"retry":false,"extra":{"severity":"normal","retries":[],"categories":[{"name":"Product defects","matchedStatuses":[]}],"history":{"statistic":{"failed":19,"broken":32,"skipped":0,"passed":492,"unknown":0,"total":543},"items":[{"uid":"62fe346e030c931a","status":"broken","statusDetails":"selenium.common.exceptions.TimeoutException: Message: \nStacktrace:\n#0 0x555d2089c46a <unknown>\n#1 0x555d20355ed0 <unknown>\n#2 0x555d203a7935 <unknown>\n#3 0x555d203a7b61 <unknown>\n#4 0x555d203f69d4 <unknown>\n#5 0x555d203cd88d <unknown>\n#6 0x555d203f3ceb <unknown>\n#7 0x555d203cd633 <unknown>\n#8 0x555d203991be <unknown>\n#9 0x555d2039a981 <unknown>\n#10 0x555d2086286b <unknown>\n#11 0x555d2086673c <unknown>\n#12 0x555d20849f12 <unknown>\n#13 0x555d208672b4 <unknown>\n#14 0x555d2082e0af <unknown>\n#15 0x555d2088aad8 <unknown>\n#16 0x555d2088acb6 <unknown>\n#17 0x555d2089b2e6 <unknown>\n#18 0x7fd5a649caa4 <unknown>\n#19 0x7fd5a6529c3c <unknown>","time":{"start":1742386682595,"stop":1742386698227,"duration":15632}},{"uid":"b6c7d8998d313c70","status":"failed","statusDetails":"AssertionError: assert 1 == 0","time":{"start":1742375553944,"stop":1742375575343,"duration":21399}},{"uid":"ea3c8ca8fe843521","status":"passed","time":{"start":1742364992420,"stop":1742365012389,"duration":19969}},{"uid":"67062865bec7b158","status":"broken","statusDetails":"selenium.common.exceptions.NoSuchElementException: Message: no such element: Unable to locate element: {\"method\":\"xpath\",\"selector\":\"//*[contains(text(), 'new_card')]\"}\n  (Session info: chrome=134.0.6998.88); For documentation on this error, please visit: https://www.selenium.dev/documentation/webdriver/troubleshooting/errors#no-such-element-exception\nStacktrace:\n#0 0x556e31efa46a <unknown>\n#1 0x556e319b3ed0 <unknown>\n#2 0x556e31a05935 <unknown>\n#3 0x556e31a05b61 <unknown>\n#4 0x556e31a549d4 <unknown>\n#5 0x556e31a2b88d <unknown>\n#6 0x556e31a51ceb <unknown>\n#7 0x556e31a2b633 <unknown>\n#8 0x556e319f71be <unknown>\n#9 0x556e319f8981 <unknown>\n#10 0x556e31ec086b <unknown>\n#11 0x556e31ec473c <unknown>\n#12 0x556e31ea7f12 <unknown>\n#13 0x556e31ec52b4 <unknown>\n#14 0x556e31e8c0af <unknown>\n#15 0x556e31ee8ad8 <unknown>\n#16 0x556e31ee8cb6 <unknown>\n#17 0x556e31ef92e6 <unknown>\n#18 0x7fe624e9caa4 <unknown>\n#19 0x7fe624f29c3c <unknown>","time":{"start":1742354719350,"stop":1742354746429,"duration":27079}},{"uid":"dc49cebe6f5d0db7","status":"broken","statusDetails":"selenium.common.exceptions.NoSuchElementException: Message: no such element: Unable to locate element: {\"method\":\"xpath\",\"selector\":\"//*[contains(text(), 'new_card')]\"}\n  (Session info: chrome=134.0.6998.88); For documentation on this error, please visit: https://www.selenium.dev/documentation/webdriver/troubleshooting/errors#no-such-element-exception\nStacktrace:\n#0 0x55835f55746a <unknown>\n#1 0x55835f010ed0 <unknown>\n#2 0x55835f062935 <unknown>\n#3 0x55835f062b61 <unknown>\n#4 0x55835f0b19d4 <unknown>\n#5 0x55835f08888d <unknown>\n#6 0x55835f0aeceb <unknown>\n#7 0x55835f088633 <unknown>\n#8 0x55835f0541be <unknown>\n#9 0x55835f055981 <unknown>\n#10 0x55835f51d86b <unknown>\n#11 0x55835f52173c <unknown>\n#12 0x55835f504f12 <unknown>\n#13 0x55835f5222b4 <unknown>\n#14 0x55835f4e90af <unknown>\n#15 0x55835f545ad8 <unknown>\n#16 0x55835f545cb6 <unknown>\n#17 0x55835f5562e6 <unknown>\n#18 0x7f3534a9caa4 <unknown>\n#19 0x7f3534b29c3c <unknown>","time":{"start":1742345178184,"stop":1742345225777,"duration":47593}},{"uid":"835f1348c0c3bd10","status":"passed","time":{"start":1742332293858,"stop":1742332315424,"duration":21566}},{"uid":"c42af6fe8ea580ac","status":"passed","time":{"start":1742321681299,"stop":1742321714008,"duration":32709}},{"uid":"f19dea73ca92db67","status":"passed","time":{"start":1742310731103,"stop":1742310762012,"duration":30909}},{"uid":"d5ff92790775e2f9","status":"passed","time":{"start":1742300379452,"stop":1742300417752,"duration":38300}},{"uid":"cd05e2a3c2522ae9","status":"passed","time":{"start":1742289223817,"stop":1742289256123,"duration":32306}},{"uid":"cadf5946ac84f95c","status":"passed","time":{"start":1742278530970,"stop":1742278551847,"duration":20877}},{"uid":"73b1a77e19e1ddf0","status":"failed","statusDetails":"AssertionError: assert 1 == 0","time":{"start":1742268310753,"stop":1742268347693,"duration":36940}},{"uid":"722a34cd48e107e5","status":"passed","time":{"start":1742258653646,"stop":1742258685464,"duration":31818}},{"uid":"66eb7afa6befc2f8","status":"failed","statusDetails":"AssertionError: assert 1 == 0","time":{"start":1742245843215,"stop":1742245876004,"duration":32789}},{"uid":"399f7affb1876809","status":"passed","time":{"start":1742235281737,"stop":1742235313243,"duration":31506}},{"uid":"5964f71377f423fd","status":"passed","time":{"start":1742224302625,"stop":1742224333515,"duration":30890}},{"uid":"b83984fe58d53f6","status":"passed","time":{"start":1742214159247,"stop":1742214196431,"duration":37184}},{"uid":"c81fd6ff644b8676","status":"passed","time":{"start":1742202790946,"stop":1742202823070,"duration":32124}},{"uid":"8008ef90db5b89f6","status":"passed","time":{"start":1742192142346,"stop":1742192173831,"duration":31485}},{"uid":"2cc78207e54d1084","status":"broken","statusDetails":"selenium.common.exceptions.TimeoutException: Message: \nStacktrace:\n#0 0x561cbd09246a <unknown>\n#1 0x561cbcb4bed0 <unknown>\n#2 0x561cbcb9d935 <unknown>\n#3 0x561cbcb9db61 <unknown>\n#4 0x561cbcbec9d4 <unknown>\n#5 0x561cbcbc388d <unknown>\n#6 0x561cbcbe9ceb <unknown>\n#7 0x561cbcbc3633 <unknown>\n#8 0x561cbcb8f1be <unknown>\n#9 0x561cbcb90981 <unknown>\n#10 0x561cbd05886b <unknown>\n#11 0x561cbd05c73c <unknown>\n#12 0x561cbd03ff12 <unknown>\n#13 0x561cbd05d2b4 <unknown>\n#14 0x561cbd0240af <unknown>\n#15 0x561cbd080ad8 <unknown>\n#16 0x561cbd080cb6 <unknown>\n#17 0x561cbd0912e6 <unknown>\n#18 0x7ff3aa29caa4 <unknown>\n#19 0x7ff3aa329c3c <unknown>","time":{"start":1742181922915,"stop":1742181938621,"duration":15706}}]},"tags":["TC006","TC000"]},"source":"273ff87580783f4d.json","parameterValues":[]}