{"uid":"2cc78207e54d1084","name":"Archive a card","fullName":"tests.regression_ui.test_ui_regression.TestUIRegression#test_archive_card","historyId":"4151bed777d70c35651f4626d00b86b5","time":{"start":1742181922915,"stop":1742181938621,"duration":15706},"status":"broken","statusMessage":"selenium.common.exceptions.TimeoutException: Message: \nStacktrace:\n#0 0x561cbd09246a <unknown>\n#1 0x561cbcb4bed0 <unknown>\n#2 0x561cbcb9d935 <unknown>\n#3 0x561cbcb9db61 <unknown>\n#4 0x561cbcbec9d4 <unknown>\n#5 0x561cbcbc388d <unknown>\n#6 0x561cbcbe9ceb <unknown>\n#7 0x561cbcbc3633 <unknown>\n#8 0x561cbcb8f1be <unknown>\n#9 0x561cbcb90981 <unknown>\n#10 0x561cbd05886b <unknown>\n#11 0x561cbd05c73c <unknown>\n#12 0x561cbd03ff12 <unknown>\n#13 0x561cbd05d2b4 <unknown>\n#14 0x561cbd0240af <unknown>\n#15 0x561cbd080ad8 <unknown>\n#16 0x561cbd080cb6 <unknown>\n#17 0x561cbd0912e6 <unknown>\n#18 0x7ff3aa29caa4 <unknown>\n#19 0x7ff3aa329c3c <unknown>","statusTrace":"self = <tests.regression_ui.test_ui_regression.TestUIRegression object at 0x7f804b1a2b10>\ndriver = <selenium.webdriver.chrome.webdriver.WebDriver (session=\"463b31f10e858f7632ed1cc03e416e9c\")>\n\n    @pytest.mark.TC000\n    @pytest.mark.TC006\n    @allure.title('Archive a card')\n    def test_archive_card(self, driver):\n        time.sleep(5)\n        with allure.step('Log in to Trello account'):\n>           self.test_login(driver)\n\ntests/regression_ui/test_ui_regression.py:190: \n_ _ _ _ _ _ _ _ _ _ _ _ _ _ _ _ _ _ _ _ _ _ _ _ _ _ _ _ _ _ _ _ _ _ _ _ _ _ _ _ \ntests/regression_ui/test_ui_regression.py:62: in test_login\n    el_user_name = WebDriverWait(driver, 10).until(EC.element_to_be_clickable(\n_ _ _ _ _ _ _ _ _ _ _ _ _ _ _ _ _ _ _ _ _ _ _ _ _ _ _ _ _ _ _ _ _ _ _ _ _ _ _ _ \n\nself = <selenium.webdriver.support.wait.WebDriverWait (session=\"463b31f10e858f7632ed1cc03e416e9c\")>\nmethod = <function element_to_be_clickable.<locals>._predicate at 0x7f804b0b1da0>\nmessage = ''\n\n    def until(self, method: Callable[[D], Union[Literal[False], T]], message: str = \"\") -> T:\n        \"\"\"Calls the method provided with the driver as an argument until the \\\n        return value does not evaluate to ``False``.\n    \n        :param method: callable(WebDriver)\n        :param message: optional message for :exc:`TimeoutException`\n        :returns: the result of the last call to `method`\n        :raises: :exc:`selenium.common.exceptions.TimeoutException` if timeout occurs\n        \"\"\"\n        screen = None\n        stacktrace = None\n    \n        end_time = time.monotonic() + self._timeout\n        while True:\n            try:\n                value = method(self._driver)\n                if value:\n                    return value\n            except self._ignored_exceptions as exc:\n                screen = getattr(exc, \"screen\", None)\n                stacktrace = getattr(exc, \"stacktrace\", None)\n            if time.monotonic() > end_time:\n                break\n            time.sleep(self._poll)\n>       raise TimeoutException(message, screen, stacktrace)\nE       selenium.common.exceptions.TimeoutException: Message: \nE       Stacktrace:\nE       #0 0x561cbd09246a <unknown>\nE       #1 0x561cbcb4bed0 <unknown>\nE       #2 0x561cbcb9d935 <unknown>\nE       #3 0x561cbcb9db61 <unknown>\nE       #4 0x561cbcbec9d4 <unknown>\nE       #5 0x561cbcbc388d <unknown>\nE       #6 0x561cbcbe9ceb <unknown>\nE       #7 0x561cbcbc3633 <unknown>\nE       #8 0x561cbcb8f1be <unknown>\nE       #9 0x561cbcb90981 <unknown>\nE       #10 0x561cbd05886b <unknown>\nE       #11 0x561cbd05c73c <unknown>\nE       #12 0x561cbd03ff12 <unknown>\nE       #13 0x561cbd05d2b4 <unknown>\nE       #14 0x561cbd0240af <unknown>\nE       #15 0x561cbd080ad8 <unknown>\nE       #16 0x561cbd080cb6 <unknown>\nE       #17 0x561cbd0912e6 <unknown>\nE       #18 0x7ff3aa29caa4 <unknown>\nE       #19 0x7ff3aa329c3c <unknown>\n\n/opt/hostedtoolcache/Python/3.12.5/x64/lib/python3.12/site-packages/selenium/webdriver/support/wait.py:105: TimeoutException","flaky":false,"newFailed":false,"newBroken":true,"newPassed":false,"retriesCount":0,"retriesStatusChange":false,"beforeStages":[{"name":"driver","time":{"start":1742181922599,"stop":1742181922915,"duration":316},"status":"passed","steps":[],"attachments":[],"parameters":[],"shouldDisplayMessage":false,"stepsCount":0,"attachmentsCount":0,"hasContent":false,"attachmentStep":false},{"name":"setup","time":{"start":1742181922915,"stop":1742181922915,"duration":0},"status":"passed","steps":[],"attachments":[],"parameters":[],"shouldDisplayMessage":false,"stepsCount":0,"attachmentsCount":0,"hasContent":false,"attachmentStep":false}],"testStage":{"status":"broken","statusMessage":"selenium.common.exceptions.TimeoutException: Message: \nStacktrace:\n#0 0x561cbd09246a <unknown>\n#1 0x561cbcb4bed0 <unknown>\n#2 0x561cbcb9d935 <unknown>\n#3 0x561cbcb9db61 <unknown>\n#4 0x561cbcbec9d4 <unknown>\n#5 0x561cbcbc388d <unknown>\n#6 0x561cbcbe9ceb <unknown>\n#7 0x561cbcbc3633 <unknown>\n#8 0x561cbcb8f1be <unknown>\n#9 0x561cbcb90981 <unknown>\n#10 0x561cbd05886b <unknown>\n#11 0x561cbd05c73c <unknown>\n#12 0x561cbd03ff12 <unknown>\n#13 0x561cbd05d2b4 <unknown>\n#14 0x561cbd0240af <unknown>\n#15 0x561cbd080ad8 <unknown>\n#16 0x561cbd080cb6 <unknown>\n#17 0x561cbd0912e6 <unknown>\n#18 0x7ff3aa29caa4 <unknown>\n#19 0x7ff3aa329c3c <unknown>","statusTrace":"self = <tests.regression_ui.test_ui_regression.TestUIRegression object at 0x7f804b1a2b10>\ndriver = <selenium.webdriver.chrome.webdriver.WebDriver (session=\"463b31f10e858f7632ed1cc03e416e9c\")>\n\n    @pytest.mark.TC000\n    @pytest.mark.TC006\n    @allure.title('Archive a card')\n    def test_archive_card(self, driver):\n        time.sleep(5)\n        with allure.step('Log in to Trello account'):\n>           self.test_login(driver)\n\ntests/regression_ui/test_ui_regression.py:190: \n_ _ _ _ _ _ _ _ _ _ _ _ _ _ _ _ _ _ _ _ _ _ _ _ _ _ _ _ _ _ _ _ _ _ _ _ _ _ _ _ \ntests/regression_ui/test_ui_regression.py:62: in test_login\n    el_user_name = WebDriverWait(driver, 10).until(EC.element_to_be_clickable(\n_ _ _ _ _ _ _ _ _ _ _ _ _ _ _ _ _ _ _ _ _ _ _ _ _ _ _ _ _ _ _ _ _ _ _ _ _ _ _ _ \n\nself = <selenium.webdriver.support.wait.WebDriverWait (session=\"463b31f10e858f7632ed1cc03e416e9c\")>\nmethod = <function element_to_be_clickable.<locals>._predicate at 0x7f804b0b1da0>\nmessage = ''\n\n    def until(self, method: Callable[[D], Union[Literal[False], T]], message: str = \"\") -> T:\n        \"\"\"Calls the method provided with the driver as an argument until the \\\n        return value does not evaluate to ``False``.\n    \n        :param method: callable(WebDriver)\n        :param message: optional message for :exc:`TimeoutException`\n        :returns: the result of the last call to `method`\n        :raises: :exc:`selenium.common.exceptions.TimeoutException` if timeout occurs\n        \"\"\"\n        screen = None\n        stacktrace = None\n    \n        end_time = time.monotonic() + self._timeout\n        while True:\n            try:\n                value = method(self._driver)\n                if value:\n                    return value\n            except self._ignored_exceptions as exc:\n                screen = getattr(exc, \"screen\", None)\n                stacktrace = getattr(exc, \"stacktrace\", None)\n            if time.monotonic() > end_time:\n                break\n            time.sleep(self._poll)\n>       raise TimeoutException(message, screen, stacktrace)\nE       selenium.common.exceptions.TimeoutException: Message: \nE       Stacktrace:\nE       #0 0x561cbd09246a <unknown>\nE       #1 0x561cbcb4bed0 <unknown>\nE       #2 0x561cbcb9d935 <unknown>\nE       #3 0x561cbcb9db61 <unknown>\nE       #4 0x561cbcbec9d4 <unknown>\nE       #5 0x561cbcbc388d <unknown>\nE       #6 0x561cbcbe9ceb <unknown>\nE       #7 0x561cbcbc3633 <unknown>\nE       #8 0x561cbcb8f1be <unknown>\nE       #9 0x561cbcb90981 <unknown>\nE       #10 0x561cbd05886b <unknown>\nE       #11 0x561cbd05c73c <unknown>\nE       #12 0x561cbd03ff12 <unknown>\nE       #13 0x561cbd05d2b4 <unknown>\nE       #14 0x561cbd0240af <unknown>\nE       #15 0x561cbd080ad8 <unknown>\nE       #16 0x561cbd080cb6 <unknown>\nE       #17 0x561cbd0912e6 <unknown>\nE       #18 0x7ff3aa29caa4 <unknown>\nE       #19 0x7ff3aa329c3c <unknown>\n\n/opt/hostedtoolcache/Python/3.12.5/x64/lib/python3.12/site-packages/selenium/webdriver/support/wait.py:105: TimeoutException","steps":[{"name":"Log in to Trello account","time":{"start":1742181927916,"stop":1742181938621,"duration":10705},"status":"broken","statusMessage":"selenium.common.exceptions.TimeoutException: Message: \nStacktrace:\n#0 0x561cbd09246a <unknown>\n#1 0x561cbcb4bed0 <unknown>\n#2 0x561cbcb9d935 <unknown>\n#3 0x561cbcb9db61 <unknown>\n#4 0x561cbcbec9d4 <unknown>\n#5 0x561cbcbc388d <unknown>\n#6 0x561cbcbe9ceb <unknown>\n#7 0x561cbcbc3633 <unknown>\n#8 0x561cbcb8f1be <unknown>\n#9 0x561cbcb90981 <unknown>\n#10 0x561cbd05886b <unknown>\n#11 0x561cbd05c73c <unknown>\n#12 0x561cbd03ff12 <unknown>\n#13 0x561cbd05d2b4 <unknown>\n#14 0x561cbd0240af <unknown>\n#15 0x561cbd080ad8 <unknown>\n#16 0x561cbd080cb6 <unknown>\n#17 0x561cbd0912e6 <unknown>\n#18 0x7ff3aa29caa4 <unknown>\n#19 0x7ff3aa329c3c <unknown>\n\n","statusTrace":"  File \"/home/runner/work/pythonSelenium/pythonSelenium/tests/regression_ui/test_ui_regression.py\", line 190, in test_archive_card\n    self.test_login(driver)\n  File \"/home/runner/work/pythonSelenium/pythonSelenium/tests/regression_ui/test_ui_regression.py\", line 62, in test_login\n    el_user_name = WebDriverWait(driver, 10).until(EC.element_to_be_clickable(\n                   ^^^^^^^^^^^^^^^^^^^^^^^^^^^^^^^^^^^^^^^^^^^^^^^^^^^^^^^^^^^\n  File \"/opt/hostedtoolcache/Python/3.12.5/x64/lib/python3.12/site-packages/selenium/webdriver/support/wait.py\", line 105, in until\n    raise TimeoutException(message, screen, stacktrace)\n","steps":[{"name":"Navigate to the Trello page and enter valid credentials (email, password, and 6-digits verification code)","time":{"start":1742181927916,"stop":1742181938620,"duration":10704},"status":"broken","statusMessage":"selenium.common.exceptions.TimeoutException: Message: \nStacktrace:\n#0 0x561cbd09246a <unknown>\n#1 0x561cbcb4bed0 <unknown>\n#2 0x561cbcb9d935 <unknown>\n#3 0x561cbcb9db61 <unknown>\n#4 0x561cbcbec9d4 <unknown>\n#5 0x561cbcbc388d <unknown>\n#6 0x561cbcbe9ceb <unknown>\n#7 0x561cbcbc3633 <unknown>\n#8 0x561cbcb8f1be <unknown>\n#9 0x561cbcb90981 <unknown>\n#10 0x561cbd05886b <unknown>\n#11 0x561cbd05c73c <unknown>\n#12 0x561cbd03ff12 <unknown>\n#13 0x561cbd05d2b4 <unknown>\n#14 0x561cbd0240af <unknown>\n#15 0x561cbd080ad8 <unknown>\n#16 0x561cbd080cb6 <unknown>\n#17 0x561cbd0912e6 <unknown>\n#18 0x7ff3aa29caa4 <unknown>\n#19 0x7ff3aa329c3c <unknown>\n\n","statusTrace":"  File \"/home/runner/work/pythonSelenium/pythonSelenium/tests/regression_ui/test_ui_regression.py\", line 62, in test_login\n    el_user_name = WebDriverWait(driver, 10).until(EC.element_to_be_clickable(\n                   ^^^^^^^^^^^^^^^^^^^^^^^^^^^^^^^^^^^^^^^^^^^^^^^^^^^^^^^^^^^\n  File \"/opt/hostedtoolcache/Python/3.12.5/x64/lib/python3.12/site-packages/selenium/webdriver/support/wait.py\", line 105, in until\n    raise TimeoutException(message, screen, stacktrace)\n","steps":[],"attachments":[],"parameters":[],"shouldDisplayMessage":true,"stepsCount":0,"attachmentsCount":0,"hasContent":true,"attachmentStep":false}],"attachments":[],"parameters":[],"shouldDisplayMessage":false,"stepsCount":1,"attachmentsCount":0,"hasContent":true,"attachmentStep":false}],"attachments":[],"parameters":[],"shouldDisplayMessage":true,"stepsCount":2,"attachmentsCount":0,"hasContent":true,"attachmentStep":false},"afterStages":[{"name":"driver::0","time":{"start":1742181938634,"stop":1742181938698,"duration":64},"status":"passed","steps":[],"attachments":[],"parameters":[],"shouldDisplayMessage":false,"stepsCount":0,"attachmentsCount":0,"hasContent":false,"attachmentStep":false}],"labels":[{"name":"tag","value":"TC006"},{"name":"tag","value":"TC000"},{"name":"parentSuite","value":"tests.regression_ui"},{"name":"suite","value":"test_ui_regression"},{"name":"subSuite","value":"TestUIRegression"},{"name":"host","value":"fv-az1696-728"},{"name":"thread","value":"4069-MainThread"},{"name":"framework","value":"pytest"},{"name":"language","value":"cpython3"},{"name":"package","value":"tests.regression_ui.test_ui_regression"},{"name":"resultFormat","value":"allure2"}],"parameters":[],"links":[],"hidden":false,"retry":false,"extra":{"severity":"normal","retries":[],"categories":[{"name":"Test defects","matchedStatuses":[]}],"history":{"statistic":{"failed":15,"broken":29,"skipped":0,"passed":479,"unknown":0,"total":523},"items":[{"uid":"b51a8875fe73651c","status":"passed","time":{"start":1742172434212,"stop":1742172465386,"duration":31174}},{"uid":"12fda48316ff0a51","status":"passed","time":{"start":1742159380505,"stop":1742159417917,"duration":37412}},{"uid":"7a52ae3fdf8e953b","status":"passed","time":{"start":1742148821006,"stop":1742148853962,"duration":32956}},{"uid":"7b57e7e89696868a","status":"passed","time":{"start":1742137812701,"stop":1742137844161,"duration":31460}},{"uid":"7f89b4250553af7b","status":"passed","time":{"start":1742127402587,"stop":1742127433932,"duration":31345}},{"uid":"7720dd9b50122e8b","status":"passed","time":{"start":1742116303806,"stop":1742116335465,"duration":31659}},{"uid":"1853b87c77edd79","status":"passed","time":{"start":1742105681923,"stop":1742105713045,"duration":31122}},{"uid":"6da5ae89a43d4625","status":"passed","time":{"start":1742095572834,"stop":1742095604240,"duration":31406}},{"uid":"f965d9d516145788","status":"passed","time":{"start":1742086152427,"stop":1742086184054,"duration":31627}},{"uid":"c673a6c2d827581d","status":"passed","time":{"start":1742072951192,"stop":1742072983579,"duration":32387}},{"uid":"4c9aca61af4dfcd8","status":"passed","time":{"start":1742062362006,"stop":1742062393302,"duration":31296}},{"uid":"eee0304c5e964292","status":"passed","time":{"start":1742051441917,"stop":1742051474291,"duration":32374}},{"uid":"7c77c244ae552e87","status":"passed","time":{"start":1742040970021,"stop":1742041007260,"duration":37239}},{"uid":"a14f436ae3c826ce","status":"passed","time":{"start":1742029841085,"stop":1742029872914,"duration":31829}},{"uid":"6153770b2566dda9","status":"passed","time":{"start":1742019224031,"stop":1742019255257,"duration":31226}},{"uid":"fc87e5795d6b4360","status":"passed","time":{"start":1742008813253,"stop":1742008845531,"duration":32278}},{"uid":"1b7935ca6fa3ffb2","status":"passed","time":{"start":1741999392294,"stop":1741999423972,"duration":31678}},{"uid":"818328d0dd9063e","status":"passed","time":{"start":1741986613725,"stop":1741986645760,"duration":32035}},{"uid":"6d760473fa2eaa77","status":"passed","time":{"start":1741976140711,"stop":1741976174459,"duration":33748}},{"uid":"f7e863260d214c9e","status":"passed","time":{"start":1741965101086,"stop":1741965137668,"duration":36582}}]},"tags":["TC006","TC000"]},"source":"2cc78207e54d1084.json","parameterValues":[]}