{"uid":"2ebb845ba7bb830","name":"Label a Card","fullName":"tests.regression_ui.test_ui_regression.TestUIRegression#test_label_card","historyId":"81bf587fe9f2db9e87ee2dc06e7308b0","time":{"start":1736792581351,"stop":1736792612979,"duration":31628},"status":"broken","statusMessage":"TypeError: not all arguments converted during string formatting","statusTrace":"self = <tests.regression_ui.test_ui_regression.TestUIRegression object at 0x7fd67cbaa840>\ndriver = <selenium.webdriver.chrome.webdriver.WebDriver (session=\"773505d48530fab6c30d73ffef744607\")>\n\n    @pytest.mark.TC000\n    @pytest.mark.TC001\n    @allure.title('Login Functionality')\n    def test_login(self, driver):\n        with allure.step('Navigate to the Trello login page'):\n            driver.get(self.SCC.URL_LOGIN)\n            time.sleep(3)\n        with allure.step('Enter valid credentials (email, password, and 6-digits verification code)'):\n            try:\n                el_user_name = WebDriverWait(driver, 60).until(EC.element_to_be_clickable(\n                    (By.XPATH, self.SCC.LoginPage.USER_NAME_FIELD)\n                ))\n                el_user_name.click()\n                el_user_name.send_keys(USER_EMAIL)\n    \n                driver.find_element(By.XPATH, self.SCC.LoginPage.CONTINUE_BUTTON).click()\n                el_password = WebDriverWait(driver, 60).until(EC.element_to_be_clickable(\n                    (By.XPATH, self.SCC.LoginPage.PASSWORD_FIELD)\n                ))\n                el_password.click()\n                el_password.send_keys(USER_PASSWORD)\n    \n                driver.find_element(By.XPATH, self.SCC.LoginPage.LOGIN_BUTTON).click()\n                time.sleep(3)\n                el_six_otp_code = WebDriverWait(driver, 60).until(EC.element_to_be_clickable(\n                    (By.XPATH, self.SCC.LoginPage.SIX_OTP_CODE_FIELD)\n                ))\n                el_six_otp_code.click()\n                el_six_otp_code.send_keys(self.otp_auth())\n                time.sleep(10)\n>               WebDriverWait(driver, 10).until(EC.url_matches(self.SCC.HOME_URL))\n\ntests/regression_ui/test_ui_regression.py:84: \n_ _ _ _ _ _ _ _ _ _ _ _ _ _ _ _ _ _ _ _ _ _ _ _ _ _ _ _ _ _ _ _ _ _ _ _ _ _ _ _ \n\nself = <selenium.webdriver.support.wait.WebDriverWait (session=\"773505d48530fab6c30d73ffef744607\")>\nmethod = <function url_matches.<locals>._predicate at 0x7fd67c95f740>\nmessage = ''\n\n    def until(self, method: Callable[[D], Union[Literal[False], T]], message: str = \"\") -> T:\n        \"\"\"Calls the method provided with the driver as an argument until the \\\n        return value does not evaluate to ``False``.\n    \n        :param method: callable(WebDriver)\n        :param message: optional message for :exc:`TimeoutException`\n        :returns: the result of the last call to `method`\n        :raises: :exc:`selenium.common.exceptions.TimeoutException` if timeout occurs\n        \"\"\"\n        screen = None\n        stacktrace = None\n    \n        end_time = time.monotonic() + self._timeout\n        while True:\n            try:\n                value = method(self._driver)\n                if value:\n                    return value\n            except self._ignored_exceptions as exc:\n                screen = getattr(exc, \"screen\", None)\n                stacktrace = getattr(exc, \"stacktrace\", None)\n            if time.monotonic() > end_time:\n                break\n            time.sleep(self._poll)\n>       raise TimeoutException(message, screen, stacktrace)\nE       selenium.common.exceptions.TimeoutException: Message:\n\n/opt/hostedtoolcache/Python/3.12.5/x64/lib/python3.12/site-packages/selenium/webdriver/support/wait.py:105: TimeoutException\n\nDuring handling of the above exception, another exception occurred:\n\nself = <tests.regression_ui.test_ui_regression.TestUIRegression object at 0x7fd67cbaa840>\ndriver = <selenium.webdriver.chrome.webdriver.WebDriver (session=\"773505d48530fab6c30d73ffef744607\")>\n\n    @pytest.mark.TC000\n    @pytest.mark.TC007\n    @allure.title('Label a Card')\n    def test_label_card(self, driver):\n        time.sleep(4)\n        with allure.step('Log in to Trello account'):\n>           self.test_login(driver)\n\ntests/regression_ui/test_ui_regression.py:218: \n_ _ _ _ _ _ _ _ _ _ _ _ _ _ _ _ _ _ _ _ _ _ _ _ _ _ _ _ _ _ _ _ _ _ _ _ _ _ _ _ \ntests/regression_ui/test_ui_regression.py:88: in test_login\n    log.info(\"An error occurred: \", str(e))\n/opt/hostedtoolcache/Python/3.12.5/x64/lib/python3.12/logging/__init__.py:2216: in info\n    root.info(msg, *args, **kwargs)\n/opt/hostedtoolcache/Python/3.12.5/x64/lib/python3.12/logging/__init__.py:1539: in info\n    self._log(INFO, msg, args, **kwargs)\n/opt/hostedtoolcache/Python/3.12.5/x64/lib/python3.12/logging/__init__.py:1684: in _log\n    self.handle(record)\n/opt/hostedtoolcache/Python/3.12.5/x64/lib/python3.12/logging/__init__.py:1700: in handle\n    self.callHandlers(record)\n/opt/hostedtoolcache/Python/3.12.5/x64/lib/python3.12/logging/__init__.py:1762: in callHandlers\n    hdlr.handle(record)\n/opt/hostedtoolcache/Python/3.12.5/x64/lib/python3.12/logging/__init__.py:1028: in handle\n    self.emit(record)\n/opt/hostedtoolcache/Python/3.12.5/x64/lib/python3.12/site-packages/_pytest/logging.py:386: in emit\n    super().emit(record)\n/opt/hostedtoolcache/Python/3.12.5/x64/lib/python3.12/logging/__init__.py:1168: in emit\n    self.handleError(record)\n/opt/hostedtoolcache/Python/3.12.5/x64/lib/python3.12/logging/__init__.py:1160: in emit\n    msg = self.format(record)\n/opt/hostedtoolcache/Python/3.12.5/x64/lib/python3.12/logging/__init__.py:999: in format\n    return fmt.format(record)\n/opt/hostedtoolcache/Python/3.12.5/x64/lib/python3.12/site-packages/_pytest/logging.py:139: in format\n    return super().format(record)\n/opt/hostedtoolcache/Python/3.12.5/x64/lib/python3.12/logging/__init__.py:703: in format\n    record.message = record.getMessage()\n_ _ _ _ _ _ _ _ _ _ _ _ _ _ _ _ _ _ _ _ _ _ _ _ _ _ _ _ _ _ _ _ _ _ _ _ _ _ _ _ \n\nself = <LogRecord: root, 20, /home/runner/work/pythonSelenium/pythonSelenium/tests/regression_ui/test_ui_regression.py, 88, \"An error occurred: \">\n\n    def getMessage(self):\n        \"\"\"\n        Return the message for this LogRecord.\n    \n        Return the message for this LogRecord after merging any user-supplied\n        arguments with the message.\n        \"\"\"\n        msg = str(self.msg)\n        if self.args:\n>           msg = msg % self.args\nE           TypeError: not all arguments converted during string formatting\n\n/opt/hostedtoolcache/Python/3.12.5/x64/lib/python3.12/logging/__init__.py:392: TypeError","flaky":false,"newFailed":false,"newBroken":true,"newPassed":false,"retriesCount":0,"retriesStatusChange":false,"beforeStages":[{"name":"driver","time":{"start":1736792581097,"stop":1736792581350,"duration":253},"status":"passed","steps":[],"attachments":[],"parameters":[],"shouldDisplayMessage":false,"stepsCount":0,"attachmentsCount":0,"hasContent":false,"attachmentStep":false},{"name":"setup","time":{"start":1736792581350,"stop":1736792581350,"duration":0},"status":"passed","steps":[],"attachments":[],"parameters":[],"shouldDisplayMessage":false,"stepsCount":0,"attachmentsCount":0,"hasContent":false,"attachmentStep":false}],"testStage":{"status":"broken","statusMessage":"TypeError: not all arguments converted during string formatting","statusTrace":"self = <tests.regression_ui.test_ui_regression.TestUIRegression object at 0x7fd67cbaa840>\ndriver = <selenium.webdriver.chrome.webdriver.WebDriver (session=\"773505d48530fab6c30d73ffef744607\")>\n\n    @pytest.mark.TC000\n    @pytest.mark.TC001\n    @allure.title('Login Functionality')\n    def test_login(self, driver):\n        with allure.step('Navigate to the Trello login page'):\n            driver.get(self.SCC.URL_LOGIN)\n            time.sleep(3)\n        with allure.step('Enter valid credentials (email, password, and 6-digits verification code)'):\n            try:\n                el_user_name = WebDriverWait(driver, 60).until(EC.element_to_be_clickable(\n                    (By.XPATH, self.SCC.LoginPage.USER_NAME_FIELD)\n                ))\n                el_user_name.click()\n                el_user_name.send_keys(USER_EMAIL)\n    \n                driver.find_element(By.XPATH, self.SCC.LoginPage.CONTINUE_BUTTON).click()\n                el_password = WebDriverWait(driver, 60).until(EC.element_to_be_clickable(\n                    (By.XPATH, self.SCC.LoginPage.PASSWORD_FIELD)\n                ))\n                el_password.click()\n                el_password.send_keys(USER_PASSWORD)\n    \n                driver.find_element(By.XPATH, self.SCC.LoginPage.LOGIN_BUTTON).click()\n                time.sleep(3)\n                el_six_otp_code = WebDriverWait(driver, 60).until(EC.element_to_be_clickable(\n                    (By.XPATH, self.SCC.LoginPage.SIX_OTP_CODE_FIELD)\n                ))\n                el_six_otp_code.click()\n                el_six_otp_code.send_keys(self.otp_auth())\n                time.sleep(10)\n>               WebDriverWait(driver, 10).until(EC.url_matches(self.SCC.HOME_URL))\n\ntests/regression_ui/test_ui_regression.py:84: \n_ _ _ _ _ _ _ _ _ _ _ _ _ _ _ _ _ _ _ _ _ _ _ _ _ _ _ _ _ _ _ _ _ _ _ _ _ _ _ _ \n\nself = <selenium.webdriver.support.wait.WebDriverWait (session=\"773505d48530fab6c30d73ffef744607\")>\nmethod = <function url_matches.<locals>._predicate at 0x7fd67c95f740>\nmessage = ''\n\n    def until(self, method: Callable[[D], Union[Literal[False], T]], message: str = \"\") -> T:\n        \"\"\"Calls the method provided with the driver as an argument until the \\\n        return value does not evaluate to ``False``.\n    \n        :param method: callable(WebDriver)\n        :param message: optional message for :exc:`TimeoutException`\n        :returns: the result of the last call to `method`\n        :raises: :exc:`selenium.common.exceptions.TimeoutException` if timeout occurs\n        \"\"\"\n        screen = None\n        stacktrace = None\n    \n        end_time = time.monotonic() + self._timeout\n        while True:\n            try:\n                value = method(self._driver)\n                if value:\n                    return value\n            except self._ignored_exceptions as exc:\n                screen = getattr(exc, \"screen\", None)\n                stacktrace = getattr(exc, \"stacktrace\", None)\n            if time.monotonic() > end_time:\n                break\n            time.sleep(self._poll)\n>       raise TimeoutException(message, screen, stacktrace)\nE       selenium.common.exceptions.TimeoutException: Message:\n\n/opt/hostedtoolcache/Python/3.12.5/x64/lib/python3.12/site-packages/selenium/webdriver/support/wait.py:105: TimeoutException\n\nDuring handling of the above exception, another exception occurred:\n\nself = <tests.regression_ui.test_ui_regression.TestUIRegression object at 0x7fd67cbaa840>\ndriver = <selenium.webdriver.chrome.webdriver.WebDriver (session=\"773505d48530fab6c30d73ffef744607\")>\n\n    @pytest.mark.TC000\n    @pytest.mark.TC007\n    @allure.title('Label a Card')\n    def test_label_card(self, driver):\n        time.sleep(4)\n        with allure.step('Log in to Trello account'):\n>           self.test_login(driver)\n\ntests/regression_ui/test_ui_regression.py:218: \n_ _ _ _ _ _ _ _ _ _ _ _ _ _ _ _ _ _ _ _ _ _ _ _ _ _ _ _ _ _ _ _ _ _ _ _ _ _ _ _ \ntests/regression_ui/test_ui_regression.py:88: in test_login\n    log.info(\"An error occurred: \", str(e))\n/opt/hostedtoolcache/Python/3.12.5/x64/lib/python3.12/logging/__init__.py:2216: in info\n    root.info(msg, *args, **kwargs)\n/opt/hostedtoolcache/Python/3.12.5/x64/lib/python3.12/logging/__init__.py:1539: in info\n    self._log(INFO, msg, args, **kwargs)\n/opt/hostedtoolcache/Python/3.12.5/x64/lib/python3.12/logging/__init__.py:1684: in _log\n    self.handle(record)\n/opt/hostedtoolcache/Python/3.12.5/x64/lib/python3.12/logging/__init__.py:1700: in handle\n    self.callHandlers(record)\n/opt/hostedtoolcache/Python/3.12.5/x64/lib/python3.12/logging/__init__.py:1762: in callHandlers\n    hdlr.handle(record)\n/opt/hostedtoolcache/Python/3.12.5/x64/lib/python3.12/logging/__init__.py:1028: in handle\n    self.emit(record)\n/opt/hostedtoolcache/Python/3.12.5/x64/lib/python3.12/site-packages/_pytest/logging.py:386: in emit\n    super().emit(record)\n/opt/hostedtoolcache/Python/3.12.5/x64/lib/python3.12/logging/__init__.py:1168: in emit\n    self.handleError(record)\n/opt/hostedtoolcache/Python/3.12.5/x64/lib/python3.12/logging/__init__.py:1160: in emit\n    msg = self.format(record)\n/opt/hostedtoolcache/Python/3.12.5/x64/lib/python3.12/logging/__init__.py:999: in format\n    return fmt.format(record)\n/opt/hostedtoolcache/Python/3.12.5/x64/lib/python3.12/site-packages/_pytest/logging.py:139: in format\n    return super().format(record)\n/opt/hostedtoolcache/Python/3.12.5/x64/lib/python3.12/logging/__init__.py:703: in format\n    record.message = record.getMessage()\n_ _ _ _ _ _ _ _ _ _ _ _ _ _ _ _ _ _ _ _ _ _ _ _ _ _ _ _ _ _ _ _ _ _ _ _ _ _ _ _ \n\nself = <LogRecord: root, 20, /home/runner/work/pythonSelenium/pythonSelenium/tests/regression_ui/test_ui_regression.py, 88, \"An error occurred: \">\n\n    def getMessage(self):\n        \"\"\"\n        Return the message for this LogRecord.\n    \n        Return the message for this LogRecord after merging any user-supplied\n        arguments with the message.\n        \"\"\"\n        msg = str(self.msg)\n        if self.args:\n>           msg = msg % self.args\nE           TypeError: not all arguments converted during string formatting\n\n/opt/hostedtoolcache/Python/3.12.5/x64/lib/python3.12/logging/__init__.py:392: TypeError","steps":[{"name":"Log in to Trello account","time":{"start":1736792585351,"stop":1736792612977,"duration":27626},"status":"broken","statusMessage":"TypeError: not all arguments converted during string formatting\n","statusTrace":"  File \"/home/runner/work/pythonSelenium/pythonSelenium/tests/regression_ui/test_ui_regression.py\", line 218, in test_label_card\n    self.test_login(driver)\n  File \"/home/runner/work/pythonSelenium/pythonSelenium/tests/regression_ui/test_ui_regression.py\", line 88, in test_login\n    log.info(\"An error occurred: \", str(e))\n  File \"/opt/hostedtoolcache/Python/3.12.5/x64/lib/python3.12/logging/__init__.py\", line 2216, in info\n    root.info(msg, *args, **kwargs)\n  File \"/opt/hostedtoolcache/Python/3.12.5/x64/lib/python3.12/logging/__init__.py\", line 1539, in info\n    self._log(INFO, msg, args, **kwargs)\n  File \"/opt/hostedtoolcache/Python/3.12.5/x64/lib/python3.12/logging/__init__.py\", line 1684, in _log\n    self.handle(record)\n  File \"/opt/hostedtoolcache/Python/3.12.5/x64/lib/python3.12/logging/__init__.py\", line 1700, in handle\n    self.callHandlers(record)\n  File \"/opt/hostedtoolcache/Python/3.12.5/x64/lib/python3.12/logging/__init__.py\", line 1762, in callHandlers\n    hdlr.handle(record)\n  File \"/opt/hostedtoolcache/Python/3.12.5/x64/lib/python3.12/logging/__init__.py\", line 1028, in handle\n    self.emit(record)\n  File \"/opt/hostedtoolcache/Python/3.12.5/x64/lib/python3.12/site-packages/_pytest/logging.py\", line 386, in emit\n    super().emit(record)\n  File \"/opt/hostedtoolcache/Python/3.12.5/x64/lib/python3.12/logging/__init__.py\", line 1168, in emit\n    self.handleError(record)\n  File \"/opt/hostedtoolcache/Python/3.12.5/x64/lib/python3.12/logging/__init__.py\", line 1160, in emit\n    msg = self.format(record)\n          ^^^^^^^^^^^^^^^^^^^\n  File \"/opt/hostedtoolcache/Python/3.12.5/x64/lib/python3.12/logging/__init__.py\", line 999, in format\n    return fmt.format(record)\n           ^^^^^^^^^^^^^^^^^^\n  File \"/opt/hostedtoolcache/Python/3.12.5/x64/lib/python3.12/site-packages/_pytest/logging.py\", line 139, in format\n    return super().format(record)\n           ^^^^^^^^^^^^^^^^^^^^^^\n  File \"/opt/hostedtoolcache/Python/3.12.5/x64/lib/python3.12/logging/__init__.py\", line 703, in format\n    record.message = record.getMessage()\n                     ^^^^^^^^^^^^^^^^^^^\n  File \"/opt/hostedtoolcache/Python/3.12.5/x64/lib/python3.12/logging/__init__.py\", line 392, in getMessage\n    msg = msg % self.args\n          ~~~~^~~~~~~~~~~\n","steps":[{"name":"Navigate to the Trello login page","time":{"start":1736792585351,"stop":1736792588789,"duration":3438},"status":"passed","steps":[],"attachments":[],"parameters":[],"shouldDisplayMessage":false,"stepsCount":0,"attachmentsCount":0,"hasContent":false,"attachmentStep":false},{"name":"Enter valid credentials (email, password, and 6-digits verification code)","time":{"start":1736792588789,"stop":1736792612976,"duration":24187},"status":"broken","statusMessage":"TypeError: not all arguments converted during string formatting\n","statusTrace":"  File \"/home/runner/work/pythonSelenium/pythonSelenium/tests/regression_ui/test_ui_regression.py\", line 88, in test_login\n    log.info(\"An error occurred: \", str(e))\n  File \"/opt/hostedtoolcache/Python/3.12.5/x64/lib/python3.12/logging/__init__.py\", line 2216, in info\n    root.info(msg, *args, **kwargs)\n  File \"/opt/hostedtoolcache/Python/3.12.5/x64/lib/python3.12/logging/__init__.py\", line 1539, in info\n    self._log(INFO, msg, args, **kwargs)\n  File \"/opt/hostedtoolcache/Python/3.12.5/x64/lib/python3.12/logging/__init__.py\", line 1684, in _log\n    self.handle(record)\n  File \"/opt/hostedtoolcache/Python/3.12.5/x64/lib/python3.12/logging/__init__.py\", line 1700, in handle\n    self.callHandlers(record)\n  File \"/opt/hostedtoolcache/Python/3.12.5/x64/lib/python3.12/logging/__init__.py\", line 1762, in callHandlers\n    hdlr.handle(record)\n  File \"/opt/hostedtoolcache/Python/3.12.5/x64/lib/python3.12/logging/__init__.py\", line 1028, in handle\n    self.emit(record)\n  File \"/opt/hostedtoolcache/Python/3.12.5/x64/lib/python3.12/site-packages/_pytest/logging.py\", line 386, in emit\n    super().emit(record)\n  File \"/opt/hostedtoolcache/Python/3.12.5/x64/lib/python3.12/logging/__init__.py\", line 1168, in emit\n    self.handleError(record)\n  File \"/opt/hostedtoolcache/Python/3.12.5/x64/lib/python3.12/logging/__init__.py\", line 1160, in emit\n    msg = self.format(record)\n          ^^^^^^^^^^^^^^^^^^^\n  File \"/opt/hostedtoolcache/Python/3.12.5/x64/lib/python3.12/logging/__init__.py\", line 999, in format\n    return fmt.format(record)\n           ^^^^^^^^^^^^^^^^^^\n  File \"/opt/hostedtoolcache/Python/3.12.5/x64/lib/python3.12/site-packages/_pytest/logging.py\", line 139, in format\n    return super().format(record)\n           ^^^^^^^^^^^^^^^^^^^^^^\n  File \"/opt/hostedtoolcache/Python/3.12.5/x64/lib/python3.12/logging/__init__.py\", line 703, in format\n    record.message = record.getMessage()\n                     ^^^^^^^^^^^^^^^^^^^\n  File \"/opt/hostedtoolcache/Python/3.12.5/x64/lib/python3.12/logging/__init__.py\", line 392, in getMessage\n    msg = msg % self.args\n          ~~~~^~~~~~~~~~~\n","steps":[],"attachments":[],"parameters":[],"shouldDisplayMessage":true,"stepsCount":0,"attachmentsCount":0,"hasContent":true,"attachmentStep":false}],"attachments":[],"parameters":[],"shouldDisplayMessage":false,"stepsCount":2,"attachmentsCount":0,"hasContent":true,"attachmentStep":false}],"attachments":[{"uid":"3f182c6947d4909a","name":"log","source":"3f182c6947d4909a.txt","type":"text/plain","size":63297}],"parameters":[],"shouldDisplayMessage":true,"stepsCount":3,"attachmentsCount":1,"hasContent":true,"attachmentStep":false},"afterStages":[{"name":"driver::0","time":{"start":1736792613108,"stop":1736792613181,"duration":73},"status":"passed","steps":[],"attachments":[],"parameters":[],"shouldDisplayMessage":false,"stepsCount":0,"attachmentsCount":0,"hasContent":false,"attachmentStep":false}],"labels":[{"name":"tag","value":"TC007"},{"name":"tag","value":"TC000"},{"name":"parentSuite","value":"tests.regression_ui"},{"name":"suite","value":"test_ui_regression"},{"name":"subSuite","value":"TestUIRegression"},{"name":"host","value":"fv-az1672-836"},{"name":"thread","value":"3624-MainThread"},{"name":"framework","value":"pytest"},{"name":"language","value":"cpython3"},{"name":"package","value":"tests.regression_ui.test_ui_regression"},{"name":"resultFormat","value":"allure2"}],"parameters":[],"links":[],"hidden":false,"retry":false,"extra":{"severity":"normal","retries":[],"categories":[{"name":"Test defects","matchedStatuses":[],"flaky":false}],"history":{"statistic":{"failed":0,"broken":11,"skipped":0,"passed":70,"unknown":0,"total":81},"items":[{"uid":"5507a1d74bfa11ea","status":"passed","time":{"start":1736730645477,"stop":1736730679591,"duration":34114}},{"uid":"571f2324bc8bbd3d","status":"passed","time":{"start":1736706006663,"stop":1736706040635,"duration":33972}},{"uid":"8e16c3097b1a47d9","status":"passed","time":{"start":1736644417279,"stop":1736644451498,"duration":34219}},{"uid":"84cfb0934bb3cc03","status":"passed","time":{"start":1736619608859,"stop":1736619642806,"duration":33947}},{"uid":"7de01d24418ab399","status":"passed","time":{"start":1736557607036,"stop":1736557640819,"duration":33783}},{"uid":"2d1659bc6aeea568","status":"passed","time":{"start":1736533296436,"stop":1736533330209,"duration":33773}},{"uid":"37d0583ae187e2a4","status":"passed","time":{"start":1736471293822,"stop":1736471328013,"duration":34191}},{"uid":"de4b7e1ef3bedce6","status":"broken","statusDetails":"selenium.common.exceptions.ElementClickInterceptedException: Message: element click intercepted: Element <span class=\"CNnougcEO0WaO3 dw6dSeDTUO7W7U YjsahfcWMjpk4W IDeXAnQiLBnlva color-blind-pattern-green MNuX_OT6g8BvrC\" tabindex=\"-1\" aria-label=\"Color: green, title: none\" data-color=\"green\" data-expanded=\"false\" data-testid=\"compact-card-label\"></span> is not clickable at point (596, 220). Other element would receive the click: <hgroup class=\"behMG2dkwmEg47\">...</hgroup>\n  (Session info: chrome=131.0.6778.264)\nStacktrace:\n#0 0x55b56360e8fa <unknown>\n#1 0x55b56311fd20 <unknown>\n#2 0x55b563175766 <unknown>\n#3 0x55b5631736cd <unknown>\n#4 0x55b563170de5 <unknown>\n#5 0x55b56316ffa8 <unknown>\n#6 0x55b563163765 <unknown>\n#7 0x55b563192af2 <unknown>\n#8 0x55b5631630a8 <unknown>\n#9 0x55b563192cbe <unknown>\n#10 0x55b5631b1560 <unknown>\n#11 0x55b563192893 <unknown>\n#12 0x55b56316130d <unknown>\n#13 0x55b56316232e <unknown>\n#14 0x55b5635db00b <unknown>\n#15 0x55b5635def97 <unknown>\n#16 0x55b5635c771c <unknown>\n#17 0x55b5635dfb17 <unknown>\n#18 0x55b5635ac6cf <unknown>\n#19 0x55b5635fd6b8 <unknown>\n#20 0x55b5635fd880 <unknown>\n#21 0x55b56360d776 <unknown>\n#22 0x7fc60fc9ca94 <unknown>\n#23 0x7fc60fd29c3c <unknown>","time":{"start":1736447030328,"stop":1736447062201,"duration":31873}},{"uid":"246c2f85567dd127","status":"passed","time":{"start":1736384769692,"stop":1736384803768,"duration":34076}},{"uid":"6428b76ba31a9cea","status":"passed","time":{"start":1736360501418,"stop":1736360535512,"duration":34094}},{"uid":"78b24368cd0aad49","status":"passed","time":{"start":1736298391349,"stop":1736298425549,"duration":34200}},{"uid":"ea517b81d9efbf35","status":"broken","statusDetails":"selenium.common.exceptions.ElementClickInterceptedException: Message: element click intercepted: Element <span class=\"CNnougcEO0WaO3 dw6dSeDTUO7W7U YjsahfcWMjpk4W IDeXAnQiLBnlva color-blind-pattern-green MNuX_OT6g8BvrC\" tabindex=\"-1\" aria-label=\"Color: green, title: none\" data-color=\"green\" data-expanded=\"false\" data-testid=\"compact-card-label\"></span> is not clickable at point (596, 220). Other element would receive the click: <hgroup class=\"behMG2dkwmEg47\">...</hgroup>\n  (Session info: chrome=131.0.6778.204)\nStacktrace:\n#0 0x5577809d731a <unknown>\n#1 0x5577804ed6e0 <unknown>\n#2 0x5577805430f6 <unknown>\n#3 0x55778054105d <unknown>\n#4 0x55778053e775 <unknown>\n#5 0x55778053d92f <unknown>\n#6 0x5577805310d5 <unknown>\n#7 0x557780560462 <unknown>\n#8 0x557780530a18 <unknown>\n#9 0x55778056062e <unknown>\n#10 0x55778057eed7 <unknown>\n#11 0x557780560203 <unknown>\n#12 0x55778052ecc0 <unknown>\n#13 0x55778052fc9e <unknown>\n#14 0x5577809a4d0b <unknown>\n#15 0x5577809a8c92 <unknown>\n#16 0x557780991b3c <unknown>\n#17 0x5577809a9807 <unknown>\n#18 0x5577809770df <unknown>\n#19 0x5577809c6578 <unknown>\n#20 0x5577809c6740 <unknown>\n#21 0x5577809d6196 <unknown>\n#22 0x7f97bf09ca94 <unknown>\n#23 0x7f97bf129c3c <unknown>","time":{"start":1736274120761,"stop":1736274152619,"duration":31858}},{"uid":"2f888b0003aa3956","status":"passed","time":{"start":1736212006522,"stop":1736212040607,"duration":34085}},{"uid":"1dc0b8860b1a7d8d","status":"passed","time":{"start":1736187708177,"stop":1736187742349,"duration":34172}},{"uid":"20adffca70195a73","status":"passed","time":{"start":1736125751958,"stop":1736125785922,"duration":33964}},{"uid":"69cbe480eb40052f","status":"passed","time":{"start":1736101175026,"stop":1736101209165,"duration":34139}},{"uid":"de11eab3ad3cf9a7","status":"passed","time":{"start":1736039478104,"stop":1736039512119,"duration":34015}},{"uid":"9e19328abb19022d","status":"passed","time":{"start":1736014803253,"stop":1736014837237,"duration":33984}},{"uid":"1b9713a11be06e1b","status":"passed","time":{"start":1735952708787,"stop":1735952742600,"duration":33813}},{"uid":"ad4ddc3dd284aeef","status":"passed","time":{"start":1735928555006,"stop":1735928589219,"duration":34213}}]},"tags":["TC007","TC000"]},"source":"2ebb845ba7bb830.json","parameterValues":[]}