{"uid":"310f027e18f37454","name":"Log out from Trello account","fullName":"tests.regression_ui.test_ui_regression.TestUIRegression#test_log_out","historyId":"9eddea92aa33bc4ffb54b4788932f508","time":{"start":1742386745692,"stop":1742386766301,"duration":20609},"status":"broken","statusMessage":"selenium.common.exceptions.TimeoutException: Message: \nStacktrace:\n#0 0x55c7fb6da46a <unknown>\n#1 0x55c7fb193ed0 <unknown>\n#2 0x55c7fb1e5935 <unknown>\n#3 0x55c7fb1e5b61 <unknown>\n#4 0x55c7fb2349d4 <unknown>\n#5 0x55c7fb20b88d <unknown>\n#6 0x55c7fb231ceb <unknown>\n#7 0x55c7fb20b633 <unknown>\n#8 0x55c7fb1d71be <unknown>\n#9 0x55c7fb1d8981 <unknown>\n#10 0x55c7fb6a086b <unknown>\n#11 0x55c7fb6a473c <unknown>\n#12 0x55c7fb687f12 <unknown>\n#13 0x55c7fb6a52b4 <unknown>\n#14 0x55c7fb66c0af <unknown>\n#15 0x55c7fb6c8ad8 <unknown>\n#16 0x55c7fb6c8cb6 <unknown>\n#17 0x55c7fb6d92e6 <unknown>\n#18 0x7fbe82a9caa4 <unknown>\n#19 0x7fbe82b29c3c <unknown>","statusTrace":"self = <tests.regression_ui.test_ui_regression.TestUIRegression object at 0x7f4c424a6de0>\ndriver = <selenium.webdriver.chrome.webdriver.WebDriver (session=\"996ab053396263c5a3e78f05ff6feec7\")>\n\n    @pytest.mark.TC000\n    @pytest.mark.TC010\n    @allure.title('Log out from Trello account')\n    def test_log_out(self, driver):\n        time.sleep(10)\n        with allure.step('Log in to Trello account'):\n>           self.test_login(driver)\n\ntests/regression_ui/test_ui_regression.py:301: \n_ _ _ _ _ _ _ _ _ _ _ _ _ _ _ _ _ _ _ _ _ _ _ _ _ _ _ _ _ _ _ _ _ _ _ _ _ _ _ _ \ntests/regression_ui/test_ui_regression.py:62: in test_login\n    el_user_name = WebDriverWait(driver, 10).until(EC.element_to_be_clickable(\n_ _ _ _ _ _ _ _ _ _ _ _ _ _ _ _ _ _ _ _ _ _ _ _ _ _ _ _ _ _ _ _ _ _ _ _ _ _ _ _ \n\nself = <selenium.webdriver.support.wait.WebDriverWait (session=\"996ab053396263c5a3e78f05ff6feec7\")>\nmethod = <function element_to_be_clickable.<locals>._predicate at 0x7f4c423c2d40>\nmessage = ''\n\n    def until(self, method: Callable[[D], Union[Literal[False], T]], message: str = \"\") -> T:\n        \"\"\"Calls the method provided with the driver as an argument until the \\\n        return value does not evaluate to ``False``.\n    \n        :param method: callable(WebDriver)\n        :param message: optional message for :exc:`TimeoutException`\n        :returns: the result of the last call to `method`\n        :raises: :exc:`selenium.common.exceptions.TimeoutException` if timeout occurs\n        \"\"\"\n        screen = None\n        stacktrace = None\n    \n        end_time = time.monotonic() + self._timeout\n        while True:\n            try:\n                value = method(self._driver)\n                if value:\n                    return value\n            except self._ignored_exceptions as exc:\n                screen = getattr(exc, \"screen\", None)\n                stacktrace = getattr(exc, \"stacktrace\", None)\n            if time.monotonic() > end_time:\n                break\n            time.sleep(self._poll)\n>       raise TimeoutException(message, screen, stacktrace)\nE       selenium.common.exceptions.TimeoutException: Message: \nE       Stacktrace:\nE       #0 0x55c7fb6da46a <unknown>\nE       #1 0x55c7fb193ed0 <unknown>\nE       #2 0x55c7fb1e5935 <unknown>\nE       #3 0x55c7fb1e5b61 <unknown>\nE       #4 0x55c7fb2349d4 <unknown>\nE       #5 0x55c7fb20b88d <unknown>\nE       #6 0x55c7fb231ceb <unknown>\nE       #7 0x55c7fb20b633 <unknown>\nE       #8 0x55c7fb1d71be <unknown>\nE       #9 0x55c7fb1d8981 <unknown>\nE       #10 0x55c7fb6a086b <unknown>\nE       #11 0x55c7fb6a473c <unknown>\nE       #12 0x55c7fb687f12 <unknown>\nE       #13 0x55c7fb6a52b4 <unknown>\nE       #14 0x55c7fb66c0af <unknown>\nE       #15 0x55c7fb6c8ad8 <unknown>\nE       #16 0x55c7fb6c8cb6 <unknown>\nE       #17 0x55c7fb6d92e6 <unknown>\nE       #18 0x7fbe82a9caa4 <unknown>\nE       #19 0x7fbe82b29c3c <unknown>\n\n/opt/hostedtoolcache/Python/3.12.5/x64/lib/python3.12/site-packages/selenium/webdriver/support/wait.py:105: TimeoutException","flaky":false,"newFailed":false,"newBroken":true,"newPassed":false,"retriesCount":0,"retriesStatusChange":false,"beforeStages":[{"name":"driver","time":{"start":1742386745374,"stop":1742386745692,"duration":318},"status":"passed","steps":[],"attachments":[],"parameters":[],"shouldDisplayMessage":false,"stepsCount":0,"attachmentsCount":0,"hasContent":false,"attachmentStep":false},{"name":"setup","time":{"start":1742386745692,"stop":1742386745692,"duration":0},"status":"passed","steps":[],"attachments":[],"parameters":[],"shouldDisplayMessage":false,"stepsCount":0,"attachmentsCount":0,"hasContent":false,"attachmentStep":false}],"testStage":{"status":"broken","statusMessage":"selenium.common.exceptions.TimeoutException: Message: \nStacktrace:\n#0 0x55c7fb6da46a <unknown>\n#1 0x55c7fb193ed0 <unknown>\n#2 0x55c7fb1e5935 <unknown>\n#3 0x55c7fb1e5b61 <unknown>\n#4 0x55c7fb2349d4 <unknown>\n#5 0x55c7fb20b88d <unknown>\n#6 0x55c7fb231ceb <unknown>\n#7 0x55c7fb20b633 <unknown>\n#8 0x55c7fb1d71be <unknown>\n#9 0x55c7fb1d8981 <unknown>\n#10 0x55c7fb6a086b <unknown>\n#11 0x55c7fb6a473c <unknown>\n#12 0x55c7fb687f12 <unknown>\n#13 0x55c7fb6a52b4 <unknown>\n#14 0x55c7fb66c0af <unknown>\n#15 0x55c7fb6c8ad8 <unknown>\n#16 0x55c7fb6c8cb6 <unknown>\n#17 0x55c7fb6d92e6 <unknown>\n#18 0x7fbe82a9caa4 <unknown>\n#19 0x7fbe82b29c3c <unknown>","statusTrace":"self = <tests.regression_ui.test_ui_regression.TestUIRegression object at 0x7f4c424a6de0>\ndriver = <selenium.webdriver.chrome.webdriver.WebDriver (session=\"996ab053396263c5a3e78f05ff6feec7\")>\n\n    @pytest.mark.TC000\n    @pytest.mark.TC010\n    @allure.title('Log out from Trello account')\n    def test_log_out(self, driver):\n        time.sleep(10)\n        with allure.step('Log in to Trello account'):\n>           self.test_login(driver)\n\ntests/regression_ui/test_ui_regression.py:301: \n_ _ _ _ _ _ _ _ _ _ _ _ _ _ _ _ _ _ _ _ _ _ _ _ _ _ _ _ _ _ _ _ _ _ _ _ _ _ _ _ \ntests/regression_ui/test_ui_regression.py:62: in test_login\n    el_user_name = WebDriverWait(driver, 10).until(EC.element_to_be_clickable(\n_ _ _ _ _ _ _ _ _ _ _ _ _ _ _ _ _ _ _ _ _ _ _ _ _ _ _ _ _ _ _ _ _ _ _ _ _ _ _ _ \n\nself = <selenium.webdriver.support.wait.WebDriverWait (session=\"996ab053396263c5a3e78f05ff6feec7\")>\nmethod = <function element_to_be_clickable.<locals>._predicate at 0x7f4c423c2d40>\nmessage = ''\n\n    def until(self, method: Callable[[D], Union[Literal[False], T]], message: str = \"\") -> T:\n        \"\"\"Calls the method provided with the driver as an argument until the \\\n        return value does not evaluate to ``False``.\n    \n        :param method: callable(WebDriver)\n        :param message: optional message for :exc:`TimeoutException`\n        :returns: the result of the last call to `method`\n        :raises: :exc:`selenium.common.exceptions.TimeoutException` if timeout occurs\n        \"\"\"\n        screen = None\n        stacktrace = None\n    \n        end_time = time.monotonic() + self._timeout\n        while True:\n            try:\n                value = method(self._driver)\n                if value:\n                    return value\n            except self._ignored_exceptions as exc:\n                screen = getattr(exc, \"screen\", None)\n                stacktrace = getattr(exc, \"stacktrace\", None)\n            if time.monotonic() > end_time:\n                break\n            time.sleep(self._poll)\n>       raise TimeoutException(message, screen, stacktrace)\nE       selenium.common.exceptions.TimeoutException: Message: \nE       Stacktrace:\nE       #0 0x55c7fb6da46a <unknown>\nE       #1 0x55c7fb193ed0 <unknown>\nE       #2 0x55c7fb1e5935 <unknown>\nE       #3 0x55c7fb1e5b61 <unknown>\nE       #4 0x55c7fb2349d4 <unknown>\nE       #5 0x55c7fb20b88d <unknown>\nE       #6 0x55c7fb231ceb <unknown>\nE       #7 0x55c7fb20b633 <unknown>\nE       #8 0x55c7fb1d71be <unknown>\nE       #9 0x55c7fb1d8981 <unknown>\nE       #10 0x55c7fb6a086b <unknown>\nE       #11 0x55c7fb6a473c <unknown>\nE       #12 0x55c7fb687f12 <unknown>\nE       #13 0x55c7fb6a52b4 <unknown>\nE       #14 0x55c7fb66c0af <unknown>\nE       #15 0x55c7fb6c8ad8 <unknown>\nE       #16 0x55c7fb6c8cb6 <unknown>\nE       #17 0x55c7fb6d92e6 <unknown>\nE       #18 0x7fbe82a9caa4 <unknown>\nE       #19 0x7fbe82b29c3c <unknown>\n\n/opt/hostedtoolcache/Python/3.12.5/x64/lib/python3.12/site-packages/selenium/webdriver/support/wait.py:105: TimeoutException","steps":[{"name":"Log in to Trello account","time":{"start":1742386755692,"stop":1742386766301,"duration":10609},"status":"broken","statusMessage":"selenium.common.exceptions.TimeoutException: Message: \nStacktrace:\n#0 0x55c7fb6da46a <unknown>\n#1 0x55c7fb193ed0 <unknown>\n#2 0x55c7fb1e5935 <unknown>\n#3 0x55c7fb1e5b61 <unknown>\n#4 0x55c7fb2349d4 <unknown>\n#5 0x55c7fb20b88d <unknown>\n#6 0x55c7fb231ceb <unknown>\n#7 0x55c7fb20b633 <unknown>\n#8 0x55c7fb1d71be <unknown>\n#9 0x55c7fb1d8981 <unknown>\n#10 0x55c7fb6a086b <unknown>\n#11 0x55c7fb6a473c <unknown>\n#12 0x55c7fb687f12 <unknown>\n#13 0x55c7fb6a52b4 <unknown>\n#14 0x55c7fb66c0af <unknown>\n#15 0x55c7fb6c8ad8 <unknown>\n#16 0x55c7fb6c8cb6 <unknown>\n#17 0x55c7fb6d92e6 <unknown>\n#18 0x7fbe82a9caa4 <unknown>\n#19 0x7fbe82b29c3c <unknown>\n\n","statusTrace":"  File \"/home/runner/work/pythonSelenium/pythonSelenium/tests/regression_ui/test_ui_regression.py\", line 301, in test_log_out\n    self.test_login(driver)\n  File \"/home/runner/work/pythonSelenium/pythonSelenium/tests/regression_ui/test_ui_regression.py\", line 62, in test_login\n    el_user_name = WebDriverWait(driver, 10).until(EC.element_to_be_clickable(\n                   ^^^^^^^^^^^^^^^^^^^^^^^^^^^^^^^^^^^^^^^^^^^^^^^^^^^^^^^^^^^\n  File \"/opt/hostedtoolcache/Python/3.12.5/x64/lib/python3.12/site-packages/selenium/webdriver/support/wait.py\", line 105, in until\n    raise TimeoutException(message, screen, stacktrace)\n","steps":[{"name":"Navigate to the Trello page and enter valid credentials (email, password, and 6-digits verification code)","time":{"start":1742386755693,"stop":1742386766301,"duration":10608},"status":"broken","statusMessage":"selenium.common.exceptions.TimeoutException: Message: \nStacktrace:\n#0 0x55c7fb6da46a <unknown>\n#1 0x55c7fb193ed0 <unknown>\n#2 0x55c7fb1e5935 <unknown>\n#3 0x55c7fb1e5b61 <unknown>\n#4 0x55c7fb2349d4 <unknown>\n#5 0x55c7fb20b88d <unknown>\n#6 0x55c7fb231ceb <unknown>\n#7 0x55c7fb20b633 <unknown>\n#8 0x55c7fb1d71be <unknown>\n#9 0x55c7fb1d8981 <unknown>\n#10 0x55c7fb6a086b <unknown>\n#11 0x55c7fb6a473c <unknown>\n#12 0x55c7fb687f12 <unknown>\n#13 0x55c7fb6a52b4 <unknown>\n#14 0x55c7fb66c0af <unknown>\n#15 0x55c7fb6c8ad8 <unknown>\n#16 0x55c7fb6c8cb6 <unknown>\n#17 0x55c7fb6d92e6 <unknown>\n#18 0x7fbe82a9caa4 <unknown>\n#19 0x7fbe82b29c3c <unknown>\n\n","statusTrace":"  File \"/home/runner/work/pythonSelenium/pythonSelenium/tests/regression_ui/test_ui_regression.py\", line 62, in test_login\n    el_user_name = WebDriverWait(driver, 10).until(EC.element_to_be_clickable(\n                   ^^^^^^^^^^^^^^^^^^^^^^^^^^^^^^^^^^^^^^^^^^^^^^^^^^^^^^^^^^^\n  File \"/opt/hostedtoolcache/Python/3.12.5/x64/lib/python3.12/site-packages/selenium/webdriver/support/wait.py\", line 105, in until\n    raise TimeoutException(message, screen, stacktrace)\n","steps":[],"attachments":[],"parameters":[],"shouldDisplayMessage":true,"stepsCount":0,"attachmentsCount":0,"hasContent":true,"attachmentStep":false}],"attachments":[],"parameters":[],"shouldDisplayMessage":false,"stepsCount":1,"attachmentsCount":0,"hasContent":true,"attachmentStep":false}],"attachments":[],"parameters":[],"shouldDisplayMessage":true,"stepsCount":2,"attachmentsCount":0,"hasContent":true,"attachmentStep":false},"afterStages":[{"name":"driver::0","time":{"start":1742386766315,"stop":1742386766379,"duration":64},"status":"passed","steps":[],"attachments":[],"parameters":[],"shouldDisplayMessage":false,"stepsCount":0,"attachmentsCount":0,"hasContent":false,"attachmentStep":false}],"labels":[{"name":"tag","value":"TC010"},{"name":"tag","value":"TC000"},{"name":"parentSuite","value":"tests.regression_ui"},{"name":"suite","value":"test_ui_regression"},{"name":"subSuite","value":"TestUIRegression"},{"name":"host","value":"fv-az1267-279"},{"name":"thread","value":"4131-MainThread"},{"name":"framework","value":"pytest"},{"name":"language","value":"cpython3"},{"name":"package","value":"tests.regression_ui.test_ui_regression"},{"name":"resultFormat","value":"allure2"}],"parameters":[],"links":[],"hidden":false,"retry":false,"extra":{"severity":"normal","retries":[],"categories":[{"name":"Test defects","matchedStatuses":[]}],"history":{"statistic":{"failed":0,"broken":14,"skipped":0,"passed":515,"unknown":0,"total":529},"items":[{"uid":"58ce745d82145a36","status":"passed","time":{"start":1742375643423,"stop":1742375664792,"duration":21369}},{"uid":"aea16aa39c31f6a1","status":"passed","time":{"start":1742365099177,"stop":1742365118792,"duration":19615}},{"uid":"84a4b2b712e7d39e","status":"passed","time":{"start":1742354836911,"stop":1742354861918,"duration":25007}},{"uid":"417509b74b6b6572","status":"passed","time":{"start":1742345325530,"stop":1742345345457,"duration":19927}},{"uid":"192659224ca0afab","status":"passed","time":{"start":1742332385169,"stop":1742332406570,"duration":21401}},{"uid":"2e264f67e7191095","status":"passed","time":{"start":1742321809903,"stop":1742321830890,"duration":20987}},{"uid":"917b1714091bc0f3","status":"passed","time":{"start":1742310839279,"stop":1742310858580,"duration":19301}},{"uid":"9fad3d871eec50a1","status":"passed","time":{"start":1742300506787,"stop":1742300527613,"duration":20826}},{"uid":"5b8583a935f11d95","status":"passed","time":{"start":1742289315049,"stop":1742289341617,"duration":26568}},{"uid":"876f836d0fe12c1d","status":"passed","time":{"start":1742278637830,"stop":1742278657186,"duration":19356}},{"uid":"d335a0a0b0f5693b","status":"passed","time":{"start":1742268440168,"stop":1742268459984,"duration":19816}},{"uid":"1ed88abf0716997","status":"passed","time":{"start":1742258775177,"stop":1742258800781,"duration":25604}},{"uid":"9476cd683dfd7cde","status":"passed","time":{"start":1742245965292,"stop":1742245992698,"duration":27406}},{"uid":"37cc5e8adea237a2","status":"passed","time":{"start":1742235405033,"stop":1742235430580,"duration":25547}},{"uid":"f2fae54d9b8ba345","status":"passed","time":{"start":1742224425884,"stop":1742224450690,"duration":24806}},{"uid":"b7ca9b33eca7d3f9","status":"passed","time":{"start":1742214284615,"stop":1742214310342,"duration":25727}},{"uid":"95ca6798b58c2570","status":"passed","time":{"start":1742202917093,"stop":1742202937824,"duration":20731}},{"uid":"8782457528389d41","status":"passed","time":{"start":1742192265939,"stop":1742192291590,"duration":25651}},{"uid":"ca01f422e537dcd4","status":"broken","statusDetails":"selenium.common.exceptions.TimeoutException: Message: \nStacktrace:\n#0 0x55ac2f9b446a <unknown>\n#1 0x55ac2f46ded0 <unknown>\n#2 0x55ac2f4bf935 <unknown>\n#3 0x55ac2f4bfb61 <unknown>\n#4 0x55ac2f50e9d4 <unknown>\n#5 0x55ac2f4e588d <unknown>\n#6 0x55ac2f50bceb <unknown>\n#7 0x55ac2f4e5633 <unknown>\n#8 0x55ac2f4b11be <unknown>\n#9 0x55ac2f4b2981 <unknown>\n#10 0x55ac2f97a86b <unknown>\n#11 0x55ac2f97e73c <unknown>\n#12 0x55ac2f961f12 <unknown>\n#13 0x55ac2f97f2b4 <unknown>\n#14 0x55ac2f9460af <unknown>\n#15 0x55ac2f9a2ad8 <unknown>\n#16 0x55ac2f9a2cb6 <unknown>\n#17 0x55ac2f9b32e6 <unknown>\n#18 0x7f6e74c9caa4 <unknown>\n#19 0x7f6e74d29c3c <unknown>","time":{"start":1742181985963,"stop":1742182006541,"duration":20578}},{"uid":"f0b1a457d4eb1329","status":"passed","time":{"start":1742172557930,"stop":1742172577326,"duration":19396}}]},"tags":["TC010","TC000"]},"source":"310f027e18f37454.json","parameterValues":[]}