{"uid":"3281e5bdded5746c","name":"Label a Card","fullName":"tests.regression_ui.test_ui_regression.TestUIRegression#test_label_card","historyId":"81bf587fe9f2db9e87ee2dc06e7308b0","time":{"start":1743823667147,"stop":1743823687902,"duration":20755},"status":"broken","statusMessage":"selenium.common.exceptions.NoSuchElementException: Message: no such element: Unable to locate element: {\"method\":\"xpath\",\"selector\":\"//*[contains(text(), 'new_card')]\"}\n  (Session info: chrome=135.0.7049.52); For documentation on this error, please visit: https://www.selenium.dev/documentation/webdriver/troubleshooting/errors#no-such-element-exception\nStacktrace:\n#0 0x55f17a9b2ffa <unknown>\n#1 0x55f17a471970 <unknown>\n#2 0x55f17a4c3385 <unknown>\n#3 0x55f17a4c35b1 <unknown>\n#4 0x55f17a5123c4 <unknown>\n#5 0x55f17a4e92bd <unknown>\n#6 0x55f17a50f70c <unknown>\n#7 0x55f17a4e9063 <unknown>\n#8 0x55f17a4b5328 <unknown>\n#9 0x55f17a4b6491 <unknown>\n#10 0x55f17a97a42b <unknown>\n#11 0x55f17a97e2ec <unknown>\n#12 0x55f17a961a22 <unknown>\n#13 0x55f17a97ee64 <unknown>\n#14 0x55f17a945bef <unknown>\n#15 0x55f17a9a1558 <unknown>\n#16 0x55f17a9a1736 <unknown>\n#17 0x55f17a9b1e76 <unknown>\n#18 0x7f24c3a9caa4 <unknown>\n#19 0x7f24c3b29c3c <unknown>","statusTrace":"self = <tests.regression_ui.test_ui_regression.TestUIRegression object at 0x7f1a8fa927b0>\ndriver = <selenium.webdriver.chrome.webdriver.WebDriver (session=\"51190ab1eb1e34477899a393983d4f91\")>\n\n    @pytest.mark.TC000\n    @pytest.mark.TC007\n    @allure.title('Label a Card')\n    def test_label_card(self, driver):\n        time.sleep(4)\n        with allure.step('Log in to Trello account'):\n            self.test_login(driver)\n    \n        with allure.step('Open a board and select a card'):\n            try:\n                WebDriverWait(driver, 10).until(EC.element_to_be_clickable((By.XPATH, self.SCC.Board.BOARD_TITLE))).click()\n                WebDriverWait(driver, 10).until(EC.visibility_of_element_located((By.XPATH, self.SCC.Board.LIST_TITLE))).click()\n                driver.find_element(By.XPATH, self.SCC.List.ADD_A_CARD_BUTTON).click()\n                driver.find_element(By.XPATH, self.SCC.List.CARD_NAME_FIELD).click()\n                time.sleep(1)\n                driver.find_element(By.XPATH, self.SCC.List.CARD_NAME_FIELD).send_keys('new_card')\n                driver.find_element(By.XPATH, self.SCC.List.ADD_CARD_SUBMIT_BUTTOMN).click()\n                time.sleep(3)\n            except Exception as e:\n                log.info(\"An error occurred: \", str(e))\n    \n        with allure.step('Click the card to open and archive it'):\n>           driver.find_element(By.XPATH, self.SCC.List.CARD_TO_ARCHIVE).click()\n\ntests/regression_ui/test_ui_regression.py:239: \n_ _ _ _ _ _ _ _ _ _ _ _ _ _ _ _ _ _ _ _ _ _ _ _ _ _ _ _ _ _ _ _ _ _ _ _ _ _ _ _ \n/opt/hostedtoolcache/Python/3.12.5/x64/lib/python3.12/site-packages/selenium/webdriver/remote/webdriver.py:770: in find_element\n    return self.execute(Command.FIND_ELEMENT, {\"using\": by, \"value\": value})[\"value\"]\n/opt/hostedtoolcache/Python/3.12.5/x64/lib/python3.12/site-packages/selenium/webdriver/remote/webdriver.py:384: in execute\n    self.error_handler.check_response(response)\n_ _ _ _ _ _ _ _ _ _ _ _ _ _ _ _ _ _ _ _ _ _ _ _ _ _ _ _ _ _ _ _ _ _ _ _ _ _ _ _ \n\nself = <selenium.webdriver.remote.errorhandler.ErrorHandler object at 0x7f1a8fa95250>\nresponse = {'status': 404, 'value': '{\"value\":{\"error\":\"no such element\",\"message\":\"no such element: Unable to locate element: {\\...\\\\n#17 0x55f17a9b1e76 \\\\u003Cunknown>\\\\n#18 0x7f24c3a9caa4 \\\\u003Cunknown>\\\\n#19 0x7f24c3b29c3c \\\\u003Cunknown>\\\\n\"}}'}\n\n    def check_response(self, response: Dict[str, Any]) -> None:\n        \"\"\"Checks that a JSON response from the WebDriver does not have an\n        error.\n    \n        :Args:\n         - response - The JSON response from the WebDriver server as a dictionary\n           object.\n    \n        :Raises: If the response contains an error message.\n        \"\"\"\n        status = response.get(\"status\", None)\n        if not status or status == ErrorCode.SUCCESS:\n            return\n        value = None\n        message = response.get(\"message\", \"\")\n        screen: str = response.get(\"screen\", \"\")\n        stacktrace = None\n        if isinstance(status, int):\n            value_json = response.get(\"value\", None)\n            if value_json and isinstance(value_json, str):\n                import json\n    \n                try:\n                    value = json.loads(value_json)\n                    if len(value) == 1:\n                        value = value[\"value\"]\n                    status = value.get(\"error\", None)\n                    if not status:\n                        status = value.get(\"status\", ErrorCode.UNKNOWN_ERROR)\n                        message = value.get(\"value\") or value.get(\"message\")\n                        if not isinstance(message, str):\n                            value = message\n                            message = message.get(\"message\")\n                    else:\n                        message = value.get(\"message\", None)\n                except ValueError:\n                    pass\n    \n        exception_class: Type[WebDriverException]\n        e = ErrorCode()\n        error_codes = [item for item in dir(e) if not item.startswith(\"__\")]\n        for error_code in error_codes:\n            error_info = getattr(ErrorCode, error_code)\n            if isinstance(error_info, list) and status in error_info:\n                exception_class = getattr(ExceptionMapping, error_code, WebDriverException)\n                break\n        else:\n            exception_class = WebDriverException\n    \n        if not value:\n            value = response[\"value\"]\n        if isinstance(value, str):\n            raise exception_class(value)\n        if message == \"\" and \"message\" in value:\n            message = value[\"message\"]\n    \n        screen = None  # type: ignore[assignment]\n        if \"screen\" in value:\n            screen = value[\"screen\"]\n    \n        stacktrace = None\n        st_value = value.get(\"stackTrace\") or value.get(\"stacktrace\")\n        if st_value:\n            if isinstance(st_value, str):\n                stacktrace = st_value.split(\"\\n\")\n            else:\n                stacktrace = []\n                try:\n                    for frame in st_value:\n                        line = frame.get(\"lineNumber\", \"\")\n                        file = frame.get(\"fileName\", \"<anonymous>\")\n                        if line:\n                            file = f\"{file}:{line}\"\n                        meth = frame.get(\"methodName\", \"<anonymous>\")\n                        if \"className\" in frame:\n                            meth = f\"{frame['className']}.{meth}\"\n                        msg = \"    at %s (%s)\"\n                        msg = msg % (meth, file)\n                        stacktrace.append(msg)\n                except TypeError:\n                    pass\n        if exception_class == UnexpectedAlertPresentException:\n            alert_text = None\n            if \"data\" in value:\n                alert_text = value[\"data\"].get(\"text\")\n            elif \"alert\" in value:\n                alert_text = value[\"alert\"].get(\"text\")\n            raise exception_class(message, screen, stacktrace, alert_text)  # type: ignore[call-arg]  # mypy is not smart enough here\n>       raise exception_class(message, screen, stacktrace)\nE       selenium.common.exceptions.NoSuchElementException: Message: no such element: Unable to locate element: {\"method\":\"xpath\",\"selector\":\"//*[contains(text(), 'new_card')]\"}\nE         (Session info: chrome=135.0.7049.52); For documentation on this error, please visit: https://www.selenium.dev/documentation/webdriver/troubleshooting/errors#no-such-element-exception\nE       Stacktrace:\nE       #0 0x55f17a9b2ffa <unknown>\nE       #1 0x55f17a471970 <unknown>\nE       #2 0x55f17a4c3385 <unknown>\nE       #3 0x55f17a4c35b1 <unknown>\nE       #4 0x55f17a5123c4 <unknown>\nE       #5 0x55f17a4e92bd <unknown>\nE       #6 0x55f17a50f70c <unknown>\nE       #7 0x55f17a4e9063 <unknown>\nE       #8 0x55f17a4b5328 <unknown>\nE       #9 0x55f17a4b6491 <unknown>\nE       #10 0x55f17a97a42b <unknown>\nE       #11 0x55f17a97e2ec <unknown>\nE       #12 0x55f17a961a22 <unknown>\nE       #13 0x55f17a97ee64 <unknown>\nE       #14 0x55f17a945bef <unknown>\nE       #15 0x55f17a9a1558 <unknown>\nE       #16 0x55f17a9a1736 <unknown>\nE       #17 0x55f17a9b1e76 <unknown>\nE       #18 0x7f24c3a9caa4 <unknown>\nE       #19 0x7f24c3b29c3c <unknown>\n\n/opt/hostedtoolcache/Python/3.12.5/x64/lib/python3.12/site-packages/selenium/webdriver/remote/errorhandler.py:232: NoSuchElementException","flaky":false,"newFailed":false,"newBroken":false,"newPassed":false,"retriesCount":0,"retriesStatusChange":false,"beforeStages":[{"name":"driver","time":{"start":1743823666800,"stop":1743823667146,"duration":346},"status":"passed","steps":[],"attachments":[],"parameters":[],"shouldDisplayMessage":false,"stepsCount":0,"attachmentsCount":0,"hasContent":false,"attachmentStep":false},{"name":"setup","time":{"start":1743823667146,"stop":1743823667146,"duration":0},"status":"passed","steps":[],"attachments":[],"parameters":[],"shouldDisplayMessage":false,"stepsCount":0,"attachmentsCount":0,"hasContent":false,"attachmentStep":false}],"testStage":{"status":"broken","statusMessage":"selenium.common.exceptions.NoSuchElementException: Message: no such element: Unable to locate element: {\"method\":\"xpath\",\"selector\":\"//*[contains(text(), 'new_card')]\"}\n  (Session info: chrome=135.0.7049.52); For documentation on this error, please visit: https://www.selenium.dev/documentation/webdriver/troubleshooting/errors#no-such-element-exception\nStacktrace:\n#0 0x55f17a9b2ffa <unknown>\n#1 0x55f17a471970 <unknown>\n#2 0x55f17a4c3385 <unknown>\n#3 0x55f17a4c35b1 <unknown>\n#4 0x55f17a5123c4 <unknown>\n#5 0x55f17a4e92bd <unknown>\n#6 0x55f17a50f70c <unknown>\n#7 0x55f17a4e9063 <unknown>\n#8 0x55f17a4b5328 <unknown>\n#9 0x55f17a4b6491 <unknown>\n#10 0x55f17a97a42b <unknown>\n#11 0x55f17a97e2ec <unknown>\n#12 0x55f17a961a22 <unknown>\n#13 0x55f17a97ee64 <unknown>\n#14 0x55f17a945bef <unknown>\n#15 0x55f17a9a1558 <unknown>\n#16 0x55f17a9a1736 <unknown>\n#17 0x55f17a9b1e76 <unknown>\n#18 0x7f24c3a9caa4 <unknown>\n#19 0x7f24c3b29c3c <unknown>","statusTrace":"self = <tests.regression_ui.test_ui_regression.TestUIRegression object at 0x7f1a8fa927b0>\ndriver = <selenium.webdriver.chrome.webdriver.WebDriver (session=\"51190ab1eb1e34477899a393983d4f91\")>\n\n    @pytest.mark.TC000\n    @pytest.mark.TC007\n    @allure.title('Label a Card')\n    def test_label_card(self, driver):\n        time.sleep(4)\n        with allure.step('Log in to Trello account'):\n            self.test_login(driver)\n    \n        with allure.step('Open a board and select a card'):\n            try:\n                WebDriverWait(driver, 10).until(EC.element_to_be_clickable((By.XPATH, self.SCC.Board.BOARD_TITLE))).click()\n                WebDriverWait(driver, 10).until(EC.visibility_of_element_located((By.XPATH, self.SCC.Board.LIST_TITLE))).click()\n                driver.find_element(By.XPATH, self.SCC.List.ADD_A_CARD_BUTTON).click()\n                driver.find_element(By.XPATH, self.SCC.List.CARD_NAME_FIELD).click()\n                time.sleep(1)\n                driver.find_element(By.XPATH, self.SCC.List.CARD_NAME_FIELD).send_keys('new_card')\n                driver.find_element(By.XPATH, self.SCC.List.ADD_CARD_SUBMIT_BUTTOMN).click()\n                time.sleep(3)\n            except Exception as e:\n                log.info(\"An error occurred: \", str(e))\n    \n        with allure.step('Click the card to open and archive it'):\n>           driver.find_element(By.XPATH, self.SCC.List.CARD_TO_ARCHIVE).click()\n\ntests/regression_ui/test_ui_regression.py:239: \n_ _ _ _ _ _ _ _ _ _ _ _ _ _ _ _ _ _ _ _ _ _ _ _ _ _ _ _ _ _ _ _ _ _ _ _ _ _ _ _ \n/opt/hostedtoolcache/Python/3.12.5/x64/lib/python3.12/site-packages/selenium/webdriver/remote/webdriver.py:770: in find_element\n    return self.execute(Command.FIND_ELEMENT, {\"using\": by, \"value\": value})[\"value\"]\n/opt/hostedtoolcache/Python/3.12.5/x64/lib/python3.12/site-packages/selenium/webdriver/remote/webdriver.py:384: in execute\n    self.error_handler.check_response(response)\n_ _ _ _ _ _ _ _ _ _ _ _ _ _ _ _ _ _ _ _ _ _ _ _ _ _ _ _ _ _ _ _ _ _ _ _ _ _ _ _ \n\nself = <selenium.webdriver.remote.errorhandler.ErrorHandler object at 0x7f1a8fa95250>\nresponse = {'status': 404, 'value': '{\"value\":{\"error\":\"no such element\",\"message\":\"no such element: Unable to locate element: {\\...\\\\n#17 0x55f17a9b1e76 \\\\u003Cunknown>\\\\n#18 0x7f24c3a9caa4 \\\\u003Cunknown>\\\\n#19 0x7f24c3b29c3c \\\\u003Cunknown>\\\\n\"}}'}\n\n    def check_response(self, response: Dict[str, Any]) -> None:\n        \"\"\"Checks that a JSON response from the WebDriver does not have an\n        error.\n    \n        :Args:\n         - response - The JSON response from the WebDriver server as a dictionary\n           object.\n    \n        :Raises: If the response contains an error message.\n        \"\"\"\n        status = response.get(\"status\", None)\n        if not status or status == ErrorCode.SUCCESS:\n            return\n        value = None\n        message = response.get(\"message\", \"\")\n        screen: str = response.get(\"screen\", \"\")\n        stacktrace = None\n        if isinstance(status, int):\n            value_json = response.get(\"value\", None)\n            if value_json and isinstance(value_json, str):\n                import json\n    \n                try:\n                    value = json.loads(value_json)\n                    if len(value) == 1:\n                        value = value[\"value\"]\n                    status = value.get(\"error\", None)\n                    if not status:\n                        status = value.get(\"status\", ErrorCode.UNKNOWN_ERROR)\n                        message = value.get(\"value\") or value.get(\"message\")\n                        if not isinstance(message, str):\n                            value = message\n                            message = message.get(\"message\")\n                    else:\n                        message = value.get(\"message\", None)\n                except ValueError:\n                    pass\n    \n        exception_class: Type[WebDriverException]\n        e = ErrorCode()\n        error_codes = [item for item in dir(e) if not item.startswith(\"__\")]\n        for error_code in error_codes:\n            error_info = getattr(ErrorCode, error_code)\n            if isinstance(error_info, list) and status in error_info:\n                exception_class = getattr(ExceptionMapping, error_code, WebDriverException)\n                break\n        else:\n            exception_class = WebDriverException\n    \n        if not value:\n            value = response[\"value\"]\n        if isinstance(value, str):\n            raise exception_class(value)\n        if message == \"\" and \"message\" in value:\n            message = value[\"message\"]\n    \n        screen = None  # type: ignore[assignment]\n        if \"screen\" in value:\n            screen = value[\"screen\"]\n    \n        stacktrace = None\n        st_value = value.get(\"stackTrace\") or value.get(\"stacktrace\")\n        if st_value:\n            if isinstance(st_value, str):\n                stacktrace = st_value.split(\"\\n\")\n            else:\n                stacktrace = []\n                try:\n                    for frame in st_value:\n                        line = frame.get(\"lineNumber\", \"\")\n                        file = frame.get(\"fileName\", \"<anonymous>\")\n                        if line:\n                            file = f\"{file}:{line}\"\n                        meth = frame.get(\"methodName\", \"<anonymous>\")\n                        if \"className\" in frame:\n                            meth = f\"{frame['className']}.{meth}\"\n                        msg = \"    at %s (%s)\"\n                        msg = msg % (meth, file)\n                        stacktrace.append(msg)\n                except TypeError:\n                    pass\n        if exception_class == UnexpectedAlertPresentException:\n            alert_text = None\n            if \"data\" in value:\n                alert_text = value[\"data\"].get(\"text\")\n            elif \"alert\" in value:\n                alert_text = value[\"alert\"].get(\"text\")\n            raise exception_class(message, screen, stacktrace, alert_text)  # type: ignore[call-arg]  # mypy is not smart enough here\n>       raise exception_class(message, screen, stacktrace)\nE       selenium.common.exceptions.NoSuchElementException: Message: no such element: Unable to locate element: {\"method\":\"xpath\",\"selector\":\"//*[contains(text(), 'new_card')]\"}\nE         (Session info: chrome=135.0.7049.52); For documentation on this error, please visit: https://www.selenium.dev/documentation/webdriver/troubleshooting/errors#no-such-element-exception\nE       Stacktrace:\nE       #0 0x55f17a9b2ffa <unknown>\nE       #1 0x55f17a471970 <unknown>\nE       #2 0x55f17a4c3385 <unknown>\nE       #3 0x55f17a4c35b1 <unknown>\nE       #4 0x55f17a5123c4 <unknown>\nE       #5 0x55f17a4e92bd <unknown>\nE       #6 0x55f17a50f70c <unknown>\nE       #7 0x55f17a4e9063 <unknown>\nE       #8 0x55f17a4b5328 <unknown>\nE       #9 0x55f17a4b6491 <unknown>\nE       #10 0x55f17a97a42b <unknown>\nE       #11 0x55f17a97e2ec <unknown>\nE       #12 0x55f17a961a22 <unknown>\nE       #13 0x55f17a97ee64 <unknown>\nE       #14 0x55f17a945bef <unknown>\nE       #15 0x55f17a9a1558 <unknown>\nE       #16 0x55f17a9a1736 <unknown>\nE       #17 0x55f17a9b1e76 <unknown>\nE       #18 0x7f24c3a9caa4 <unknown>\nE       #19 0x7f24c3b29c3c <unknown>\n\n/opt/hostedtoolcache/Python/3.12.5/x64/lib/python3.12/site-packages/selenium/webdriver/remote/errorhandler.py:232: NoSuchElementException","steps":[{"name":"Log in to Trello account","time":{"start":1743823671147,"stop":1743823677604,"duration":6457},"status":"passed","steps":[{"name":"Navigate to the Trello page and enter valid credentials (email, password, and 6-digits verification code)","time":{"start":1743823671147,"stop":1743823677604,"duration":6457},"status":"passed","steps":[],"attachments":[],"parameters":[],"shouldDisplayMessage":false,"stepsCount":0,"attachmentsCount":0,"hasContent":false,"attachmentStep":false}],"attachments":[],"parameters":[],"shouldDisplayMessage":false,"stepsCount":1,"attachmentsCount":0,"hasContent":true,"attachmentStep":false},{"name":"Open a board and select a card","time":{"start":1743823677604,"stop":1743823687887,"duration":10283},"status":"passed","steps":[],"attachments":[],"parameters":[],"shouldDisplayMessage":false,"stepsCount":0,"attachmentsCount":0,"hasContent":false,"attachmentStep":false},{"name":"Click the card to open and archive it","time":{"start":1743823687887,"stop":1743823687902,"duration":15},"status":"broken","statusMessage":"selenium.common.exceptions.NoSuchElementException: Message: no such element: Unable to locate element: {\"method\":\"xpath\",\"selector\":\"//*[contains(text(), 'new_card')]\"}\n  (Session info: chrome=135.0.7049.52); For documentation on this error, please visit: https://www.selenium.dev/documentation/webdriver/troubleshooting/errors#no-such-element-exception\nStacktrace:\n#0 0x55f17a9b2ffa <unknown>\n#1 0x55f17a471970 <unknown>\n#2 0x55f17a4c3385 <unknown>\n#3 0x55f17a4c35b1 <unknown>\n#4 0x55f17a5123c4 <unknown>\n#5 0x55f17a4e92bd <unknown>\n#6 0x55f17a50f70c <unknown>\n#7 0x55f17a4e9063 <unknown>\n#8 0x55f17a4b5328 <unknown>\n#9 0x55f17a4b6491 <unknown>\n#10 0x55f17a97a42b <unknown>\n#11 0x55f17a97e2ec <unknown>\n#12 0x55f17a961a22 <unknown>\n#13 0x55f17a97ee64 <unknown>\n#14 0x55f17a945bef <unknown>\n#15 0x55f17a9a1558 <unknown>\n#16 0x55f17a9a1736 <unknown>\n#17 0x55f17a9b1e76 <unknown>\n#18 0x7f24c3a9caa4 <unknown>\n#19 0x7f24c3b29c3c <unknown>\n\n","statusTrace":"  File \"/home/runner/work/pythonSelenium/pythonSelenium/tests/regression_ui/test_ui_regression.py\", line 239, in test_label_card\n    driver.find_element(By.XPATH, self.SCC.List.CARD_TO_ARCHIVE).click()\n    ^^^^^^^^^^^^^^^^^^^^^^^^^^^^^^^^^^^^^^^^^^^^^^^^^^^^^^^^^^^^\n  File \"/opt/hostedtoolcache/Python/3.12.5/x64/lib/python3.12/site-packages/selenium/webdriver/remote/webdriver.py\", line 770, in find_element\n    return self.execute(Command.FIND_ELEMENT, {\"using\": by, \"value\": value})[\"value\"]\n           ^^^^^^^^^^^^^^^^^^^^^^^^^^^^^^^^^^^^^^^^^^^^^^^^^^^^^^^^^^^^^^^^^\n  File \"/opt/hostedtoolcache/Python/3.12.5/x64/lib/python3.12/site-packages/selenium/webdriver/remote/webdriver.py\", line 384, in execute\n    self.error_handler.check_response(response)\n  File \"/opt/hostedtoolcache/Python/3.12.5/x64/lib/python3.12/site-packages/selenium/webdriver/remote/errorhandler.py\", line 232, in check_response\n    raise exception_class(message, screen, stacktrace)\n","steps":[],"attachments":[],"parameters":[],"shouldDisplayMessage":true,"stepsCount":0,"attachmentsCount":0,"hasContent":true,"attachmentStep":false}],"attachments":[{"uid":"842fc322c6669798","name":"log","source":"842fc322c6669798.txt","type":"text/plain","size":360}],"parameters":[],"shouldDisplayMessage":true,"stepsCount":4,"attachmentsCount":1,"hasContent":true,"attachmentStep":false},"afterStages":[{"name":"driver::0","time":{"start":1743823687932,"stop":1743823687999,"duration":67},"status":"passed","steps":[],"attachments":[],"parameters":[],"shouldDisplayMessage":false,"stepsCount":0,"attachmentsCount":0,"hasContent":false,"attachmentStep":false}],"labels":[{"name":"tag","value":"TC007"},{"name":"tag","value":"TC000"},{"name":"parentSuite","value":"tests.regression_ui"},{"name":"suite","value":"test_ui_regression"},{"name":"subSuite","value":"TestUIRegression"},{"name":"host","value":"fv-az1701-208"},{"name":"thread","value":"4752-MainThread"},{"name":"framework","value":"pytest"},{"name":"language","value":"cpython3"},{"name":"package","value":"tests.regression_ui.test_ui_regression"},{"name":"resultFormat","value":"allure2"}],"parameters":[],"links":[],"hidden":false,"retry":false,"extra":{"severity":"normal","retries":[],"categories":[{"name":"Test defects","matchedStatuses":[]}],"history":{"statistic":{"failed":0,"broken":94,"skipped":0,"passed":580,"unknown":0,"total":674},"items":[{"uid":"92e88d5248f6ba8d","status":"broken","statusDetails":"selenium.common.exceptions.NoSuchElementException: Message: no such element: Unable to locate element: {\"method\":\"xpath\",\"selector\":\"//*[contains(text(), 'new_card')]\"}\n  (Session info: chrome=135.0.7049.52); For documentation on this error, please visit: https://www.selenium.dev/documentation/webdriver/troubleshooting/errors#no-such-element-exception\nStacktrace:\n#0 0x561d23c26ffa <unknown>\n#1 0x561d236e5970 <unknown>\n#2 0x561d23737385 <unknown>\n#3 0x561d237375b1 <unknown>\n#4 0x561d237863c4 <unknown>\n#5 0x561d2375d2bd <unknown>\n#6 0x561d2378370c <unknown>\n#7 0x561d2375d063 <unknown>\n#8 0x561d23729328 <unknown>\n#9 0x561d2372a491 <unknown>\n#10 0x561d23bee42b <unknown>\n#11 0x561d23bf22ec <unknown>\n#12 0x561d23bd5a22 <unknown>\n#13 0x561d23bf2e64 <unknown>\n#14 0x561d23bb9bef <unknown>\n#15 0x561d23c15558 <unknown>\n#16 0x561d23c15736 <unknown>\n#17 0x561d23c25e76 <unknown>\n#18 0x7f98f489caa4 <unknown>\n#19 0x7f98f4929c3c <unknown>","time":{"start":1743813988988,"stop":1743814009727,"duration":20739}},{"uid":"5cdfd2b47ae7557a","status":"broken","statusDetails":"selenium.common.exceptions.NoSuchElementException: Message: no such element: Unable to locate element: {\"method\":\"xpath\",\"selector\":\"//*[contains(text(), 'new_card')]\"}\n  (Session info: chrome=135.0.7049.52); For documentation on this error, please visit: https://www.selenium.dev/documentation/webdriver/troubleshooting/errors#no-such-element-exception\nStacktrace:\n#0 0x55cde4ff9ffa <unknown>\n#1 0x55cde4ab8970 <unknown>\n#2 0x55cde4b0a385 <unknown>\n#3 0x55cde4b0a5b1 <unknown>\n#4 0x55cde4b593c4 <unknown>\n#5 0x55cde4b302bd <unknown>\n#6 0x55cde4b5670c <unknown>\n#7 0x55cde4b30063 <unknown>\n#8 0x55cde4afc328 <unknown>\n#9 0x55cde4afd491 <unknown>\n#10 0x55cde4fc142b <unknown>\n#11 0x55cde4fc52ec <unknown>\n#12 0x55cde4fa8a22 <unknown>\n#13 0x55cde4fc5e64 <unknown>\n#14 0x55cde4f8cbef <unknown>\n#15 0x55cde4fe8558 <unknown>\n#16 0x55cde4fe8736 <unknown>\n#17 0x55cde4ff8e76 <unknown>\n#18 0x7fc5c329caa4 <unknown>\n#19 0x7fc5c3329c3c <unknown>","time":{"start":1743801049598,"stop":1743801069727,"duration":20129}},{"uid":"316a73a959efc78d","status":"broken","statusDetails":"selenium.common.exceptions.NoSuchElementException: Message: no such element: Unable to locate element: {\"method\":\"xpath\",\"selector\":\"//*[contains(text(), 'new_card')]\"}\n  (Session info: chrome=135.0.7049.52); For documentation on this error, please visit: https://www.selenium.dev/documentation/webdriver/troubleshooting/errors#no-such-element-exception\nStacktrace:\n#0 0x56419a2dcffa <unknown>\n#1 0x564199d9b970 <unknown>\n#2 0x564199ded385 <unknown>\n#3 0x564199ded5b1 <unknown>\n#4 0x564199e3c3c4 <unknown>\n#5 0x564199e132bd <unknown>\n#6 0x564199e3970c <unknown>\n#7 0x564199e13063 <unknown>\n#8 0x564199ddf328 <unknown>\n#9 0x564199de0491 <unknown>\n#10 0x56419a2a442b <unknown>\n#11 0x56419a2a82ec <unknown>\n#12 0x56419a28ba22 <unknown>\n#13 0x56419a2a8e64 <unknown>\n#14 0x56419a26fbef <unknown>\n#15 0x56419a2cb558 <unknown>\n#16 0x56419a2cb736 <unknown>\n#17 0x56419a2dbe76 <unknown>\n#18 0x7f5bbb49caa4 <unknown>\n#19 0x7f5bbb529c3c <unknown>","time":{"start":1743790568291,"stop":1743790588968,"duration":20677}},{"uid":"8b7f4f0d895bf52","status":"broken","statusDetails":"selenium.common.exceptions.NoSuchElementException: Message: no such element: Unable to locate element: {\"method\":\"xpath\",\"selector\":\"//*[contains(text(), 'new_card')]\"}\n  (Session info: chrome=135.0.7049.52); For documentation on this error, please visit: https://www.selenium.dev/documentation/webdriver/troubleshooting/errors#no-such-element-exception\nStacktrace:\n#0 0x561341d71ffa <unknown>\n#1 0x561341830970 <unknown>\n#2 0x561341882385 <unknown>\n#3 0x5613418825b1 <unknown>\n#4 0x5613418d13c4 <unknown>\n#5 0x5613418a82bd <unknown>\n#6 0x5613418ce70c <unknown>\n#7 0x5613418a8063 <unknown>\n#8 0x561341874328 <unknown>\n#9 0x561341875491 <unknown>\n#10 0x561341d3942b <unknown>\n#11 0x561341d3d2ec <unknown>\n#12 0x561341d20a22 <unknown>\n#13 0x561341d3de64 <unknown>\n#14 0x561341d04bef <unknown>\n#15 0x561341d60558 <unknown>\n#16 0x561341d60736 <unknown>\n#17 0x561341d70e76 <unknown>\n#18 0x7f40d089caa4 <unknown>\n#19 0x7f40d0929c3c <unknown>","time":{"start":1743779575955,"stop":1743779596200,"duration":20245}},{"uid":"41da1bb9fdde5430","status":"broken","statusDetails":"selenium.common.exceptions.NoSuchElementException: Message: no such element: Unable to locate element: {\"method\":\"xpath\",\"selector\":\"//*[contains(text(), 'new_card')]\"}\n  (Session info: chrome=135.0.7049.52); For documentation on this error, please visit: https://www.selenium.dev/documentation/webdriver/troubleshooting/errors#no-such-element-exception\nStacktrace:\n#0 0x562aed980ffa <unknown>\n#1 0x562aed43f970 <unknown>\n#2 0x562aed491385 <unknown>\n#3 0x562aed4915b1 <unknown>\n#4 0x562aed4e03c4 <unknown>\n#5 0x562aed4b72bd <unknown>\n#6 0x562aed4dd70c <unknown>\n#7 0x562aed4b7063 <unknown>\n#8 0x562aed483328 <unknown>\n#9 0x562aed484491 <unknown>\n#10 0x562aed94842b <unknown>\n#11 0x562aed94c2ec <unknown>\n#12 0x562aed92fa22 <unknown>\n#13 0x562aed94ce64 <unknown>\n#14 0x562aed913bef <unknown>\n#15 0x562aed96f558 <unknown>\n#16 0x562aed96f736 <unknown>\n#17 0x562aed97fe76 <unknown>\n#18 0x7f91ef09caa4 <unknown>\n#19 0x7f91ef129c3c <unknown>","time":{"start":1743769189040,"stop":1743769209752,"duration":20712}},{"uid":"47914c1c52c3d1e9","status":"broken","statusDetails":"selenium.common.exceptions.NoSuchElementException: Message: no such element: Unable to locate element: {\"method\":\"xpath\",\"selector\":\"//*[contains(text(), 'new_card')]\"}\n  (Session info: chrome=135.0.7049.52); For documentation on this error, please visit: https://www.selenium.dev/documentation/webdriver/troubleshooting/errors#no-such-element-exception\nStacktrace:\n#0 0x557237861ffa <unknown>\n#1 0x557237320970 <unknown>\n#2 0x557237372385 <unknown>\n#3 0x5572373725b1 <unknown>\n#4 0x5572373c13c4 <unknown>\n#5 0x5572373982bd <unknown>\n#6 0x5572373be70c <unknown>\n#7 0x557237398063 <unknown>\n#8 0x557237364328 <unknown>\n#9 0x557237365491 <unknown>\n#10 0x55723782942b <unknown>\n#11 0x55723782d2ec <unknown>\n#12 0x557237810a22 <unknown>\n#13 0x55723782de64 <unknown>\n#14 0x5572377f4bef <unknown>\n#15 0x557237850558 <unknown>\n#16 0x557237850736 <unknown>\n#17 0x557237860e76 <unknown>\n#18 0x7fa75de9caa4 <unknown>\n#19 0x7fa75df29c3c <unknown>","time":{"start":1743758014968,"stop":1743758035154,"duration":20186}},{"uid":"1228f279b7f297a6","status":"broken","statusDetails":"selenium.common.exceptions.NoSuchElementException: Message: no such element: Unable to locate element: {\"method\":\"xpath\",\"selector\":\"//*[contains(text(), 'new_card')]\"}\n  (Session info: chrome=135.0.7049.52); For documentation on this error, please visit: https://www.selenium.dev/documentation/webdriver/troubleshooting/errors#no-such-element-exception\nStacktrace:\n#0 0x558858fa4ffa <unknown>\n#1 0x558858a63970 <unknown>\n#2 0x558858ab5385 <unknown>\n#3 0x558858ab55b1 <unknown>\n#4 0x558858b043c4 <unknown>\n#5 0x558858adb2bd <unknown>\n#6 0x558858b0170c <unknown>\n#7 0x558858adb063 <unknown>\n#8 0x558858aa7328 <unknown>\n#9 0x558858aa8491 <unknown>\n#10 0x558858f6c42b <unknown>\n#11 0x558858f702ec <unknown>\n#12 0x558858f53a22 <unknown>\n#13 0x558858f70e64 <unknown>\n#14 0x558858f37bef <unknown>\n#15 0x558858f93558 <unknown>\n#16 0x558858f93736 <unknown>\n#17 0x558858fa3e76 <unknown>\n#18 0x7f4ff189caa4 <unknown>\n#19 0x7f4ff1929c3c <unknown>","time":{"start":1743747420837,"stop":1743747441012,"duration":20175}},{"uid":"aaa50b7bf16a8e29","status":"broken","statusDetails":"selenium.common.exceptions.NoSuchElementException: Message: no such element: Unable to locate element: {\"method\":\"xpath\",\"selector\":\"//*[contains(text(), 'new_card')]\"}\n  (Session info: chrome=135.0.7049.52); For documentation on this error, please visit: https://www.selenium.dev/documentation/webdriver/troubleshooting/errors#no-such-element-exception\nStacktrace:\n#0 0x56384e298ffa <unknown>\n#1 0x56384dd57970 <unknown>\n#2 0x56384dda9385 <unknown>\n#3 0x56384dda95b1 <unknown>\n#4 0x56384ddf83c4 <unknown>\n#5 0x56384ddcf2bd <unknown>\n#6 0x56384ddf570c <unknown>\n#7 0x56384ddcf063 <unknown>\n#8 0x56384dd9b328 <unknown>\n#9 0x56384dd9c491 <unknown>\n#10 0x56384e26042b <unknown>\n#11 0x56384e2642ec <unknown>\n#12 0x56384e247a22 <unknown>\n#13 0x56384e264e64 <unknown>\n#14 0x56384e22bbef <unknown>\n#15 0x56384e287558 <unknown>\n#16 0x56384e287736 <unknown>\n#17 0x56384e297e76 <unknown>\n#18 0x7f8997c9caa4 <unknown>\n#19 0x7f8997d29c3c <unknown>","time":{"start":1743737329503,"stop":1743737349594,"duration":20091}},{"uid":"938cb6d1ce285151","status":"broken","statusDetails":"selenium.common.exceptions.NoSuchElementException: Message: no such element: Unable to locate element: {\"method\":\"xpath\",\"selector\":\"//*[contains(text(), 'new_card')]\"}\n  (Session info: chrome=135.0.7049.52); For documentation on this error, please visit: https://www.selenium.dev/documentation/webdriver/troubleshooting/errors#no-such-element-exception\nStacktrace:\n#0 0x55870d6fcffa <unknown>\n#1 0x55870d1bb970 <unknown>\n#2 0x55870d20d385 <unknown>\n#3 0x55870d20d5b1 <unknown>\n#4 0x55870d25c3c4 <unknown>\n#5 0x55870d2332bd <unknown>\n#6 0x55870d25970c <unknown>\n#7 0x55870d233063 <unknown>\n#8 0x55870d1ff328 <unknown>\n#9 0x55870d200491 <unknown>\n#10 0x55870d6c442b <unknown>\n#11 0x55870d6c82ec <unknown>\n#12 0x55870d6aba22 <unknown>\n#13 0x55870d6c8e64 <unknown>\n#14 0x55870d68fbef <unknown>\n#15 0x55870d6eb558 <unknown>\n#16 0x55870d6eb736 <unknown>\n#17 0x55870d6fbe76 <unknown>\n#18 0x7f9d6ac9caa4 <unknown>\n#19 0x7f9d6ad29c3c <unknown>","time":{"start":1743727678756,"stop":1743727698990,"duration":20234}},{"uid":"7828ff612eb8bdca","status":"broken","statusDetails":"selenium.common.exceptions.NoSuchElementException: Message: no such element: Unable to locate element: {\"method\":\"xpath\",\"selector\":\"//*[contains(text(), 'new_card')]\"}\n  (Session info: chrome=135.0.7049.52); For documentation on this error, please visit: https://www.selenium.dev/documentation/webdriver/troubleshooting/errors#no-such-element-exception\nStacktrace:\n#0 0x5560041e1a1a <unknown>\n#1 0x556003c99390 <unknown>\n#2 0x556003ceac85 <unknown>\n#3 0x556003ceaeb1 <unknown>\n#4 0x556003d39d64 <unknown>\n#5 0x556003d10bfd <unknown>\n#6 0x556003d3707b <unknown>\n#7 0x556003d109a3 <unknown>\n#8 0x556003cdc60e <unknown>\n#9 0x556003cdddd1 <unknown>\n#10 0x5560041a7ddb <unknown>\n#11 0x5560041abcbc <unknown>\n#12 0x55600418f392 <unknown>\n#13 0x5560041ac834 <unknown>\n#14 0x5560041731ef <unknown>\n#15 0x5560041d0038 <unknown>\n#16 0x5560041d0216 <unknown>\n#17 0x5560041e0896 <unknown>\n#18 0x7efca509caa4 <unknown>\n#19 0x7efca5129c3c <unknown>","time":{"start":1743714726465,"stop":1743714746726,"duration":20261}},{"uid":"af443ab8d9d2e1d4","status":"broken","statusDetails":"selenium.common.exceptions.NoSuchElementException: Message: no such element: Unable to locate element: {\"method\":\"xpath\",\"selector\":\"//*[contains(text(), 'new_card')]\"}\n  (Session info: chrome=135.0.7049.52); For documentation on this error, please visit: https://www.selenium.dev/documentation/webdriver/troubleshooting/errors#no-such-element-exception\nStacktrace:\n#0 0x557146c39ffa <unknown>\n#1 0x5571466f8970 <unknown>\n#2 0x55714674a385 <unknown>\n#3 0x55714674a5b1 <unknown>\n#4 0x5571467993c4 <unknown>\n#5 0x5571467702bd <unknown>\n#6 0x55714679670c <unknown>\n#7 0x557146770063 <unknown>\n#8 0x55714673c328 <unknown>\n#9 0x55714673d491 <unknown>\n#10 0x557146c0142b <unknown>\n#11 0x557146c052ec <unknown>\n#12 0x557146be8a22 <unknown>\n#13 0x557146c05e64 <unknown>\n#14 0x557146bccbef <unknown>\n#15 0x557146c28558 <unknown>\n#16 0x557146c28736 <unknown>\n#17 0x557146c38e76 <unknown>\n#18 0x7f598609caa4 <unknown>\n#19 0x7f5986129c3c <unknown>","time":{"start":1743704186028,"stop":1743704206843,"duration":20815}},{"uid":"9e474d8e637d36dd","status":"broken","statusDetails":"selenium.common.exceptions.NoSuchElementException: Message: no such element: Unable to locate element: {\"method\":\"xpath\",\"selector\":\"//*[contains(text(), 'new_card')]\"}\n  (Session info: chrome=135.0.7049.52); For documentation on this error, please visit: https://www.selenium.dev/documentation/webdriver/troubleshooting/errors#no-such-element-exception\nStacktrace:\n#0 0x55a1fec00a1a <unknown>\n#1 0x55a1fe6b8390 <unknown>\n#2 0x55a1fe709c85 <unknown>\n#3 0x55a1fe709eb1 <unknown>\n#4 0x55a1fe758d64 <unknown>\n#5 0x55a1fe72fbfd <unknown>\n#6 0x55a1fe75607b <unknown>\n#7 0x55a1fe72f9a3 <unknown>\n#8 0x55a1fe6fb60e <unknown>\n#9 0x55a1fe6fcdd1 <unknown>\n#10 0x55a1febc6ddb <unknown>\n#11 0x55a1febcacbc <unknown>\n#12 0x55a1febae392 <unknown>\n#13 0x55a1febcb834 <unknown>\n#14 0x55a1feb921ef <unknown>\n#15 0x55a1febef038 <unknown>\n#16 0x55a1febef216 <unknown>\n#17 0x55a1febff896 <unknown>\n#18 0x7f722289caa4 <unknown>\n#19 0x7f7222929c3c <unknown>","time":{"start":1743693165523,"stop":1743693186252,"duration":20729}},{"uid":"64397bdf4bce8bff","status":"broken","statusDetails":"selenium.common.exceptions.NoSuchElementException: Message: no such element: Unable to locate element: {\"method\":\"xpath\",\"selector\":\"//*[contains(text(), 'new_card')]\"}\n  (Session info: chrome=135.0.7049.52); For documentation on this error, please visit: https://www.selenium.dev/documentation/webdriver/troubleshooting/errors#no-such-element-exception\nStacktrace:\n#0 0x563566e07ffa <unknown>\n#1 0x5635668c6970 <unknown>\n#2 0x563566918385 <unknown>\n#3 0x5635669185b1 <unknown>\n#4 0x5635669673c4 <unknown>\n#5 0x56356693e2bd <unknown>\n#6 0x56356696470c <unknown>\n#7 0x56356693e063 <unknown>\n#8 0x56356690a328 <unknown>\n#9 0x56356690b491 <unknown>\n#10 0x563566dcf42b <unknown>\n#11 0x563566dd32ec <unknown>\n#12 0x563566db6a22 <unknown>\n#13 0x563566dd3e64 <unknown>\n#14 0x563566d9abef <unknown>\n#15 0x563566df6558 <unknown>\n#16 0x563566df6736 <unknown>\n#17 0x563566e06e76 <unknown>\n#18 0x7f8b7ee9caa4 <unknown>\n#19 0x7f8b7ef29c3c <unknown>","time":{"start":1743683105632,"stop":1743683126348,"duration":20716}},{"uid":"be5ef5f7124f3eea","status":"passed","time":{"start":1743671573281,"stop":1743671594984,"duration":21703}},{"uid":"8f87de48a61ac835","status":"passed","time":{"start":1743661016692,"stop":1743661038544,"duration":21852}},{"uid":"b93b0a982ca261d3","status":"passed","time":{"start":1743650902717,"stop":1743650924946,"duration":22229}},{"uid":"8c65dbc17ad021bd","status":"passed","time":{"start":1743641121900,"stop":1743641144189,"duration":22289}},{"uid":"aa1ed4edb2739e84","status":"broken","statusDetails":"selenium.common.exceptions.NoSuchElementException: Message: no such element: Unable to locate element: {\"method\":\"xpath\",\"selector\":\"//*[contains(text(), 'new_card')]\"}\n  (Session info: chrome=135.0.7049.52); For documentation on this error, please visit: https://www.selenium.dev/documentation/webdriver/troubleshooting/errors#no-such-element-exception\nStacktrace:\n#0 0x56005d637ffa <unknown>\n#1 0x56005d0f6970 <unknown>\n#2 0x56005d148385 <unknown>\n#3 0x56005d1485b1 <unknown>\n#4 0x56005d1973c4 <unknown>\n#5 0x56005d16e2bd <unknown>\n#6 0x56005d19470c <unknown>\n#7 0x56005d16e063 <unknown>\n#8 0x56005d13a328 <unknown>\n#9 0x56005d13b491 <unknown>\n#10 0x56005d5ff42b <unknown>\n#11 0x56005d6032ec <unknown>\n#12 0x56005d5e6a22 <unknown>\n#13 0x56005d603e64 <unknown>\n#14 0x56005d5cabef <unknown>\n#15 0x56005d626558 <unknown>\n#16 0x56005d626736 <unknown>\n#17 0x56005d636e76 <unknown>\n#18 0x7fcf7849caa4 <unknown>\n#19 0x7fcf78529c3c <unknown>","time":{"start":1743628321582,"stop":1743628342532,"duration":20950}},{"uid":"c8a50ec6028b1037","status":"passed","time":{"start":1743617784551,"stop":1743617806420,"duration":21869}},{"uid":"69f298f0417c32d4","status":"passed","time":{"start":1743606742668,"stop":1743606765050,"duration":22382}}]},"tags":["TC007","TC000"]},"source":"3281e5bdded5746c.json","parameterValues":[]}