{"uid":"347c7eba67a0938f","name":"Board Deletion","fullName":"tests.regression_ui.test_ui_regression.TestUIRegression#test_board_deletion","historyId":"4bab3c1ca3a9b77bdca99b9a1a8bf44f","time":{"start":1742753587017,"stop":1742753602656,"duration":15639},"status":"broken","statusMessage":"selenium.common.exceptions.TimeoutException: Message: \nStacktrace:\n#0 0x55ac40f0aa1a <unknown>\n#1 0x55ac409c2390 <unknown>\n#2 0x55ac40a13c85 <unknown>\n#3 0x55ac40a13eb1 <unknown>\n#4 0x55ac40a62d64 <unknown>\n#5 0x55ac40a39bfd <unknown>\n#6 0x55ac40a6007b <unknown>\n#7 0x55ac40a399a3 <unknown>\n#8 0x55ac40a0560e <unknown>\n#9 0x55ac40a06dd1 <unknown>\n#10 0x55ac40ed0ddb <unknown>\n#11 0x55ac40ed4cbc <unknown>\n#12 0x55ac40eb8392 <unknown>\n#13 0x55ac40ed5834 <unknown>\n#14 0x55ac40e9c1ef <unknown>\n#15 0x55ac40ef9038 <unknown>\n#16 0x55ac40ef9216 <unknown>\n#17 0x55ac40f09896 <unknown>\n#18 0x7f41adc9caa4 <unknown>\n#19 0x7f41add29c3c <unknown>","statusTrace":"self = <tests.regression_ui.test_ui_regression.TestUIRegression object at 0x7f9211cb29f0>\ndriver = <selenium.webdriver.chrome.webdriver.WebDriver (session=\"8e35b2d26938dbbbdde80b123b696c56\")>\n\n    @pytest.mark.TC000\n    @pytest.mark.TC009\n    @allure.title('Board Deletion')\n    def test_board_deletion(self, driver):\n        time.sleep(5)\n        with allure.step('Log in to Trello account'):\n>           self.test_login(driver)\n\ntests/regression_ui/test_ui_regression.py:270: \n_ _ _ _ _ _ _ _ _ _ _ _ _ _ _ _ _ _ _ _ _ _ _ _ _ _ _ _ _ _ _ _ _ _ _ _ _ _ _ _ \ntests/regression_ui/test_ui_regression.py:62: in test_login\n    el_user_name = WebDriverWait(driver, 10).until(EC.element_to_be_clickable(\n_ _ _ _ _ _ _ _ _ _ _ _ _ _ _ _ _ _ _ _ _ _ _ _ _ _ _ _ _ _ _ _ _ _ _ _ _ _ _ _ \n\nself = <selenium.webdriver.support.wait.WebDriverWait (session=\"8e35b2d26938dbbbdde80b123b696c56\")>\nmethod = <function element_to_be_clickable.<locals>._predicate at 0x7f9211bca660>\nmessage = ''\n\n    def until(self, method: Callable[[D], Union[Literal[False], T]], message: str = \"\") -> T:\n        \"\"\"Calls the method provided with the driver as an argument until the \\\n        return value does not evaluate to ``False``.\n    \n        :param method: callable(WebDriver)\n        :param message: optional message for :exc:`TimeoutException`\n        :returns: the result of the last call to `method`\n        :raises: :exc:`selenium.common.exceptions.TimeoutException` if timeout occurs\n        \"\"\"\n        screen = None\n        stacktrace = None\n    \n        end_time = time.monotonic() + self._timeout\n        while True:\n            try:\n                value = method(self._driver)\n                if value:\n                    return value\n            except self._ignored_exceptions as exc:\n                screen = getattr(exc, \"screen\", None)\n                stacktrace = getattr(exc, \"stacktrace\", None)\n            if time.monotonic() > end_time:\n                break\n            time.sleep(self._poll)\n>       raise TimeoutException(message, screen, stacktrace)\nE       selenium.common.exceptions.TimeoutException: Message: \nE       Stacktrace:\nE       #0 0x55ac40f0aa1a <unknown>\nE       #1 0x55ac409c2390 <unknown>\nE       #2 0x55ac40a13c85 <unknown>\nE       #3 0x55ac40a13eb1 <unknown>\nE       #4 0x55ac40a62d64 <unknown>\nE       #5 0x55ac40a39bfd <unknown>\nE       #6 0x55ac40a6007b <unknown>\nE       #7 0x55ac40a399a3 <unknown>\nE       #8 0x55ac40a0560e <unknown>\nE       #9 0x55ac40a06dd1 <unknown>\nE       #10 0x55ac40ed0ddb <unknown>\nE       #11 0x55ac40ed4cbc <unknown>\nE       #12 0x55ac40eb8392 <unknown>\nE       #13 0x55ac40ed5834 <unknown>\nE       #14 0x55ac40e9c1ef <unknown>\nE       #15 0x55ac40ef9038 <unknown>\nE       #16 0x55ac40ef9216 <unknown>\nE       #17 0x55ac40f09896 <unknown>\nE       #18 0x7f41adc9caa4 <unknown>\nE       #19 0x7f41add29c3c <unknown>\n\n/opt/hostedtoolcache/Python/3.12.5/x64/lib/python3.12/site-packages/selenium/webdriver/support/wait.py:105: TimeoutException","flaky":false,"newFailed":false,"newBroken":true,"newPassed":false,"retriesCount":0,"retriesStatusChange":false,"beforeStages":[{"name":"driver","time":{"start":1742753586700,"stop":1742753587016,"duration":316},"status":"passed","steps":[],"attachments":[],"parameters":[],"shouldDisplayMessage":false,"stepsCount":0,"attachmentsCount":0,"hasContent":false,"attachmentStep":false},{"name":"setup","time":{"start":1742753587016,"stop":1742753587016,"duration":0},"status":"passed","steps":[],"attachments":[],"parameters":[],"shouldDisplayMessage":false,"stepsCount":0,"attachmentsCount":0,"hasContent":false,"attachmentStep":false}],"testStage":{"status":"broken","statusMessage":"selenium.common.exceptions.TimeoutException: Message: \nStacktrace:\n#0 0x55ac40f0aa1a <unknown>\n#1 0x55ac409c2390 <unknown>\n#2 0x55ac40a13c85 <unknown>\n#3 0x55ac40a13eb1 <unknown>\n#4 0x55ac40a62d64 <unknown>\n#5 0x55ac40a39bfd <unknown>\n#6 0x55ac40a6007b <unknown>\n#7 0x55ac40a399a3 <unknown>\n#8 0x55ac40a0560e <unknown>\n#9 0x55ac40a06dd1 <unknown>\n#10 0x55ac40ed0ddb <unknown>\n#11 0x55ac40ed4cbc <unknown>\n#12 0x55ac40eb8392 <unknown>\n#13 0x55ac40ed5834 <unknown>\n#14 0x55ac40e9c1ef <unknown>\n#15 0x55ac40ef9038 <unknown>\n#16 0x55ac40ef9216 <unknown>\n#17 0x55ac40f09896 <unknown>\n#18 0x7f41adc9caa4 <unknown>\n#19 0x7f41add29c3c <unknown>","statusTrace":"self = <tests.regression_ui.test_ui_regression.TestUIRegression object at 0x7f9211cb29f0>\ndriver = <selenium.webdriver.chrome.webdriver.WebDriver (session=\"8e35b2d26938dbbbdde80b123b696c56\")>\n\n    @pytest.mark.TC000\n    @pytest.mark.TC009\n    @allure.title('Board Deletion')\n    def test_board_deletion(self, driver):\n        time.sleep(5)\n        with allure.step('Log in to Trello account'):\n>           self.test_login(driver)\n\ntests/regression_ui/test_ui_regression.py:270: \n_ _ _ _ _ _ _ _ _ _ _ _ _ _ _ _ _ _ _ _ _ _ _ _ _ _ _ _ _ _ _ _ _ _ _ _ _ _ _ _ \ntests/regression_ui/test_ui_regression.py:62: in test_login\n    el_user_name = WebDriverWait(driver, 10).until(EC.element_to_be_clickable(\n_ _ _ _ _ _ _ _ _ _ _ _ _ _ _ _ _ _ _ _ _ _ _ _ _ _ _ _ _ _ _ _ _ _ _ _ _ _ _ _ \n\nself = <selenium.webdriver.support.wait.WebDriverWait (session=\"8e35b2d26938dbbbdde80b123b696c56\")>\nmethod = <function element_to_be_clickable.<locals>._predicate at 0x7f9211bca660>\nmessage = ''\n\n    def until(self, method: Callable[[D], Union[Literal[False], T]], message: str = \"\") -> T:\n        \"\"\"Calls the method provided with the driver as an argument until the \\\n        return value does not evaluate to ``False``.\n    \n        :param method: callable(WebDriver)\n        :param message: optional message for :exc:`TimeoutException`\n        :returns: the result of the last call to `method`\n        :raises: :exc:`selenium.common.exceptions.TimeoutException` if timeout occurs\n        \"\"\"\n        screen = None\n        stacktrace = None\n    \n        end_time = time.monotonic() + self._timeout\n        while True:\n            try:\n                value = method(self._driver)\n                if value:\n                    return value\n            except self._ignored_exceptions as exc:\n                screen = getattr(exc, \"screen\", None)\n                stacktrace = getattr(exc, \"stacktrace\", None)\n            if time.monotonic() > end_time:\n                break\n            time.sleep(self._poll)\n>       raise TimeoutException(message, screen, stacktrace)\nE       selenium.common.exceptions.TimeoutException: Message: \nE       Stacktrace:\nE       #0 0x55ac40f0aa1a <unknown>\nE       #1 0x55ac409c2390 <unknown>\nE       #2 0x55ac40a13c85 <unknown>\nE       #3 0x55ac40a13eb1 <unknown>\nE       #4 0x55ac40a62d64 <unknown>\nE       #5 0x55ac40a39bfd <unknown>\nE       #6 0x55ac40a6007b <unknown>\nE       #7 0x55ac40a399a3 <unknown>\nE       #8 0x55ac40a0560e <unknown>\nE       #9 0x55ac40a06dd1 <unknown>\nE       #10 0x55ac40ed0ddb <unknown>\nE       #11 0x55ac40ed4cbc <unknown>\nE       #12 0x55ac40eb8392 <unknown>\nE       #13 0x55ac40ed5834 <unknown>\nE       #14 0x55ac40e9c1ef <unknown>\nE       #15 0x55ac40ef9038 <unknown>\nE       #16 0x55ac40ef9216 <unknown>\nE       #17 0x55ac40f09896 <unknown>\nE       #18 0x7f41adc9caa4 <unknown>\nE       #19 0x7f41add29c3c <unknown>\n\n/opt/hostedtoolcache/Python/3.12.5/x64/lib/python3.12/site-packages/selenium/webdriver/support/wait.py:105: TimeoutException","steps":[{"name":"Log in to Trello account","time":{"start":1742753592017,"stop":1742753602656,"duration":10639},"status":"broken","statusMessage":"selenium.common.exceptions.TimeoutException: Message: \nStacktrace:\n#0 0x55ac40f0aa1a <unknown>\n#1 0x55ac409c2390 <unknown>\n#2 0x55ac40a13c85 <unknown>\n#3 0x55ac40a13eb1 <unknown>\n#4 0x55ac40a62d64 <unknown>\n#5 0x55ac40a39bfd <unknown>\n#6 0x55ac40a6007b <unknown>\n#7 0x55ac40a399a3 <unknown>\n#8 0x55ac40a0560e <unknown>\n#9 0x55ac40a06dd1 <unknown>\n#10 0x55ac40ed0ddb <unknown>\n#11 0x55ac40ed4cbc <unknown>\n#12 0x55ac40eb8392 <unknown>\n#13 0x55ac40ed5834 <unknown>\n#14 0x55ac40e9c1ef <unknown>\n#15 0x55ac40ef9038 <unknown>\n#16 0x55ac40ef9216 <unknown>\n#17 0x55ac40f09896 <unknown>\n#18 0x7f41adc9caa4 <unknown>\n#19 0x7f41add29c3c <unknown>\n\n","statusTrace":"  File \"/home/runner/work/pythonSelenium/pythonSelenium/tests/regression_ui/test_ui_regression.py\", line 270, in test_board_deletion\n    self.test_login(driver)\n  File \"/home/runner/work/pythonSelenium/pythonSelenium/tests/regression_ui/test_ui_regression.py\", line 62, in test_login\n    el_user_name = WebDriverWait(driver, 10).until(EC.element_to_be_clickable(\n                   ^^^^^^^^^^^^^^^^^^^^^^^^^^^^^^^^^^^^^^^^^^^^^^^^^^^^^^^^^^^\n  File \"/opt/hostedtoolcache/Python/3.12.5/x64/lib/python3.12/site-packages/selenium/webdriver/support/wait.py\", line 105, in until\n    raise TimeoutException(message, screen, stacktrace)\n","steps":[{"name":"Navigate to the Trello page and enter valid credentials (email, password, and 6-digits verification code)","time":{"start":1742753592017,"stop":1742753602656,"duration":10639},"status":"broken","statusMessage":"selenium.common.exceptions.TimeoutException: Message: \nStacktrace:\n#0 0x55ac40f0aa1a <unknown>\n#1 0x55ac409c2390 <unknown>\n#2 0x55ac40a13c85 <unknown>\n#3 0x55ac40a13eb1 <unknown>\n#4 0x55ac40a62d64 <unknown>\n#5 0x55ac40a39bfd <unknown>\n#6 0x55ac40a6007b <unknown>\n#7 0x55ac40a399a3 <unknown>\n#8 0x55ac40a0560e <unknown>\n#9 0x55ac40a06dd1 <unknown>\n#10 0x55ac40ed0ddb <unknown>\n#11 0x55ac40ed4cbc <unknown>\n#12 0x55ac40eb8392 <unknown>\n#13 0x55ac40ed5834 <unknown>\n#14 0x55ac40e9c1ef <unknown>\n#15 0x55ac40ef9038 <unknown>\n#16 0x55ac40ef9216 <unknown>\n#17 0x55ac40f09896 <unknown>\n#18 0x7f41adc9caa4 <unknown>\n#19 0x7f41add29c3c <unknown>\n\n","statusTrace":"  File \"/home/runner/work/pythonSelenium/pythonSelenium/tests/regression_ui/test_ui_regression.py\", line 62, in test_login\n    el_user_name = WebDriverWait(driver, 10).until(EC.element_to_be_clickable(\n                   ^^^^^^^^^^^^^^^^^^^^^^^^^^^^^^^^^^^^^^^^^^^^^^^^^^^^^^^^^^^\n  File \"/opt/hostedtoolcache/Python/3.12.5/x64/lib/python3.12/site-packages/selenium/webdriver/support/wait.py\", line 105, in until\n    raise TimeoutException(message, screen, stacktrace)\n","steps":[],"attachments":[],"parameters":[],"shouldDisplayMessage":true,"stepsCount":0,"attachmentsCount":0,"hasContent":true,"attachmentStep":false}],"attachments":[],"parameters":[],"shouldDisplayMessage":false,"stepsCount":1,"attachmentsCount":0,"hasContent":true,"attachmentStep":false}],"attachments":[],"parameters":[],"shouldDisplayMessage":true,"stepsCount":2,"attachmentsCount":0,"hasContent":true,"attachmentStep":false},"afterStages":[{"name":"driver::0","time":{"start":1742753602670,"stop":1742753602734,"duration":64},"status":"passed","steps":[],"attachments":[],"parameters":[],"shouldDisplayMessage":false,"stepsCount":0,"attachmentsCount":0,"hasContent":false,"attachmentStep":false}],"labels":[{"name":"tag","value":"TC009"},{"name":"tag","value":"TC000"},{"name":"parentSuite","value":"tests.regression_ui"},{"name":"suite","value":"test_ui_regression"},{"name":"subSuite","value":"TestUIRegression"},{"name":"host","value":"fv-az1369-199"},{"name":"thread","value":"4147-MainThread"},{"name":"framework","value":"pytest"},{"name":"language","value":"cpython3"},{"name":"package","value":"tests.regression_ui.test_ui_regression"},{"name":"resultFormat","value":"allure2"}],"parameters":[],"links":[],"hidden":false,"retry":false,"extra":{"severity":"normal","retries":[],"categories":[{"name":"Test defects","matchedStatuses":[]}],"history":{"statistic":{"failed":51,"broken":51,"skipped":0,"passed":466,"unknown":0,"total":568},"items":[{"uid":"1b5f11a343fc5e99","status":"passed","time":{"start":1742742699953,"stop":1742742738639,"duration":38686}},{"uid":"c0a78802f6d13ebc","status":"passed","time":{"start":1742732319546,"stop":1742732358275,"duration":38729}},{"uid":"7a64baaad2a409b2","status":"passed","time":{"start":1742721128296,"stop":1742721166870,"duration":38574}},{"uid":"1e21b3f179dd334f","status":"passed","time":{"start":1742710510043,"stop":1742710548502,"duration":38459}},{"uid":"a476f9aed55e0017","status":"passed","time":{"start":1742700606320,"stop":1742700645030,"duration":38710}},{"uid":"2ce59d32bce4f25a","status":"passed","time":{"start":1742690979723,"stop":1742691018301,"duration":38578}},{"uid":"8c5062b0f0e4c79c","status":"passed","time":{"start":1742677866430,"stop":1742677904904,"duration":38474}},{"uid":"e461777f4c8034b3","status":"passed","time":{"start":1742667279083,"stop":1742667317636,"duration":38553}},{"uid":"c2c6d8ed6bcc75a3","status":"passed","time":{"start":1742656266572,"stop":1742656304970,"duration":38398}},{"uid":"4346aa885a48592d","status":"passed","time":{"start":1742645919023,"stop":1742645957912,"duration":38889}},{"uid":"52ba6419661bfc57","status":"passed","time":{"start":1742634726578,"stop":1742634765902,"duration":39324}},{"uid":"907e2a0d66c611fd","status":"passed","time":{"start":1742624198910,"stop":1742624238108,"duration":39198}},{"uid":"e696d699098cb7bd","status":"passed","time":{"start":1742613966790,"stop":1742614005689,"duration":38899}},{"uid":"dc3921ae5cd44abf","status":"passed","time":{"start":1742604279391,"stop":1742604317947,"duration":38556}},{"uid":"b4ab17cac37a47e7","status":"passed","time":{"start":1742591499995,"stop":1742591538654,"duration":38659}},{"uid":"30849df8f8571ea4","status":"broken","statusDetails":"selenium.common.exceptions.TimeoutException: Message: \nStacktrace:\n#0 0x5634ed201a1a <unknown>\n#1 0x5634eccb9390 <unknown>\n#2 0x5634ecd0ac85 <unknown>\n#3 0x5634ecd0aeb1 <unknown>\n#4 0x5634ecd59d64 <unknown>\n#5 0x5634ecd30bfd <unknown>\n#6 0x5634ecd5707b <unknown>\n#7 0x5634ecd309a3 <unknown>\n#8 0x5634eccfc60e <unknown>\n#9 0x5634eccfddd1 <unknown>\n#10 0x5634ed1c7ddb <unknown>\n#11 0x5634ed1cbcbc <unknown>\n#12 0x5634ed1af392 <unknown>\n#13 0x5634ed1cc834 <unknown>\n#14 0x5634ed1931ef <unknown>\n#15 0x5634ed1f0038 <unknown>\n#16 0x5634ed1f0216 <unknown>\n#17 0x5634ed200896 <unknown>\n#18 0x7f946709caa4 <unknown>\n#19 0x7f9467129c3c <unknown>","time":{"start":1742581039767,"stop":1742581097427,"duration":57660}},{"uid":"e914f0ee47677d54","status":"passed","time":{"start":1742569986890,"stop":1742570024837,"duration":37947}},{"uid":"d8bc88740959f18a","status":"passed","time":{"start":1742559578808,"stop":1742559618199,"duration":39391}},{"uid":"4b5163837ba3b3e3","status":"passed","time":{"start":1742548536595,"stop":1742548576397,"duration":39802}},{"uid":"808db1efe00daf4e","status":"passed","time":{"start":1742537978986,"stop":1742538017309,"duration":38323}}]},"tags":["TC009","TC000"]},"source":"347c7eba67a0938f.json","parameterValues":[]}