{"uid":"3767f890bb8ee0ab","name":"Label a Card","fullName":"tests.regression_ui.test_ui_regression.TestUIRegression#test_label_card","historyId":"81bf587fe9f2db9e87ee2dc06e7308b0","time":{"start":1743358398043,"stop":1743358418291,"duration":20248},"status":"broken","statusMessage":"selenium.common.exceptions.NoSuchElementException: Message: no such element: Unable to locate element: {\"method\":\"xpath\",\"selector\":\"//*[contains(text(), 'new_card')]\"}\n  (Session info: chrome=134.0.6998.165); For documentation on this error, please visit: https://www.selenium.dev/documentation/webdriver/troubleshooting/errors#no-such-element-exception\nStacktrace:\n#0 0x563a0a2f0ffa <unknown>\n#1 0x563a09daf970 <unknown>\n#2 0x563a09e01385 <unknown>\n#3 0x563a09e015b1 <unknown>\n#4 0x563a09e503c4 <unknown>\n#5 0x563a09e272bd <unknown>\n#6 0x563a09e4d70c <unknown>\n#7 0x563a09e27063 <unknown>\n#8 0x563a09df3328 <unknown>\n#9 0x563a09df4491 <unknown>\n#10 0x563a0a2b842b <unknown>\n#11 0x563a0a2bc2ec <unknown>\n#12 0x563a0a29fa22 <unknown>\n#13 0x563a0a2bce64 <unknown>\n#14 0x563a0a283bef <unknown>\n#15 0x563a0a2df558 <unknown>\n#16 0x563a0a2df736 <unknown>\n#17 0x563a0a2efe76 <unknown>\n#18 0x7f0bffc9caa4 <unknown>\n#19 0x7f0bffd29c3c <unknown>","statusTrace":"self = <tests.regression_ui.test_ui_regression.TestUIRegression object at 0x7f610feae600>\ndriver = <selenium.webdriver.chrome.webdriver.WebDriver (session=\"93e252fa367caf731f9cadcd6c295706\")>\n\n    @pytest.mark.TC000\n    @pytest.mark.TC007\n    @allure.title('Label a Card')\n    def test_label_card(self, driver):\n        time.sleep(4)\n        with allure.step('Log in to Trello account'):\n            self.test_login(driver)\n    \n        with allure.step('Open a board and select a card'):\n            try:\n                WebDriverWait(driver, 10).until(EC.element_to_be_clickable((By.XPATH, self.SCC.Board.BOARD_TITLE))).click()\n                WebDriverWait(driver, 10).until(EC.visibility_of_element_located((By.XPATH, self.SCC.Board.LIST_TITLE))).click()\n                driver.find_element(By.XPATH, self.SCC.List.ADD_A_CARD_BUTTON).click()\n                driver.find_element(By.XPATH, self.SCC.List.CARD_NAME_FIELD).click()\n                time.sleep(1)\n                driver.find_element(By.XPATH, self.SCC.List.CARD_NAME_FIELD).send_keys('new_card')\n                driver.find_element(By.XPATH, self.SCC.List.ADD_CARD_SUBMIT_BUTTOMN).click()\n                time.sleep(3)\n            except Exception as e:\n                log.info(\"An error occurred: \", str(e))\n    \n        with allure.step('Click the card to open and archive it'):\n>           driver.find_element(By.XPATH, self.SCC.List.CARD_TO_ARCHIVE).click()\n\ntests/regression_ui/test_ui_regression.py:239: \n_ _ _ _ _ _ _ _ _ _ _ _ _ _ _ _ _ _ _ _ _ _ _ _ _ _ _ _ _ _ _ _ _ _ _ _ _ _ _ _ \n/opt/hostedtoolcache/Python/3.12.5/x64/lib/python3.12/site-packages/selenium/webdriver/remote/webdriver.py:770: in find_element\n    return self.execute(Command.FIND_ELEMENT, {\"using\": by, \"value\": value})[\"value\"]\n/opt/hostedtoolcache/Python/3.12.5/x64/lib/python3.12/site-packages/selenium/webdriver/remote/webdriver.py:384: in execute\n    self.error_handler.check_response(response)\n_ _ _ _ _ _ _ _ _ _ _ _ _ _ _ _ _ _ _ _ _ _ _ _ _ _ _ _ _ _ _ _ _ _ _ _ _ _ _ _ \n\nself = <selenium.webdriver.remote.errorhandler.ErrorHandler object at 0x7f610feb5910>\nresponse = {'status': 404, 'value': '{\"value\":{\"error\":\"no such element\",\"message\":\"no such element: Unable to locate element: {\\...\\\\n#17 0x563a0a2efe76 \\\\u003Cunknown>\\\\n#18 0x7f0bffc9caa4 \\\\u003Cunknown>\\\\n#19 0x7f0bffd29c3c \\\\u003Cunknown>\\\\n\"}}'}\n\n    def check_response(self, response: Dict[str, Any]) -> None:\n        \"\"\"Checks that a JSON response from the WebDriver does not have an\n        error.\n    \n        :Args:\n         - response - The JSON response from the WebDriver server as a dictionary\n           object.\n    \n        :Raises: If the response contains an error message.\n        \"\"\"\n        status = response.get(\"status\", None)\n        if not status or status == ErrorCode.SUCCESS:\n            return\n        value = None\n        message = response.get(\"message\", \"\")\n        screen: str = response.get(\"screen\", \"\")\n        stacktrace = None\n        if isinstance(status, int):\n            value_json = response.get(\"value\", None)\n            if value_json and isinstance(value_json, str):\n                import json\n    \n                try:\n                    value = json.loads(value_json)\n                    if len(value) == 1:\n                        value = value[\"value\"]\n                    status = value.get(\"error\", None)\n                    if not status:\n                        status = value.get(\"status\", ErrorCode.UNKNOWN_ERROR)\n                        message = value.get(\"value\") or value.get(\"message\")\n                        if not isinstance(message, str):\n                            value = message\n                            message = message.get(\"message\")\n                    else:\n                        message = value.get(\"message\", None)\n                except ValueError:\n                    pass\n    \n        exception_class: Type[WebDriverException]\n        e = ErrorCode()\n        error_codes = [item for item in dir(e) if not item.startswith(\"__\")]\n        for error_code in error_codes:\n            error_info = getattr(ErrorCode, error_code)\n            if isinstance(error_info, list) and status in error_info:\n                exception_class = getattr(ExceptionMapping, error_code, WebDriverException)\n                break\n        else:\n            exception_class = WebDriverException\n    \n        if not value:\n            value = response[\"value\"]\n        if isinstance(value, str):\n            raise exception_class(value)\n        if message == \"\" and \"message\" in value:\n            message = value[\"message\"]\n    \n        screen = None  # type: ignore[assignment]\n        if \"screen\" in value:\n            screen = value[\"screen\"]\n    \n        stacktrace = None\n        st_value = value.get(\"stackTrace\") or value.get(\"stacktrace\")\n        if st_value:\n            if isinstance(st_value, str):\n                stacktrace = st_value.split(\"\\n\")\n            else:\n                stacktrace = []\n                try:\n                    for frame in st_value:\n                        line = frame.get(\"lineNumber\", \"\")\n                        file = frame.get(\"fileName\", \"<anonymous>\")\n                        if line:\n                            file = f\"{file}:{line}\"\n                        meth = frame.get(\"methodName\", \"<anonymous>\")\n                        if \"className\" in frame:\n                            meth = f\"{frame['className']}.{meth}\"\n                        msg = \"    at %s (%s)\"\n                        msg = msg % (meth, file)\n                        stacktrace.append(msg)\n                except TypeError:\n                    pass\n        if exception_class == UnexpectedAlertPresentException:\n            alert_text = None\n            if \"data\" in value:\n                alert_text = value[\"data\"].get(\"text\")\n            elif \"alert\" in value:\n                alert_text = value[\"alert\"].get(\"text\")\n            raise exception_class(message, screen, stacktrace, alert_text)  # type: ignore[call-arg]  # mypy is not smart enough here\n>       raise exception_class(message, screen, stacktrace)\nE       selenium.common.exceptions.NoSuchElementException: Message: no such element: Unable to locate element: {\"method\":\"xpath\",\"selector\":\"//*[contains(text(), 'new_card')]\"}\nE         (Session info: chrome=134.0.6998.165); For documentation on this error, please visit: https://www.selenium.dev/documentation/webdriver/troubleshooting/errors#no-such-element-exception\nE       Stacktrace:\nE       #0 0x563a0a2f0ffa <unknown>\nE       #1 0x563a09daf970 <unknown>\nE       #2 0x563a09e01385 <unknown>\nE       #3 0x563a09e015b1 <unknown>\nE       #4 0x563a09e503c4 <unknown>\nE       #5 0x563a09e272bd <unknown>\nE       #6 0x563a09e4d70c <unknown>\nE       #7 0x563a09e27063 <unknown>\nE       #8 0x563a09df3328 <unknown>\nE       #9 0x563a09df4491 <unknown>\nE       #10 0x563a0a2b842b <unknown>\nE       #11 0x563a0a2bc2ec <unknown>\nE       #12 0x563a0a29fa22 <unknown>\nE       #13 0x563a0a2bce64 <unknown>\nE       #14 0x563a0a283bef <unknown>\nE       #15 0x563a0a2df558 <unknown>\nE       #16 0x563a0a2df736 <unknown>\nE       #17 0x563a0a2efe76 <unknown>\nE       #18 0x7f0bffc9caa4 <unknown>\nE       #19 0x7f0bffd29c3c <unknown>\n\n/opt/hostedtoolcache/Python/3.12.5/x64/lib/python3.12/site-packages/selenium/webdriver/remote/errorhandler.py:232: NoSuchElementException","flaky":false,"newFailed":false,"newBroken":false,"newPassed":false,"retriesCount":0,"retriesStatusChange":false,"beforeStages":[{"name":"driver","time":{"start":1743358397682,"stop":1743358398042,"duration":360},"status":"passed","steps":[],"attachments":[],"parameters":[],"shouldDisplayMessage":false,"stepsCount":0,"attachmentsCount":0,"hasContent":false,"attachmentStep":false},{"name":"setup","time":{"start":1743358398042,"stop":1743358398042,"duration":0},"status":"passed","steps":[],"attachments":[],"parameters":[],"shouldDisplayMessage":false,"stepsCount":0,"attachmentsCount":0,"hasContent":false,"attachmentStep":false}],"testStage":{"status":"broken","statusMessage":"selenium.common.exceptions.NoSuchElementException: Message: no such element: Unable to locate element: {\"method\":\"xpath\",\"selector\":\"//*[contains(text(), 'new_card')]\"}\n  (Session info: chrome=134.0.6998.165); For documentation on this error, please visit: https://www.selenium.dev/documentation/webdriver/troubleshooting/errors#no-such-element-exception\nStacktrace:\n#0 0x563a0a2f0ffa <unknown>\n#1 0x563a09daf970 <unknown>\n#2 0x563a09e01385 <unknown>\n#3 0x563a09e015b1 <unknown>\n#4 0x563a09e503c4 <unknown>\n#5 0x563a09e272bd <unknown>\n#6 0x563a09e4d70c <unknown>\n#7 0x563a09e27063 <unknown>\n#8 0x563a09df3328 <unknown>\n#9 0x563a09df4491 <unknown>\n#10 0x563a0a2b842b <unknown>\n#11 0x563a0a2bc2ec <unknown>\n#12 0x563a0a29fa22 <unknown>\n#13 0x563a0a2bce64 <unknown>\n#14 0x563a0a283bef <unknown>\n#15 0x563a0a2df558 <unknown>\n#16 0x563a0a2df736 <unknown>\n#17 0x563a0a2efe76 <unknown>\n#18 0x7f0bffc9caa4 <unknown>\n#19 0x7f0bffd29c3c <unknown>","statusTrace":"self = <tests.regression_ui.test_ui_regression.TestUIRegression object at 0x7f610feae600>\ndriver = <selenium.webdriver.chrome.webdriver.WebDriver (session=\"93e252fa367caf731f9cadcd6c295706\")>\n\n    @pytest.mark.TC000\n    @pytest.mark.TC007\n    @allure.title('Label a Card')\n    def test_label_card(self, driver):\n        time.sleep(4)\n        with allure.step('Log in to Trello account'):\n            self.test_login(driver)\n    \n        with allure.step('Open a board and select a card'):\n            try:\n                WebDriverWait(driver, 10).until(EC.element_to_be_clickable((By.XPATH, self.SCC.Board.BOARD_TITLE))).click()\n                WebDriverWait(driver, 10).until(EC.visibility_of_element_located((By.XPATH, self.SCC.Board.LIST_TITLE))).click()\n                driver.find_element(By.XPATH, self.SCC.List.ADD_A_CARD_BUTTON).click()\n                driver.find_element(By.XPATH, self.SCC.List.CARD_NAME_FIELD).click()\n                time.sleep(1)\n                driver.find_element(By.XPATH, self.SCC.List.CARD_NAME_FIELD).send_keys('new_card')\n                driver.find_element(By.XPATH, self.SCC.List.ADD_CARD_SUBMIT_BUTTOMN).click()\n                time.sleep(3)\n            except Exception as e:\n                log.info(\"An error occurred: \", str(e))\n    \n        with allure.step('Click the card to open and archive it'):\n>           driver.find_element(By.XPATH, self.SCC.List.CARD_TO_ARCHIVE).click()\n\ntests/regression_ui/test_ui_regression.py:239: \n_ _ _ _ _ _ _ _ _ _ _ _ _ _ _ _ _ _ _ _ _ _ _ _ _ _ _ _ _ _ _ _ _ _ _ _ _ _ _ _ \n/opt/hostedtoolcache/Python/3.12.5/x64/lib/python3.12/site-packages/selenium/webdriver/remote/webdriver.py:770: in find_element\n    return self.execute(Command.FIND_ELEMENT, {\"using\": by, \"value\": value})[\"value\"]\n/opt/hostedtoolcache/Python/3.12.5/x64/lib/python3.12/site-packages/selenium/webdriver/remote/webdriver.py:384: in execute\n    self.error_handler.check_response(response)\n_ _ _ _ _ _ _ _ _ _ _ _ _ _ _ _ _ _ _ _ _ _ _ _ _ _ _ _ _ _ _ _ _ _ _ _ _ _ _ _ \n\nself = <selenium.webdriver.remote.errorhandler.ErrorHandler object at 0x7f610feb5910>\nresponse = {'status': 404, 'value': '{\"value\":{\"error\":\"no such element\",\"message\":\"no such element: Unable to locate element: {\\...\\\\n#17 0x563a0a2efe76 \\\\u003Cunknown>\\\\n#18 0x7f0bffc9caa4 \\\\u003Cunknown>\\\\n#19 0x7f0bffd29c3c \\\\u003Cunknown>\\\\n\"}}'}\n\n    def check_response(self, response: Dict[str, Any]) -> None:\n        \"\"\"Checks that a JSON response from the WebDriver does not have an\n        error.\n    \n        :Args:\n         - response - The JSON response from the WebDriver server as a dictionary\n           object.\n    \n        :Raises: If the response contains an error message.\n        \"\"\"\n        status = response.get(\"status\", None)\n        if not status or status == ErrorCode.SUCCESS:\n            return\n        value = None\n        message = response.get(\"message\", \"\")\n        screen: str = response.get(\"screen\", \"\")\n        stacktrace = None\n        if isinstance(status, int):\n            value_json = response.get(\"value\", None)\n            if value_json and isinstance(value_json, str):\n                import json\n    \n                try:\n                    value = json.loads(value_json)\n                    if len(value) == 1:\n                        value = value[\"value\"]\n                    status = value.get(\"error\", None)\n                    if not status:\n                        status = value.get(\"status\", ErrorCode.UNKNOWN_ERROR)\n                        message = value.get(\"value\") or value.get(\"message\")\n                        if not isinstance(message, str):\n                            value = message\n                            message = message.get(\"message\")\n                    else:\n                        message = value.get(\"message\", None)\n                except ValueError:\n                    pass\n    \n        exception_class: Type[WebDriverException]\n        e = ErrorCode()\n        error_codes = [item for item in dir(e) if not item.startswith(\"__\")]\n        for error_code in error_codes:\n            error_info = getattr(ErrorCode, error_code)\n            if isinstance(error_info, list) and status in error_info:\n                exception_class = getattr(ExceptionMapping, error_code, WebDriverException)\n                break\n        else:\n            exception_class = WebDriverException\n    \n        if not value:\n            value = response[\"value\"]\n        if isinstance(value, str):\n            raise exception_class(value)\n        if message == \"\" and \"message\" in value:\n            message = value[\"message\"]\n    \n        screen = None  # type: ignore[assignment]\n        if \"screen\" in value:\n            screen = value[\"screen\"]\n    \n        stacktrace = None\n        st_value = value.get(\"stackTrace\") or value.get(\"stacktrace\")\n        if st_value:\n            if isinstance(st_value, str):\n                stacktrace = st_value.split(\"\\n\")\n            else:\n                stacktrace = []\n                try:\n                    for frame in st_value:\n                        line = frame.get(\"lineNumber\", \"\")\n                        file = frame.get(\"fileName\", \"<anonymous>\")\n                        if line:\n                            file = f\"{file}:{line}\"\n                        meth = frame.get(\"methodName\", \"<anonymous>\")\n                        if \"className\" in frame:\n                            meth = f\"{frame['className']}.{meth}\"\n                        msg = \"    at %s (%s)\"\n                        msg = msg % (meth, file)\n                        stacktrace.append(msg)\n                except TypeError:\n                    pass\n        if exception_class == UnexpectedAlertPresentException:\n            alert_text = None\n            if \"data\" in value:\n                alert_text = value[\"data\"].get(\"text\")\n            elif \"alert\" in value:\n                alert_text = value[\"alert\"].get(\"text\")\n            raise exception_class(message, screen, stacktrace, alert_text)  # type: ignore[call-arg]  # mypy is not smart enough here\n>       raise exception_class(message, screen, stacktrace)\nE       selenium.common.exceptions.NoSuchElementException: Message: no such element: Unable to locate element: {\"method\":\"xpath\",\"selector\":\"//*[contains(text(), 'new_card')]\"}\nE         (Session info: chrome=134.0.6998.165); For documentation on this error, please visit: https://www.selenium.dev/documentation/webdriver/troubleshooting/errors#no-such-element-exception\nE       Stacktrace:\nE       #0 0x563a0a2f0ffa <unknown>\nE       #1 0x563a09daf970 <unknown>\nE       #2 0x563a09e01385 <unknown>\nE       #3 0x563a09e015b1 <unknown>\nE       #4 0x563a09e503c4 <unknown>\nE       #5 0x563a09e272bd <unknown>\nE       #6 0x563a09e4d70c <unknown>\nE       #7 0x563a09e27063 <unknown>\nE       #8 0x563a09df3328 <unknown>\nE       #9 0x563a09df4491 <unknown>\nE       #10 0x563a0a2b842b <unknown>\nE       #11 0x563a0a2bc2ec <unknown>\nE       #12 0x563a0a29fa22 <unknown>\nE       #13 0x563a0a2bce64 <unknown>\nE       #14 0x563a0a283bef <unknown>\nE       #15 0x563a0a2df558 <unknown>\nE       #16 0x563a0a2df736 <unknown>\nE       #17 0x563a0a2efe76 <unknown>\nE       #18 0x7f0bffc9caa4 <unknown>\nE       #19 0x7f0bffd29c3c <unknown>\n\n/opt/hostedtoolcache/Python/3.12.5/x64/lib/python3.12/site-packages/selenium/webdriver/remote/errorhandler.py:232: NoSuchElementException","steps":[{"name":"Log in to Trello account","time":{"start":1743358402043,"stop":1743358407989,"duration":5946},"status":"passed","steps":[{"name":"Navigate to the Trello page and enter valid credentials (email, password, and 6-digits verification code)","time":{"start":1743358402043,"stop":1743358407989,"duration":5946},"status":"passed","steps":[],"attachments":[],"parameters":[],"shouldDisplayMessage":false,"stepsCount":0,"attachmentsCount":0,"hasContent":false,"attachmentStep":false}],"attachments":[],"parameters":[],"shouldDisplayMessage":false,"stepsCount":1,"attachmentsCount":0,"hasContent":true,"attachmentStep":false},{"name":"Open a board and select a card","time":{"start":1743358407989,"stop":1743358418276,"duration":10287},"status":"passed","steps":[],"attachments":[],"parameters":[],"shouldDisplayMessage":false,"stepsCount":0,"attachmentsCount":0,"hasContent":false,"attachmentStep":false},{"name":"Click the card to open and archive it","time":{"start":1743358418276,"stop":1743358418291,"duration":15},"status":"broken","statusMessage":"selenium.common.exceptions.NoSuchElementException: Message: no such element: Unable to locate element: {\"method\":\"xpath\",\"selector\":\"//*[contains(text(), 'new_card')]\"}\n  (Session info: chrome=134.0.6998.165); For documentation on this error, please visit: https://www.selenium.dev/documentation/webdriver/troubleshooting/errors#no-such-element-exception\nStacktrace:\n#0 0x563a0a2f0ffa <unknown>\n#1 0x563a09daf970 <unknown>\n#2 0x563a09e01385 <unknown>\n#3 0x563a09e015b1 <unknown>\n#4 0x563a09e503c4 <unknown>\n#5 0x563a09e272bd <unknown>\n#6 0x563a09e4d70c <unknown>\n#7 0x563a09e27063 <unknown>\n#8 0x563a09df3328 <unknown>\n#9 0x563a09df4491 <unknown>\n#10 0x563a0a2b842b <unknown>\n#11 0x563a0a2bc2ec <unknown>\n#12 0x563a0a29fa22 <unknown>\n#13 0x563a0a2bce64 <unknown>\n#14 0x563a0a283bef <unknown>\n#15 0x563a0a2df558 <unknown>\n#16 0x563a0a2df736 <unknown>\n#17 0x563a0a2efe76 <unknown>\n#18 0x7f0bffc9caa4 <unknown>\n#19 0x7f0bffd29c3c <unknown>\n\n","statusTrace":"  File \"/home/runner/work/pythonSelenium/pythonSelenium/tests/regression_ui/test_ui_regression.py\", line 239, in test_label_card\n    driver.find_element(By.XPATH, self.SCC.List.CARD_TO_ARCHIVE).click()\n    ^^^^^^^^^^^^^^^^^^^^^^^^^^^^^^^^^^^^^^^^^^^^^^^^^^^^^^^^^^^^\n  File \"/opt/hostedtoolcache/Python/3.12.5/x64/lib/python3.12/site-packages/selenium/webdriver/remote/webdriver.py\", line 770, in find_element\n    return self.execute(Command.FIND_ELEMENT, {\"using\": by, \"value\": value})[\"value\"]\n           ^^^^^^^^^^^^^^^^^^^^^^^^^^^^^^^^^^^^^^^^^^^^^^^^^^^^^^^^^^^^^^^^^\n  File \"/opt/hostedtoolcache/Python/3.12.5/x64/lib/python3.12/site-packages/selenium/webdriver/remote/webdriver.py\", line 384, in execute\n    self.error_handler.check_response(response)\n  File \"/opt/hostedtoolcache/Python/3.12.5/x64/lib/python3.12/site-packages/selenium/webdriver/remote/errorhandler.py\", line 232, in check_response\n    raise exception_class(message, screen, stacktrace)\n","steps":[],"attachments":[],"parameters":[],"shouldDisplayMessage":true,"stepsCount":0,"attachmentsCount":0,"hasContent":true,"attachmentStep":false}],"attachments":[],"parameters":[],"shouldDisplayMessage":true,"stepsCount":4,"attachmentsCount":0,"hasContent":true,"attachmentStep":false},"afterStages":[{"name":"driver::0","time":{"start":1743358418324,"stop":1743358418393,"duration":69},"status":"passed","steps":[],"attachments":[],"parameters":[],"shouldDisplayMessage":false,"stepsCount":0,"attachmentsCount":0,"hasContent":false,"attachmentStep":false}],"labels":[{"name":"tag","value":"TC007"},{"name":"tag","value":"TC000"},{"name":"parentSuite","value":"tests.regression_ui"},{"name":"suite","value":"test_ui_regression"},{"name":"subSuite","value":"TestUIRegression"},{"name":"host","value":"fv-az798-128"},{"name":"thread","value":"3316-MainThread"},{"name":"framework","value":"pytest"},{"name":"language","value":"cpython3"},{"name":"package","value":"tests.regression_ui.test_ui_regression"},{"name":"resultFormat","value":"allure2"}],"parameters":[],"links":[],"hidden":false,"retry":false,"extra":{"severity":"normal","retries":[],"categories":[{"name":"Test defects","matchedStatuses":[]}],"history":{"statistic":{"failed":0,"broken":60,"skipped":0,"passed":571,"unknown":0,"total":631},"items":[{"uid":"f30446fe2a5a91cb","status":"broken","statusDetails":"selenium.common.exceptions.NoSuchElementException: Message: no such element: Unable to locate element: {\"method\":\"xpath\",\"selector\":\"//*[contains(text(), 'new_card')]\"}\n  (Session info: chrome=134.0.6998.165); For documentation on this error, please visit: https://www.selenium.dev/documentation/webdriver/troubleshooting/errors#no-such-element-exception\nStacktrace:\n#0 0x55e300a7dffa <unknown>\n#1 0x55e30053c970 <unknown>\n#2 0x55e30058e385 <unknown>\n#3 0x55e30058e5b1 <unknown>\n#4 0x55e3005dd3c4 <unknown>\n#5 0x55e3005b42bd <unknown>\n#6 0x55e3005da70c <unknown>\n#7 0x55e3005b4063 <unknown>\n#8 0x55e300580328 <unknown>\n#9 0x55e300581491 <unknown>\n#10 0x55e300a4542b <unknown>\n#11 0x55e300a492ec <unknown>\n#12 0x55e300a2ca22 <unknown>\n#13 0x55e300a49e64 <unknown>\n#14 0x55e300a10bef <unknown>\n#15 0x55e300a6c558 <unknown>\n#16 0x55e300a6c736 <unknown>\n#17 0x55e300a7ce76 <unknown>\n#18 0x7f767ac9caa4 <unknown>\n#19 0x7f767ad29c3c <unknown>","time":{"start":1743347447838,"stop":1743347468538,"duration":20700}},{"uid":"c776dff171a84c14","status":"broken","statusDetails":"selenium.common.exceptions.NoSuchElementException: Message: no such element: Unable to locate element: {\"method\":\"xpath\",\"selector\":\"//*[contains(text(), 'new_card')]\"}\n  (Session info: chrome=134.0.6998.165); For documentation on this error, please visit: https://www.selenium.dev/documentation/webdriver/troubleshooting/errors#no-such-element-exception\nStacktrace:\n#0 0x55f0eed98ffa <unknown>\n#1 0x55f0ee857970 <unknown>\n#2 0x55f0ee8a9385 <unknown>\n#3 0x55f0ee8a95b1 <unknown>\n#4 0x55f0ee8f83c4 <unknown>\n#5 0x55f0ee8cf2bd <unknown>\n#6 0x55f0ee8f570c <unknown>\n#7 0x55f0ee8cf063 <unknown>\n#8 0x55f0ee89b328 <unknown>\n#9 0x55f0ee89c491 <unknown>\n#10 0x55f0eed6042b <unknown>\n#11 0x55f0eed642ec <unknown>\n#12 0x55f0eed47a22 <unknown>\n#13 0x55f0eed64e64 <unknown>\n#14 0x55f0eed2bbef <unknown>\n#15 0x55f0eed87558 <unknown>\n#16 0x55f0eed87736 <unknown>\n#17 0x55f0eed97e76 <unknown>\n#18 0x7fdfb869caa4 <unknown>\n#19 0x7fdfb8729c3c <unknown>","time":{"start":1743337068657,"stop":1743337089300,"duration":20643}},{"uid":"aed8f9a22a08d00b","status":"broken","statusDetails":"selenium.common.exceptions.NoSuchElementException: Message: no such element: Unable to locate element: {\"method\":\"xpath\",\"selector\":\"//*[contains(text(), 'new_card')]\"}\n  (Session info: chrome=134.0.6998.165); For documentation on this error, please visit: https://www.selenium.dev/documentation/webdriver/troubleshooting/errors#no-such-element-exception\nStacktrace:\n#0 0x55ed97c9da1a <unknown>\n#1 0x55ed97755390 <unknown>\n#2 0x55ed977a6c85 <unknown>\n#3 0x55ed977a6eb1 <unknown>\n#4 0x55ed977f5d64 <unknown>\n#5 0x55ed977ccbfd <unknown>\n#6 0x55ed977f307b <unknown>\n#7 0x55ed977cc9a3 <unknown>\n#8 0x55ed9779860e <unknown>\n#9 0x55ed97799dd1 <unknown>\n#10 0x55ed97c63ddb <unknown>\n#11 0x55ed97c67cbc <unknown>\n#12 0x55ed97c4b392 <unknown>\n#13 0x55ed97c68834 <unknown>\n#14 0x55ed97c2f1ef <unknown>\n#15 0x55ed97c8c038 <unknown>\n#16 0x55ed97c8c216 <unknown>\n#17 0x55ed97c9c896 <unknown>\n#18 0x7f3da769caa4 <unknown>\n#19 0x7f3da7729c3c <unknown>","time":{"start":1743325880791,"stop":1743325900912,"duration":20121}},{"uid":"e7b53e099396b12","status":"broken","statusDetails":"selenium.common.exceptions.NoSuchElementException: Message: no such element: Unable to locate element: {\"method\":\"xpath\",\"selector\":\"//*[contains(text(), 'new_card')]\"}\n  (Session info: chrome=134.0.6998.165); For documentation on this error, please visit: https://www.selenium.dev/documentation/webdriver/troubleshooting/errors#no-such-element-exception\nStacktrace:\n#0 0x55b11227dffa <unknown>\n#1 0x55b111d3c970 <unknown>\n#2 0x55b111d8e385 <unknown>\n#3 0x55b111d8e5b1 <unknown>\n#4 0x55b111ddd3c4 <unknown>\n#5 0x55b111db42bd <unknown>\n#6 0x55b111dda70c <unknown>\n#7 0x55b111db4063 <unknown>\n#8 0x55b111d80328 <unknown>\n#9 0x55b111d81491 <unknown>\n#10 0x55b11224542b <unknown>\n#11 0x55b1122492ec <unknown>\n#12 0x55b11222ca22 <unknown>\n#13 0x55b112249e64 <unknown>\n#14 0x55b112210bef <unknown>\n#15 0x55b11226c558 <unknown>\n#16 0x55b11226c736 <unknown>\n#17 0x55b11227ce76 <unknown>\n#18 0x7f73bba9caa4 <unknown>\n#19 0x7f73bbb29c3c <unknown>","time":{"start":1743315388354,"stop":1743315408506,"duration":20152}},{"uid":"7d440caeb8301c0a","status":"passed","time":{"start":1743305577509,"stop":1743305601533,"duration":24024}},{"uid":"fc227d8dca4f80b1","status":"passed","time":{"start":1743295762798,"stop":1743295785408,"duration":22610}},{"uid":"e703aa0539feb5f7","status":"broken","statusDetails":"selenium.common.exceptions.NoSuchElementException: Message: no such element: Unable to locate element: {\"method\":\"xpath\",\"selector\":\"//*[contains(text(), 'new_card')]\"}\n  (Session info: chrome=134.0.6998.165); For documentation on this error, please visit: https://www.selenium.dev/documentation/webdriver/troubleshooting/errors#no-such-element-exception\nStacktrace:\n#0 0x558c24b15a1a <unknown>\n#1 0x558c245cd390 <unknown>\n#2 0x558c2461ec85 <unknown>\n#3 0x558c2461eeb1 <unknown>\n#4 0x558c2466dd64 <unknown>\n#5 0x558c24644bfd <unknown>\n#6 0x558c2466b07b <unknown>\n#7 0x558c246449a3 <unknown>\n#8 0x558c2461060e <unknown>\n#9 0x558c24611dd1 <unknown>\n#10 0x558c24adbddb <unknown>\n#11 0x558c24adfcbc <unknown>\n#12 0x558c24ac3392 <unknown>\n#13 0x558c24ae0834 <unknown>\n#14 0x558c24aa71ef <unknown>\n#15 0x558c24b04038 <unknown>\n#16 0x558c24b04216 <unknown>\n#17 0x558c24b14896 <unknown>\n#18 0x7fbcac89caa4 <unknown>\n#19 0x7fbcac929c3c <unknown>","time":{"start":1743282681508,"stop":1743282701648,"duration":20140}},{"uid":"96e1f099a6efc762","status":"broken","statusDetails":"selenium.common.exceptions.NoSuchElementException: Message: no such element: Unable to locate element: {\"method\":\"xpath\",\"selector\":\"//*[contains(text(), 'new_card')]\"}\n  (Session info: chrome=134.0.6998.165); For documentation on this error, please visit: https://www.selenium.dev/documentation/webdriver/troubleshooting/errors#no-such-element-exception\nStacktrace:\n#0 0x557a57d0affa <unknown>\n#1 0x557a577c9970 <unknown>\n#2 0x557a5781b385 <unknown>\n#3 0x557a5781b5b1 <unknown>\n#4 0x557a5786a3c4 <unknown>\n#5 0x557a578412bd <unknown>\n#6 0x557a5786770c <unknown>\n#7 0x557a57841063 <unknown>\n#8 0x557a5780d328 <unknown>\n#9 0x557a5780e491 <unknown>\n#10 0x557a57cd242b <unknown>\n#11 0x557a57cd62ec <unknown>\n#12 0x557a57cb9a22 <unknown>\n#13 0x557a57cd6e64 <unknown>\n#14 0x557a57c9dbef <unknown>\n#15 0x557a57cf9558 <unknown>\n#16 0x557a57cf9736 <unknown>\n#17 0x557a57d09e76 <unknown>\n#18 0x7f236c89caa4 <unknown>\n#19 0x7f236c929c3c <unknown>","time":{"start":1743272027168,"stop":1743272047389,"duration":20221}},{"uid":"dc3d3b907818e51b","status":"passed","time":{"start":1743261118988,"stop":1743261140922,"duration":21934}},{"uid":"fb930faab8a5a1da","status":"broken","statusDetails":"selenium.common.exceptions.NoSuchElementException: Message: no such element: Unable to locate element: {\"method\":\"xpath\",\"selector\":\"//*[contains(text(), 'new_card')]\"}\n  (Session info: chrome=134.0.6998.165); For documentation on this error, please visit: https://www.selenium.dev/documentation/webdriver/troubleshooting/errors#no-such-element-exception\nStacktrace:\n#0 0x556a653e5ffa <unknown>\n#1 0x556a64ea4970 <unknown>\n#2 0x556a64ef6385 <unknown>\n#3 0x556a64ef65b1 <unknown>\n#4 0x556a64f453c4 <unknown>\n#5 0x556a64f1c2bd <unknown>\n#6 0x556a64f4270c <unknown>\n#7 0x556a64f1c063 <unknown>\n#8 0x556a64ee8328 <unknown>\n#9 0x556a64ee9491 <unknown>\n#10 0x556a653ad42b <unknown>\n#11 0x556a653b12ec <unknown>\n#12 0x556a65394a22 <unknown>\n#13 0x556a653b1e64 <unknown>\n#14 0x556a65378bef <unknown>\n#15 0x556a653d4558 <unknown>\n#16 0x556a653d4736 <unknown>\n#17 0x556a653e4e76 <unknown>\n#18 0x7f09c469caa4 <unknown>\n#19 0x7f09c4729c3c <unknown>","time":{"start":1743250773021,"stop":1743250793982,"duration":20961}},{"uid":"4f5fd480798318e7","status":"broken","statusDetails":"selenium.common.exceptions.NoSuchElementException: Message: no such element: Unable to locate element: {\"method\":\"xpath\",\"selector\":\"//*[contains(text(), 'new_card')]\"}\n  (Session info: chrome=134.0.6998.165); For documentation on this error, please visit: https://www.selenium.dev/documentation/webdriver/troubleshooting/errors#no-such-element-exception\nStacktrace:\n#0 0x557d95e63ffa <unknown>\n#1 0x557d95922970 <unknown>\n#2 0x557d95974385 <unknown>\n#3 0x557d959745b1 <unknown>\n#4 0x557d959c33c4 <unknown>\n#5 0x557d9599a2bd <unknown>\n#6 0x557d959c070c <unknown>\n#7 0x557d9599a063 <unknown>\n#8 0x557d95966328 <unknown>\n#9 0x557d95967491 <unknown>\n#10 0x557d95e2b42b <unknown>\n#11 0x557d95e2f2ec <unknown>\n#12 0x557d95e12a22 <unknown>\n#13 0x557d95e2fe64 <unknown>\n#14 0x557d95df6bef <unknown>\n#15 0x557d95e52558 <unknown>\n#16 0x557d95e52736 <unknown>\n#17 0x557d95e62e76 <unknown>\n#18 0x7fe507c9caa4 <unknown>\n#19 0x7fe507d29c3c <unknown>","time":{"start":1743239548408,"stop":1743239568641,"duration":20233}},{"uid":"116790ea01c7a3ac","status":"broken","statusDetails":"selenium.common.exceptions.NoSuchElementException: Message: no such element: Unable to locate element: {\"method\":\"xpath\",\"selector\":\"//*[contains(text(), 'new_card')]\"}\n  (Session info: chrome=134.0.6998.165); For documentation on this error, please visit: https://www.selenium.dev/documentation/webdriver/troubleshooting/errors#no-such-element-exception\nStacktrace:\n#0 0x56307df2fffa <unknown>\n#1 0x56307d9ee970 <unknown>\n#2 0x56307da40385 <unknown>\n#3 0x56307da405b1 <unknown>\n#4 0x56307da8f3c4 <unknown>\n#5 0x56307da662bd <unknown>\n#6 0x56307da8c70c <unknown>\n#7 0x56307da66063 <unknown>\n#8 0x56307da32328 <unknown>\n#9 0x56307da33491 <unknown>\n#10 0x56307def742b <unknown>\n#11 0x56307defb2ec <unknown>\n#12 0x56307dedea22 <unknown>\n#13 0x56307defbe64 <unknown>\n#14 0x56307dec2bef <unknown>\n#15 0x56307df1e558 <unknown>\n#16 0x56307df1e736 <unknown>\n#17 0x56307df2ee76 <unknown>\n#18 0x7fe63ce9caa4 <unknown>\n#19 0x7fe63cf29c3c <unknown>","time":{"start":1743228904723,"stop":1743228924897,"duration":20174}},{"uid":"517dcec39e11874e","status":"broken","statusDetails":"selenium.common.exceptions.NoSuchElementException: Message: no such element: Unable to locate element: {\"method\":\"xpath\",\"selector\":\"//*[contains(text(), 'new_card')]\"}\n  (Session info: chrome=134.0.6998.165); For documentation on this error, please visit: https://www.selenium.dev/documentation/webdriver/troubleshooting/errors#no-such-element-exception\nStacktrace:\n#0 0x561f95d61ffa <unknown>\n#1 0x561f95820970 <unknown>\n#2 0x561f95872385 <unknown>\n#3 0x561f958725b1 <unknown>\n#4 0x561f958c13c4 <unknown>\n#5 0x561f958982bd <unknown>\n#6 0x561f958be70c <unknown>\n#7 0x561f95898063 <unknown>\n#8 0x561f95864328 <unknown>\n#9 0x561f95865491 <unknown>\n#10 0x561f95d2942b <unknown>\n#11 0x561f95d2d2ec <unknown>\n#12 0x561f95d10a22 <unknown>\n#13 0x561f95d2de64 <unknown>\n#14 0x561f95cf4bef <unknown>\n#15 0x561f95d50558 <unknown>\n#16 0x561f95d50736 <unknown>\n#17 0x561f95d60e76 <unknown>\n#18 0x7f197649caa4 <unknown>\n#19 0x7f1976529c3c <unknown>","time":{"start":1743218659719,"stop":1743218679827,"duration":20108}},{"uid":"3a842dbcb45ecf50","status":"broken","statusDetails":"selenium.common.exceptions.NoSuchElementException: Message: no such element: Unable to locate element: {\"method\":\"xpath\",\"selector\":\"//*[contains(text(), 'new_card')]\"}\n  (Session info: chrome=134.0.6998.165); For documentation on this error, please visit: https://www.selenium.dev/documentation/webdriver/troubleshooting/errors#no-such-element-exception\nStacktrace:\n#0 0x555599ad2ffa <unknown>\n#1 0x555599591970 <unknown>\n#2 0x5555995e3385 <unknown>\n#3 0x5555995e35b1 <unknown>\n#4 0x5555996323c4 <unknown>\n#5 0x5555996092bd <unknown>\n#6 0x55559962f70c <unknown>\n#7 0x555599609063 <unknown>\n#8 0x5555995d5328 <unknown>\n#9 0x5555995d6491 <unknown>\n#10 0x555599a9a42b <unknown>\n#11 0x555599a9e2ec <unknown>\n#12 0x555599a81a22 <unknown>\n#13 0x555599a9ee64 <unknown>\n#14 0x555599a65bef <unknown>\n#15 0x555599ac1558 <unknown>\n#16 0x555599ac1736 <unknown>\n#17 0x555599ad1e76 <unknown>\n#18 0x7f5f83a9caa4 <unknown>\n#19 0x7f5f83b29c3c <unknown>","time":{"start":1743209130902,"stop":1743209151156,"duration":20254}},{"uid":"97790310f1d714a1","status":"broken","statusDetails":"selenium.common.exceptions.NoSuchElementException: Message: no such element: Unable to locate element: {\"method\":\"xpath\",\"selector\":\"//*[contains(text(), 'new_card')]\"}\n  (Session info: chrome=134.0.6998.165); For documentation on this error, please visit: https://www.selenium.dev/documentation/webdriver/troubleshooting/errors#no-such-element-exception\nStacktrace:\n#0 0x55ffdf22affa <unknown>\n#1 0x55ffdece9970 <unknown>\n#2 0x55ffded3b385 <unknown>\n#3 0x55ffded3b5b1 <unknown>\n#4 0x55ffded8a3c4 <unknown>\n#5 0x55ffded612bd <unknown>\n#6 0x55ffded8770c <unknown>\n#7 0x55ffded61063 <unknown>\n#8 0x55ffded2d328 <unknown>\n#9 0x55ffded2e491 <unknown>\n#10 0x55ffdf1f242b <unknown>\n#11 0x55ffdf1f62ec <unknown>\n#12 0x55ffdf1d9a22 <unknown>\n#13 0x55ffdf1f6e64 <unknown>\n#14 0x55ffdf1bdbef <unknown>\n#15 0x55ffdf219558 <unknown>\n#16 0x55ffdf219736 <unknown>\n#17 0x55ffdf229e76 <unknown>\n#18 0x7f075989caa4 <unknown>\n#19 0x7f0759929c3c <unknown>","time":{"start":1743196290275,"stop":1743196310417,"duration":20142}},{"uid":"7ea52c2827b80db3","status":"broken","statusDetails":"selenium.common.exceptions.NoSuchElementException: Message: no such element: Unable to locate element: {\"method\":\"xpath\",\"selector\":\"//*[contains(text(), 'new_card')]\"}\n  (Session info: chrome=134.0.6998.165); For documentation on this error, please visit: https://www.selenium.dev/documentation/webdriver/troubleshooting/errors#no-such-element-exception\nStacktrace:\n#0 0x5629ffdeeffa <unknown>\n#1 0x5629ff8ad970 <unknown>\n#2 0x5629ff8ff385 <unknown>\n#3 0x5629ff8ff5b1 <unknown>\n#4 0x5629ff94e3c4 <unknown>\n#5 0x5629ff9252bd <unknown>\n#6 0x5629ff94b70c <unknown>\n#7 0x5629ff925063 <unknown>\n#8 0x5629ff8f1328 <unknown>\n#9 0x5629ff8f2491 <unknown>\n#10 0x5629ffdb642b <unknown>\n#11 0x5629ffdba2ec <unknown>\n#12 0x5629ffd9da22 <unknown>\n#13 0x5629ffdbae64 <unknown>\n#14 0x5629ffd81bef <unknown>\n#15 0x5629ffddd558 <unknown>\n#16 0x5629ffddd736 <unknown>\n#17 0x5629ffdede76 <unknown>\n#18 0x7f2d1e49caa4 <unknown>\n#19 0x7f2d1e529c3c <unknown>","time":{"start":1743185787110,"stop":1743185807280,"duration":20170}},{"uid":"47ebd97f858ae23b","status":"broken","statusDetails":"selenium.common.exceptions.NoSuchElementException: Message: no such element: Unable to locate element: {\"method\":\"xpath\",\"selector\":\"//*[contains(text(), 'new_card')]\"}\n  (Session info: chrome=134.0.6998.165); For documentation on this error, please visit: https://www.selenium.dev/documentation/webdriver/troubleshooting/errors#no-such-element-exception\nStacktrace:\n#0 0x55f1e753affa <unknown>\n#1 0x55f1e6ff9970 <unknown>\n#2 0x55f1e704b385 <unknown>\n#3 0x55f1e704b5b1 <unknown>\n#4 0x55f1e709a3c4 <unknown>\n#5 0x55f1e70712bd <unknown>\n#6 0x55f1e709770c <unknown>\n#7 0x55f1e7071063 <unknown>\n#8 0x55f1e703d328 <unknown>\n#9 0x55f1e703e491 <unknown>\n#10 0x55f1e750242b <unknown>\n#11 0x55f1e75062ec <unknown>\n#12 0x55f1e74e9a22 <unknown>\n#13 0x55f1e7506e64 <unknown>\n#14 0x55f1e74cdbef <unknown>\n#15 0x55f1e7529558 <unknown>\n#16 0x55f1e7529736 <unknown>\n#17 0x55f1e7539e76 <unknown>\n#18 0x7ff3fae9caa4 <unknown>\n#19 0x7ff3faf29c3c <unknown>","time":{"start":1743174777619,"stop":1743174798362,"duration":20743}},{"uid":"fa6b6a14f81e23e6","status":"broken","statusDetails":"selenium.common.exceptions.NoSuchElementException: Message: no such element: Unable to locate element: {\"method\":\"xpath\",\"selector\":\"//*[contains(text(), 'new_card')]\"}\n  (Session info: chrome=134.0.6998.165); For documentation on this error, please visit: https://www.selenium.dev/documentation/webdriver/troubleshooting/errors#no-such-element-exception\nStacktrace:\n#0 0x55856be98a1a <unknown>\n#1 0x55856b950390 <unknown>\n#2 0x55856b9a1c85 <unknown>\n#3 0x55856b9a1eb1 <unknown>\n#4 0x55856b9f0d64 <unknown>\n#5 0x55856b9c7bfd <unknown>\n#6 0x55856b9ee07b <unknown>\n#7 0x55856b9c79a3 <unknown>\n#8 0x55856b99360e <unknown>\n#9 0x55856b994dd1 <unknown>\n#10 0x55856be5eddb <unknown>\n#11 0x55856be62cbc <unknown>\n#12 0x55856be46392 <unknown>\n#13 0x55856be63834 <unknown>\n#14 0x55856be2a1ef <unknown>\n#15 0x55856be87038 <unknown>\n#16 0x55856be87216 <unknown>\n#17 0x55856be97896 <unknown>\n#18 0x7f2bfd29caa4 <unknown>\n#19 0x7f2bfd329c3c <unknown>","time":{"start":1743164331998,"stop":1743164352169,"duration":20171}},{"uid":"bbdfae0d597569eb","status":"broken","statusDetails":"selenium.common.exceptions.NoSuchElementException: Message: no such element: Unable to locate element: {\"method\":\"xpath\",\"selector\":\"//*[contains(text(), 'new_card')]\"}\n  (Session info: chrome=134.0.6998.165); For documentation on this error, please visit: https://www.selenium.dev/documentation/webdriver/troubleshooting/errors#no-such-element-exception\nStacktrace:\n#0 0x5612c6d37ffa <unknown>\n#1 0x5612c67f6970 <unknown>\n#2 0x5612c6848385 <unknown>\n#3 0x5612c68485b1 <unknown>\n#4 0x5612c68973c4 <unknown>\n#5 0x5612c686e2bd <unknown>\n#6 0x5612c689470c <unknown>\n#7 0x5612c686e063 <unknown>\n#8 0x5612c683a328 <unknown>\n#9 0x5612c683b491 <unknown>\n#10 0x5612c6cff42b <unknown>\n#11 0x5612c6d032ec <unknown>\n#12 0x5612c6ce6a22 <unknown>\n#13 0x5612c6d03e64 <unknown>\n#14 0x5612c6ccabef <unknown>\n#15 0x5612c6d26558 <unknown>\n#16 0x5612c6d26736 <unknown>\n#17 0x5612c6d36e76 <unknown>\n#18 0x7fa807e9caa4 <unknown>\n#19 0x7fa807f29c3c <unknown>","time":{"start":1743153274032,"stop":1743153294197,"duration":20165}},{"uid":"ec553b9e466568a","status":"broken","statusDetails":"selenium.common.exceptions.NoSuchElementException: Message: no such element: Unable to locate element: {\"method\":\"xpath\",\"selector\":\"//*[contains(text(), 'new_card')]\"}\n  (Session info: chrome=134.0.6998.165); For documentation on this error, please visit: https://www.selenium.dev/documentation/webdriver/troubleshooting/errors#no-such-element-exception\nStacktrace:\n#0 0x559a22a5bffa <unknown>\n#1 0x559a2251a970 <unknown>\n#2 0x559a2256c385 <unknown>\n#3 0x559a2256c5b1 <unknown>\n#4 0x559a225bb3c4 <unknown>\n#5 0x559a225922bd <unknown>\n#6 0x559a225b870c <unknown>\n#7 0x559a22592063 <unknown>\n#8 0x559a2255e328 <unknown>\n#9 0x559a2255f491 <unknown>\n#10 0x559a22a2342b <unknown>\n#11 0x559a22a272ec <unknown>\n#12 0x559a22a0aa22 <unknown>\n#13 0x559a22a27e64 <unknown>\n#14 0x559a229eebef <unknown>\n#15 0x559a22a4a558 <unknown>\n#16 0x559a22a4a736 <unknown>\n#17 0x559a22a5ae76 <unknown>\n#18 0x7fe1e389caa4 <unknown>\n#19 0x7fe1e3929c3c <unknown>","time":{"start":1743142616046,"stop":1743142636289,"duration":20243}}]},"tags":["TC007","TC000"]},"source":"3767f890bb8ee0ab.json","parameterValues":[]}