{"uid":"388095283552aba","name":"Drag and drop card from one list to another","fullName":"tests.regression_ui.test_ui_regression.TestUIRegression#test_drag_n_drop_card","historyId":"58c27d4ea8138de64fd4e105da17ea92","time":{"start":1743737292047,"stop":1743737309206,"duration":17159},"status":"broken","statusMessage":"selenium.common.exceptions.NoSuchElementException: Message: no such element: Unable to locate element: {\"method\":\"xpath\",\"selector\":\"//*[contains(text(), 'new_card')]\"}\n  (Session info: chrome=135.0.7049.52); For documentation on this error, please visit: https://www.selenium.dev/documentation/webdriver/troubleshooting/errors#no-such-element-exception\nStacktrace:\n#0 0x55f503ac1ffa <unknown>\n#1 0x55f503580970 <unknown>\n#2 0x55f5035d2385 <unknown>\n#3 0x55f5035d25b1 <unknown>\n#4 0x55f5036213c4 <unknown>\n#5 0x55f5035f82bd <unknown>\n#6 0x55f50361e70c <unknown>\n#7 0x55f5035f8063 <unknown>\n#8 0x55f5035c4328 <unknown>\n#9 0x55f5035c5491 <unknown>\n#10 0x55f503a8942b <unknown>\n#11 0x55f503a8d2ec <unknown>\n#12 0x55f503a70a22 <unknown>\n#13 0x55f503a8de64 <unknown>\n#14 0x55f503a54bef <unknown>\n#15 0x55f503ab0558 <unknown>\n#16 0x55f503ab0736 <unknown>\n#17 0x55f503ac0e76 <unknown>\n#18 0x7eff1b49caa4 <unknown>\n#19 0x7eff1b529c3c <unknown>","statusTrace":"self = <tests.regression_ui.test_ui_regression.TestUIRegression object at 0x7fb0c90ae990>\ndriver = <selenium.webdriver.chrome.webdriver.WebDriver (session=\"a346faf067f7b3eb20bccee902e05c37\")>\n\n    @pytest.mark.TC000\n    @pytest.mark.TC005\n    @allure.title('Drag and drop card from one list to another')\n    def test_drag_n_drop_card(self, driver):\n        time.sleep(7)\n        with allure.step('Log in to Trello account'):\n            self.test_login(driver)\n        with allure.step('Drag and drop card from one list to another list'):\n            WebDriverWait(driver, 10).until(EC.element_to_be_clickable((By.XPATH, self.SCC.Board.BOARD_TITLE))).click()\n            WebDriverWait(driver, 10).until(EC.element_to_be_clickable((By.XPATH, self.SCC.Board.ADD_ANOTHER_LIST_BUTTON))).click()\n            driver.find_element(By.XPATH, self.SCC.Board.ENTER_LIST_NAME_FIELD).send_keys('new_list_2')\n            driver.find_element(By.XPATH, self.SCC.Board.ADD_LIST_SUBMIT_BUTTON).click()\n            time.sleep(3)\n>           source_element = driver.find_element(By.XPATH, self.SCC.List.NEW_CARD_TITLE)\n\ntests/regression_ui/test_ui_regression.py:175: \n_ _ _ _ _ _ _ _ _ _ _ _ _ _ _ _ _ _ _ _ _ _ _ _ _ _ _ _ _ _ _ _ _ _ _ _ _ _ _ _ \n/opt/hostedtoolcache/Python/3.12.5/x64/lib/python3.12/site-packages/selenium/webdriver/remote/webdriver.py:770: in find_element\n    return self.execute(Command.FIND_ELEMENT, {\"using\": by, \"value\": value})[\"value\"]\n/opt/hostedtoolcache/Python/3.12.5/x64/lib/python3.12/site-packages/selenium/webdriver/remote/webdriver.py:384: in execute\n    self.error_handler.check_response(response)\n_ _ _ _ _ _ _ _ _ _ _ _ _ _ _ _ _ _ _ _ _ _ _ _ _ _ _ _ _ _ _ _ _ _ _ _ _ _ _ _ \n\nself = <selenium.webdriver.remote.errorhandler.ErrorHandler object at 0x7fb0c90fd160>\nresponse = {'status': 404, 'value': '{\"value\":{\"error\":\"no such element\",\"message\":\"no such element: Unable to locate element: {\\...\\\\n#17 0x55f503ac0e76 \\\\u003Cunknown>\\\\n#18 0x7eff1b49caa4 \\\\u003Cunknown>\\\\n#19 0x7eff1b529c3c \\\\u003Cunknown>\\\\n\"}}'}\n\n    def check_response(self, response: Dict[str, Any]) -> None:\n        \"\"\"Checks that a JSON response from the WebDriver does not have an\n        error.\n    \n        :Args:\n         - response - The JSON response from the WebDriver server as a dictionary\n           object.\n    \n        :Raises: If the response contains an error message.\n        \"\"\"\n        status = response.get(\"status\", None)\n        if not status or status == ErrorCode.SUCCESS:\n            return\n        value = None\n        message = response.get(\"message\", \"\")\n        screen: str = response.get(\"screen\", \"\")\n        stacktrace = None\n        if isinstance(status, int):\n            value_json = response.get(\"value\", None)\n            if value_json and isinstance(value_json, str):\n                import json\n    \n                try:\n                    value = json.loads(value_json)\n                    if len(value) == 1:\n                        value = value[\"value\"]\n                    status = value.get(\"error\", None)\n                    if not status:\n                        status = value.get(\"status\", ErrorCode.UNKNOWN_ERROR)\n                        message = value.get(\"value\") or value.get(\"message\")\n                        if not isinstance(message, str):\n                            value = message\n                            message = message.get(\"message\")\n                    else:\n                        message = value.get(\"message\", None)\n                except ValueError:\n                    pass\n    \n        exception_class: Type[WebDriverException]\n        e = ErrorCode()\n        error_codes = [item for item in dir(e) if not item.startswith(\"__\")]\n        for error_code in error_codes:\n            error_info = getattr(ErrorCode, error_code)\n            if isinstance(error_info, list) and status in error_info:\n                exception_class = getattr(ExceptionMapping, error_code, WebDriverException)\n                break\n        else:\n            exception_class = WebDriverException\n    \n        if not value:\n            value = response[\"value\"]\n        if isinstance(value, str):\n            raise exception_class(value)\n        if message == \"\" and \"message\" in value:\n            message = value[\"message\"]\n    \n        screen = None  # type: ignore[assignment]\n        if \"screen\" in value:\n            screen = value[\"screen\"]\n    \n        stacktrace = None\n        st_value = value.get(\"stackTrace\") or value.get(\"stacktrace\")\n        if st_value:\n            if isinstance(st_value, str):\n                stacktrace = st_value.split(\"\\n\")\n            else:\n                stacktrace = []\n                try:\n                    for frame in st_value:\n                        line = frame.get(\"lineNumber\", \"\")\n                        file = frame.get(\"fileName\", \"<anonymous>\")\n                        if line:\n                            file = f\"{file}:{line}\"\n                        meth = frame.get(\"methodName\", \"<anonymous>\")\n                        if \"className\" in frame:\n                            meth = f\"{frame['className']}.{meth}\"\n                        msg = \"    at %s (%s)\"\n                        msg = msg % (meth, file)\n                        stacktrace.append(msg)\n                except TypeError:\n                    pass\n        if exception_class == UnexpectedAlertPresentException:\n            alert_text = None\n            if \"data\" in value:\n                alert_text = value[\"data\"].get(\"text\")\n            elif \"alert\" in value:\n                alert_text = value[\"alert\"].get(\"text\")\n            raise exception_class(message, screen, stacktrace, alert_text)  # type: ignore[call-arg]  # mypy is not smart enough here\n>       raise exception_class(message, screen, stacktrace)\nE       selenium.common.exceptions.NoSuchElementException: Message: no such element: Unable to locate element: {\"method\":\"xpath\",\"selector\":\"//*[contains(text(), 'new_card')]\"}\nE         (Session info: chrome=135.0.7049.52); For documentation on this error, please visit: https://www.selenium.dev/documentation/webdriver/troubleshooting/errors#no-such-element-exception\nE       Stacktrace:\nE       #0 0x55f503ac1ffa <unknown>\nE       #1 0x55f503580970 <unknown>\nE       #2 0x55f5035d2385 <unknown>\nE       #3 0x55f5035d25b1 <unknown>\nE       #4 0x55f5036213c4 <unknown>\nE       #5 0x55f5035f82bd <unknown>\nE       #6 0x55f50361e70c <unknown>\nE       #7 0x55f5035f8063 <unknown>\nE       #8 0x55f5035c4328 <unknown>\nE       #9 0x55f5035c5491 <unknown>\nE       #10 0x55f503a8942b <unknown>\nE       #11 0x55f503a8d2ec <unknown>\nE       #12 0x55f503a70a22 <unknown>\nE       #13 0x55f503a8de64 <unknown>\nE       #14 0x55f503a54bef <unknown>\nE       #15 0x55f503ab0558 <unknown>\nE       #16 0x55f503ab0736 <unknown>\nE       #17 0x55f503ac0e76 <unknown>\nE       #18 0x7eff1b49caa4 <unknown>\nE       #19 0x7eff1b529c3c <unknown>\n\n/opt/hostedtoolcache/Python/3.12.5/x64/lib/python3.12/site-packages/selenium/webdriver/remote/errorhandler.py:232: NoSuchElementException","flaky":false,"newFailed":false,"newBroken":false,"newPassed":false,"retriesCount":0,"retriesStatusChange":false,"beforeStages":[{"name":"driver","time":{"start":1743737291726,"stop":1743737292046,"duration":320},"status":"passed","steps":[],"attachments":[],"parameters":[],"shouldDisplayMessage":false,"stepsCount":0,"attachmentsCount":0,"hasContent":false,"attachmentStep":false},{"name":"setup","time":{"start":1743737292046,"stop":1743737292046,"duration":0},"status":"passed","steps":[],"attachments":[],"parameters":[],"shouldDisplayMessage":false,"stepsCount":0,"attachmentsCount":0,"hasContent":false,"attachmentStep":false}],"testStage":{"status":"broken","statusMessage":"selenium.common.exceptions.NoSuchElementException: Message: no such element: Unable to locate element: {\"method\":\"xpath\",\"selector\":\"//*[contains(text(), 'new_card')]\"}\n  (Session info: chrome=135.0.7049.52); For documentation on this error, please visit: https://www.selenium.dev/documentation/webdriver/troubleshooting/errors#no-such-element-exception\nStacktrace:\n#0 0x55f503ac1ffa <unknown>\n#1 0x55f503580970 <unknown>\n#2 0x55f5035d2385 <unknown>\n#3 0x55f5035d25b1 <unknown>\n#4 0x55f5036213c4 <unknown>\n#5 0x55f5035f82bd <unknown>\n#6 0x55f50361e70c <unknown>\n#7 0x55f5035f8063 <unknown>\n#8 0x55f5035c4328 <unknown>\n#9 0x55f5035c5491 <unknown>\n#10 0x55f503a8942b <unknown>\n#11 0x55f503a8d2ec <unknown>\n#12 0x55f503a70a22 <unknown>\n#13 0x55f503a8de64 <unknown>\n#14 0x55f503a54bef <unknown>\n#15 0x55f503ab0558 <unknown>\n#16 0x55f503ab0736 <unknown>\n#17 0x55f503ac0e76 <unknown>\n#18 0x7eff1b49caa4 <unknown>\n#19 0x7eff1b529c3c <unknown>","statusTrace":"self = <tests.regression_ui.test_ui_regression.TestUIRegression object at 0x7fb0c90ae990>\ndriver = <selenium.webdriver.chrome.webdriver.WebDriver (session=\"a346faf067f7b3eb20bccee902e05c37\")>\n\n    @pytest.mark.TC000\n    @pytest.mark.TC005\n    @allure.title('Drag and drop card from one list to another')\n    def test_drag_n_drop_card(self, driver):\n        time.sleep(7)\n        with allure.step('Log in to Trello account'):\n            self.test_login(driver)\n        with allure.step('Drag and drop card from one list to another list'):\n            WebDriverWait(driver, 10).until(EC.element_to_be_clickable((By.XPATH, self.SCC.Board.BOARD_TITLE))).click()\n            WebDriverWait(driver, 10).until(EC.element_to_be_clickable((By.XPATH, self.SCC.Board.ADD_ANOTHER_LIST_BUTTON))).click()\n            driver.find_element(By.XPATH, self.SCC.Board.ENTER_LIST_NAME_FIELD).send_keys('new_list_2')\n            driver.find_element(By.XPATH, self.SCC.Board.ADD_LIST_SUBMIT_BUTTON).click()\n            time.sleep(3)\n>           source_element = driver.find_element(By.XPATH, self.SCC.List.NEW_CARD_TITLE)\n\ntests/regression_ui/test_ui_regression.py:175: \n_ _ _ _ _ _ _ _ _ _ _ _ _ _ _ _ _ _ _ _ _ _ _ _ _ _ _ _ _ _ _ _ _ _ _ _ _ _ _ _ \n/opt/hostedtoolcache/Python/3.12.5/x64/lib/python3.12/site-packages/selenium/webdriver/remote/webdriver.py:770: in find_element\n    return self.execute(Command.FIND_ELEMENT, {\"using\": by, \"value\": value})[\"value\"]\n/opt/hostedtoolcache/Python/3.12.5/x64/lib/python3.12/site-packages/selenium/webdriver/remote/webdriver.py:384: in execute\n    self.error_handler.check_response(response)\n_ _ _ _ _ _ _ _ _ _ _ _ _ _ _ _ _ _ _ _ _ _ _ _ _ _ _ _ _ _ _ _ _ _ _ _ _ _ _ _ \n\nself = <selenium.webdriver.remote.errorhandler.ErrorHandler object at 0x7fb0c90fd160>\nresponse = {'status': 404, 'value': '{\"value\":{\"error\":\"no such element\",\"message\":\"no such element: Unable to locate element: {\\...\\\\n#17 0x55f503ac0e76 \\\\u003Cunknown>\\\\n#18 0x7eff1b49caa4 \\\\u003Cunknown>\\\\n#19 0x7eff1b529c3c \\\\u003Cunknown>\\\\n\"}}'}\n\n    def check_response(self, response: Dict[str, Any]) -> None:\n        \"\"\"Checks that a JSON response from the WebDriver does not have an\n        error.\n    \n        :Args:\n         - response - The JSON response from the WebDriver server as a dictionary\n           object.\n    \n        :Raises: If the response contains an error message.\n        \"\"\"\n        status = response.get(\"status\", None)\n        if not status or status == ErrorCode.SUCCESS:\n            return\n        value = None\n        message = response.get(\"message\", \"\")\n        screen: str = response.get(\"screen\", \"\")\n        stacktrace = None\n        if isinstance(status, int):\n            value_json = response.get(\"value\", None)\n            if value_json and isinstance(value_json, str):\n                import json\n    \n                try:\n                    value = json.loads(value_json)\n                    if len(value) == 1:\n                        value = value[\"value\"]\n                    status = value.get(\"error\", None)\n                    if not status:\n                        status = value.get(\"status\", ErrorCode.UNKNOWN_ERROR)\n                        message = value.get(\"value\") or value.get(\"message\")\n                        if not isinstance(message, str):\n                            value = message\n                            message = message.get(\"message\")\n                    else:\n                        message = value.get(\"message\", None)\n                except ValueError:\n                    pass\n    \n        exception_class: Type[WebDriverException]\n        e = ErrorCode()\n        error_codes = [item for item in dir(e) if not item.startswith(\"__\")]\n        for error_code in error_codes:\n            error_info = getattr(ErrorCode, error_code)\n            if isinstance(error_info, list) and status in error_info:\n                exception_class = getattr(ExceptionMapping, error_code, WebDriverException)\n                break\n        else:\n            exception_class = WebDriverException\n    \n        if not value:\n            value = response[\"value\"]\n        if isinstance(value, str):\n            raise exception_class(value)\n        if message == \"\" and \"message\" in value:\n            message = value[\"message\"]\n    \n        screen = None  # type: ignore[assignment]\n        if \"screen\" in value:\n            screen = value[\"screen\"]\n    \n        stacktrace = None\n        st_value = value.get(\"stackTrace\") or value.get(\"stacktrace\")\n        if st_value:\n            if isinstance(st_value, str):\n                stacktrace = st_value.split(\"\\n\")\n            else:\n                stacktrace = []\n                try:\n                    for frame in st_value:\n                        line = frame.get(\"lineNumber\", \"\")\n                        file = frame.get(\"fileName\", \"<anonymous>\")\n                        if line:\n                            file = f\"{file}:{line}\"\n                        meth = frame.get(\"methodName\", \"<anonymous>\")\n                        if \"className\" in frame:\n                            meth = f\"{frame['className']}.{meth}\"\n                        msg = \"    at %s (%s)\"\n                        msg = msg % (meth, file)\n                        stacktrace.append(msg)\n                except TypeError:\n                    pass\n        if exception_class == UnexpectedAlertPresentException:\n            alert_text = None\n            if \"data\" in value:\n                alert_text = value[\"data\"].get(\"text\")\n            elif \"alert\" in value:\n                alert_text = value[\"alert\"].get(\"text\")\n            raise exception_class(message, screen, stacktrace, alert_text)  # type: ignore[call-arg]  # mypy is not smart enough here\n>       raise exception_class(message, screen, stacktrace)\nE       selenium.common.exceptions.NoSuchElementException: Message: no such element: Unable to locate element: {\"method\":\"xpath\",\"selector\":\"//*[contains(text(), 'new_card')]\"}\nE         (Session info: chrome=135.0.7049.52); For documentation on this error, please visit: https://www.selenium.dev/documentation/webdriver/troubleshooting/errors#no-such-element-exception\nE       Stacktrace:\nE       #0 0x55f503ac1ffa <unknown>\nE       #1 0x55f503580970 <unknown>\nE       #2 0x55f5035d2385 <unknown>\nE       #3 0x55f5035d25b1 <unknown>\nE       #4 0x55f5036213c4 <unknown>\nE       #5 0x55f5035f82bd <unknown>\nE       #6 0x55f50361e70c <unknown>\nE       #7 0x55f5035f8063 <unknown>\nE       #8 0x55f5035c4328 <unknown>\nE       #9 0x55f5035c5491 <unknown>\nE       #10 0x55f503a8942b <unknown>\nE       #11 0x55f503a8d2ec <unknown>\nE       #12 0x55f503a70a22 <unknown>\nE       #13 0x55f503a8de64 <unknown>\nE       #14 0x55f503a54bef <unknown>\nE       #15 0x55f503ab0558 <unknown>\nE       #16 0x55f503ab0736 <unknown>\nE       #17 0x55f503ac0e76 <unknown>\nE       #18 0x7eff1b49caa4 <unknown>\nE       #19 0x7eff1b529c3c <unknown>\n\n/opt/hostedtoolcache/Python/3.12.5/x64/lib/python3.12/site-packages/selenium/webdriver/remote/errorhandler.py:232: NoSuchElementException","steps":[{"name":"Log in to Trello account","time":{"start":1743737299047,"stop":1743737304928,"duration":5881},"status":"passed","steps":[{"name":"Navigate to the Trello page and enter valid credentials (email, password, and 6-digits verification code)","time":{"start":1743737299047,"stop":1743737304928,"duration":5881},"status":"passed","steps":[],"attachments":[],"parameters":[],"shouldDisplayMessage":false,"stepsCount":0,"attachmentsCount":0,"hasContent":false,"attachmentStep":false}],"attachments":[],"parameters":[],"shouldDisplayMessage":false,"stepsCount":1,"attachmentsCount":0,"hasContent":true,"attachmentStep":false},{"name":"Drag and drop card from one list to another list","time":{"start":1743737304928,"stop":1743737309205,"duration":4277},"status":"broken","statusMessage":"selenium.common.exceptions.NoSuchElementException: Message: no such element: Unable to locate element: {\"method\":\"xpath\",\"selector\":\"//*[contains(text(), 'new_card')]\"}\n  (Session info: chrome=135.0.7049.52); For documentation on this error, please visit: https://www.selenium.dev/documentation/webdriver/troubleshooting/errors#no-such-element-exception\nStacktrace:\n#0 0x55f503ac1ffa <unknown>\n#1 0x55f503580970 <unknown>\n#2 0x55f5035d2385 <unknown>\n#3 0x55f5035d25b1 <unknown>\n#4 0x55f5036213c4 <unknown>\n#5 0x55f5035f82bd <unknown>\n#6 0x55f50361e70c <unknown>\n#7 0x55f5035f8063 <unknown>\n#8 0x55f5035c4328 <unknown>\n#9 0x55f5035c5491 <unknown>\n#10 0x55f503a8942b <unknown>\n#11 0x55f503a8d2ec <unknown>\n#12 0x55f503a70a22 <unknown>\n#13 0x55f503a8de64 <unknown>\n#14 0x55f503a54bef <unknown>\n#15 0x55f503ab0558 <unknown>\n#16 0x55f503ab0736 <unknown>\n#17 0x55f503ac0e76 <unknown>\n#18 0x7eff1b49caa4 <unknown>\n#19 0x7eff1b529c3c <unknown>\n\n","statusTrace":"  File \"/home/runner/work/pythonSelenium/pythonSelenium/tests/regression_ui/test_ui_regression.py\", line 175, in test_drag_n_drop_card\n    source_element = driver.find_element(By.XPATH, self.SCC.List.NEW_CARD_TITLE)\n                     ^^^^^^^^^^^^^^^^^^^^^^^^^^^^^^^^^^^^^^^^^^^^^^^^^^^^^^^^^^^\n  File \"/opt/hostedtoolcache/Python/3.12.5/x64/lib/python3.12/site-packages/selenium/webdriver/remote/webdriver.py\", line 770, in find_element\n    return self.execute(Command.FIND_ELEMENT, {\"using\": by, \"value\": value})[\"value\"]\n           ^^^^^^^^^^^^^^^^^^^^^^^^^^^^^^^^^^^^^^^^^^^^^^^^^^^^^^^^^^^^^^^^^\n  File \"/opt/hostedtoolcache/Python/3.12.5/x64/lib/python3.12/site-packages/selenium/webdriver/remote/webdriver.py\", line 384, in execute\n    self.error_handler.check_response(response)\n  File \"/opt/hostedtoolcache/Python/3.12.5/x64/lib/python3.12/site-packages/selenium/webdriver/remote/errorhandler.py\", line 232, in check_response\n    raise exception_class(message, screen, stacktrace)\n","steps":[],"attachments":[],"parameters":[],"shouldDisplayMessage":true,"stepsCount":0,"attachmentsCount":0,"hasContent":true,"attachmentStep":false}],"attachments":[{"uid":"6b8f3b34c2df4aba","name":"log","source":"6b8f3b34c2df4aba.txt","type":"text/plain","size":360}],"parameters":[],"shouldDisplayMessage":true,"stepsCount":3,"attachmentsCount":1,"hasContent":true,"attachmentStep":false},"afterStages":[{"name":"driver::0","time":{"start":1743737309234,"stop":1743737309305,"duration":71},"status":"passed","steps":[],"attachments":[],"parameters":[],"shouldDisplayMessage":false,"stepsCount":0,"attachmentsCount":0,"hasContent":false,"attachmentStep":false}],"labels":[{"name":"tag","value":"TC005"},{"name":"tag","value":"TC000"},{"name":"parentSuite","value":"tests.regression_ui"},{"name":"suite","value":"test_ui_regression"},{"name":"subSuite","value":"TestUIRegression"},{"name":"host","value":"fv-az1959-71"},{"name":"thread","value":"4725-MainThread"},{"name":"framework","value":"pytest"},{"name":"language","value":"cpython3"},{"name":"package","value":"tests.regression_ui.test_ui_regression"},{"name":"resultFormat","value":"allure2"}],"parameters":[],"links":[],"hidden":false,"retry":false,"extra":{"severity":"normal","retries":[],"categories":[{"name":"Test defects","matchedStatuses":[]}],"history":{"statistic":{"failed":6,"broken":93,"skipped":0,"passed":572,"unknown":0,"total":671},"items":[{"uid":"ec386f3e14f97f08","status":"broken","statusDetails":"selenium.common.exceptions.TimeoutException: Message: \nStacktrace:\n#0 0x55f2031b2ffa <unknown>\n#1 0x55f202c71970 <unknown>\n#2 0x55f202cc3385 <unknown>\n#3 0x55f202cc35b1 <unknown>\n#4 0x55f202d123c4 <unknown>\n#5 0x55f202ce92bd <unknown>\n#6 0x55f202d0f70c <unknown>\n#7 0x55f202ce9063 <unknown>\n#8 0x55f202cb5328 <unknown>\n#9 0x55f202cb6491 <unknown>\n#10 0x55f20317a42b <unknown>\n#11 0x55f20317e2ec <unknown>\n#12 0x55f203161a22 <unknown>\n#13 0x55f20317ee64 <unknown>\n#14 0x55f203145bef <unknown>\n#15 0x55f2031a1558 <unknown>\n#16 0x55f2031a1736 <unknown>\n#17 0x55f2031b1e76 <unknown>\n#18 0x7f212589caa4 <unknown>\n#19 0x7f2125929c3c <unknown>","time":{"start":1743727612537,"stop":1743727636192,"duration":23655}},{"uid":"11836cb2ec5e6769","status":"broken","statusDetails":"selenium.common.exceptions.TimeoutException: Message: \nStacktrace:\n#0 0x56091b932a1a <unknown>\n#1 0x56091b3ea390 <unknown>\n#2 0x56091b43bc85 <unknown>\n#3 0x56091b43beb1 <unknown>\n#4 0x56091b48ad64 <unknown>\n#5 0x56091b461bfd <unknown>\n#6 0x56091b48807b <unknown>\n#7 0x56091b4619a3 <unknown>\n#8 0x56091b42d60e <unknown>\n#9 0x56091b42edd1 <unknown>\n#10 0x56091b8f8ddb <unknown>\n#11 0x56091b8fccbc <unknown>\n#12 0x56091b8e0392 <unknown>\n#13 0x56091b8fd834 <unknown>\n#14 0x56091b8c41ef <unknown>\n#15 0x56091b921038 <unknown>\n#16 0x56091b921216 <unknown>\n#17 0x56091b931896 <unknown>\n#18 0x7f5688e9caa4 <unknown>\n#19 0x7f5688f29c3c <unknown>","time":{"start":1743714661262,"stop":1743714684356,"duration":23094}},{"uid":"8fd08d733362a45a","status":"broken","statusDetails":"selenium.common.exceptions.TimeoutException: Message: \nStacktrace:\n#0 0x5632c4194ffa <unknown>\n#1 0x5632c3c53970 <unknown>\n#2 0x5632c3ca5385 <unknown>\n#3 0x5632c3ca55b1 <unknown>\n#4 0x5632c3cf43c4 <unknown>\n#5 0x5632c3ccb2bd <unknown>\n#6 0x5632c3cf170c <unknown>\n#7 0x5632c3ccb063 <unknown>\n#8 0x5632c3c97328 <unknown>\n#9 0x5632c3c98491 <unknown>\n#10 0x5632c415c42b <unknown>\n#11 0x5632c41602ec <unknown>\n#12 0x5632c4143a22 <unknown>\n#13 0x5632c4160e64 <unknown>\n#14 0x5632c4127bef <unknown>\n#15 0x5632c4183558 <unknown>\n#16 0x5632c4183736 <unknown>\n#17 0x5632c4193e76 <unknown>\n#18 0x7fa867c9caa4 <unknown>\n#19 0x7fa867d29c3c <unknown>","time":{"start":1743704120634,"stop":1743704143849,"duration":23215}},{"uid":"4067b5a7d376b302","status":"broken","statusDetails":"selenium.common.exceptions.TimeoutException: Message: \nStacktrace:\n#0 0x55d1a106ba1a <unknown>\n#1 0x55d1a0b23390 <unknown>\n#2 0x55d1a0b74c85 <unknown>\n#3 0x55d1a0b74eb1 <unknown>\n#4 0x55d1a0bc3d64 <unknown>\n#5 0x55d1a0b9abfd <unknown>\n#6 0x55d1a0bc107b <unknown>\n#7 0x55d1a0b9a9a3 <unknown>\n#8 0x55d1a0b6660e <unknown>\n#9 0x55d1a0b67dd1 <unknown>\n#10 0x55d1a1031ddb <unknown>\n#11 0x55d1a1035cbc <unknown>\n#12 0x55d1a1019392 <unknown>\n#13 0x55d1a1036834 <unknown>\n#14 0x55d1a0ffd1ef <unknown>\n#15 0x55d1a105a038 <unknown>\n#16 0x55d1a105a216 <unknown>\n#17 0x55d1a106a896 <unknown>\n#18 0x7f96ed49caa4 <unknown>\n#19 0x7f96ed529c3c <unknown>","time":{"start":1743693118962,"stop":1743693142811,"duration":23849}},{"uid":"f06ecbfa40222cbb","status":"broken","statusDetails":"selenium.common.exceptions.TimeoutException: Message: \nStacktrace:\n#0 0x559db82e9ffa <unknown>\n#1 0x559db7da8970 <unknown>\n#2 0x559db7dfa385 <unknown>\n#3 0x559db7dfa5b1 <unknown>\n#4 0x559db7e493c4 <unknown>\n#5 0x559db7e202bd <unknown>\n#6 0x559db7e4670c <unknown>\n#7 0x559db7e20063 <unknown>\n#8 0x559db7dec328 <unknown>\n#9 0x559db7ded491 <unknown>\n#10 0x559db82b142b <unknown>\n#11 0x559db82b52ec <unknown>\n#12 0x559db8298a22 <unknown>\n#13 0x559db82b5e64 <unknown>\n#14 0x559db827cbef <unknown>\n#15 0x559db82d8558 <unknown>\n#16 0x559db82d8736 <unknown>\n#17 0x559db82e8e76 <unknown>\n#18 0x7fd94c69caa4 <unknown>\n#19 0x7fd94c729c3c <unknown>","time":{"start":1743683039847,"stop":1743683063037,"duration":23190}},{"uid":"65556d373acc35d1","status":"broken","statusDetails":"selenium.common.exceptions.NoSuchElementException: Message: no such element: Unable to locate element: {\"method\":\"xpath\",\"selector\":\"//*[contains(text(), 'new_card')]\"}\n  (Session info: chrome=135.0.7049.52); For documentation on this error, please visit: https://www.selenium.dev/documentation/webdriver/troubleshooting/errors#no-such-element-exception\nStacktrace:\n#0 0x5615a4e62ffa <unknown>\n#1 0x5615a4921970 <unknown>\n#2 0x5615a4973385 <unknown>\n#3 0x5615a49735b1 <unknown>\n#4 0x5615a49c23c4 <unknown>\n#5 0x5615a49992bd <unknown>\n#6 0x5615a49bf70c <unknown>\n#7 0x5615a4999063 <unknown>\n#8 0x5615a4965328 <unknown>\n#9 0x5615a4966491 <unknown>\n#10 0x5615a4e2a42b <unknown>\n#11 0x5615a4e2e2ec <unknown>\n#12 0x5615a4e11a22 <unknown>\n#13 0x5615a4e2ee64 <unknown>\n#14 0x5615a4df5bef <unknown>\n#15 0x5615a4e51558 <unknown>\n#16 0x5615a4e51736 <unknown>\n#17 0x5615a4e61e76 <unknown>\n#18 0x7f7024e9caa4 <unknown>\n#19 0x7f7024f29c3c <unknown>","time":{"start":1743671534999,"stop":1743671552314,"duration":17315}},{"uid":"9dc90d06e58b778f","status":"passed","time":{"start":1743660956991,"stop":1743660974691,"duration":17700}},{"uid":"592ecce46fc95abe","status":"broken","statusDetails":"selenium.common.exceptions.NoSuchElementException: Message: no such element: Unable to locate element: {\"method\":\"xpath\",\"selector\":\"//*[contains(text(), 'new_card')]\"}\n  (Session info: chrome=135.0.7049.52); For documentation on this error, please visit: https://www.selenium.dev/documentation/webdriver/troubleshooting/errors#no-such-element-exception\nStacktrace:\n#0 0x5644e7857ffa <unknown>\n#1 0x5644e7316970 <unknown>\n#2 0x5644e7368385 <unknown>\n#3 0x5644e73685b1 <unknown>\n#4 0x5644e73b73c4 <unknown>\n#5 0x5644e738e2bd <unknown>\n#6 0x5644e73b470c <unknown>\n#7 0x5644e738e063 <unknown>\n#8 0x5644e735a328 <unknown>\n#9 0x5644e735b491 <unknown>\n#10 0x5644e781f42b <unknown>\n#11 0x5644e78232ec <unknown>\n#12 0x5644e7806a22 <unknown>\n#13 0x5644e7823e64 <unknown>\n#14 0x5644e77eabef <unknown>\n#15 0x5644e7846558 <unknown>\n#16 0x5644e7846736 <unknown>\n#17 0x5644e7856e76 <unknown>\n#18 0x7f49c449caa4 <unknown>\n#19 0x7f49c4529c3c <unknown>","time":{"start":1743650863177,"stop":1743650880918,"duration":17741}},{"uid":"5b75cc4124ee6dd","status":"passed","time":{"start":1743641061127,"stop":1743641079424,"duration":18297}},{"uid":"288afaefbf69a09d","status":"broken","statusDetails":"selenium.common.exceptions.TimeoutException: Message: \nStacktrace:\n#0 0x55e9f841bffa <unknown>\n#1 0x55e9f7eda970 <unknown>\n#2 0x55e9f7f2c385 <unknown>\n#3 0x55e9f7f2c5b1 <unknown>\n#4 0x55e9f7f7b3c4 <unknown>\n#5 0x55e9f7f522bd <unknown>\n#6 0x55e9f7f7870c <unknown>\n#7 0x55e9f7f52063 <unknown>\n#8 0x55e9f7f1e328 <unknown>\n#9 0x55e9f7f1f491 <unknown>\n#10 0x55e9f83e342b <unknown>\n#11 0x55e9f83e72ec <unknown>\n#12 0x55e9f83caa22 <unknown>\n#13 0x55e9f83e7e64 <unknown>\n#14 0x55e9f83aebef <unknown>\n#15 0x55e9f840a558 <unknown>\n#16 0x55e9f840a736 <unknown>\n#17 0x55e9f841ae76 <unknown>\n#18 0x7fc590a9caa4 <unknown>\n#19 0x7fc590b29c3c <unknown>","time":{"start":1743628256075,"stop":1743628279359,"duration":23284}},{"uid":"db984467ea4fd3bf","status":"broken","statusDetails":"selenium.common.exceptions.NoSuchElementException: Message: no such element: Unable to locate element: {\"method\":\"xpath\",\"selector\":\"//*[contains(text(), 'new_card')]\"}\n  (Session info: chrome=135.0.7049.52); For documentation on this error, please visit: https://www.selenium.dev/documentation/webdriver/troubleshooting/errors#no-such-element-exception\nStacktrace:\n#0 0x55f8b702dffa <unknown>\n#1 0x55f8b6aec970 <unknown>\n#2 0x55f8b6b3e385 <unknown>\n#3 0x55f8b6b3e5b1 <unknown>\n#4 0x55f8b6b8d3c4 <unknown>\n#5 0x55f8b6b642bd <unknown>\n#6 0x55f8b6b8a70c <unknown>\n#7 0x55f8b6b64063 <unknown>\n#8 0x55f8b6b30328 <unknown>\n#9 0x55f8b6b31491 <unknown>\n#10 0x55f8b6ff542b <unknown>\n#11 0x55f8b6ff92ec <unknown>\n#12 0x55f8b6fdca22 <unknown>\n#13 0x55f8b6ff9e64 <unknown>\n#14 0x55f8b6fc0bef <unknown>\n#15 0x55f8b701c558 <unknown>\n#16 0x55f8b701c736 <unknown>\n#17 0x55f8b702ce76 <unknown>\n#18 0x7ffa1769caa4 <unknown>\n#19 0x7ffa17729c3c <unknown>","time":{"start":1743617745843,"stop":1743617763052,"duration":17209}},{"uid":"2f899dd4930504ec","status":"passed","time":{"start":1743606680373,"stop":1743606699205,"duration":18832}},{"uid":"fb1fa9a198e89adc","status":"broken","statusDetails":"selenium.common.exceptions.TimeoutException: Message: \nStacktrace:\n#0 0x55ea6403dffa <unknown>\n#1 0x55ea63afc970 <unknown>\n#2 0x55ea63b4e385 <unknown>\n#3 0x55ea63b4e5b1 <unknown>\n#4 0x55ea63b9d3c4 <unknown>\n#5 0x55ea63b742bd <unknown>\n#6 0x55ea63b9a70c <unknown>\n#7 0x55ea63b74063 <unknown>\n#8 0x55ea63b40328 <unknown>\n#9 0x55ea63b41491 <unknown>\n#10 0x55ea6400542b <unknown>\n#11 0x55ea640092ec <unknown>\n#12 0x55ea63feca22 <unknown>\n#13 0x55ea64009e64 <unknown>\n#14 0x55ea63fd0bef <unknown>\n#15 0x55ea6402c558 <unknown>\n#16 0x55ea6402c736 <unknown>\n#17 0x55ea6403ce76 <unknown>\n#18 0x7f660ea9caa4 <unknown>\n#19 0x7f660eb29c3c <unknown>","time":{"start":1743596431673,"stop":1743596454900,"duration":23227}},{"uid":"953f5c0429853795","status":"passed","time":{"start":1743585111065,"stop":1743585128860,"duration":17795}},{"uid":"d5510453a7cdcd4f","status":"passed","time":{"start":1743574490917,"stop":1743574508780,"duration":17863}},{"uid":"93824e276c89ac63","status":"broken","statusDetails":"selenium.common.exceptions.TimeoutException: Message: \nStacktrace:\n#0 0x55e8246afffa <unknown>\n#1 0x55e82416e970 <unknown>\n#2 0x55e8241c0385 <unknown>\n#3 0x55e8241c05b1 <unknown>\n#4 0x55e82420f3c4 <unknown>\n#5 0x55e8241e62bd <unknown>\n#6 0x55e82420c70c <unknown>\n#7 0x55e8241e6063 <unknown>\n#8 0x55e8241b2328 <unknown>\n#9 0x55e8241b3491 <unknown>\n#10 0x55e82467742b <unknown>\n#11 0x55e82467b2ec <unknown>\n#12 0x55e82465ea22 <unknown>\n#13 0x55e82467be64 <unknown>\n#14 0x55e824642bef <unknown>\n#15 0x55e82469e558 <unknown>\n#16 0x55e82469e736 <unknown>\n#17 0x55e8246aee76 <unknown>\n#18 0x7fafe449caa4 <unknown>\n#19 0x7fafe4529c3c <unknown>","time":{"start":1743564511456,"stop":1743564534701,"duration":23245}},{"uid":"550671882f3aff1e","status":"broken","statusDetails":"selenium.common.exceptions.NoSuchElementException: Message: no such element: Unable to locate element: {\"method\":\"xpath\",\"selector\":\"//*[contains(text(), 'new_card')]\"}\n  (Session info: chrome=135.0.7049.52); For documentation on this error, please visit: https://www.selenium.dev/documentation/webdriver/troubleshooting/errors#no-such-element-exception\nStacktrace:\n#0 0x564e749f6ffa <unknown>\n#1 0x564e744b5970 <unknown>\n#2 0x564e74507385 <unknown>\n#3 0x564e745075b1 <unknown>\n#4 0x564e745563c4 <unknown>\n#5 0x564e7452d2bd <unknown>\n#6 0x564e7455370c <unknown>\n#7 0x564e7452d063 <unknown>\n#8 0x564e744f9328 <unknown>\n#9 0x564e744fa491 <unknown>\n#10 0x564e749be42b <unknown>\n#11 0x564e749c22ec <unknown>\n#12 0x564e749a5a22 <unknown>\n#13 0x564e749c2e64 <unknown>\n#14 0x564e74989bef <unknown>\n#15 0x564e749e5558 <unknown>\n#16 0x564e749e5736 <unknown>\n#17 0x564e749f5e76 <unknown>\n#18 0x7f2eb709caa4 <unknown>\n#19 0x7f2eb7129c3c <unknown>","time":{"start":1743554770013,"stop":1743554787195,"duration":17182}},{"uid":"f8c4482215030e3","status":"broken","statusDetails":"selenium.common.exceptions.TimeoutException: Message: \nStacktrace:\n#0 0x55f57007dffa <unknown>\n#1 0x55f56fb3c970 <unknown>\n#2 0x55f56fb8e385 <unknown>\n#3 0x55f56fb8e5b1 <unknown>\n#4 0x55f56fbdd3c4 <unknown>\n#5 0x55f56fbb42bd <unknown>\n#6 0x55f56fbda70c <unknown>\n#7 0x55f56fbb4063 <unknown>\n#8 0x55f56fb80328 <unknown>\n#9 0x55f56fb81491 <unknown>\n#10 0x55f57004542b <unknown>\n#11 0x55f5700492ec <unknown>\n#12 0x55f57002ca22 <unknown>\n#13 0x55f570049e64 <unknown>\n#14 0x55f570010bef <unknown>\n#15 0x55f57006c558 <unknown>\n#16 0x55f57006c736 <unknown>\n#17 0x55f57007ce76 <unknown>\n#18 0x7f2cba49caa4 <unknown>\n#19 0x7f2cba529c3c <unknown>","time":{"start":1743541855249,"stop":1743541879024,"duration":23775}},{"uid":"1eff31a946605c4e","status":"broken","statusDetails":"selenium.common.exceptions.TimeoutException: Message: \nStacktrace:\n#0 0x564215de5ffa <unknown>\n#1 0x5642158a4970 <unknown>\n#2 0x5642158f6385 <unknown>\n#3 0x5642158f65b1 <unknown>\n#4 0x5642159453c4 <unknown>\n#5 0x56421591c2bd <unknown>\n#6 0x56421594270c <unknown>\n#7 0x56421591c063 <unknown>\n#8 0x5642158e8328 <unknown>\n#9 0x5642158e9491 <unknown>\n#10 0x564215dad42b <unknown>\n#11 0x564215db12ec <unknown>\n#12 0x564215d94a22 <unknown>\n#13 0x564215db1e64 <unknown>\n#14 0x564215d78bef <unknown>\n#15 0x564215dd4558 <unknown>\n#16 0x564215dd4736 <unknown>\n#17 0x564215de4e76 <unknown>\n#18 0x7f8a2f29caa4 <unknown>\n#19 0x7f8a2f329c3c <unknown>","time":{"start":1743531269980,"stop":1743531293176,"duration":23196}},{"uid":"657417ef73b4fb6b","status":"broken","statusDetails":"selenium.common.exceptions.TimeoutException: Message: \nStacktrace:\n#0 0x558202afea1a <unknown>\n#1 0x5582025b6390 <unknown>\n#2 0x558202607c85 <unknown>\n#3 0x558202607eb1 <unknown>\n#4 0x558202656d64 <unknown>\n#5 0x55820262dbfd <unknown>\n#6 0x55820265407b <unknown>\n#7 0x55820262d9a3 <unknown>\n#8 0x5582025f960e <unknown>\n#9 0x5582025fadd1 <unknown>\n#10 0x558202ac4ddb <unknown>\n#11 0x558202ac8cbc <unknown>\n#12 0x558202aac392 <unknown>\n#13 0x558202ac9834 <unknown>\n#14 0x558202a901ef <unknown>\n#15 0x558202aed038 <unknown>\n#16 0x558202aed216 <unknown>\n#17 0x558202afd896 <unknown>\n#18 0x7fd485e9caa4 <unknown>\n#19 0x7fd485f29c3c <unknown>","time":{"start":1743520349883,"stop":1743520373069,"duration":23186}}]},"tags":["TC005","TC000"]},"source":"388095283552aba.json","parameterValues":[]}