{"uid":"3c7d43fc826cc5e8","name":"Archive a card","fullName":"tests.regression_ui.test_ui_regression.TestUIRegression#test_archive_card","historyId":"4151bed777d70c35651f4626d00b86b5","time":{"start":1733842781444,"stop":1733842814689,"duration":33245},"status":"broken","statusMessage":"selenium.common.exceptions.TimeoutException: Message: \nStacktrace:\n#0 0x56390d47131a <unknown>\n#1 0x56390cf876e0 <unknown>\n#2 0x56390cfd63e6 <unknown>\n#3 0x56390cfd6681 <unknown>\n#4 0x56390d01bb04 <unknown>\n#5 0x56390cffa48d <unknown>\n#6 0x56390d018ed7 <unknown>\n#7 0x56390cffa203 <unknown>\n#8 0x56390cfc8cc0 <unknown>\n#9 0x56390cfc9c9e <unknown>\n#10 0x56390d43ed0b <unknown>\n#11 0x56390d442c92 <unknown>\n#12 0x56390d42bb3c <unknown>\n#13 0x56390d443807 <unknown>\n#14 0x56390d4110df <unknown>\n#15 0x56390d460578 <unknown>\n#16 0x56390d460740 <unknown>\n#17 0x56390d470196 <unknown>\n#18 0x7fdcada94ac3 <unknown>","statusTrace":"self = <tests.regression_ui.test_ui_regression.TestUIRegression object at 0x7f903c977df0>\ndriver = <selenium.webdriver.chrome.webdriver.WebDriver (session=\"c3e44dae4b28a41dc6d6da0148722a4b\")>\n\n    @pytest.mark.TC000\n    @pytest.mark.TC006\n    @allure.title('Archive a card')\n    def test_archive_card(self, driver):\n        time.sleep(5)\n        with allure.step('Log in to Trello account'):\n            self.test_login(driver)\n    \n        with allure.step('Open a board and select a card'):\n            WebDriverWait(driver, 10).until(EC.element_to_be_clickable((By.XPATH, self.SCC.Board.BOARD_TITLE))).click()\n>           WebDriverWait(driver, 10).until(EC.visibility_of_element_located((By.XPATH, self.SCC.Board.LIST_TITLE))).click()\n\ntests/regression_ui/test_ui_regression.py:178: \n_ _ _ _ _ _ _ _ _ _ _ _ _ _ _ _ _ _ _ _ _ _ _ _ _ _ _ _ _ _ _ _ _ _ _ _ _ _ _ _ \n\nself = <selenium.webdriver.support.wait.WebDriverWait (session=\"c3e44dae4b28a41dc6d6da0148722a4b\")>\nmethod = <function visibility_of_element_located.<locals>._predicate at 0x7f903d85b0d0>\nmessage = ''\n\n    def until(self, method: Callable[[D], Union[Literal[False], T]], message: str = \"\") -> T:\n        \"\"\"Calls the method provided with the driver as an argument until the \\\n        return value does not evaluate to ``False``.\n    \n        :param method: callable(WebDriver)\n        :param message: optional message for :exc:`TimeoutException`\n        :returns: the result of the last call to `method`\n        :raises: :exc:`selenium.common.exceptions.TimeoutException` if timeout occurs\n        \"\"\"\n        screen = None\n        stacktrace = None\n    \n        end_time = time.monotonic() + self._timeout\n        while True:\n            try:\n                value = method(self._driver)\n                if value:\n                    return value\n            except self._ignored_exceptions as exc:\n                screen = getattr(exc, \"screen\", None)\n                stacktrace = getattr(exc, \"stacktrace\", None)\n            if time.monotonic() > end_time:\n                break\n            time.sleep(self._poll)\n>       raise TimeoutException(message, screen, stacktrace)\nE       selenium.common.exceptions.TimeoutException: Message: \nE       Stacktrace:\nE       #0 0x56390d47131a <unknown>\nE       #1 0x56390cf876e0 <unknown>\nE       #2 0x56390cfd63e6 <unknown>\nE       #3 0x56390cfd6681 <unknown>\nE       #4 0x56390d01bb04 <unknown>\nE       #5 0x56390cffa48d <unknown>\nE       #6 0x56390d018ed7 <unknown>\nE       #7 0x56390cffa203 <unknown>\nE       #8 0x56390cfc8cc0 <unknown>\nE       #9 0x56390cfc9c9e <unknown>\nE       #10 0x56390d43ed0b <unknown>\nE       #11 0x56390d442c92 <unknown>\nE       #12 0x56390d42bb3c <unknown>\nE       #13 0x56390d443807 <unknown>\nE       #14 0x56390d4110df <unknown>\nE       #15 0x56390d460578 <unknown>\nE       #16 0x56390d460740 <unknown>\nE       #17 0x56390d470196 <unknown>\nE       #18 0x7fdcada94ac3 <unknown>\n\n/opt/hostedtoolcache/Python/3.8.18/x64/lib/python3.8/site-packages/selenium/webdriver/support/wait.py:105: TimeoutException","flaky":false,"newFailed":false,"newBroken":false,"newPassed":false,"retriesCount":0,"retriesStatusChange":false,"beforeStages":[{"name":"driver","time":{"start":1733842781163,"stop":1733842781443,"duration":280},"status":"passed","steps":[],"attachments":[],"parameters":[],"stepsCount":0,"shouldDisplayMessage":false,"attachmentsCount":0,"hasContent":false,"attachmentStep":false},{"name":"setup","time":{"start":1733842781444,"stop":1733842781444,"duration":0},"status":"passed","steps":[],"attachments":[],"parameters":[],"stepsCount":0,"shouldDisplayMessage":false,"attachmentsCount":0,"hasContent":false,"attachmentStep":false}],"testStage":{"status":"broken","statusMessage":"selenium.common.exceptions.TimeoutException: Message: \nStacktrace:\n#0 0x56390d47131a <unknown>\n#1 0x56390cf876e0 <unknown>\n#2 0x56390cfd63e6 <unknown>\n#3 0x56390cfd6681 <unknown>\n#4 0x56390d01bb04 <unknown>\n#5 0x56390cffa48d <unknown>\n#6 0x56390d018ed7 <unknown>\n#7 0x56390cffa203 <unknown>\n#8 0x56390cfc8cc0 <unknown>\n#9 0x56390cfc9c9e <unknown>\n#10 0x56390d43ed0b <unknown>\n#11 0x56390d442c92 <unknown>\n#12 0x56390d42bb3c <unknown>\n#13 0x56390d443807 <unknown>\n#14 0x56390d4110df <unknown>\n#15 0x56390d460578 <unknown>\n#16 0x56390d460740 <unknown>\n#17 0x56390d470196 <unknown>\n#18 0x7fdcada94ac3 <unknown>","statusTrace":"self = <tests.regression_ui.test_ui_regression.TestUIRegression object at 0x7f903c977df0>\ndriver = <selenium.webdriver.chrome.webdriver.WebDriver (session=\"c3e44dae4b28a41dc6d6da0148722a4b\")>\n\n    @pytest.mark.TC000\n    @pytest.mark.TC006\n    @allure.title('Archive a card')\n    def test_archive_card(self, driver):\n        time.sleep(5)\n        with allure.step('Log in to Trello account'):\n            self.test_login(driver)\n    \n        with allure.step('Open a board and select a card'):\n            WebDriverWait(driver, 10).until(EC.element_to_be_clickable((By.XPATH, self.SCC.Board.BOARD_TITLE))).click()\n>           WebDriverWait(driver, 10).until(EC.visibility_of_element_located((By.XPATH, self.SCC.Board.LIST_TITLE))).click()\n\ntests/regression_ui/test_ui_regression.py:178: \n_ _ _ _ _ _ _ _ _ _ _ _ _ _ _ _ _ _ _ _ _ _ _ _ _ _ _ _ _ _ _ _ _ _ _ _ _ _ _ _ \n\nself = <selenium.webdriver.support.wait.WebDriverWait (session=\"c3e44dae4b28a41dc6d6da0148722a4b\")>\nmethod = <function visibility_of_element_located.<locals>._predicate at 0x7f903d85b0d0>\nmessage = ''\n\n    def until(self, method: Callable[[D], Union[Literal[False], T]], message: str = \"\") -> T:\n        \"\"\"Calls the method provided with the driver as an argument until the \\\n        return value does not evaluate to ``False``.\n    \n        :param method: callable(WebDriver)\n        :param message: optional message for :exc:`TimeoutException`\n        :returns: the result of the last call to `method`\n        :raises: :exc:`selenium.common.exceptions.TimeoutException` if timeout occurs\n        \"\"\"\n        screen = None\n        stacktrace = None\n    \n        end_time = time.monotonic() + self._timeout\n        while True:\n            try:\n                value = method(self._driver)\n                if value:\n                    return value\n            except self._ignored_exceptions as exc:\n                screen = getattr(exc, \"screen\", None)\n                stacktrace = getattr(exc, \"stacktrace\", None)\n            if time.monotonic() > end_time:\n                break\n            time.sleep(self._poll)\n>       raise TimeoutException(message, screen, stacktrace)\nE       selenium.common.exceptions.TimeoutException: Message: \nE       Stacktrace:\nE       #0 0x56390d47131a <unknown>\nE       #1 0x56390cf876e0 <unknown>\nE       #2 0x56390cfd63e6 <unknown>\nE       #3 0x56390cfd6681 <unknown>\nE       #4 0x56390d01bb04 <unknown>\nE       #5 0x56390cffa48d <unknown>\nE       #6 0x56390d018ed7 <unknown>\nE       #7 0x56390cffa203 <unknown>\nE       #8 0x56390cfc8cc0 <unknown>\nE       #9 0x56390cfc9c9e <unknown>\nE       #10 0x56390d43ed0b <unknown>\nE       #11 0x56390d442c92 <unknown>\nE       #12 0x56390d42bb3c <unknown>\nE       #13 0x56390d443807 <unknown>\nE       #14 0x56390d4110df <unknown>\nE       #15 0x56390d460578 <unknown>\nE       #16 0x56390d460740 <unknown>\nE       #17 0x56390d470196 <unknown>\nE       #18 0x7fdcada94ac3 <unknown>\n\n/opt/hostedtoolcache/Python/3.8.18/x64/lib/python3.8/site-packages/selenium/webdriver/support/wait.py:105: TimeoutException","steps":[{"name":"Log in to Trello account","time":{"start":1733842786447,"stop":1733842803881,"duration":17434},"status":"passed","steps":[{"name":"Navigate to the Trello login page","time":{"start":1733842786447,"stop":1733842789754,"duration":3307},"status":"passed","steps":[],"attachments":[],"parameters":[],"stepsCount":0,"shouldDisplayMessage":false,"attachmentsCount":0,"hasContent":false,"attachmentStep":false},{"name":"Enter valid credentials (email, password, and 6-digits verification code)","time":{"start":1733842789755,"stop":1733842803881,"duration":14126},"status":"passed","steps":[],"attachments":[],"parameters":[],"stepsCount":0,"shouldDisplayMessage":false,"attachmentsCount":0,"hasContent":false,"attachmentStep":false}],"attachments":[],"parameters":[],"stepsCount":2,"shouldDisplayMessage":false,"attachmentsCount":0,"hasContent":true,"attachmentStep":false},{"name":"Open a board and select a card","time":{"start":1733842803881,"stop":1733842814689,"duration":10808},"status":"broken","statusMessage":"selenium.common.exceptions.TimeoutException: Message: \nStacktrace:\n#0 0x56390d47131a <unknown>\n#1 0x56390cf876e0 <unknown>\n#2 0x56390cfd63e6 <unknown>\n#3 0x56390cfd6681 <unknown>\n#4 0x56390d01bb04 <unknown>\n#5 0x56390cffa48d <unknown>\n#6 0x56390d018ed7 <unknown>\n#7 0x56390cffa203 <unknown>\n#8 0x56390cfc8cc0 <unknown>\n#9 0x56390cfc9c9e <unknown>\n#10 0x56390d43ed0b <unknown>\n#11 0x56390d442c92 <unknown>\n#12 0x56390d42bb3c <unknown>\n#13 0x56390d443807 <unknown>\n#14 0x56390d4110df <unknown>\n#15 0x56390d460578 <unknown>\n#16 0x56390d460740 <unknown>\n#17 0x56390d470196 <unknown>\n#18 0x7fdcada94ac3 <unknown>\n\n","statusTrace":"  File \"/home/runner/work/pythonSelenium/pythonSelenium/tests/regression_ui/test_ui_regression.py\", line 178, in test_archive_card\n    WebDriverWait(driver, 10).until(EC.visibility_of_element_located((By.XPATH, self.SCC.Board.LIST_TITLE))).click()\n  File \"/opt/hostedtoolcache/Python/3.8.18/x64/lib/python3.8/site-packages/selenium/webdriver/support/wait.py\", line 105, in until\n    raise TimeoutException(message, screen, stacktrace)\n","steps":[],"attachments":[],"parameters":[],"stepsCount":0,"shouldDisplayMessage":true,"attachmentsCount":0,"hasContent":true,"attachmentStep":false}],"attachments":[{"uid":"f23850de7d8088fa","name":"log","source":"f23850de7d8088fa.txt","type":"text/plain","size":58522}],"parameters":[],"stepsCount":4,"shouldDisplayMessage":true,"attachmentsCount":1,"hasContent":true,"attachmentStep":false},"afterStages":[{"name":"driver::0","time":{"start":1733842814699,"stop":1733842814775,"duration":76},"status":"passed","steps":[],"attachments":[],"parameters":[],"stepsCount":0,"shouldDisplayMessage":false,"attachmentsCount":0,"hasContent":false,"attachmentStep":false}],"labels":[{"name":"tag","value":"TC006"},{"name":"tag","value":"TC000"},{"name":"parentSuite","value":"tests.regression_ui"},{"name":"suite","value":"test_ui_regression"},{"name":"subSuite","value":"TestUIRegression"},{"name":"host","value":"fv-az1756-138"},{"name":"thread","value":"3085-MainThread"},{"name":"framework","value":"pytest"},{"name":"language","value":"cpython3"},{"name":"package","value":"tests.regression_ui.test_ui_regression"},{"name":"resultFormat","value":"allure2"}],"parameters":[],"links":[],"hidden":false,"retry":false,"extra":{"severity":"normal","retries":[],"categories":[{"name":"Test defects","matchedStatuses":[],"flaky":false}],"history":{"statistic":{"failed":0,"broken":2,"skipped":0,"passed":2,"unknown":0,"total":4},"items":[{"uid":"9bcbd677dc126637","status":"broken","statusDetails":"selenium.common.exceptions.TimeoutException: Message: \nStacktrace:\n#0 0x56259d69a31a <unknown>\n#1 0x56259d1b06e0 <unknown>\n#2 0x56259d1ff3e6 <unknown>\n#3 0x56259d1ff681 <unknown>\n#4 0x56259d244b04 <unknown>\n#5 0x56259d22348d <unknown>\n#6 0x56259d241ed7 <unknown>\n#7 0x56259d223203 <unknown>\n#8 0x56259d1f1cc0 <unknown>\n#9 0x56259d1f2c9e <unknown>\n#10 0x56259d667d0b <unknown>\n#11 0x56259d66bc92 <unknown>\n#12 0x56259d654b3c <unknown>\n#13 0x56259d66c807 <unknown>\n#14 0x56259d63a0df <unknown>\n#15 0x56259d689578 <unknown>\n#16 0x56259d689740 <unknown>\n#17 0x56259d699196 <unknown>\n#18 0x7f3f07494ac3 <unknown>","time":{"start":1733841934783,"stop":1733841967988,"duration":33205}},{"uid":"f8e7505a7dce246a","status":"passed","time":{"start":1733840323957,"stop":1733840356133,"duration":32176}},{"uid":"bac04252f1000119","status":"passed","time":{"start":1733797261026,"stop":1733797290597,"duration":29571}}]},"tags":["TC006","TC000"]},"source":"3c7d43fc826cc5e8.json","parameterValues":[]}