{"uid":"3ee9b0fa839af65","name":"Login Functionality","fullName":"tests.regression_ui.test_ui_regression.TestUIRegression#test_login","historyId":"40148fdc4e6f84528498feb65b445c77","time":{"start":1740876258799,"stop":1740876269336,"duration":10537},"status":"broken","statusMessage":"selenium.common.exceptions.TimeoutException: Message: \nStacktrace:\n#0 0x563b696d5bea <unknown>\n#1 0x563b691737d0 <unknown>\n#2 0x563b691c4cc0 <unknown>\n#3 0x563b691c4e41 <unknown>\n#4 0x563b69213984 <unknown>\n#5 0x563b691eaabd <unknown>\n#6 0x563b69210d0c <unknown>\n#7 0x563b691ea863 <unknown>\n#8 0x563b691b6ac8 <unknown>\n#9 0x563b691b7c31 <unknown>\n#10 0x563b6969f18b <unknown>\n#11 0x563b696a3112 <unknown>\n#12 0x563b6968c04c <unknown>\n#13 0x563b696a3d04 <unknown>\n#14 0x563b696704bf <unknown>\n#15 0x563b696c4528 <unknown>\n#16 0x563b696c46f9 <unknown>\n#17 0x563b696d4a66 <unknown>\n#18 0x7f3486c9caa4 <unknown>\n#19 0x7f3486d29c3c <unknown>","statusTrace":"self = <tests.regression_ui.test_ui_regression.TestUIRegression object at 0x7f8cd8c3d340>\ndriver = <selenium.webdriver.chrome.webdriver.WebDriver (session=\"d6b8088e1a9935cc618f9d5f380274a6\")>\n\n    @pytest.mark.TC000\n    @pytest.mark.TC001\n    @allure.title('Login Functionality')\n    def test_login(self, driver):\n        with allure.step('Navigate to the Trello page and enter valid credentials (email, password, and 6-digits verification code)'):\n            while True:\n                try:\n                    driver.get(self.SCC.URL_LOGIN)\n>                   el_user_name = WebDriverWait(driver, 10).until(EC.element_to_be_clickable(\n                        (By.XPATH, self.SCC.LoginPage.USER_NAME_FIELD)\n                    ))\n\ntests/regression_ui/test_ui_regression.py:62: \n_ _ _ _ _ _ _ _ _ _ _ _ _ _ _ _ _ _ _ _ _ _ _ _ _ _ _ _ _ _ _ _ _ _ _ _ _ _ _ _ \n\nself = <selenium.webdriver.support.wait.WebDriverWait (session=\"d6b8088e1a9935cc618f9d5f380274a6\")>\nmethod = <function element_to_be_clickable.<locals>._predicate at 0x7f8cd8db8720>\nmessage = ''\n\n    def until(self, method: Callable[[D], Union[Literal[False], T]], message: str = \"\") -> T:\n        \"\"\"Calls the method provided with the driver as an argument until the \\\n        return value does not evaluate to ``False``.\n    \n        :param method: callable(WebDriver)\n        :param message: optional message for :exc:`TimeoutException`\n        :returns: the result of the last call to `method`\n        :raises: :exc:`selenium.common.exceptions.TimeoutException` if timeout occurs\n        \"\"\"\n        screen = None\n        stacktrace = None\n    \n        end_time = time.monotonic() + self._timeout\n        while True:\n            try:\n                value = method(self._driver)\n                if value:\n                    return value\n            except self._ignored_exceptions as exc:\n                screen = getattr(exc, \"screen\", None)\n                stacktrace = getattr(exc, \"stacktrace\", None)\n            if time.monotonic() > end_time:\n                break\n            time.sleep(self._poll)\n>       raise TimeoutException(message, screen, stacktrace)\nE       selenium.common.exceptions.TimeoutException: Message: \nE       Stacktrace:\nE       #0 0x563b696d5bea <unknown>\nE       #1 0x563b691737d0 <unknown>\nE       #2 0x563b691c4cc0 <unknown>\nE       #3 0x563b691c4e41 <unknown>\nE       #4 0x563b69213984 <unknown>\nE       #5 0x563b691eaabd <unknown>\nE       #6 0x563b69210d0c <unknown>\nE       #7 0x563b691ea863 <unknown>\nE       #8 0x563b691b6ac8 <unknown>\nE       #9 0x563b691b7c31 <unknown>\nE       #10 0x563b6969f18b <unknown>\nE       #11 0x563b696a3112 <unknown>\nE       #12 0x563b6968c04c <unknown>\nE       #13 0x563b696a3d04 <unknown>\nE       #14 0x563b696704bf <unknown>\nE       #15 0x563b696c4528 <unknown>\nE       #16 0x563b696c46f9 <unknown>\nE       #17 0x563b696d4a66 <unknown>\nE       #18 0x7f3486c9caa4 <unknown>\nE       #19 0x7f3486d29c3c <unknown>\n\n/opt/hostedtoolcache/Python/3.12.5/x64/lib/python3.12/site-packages/selenium/webdriver/support/wait.py:105: TimeoutException","flaky":false,"newFailed":false,"newBroken":true,"newPassed":false,"retriesCount":0,"retriesStatusChange":false,"beforeStages":[{"name":"driver","time":{"start":1740876257889,"stop":1740876258798,"duration":909},"status":"passed","steps":[],"attachments":[],"parameters":[],"shouldDisplayMessage":false,"stepsCount":0,"attachmentsCount":0,"hasContent":false,"attachmentStep":false},{"name":"setup","time":{"start":1740876258799,"stop":1740876258799,"duration":0},"status":"passed","steps":[],"attachments":[],"parameters":[],"shouldDisplayMessage":false,"stepsCount":0,"attachmentsCount":0,"hasContent":false,"attachmentStep":false}],"testStage":{"status":"broken","statusMessage":"selenium.common.exceptions.TimeoutException: Message: \nStacktrace:\n#0 0x563b696d5bea <unknown>\n#1 0x563b691737d0 <unknown>\n#2 0x563b691c4cc0 <unknown>\n#3 0x563b691c4e41 <unknown>\n#4 0x563b69213984 <unknown>\n#5 0x563b691eaabd <unknown>\n#6 0x563b69210d0c <unknown>\n#7 0x563b691ea863 <unknown>\n#8 0x563b691b6ac8 <unknown>\n#9 0x563b691b7c31 <unknown>\n#10 0x563b6969f18b <unknown>\n#11 0x563b696a3112 <unknown>\n#12 0x563b6968c04c <unknown>\n#13 0x563b696a3d04 <unknown>\n#14 0x563b696704bf <unknown>\n#15 0x563b696c4528 <unknown>\n#16 0x563b696c46f9 <unknown>\n#17 0x563b696d4a66 <unknown>\n#18 0x7f3486c9caa4 <unknown>\n#19 0x7f3486d29c3c <unknown>","statusTrace":"self = <tests.regression_ui.test_ui_regression.TestUIRegression object at 0x7f8cd8c3d340>\ndriver = <selenium.webdriver.chrome.webdriver.WebDriver (session=\"d6b8088e1a9935cc618f9d5f380274a6\")>\n\n    @pytest.mark.TC000\n    @pytest.mark.TC001\n    @allure.title('Login Functionality')\n    def test_login(self, driver):\n        with allure.step('Navigate to the Trello page and enter valid credentials (email, password, and 6-digits verification code)'):\n            while True:\n                try:\n                    driver.get(self.SCC.URL_LOGIN)\n>                   el_user_name = WebDriverWait(driver, 10).until(EC.element_to_be_clickable(\n                        (By.XPATH, self.SCC.LoginPage.USER_NAME_FIELD)\n                    ))\n\ntests/regression_ui/test_ui_regression.py:62: \n_ _ _ _ _ _ _ _ _ _ _ _ _ _ _ _ _ _ _ _ _ _ _ _ _ _ _ _ _ _ _ _ _ _ _ _ _ _ _ _ \n\nself = <selenium.webdriver.support.wait.WebDriverWait (session=\"d6b8088e1a9935cc618f9d5f380274a6\")>\nmethod = <function element_to_be_clickable.<locals>._predicate at 0x7f8cd8db8720>\nmessage = ''\n\n    def until(self, method: Callable[[D], Union[Literal[False], T]], message: str = \"\") -> T:\n        \"\"\"Calls the method provided with the driver as an argument until the \\\n        return value does not evaluate to ``False``.\n    \n        :param method: callable(WebDriver)\n        :param message: optional message for :exc:`TimeoutException`\n        :returns: the result of the last call to `method`\n        :raises: :exc:`selenium.common.exceptions.TimeoutException` if timeout occurs\n        \"\"\"\n        screen = None\n        stacktrace = None\n    \n        end_time = time.monotonic() + self._timeout\n        while True:\n            try:\n                value = method(self._driver)\n                if value:\n                    return value\n            except self._ignored_exceptions as exc:\n                screen = getattr(exc, \"screen\", None)\n                stacktrace = getattr(exc, \"stacktrace\", None)\n            if time.monotonic() > end_time:\n                break\n            time.sleep(self._poll)\n>       raise TimeoutException(message, screen, stacktrace)\nE       selenium.common.exceptions.TimeoutException: Message: \nE       Stacktrace:\nE       #0 0x563b696d5bea <unknown>\nE       #1 0x563b691737d0 <unknown>\nE       #2 0x563b691c4cc0 <unknown>\nE       #3 0x563b691c4e41 <unknown>\nE       #4 0x563b69213984 <unknown>\nE       #5 0x563b691eaabd <unknown>\nE       #6 0x563b69210d0c <unknown>\nE       #7 0x563b691ea863 <unknown>\nE       #8 0x563b691b6ac8 <unknown>\nE       #9 0x563b691b7c31 <unknown>\nE       #10 0x563b6969f18b <unknown>\nE       #11 0x563b696a3112 <unknown>\nE       #12 0x563b6968c04c <unknown>\nE       #13 0x563b696a3d04 <unknown>\nE       #14 0x563b696704bf <unknown>\nE       #15 0x563b696c4528 <unknown>\nE       #16 0x563b696c46f9 <unknown>\nE       #17 0x563b696d4a66 <unknown>\nE       #18 0x7f3486c9caa4 <unknown>\nE       #19 0x7f3486d29c3c <unknown>\n\n/opt/hostedtoolcache/Python/3.12.5/x64/lib/python3.12/site-packages/selenium/webdriver/support/wait.py:105: TimeoutException","steps":[{"name":"Navigate to the Trello page and enter valid credentials (email, password, and 6-digits verification code)","time":{"start":1740876258799,"stop":1740876269335,"duration":10536},"status":"broken","statusMessage":"selenium.common.exceptions.TimeoutException: Message: \nStacktrace:\n#0 0x563b696d5bea <unknown>\n#1 0x563b691737d0 <unknown>\n#2 0x563b691c4cc0 <unknown>\n#3 0x563b691c4e41 <unknown>\n#4 0x563b69213984 <unknown>\n#5 0x563b691eaabd <unknown>\n#6 0x563b69210d0c <unknown>\n#7 0x563b691ea863 <unknown>\n#8 0x563b691b6ac8 <unknown>\n#9 0x563b691b7c31 <unknown>\n#10 0x563b6969f18b <unknown>\n#11 0x563b696a3112 <unknown>\n#12 0x563b6968c04c <unknown>\n#13 0x563b696a3d04 <unknown>\n#14 0x563b696704bf <unknown>\n#15 0x563b696c4528 <unknown>\n#16 0x563b696c46f9 <unknown>\n#17 0x563b696d4a66 <unknown>\n#18 0x7f3486c9caa4 <unknown>\n#19 0x7f3486d29c3c <unknown>\n\n","statusTrace":"  File \"/home/runner/work/pythonSelenium/pythonSelenium/tests/regression_ui/test_ui_regression.py\", line 62, in test_login\n    el_user_name = WebDriverWait(driver, 10).until(EC.element_to_be_clickable(\n                   ^^^^^^^^^^^^^^^^^^^^^^^^^^^^^^^^^^^^^^^^^^^^^^^^^^^^^^^^^^^\n  File \"/opt/hostedtoolcache/Python/3.12.5/x64/lib/python3.12/site-packages/selenium/webdriver/support/wait.py\", line 105, in until\n    raise TimeoutException(message, screen, stacktrace)\n","steps":[],"attachments":[],"parameters":[],"shouldDisplayMessage":true,"stepsCount":0,"attachmentsCount":0,"hasContent":true,"attachmentStep":false}],"attachments":[],"parameters":[],"shouldDisplayMessage":true,"stepsCount":1,"attachmentsCount":0,"hasContent":true,"attachmentStep":false},"afterStages":[{"name":"driver::0","time":{"start":1740876269370,"stop":1740876269451,"duration":81},"status":"passed","steps":[],"attachments":[],"parameters":[],"shouldDisplayMessage":false,"stepsCount":0,"attachmentsCount":0,"hasContent":false,"attachmentStep":false}],"labels":[{"name":"tag","value":"TC001"},{"name":"tag","value":"TC000"},{"name":"parentSuite","value":"tests.regression_ui"},{"name":"suite","value":"test_ui_regression"},{"name":"subSuite","value":"TestUIRegression"},{"name":"host","value":"fv-az1278-612"},{"name":"thread","value":"4670-MainThread"},{"name":"framework","value":"pytest"},{"name":"language","value":"cpython3"},{"name":"package","value":"tests.regression_ui.test_ui_regression"},{"name":"resultFormat","value":"allure2"}],"parameters":[],"links":[],"hidden":false,"retry":false,"extra":{"severity":"normal","retries":[],"categories":[{"name":"Test defects","matchedStatuses":[],"flaky":false}],"history":{"statistic":{"failed":0,"broken":5,"skipped":0,"passed":411,"unknown":0,"total":416},"items":[{"uid":"cb5de2465ce2eafb","status":"passed","time":{"start":1740863243003,"stop":1740863249091,"duration":6088}},{"uid":"c2d6976bef179124","status":"passed","time":{"start":1740852654007,"stop":1740852660443,"duration":6436}},{"uid":"bb986ba72241493f","status":"passed","time":{"start":1740841786579,"stop":1740841793351,"duration":6772}},{"uid":"8e3dac0d447f9bb0","status":"passed","time":{"start":1740831321600,"stop":1740831327636,"duration":6036}},{"uid":"9fd0a0f84c9a5ef9","status":"passed","time":{"start":1740820141856,"stop":1740820149157,"duration":7301}},{"uid":"3b54fa118b9e77c8","status":"passed","time":{"start":1740809508297,"stop":1740809514179,"duration":5882}},{"uid":"274db44e59290d91","status":"passed","time":{"start":1740799396301,"stop":1740799402317,"duration":6016}},{"uid":"9d458f21fabea922","status":"passed","time":{"start":1740789931044,"stop":1740789937046,"duration":6002}},{"uid":"5b2df532a467af42","status":"passed","time":{"start":1740776891540,"stop":1740776898411,"duration":6871}},{"uid":"af6ee1a155c180af","status":"passed","time":{"start":1740766328969,"stop":1740766336048,"duration":7079}},{"uid":"abdbcde49edbe500","status":"passed","time":{"start":1740755373406,"stop":1740755379307,"duration":5901}},{"uid":"82db3ef420d7e059","status":"passed","time":{"start":1740744937036,"stop":1740744943016,"duration":5980}},{"uid":"11318a037eb63fed","status":"passed","time":{"start":1740733776827,"stop":1740733783840,"duration":7013}},{"uid":"df9b79c27c528b0f","status":"passed","time":{"start":1740723163192,"stop":1740723169131,"duration":5939}},{"uid":"46561e2f68b73dde","status":"passed","time":{"start":1740712688227,"stop":1740712694249,"duration":6022}},{"uid":"79082ebf91f09693","status":"passed","time":{"start":1740703357873,"stop":1740703364442,"duration":6569}},{"uid":"f38e195f27a479d8","status":"passed","time":{"start":1740690514854,"stop":1740690520727,"duration":5873}},{"uid":"85d751d0a00d25be","status":"passed","time":{"start":1740679946408,"stop":1740679952447,"duration":6039}},{"uid":"931cf7bd425bf147","status":"passed","time":{"start":1740669023469,"stop":1740669030182,"duration":6713}},{"uid":"67b77ca260a3d104","status":"passed","time":{"start":1740658668201,"stop":1740658674815,"duration":6614}}]},"tags":["TC001","TC000"]},"source":"3ee9b0fa839af65.json","parameterValues":[]}