{"uid":"3f681f2782642b47","name":"Archive a card","fullName":"tests.regression_ui.test_ui_regression.TestUIRegression#test_archive_card","historyId":"4151bed777d70c35651f4626d00b86b5","time":{"start":1743855422840,"stop":1743855442505,"duration":19665},"status":"passed","flaky":false,"newFailed":false,"newBroken":false,"newPassed":true,"retriesCount":0,"retriesStatusChange":false,"beforeStages":[{"name":"driver","time":{"start":1743855422512,"stop":1743855422840,"duration":328},"status":"passed","steps":[],"attachments":[],"parameters":[],"shouldDisplayMessage":false,"stepsCount":0,"attachmentsCount":0,"hasContent":false,"attachmentStep":false},{"name":"setup","time":{"start":1743855422840,"stop":1743855422840,"duration":0},"status":"passed","steps":[],"attachments":[],"parameters":[],"shouldDisplayMessage":false,"stepsCount":0,"attachmentsCount":0,"hasContent":false,"attachmentStep":false}],"testStage":{"status":"passed","steps":[{"name":"Log in to Trello account","time":{"start":1743855427841,"stop":1743855433798,"duration":5957},"status":"passed","steps":[{"name":"Navigate to the Trello page and enter valid credentials (email, password, and 6-digits verification code)","time":{"start":1743855427841,"stop":1743855433798,"duration":5957},"status":"passed","steps":[],"attachments":[],"parameters":[],"shouldDisplayMessage":false,"stepsCount":0,"attachmentsCount":0,"hasContent":false,"attachmentStep":false}],"attachments":[],"parameters":[],"shouldDisplayMessage":false,"stepsCount":1,"attachmentsCount":0,"hasContent":true,"attachmentStep":false},{"name":"Open a board and select a card","time":{"start":1743855433798,"stop":1743855438234,"duration":4436},"status":"passed","steps":[],"attachments":[],"parameters":[],"shouldDisplayMessage":false,"stepsCount":0,"attachmentsCount":0,"hasContent":false,"attachmentStep":false},{"name":"Click the card to open and archive it","time":{"start":1743855438234,"stop":1743855439495,"duration":1261},"status":"passed","steps":[],"attachments":[],"parameters":[],"shouldDisplayMessage":false,"stepsCount":0,"attachmentsCount":0,"hasContent":false,"attachmentStep":false},{"name":"Verify that the card is archived and the list is empty","time":{"start":1743855439495,"stop":1743855442505,"duration":3010},"status":"passed","steps":[],"attachments":[],"parameters":[],"shouldDisplayMessage":false,"stepsCount":0,"attachmentsCount":0,"hasContent":false,"attachmentStep":false}],"attachments":[{"uid":"a28688c131545e73","name":"log","source":"a28688c131545e73.txt","type":"text/plain","size":360}],"parameters":[],"shouldDisplayMessage":false,"stepsCount":5,"attachmentsCount":1,"hasContent":true,"attachmentStep":false},"afterStages":[{"name":"driver::0","time":{"start":1743855442506,"stop":1743855442577,"duration":71},"status":"passed","steps":[],"attachments":[],"parameters":[],"shouldDisplayMessage":false,"stepsCount":0,"attachmentsCount":0,"hasContent":false,"attachmentStep":false}],"labels":[{"name":"tag","value":"TC006"},{"name":"tag","value":"TC000"},{"name":"parentSuite","value":"tests.regression_ui"},{"name":"suite","value":"test_ui_regression"},{"name":"subSuite","value":"TestUIRegression"},{"name":"host","value":"fv-az1959-71"},{"name":"thread","value":"4696-MainThread"},{"name":"framework","value":"pytest"},{"name":"language","value":"cpython3"},{"name":"package","value":"tests.regression_ui.test_ui_regression"},{"name":"resultFormat","value":"allure2"}],"parameters":[],"links":[],"hidden":false,"retry":false,"extra":{"severity":"normal","retries":[],"categories":[],"history":{"statistic":{"failed":22,"broken":93,"skipped":0,"passed":563,"unknown":0,"total":678},"items":[{"uid":"81db5fc1014bf4df","status":"broken","statusDetails":"selenium.common.exceptions.NoSuchElementException: Message: no such element: Unable to locate element: {\"method\":\"xpath\",\"selector\":\"//*[contains(text(), 'new_card')]\"}\n  (Session info: chrome=135.0.7049.52); For documentation on this error, please visit: https://www.selenium.dev/documentation/webdriver/troubleshooting/errors#no-such-element-exception\nStacktrace:\n#0 0x556a971c4ffa <unknown>\n#1 0x556a96c83970 <unknown>\n#2 0x556a96cd5385 <unknown>\n#3 0x556a96cd55b1 <unknown>\n#4 0x556a96d243c4 <unknown>\n#5 0x556a96cfb2bd <unknown>\n#6 0x556a96d2170c <unknown>\n#7 0x556a96cfb063 <unknown>\n#8 0x556a96cc7328 <unknown>\n#9 0x556a96cc8491 <unknown>\n#10 0x556a9718c42b <unknown>\n#11 0x556a971902ec <unknown>\n#12 0x556a97173a22 <unknown>\n#13 0x556a97190e64 <unknown>\n#14 0x556a97157bef <unknown>\n#15 0x556a971b3558 <unknown>\n#16 0x556a971b3736 <unknown>\n#17 0x556a971c3e76 <unknown>\n#18 0x7f9f0b89caa4 <unknown>\n#19 0x7f9f0b929c3c <unknown>","time":{"start":1743844370463,"stop":1743844411899,"duration":41436}},{"uid":"478c4c6704ecb380","status":"broken","statusDetails":"selenium.common.exceptions.NoSuchElementException: Message: no such element: Unable to locate element: {\"method\":\"xpath\",\"selector\":\"//*[contains(text(), 'new_card')]\"}\n  (Session info: chrome=135.0.7049.52); For documentation on this error, please visit: https://www.selenium.dev/documentation/webdriver/troubleshooting/errors#no-such-element-exception\nStacktrace:\n#0 0x55b792168ffa <unknown>\n#1 0x55b791c27970 <unknown>\n#2 0x55b791c79385 <unknown>\n#3 0x55b791c795b1 <unknown>\n#4 0x55b791cc83c4 <unknown>\n#5 0x55b791c9f2bd <unknown>\n#6 0x55b791cc570c <unknown>\n#7 0x55b791c9f063 <unknown>\n#8 0x55b791c6b328 <unknown>\n#9 0x55b791c6c491 <unknown>\n#10 0x55b79213042b <unknown>\n#11 0x55b7921342ec <unknown>\n#12 0x55b792117a22 <unknown>\n#13 0x55b792134e64 <unknown>\n#14 0x55b7920fbbef <unknown>\n#15 0x55b792157558 <unknown>\n#16 0x55b792157736 <unknown>\n#17 0x55b792167e76 <unknown>\n#18 0x7f961569caa4 <unknown>\n#19 0x7f9615729c3c <unknown>","time":{"start":1743833689661,"stop":1743833730942,"duration":41281}},{"uid":"98c583773fe130bb","status":"broken","statusDetails":"selenium.common.exceptions.NoSuchElementException: Message: no such element: Unable to locate element: {\"method\":\"xpath\",\"selector\":\"//*[contains(text(), 'new_card')]\"}\n  (Session info: chrome=135.0.7049.52); For documentation on this error, please visit: https://www.selenium.dev/documentation/webdriver/troubleshooting/errors#no-such-element-exception\nStacktrace:\n#0 0x5571ed6f0ffa <unknown>\n#1 0x5571ed1af970 <unknown>\n#2 0x5571ed201385 <unknown>\n#3 0x5571ed2015b1 <unknown>\n#4 0x5571ed2503c4 <unknown>\n#5 0x5571ed2272bd <unknown>\n#6 0x5571ed24d70c <unknown>\n#7 0x5571ed227063 <unknown>\n#8 0x5571ed1f3328 <unknown>\n#9 0x5571ed1f4491 <unknown>\n#10 0x5571ed6b842b <unknown>\n#11 0x5571ed6bc2ec <unknown>\n#12 0x5571ed69fa22 <unknown>\n#13 0x5571ed6bce64 <unknown>\n#14 0x5571ed683bef <unknown>\n#15 0x5571ed6df558 <unknown>\n#16 0x5571ed6df736 <unknown>\n#17 0x5571ed6efe76 <unknown>\n#18 0x7fa34629caa4 <unknown>\n#19 0x7fa346329c3c <unknown>","time":{"start":1743823644217,"stop":1743823666695,"duration":22478}},{"uid":"fd927b99e775a0ab","status":"broken","statusDetails":"selenium.common.exceptions.NoSuchElementException: Message: no such element: Unable to locate element: {\"method\":\"xpath\",\"selector\":\"//*[contains(text(), 'new_card')]\"}\n  (Session info: chrome=135.0.7049.52); For documentation on this error, please visit: https://www.selenium.dev/documentation/webdriver/troubleshooting/errors#no-such-element-exception\nStacktrace:\n#0 0x557779261ffa <unknown>\n#1 0x557778d20970 <unknown>\n#2 0x557778d72385 <unknown>\n#3 0x557778d725b1 <unknown>\n#4 0x557778dc13c4 <unknown>\n#5 0x557778d982bd <unknown>\n#6 0x557778dbe70c <unknown>\n#7 0x557778d98063 <unknown>\n#8 0x557778d64328 <unknown>\n#9 0x557778d65491 <unknown>\n#10 0x55777922942b <unknown>\n#11 0x55777922d2ec <unknown>\n#12 0x557779210a22 <unknown>\n#13 0x55777922de64 <unknown>\n#14 0x5577791f4bef <unknown>\n#15 0x557779250558 <unknown>\n#16 0x557779250736 <unknown>\n#17 0x557779260e76 <unknown>\n#18 0x7f005389caa4 <unknown>\n#19 0x7f0053929c3c <unknown>","time":{"start":1743813946870,"stop":1743813988563,"duration":41693}},{"uid":"a29399567467847a","status":"passed","time":{"start":1743801029609,"stop":1743801049211,"duration":19602}},{"uid":"522c985b6e60b53f","status":"broken","statusDetails":"selenium.common.exceptions.NoSuchElementException: Message: no such element: Unable to locate element: {\"method\":\"xpath\",\"selector\":\"//*[contains(text(), 'new_card')]\"}\n  (Session info: chrome=135.0.7049.52); For documentation on this error, please visit: https://www.selenium.dev/documentation/webdriver/troubleshooting/errors#no-such-element-exception\nStacktrace:\n#0 0x55efa33abffa <unknown>\n#1 0x55efa2e6a970 <unknown>\n#2 0x55efa2ebc385 <unknown>\n#3 0x55efa2ebc5b1 <unknown>\n#4 0x55efa2f0b3c4 <unknown>\n#5 0x55efa2ee22bd <unknown>\n#6 0x55efa2f0870c <unknown>\n#7 0x55efa2ee2063 <unknown>\n#8 0x55efa2eae328 <unknown>\n#9 0x55efa2eaf491 <unknown>\n#10 0x55efa337342b <unknown>\n#11 0x55efa33772ec <unknown>\n#12 0x55efa335aa22 <unknown>\n#13 0x55efa3377e64 <unknown>\n#14 0x55efa333ebef <unknown>\n#15 0x55efa339a558 <unknown>\n#16 0x55efa339a736 <unknown>\n#17 0x55efa33aae76 <unknown>\n#18 0x7f808129caa4 <unknown>\n#19 0x7f8081329c3c <unknown>","time":{"start":1743790526206,"stop":1743790567865,"duration":41659}},{"uid":"617906c58d56d8d8","status":"broken","statusDetails":"selenium.common.exceptions.NoSuchElementException: Message: no such element: Unable to locate element: {\"method\":\"xpath\",\"selector\":\"//*[contains(text(), 'new_card')]\"}\n  (Session info: chrome=135.0.7049.52); For documentation on this error, please visit: https://www.selenium.dev/documentation/webdriver/troubleshooting/errors#no-such-element-exception\nStacktrace:\n#0 0x556a6c1feffa <unknown>\n#1 0x556a6bcbd970 <unknown>\n#2 0x556a6bd0f385 <unknown>\n#3 0x556a6bd0f5b1 <unknown>\n#4 0x556a6bd5e3c4 <unknown>\n#5 0x556a6bd352bd <unknown>\n#6 0x556a6bd5b70c <unknown>\n#7 0x556a6bd35063 <unknown>\n#8 0x556a6bd01328 <unknown>\n#9 0x556a6bd02491 <unknown>\n#10 0x556a6c1c642b <unknown>\n#11 0x556a6c1ca2ec <unknown>\n#12 0x556a6c1ada22 <unknown>\n#13 0x556a6c1cae64 <unknown>\n#14 0x556a6c191bef <unknown>\n#15 0x556a6c1ed558 <unknown>\n#16 0x556a6c1ed736 <unknown>\n#17 0x556a6c1fde76 <unknown>\n#18 0x7fd53f89caa4 <unknown>\n#19 0x7fd53f929c3c <unknown>","time":{"start":1743779534257,"stop":1743779575500,"duration":41243}},{"uid":"8f1e0230c99cd644","status":"broken","statusDetails":"selenium.common.exceptions.NoSuchElementException: Message: no such element: Unable to locate element: {\"method\":\"xpath\",\"selector\":\"//*[contains(text(), 'new_card')]\"}\n  (Session info: chrome=135.0.7049.52); For documentation on this error, please visit: https://www.selenium.dev/documentation/webdriver/troubleshooting/errors#no-such-element-exception\nStacktrace:\n#0 0x55bff9cc2ffa <unknown>\n#1 0x55bff9781970 <unknown>\n#2 0x55bff97d3385 <unknown>\n#3 0x55bff97d35b1 <unknown>\n#4 0x55bff98223c4 <unknown>\n#5 0x55bff97f92bd <unknown>\n#6 0x55bff981f70c <unknown>\n#7 0x55bff97f9063 <unknown>\n#8 0x55bff97c5328 <unknown>\n#9 0x55bff97c6491 <unknown>\n#10 0x55bff9c8a42b <unknown>\n#11 0x55bff9c8e2ec <unknown>\n#12 0x55bff9c71a22 <unknown>\n#13 0x55bff9c8ee64 <unknown>\n#14 0x55bff9c55bef <unknown>\n#15 0x55bff9cb1558 <unknown>\n#16 0x55bff9cb1736 <unknown>\n#17 0x55bff9cc1e76 <unknown>\n#18 0x7fd0db69caa4 <unknown>\n#19 0x7fd0db729c3c <unknown>","time":{"start":1743769166290,"stop":1743769188609,"duration":22319}},{"uid":"f22636033200fb25","status":"broken","statusDetails":"selenium.common.exceptions.NoSuchElementException: Message: no such element: Unable to locate element: {\"method\":\"xpath\",\"selector\":\"//*[contains(text(), 'new_card')]\"}\n  (Session info: chrome=135.0.7049.52); For documentation on this error, please visit: https://www.selenium.dev/documentation/webdriver/troubleshooting/errors#no-such-element-exception\nStacktrace:\n#0 0x56290986fffa <unknown>\n#1 0x56290932e970 <unknown>\n#2 0x562909380385 <unknown>\n#3 0x5629093805b1 <unknown>\n#4 0x5629093cf3c4 <unknown>\n#5 0x5629093a62bd <unknown>\n#6 0x5629093cc70c <unknown>\n#7 0x5629093a6063 <unknown>\n#8 0x562909372328 <unknown>\n#9 0x562909373491 <unknown>\n#10 0x56290983742b <unknown>\n#11 0x56290983b2ec <unknown>\n#12 0x56290981ea22 <unknown>\n#13 0x56290983be64 <unknown>\n#14 0x562909802bef <unknown>\n#15 0x56290985e558 <unknown>\n#16 0x56290985e736 <unknown>\n#17 0x56290986ee76 <unknown>\n#18 0x7f837949caa4 <unknown>\n#19 0x7f8379529c3c <unknown>","time":{"start":1743757973373,"stop":1743758014546,"duration":41173}},{"uid":"627a9b71412f2425","status":"broken","statusDetails":"selenium.common.exceptions.NoSuchElementException: Message: no such element: Unable to locate element: {\"method\":\"xpath\",\"selector\":\"//*[contains(text(), 'new_card')]\"}\n  (Session info: chrome=135.0.7049.52); For documentation on this error, please visit: https://www.selenium.dev/documentation/webdriver/troubleshooting/errors#no-such-element-exception\nStacktrace:\n#0 0x55c8db61affa <unknown>\n#1 0x55c8db0d9970 <unknown>\n#2 0x55c8db12b385 <unknown>\n#3 0x55c8db12b5b1 <unknown>\n#4 0x55c8db17a3c4 <unknown>\n#5 0x55c8db1512bd <unknown>\n#6 0x55c8db17770c <unknown>\n#7 0x55c8db151063 <unknown>\n#8 0x55c8db11d328 <unknown>\n#9 0x55c8db11e491 <unknown>\n#10 0x55c8db5e242b <unknown>\n#11 0x55c8db5e62ec <unknown>\n#12 0x55c8db5c9a22 <unknown>\n#13 0x55c8db5e6e64 <unknown>\n#14 0x55c8db5adbef <unknown>\n#15 0x55c8db609558 <unknown>\n#16 0x55c8db609736 <unknown>\n#17 0x55c8db619e76 <unknown>\n#18 0x7fe96389caa4 <unknown>\n#19 0x7fe963929c3c <unknown>","time":{"start":1743747379127,"stop":1743747420405,"duration":41278}},{"uid":"8310adc9eb18a3ed","status":"passed","time":{"start":1743737309640,"stop":1743737329109,"duration":19469}},{"uid":"8a11bb9bc6c4715","status":"broken","statusDetails":"selenium.common.exceptions.NoSuchElementException: Message: no such element: Unable to locate element: {\"method\":\"xpath\",\"selector\":\"//*[contains(text(), 'new_card')]\"}\n  (Session info: chrome=135.0.7049.52); For documentation on this error, please visit: https://www.selenium.dev/documentation/webdriver/troubleshooting/errors#no-such-element-exception\nStacktrace:\n#0 0x55ae231c7ffa <unknown>\n#1 0x55ae22c86970 <unknown>\n#2 0x55ae22cd8385 <unknown>\n#3 0x55ae22cd85b1 <unknown>\n#4 0x55ae22d273c4 <unknown>\n#5 0x55ae22cfe2bd <unknown>\n#6 0x55ae22d2470c <unknown>\n#7 0x55ae22cfe063 <unknown>\n#8 0x55ae22cca328 <unknown>\n#9 0x55ae22ccb491 <unknown>\n#10 0x55ae2318f42b <unknown>\n#11 0x55ae231932ec <unknown>\n#12 0x55ae23176a22 <unknown>\n#13 0x55ae23193e64 <unknown>\n#14 0x55ae2315abef <unknown>\n#15 0x55ae231b6558 <unknown>\n#16 0x55ae231b6736 <unknown>\n#17 0x55ae231c6e76 <unknown>\n#18 0x7f537449caa4 <unknown>\n#19 0x7f5374529c3c <unknown>","time":{"start":1743727636601,"stop":1743727678333,"duration":41732}},{"uid":"45cad8192ee788a2","status":"broken","statusDetails":"selenium.common.exceptions.NoSuchElementException: Message: no such element: Unable to locate element: {\"method\":\"xpath\",\"selector\":\"//*[contains(text(), 'new_card')]\"}\n  (Session info: chrome=135.0.7049.52); For documentation on this error, please visit: https://www.selenium.dev/documentation/webdriver/troubleshooting/errors#no-such-element-exception\nStacktrace:\n#0 0x55fe5ddd4a1a <unknown>\n#1 0x55fe5d88c390 <unknown>\n#2 0x55fe5d8ddc85 <unknown>\n#3 0x55fe5d8ddeb1 <unknown>\n#4 0x55fe5d92cd64 <unknown>\n#5 0x55fe5d903bfd <unknown>\n#6 0x55fe5d92a07b <unknown>\n#7 0x55fe5d9039a3 <unknown>\n#8 0x55fe5d8cf60e <unknown>\n#9 0x55fe5d8d0dd1 <unknown>\n#10 0x55fe5dd9addb <unknown>\n#11 0x55fe5dd9ecbc <unknown>\n#12 0x55fe5dd82392 <unknown>\n#13 0x55fe5dd9f834 <unknown>\n#14 0x55fe5dd661ef <unknown>\n#15 0x55fe5ddc3038 <unknown>\n#16 0x55fe5ddc3216 <unknown>\n#17 0x55fe5ddd3896 <unknown>\n#18 0x7efc2c69caa4 <unknown>\n#19 0x7efc2c729c3c <unknown>","time":{"start":1743714684852,"stop":1743714726033,"duration":41181}},{"uid":"ccfad89ebf23bebe","status":"broken","statusDetails":"selenium.common.exceptions.NoSuchElementException: Message: no such element: Unable to locate element: {\"method\":\"xpath\",\"selector\":\"//*[contains(text(), 'new_card')]\"}\n  (Session info: chrome=135.0.7049.52); For documentation on this error, please visit: https://www.selenium.dev/documentation/webdriver/troubleshooting/errors#no-such-element-exception\nStacktrace:\n#0 0x55a7c8a07ffa <unknown>\n#1 0x55a7c84c6970 <unknown>\n#2 0x55a7c8518385 <unknown>\n#3 0x55a7c85185b1 <unknown>\n#4 0x55a7c85673c4 <unknown>\n#5 0x55a7c853e2bd <unknown>\n#6 0x55a7c856470c <unknown>\n#7 0x55a7c853e063 <unknown>\n#8 0x55a7c850a328 <unknown>\n#9 0x55a7c850b491 <unknown>\n#10 0x55a7c89cf42b <unknown>\n#11 0x55a7c89d32ec <unknown>\n#12 0x55a7c89b6a22 <unknown>\n#13 0x55a7c89d3e64 <unknown>\n#14 0x55a7c899abef <unknown>\n#15 0x55a7c89f6558 <unknown>\n#16 0x55a7c89f6736 <unknown>\n#17 0x55a7c8a06e76 <unknown>\n#18 0x7faa5f09caa4 <unknown>\n#19 0x7faa5f129c3c <unknown>","time":{"start":1743704144265,"stop":1743704185583,"duration":41318}},{"uid":"8fd516337d2a6491","status":"broken","statusDetails":"selenium.common.exceptions.NoSuchElementException: Message: no such element: Unable to locate element: {\"method\":\"xpath\",\"selector\":\"//*[contains(text(), 'new_card')]\"}\n  (Session info: chrome=135.0.7049.52); For documentation on this error, please visit: https://www.selenium.dev/documentation/webdriver/troubleshooting/errors#no-such-element-exception\nStacktrace:\n#0 0x55999afeda1a <unknown>\n#1 0x55999aaa5390 <unknown>\n#2 0x55999aaf6c85 <unknown>\n#3 0x55999aaf6eb1 <unknown>\n#4 0x55999ab45d64 <unknown>\n#5 0x55999ab1cbfd <unknown>\n#6 0x55999ab4307b <unknown>\n#7 0x55999ab1c9a3 <unknown>\n#8 0x55999aae860e <unknown>\n#9 0x55999aae9dd1 <unknown>\n#10 0x55999afb3ddb <unknown>\n#11 0x55999afb7cbc <unknown>\n#12 0x55999af9b392 <unknown>\n#13 0x55999afb8834 <unknown>\n#14 0x55999af7f1ef <unknown>\n#15 0x55999afdc038 <unknown>\n#16 0x55999afdc216 <unknown>\n#17 0x55999afec896 <unknown>\n#18 0x7fd618a9caa4 <unknown>\n#19 0x7fd618b29c3c <unknown>","time":{"start":1743693143226,"stop":1743693165091,"duration":21865}},{"uid":"ff0266a7ba36dcd","status":"broken","statusDetails":"selenium.common.exceptions.NoSuchElementException: Message: no such element: Unable to locate element: {\"method\":\"xpath\",\"selector\":\"//*[contains(text(), 'new_card')]\"}\n  (Session info: chrome=135.0.7049.52); For documentation on this error, please visit: https://www.selenium.dev/documentation/webdriver/troubleshooting/errors#no-such-element-exception\nStacktrace:\n#0 0x5556e4e3effa <unknown>\n#1 0x5556e48fd970 <unknown>\n#2 0x5556e494f385 <unknown>\n#3 0x5556e494f5b1 <unknown>\n#4 0x5556e499e3c4 <unknown>\n#5 0x5556e49752bd <unknown>\n#6 0x5556e499b70c <unknown>\n#7 0x5556e4975063 <unknown>\n#8 0x5556e4941328 <unknown>\n#9 0x5556e4942491 <unknown>\n#10 0x5556e4e0642b <unknown>\n#11 0x5556e4e0a2ec <unknown>\n#12 0x5556e4deda22 <unknown>\n#13 0x5556e4e0ae64 <unknown>\n#14 0x5556e4dd1bef <unknown>\n#15 0x5556e4e2d558 <unknown>\n#16 0x5556e4e2d736 <unknown>\n#17 0x5556e4e3de76 <unknown>\n#18 0x7f8c76c9caa4 <unknown>\n#19 0x7f8c76d29c3c <unknown>","time":{"start":1743683063458,"stop":1743683105183,"duration":41725}},{"uid":"bdf5b7678296b026","status":"passed","time":{"start":1743671552733,"stop":1743671572888,"duration":20155}},{"uid":"c04cd8d0755c946f","status":"broken","statusDetails":"selenium.common.exceptions.NoSuchElementException: Message: no such element: Unable to locate element: {\"method\":\"xpath\",\"selector\":\"//*[contains(text(), 'new_card')]\"}\n  (Session info: chrome=135.0.7049.52); For documentation on this error, please visit: https://www.selenium.dev/documentation/webdriver/troubleshooting/errors#no-such-element-exception\nStacktrace:\n#0 0x5585c193aa1a <unknown>\n#1 0x5585c13f2390 <unknown>\n#2 0x5585c1443c85 <unknown>\n#3 0x5585c1443eb1 <unknown>\n#4 0x5585c1492d64 <unknown>\n#5 0x5585c1469bfd <unknown>\n#6 0x5585c149007b <unknown>\n#7 0x5585c14699a3 <unknown>\n#8 0x5585c143560e <unknown>\n#9 0x5585c1436dd1 <unknown>\n#10 0x5585c1900ddb <unknown>\n#11 0x5585c1904cbc <unknown>\n#12 0x5585c18e8392 <unknown>\n#13 0x5585c1905834 <unknown>\n#14 0x5585c18cc1ef <unknown>\n#15 0x5585c1929038 <unknown>\n#16 0x5585c1929216 <unknown>\n#17 0x5585c1939896 <unknown>\n#18 0x7f589189caa4 <unknown>\n#19 0x7f5891929c3c <unknown>","time":{"start":1743660975102,"stop":1743661016273,"duration":41171}},{"uid":"326710c7eec6fa6e","status":"passed","time":{"start":1743650881330,"stop":1743650902320,"duration":20990}},{"uid":"65afd819a708c2bd","status":"broken","statusDetails":"selenium.common.exceptions.NoSuchElementException: Message: no such element: Unable to locate element: {\"method\":\"xpath\",\"selector\":\"//*[contains(text(), 'new_card')]\"}\n  (Session info: chrome=135.0.7049.52); For documentation on this error, please visit: https://www.selenium.dev/documentation/webdriver/troubleshooting/errors#no-such-element-exception\nStacktrace:\n#0 0x55bc7dbf2ffa <unknown>\n#1 0x55bc7d6b1970 <unknown>\n#2 0x55bc7d703385 <unknown>\n#3 0x55bc7d7035b1 <unknown>\n#4 0x55bc7d7523c4 <unknown>\n#5 0x55bc7d7292bd <unknown>\n#6 0x55bc7d74f70c <unknown>\n#7 0x55bc7d729063 <unknown>\n#8 0x55bc7d6f5328 <unknown>\n#9 0x55bc7d6f6491 <unknown>\n#10 0x55bc7dbba42b <unknown>\n#11 0x55bc7dbbe2ec <unknown>\n#12 0x55bc7dba1a22 <unknown>\n#13 0x55bc7dbbee64 <unknown>\n#14 0x55bc7db85bef <unknown>\n#15 0x55bc7dbe1558 <unknown>\n#16 0x55bc7dbe1736 <unknown>\n#17 0x55bc7dbf1e76 <unknown>\n#18 0x7f73e029caa4 <unknown>\n#19 0x7f73e0329c3c <unknown>","time":{"start":1743641079822,"stop":1743641121476,"duration":41654}}]},"tags":["TC006","TC000"]},"source":"3f681f2782642b47.json","parameterValues":[]}