{"uid":"404c04d94b309721","name":"Label a Card","fullName":"tests.regression_ui.test_ui_regression.TestUIRegression#test_label_card","historyId":"81bf587fe9f2db9e87ee2dc06e7308b0","time":{"start":1742494545104,"stop":1742494579147,"duration":34043},"status":"passed","flaky":false,"newFailed":false,"newBroken":false,"newPassed":false,"retriesCount":0,"retriesStatusChange":false,"beforeStages":[{"name":"driver","time":{"start":1742494544784,"stop":1742494545104,"duration":320},"status":"passed","steps":[],"attachments":[],"parameters":[],"shouldDisplayMessage":false,"stepsCount":0,"attachmentsCount":0,"hasContent":false,"attachmentStep":false},{"name":"setup","time":{"start":1742494545104,"stop":1742494545104,"duration":0},"status":"passed","steps":[],"attachments":[],"parameters":[],"shouldDisplayMessage":false,"stepsCount":0,"attachmentsCount":0,"hasContent":false,"attachmentStep":false}],"testStage":{"status":"passed","steps":[{"name":"Log in to Trello account","time":{"start":1742494549104,"stop":1742494566906,"duration":17802},"status":"passed","steps":[{"name":"Navigate to the Trello page and enter valid credentials (email, password, and 6-digits verification code)","time":{"start":1742494549104,"stop":1742494566906,"duration":17802},"status":"passed","steps":[],"attachments":[],"parameters":[],"shouldDisplayMessage":false,"stepsCount":0,"attachmentsCount":0,"hasContent":false,"attachmentStep":false}],"attachments":[],"parameters":[],"shouldDisplayMessage":false,"stepsCount":1,"attachmentsCount":0,"hasContent":true,"attachmentStep":false},{"name":"Open a board and select a card","time":{"start":1742494566906,"stop":1742494572636,"duration":5730},"status":"passed","steps":[],"attachments":[],"parameters":[],"shouldDisplayMessage":false,"stepsCount":0,"attachmentsCount":0,"hasContent":false,"attachmentStep":false},{"name":"Click the card to open and archive it","time":{"start":1742494572636,"stop":1742494579146,"duration":6510},"status":"passed","steps":[],"attachments":[],"parameters":[],"shouldDisplayMessage":false,"stepsCount":0,"attachmentsCount":0,"hasContent":false,"attachmentStep":false}],"attachments":[],"parameters":[],"shouldDisplayMessage":false,"stepsCount":4,"attachmentsCount":0,"hasContent":true,"attachmentStep":false},"afterStages":[{"name":"driver::0","time":{"start":1742494579147,"stop":1742494579224,"duration":77},"status":"passed","steps":[],"attachments":[],"parameters":[],"shouldDisplayMessage":false,"stepsCount":0,"attachmentsCount":0,"hasContent":false,"attachmentStep":false}],"labels":[{"name":"tag","value":"TC007"},{"name":"tag","value":"TC000"},{"name":"parentSuite","value":"tests.regression_ui"},{"name":"suite","value":"test_ui_regression"},{"name":"subSuite","value":"TestUIRegression"},{"name":"host","value":"fv-az1372-304"},{"name":"thread","value":"4090-MainThread"},{"name":"framework","value":"pytest"},{"name":"language","value":"cpython3"},{"name":"package","value":"tests.regression_ui.test_ui_regression"},{"name":"resultFormat","value":"allure2"}],"parameters":[],"links":[],"hidden":false,"retry":false,"extra":{"severity":"normal","retries":[],"categories":[],"history":{"statistic":{"failed":0,"broken":29,"skipped":0,"passed":522,"unknown":0,"total":551},"items":[{"uid":"dd8e812a3df7824d","status":"passed","time":{"start":1742483598536,"stop":1742483626859,"duration":28323}},{"uid":"c47ab1a619f85b3e","status":"passed","time":{"start":1742473185684,"stop":1742473218911,"duration":33227}},{"uid":"a061d67a077ab139","status":"passed","time":{"start":1742461967625,"stop":1742461995348,"duration":27723}},{"uid":"ba6ef945cc98e69f","status":"broken","statusDetails":"selenium.common.exceptions.NoSuchElementException: Message: no such element: Unable to locate element: {\"method\":\"xpath\",\"selector\":\"//*[contains(text(), 'new_card')]\"}\n  (Session info: chrome=134.0.6998.117); For documentation on this error, please visit: https://www.selenium.dev/documentation/webdriver/troubleshooting/errors#no-such-element-exception\nStacktrace:\n#0 0x56097a088a1a <unknown>\n#1 0x560979b40390 <unknown>\n#2 0x560979b91c85 <unknown>\n#3 0x560979b91eb1 <unknown>\n#4 0x560979be0d64 <unknown>\n#5 0x560979bb7bfd <unknown>\n#6 0x560979bde07b <unknown>\n#7 0x560979bb79a3 <unknown>\n#8 0x560979b8360e <unknown>\n#9 0x560979b84dd1 <unknown>\n#10 0x56097a04eddb <unknown>\n#11 0x56097a052cbc <unknown>\n#12 0x56097a036392 <unknown>\n#13 0x56097a053834 <unknown>\n#14 0x56097a01a1ef <unknown>\n#15 0x56097a077038 <unknown>\n#16 0x56097a077216 <unknown>\n#17 0x56097a087896 <unknown>\n#18 0x7f997e49caa4 <unknown>\n#19 0x7f997e529c3c <unknown>","time":{"start":1742451351318,"stop":1742451371486,"duration":20168}},{"uid":"c58654c5d3f1ff97","status":"broken","statusDetails":"selenium.common.exceptions.NoSuchElementException: Message: no such element: Unable to locate element: {\"method\":\"xpath\",\"selector\":\"//*[contains(text(), 'new_card')]\"}\n  (Session info: chrome=134.0.6998.117); For documentation on this error, please visit: https://www.selenium.dev/documentation/webdriver/troubleshooting/errors#no-such-element-exception\nStacktrace:\n#0 0x561696368a1a <unknown>\n#1 0x561695e20390 <unknown>\n#2 0x561695e71c85 <unknown>\n#3 0x561695e71eb1 <unknown>\n#4 0x561695ec0d64 <unknown>\n#5 0x561695e97bfd <unknown>\n#6 0x561695ebe07b <unknown>\n#7 0x561695e979a3 <unknown>\n#8 0x561695e6360e <unknown>\n#9 0x561695e64dd1 <unknown>\n#10 0x56169632eddb <unknown>\n#11 0x561696332cbc <unknown>\n#12 0x561696316392 <unknown>\n#13 0x561696333834 <unknown>\n#14 0x5616962fa1ef <unknown>\n#15 0x561696357038 <unknown>\n#16 0x561696357216 <unknown>\n#17 0x561696367896 <unknown>\n#18 0x7fc6a949caa4 <unknown>\n#19 0x7fc6a9529c3c <unknown>","time":{"start":1742441073540,"stop":1742441094094,"duration":20554}},{"uid":"8f224e2ae16a293c","status":"passed","time":{"start":1742431456340,"stop":1742431490239,"duration":33899}},{"uid":"f3abe46217589d03","status":"broken","statusDetails":"selenium.common.exceptions.NoSuchElementException: Message: no such element: Unable to locate element: {\"method\":\"xpath\",\"selector\":\"//*[contains(text(), 'new_card')]\"}\n  (Session info: chrome=134.0.6998.117); For documentation on this error, please visit: https://www.selenium.dev/documentation/webdriver/troubleshooting/errors#no-such-element-exception\nStacktrace:\n#0 0x563ac4015a1a <unknown>\n#1 0x563ac3acd390 <unknown>\n#2 0x563ac3b1ec85 <unknown>\n#3 0x563ac3b1eeb1 <unknown>\n#4 0x563ac3b6dd64 <unknown>\n#5 0x563ac3b44bfd <unknown>\n#6 0x563ac3b6b07b <unknown>\n#7 0x563ac3b449a3 <unknown>\n#8 0x563ac3b1060e <unknown>\n#9 0x563ac3b11dd1 <unknown>\n#10 0x563ac3fdbddb <unknown>\n#11 0x563ac3fdfcbc <unknown>\n#12 0x563ac3fc3392 <unknown>\n#13 0x563ac3fe0834 <unknown>\n#14 0x563ac3fa71ef <unknown>\n#15 0x563ac4004038 <unknown>\n#16 0x563ac4004216 <unknown>\n#17 0x563ac4014896 <unknown>\n#18 0x7f1cb869caa4 <unknown>\n#19 0x7f1cb8729c3c <unknown>","time":{"start":1742418921914,"stop":1742418941983,"duration":20069}},{"uid":"8ca5c8216ae93b2f","status":"passed","time":{"start":1742408124517,"stop":1742408147185,"duration":22668}},{"uid":"5a872dc922e693c9","status":"passed","time":{"start":1742397114314,"stop":1742397136904,"duration":22590}},{"uid":"108e536ccf6f0e98","status":"broken","statusDetails":"selenium.common.exceptions.TimeoutException: Message: \nStacktrace:\n#0 0x5598b369d46a <unknown>\n#1 0x5598b3156ed0 <unknown>\n#2 0x5598b31a8935 <unknown>\n#3 0x5598b31a8b61 <unknown>\n#4 0x5598b31f79d4 <unknown>\n#5 0x5598b31ce88d <unknown>\n#6 0x5598b31f4ceb <unknown>\n#7 0x5598b31ce633 <unknown>\n#8 0x5598b319a1be <unknown>\n#9 0x5598b319b981 <unknown>\n#10 0x5598b366386b <unknown>\n#11 0x5598b366773c <unknown>\n#12 0x5598b364af12 <unknown>\n#13 0x5598b36682b4 <unknown>\n#14 0x5598b362f0af <unknown>\n#15 0x5598b368bad8 <unknown>\n#16 0x5598b368bcb6 <unknown>\n#17 0x5598b369c2e6 <unknown>\n#18 0x7fd0b789caa4 <unknown>\n#19 0x7fd0b7929c3c <unknown>","time":{"start":1742386698616,"stop":1742386713242,"duration":14626}},{"uid":"f64be6d74d23f657","status":"passed","time":{"start":1742375575755,"stop":1742375598973,"duration":23218}},{"uid":"e11087d2c3150644","status":"passed","time":{"start":1742365012780,"stop":1742365040269,"duration":27489}},{"uid":"24a34d5e1608a427","status":"broken","statusDetails":"selenium.common.exceptions.NoSuchElementException: Message: no such element: Unable to locate element: {\"method\":\"xpath\",\"selector\":\"//*[contains(text(), 'new_card')]\"}\n  (Session info: chrome=134.0.6998.88); For documentation on this error, please visit: https://www.selenium.dev/documentation/webdriver/troubleshooting/errors#no-such-element-exception\nStacktrace:\n#0 0x560c157c246a <unknown>\n#1 0x560c1527bed0 <unknown>\n#2 0x560c152cd935 <unknown>\n#3 0x560c152cdb61 <unknown>\n#4 0x560c1531c9d4 <unknown>\n#5 0x560c152f388d <unknown>\n#6 0x560c15319ceb <unknown>\n#7 0x560c152f3633 <unknown>\n#8 0x560c152bf1be <unknown>\n#9 0x560c152c0981 <unknown>\n#10 0x560c1578886b <unknown>\n#11 0x560c1578c73c <unknown>\n#12 0x560c1576ff12 <unknown>\n#13 0x560c1578d2b4 <unknown>\n#14 0x560c157540af <unknown>\n#15 0x560c157b0ad8 <unknown>\n#16 0x560c157b0cb6 <unknown>\n#17 0x560c157c12e6 <unknown>\n#18 0x7f7bff09caa4 <unknown>\n#19 0x7f7bff129c3c <unknown>","time":{"start":1742354746863,"stop":1742354778495,"duration":31632}},{"uid":"378288dc9142ad47","status":"broken","statusDetails":"selenium.common.exceptions.NoSuchElementException: Message: no such element: Unable to locate element: {\"method\":\"xpath\",\"selector\":\"//*[contains(text(), 'new_card')]\"}\n  (Session info: chrome=134.0.6998.88); For documentation on this error, please visit: https://www.selenium.dev/documentation/webdriver/troubleshooting/errors#no-such-element-exception\nStacktrace:\n#0 0x563872efa46a <unknown>\n#1 0x5638729b3ed0 <unknown>\n#2 0x563872a05935 <unknown>\n#3 0x563872a05b61 <unknown>\n#4 0x563872a549d4 <unknown>\n#5 0x563872a2b88d <unknown>\n#6 0x563872a51ceb <unknown>\n#7 0x563872a2b633 <unknown>\n#8 0x5638729f71be <unknown>\n#9 0x5638729f8981 <unknown>\n#10 0x563872ec086b <unknown>\n#11 0x563872ec473c <unknown>\n#12 0x563872ea7f12 <unknown>\n#13 0x563872ec52b4 <unknown>\n#14 0x563872e8c0af <unknown>\n#15 0x563872ee8ad8 <unknown>\n#16 0x563872ee8cb6 <unknown>\n#17 0x563872ef92e6 <unknown>\n#18 0x7f809729caa4 <unknown>\n#19 0x7f8097329c3c <unknown>","time":{"start":1742345226204,"stop":1742345247014,"duration":20810}},{"uid":"16e19775ef2c1e36","status":"passed","time":{"start":1742332315825,"stop":1742332340169,"duration":24344}},{"uid":"85e74c6c571d4774","status":"passed","time":{"start":1742321714420,"stop":1742321748984,"duration":34564}},{"uid":"afcb9023eecdabec","status":"passed","time":{"start":1742310762413,"stop":1742310795513,"duration":33100}},{"uid":"452565b59d08eb61","status":"passed","time":{"start":1742300418133,"stop":1742300446338,"duration":28205}},{"uid":"5a79832ac067146b","status":"broken","statusDetails":"selenium.common.exceptions.NoSuchElementException: Message: no such element: Unable to locate element: {\"method\":\"xpath\",\"selector\":\"//*[contains(text(), 'new_card')]\"}\n  (Session info: chrome=134.0.6998.88); For documentation on this error, please visit: https://www.selenium.dev/documentation/webdriver/troubleshooting/errors#no-such-element-exception\nStacktrace:\n#0 0x5592b7e8646a <unknown>\n#1 0x5592b793fed0 <unknown>\n#2 0x5592b7991935 <unknown>\n#3 0x5592b7991b61 <unknown>\n#4 0x5592b79e09d4 <unknown>\n#5 0x5592b79b788d <unknown>\n#6 0x5592b79ddceb <unknown>\n#7 0x5592b79b7633 <unknown>\n#8 0x5592b79831be <unknown>\n#9 0x5592b7984981 <unknown>\n#10 0x5592b7e4c86b <unknown>\n#11 0x5592b7e5073c <unknown>\n#12 0x5592b7e33f12 <unknown>\n#13 0x5592b7e512b4 <unknown>\n#14 0x5592b7e180af <unknown>\n#15 0x5592b7e74ad8 <unknown>\n#16 0x5592b7e74cb6 <unknown>\n#17 0x5592b7e852e6 <unknown>\n#18 0x7f6cf729caa4 <unknown>\n#19 0x7f6cf7329c3c <unknown>","time":{"start":1742289256522,"stop":1742289277227,"duration":20705}},{"uid":"3e01d966f2453bd","status":"passed","time":{"start":1742278552248,"stop":1742278579660,"duration":27412}}]},"tags":["TC007","TC000"]},"source":"404c04d94b309721.json","parameterValues":[]}