{"uid":"4476da1f2f0b872","name":"Card Creation","fullName":"tests.regression_ui.test_ui_regression.TestUIRegression#test_card_creation","historyId":"37b04428e9c82a14933f1043cf15ed79","time":{"start":1742969650053,"stop":1742969708471,"duration":58418},"status":"broken","statusMessage":"selenium.common.exceptions.TimeoutException: Message: \nStacktrace:\n#0 0x563d54579a1a <unknown>\n#1 0x563d54031390 <unknown>\n#2 0x563d54082c85 <unknown>\n#3 0x563d54082eb1 <unknown>\n#4 0x563d540d1d64 <unknown>\n#5 0x563d540a8bfd <unknown>\n#6 0x563d540cf07b <unknown>\n#7 0x563d540a89a3 <unknown>\n#8 0x563d5407460e <unknown>\n#9 0x563d54075dd1 <unknown>\n#10 0x563d5453fddb <unknown>\n#11 0x563d54543cbc <unknown>\n#12 0x563d54527392 <unknown>\n#13 0x563d54544834 <unknown>\n#14 0x563d5450b1ef <unknown>\n#15 0x563d54568038 <unknown>\n#16 0x563d54568216 <unknown>\n#17 0x563d54578896 <unknown>\n#18 0x7f59abc9caa4 <unknown>\n#19 0x7f59abd29c3c <unknown>","statusTrace":"self = <tests.regression_ui.test_ui_regression.TestUIRegression object at 0x7f2ad874e6c0>\ndriver = <selenium.webdriver.chrome.webdriver.WebDriver (session=\"ff4f9cdf000f1feaf93dfed3ca0a4139\")>\n\n    @pytest.mark.TC000\n    @pytest.mark.TC004\n    @allure.title('Card Creation')\n    def test_card_creation(self, driver):\n        time.sleep(10)\n        with allure.step('Log in to Trello account.'):\n            self.test_login(driver)\n        with allure.step('Open a board with an existing list and create a new card'):\n            try:\n                WebDriverWait(driver, 10).until(EC.element_to_be_clickable((By.XPATH, self.SCC.Board.BOARD_TITLE))).click()\n                WebDriverWait(driver, 10).until(EC.visibility_of_element_located((By.XPATH, self.SCC.Board.LIST_TITLE)))\n                driver.find_element(By.XPATH, self.SCC.List.ADD_A_CARD_BUTTON).click()\n                driver.find_element(By.XPATH, self.SCC.List.CARD_NAME_FIELD).click()\n                time.sleep(1)\n                driver.find_element(By.XPATH, self.SCC.List.CARD_NAME_FIELD).send_keys('new_card')\n                driver.find_element(By.XPATH, self.SCC.List.ADD_CARD_SUBMIT_BUTTOMN).click()\n            except Exception as e:\n                log.info(\"An error occurred: \", str(e))\n        with allure.step('Verify that the card is created'):\n            time.sleep(2)\n>           assert WebDriverWait(driver, 30).until(EC.visibility_of_element_located((By.XPATH, self.SCC.List.NEW_CARD_TITLE))).is_displayed()\n\ntests/regression_ui/test_ui_regression.py:159: \n_ _ _ _ _ _ _ _ _ _ _ _ _ _ _ _ _ _ _ _ _ _ _ _ _ _ _ _ _ _ _ _ _ _ _ _ _ _ _ _ \n\nself = <selenium.webdriver.support.wait.WebDriverWait (session=\"ff4f9cdf000f1feaf93dfed3ca0a4139\")>\nmethod = <function visibility_of_element_located.<locals>._predicate at 0x7f2ad8a94720>\nmessage = ''\n\n    def until(self, method: Callable[[D], Union[Literal[False], T]], message: str = \"\") -> T:\n        \"\"\"Calls the method provided with the driver as an argument until the \\\n        return value does not evaluate to ``False``.\n    \n        :param method: callable(WebDriver)\n        :param message: optional message for :exc:`TimeoutException`\n        :returns: the result of the last call to `method`\n        :raises: :exc:`selenium.common.exceptions.TimeoutException` if timeout occurs\n        \"\"\"\n        screen = None\n        stacktrace = None\n    \n        end_time = time.monotonic() + self._timeout\n        while True:\n            try:\n                value = method(self._driver)\n                if value:\n                    return value\n            except self._ignored_exceptions as exc:\n                screen = getattr(exc, \"screen\", None)\n                stacktrace = getattr(exc, \"stacktrace\", None)\n            if time.monotonic() > end_time:\n                break\n            time.sleep(self._poll)\n>       raise TimeoutException(message, screen, stacktrace)\nE       selenium.common.exceptions.TimeoutException: Message: \nE       Stacktrace:\nE       #0 0x563d54579a1a <unknown>\nE       #1 0x563d54031390 <unknown>\nE       #2 0x563d54082c85 <unknown>\nE       #3 0x563d54082eb1 <unknown>\nE       #4 0x563d540d1d64 <unknown>\nE       #5 0x563d540a8bfd <unknown>\nE       #6 0x563d540cf07b <unknown>\nE       #7 0x563d540a89a3 <unknown>\nE       #8 0x563d5407460e <unknown>\nE       #9 0x563d54075dd1 <unknown>\nE       #10 0x563d5453fddb <unknown>\nE       #11 0x563d54543cbc <unknown>\nE       #12 0x563d54527392 <unknown>\nE       #13 0x563d54544834 <unknown>\nE       #14 0x563d5450b1ef <unknown>\nE       #15 0x563d54568038 <unknown>\nE       #16 0x563d54568216 <unknown>\nE       #17 0x563d54578896 <unknown>\nE       #18 0x7f59abc9caa4 <unknown>\nE       #19 0x7f59abd29c3c <unknown>\n\n/opt/hostedtoolcache/Python/3.12.5/x64/lib/python3.12/site-packages/selenium/webdriver/support/wait.py:105: TimeoutException","flaky":false,"newFailed":false,"newBroken":false,"newPassed":false,"retriesCount":0,"retriesStatusChange":false,"beforeStages":[{"name":"driver","time":{"start":1742969649734,"stop":1742969650053,"duration":319},"status":"passed","steps":[],"attachments":[],"parameters":[],"shouldDisplayMessage":false,"stepsCount":0,"attachmentsCount":0,"hasContent":false,"attachmentStep":false},{"name":"setup","time":{"start":1742969650053,"stop":1742969650053,"duration":0},"status":"passed","steps":[],"attachments":[],"parameters":[],"shouldDisplayMessage":false,"stepsCount":0,"attachmentsCount":0,"hasContent":false,"attachmentStep":false}],"testStage":{"status":"broken","statusMessage":"selenium.common.exceptions.TimeoutException: Message: \nStacktrace:\n#0 0x563d54579a1a <unknown>\n#1 0x563d54031390 <unknown>\n#2 0x563d54082c85 <unknown>\n#3 0x563d54082eb1 <unknown>\n#4 0x563d540d1d64 <unknown>\n#5 0x563d540a8bfd <unknown>\n#6 0x563d540cf07b <unknown>\n#7 0x563d540a89a3 <unknown>\n#8 0x563d5407460e <unknown>\n#9 0x563d54075dd1 <unknown>\n#10 0x563d5453fddb <unknown>\n#11 0x563d54543cbc <unknown>\n#12 0x563d54527392 <unknown>\n#13 0x563d54544834 <unknown>\n#14 0x563d5450b1ef <unknown>\n#15 0x563d54568038 <unknown>\n#16 0x563d54568216 <unknown>\n#17 0x563d54578896 <unknown>\n#18 0x7f59abc9caa4 <unknown>\n#19 0x7f59abd29c3c <unknown>","statusTrace":"self = <tests.regression_ui.test_ui_regression.TestUIRegression object at 0x7f2ad874e6c0>\ndriver = <selenium.webdriver.chrome.webdriver.WebDriver (session=\"ff4f9cdf000f1feaf93dfed3ca0a4139\")>\n\n    @pytest.mark.TC000\n    @pytest.mark.TC004\n    @allure.title('Card Creation')\n    def test_card_creation(self, driver):\n        time.sleep(10)\n        with allure.step('Log in to Trello account.'):\n            self.test_login(driver)\n        with allure.step('Open a board with an existing list and create a new card'):\n            try:\n                WebDriverWait(driver, 10).until(EC.element_to_be_clickable((By.XPATH, self.SCC.Board.BOARD_TITLE))).click()\n                WebDriverWait(driver, 10).until(EC.visibility_of_element_located((By.XPATH, self.SCC.Board.LIST_TITLE)))\n                driver.find_element(By.XPATH, self.SCC.List.ADD_A_CARD_BUTTON).click()\n                driver.find_element(By.XPATH, self.SCC.List.CARD_NAME_FIELD).click()\n                time.sleep(1)\n                driver.find_element(By.XPATH, self.SCC.List.CARD_NAME_FIELD).send_keys('new_card')\n                driver.find_element(By.XPATH, self.SCC.List.ADD_CARD_SUBMIT_BUTTOMN).click()\n            except Exception as e:\n                log.info(\"An error occurred: \", str(e))\n        with allure.step('Verify that the card is created'):\n            time.sleep(2)\n>           assert WebDriverWait(driver, 30).until(EC.visibility_of_element_located((By.XPATH, self.SCC.List.NEW_CARD_TITLE))).is_displayed()\n\ntests/regression_ui/test_ui_regression.py:159: \n_ _ _ _ _ _ _ _ _ _ _ _ _ _ _ _ _ _ _ _ _ _ _ _ _ _ _ _ _ _ _ _ _ _ _ _ _ _ _ _ \n\nself = <selenium.webdriver.support.wait.WebDriverWait (session=\"ff4f9cdf000f1feaf93dfed3ca0a4139\")>\nmethod = <function visibility_of_element_located.<locals>._predicate at 0x7f2ad8a94720>\nmessage = ''\n\n    def until(self, method: Callable[[D], Union[Literal[False], T]], message: str = \"\") -> T:\n        \"\"\"Calls the method provided with the driver as an argument until the \\\n        return value does not evaluate to ``False``.\n    \n        :param method: callable(WebDriver)\n        :param message: optional message for :exc:`TimeoutException`\n        :returns: the result of the last call to `method`\n        :raises: :exc:`selenium.common.exceptions.TimeoutException` if timeout occurs\n        \"\"\"\n        screen = None\n        stacktrace = None\n    \n        end_time = time.monotonic() + self._timeout\n        while True:\n            try:\n                value = method(self._driver)\n                if value:\n                    return value\n            except self._ignored_exceptions as exc:\n                screen = getattr(exc, \"screen\", None)\n                stacktrace = getattr(exc, \"stacktrace\", None)\n            if time.monotonic() > end_time:\n                break\n            time.sleep(self._poll)\n>       raise TimeoutException(message, screen, stacktrace)\nE       selenium.common.exceptions.TimeoutException: Message: \nE       Stacktrace:\nE       #0 0x563d54579a1a <unknown>\nE       #1 0x563d54031390 <unknown>\nE       #2 0x563d54082c85 <unknown>\nE       #3 0x563d54082eb1 <unknown>\nE       #4 0x563d540d1d64 <unknown>\nE       #5 0x563d540a8bfd <unknown>\nE       #6 0x563d540cf07b <unknown>\nE       #7 0x563d540a89a3 <unknown>\nE       #8 0x563d5407460e <unknown>\nE       #9 0x563d54075dd1 <unknown>\nE       #10 0x563d5453fddb <unknown>\nE       #11 0x563d54543cbc <unknown>\nE       #12 0x563d54527392 <unknown>\nE       #13 0x563d54544834 <unknown>\nE       #14 0x563d5450b1ef <unknown>\nE       #15 0x563d54568038 <unknown>\nE       #16 0x563d54568216 <unknown>\nE       #17 0x563d54578896 <unknown>\nE       #18 0x7f59abc9caa4 <unknown>\nE       #19 0x7f59abd29c3c <unknown>\n\n/opt/hostedtoolcache/Python/3.12.5/x64/lib/python3.12/site-packages/selenium/webdriver/support/wait.py:105: TimeoutException","steps":[{"name":"Log in to Trello account.","time":{"start":1742969660054,"stop":1742969665942,"duration":5888},"status":"passed","steps":[{"name":"Navigate to the Trello page and enter valid credentials (email, password, and 6-digits verification code)","time":{"start":1742969660054,"stop":1742969665942,"duration":5888},"status":"passed","steps":[],"attachments":[],"parameters":[],"shouldDisplayMessage":false,"stepsCount":0,"attachmentsCount":0,"hasContent":false,"attachmentStep":false}],"attachments":[],"parameters":[],"shouldDisplayMessage":false,"stepsCount":1,"attachmentsCount":0,"hasContent":true,"attachmentStep":false},{"name":"Open a board with an existing list and create a new card","time":{"start":1742969665942,"stop":1742969676207,"duration":10265},"status":"passed","steps":[],"attachments":[],"parameters":[],"shouldDisplayMessage":false,"stepsCount":0,"attachmentsCount":0,"hasContent":false,"attachmentStep":false},{"name":"Verify that the card is created","time":{"start":1742969676207,"stop":1742969708470,"duration":32263},"status":"broken","statusMessage":"selenium.common.exceptions.TimeoutException: Message: \nStacktrace:\n#0 0x563d54579a1a <unknown>\n#1 0x563d54031390 <unknown>\n#2 0x563d54082c85 <unknown>\n#3 0x563d54082eb1 <unknown>\n#4 0x563d540d1d64 <unknown>\n#5 0x563d540a8bfd <unknown>\n#6 0x563d540cf07b <unknown>\n#7 0x563d540a89a3 <unknown>\n#8 0x563d5407460e <unknown>\n#9 0x563d54075dd1 <unknown>\n#10 0x563d5453fddb <unknown>\n#11 0x563d54543cbc <unknown>\n#12 0x563d54527392 <unknown>\n#13 0x563d54544834 <unknown>\n#14 0x563d5450b1ef <unknown>\n#15 0x563d54568038 <unknown>\n#16 0x563d54568216 <unknown>\n#17 0x563d54578896 <unknown>\n#18 0x7f59abc9caa4 <unknown>\n#19 0x7f59abd29c3c <unknown>\n\n","statusTrace":"  File \"/home/runner/work/pythonSelenium/pythonSelenium/tests/regression_ui/test_ui_regression.py\", line 159, in test_card_creation\n    assert WebDriverWait(driver, 30).until(EC.visibility_of_element_located((By.XPATH, self.SCC.List.NEW_CARD_TITLE))).is_displayed()\n  File \"/opt/hostedtoolcache/Python/3.12.5/x64/lib/python3.12/site-packages/selenium/webdriver/support/wait.py\", line 105, in until\n    raise TimeoutException(message, screen, stacktrace)\n","steps":[],"attachments":[],"parameters":[],"shouldDisplayMessage":true,"stepsCount":0,"attachmentsCount":0,"hasContent":true,"attachmentStep":false}],"attachments":[],"parameters":[],"shouldDisplayMessage":true,"stepsCount":4,"attachmentsCount":0,"hasContent":true,"attachmentStep":false},"afterStages":[{"name":"driver::0","time":{"start":1742969708504,"stop":1742969708570,"duration":66},"status":"passed","steps":[],"attachments":[],"parameters":[],"shouldDisplayMessage":false,"stepsCount":0,"attachmentsCount":0,"hasContent":false,"attachmentStep":false}],"labels":[{"name":"tag","value":"TC004"},{"name":"tag","value":"TC000"},{"name":"parentSuite","value":"tests.regression_ui"},{"name":"suite","value":"test_ui_regression"},{"name":"subSuite","value":"TestUIRegression"},{"name":"host","value":"fv-az1938-282"},{"name":"thread","value":"4100-MainThread"},{"name":"framework","value":"pytest"},{"name":"language","value":"cpython3"},{"name":"package","value":"tests.regression_ui.test_ui_regression"},{"name":"resultFormat","value":"allure2"}],"parameters":[],"links":[],"hidden":false,"retry":false,"extra":{"severity":"normal","retries":[],"categories":[{"name":"Test defects","matchedStatuses":[]}],"history":{"statistic":{"failed":0,"broken":29,"skipped":0,"passed":572,"unknown":0,"total":601},"items":[{"uid":"6dc0a2249bbf34db","status":"broken","statusDetails":"selenium.common.exceptions.TimeoutException: Message: \nStacktrace:\n#0 0x55c9ff38aa1a <unknown>\n#1 0x55c9fee42390 <unknown>\n#2 0x55c9fee93c85 <unknown>\n#3 0x55c9fee93eb1 <unknown>\n#4 0x55c9feee2d64 <unknown>\n#5 0x55c9feeb9bfd <unknown>\n#6 0x55c9feee007b <unknown>\n#7 0x55c9feeb99a3 <unknown>\n#8 0x55c9fee8560e <unknown>\n#9 0x55c9fee86dd1 <unknown>\n#10 0x55c9ff350ddb <unknown>\n#11 0x55c9ff354cbc <unknown>\n#12 0x55c9ff338392 <unknown>\n#13 0x55c9ff355834 <unknown>\n#14 0x55c9ff31c1ef <unknown>\n#15 0x55c9ff379038 <unknown>\n#16 0x55c9ff379216 <unknown>\n#17 0x55c9ff389896 <unknown>\n#18 0x7fc23829caa4 <unknown>\n#19 0x7fc238329c3c <unknown>","time":{"start":1742959498349,"stop":1742959557468,"duration":59119}},{"uid":"a67015d419ca7481","status":"passed","time":{"start":1742949882145,"stop":1742949909093,"duration":26948}},{"uid":"3fcc3236d4462a77","status":"passed","time":{"start":1742936950172,"stop":1742936981803,"duration":31631}},{"uid":"44eda194f90bdada","status":"passed","time":{"start":1742926450762,"stop":1742926482840,"duration":32078}},{"uid":"c0b4dc9d3ef5bc9f","status":"passed","time":{"start":1742915444870,"stop":1742915472186,"duration":27316}},{"uid":"aa079619d586be29","status":"passed","time":{"start":1742905091119,"stop":1742905117668,"duration":26549}},{"uid":"2403e57648290639","status":"passed","time":{"start":1742893874186,"stop":1742893900495,"duration":26309}},{"uid":"fe7dbe568489f66b","status":"passed","time":{"start":1742883284003,"stop":1742883310092,"duration":26089}},{"uid":"1f7c0638774a07ac","status":"passed","time":{"start":1742873174505,"stop":1742873200602,"duration":26097}},{"uid":"2d3830dc81a6f8a0","status":"passed","time":{"start":1742863454314,"stop":1742863480445,"duration":26131}},{"uid":"a73d143e02d576ab","status":"passed","time":{"start":1742850582171,"stop":1742850608157,"duration":25986}},{"uid":"8f6740c6680def8f","status":"passed","time":{"start":1742840050567,"stop":1742840082278,"duration":31711}},{"uid":"d10872ec08c3e856","status":"passed","time":{"start":1742829075455,"stop":1742829101947,"duration":26492}},{"uid":"a9dc13f91886d04b","status":"passed","time":{"start":1742818785084,"stop":1742818812323,"duration":27239}},{"uid":"13b13368a9a021c","status":"passed","time":{"start":1742807595575,"stop":1742807621801,"duration":26226}},{"uid":"7109dedf0ac7e606","status":"passed","time":{"start":1742796943160,"stop":1742796969419,"duration":26259}},{"uid":"9dbf4e6878c039e2","status":"passed","time":{"start":1742787010730,"stop":1742787042531,"duration":31801}},{"uid":"a150e952504ef1b6","status":"passed","time":{"start":1742777294519,"stop":1742777322335,"duration":27816}},{"uid":"c345291acde16548","status":"passed","time":{"start":1742764186412,"stop":1742764208038,"duration":21626}},{"uid":"10b2cc4f0e40a1ff","status":"broken","statusDetails":"selenium.common.exceptions.TimeoutException: Message: \nStacktrace:\n#0 0x558c92d50a1a <unknown>\n#1 0x558c92808390 <unknown>\n#2 0x558c92859c85 <unknown>\n#3 0x558c92859eb1 <unknown>\n#4 0x558c928a8d64 <unknown>\n#5 0x558c9287fbfd <unknown>\n#6 0x558c928a607b <unknown>\n#7 0x558c9287f9a3 <unknown>\n#8 0x558c9284b60e <unknown>\n#9 0x558c9284cdd1 <unknown>\n#10 0x558c92d16ddb <unknown>\n#11 0x558c92d1acbc <unknown>\n#12 0x558c92cfe392 <unknown>\n#13 0x558c92d1b834 <unknown>\n#14 0x558c92ce21ef <unknown>\n#15 0x558c92d3f038 <unknown>\n#16 0x558c92d3f216 <unknown>\n#17 0x558c92d4f896 <unknown>\n#18 0x7f1ce129caa4 <unknown>\n#19 0x7f1ce1329c3c <unknown>","time":{"start":1742753500745,"stop":1742753521449,"duration":20704}}]},"tags":["TC004","TC000"]},"source":"4476da1f2f0b872.json","parameterValues":[]}