{"uid":"460b01afdf62d790","name":"Drag and drop card from one list to another","fullName":"tests.regression_ui.test_ui_regression.TestUIRegression#test_drag_n_drop_card","historyId":"58c27d4ea8138de64fd4e105da17ea92","time":{"start":1742181904869,"stop":1742181922518,"duration":17649},"status":"broken","statusMessage":"selenium.common.exceptions.TimeoutException: Message: \nStacktrace:\n#0 0x55b187ef346a <unknown>\n#1 0x55b1879aced0 <unknown>\n#2 0x55b1879fe935 <unknown>\n#3 0x55b1879feb61 <unknown>\n#4 0x55b187a4d9d4 <unknown>\n#5 0x55b187a2488d <unknown>\n#6 0x55b187a4aceb <unknown>\n#7 0x55b187a24633 <unknown>\n#8 0x55b1879f01be <unknown>\n#9 0x55b1879f1981 <unknown>\n#10 0x55b187eb986b <unknown>\n#11 0x55b187ebd73c <unknown>\n#12 0x55b187ea0f12 <unknown>\n#13 0x55b187ebe2b4 <unknown>\n#14 0x55b187e850af <unknown>\n#15 0x55b187ee1ad8 <unknown>\n#16 0x55b187ee1cb6 <unknown>\n#17 0x55b187ef22e6 <unknown>\n#18 0x7ff9d5c9caa4 <unknown>\n#19 0x7ff9d5d29c3c <unknown>","statusTrace":"self = <tests.regression_ui.test_ui_regression.TestUIRegression object at 0x7f804b1a29c0>\ndriver = <selenium.webdriver.chrome.webdriver.WebDriver (session=\"138358dce10724b674bc3fdba63caf16\")>\n\n    @pytest.mark.TC000\n    @pytest.mark.TC005\n    @allure.title('Drag and drop card from one list to another')\n    def test_drag_n_drop_card(self, driver):\n        time.sleep(7)\n        with allure.step('Log in to Trello account'):\n>           self.test_login(driver)\n\ntests/regression_ui/test_ui_regression.py:168: \n_ _ _ _ _ _ _ _ _ _ _ _ _ _ _ _ _ _ _ _ _ _ _ _ _ _ _ _ _ _ _ _ _ _ _ _ _ _ _ _ \ntests/regression_ui/test_ui_regression.py:62: in test_login\n    el_user_name = WebDriverWait(driver, 10).until(EC.element_to_be_clickable(\n_ _ _ _ _ _ _ _ _ _ _ _ _ _ _ _ _ _ _ _ _ _ _ _ _ _ _ _ _ _ _ _ _ _ _ _ _ _ _ _ \n\nself = <selenium.webdriver.support.wait.WebDriverWait (session=\"138358dce10724b674bc3fdba63caf16\")>\nmethod = <function element_to_be_clickable.<locals>._predicate at 0x7f804b0b1b20>\nmessage = ''\n\n    def until(self, method: Callable[[D], Union[Literal[False], T]], message: str = \"\") -> T:\n        \"\"\"Calls the method provided with the driver as an argument until the \\\n        return value does not evaluate to ``False``.\n    \n        :param method: callable(WebDriver)\n        :param message: optional message for :exc:`TimeoutException`\n        :returns: the result of the last call to `method`\n        :raises: :exc:`selenium.common.exceptions.TimeoutException` if timeout occurs\n        \"\"\"\n        screen = None\n        stacktrace = None\n    \n        end_time = time.monotonic() + self._timeout\n        while True:\n            try:\n                value = method(self._driver)\n                if value:\n                    return value\n            except self._ignored_exceptions as exc:\n                screen = getattr(exc, \"screen\", None)\n                stacktrace = getattr(exc, \"stacktrace\", None)\n            if time.monotonic() > end_time:\n                break\n            time.sleep(self._poll)\n>       raise TimeoutException(message, screen, stacktrace)\nE       selenium.common.exceptions.TimeoutException: Message: \nE       Stacktrace:\nE       #0 0x55b187ef346a <unknown>\nE       #1 0x55b1879aced0 <unknown>\nE       #2 0x55b1879fe935 <unknown>\nE       #3 0x55b1879feb61 <unknown>\nE       #4 0x55b187a4d9d4 <unknown>\nE       #5 0x55b187a2488d <unknown>\nE       #6 0x55b187a4aceb <unknown>\nE       #7 0x55b187a24633 <unknown>\nE       #8 0x55b1879f01be <unknown>\nE       #9 0x55b1879f1981 <unknown>\nE       #10 0x55b187eb986b <unknown>\nE       #11 0x55b187ebd73c <unknown>\nE       #12 0x55b187ea0f12 <unknown>\nE       #13 0x55b187ebe2b4 <unknown>\nE       #14 0x55b187e850af <unknown>\nE       #15 0x55b187ee1ad8 <unknown>\nE       #16 0x55b187ee1cb6 <unknown>\nE       #17 0x55b187ef22e6 <unknown>\nE       #18 0x7ff9d5c9caa4 <unknown>\nE       #19 0x7ff9d5d29c3c <unknown>\n\n/opt/hostedtoolcache/Python/3.12.5/x64/lib/python3.12/site-packages/selenium/webdriver/support/wait.py:105: TimeoutException","flaky":false,"newFailed":false,"newBroken":true,"newPassed":false,"retriesCount":0,"retriesStatusChange":false,"beforeStages":[{"name":"driver","time":{"start":1742181904569,"stop":1742181904869,"duration":300},"status":"passed","steps":[],"attachments":[],"parameters":[],"shouldDisplayMessage":false,"stepsCount":0,"attachmentsCount":0,"hasContent":false,"attachmentStep":false},{"name":"setup","time":{"start":1742181904869,"stop":1742181904869,"duration":0},"status":"passed","steps":[],"attachments":[],"parameters":[],"shouldDisplayMessage":false,"stepsCount":0,"attachmentsCount":0,"hasContent":false,"attachmentStep":false}],"testStage":{"status":"broken","statusMessage":"selenium.common.exceptions.TimeoutException: Message: \nStacktrace:\n#0 0x55b187ef346a <unknown>\n#1 0x55b1879aced0 <unknown>\n#2 0x55b1879fe935 <unknown>\n#3 0x55b1879feb61 <unknown>\n#4 0x55b187a4d9d4 <unknown>\n#5 0x55b187a2488d <unknown>\n#6 0x55b187a4aceb <unknown>\n#7 0x55b187a24633 <unknown>\n#8 0x55b1879f01be <unknown>\n#9 0x55b1879f1981 <unknown>\n#10 0x55b187eb986b <unknown>\n#11 0x55b187ebd73c <unknown>\n#12 0x55b187ea0f12 <unknown>\n#13 0x55b187ebe2b4 <unknown>\n#14 0x55b187e850af <unknown>\n#15 0x55b187ee1ad8 <unknown>\n#16 0x55b187ee1cb6 <unknown>\n#17 0x55b187ef22e6 <unknown>\n#18 0x7ff9d5c9caa4 <unknown>\n#19 0x7ff9d5d29c3c <unknown>","statusTrace":"self = <tests.regression_ui.test_ui_regression.TestUIRegression object at 0x7f804b1a29c0>\ndriver = <selenium.webdriver.chrome.webdriver.WebDriver (session=\"138358dce10724b674bc3fdba63caf16\")>\n\n    @pytest.mark.TC000\n    @pytest.mark.TC005\n    @allure.title('Drag and drop card from one list to another')\n    def test_drag_n_drop_card(self, driver):\n        time.sleep(7)\n        with allure.step('Log in to Trello account'):\n>           self.test_login(driver)\n\ntests/regression_ui/test_ui_regression.py:168: \n_ _ _ _ _ _ _ _ _ _ _ _ _ _ _ _ _ _ _ _ _ _ _ _ _ _ _ _ _ _ _ _ _ _ _ _ _ _ _ _ \ntests/regression_ui/test_ui_regression.py:62: in test_login\n    el_user_name = WebDriverWait(driver, 10).until(EC.element_to_be_clickable(\n_ _ _ _ _ _ _ _ _ _ _ _ _ _ _ _ _ _ _ _ _ _ _ _ _ _ _ _ _ _ _ _ _ _ _ _ _ _ _ _ \n\nself = <selenium.webdriver.support.wait.WebDriverWait (session=\"138358dce10724b674bc3fdba63caf16\")>\nmethod = <function element_to_be_clickable.<locals>._predicate at 0x7f804b0b1b20>\nmessage = ''\n\n    def until(self, method: Callable[[D], Union[Literal[False], T]], message: str = \"\") -> T:\n        \"\"\"Calls the method provided with the driver as an argument until the \\\n        return value does not evaluate to ``False``.\n    \n        :param method: callable(WebDriver)\n        :param message: optional message for :exc:`TimeoutException`\n        :returns: the result of the last call to `method`\n        :raises: :exc:`selenium.common.exceptions.TimeoutException` if timeout occurs\n        \"\"\"\n        screen = None\n        stacktrace = None\n    \n        end_time = time.monotonic() + self._timeout\n        while True:\n            try:\n                value = method(self._driver)\n                if value:\n                    return value\n            except self._ignored_exceptions as exc:\n                screen = getattr(exc, \"screen\", None)\n                stacktrace = getattr(exc, \"stacktrace\", None)\n            if time.monotonic() > end_time:\n                break\n            time.sleep(self._poll)\n>       raise TimeoutException(message, screen, stacktrace)\nE       selenium.common.exceptions.TimeoutException: Message: \nE       Stacktrace:\nE       #0 0x55b187ef346a <unknown>\nE       #1 0x55b1879aced0 <unknown>\nE       #2 0x55b1879fe935 <unknown>\nE       #3 0x55b1879feb61 <unknown>\nE       #4 0x55b187a4d9d4 <unknown>\nE       #5 0x55b187a2488d <unknown>\nE       #6 0x55b187a4aceb <unknown>\nE       #7 0x55b187a24633 <unknown>\nE       #8 0x55b1879f01be <unknown>\nE       #9 0x55b1879f1981 <unknown>\nE       #10 0x55b187eb986b <unknown>\nE       #11 0x55b187ebd73c <unknown>\nE       #12 0x55b187ea0f12 <unknown>\nE       #13 0x55b187ebe2b4 <unknown>\nE       #14 0x55b187e850af <unknown>\nE       #15 0x55b187ee1ad8 <unknown>\nE       #16 0x55b187ee1cb6 <unknown>\nE       #17 0x55b187ef22e6 <unknown>\nE       #18 0x7ff9d5c9caa4 <unknown>\nE       #19 0x7ff9d5d29c3c <unknown>\n\n/opt/hostedtoolcache/Python/3.12.5/x64/lib/python3.12/site-packages/selenium/webdriver/support/wait.py:105: TimeoutException","steps":[{"name":"Log in to Trello account","time":{"start":1742181911870,"stop":1742181922518,"duration":10648},"status":"broken","statusMessage":"selenium.common.exceptions.TimeoutException: Message: \nStacktrace:\n#0 0x55b187ef346a <unknown>\n#1 0x55b1879aced0 <unknown>\n#2 0x55b1879fe935 <unknown>\n#3 0x55b1879feb61 <unknown>\n#4 0x55b187a4d9d4 <unknown>\n#5 0x55b187a2488d <unknown>\n#6 0x55b187a4aceb <unknown>\n#7 0x55b187a24633 <unknown>\n#8 0x55b1879f01be <unknown>\n#9 0x55b1879f1981 <unknown>\n#10 0x55b187eb986b <unknown>\n#11 0x55b187ebd73c <unknown>\n#12 0x55b187ea0f12 <unknown>\n#13 0x55b187ebe2b4 <unknown>\n#14 0x55b187e850af <unknown>\n#15 0x55b187ee1ad8 <unknown>\n#16 0x55b187ee1cb6 <unknown>\n#17 0x55b187ef22e6 <unknown>\n#18 0x7ff9d5c9caa4 <unknown>\n#19 0x7ff9d5d29c3c <unknown>\n\n","statusTrace":"  File \"/home/runner/work/pythonSelenium/pythonSelenium/tests/regression_ui/test_ui_regression.py\", line 168, in test_drag_n_drop_card\n    self.test_login(driver)\n  File \"/home/runner/work/pythonSelenium/pythonSelenium/tests/regression_ui/test_ui_regression.py\", line 62, in test_login\n    el_user_name = WebDriverWait(driver, 10).until(EC.element_to_be_clickable(\n                   ^^^^^^^^^^^^^^^^^^^^^^^^^^^^^^^^^^^^^^^^^^^^^^^^^^^^^^^^^^^\n  File \"/opt/hostedtoolcache/Python/3.12.5/x64/lib/python3.12/site-packages/selenium/webdriver/support/wait.py\", line 105, in until\n    raise TimeoutException(message, screen, stacktrace)\n","steps":[{"name":"Navigate to the Trello page and enter valid credentials (email, password, and 6-digits verification code)","time":{"start":1742181911870,"stop":1742181922518,"duration":10648},"status":"broken","statusMessage":"selenium.common.exceptions.TimeoutException: Message: \nStacktrace:\n#0 0x55b187ef346a <unknown>\n#1 0x55b1879aced0 <unknown>\n#2 0x55b1879fe935 <unknown>\n#3 0x55b1879feb61 <unknown>\n#4 0x55b187a4d9d4 <unknown>\n#5 0x55b187a2488d <unknown>\n#6 0x55b187a4aceb <unknown>\n#7 0x55b187a24633 <unknown>\n#8 0x55b1879f01be <unknown>\n#9 0x55b1879f1981 <unknown>\n#10 0x55b187eb986b <unknown>\n#11 0x55b187ebd73c <unknown>\n#12 0x55b187ea0f12 <unknown>\n#13 0x55b187ebe2b4 <unknown>\n#14 0x55b187e850af <unknown>\n#15 0x55b187ee1ad8 <unknown>\n#16 0x55b187ee1cb6 <unknown>\n#17 0x55b187ef22e6 <unknown>\n#18 0x7ff9d5c9caa4 <unknown>\n#19 0x7ff9d5d29c3c <unknown>\n\n","statusTrace":"  File \"/home/runner/work/pythonSelenium/pythonSelenium/tests/regression_ui/test_ui_regression.py\", line 62, in test_login\n    el_user_name = WebDriverWait(driver, 10).until(EC.element_to_be_clickable(\n                   ^^^^^^^^^^^^^^^^^^^^^^^^^^^^^^^^^^^^^^^^^^^^^^^^^^^^^^^^^^^\n  File \"/opt/hostedtoolcache/Python/3.12.5/x64/lib/python3.12/site-packages/selenium/webdriver/support/wait.py\", line 105, in until\n    raise TimeoutException(message, screen, stacktrace)\n","steps":[],"attachments":[],"parameters":[],"shouldDisplayMessage":true,"stepsCount":0,"attachmentsCount":0,"hasContent":true,"attachmentStep":false}],"attachments":[],"parameters":[],"shouldDisplayMessage":false,"stepsCount":1,"attachmentsCount":0,"hasContent":true,"attachmentStep":false}],"attachments":[],"parameters":[],"shouldDisplayMessage":true,"stepsCount":2,"attachmentsCount":0,"hasContent":true,"attachmentStep":false},"afterStages":[{"name":"driver::0","time":{"start":1742181922534,"stop":1742181922598,"duration":64},"status":"passed","steps":[],"attachments":[],"parameters":[],"shouldDisplayMessage":false,"stepsCount":0,"attachmentsCount":0,"hasContent":false,"attachmentStep":false}],"labels":[{"name":"tag","value":"TC005"},{"name":"tag","value":"TC000"},{"name":"parentSuite","value":"tests.regression_ui"},{"name":"suite","value":"test_ui_regression"},{"name":"subSuite","value":"TestUIRegression"},{"name":"host","value":"fv-az1696-728"},{"name":"thread","value":"4069-MainThread"},{"name":"framework","value":"pytest"},{"name":"language","value":"cpython3"},{"name":"package","value":"tests.regression_ui.test_ui_regression"},{"name":"resultFormat","value":"allure2"}],"parameters":[],"links":[],"hidden":false,"retry":false,"extra":{"severity":"normal","retries":[],"categories":[{"name":"Test defects","matchedStatuses":[]}],"history":{"statistic":{"failed":6,"broken":18,"skipped":0,"passed":503,"unknown":0,"total":527},"items":[{"uid":"17482ebbca6928d7","status":"passed","time":{"start":1742172399018,"stop":1742172433809,"duration":34791}},{"uid":"6b5dfcef8d57b309","status":"passed","time":{"start":1742159350177,"stop":1742159380096,"duration":29919}},{"uid":"931b0646b9a07c08","status":"passed","time":{"start":1742148790127,"stop":1742148820622,"duration":30495}},{"uid":"accd2bd8053df0e3","status":"passed","time":{"start":1742137782589,"stop":1742137812284,"duration":29695}},{"uid":"756cdee4d1d4fc7f","status":"passed","time":{"start":1742127372759,"stop":1742127402195,"duration":29436}},{"uid":"5d60e58f3125efc6","status":"passed","time":{"start":1742116268596,"stop":1742116303372,"duration":34776}},{"uid":"656a79af5521703d","status":"passed","time":{"start":1742105652179,"stop":1742105681510,"duration":29331}},{"uid":"845970c9b79af9fd","status":"passed","time":{"start":1742095542812,"stop":1742095572397,"duration":29585}},{"uid":"882a59b8675d2a69","status":"passed","time":{"start":1742086122822,"stop":1742086152030,"duration":29208}},{"uid":"9e457a2bd01d8840","status":"passed","time":{"start":1742072920801,"stop":1742072950800,"duration":29999}},{"uid":"eb9041db609b61bb","status":"passed","time":{"start":1742062332174,"stop":1742062361616,"duration":29442}},{"uid":"d811bd7247b3272c","status":"passed","time":{"start":1742051410787,"stop":1742051441521,"duration":30734}},{"uid":"ede2ca171f6fee2a","status":"passed","time":{"start":1742040940352,"stop":1742040969625,"duration":29273}},{"uid":"e0a6f953bbd74418","status":"passed","time":{"start":1742029810668,"stop":1742029840692,"duration":30024}},{"uid":"209f02981b97e03b","status":"passed","time":{"start":1742019188444,"stop":1742019223586,"duration":35142}},{"uid":"e446ef6fb309b42c","status":"passed","time":{"start":1742008782200,"stop":1742008812843,"duration":30643}},{"uid":"aeadeb0a3fc507d9","status":"passed","time":{"start":1741999362530,"stop":1741999391908,"duration":29378}},{"uid":"56b3008e02135f84","status":"passed","time":{"start":1741986583178,"stop":1741986613291,"duration":30113}},{"uid":"dd2599995121289d","status":"passed","time":{"start":1741976109742,"stop":1741976140314,"duration":30572}},{"uid":"7029baf9ac0ac12c","status":"passed","time":{"start":1741965069157,"stop":1741965100681,"duration":31524}}]},"tags":["TC005","TC000"]},"source":"460b01afdf62d790.json","parameterValues":[]}