{"uid":"4abe290aab90ffc0","name":"Card Creation","fullName":"tests.regression_ui.test_ui_regression.TestUIRegression#test_card_creation","historyId":"37b04428e9c82a14933f1043cf15ed79","time":{"start":1740885645043,"stop":1740885665600,"duration":20557},"status":"broken","statusMessage":"selenium.common.exceptions.TimeoutException: Message: \nStacktrace:\n#0 0x558fb58e7bea <unknown>\n#1 0x558fb53857d0 <unknown>\n#2 0x558fb53d6cc0 <unknown>\n#3 0x558fb53d6e41 <unknown>\n#4 0x558fb5425984 <unknown>\n#5 0x558fb53fcabd <unknown>\n#6 0x558fb5422d0c <unknown>\n#7 0x558fb53fc863 <unknown>\n#8 0x558fb53c8ac8 <unknown>\n#9 0x558fb53c9c31 <unknown>\n#10 0x558fb58b118b <unknown>\n#11 0x558fb58b5112 <unknown>\n#12 0x558fb589e04c <unknown>\n#13 0x558fb58b5d04 <unknown>\n#14 0x558fb58824bf <unknown>\n#15 0x558fb58d6528 <unknown>\n#16 0x558fb58d66f9 <unknown>\n#17 0x558fb58e6a66 <unknown>\n#18 0x7fa4c109caa4 <unknown>\n#19 0x7fa4c1129c3c <unknown>","statusTrace":"self = <tests.regression_ui.test_ui_regression.TestUIRegression object at 0x7f6644cb24e0>\ndriver = <selenium.webdriver.chrome.webdriver.WebDriver (session=\"882f5cff90c8000b9639b13ba0cdf979\")>\n\n    @pytest.mark.TC000\n    @pytest.mark.TC004\n    @allure.title('Card Creation')\n    def test_card_creation(self, driver):\n        time.sleep(10)\n        with allure.step('Log in to Trello account.'):\n>           self.test_login(driver)\n\ntests/regression_ui/test_ui_regression.py:145: \n_ _ _ _ _ _ _ _ _ _ _ _ _ _ _ _ _ _ _ _ _ _ _ _ _ _ _ _ _ _ _ _ _ _ _ _ _ _ _ _ \ntests/regression_ui/test_ui_regression.py:62: in test_login\n    el_user_name = WebDriverWait(driver, 10).until(EC.element_to_be_clickable(\n_ _ _ _ _ _ _ _ _ _ _ _ _ _ _ _ _ _ _ _ _ _ _ _ _ _ _ _ _ _ _ _ _ _ _ _ _ _ _ _ \n\nself = <selenium.webdriver.support.wait.WebDriverWait (session=\"882f5cff90c8000b9639b13ba0cdf979\")>\nmethod = <function element_to_be_clickable.<locals>._predicate at 0x7f6644bca7a0>\nmessage = ''\n\n    def until(self, method: Callable[[D], Union[Literal[False], T]], message: str = \"\") -> T:\n        \"\"\"Calls the method provided with the driver as an argument until the \\\n        return value does not evaluate to ``False``.\n    \n        :param method: callable(WebDriver)\n        :param message: optional message for :exc:`TimeoutException`\n        :returns: the result of the last call to `method`\n        :raises: :exc:`selenium.common.exceptions.TimeoutException` if timeout occurs\n        \"\"\"\n        screen = None\n        stacktrace = None\n    \n        end_time = time.monotonic() + self._timeout\n        while True:\n            try:\n                value = method(self._driver)\n                if value:\n                    return value\n            except self._ignored_exceptions as exc:\n                screen = getattr(exc, \"screen\", None)\n                stacktrace = getattr(exc, \"stacktrace\", None)\n            if time.monotonic() > end_time:\n                break\n            time.sleep(self._poll)\n>       raise TimeoutException(message, screen, stacktrace)\nE       selenium.common.exceptions.TimeoutException: Message: \nE       Stacktrace:\nE       #0 0x558fb58e7bea <unknown>\nE       #1 0x558fb53857d0 <unknown>\nE       #2 0x558fb53d6cc0 <unknown>\nE       #3 0x558fb53d6e41 <unknown>\nE       #4 0x558fb5425984 <unknown>\nE       #5 0x558fb53fcabd <unknown>\nE       #6 0x558fb5422d0c <unknown>\nE       #7 0x558fb53fc863 <unknown>\nE       #8 0x558fb53c8ac8 <unknown>\nE       #9 0x558fb53c9c31 <unknown>\nE       #10 0x558fb58b118b <unknown>\nE       #11 0x558fb58b5112 <unknown>\nE       #12 0x558fb589e04c <unknown>\nE       #13 0x558fb58b5d04 <unknown>\nE       #14 0x558fb58824bf <unknown>\nE       #15 0x558fb58d6528 <unknown>\nE       #16 0x558fb58d66f9 <unknown>\nE       #17 0x558fb58e6a66 <unknown>\nE       #18 0x7fa4c109caa4 <unknown>\nE       #19 0x7fa4c1129c3c <unknown>\n\n/opt/hostedtoolcache/Python/3.12.5/x64/lib/python3.12/site-packages/selenium/webdriver/support/wait.py:105: TimeoutException","flaky":false,"newFailed":false,"newBroken":false,"newPassed":false,"retriesCount":0,"retriesStatusChange":false,"beforeStages":[{"name":"driver","time":{"start":1740885644715,"stop":1740885645042,"duration":327},"status":"passed","steps":[],"attachments":[],"parameters":[],"shouldDisplayMessage":false,"stepsCount":0,"attachmentsCount":0,"hasContent":false,"attachmentStep":false},{"name":"setup","time":{"start":1740885645042,"stop":1740885645042,"duration":0},"status":"passed","steps":[],"attachments":[],"parameters":[],"shouldDisplayMessage":false,"stepsCount":0,"attachmentsCount":0,"hasContent":false,"attachmentStep":false}],"testStage":{"status":"broken","statusMessage":"selenium.common.exceptions.TimeoutException: Message: \nStacktrace:\n#0 0x558fb58e7bea <unknown>\n#1 0x558fb53857d0 <unknown>\n#2 0x558fb53d6cc0 <unknown>\n#3 0x558fb53d6e41 <unknown>\n#4 0x558fb5425984 <unknown>\n#5 0x558fb53fcabd <unknown>\n#6 0x558fb5422d0c <unknown>\n#7 0x558fb53fc863 <unknown>\n#8 0x558fb53c8ac8 <unknown>\n#9 0x558fb53c9c31 <unknown>\n#10 0x558fb58b118b <unknown>\n#11 0x558fb58b5112 <unknown>\n#12 0x558fb589e04c <unknown>\n#13 0x558fb58b5d04 <unknown>\n#14 0x558fb58824bf <unknown>\n#15 0x558fb58d6528 <unknown>\n#16 0x558fb58d66f9 <unknown>\n#17 0x558fb58e6a66 <unknown>\n#18 0x7fa4c109caa4 <unknown>\n#19 0x7fa4c1129c3c <unknown>","statusTrace":"self = <tests.regression_ui.test_ui_regression.TestUIRegression object at 0x7f6644cb24e0>\ndriver = <selenium.webdriver.chrome.webdriver.WebDriver (session=\"882f5cff90c8000b9639b13ba0cdf979\")>\n\n    @pytest.mark.TC000\n    @pytest.mark.TC004\n    @allure.title('Card Creation')\n    def test_card_creation(self, driver):\n        time.sleep(10)\n        with allure.step('Log in to Trello account.'):\n>           self.test_login(driver)\n\ntests/regression_ui/test_ui_regression.py:145: \n_ _ _ _ _ _ _ _ _ _ _ _ _ _ _ _ _ _ _ _ _ _ _ _ _ _ _ _ _ _ _ _ _ _ _ _ _ _ _ _ \ntests/regression_ui/test_ui_regression.py:62: in test_login\n    el_user_name = WebDriverWait(driver, 10).until(EC.element_to_be_clickable(\n_ _ _ _ _ _ _ _ _ _ _ _ _ _ _ _ _ _ _ _ _ _ _ _ _ _ _ _ _ _ _ _ _ _ _ _ _ _ _ _ \n\nself = <selenium.webdriver.support.wait.WebDriverWait (session=\"882f5cff90c8000b9639b13ba0cdf979\")>\nmethod = <function element_to_be_clickable.<locals>._predicate at 0x7f6644bca7a0>\nmessage = ''\n\n    def until(self, method: Callable[[D], Union[Literal[False], T]], message: str = \"\") -> T:\n        \"\"\"Calls the method provided with the driver as an argument until the \\\n        return value does not evaluate to ``False``.\n    \n        :param method: callable(WebDriver)\n        :param message: optional message for :exc:`TimeoutException`\n        :returns: the result of the last call to `method`\n        :raises: :exc:`selenium.common.exceptions.TimeoutException` if timeout occurs\n        \"\"\"\n        screen = None\n        stacktrace = None\n    \n        end_time = time.monotonic() + self._timeout\n        while True:\n            try:\n                value = method(self._driver)\n                if value:\n                    return value\n            except self._ignored_exceptions as exc:\n                screen = getattr(exc, \"screen\", None)\n                stacktrace = getattr(exc, \"stacktrace\", None)\n            if time.monotonic() > end_time:\n                break\n            time.sleep(self._poll)\n>       raise TimeoutException(message, screen, stacktrace)\nE       selenium.common.exceptions.TimeoutException: Message: \nE       Stacktrace:\nE       #0 0x558fb58e7bea <unknown>\nE       #1 0x558fb53857d0 <unknown>\nE       #2 0x558fb53d6cc0 <unknown>\nE       #3 0x558fb53d6e41 <unknown>\nE       #4 0x558fb5425984 <unknown>\nE       #5 0x558fb53fcabd <unknown>\nE       #6 0x558fb5422d0c <unknown>\nE       #7 0x558fb53fc863 <unknown>\nE       #8 0x558fb53c8ac8 <unknown>\nE       #9 0x558fb53c9c31 <unknown>\nE       #10 0x558fb58b118b <unknown>\nE       #11 0x558fb58b5112 <unknown>\nE       #12 0x558fb589e04c <unknown>\nE       #13 0x558fb58b5d04 <unknown>\nE       #14 0x558fb58824bf <unknown>\nE       #15 0x558fb58d6528 <unknown>\nE       #16 0x558fb58d66f9 <unknown>\nE       #17 0x558fb58e6a66 <unknown>\nE       #18 0x7fa4c109caa4 <unknown>\nE       #19 0x7fa4c1129c3c <unknown>\n\n/opt/hostedtoolcache/Python/3.12.5/x64/lib/python3.12/site-packages/selenium/webdriver/support/wait.py:105: TimeoutException","steps":[{"name":"Log in to Trello account.","time":{"start":1740885655043,"stop":1740885665600,"duration":10557},"status":"broken","statusMessage":"selenium.common.exceptions.TimeoutException: Message: \nStacktrace:\n#0 0x558fb58e7bea <unknown>\n#1 0x558fb53857d0 <unknown>\n#2 0x558fb53d6cc0 <unknown>\n#3 0x558fb53d6e41 <unknown>\n#4 0x558fb5425984 <unknown>\n#5 0x558fb53fcabd <unknown>\n#6 0x558fb5422d0c <unknown>\n#7 0x558fb53fc863 <unknown>\n#8 0x558fb53c8ac8 <unknown>\n#9 0x558fb53c9c31 <unknown>\n#10 0x558fb58b118b <unknown>\n#11 0x558fb58b5112 <unknown>\n#12 0x558fb589e04c <unknown>\n#13 0x558fb58b5d04 <unknown>\n#14 0x558fb58824bf <unknown>\n#15 0x558fb58d6528 <unknown>\n#16 0x558fb58d66f9 <unknown>\n#17 0x558fb58e6a66 <unknown>\n#18 0x7fa4c109caa4 <unknown>\n#19 0x7fa4c1129c3c <unknown>\n\n","statusTrace":"  File \"/home/runner/work/pythonSelenium/pythonSelenium/tests/regression_ui/test_ui_regression.py\", line 145, in test_card_creation\n    self.test_login(driver)\n  File \"/home/runner/work/pythonSelenium/pythonSelenium/tests/regression_ui/test_ui_regression.py\", line 62, in test_login\n    el_user_name = WebDriverWait(driver, 10).until(EC.element_to_be_clickable(\n                   ^^^^^^^^^^^^^^^^^^^^^^^^^^^^^^^^^^^^^^^^^^^^^^^^^^^^^^^^^^^\n  File \"/opt/hostedtoolcache/Python/3.12.5/x64/lib/python3.12/site-packages/selenium/webdriver/support/wait.py\", line 105, in until\n    raise TimeoutException(message, screen, stacktrace)\n","steps":[{"name":"Navigate to the Trello page and enter valid credentials (email, password, and 6-digits verification code)","time":{"start":1740885655043,"stop":1740885665600,"duration":10557},"status":"broken","statusMessage":"selenium.common.exceptions.TimeoutException: Message: \nStacktrace:\n#0 0x558fb58e7bea <unknown>\n#1 0x558fb53857d0 <unknown>\n#2 0x558fb53d6cc0 <unknown>\n#3 0x558fb53d6e41 <unknown>\n#4 0x558fb5425984 <unknown>\n#5 0x558fb53fcabd <unknown>\n#6 0x558fb5422d0c <unknown>\n#7 0x558fb53fc863 <unknown>\n#8 0x558fb53c8ac8 <unknown>\n#9 0x558fb53c9c31 <unknown>\n#10 0x558fb58b118b <unknown>\n#11 0x558fb58b5112 <unknown>\n#12 0x558fb589e04c <unknown>\n#13 0x558fb58b5d04 <unknown>\n#14 0x558fb58824bf <unknown>\n#15 0x558fb58d6528 <unknown>\n#16 0x558fb58d66f9 <unknown>\n#17 0x558fb58e6a66 <unknown>\n#18 0x7fa4c109caa4 <unknown>\n#19 0x7fa4c1129c3c <unknown>\n\n","statusTrace":"  File \"/home/runner/work/pythonSelenium/pythonSelenium/tests/regression_ui/test_ui_regression.py\", line 62, in test_login\n    el_user_name = WebDriverWait(driver, 10).until(EC.element_to_be_clickable(\n                   ^^^^^^^^^^^^^^^^^^^^^^^^^^^^^^^^^^^^^^^^^^^^^^^^^^^^^^^^^^^\n  File \"/opt/hostedtoolcache/Python/3.12.5/x64/lib/python3.12/site-packages/selenium/webdriver/support/wait.py\", line 105, in until\n    raise TimeoutException(message, screen, stacktrace)\n","steps":[],"attachments":[],"parameters":[],"shouldDisplayMessage":true,"stepsCount":0,"attachmentsCount":0,"hasContent":true,"attachmentStep":false}],"attachments":[],"parameters":[],"shouldDisplayMessage":false,"stepsCount":1,"attachmentsCount":0,"hasContent":true,"attachmentStep":false}],"attachments":[],"parameters":[],"shouldDisplayMessage":true,"stepsCount":2,"attachmentsCount":0,"hasContent":true,"attachmentStep":false},"afterStages":[{"name":"driver::0","time":{"start":1740885665614,"stop":1740885665678,"duration":64},"status":"passed","steps":[],"attachments":[],"parameters":[],"shouldDisplayMessage":false,"stepsCount":0,"attachmentsCount":0,"hasContent":false,"attachmentStep":false}],"labels":[{"name":"tag","value":"TC004"},{"name":"tag","value":"TC000"},{"name":"parentSuite","value":"tests.regression_ui"},{"name":"suite","value":"test_ui_regression"},{"name":"subSuite","value":"TestUIRegression"},{"name":"host","value":"fv-az1680-624"},{"name":"thread","value":"4686-MainThread"},{"name":"framework","value":"pytest"},{"name":"language","value":"cpython3"},{"name":"package","value":"tests.regression_ui.test_ui_regression"},{"name":"resultFormat","value":"allure2"}],"parameters":[],"links":[],"hidden":false,"retry":false,"extra":{"severity":"normal","retries":[],"categories":[{"name":"Test defects","matchedStatuses":[],"flaky":false}],"history":{"statistic":{"failed":0,"broken":13,"skipped":0,"passed":396,"unknown":0,"total":409},"items":[{"uid":"271cb20cfa3eb43b","status":"broken","statusDetails":"selenium.common.exceptions.TimeoutException: Message: \nStacktrace:\n#0 0x55b050577bea <unknown>\n#1 0x55b0500157d0 <unknown>\n#2 0x55b050066cc0 <unknown>\n#3 0x55b050066e41 <unknown>\n#4 0x55b0500b5984 <unknown>\n#5 0x55b05008cabd <unknown>\n#6 0x55b0500b2d0c <unknown>\n#7 0x55b05008c863 <unknown>\n#8 0x55b050058ac8 <unknown>\n#9 0x55b050059c31 <unknown>\n#10 0x55b05054118b <unknown>\n#11 0x55b050545112 <unknown>\n#12 0x55b05052e04c <unknown>\n#13 0x55b050545d04 <unknown>\n#14 0x55b0505124bf <unknown>\n#15 0x55b050566528 <unknown>\n#16 0x55b0505666f9 <unknown>\n#17 0x55b050576a66 <unknown>\n#18 0x7fba3bc9caa4 <unknown>\n#19 0x7fba3bd29c3c <unknown>","time":{"start":1740876311591,"stop":1740876332148,"duration":20557}},{"uid":"fbb1964f3b89fb75","status":"passed","time":{"start":1740863294539,"stop":1740863321567,"duration":27028}},{"uid":"ed8211348d215bc2","status":"passed","time":{"start":1740852704900,"stop":1740852732443,"duration":27543}},{"uid":"3eb5f468a0b05b29","status":"passed","time":{"start":1740841843373,"stop":1740841869854,"duration":26481}},{"uid":"cc775e5c981f661f","status":"passed","time":{"start":1740831371470,"stop":1740831403322,"duration":31852}},{"uid":"e3f4ebf84c8e7dc2","status":"passed","time":{"start":1740820212351,"stop":1740820240442,"duration":28091}},{"uid":"aac3d2357e195a17","status":"passed","time":{"start":1740809563737,"stop":1740809590477,"duration":26740}},{"uid":"67a84438d0d754ce","status":"passed","time":{"start":1740799452295,"stop":1740799478830,"duration":26535}},{"uid":"50339969b7d2ba3d","status":"passed","time":{"start":1740790003744,"stop":1740790030042,"duration":26298}},{"uid":"f5c554136c0aa2b6","status":"passed","time":{"start":1740776953792,"stop":1740776979911,"duration":26119}},{"uid":"4ffbc40ac390d200","status":"passed","time":{"start":1740766393940,"stop":1740766420491,"duration":26551}},{"uid":"aa4cd1cf2c1de84b","status":"passed","time":{"start":1740755440799,"stop":1740755473479,"duration":32680}},{"uid":"14a85aef5867265b","status":"passed","time":{"start":1740745003863,"stop":1740745030205,"duration":26342}},{"uid":"c651c17dabbf0aa0","status":"passed","time":{"start":1740733840297,"stop":1740733872949,"duration":32652}},{"uid":"d43a81944d54bea9","status":"passed","time":{"start":1740723224463,"stop":1740723250852,"duration":26389}},{"uid":"3a5ef6ca3cc01c13","status":"passed","time":{"start":1740712754915,"stop":1740712781824,"duration":26909}},{"uid":"df414299b8459011","status":"passed","time":{"start":1740703425548,"stop":1740703452080,"duration":26532}},{"uid":"ccdc4d33347a1fb9","status":"passed","time":{"start":1740690581851,"stop":1740690608116,"duration":26265}},{"uid":"e1c814aaabaef22d","status":"passed","time":{"start":1740679996316,"stop":1740680022588,"duration":26272}},{"uid":"e3769da2785c4353","status":"passed","time":{"start":1740669075015,"stop":1740669102218,"duration":27203}}]},"tags":["TC004","TC000"]},"source":"4abe290aab90ffc0.json","parameterValues":[]}