{"uid":"517ad137370fdc8f","name":"Label a Card","fullName":"tests.regression_ui.test_ui_regression.TestUIRegression#test_label_card","historyId":"81bf587fe9f2db9e87ee2dc06e7308b0","time":{"start":1738692944165,"stop":1738692965436,"duration":21271},"status":"broken","statusMessage":"selenium.common.exceptions.NoSuchElementException: Message: no such element: Unable to locate element: {\"method\":\"xpath\",\"selector\":\"//*[contains(text(), 'new_card')]\"}\n  (Session info: chrome=133.0.6943.53); For documentation on this error, please visit: https://www.selenium.dev/documentation/webdriver/troubleshooting/errors#no-such-element-exception\nStacktrace:\n#0 0x5625a3822dca <unknown>\n#1 0x5625a33193f0 <unknown>\n#2 0x5625a336910c <unknown>\n#3 0x5625a3369331 <unknown>\n#4 0x5625a33af154 <unknown>\n#5 0x5625a338dabd <unknown>\n#6 0x5625a33ac4b3 <unknown>\n#7 0x5625a338d833 <unknown>\n#8 0x5625a335a5a0 <unknown>\n#9 0x5625a335bece <unknown>\n#10 0x5625a37ecbdb <unknown>\n#11 0x5625a37f0b67 <unknown>\n#12 0x5625a37d83bc <unknown>\n#13 0x5625a37f1727 <unknown>\n#14 0x5625a37bc74f <unknown>\n#15 0x5625a3811938 <unknown>\n#16 0x5625a3811b00 <unknown>\n#17 0x5625a3821c46 <unknown>\n#18 0x7fa82969ca94 <unknown>\n#19 0x7fa829729c3c <unknown>","statusTrace":"self = <tests.regression_ui.test_ui_regression.TestUIRegression object at 0x7faccc6b2960>\ndriver = <selenium.webdriver.chrome.webdriver.WebDriver (session=\"249ff68c7a81eb392aa2307a645cadfb\")>\n\n    @pytest.mark.TC000\n    @pytest.mark.TC007\n    @allure.title('Label a Card')\n    def test_label_card(self, driver):\n        time.sleep(4)\n        with allure.step('Log in to Trello account'):\n            self.test_login(driver)\n    \n        with allure.step('Open a board and select a card'):\n            try:\n                WebDriverWait(driver, 10).until(EC.element_to_be_clickable((By.XPATH, self.SCC.Board.BOARD_TITLE))).click()\n                WebDriverWait(driver, 10).until(EC.visibility_of_element_located((By.XPATH, self.SCC.Board.LIST_TITLE))).click()\n                driver.find_element(By.XPATH, self.SCC.List.ADD_A_CARD_BUTTON).click()\n                driver.find_element(By.XPATH, self.SCC.List.CARD_NAME_FIELD).click()\n                time.sleep(1)\n                driver.find_element(By.XPATH, self.SCC.List.CARD_NAME_FIELD).send_keys('new_card')\n                driver.find_element(By.XPATH, self.SCC.List.ADD_CARD_SUBMIT_BUTTOMN).click()\n                time.sleep(3)\n            except Exception as e:\n                log.info(\"An error occurred: \", str(e))\n    \n        with allure.step('Click the card to open and archive it'):\n>           driver.find_element(By.XPATH, self.SCC.List.CARD_TO_ARCHIVE).click()\n\ntests/regression_ui/test_ui_regression.py:239: \n_ _ _ _ _ _ _ _ _ _ _ _ _ _ _ _ _ _ _ _ _ _ _ _ _ _ _ _ _ _ _ _ _ _ _ _ _ _ _ _ \n/opt/hostedtoolcache/Python/3.12.5/x64/lib/python3.12/site-packages/selenium/webdriver/remote/webdriver.py:770: in find_element\n    return self.execute(Command.FIND_ELEMENT, {\"using\": by, \"value\": value})[\"value\"]\n/opt/hostedtoolcache/Python/3.12.5/x64/lib/python3.12/site-packages/selenium/webdriver/remote/webdriver.py:384: in execute\n    self.error_handler.check_response(response)\n_ _ _ _ _ _ _ _ _ _ _ _ _ _ _ _ _ _ _ _ _ _ _ _ _ _ _ _ _ _ _ _ _ _ _ _ _ _ _ _ \n\nself = <selenium.webdriver.remote.errorhandler.ErrorHandler object at 0x7faccc6b5670>\nresponse = {'status': 404, 'value': '{\"value\":{\"error\":\"no such element\",\"message\":\"no such element: Unable to locate element: {\\...\\\\n#17 0x5625a3821c46 \\\\u003Cunknown>\\\\n#18 0x7fa82969ca94 \\\\u003Cunknown>\\\\n#19 0x7fa829729c3c \\\\u003Cunknown>\\\\n\"}}'}\n\n    def check_response(self, response: Dict[str, Any]) -> None:\n        \"\"\"Checks that a JSON response from the WebDriver does not have an\n        error.\n    \n        :Args:\n         - response - The JSON response from the WebDriver server as a dictionary\n           object.\n    \n        :Raises: If the response contains an error message.\n        \"\"\"\n        status = response.get(\"status\", None)\n        if not status or status == ErrorCode.SUCCESS:\n            return\n        value = None\n        message = response.get(\"message\", \"\")\n        screen: str = response.get(\"screen\", \"\")\n        stacktrace = None\n        if isinstance(status, int):\n            value_json = response.get(\"value\", None)\n            if value_json and isinstance(value_json, str):\n                import json\n    \n                try:\n                    value = json.loads(value_json)\n                    if len(value) == 1:\n                        value = value[\"value\"]\n                    status = value.get(\"error\", None)\n                    if not status:\n                        status = value.get(\"status\", ErrorCode.UNKNOWN_ERROR)\n                        message = value.get(\"value\") or value.get(\"message\")\n                        if not isinstance(message, str):\n                            value = message\n                            message = message.get(\"message\")\n                    else:\n                        message = value.get(\"message\", None)\n                except ValueError:\n                    pass\n    \n        exception_class: Type[WebDriverException]\n        e = ErrorCode()\n        error_codes = [item for item in dir(e) if not item.startswith(\"__\")]\n        for error_code in error_codes:\n            error_info = getattr(ErrorCode, error_code)\n            if isinstance(error_info, list) and status in error_info:\n                exception_class = getattr(ExceptionMapping, error_code, WebDriverException)\n                break\n        else:\n            exception_class = WebDriverException\n    \n        if not value:\n            value = response[\"value\"]\n        if isinstance(value, str):\n            raise exception_class(value)\n        if message == \"\" and \"message\" in value:\n            message = value[\"message\"]\n    \n        screen = None  # type: ignore[assignment]\n        if \"screen\" in value:\n            screen = value[\"screen\"]\n    \n        stacktrace = None\n        st_value = value.get(\"stackTrace\") or value.get(\"stacktrace\")\n        if st_value:\n            if isinstance(st_value, str):\n                stacktrace = st_value.split(\"\\n\")\n            else:\n                stacktrace = []\n                try:\n                    for frame in st_value:\n                        line = frame.get(\"lineNumber\", \"\")\n                        file = frame.get(\"fileName\", \"<anonymous>\")\n                        if line:\n                            file = f\"{file}:{line}\"\n                        meth = frame.get(\"methodName\", \"<anonymous>\")\n                        if \"className\" in frame:\n                            meth = f\"{frame['className']}.{meth}\"\n                        msg = \"    at %s (%s)\"\n                        msg = msg % (meth, file)\n                        stacktrace.append(msg)\n                except TypeError:\n                    pass\n        if exception_class == UnexpectedAlertPresentException:\n            alert_text = None\n            if \"data\" in value:\n                alert_text = value[\"data\"].get(\"text\")\n            elif \"alert\" in value:\n                alert_text = value[\"alert\"].get(\"text\")\n            raise exception_class(message, screen, stacktrace, alert_text)  # type: ignore[call-arg]  # mypy is not smart enough here\n>       raise exception_class(message, screen, stacktrace)\nE       selenium.common.exceptions.NoSuchElementException: Message: no such element: Unable to locate element: {\"method\":\"xpath\",\"selector\":\"//*[contains(text(), 'new_card')]\"}\nE         (Session info: chrome=133.0.6943.53); For documentation on this error, please visit: https://www.selenium.dev/documentation/webdriver/troubleshooting/errors#no-such-element-exception\nE       Stacktrace:\nE       #0 0x5625a3822dca <unknown>\nE       #1 0x5625a33193f0 <unknown>\nE       #2 0x5625a336910c <unknown>\nE       #3 0x5625a3369331 <unknown>\nE       #4 0x5625a33af154 <unknown>\nE       #5 0x5625a338dabd <unknown>\nE       #6 0x5625a33ac4b3 <unknown>\nE       #7 0x5625a338d833 <unknown>\nE       #8 0x5625a335a5a0 <unknown>\nE       #9 0x5625a335bece <unknown>\nE       #10 0x5625a37ecbdb <unknown>\nE       #11 0x5625a37f0b67 <unknown>\nE       #12 0x5625a37d83bc <unknown>\nE       #13 0x5625a37f1727 <unknown>\nE       #14 0x5625a37bc74f <unknown>\nE       #15 0x5625a3811938 <unknown>\nE       #16 0x5625a3811b00 <unknown>\nE       #17 0x5625a3821c46 <unknown>\nE       #18 0x7fa82969ca94 <unknown>\nE       #19 0x7fa829729c3c <unknown>\n\n/opt/hostedtoolcache/Python/3.12.5/x64/lib/python3.12/site-packages/selenium/webdriver/remote/errorhandler.py:232: NoSuchElementException","flaky":false,"newFailed":false,"newBroken":true,"newPassed":false,"retriesCount":0,"retriesStatusChange":false,"beforeStages":[{"name":"driver","time":{"start":1738692943900,"stop":1738692944164,"duration":264},"status":"passed","steps":[],"attachments":[],"parameters":[],"shouldDisplayMessage":false,"stepsCount":0,"attachmentsCount":0,"hasContent":false,"attachmentStep":false},{"name":"setup","time":{"start":1738692944164,"stop":1738692944164,"duration":0},"status":"passed","steps":[],"attachments":[],"parameters":[],"shouldDisplayMessage":false,"stepsCount":0,"attachmentsCount":0,"hasContent":false,"attachmentStep":false}],"testStage":{"status":"broken","statusMessage":"selenium.common.exceptions.NoSuchElementException: Message: no such element: Unable to locate element: {\"method\":\"xpath\",\"selector\":\"//*[contains(text(), 'new_card')]\"}\n  (Session info: chrome=133.0.6943.53); For documentation on this error, please visit: https://www.selenium.dev/documentation/webdriver/troubleshooting/errors#no-such-element-exception\nStacktrace:\n#0 0x5625a3822dca <unknown>\n#1 0x5625a33193f0 <unknown>\n#2 0x5625a336910c <unknown>\n#3 0x5625a3369331 <unknown>\n#4 0x5625a33af154 <unknown>\n#5 0x5625a338dabd <unknown>\n#6 0x5625a33ac4b3 <unknown>\n#7 0x5625a338d833 <unknown>\n#8 0x5625a335a5a0 <unknown>\n#9 0x5625a335bece <unknown>\n#10 0x5625a37ecbdb <unknown>\n#11 0x5625a37f0b67 <unknown>\n#12 0x5625a37d83bc <unknown>\n#13 0x5625a37f1727 <unknown>\n#14 0x5625a37bc74f <unknown>\n#15 0x5625a3811938 <unknown>\n#16 0x5625a3811b00 <unknown>\n#17 0x5625a3821c46 <unknown>\n#18 0x7fa82969ca94 <unknown>\n#19 0x7fa829729c3c <unknown>","statusTrace":"self = <tests.regression_ui.test_ui_regression.TestUIRegression object at 0x7faccc6b2960>\ndriver = <selenium.webdriver.chrome.webdriver.WebDriver (session=\"249ff68c7a81eb392aa2307a645cadfb\")>\n\n    @pytest.mark.TC000\n    @pytest.mark.TC007\n    @allure.title('Label a Card')\n    def test_label_card(self, driver):\n        time.sleep(4)\n        with allure.step('Log in to Trello account'):\n            self.test_login(driver)\n    \n        with allure.step('Open a board and select a card'):\n            try:\n                WebDriverWait(driver, 10).until(EC.element_to_be_clickable((By.XPATH, self.SCC.Board.BOARD_TITLE))).click()\n                WebDriverWait(driver, 10).until(EC.visibility_of_element_located((By.XPATH, self.SCC.Board.LIST_TITLE))).click()\n                driver.find_element(By.XPATH, self.SCC.List.ADD_A_CARD_BUTTON).click()\n                driver.find_element(By.XPATH, self.SCC.List.CARD_NAME_FIELD).click()\n                time.sleep(1)\n                driver.find_element(By.XPATH, self.SCC.List.CARD_NAME_FIELD).send_keys('new_card')\n                driver.find_element(By.XPATH, self.SCC.List.ADD_CARD_SUBMIT_BUTTOMN).click()\n                time.sleep(3)\n            except Exception as e:\n                log.info(\"An error occurred: \", str(e))\n    \n        with allure.step('Click the card to open and archive it'):\n>           driver.find_element(By.XPATH, self.SCC.List.CARD_TO_ARCHIVE).click()\n\ntests/regression_ui/test_ui_regression.py:239: \n_ _ _ _ _ _ _ _ _ _ _ _ _ _ _ _ _ _ _ _ _ _ _ _ _ _ _ _ _ _ _ _ _ _ _ _ _ _ _ _ \n/opt/hostedtoolcache/Python/3.12.5/x64/lib/python3.12/site-packages/selenium/webdriver/remote/webdriver.py:770: in find_element\n    return self.execute(Command.FIND_ELEMENT, {\"using\": by, \"value\": value})[\"value\"]\n/opt/hostedtoolcache/Python/3.12.5/x64/lib/python3.12/site-packages/selenium/webdriver/remote/webdriver.py:384: in execute\n    self.error_handler.check_response(response)\n_ _ _ _ _ _ _ _ _ _ _ _ _ _ _ _ _ _ _ _ _ _ _ _ _ _ _ _ _ _ _ _ _ _ _ _ _ _ _ _ \n\nself = <selenium.webdriver.remote.errorhandler.ErrorHandler object at 0x7faccc6b5670>\nresponse = {'status': 404, 'value': '{\"value\":{\"error\":\"no such element\",\"message\":\"no such element: Unable to locate element: {\\...\\\\n#17 0x5625a3821c46 \\\\u003Cunknown>\\\\n#18 0x7fa82969ca94 \\\\u003Cunknown>\\\\n#19 0x7fa829729c3c \\\\u003Cunknown>\\\\n\"}}'}\n\n    def check_response(self, response: Dict[str, Any]) -> None:\n        \"\"\"Checks that a JSON response from the WebDriver does not have an\n        error.\n    \n        :Args:\n         - response - The JSON response from the WebDriver server as a dictionary\n           object.\n    \n        :Raises: If the response contains an error message.\n        \"\"\"\n        status = response.get(\"status\", None)\n        if not status or status == ErrorCode.SUCCESS:\n            return\n        value = None\n        message = response.get(\"message\", \"\")\n        screen: str = response.get(\"screen\", \"\")\n        stacktrace = None\n        if isinstance(status, int):\n            value_json = response.get(\"value\", None)\n            if value_json and isinstance(value_json, str):\n                import json\n    \n                try:\n                    value = json.loads(value_json)\n                    if len(value) == 1:\n                        value = value[\"value\"]\n                    status = value.get(\"error\", None)\n                    if not status:\n                        status = value.get(\"status\", ErrorCode.UNKNOWN_ERROR)\n                        message = value.get(\"value\") or value.get(\"message\")\n                        if not isinstance(message, str):\n                            value = message\n                            message = message.get(\"message\")\n                    else:\n                        message = value.get(\"message\", None)\n                except ValueError:\n                    pass\n    \n        exception_class: Type[WebDriverException]\n        e = ErrorCode()\n        error_codes = [item for item in dir(e) if not item.startswith(\"__\")]\n        for error_code in error_codes:\n            error_info = getattr(ErrorCode, error_code)\n            if isinstance(error_info, list) and status in error_info:\n                exception_class = getattr(ExceptionMapping, error_code, WebDriverException)\n                break\n        else:\n            exception_class = WebDriverException\n    \n        if not value:\n            value = response[\"value\"]\n        if isinstance(value, str):\n            raise exception_class(value)\n        if message == \"\" and \"message\" in value:\n            message = value[\"message\"]\n    \n        screen = None  # type: ignore[assignment]\n        if \"screen\" in value:\n            screen = value[\"screen\"]\n    \n        stacktrace = None\n        st_value = value.get(\"stackTrace\") or value.get(\"stacktrace\")\n        if st_value:\n            if isinstance(st_value, str):\n                stacktrace = st_value.split(\"\\n\")\n            else:\n                stacktrace = []\n                try:\n                    for frame in st_value:\n                        line = frame.get(\"lineNumber\", \"\")\n                        file = frame.get(\"fileName\", \"<anonymous>\")\n                        if line:\n                            file = f\"{file}:{line}\"\n                        meth = frame.get(\"methodName\", \"<anonymous>\")\n                        if \"className\" in frame:\n                            meth = f\"{frame['className']}.{meth}\"\n                        msg = \"    at %s (%s)\"\n                        msg = msg % (meth, file)\n                        stacktrace.append(msg)\n                except TypeError:\n                    pass\n        if exception_class == UnexpectedAlertPresentException:\n            alert_text = None\n            if \"data\" in value:\n                alert_text = value[\"data\"].get(\"text\")\n            elif \"alert\" in value:\n                alert_text = value[\"alert\"].get(\"text\")\n            raise exception_class(message, screen, stacktrace, alert_text)  # type: ignore[call-arg]  # mypy is not smart enough here\n>       raise exception_class(message, screen, stacktrace)\nE       selenium.common.exceptions.NoSuchElementException: Message: no such element: Unable to locate element: {\"method\":\"xpath\",\"selector\":\"//*[contains(text(), 'new_card')]\"}\nE         (Session info: chrome=133.0.6943.53); For documentation on this error, please visit: https://www.selenium.dev/documentation/webdriver/troubleshooting/errors#no-such-element-exception\nE       Stacktrace:\nE       #0 0x5625a3822dca <unknown>\nE       #1 0x5625a33193f0 <unknown>\nE       #2 0x5625a336910c <unknown>\nE       #3 0x5625a3369331 <unknown>\nE       #4 0x5625a33af154 <unknown>\nE       #5 0x5625a338dabd <unknown>\nE       #6 0x5625a33ac4b3 <unknown>\nE       #7 0x5625a338d833 <unknown>\nE       #8 0x5625a335a5a0 <unknown>\nE       #9 0x5625a335bece <unknown>\nE       #10 0x5625a37ecbdb <unknown>\nE       #11 0x5625a37f0b67 <unknown>\nE       #12 0x5625a37d83bc <unknown>\nE       #13 0x5625a37f1727 <unknown>\nE       #14 0x5625a37bc74f <unknown>\nE       #15 0x5625a3811938 <unknown>\nE       #16 0x5625a3811b00 <unknown>\nE       #17 0x5625a3821c46 <unknown>\nE       #18 0x7fa82969ca94 <unknown>\nE       #19 0x7fa829729c3c <unknown>\n\n/opt/hostedtoolcache/Python/3.12.5/x64/lib/python3.12/site-packages/selenium/webdriver/remote/errorhandler.py:232: NoSuchElementException","steps":[{"name":"Log in to Trello account","time":{"start":1738692948165,"stop":1738692955134,"duration":6969},"status":"passed","steps":[{"name":"Navigate to the Trello page and enter valid credentials (email, password, and 6-digits verification code)","time":{"start":1738692948165,"stop":1738692955134,"duration":6969},"status":"passed","steps":[],"attachments":[],"parameters":[],"shouldDisplayMessage":false,"stepsCount":0,"attachmentsCount":0,"hasContent":false,"attachmentStep":false}],"attachments":[],"parameters":[],"shouldDisplayMessage":false,"stepsCount":1,"attachmentsCount":0,"hasContent":true,"attachmentStep":false},{"name":"Open a board and select a card","time":{"start":1738692955134,"stop":1738692965420,"duration":10286},"status":"passed","steps":[],"attachments":[],"parameters":[],"shouldDisplayMessage":false,"stepsCount":0,"attachmentsCount":0,"hasContent":false,"attachmentStep":false},{"name":"Click the card to open and archive it","time":{"start":1738692965420,"stop":1738692965435,"duration":15},"status":"broken","statusMessage":"selenium.common.exceptions.NoSuchElementException: Message: no such element: Unable to locate element: {\"method\":\"xpath\",\"selector\":\"//*[contains(text(), 'new_card')]\"}\n  (Session info: chrome=133.0.6943.53); For documentation on this error, please visit: https://www.selenium.dev/documentation/webdriver/troubleshooting/errors#no-such-element-exception\nStacktrace:\n#0 0x5625a3822dca <unknown>\n#1 0x5625a33193f0 <unknown>\n#2 0x5625a336910c <unknown>\n#3 0x5625a3369331 <unknown>\n#4 0x5625a33af154 <unknown>\n#5 0x5625a338dabd <unknown>\n#6 0x5625a33ac4b3 <unknown>\n#7 0x5625a338d833 <unknown>\n#8 0x5625a335a5a0 <unknown>\n#9 0x5625a335bece <unknown>\n#10 0x5625a37ecbdb <unknown>\n#11 0x5625a37f0b67 <unknown>\n#12 0x5625a37d83bc <unknown>\n#13 0x5625a37f1727 <unknown>\n#14 0x5625a37bc74f <unknown>\n#15 0x5625a3811938 <unknown>\n#16 0x5625a3811b00 <unknown>\n#17 0x5625a3821c46 <unknown>\n#18 0x7fa82969ca94 <unknown>\n#19 0x7fa829729c3c <unknown>\n\n","statusTrace":"  File \"/home/runner/work/pythonSelenium/pythonSelenium/tests/regression_ui/test_ui_regression.py\", line 239, in test_label_card\n    driver.find_element(By.XPATH, self.SCC.List.CARD_TO_ARCHIVE).click()\n    ^^^^^^^^^^^^^^^^^^^^^^^^^^^^^^^^^^^^^^^^^^^^^^^^^^^^^^^^^^^^\n  File \"/opt/hostedtoolcache/Python/3.12.5/x64/lib/python3.12/site-packages/selenium/webdriver/remote/webdriver.py\", line 770, in find_element\n    return self.execute(Command.FIND_ELEMENT, {\"using\": by, \"value\": value})[\"value\"]\n           ^^^^^^^^^^^^^^^^^^^^^^^^^^^^^^^^^^^^^^^^^^^^^^^^^^^^^^^^^^^^^^^^^\n  File \"/opt/hostedtoolcache/Python/3.12.5/x64/lib/python3.12/site-packages/selenium/webdriver/remote/webdriver.py\", line 384, in execute\n    self.error_handler.check_response(response)\n  File \"/opt/hostedtoolcache/Python/3.12.5/x64/lib/python3.12/site-packages/selenium/webdriver/remote/errorhandler.py\", line 232, in check_response\n    raise exception_class(message, screen, stacktrace)\n","steps":[],"attachments":[],"parameters":[],"shouldDisplayMessage":true,"stepsCount":0,"attachmentsCount":0,"hasContent":true,"attachmentStep":false}],"attachments":[{"uid":"a08662e67f89d6c1","name":"log","source":"a08662e67f89d6c1.txt","type":"text/plain","size":360}],"parameters":[],"shouldDisplayMessage":true,"stepsCount":4,"attachmentsCount":1,"hasContent":true,"attachmentStep":false},"afterStages":[{"name":"driver::0","time":{"start":1738692965466,"stop":1738692965543,"duration":77},"status":"passed","steps":[],"attachments":[],"parameters":[],"shouldDisplayMessage":false,"stepsCount":0,"attachmentsCount":0,"hasContent":false,"attachmentStep":false}],"labels":[{"name":"tag","value":"TC007"},{"name":"tag","value":"TC000"},{"name":"parentSuite","value":"tests.regression_ui"},{"name":"suite","value":"test_ui_regression"},{"name":"subSuite","value":"TestUIRegression"},{"name":"host","value":"fv-az1768-274"},{"name":"thread","value":"4051-MainThread"},{"name":"framework","value":"pytest"},{"name":"language","value":"cpython3"},{"name":"package","value":"tests.regression_ui.test_ui_regression"},{"name":"resultFormat","value":"allure2"}],"parameters":[],"links":[],"hidden":false,"retry":false,"extra":{"severity":"normal","retries":[],"categories":[{"name":"Test defects","matchedStatuses":[],"flaky":false}],"history":{"statistic":{"failed":0,"broken":15,"skipped":0,"passed":184,"unknown":0,"total":199},"items":[{"uid":"1821d4c3b42f7508","status":"passed","time":{"start":1738681876149,"stop":1738681911125,"duration":34976}},{"uid":"748b40b2bf3a9ede","status":"passed","time":{"start":1738671498270,"stop":1738671526179,"duration":27909}},{"uid":"d5a834d685e44ed6","status":"passed","time":{"start":1738660335371,"stop":1738660371692,"duration":36321}},{"uid":"8edc9017d97e1bf6","status":"passed","time":{"start":1738649806133,"stop":1738649840844,"duration":34711}},{"uid":"f82a24b8246a9024","status":"passed","time":{"start":1738630173870,"stop":1738630207743,"duration":33873}},{"uid":"cabb0bc279adc278","status":"passed","time":{"start":1738617161655,"stop":1738617195794,"duration":34139}},{"uid":"7a01015665f3fe5","status":"passed","time":{"start":1738606600986,"stop":1738606634805,"duration":33819}},{"uid":"66a0225dedf4833d","status":"passed","time":{"start":1738595602326,"stop":1738595636211,"duration":33885}},{"uid":"2a6f7b87c2e97f16","status":"passed","time":{"start":1738585357488,"stop":1738585391395,"duration":33907}},{"uid":"962578bca7deed88","status":"passed","time":{"start":1738574096770,"stop":1738574130251,"duration":33481}},{"uid":"a3b5d2e4fbdc074d","status":"passed","time":{"start":1738563453181,"stop":1738563487017,"duration":33836}},{"uid":"da8bc0df93dffe9c","status":"passed","time":{"start":1738552627739,"stop":1738552661253,"duration":33514}},{"uid":"8efd1719afa62b4b","status":"passed","time":{"start":1738543854900,"stop":1738543888407,"duration":33507}},{"uid":"445a2b7e6f51c1ef","status":"passed","time":{"start":1738530680011,"stop":1738530713906,"duration":33895}},{"uid":"bcb779c40337328e","status":"passed","time":{"start":1738520095512,"stop":1738520129377,"duration":33865}},{"uid":"ce6535d296d907fc","status":"passed","time":{"start":1738509183538,"stop":1738509217338,"duration":33800}},{"uid":"45c9fe0bb129c0e1","status":"passed","time":{"start":1738498726491,"stop":1738498760390,"duration":33899}},{"uid":"b29c472543c61223","status":"passed","time":{"start":1738487522977,"stop":1738487556858,"duration":33881}},{"uid":"f967f4c16278fa05","status":"passed","time":{"start":1738476967538,"stop":1738477001066,"duration":33528}},{"uid":"3757e36f01ddcf96","status":"passed","time":{"start":1738466200329,"stop":1738466234060,"duration":33731}}]},"tags":["TC007","TC000"]},"source":"517ad137370fdc8f.json","parameterValues":[]}