{"uid":"517dcec39e11874e","name":"Label a Card","fullName":"tests.regression_ui.test_ui_regression.TestUIRegression#test_label_card","historyId":"81bf587fe9f2db9e87ee2dc06e7308b0","time":{"start":1743218659719,"stop":1743218679827,"duration":20108},"status":"broken","statusMessage":"selenium.common.exceptions.NoSuchElementException: Message: no such element: Unable to locate element: {\"method\":\"xpath\",\"selector\":\"//*[contains(text(), 'new_card')]\"}\n  (Session info: chrome=134.0.6998.165); For documentation on this error, please visit: https://www.selenium.dev/documentation/webdriver/troubleshooting/errors#no-such-element-exception\nStacktrace:\n#0 0x561f95d61ffa <unknown>\n#1 0x561f95820970 <unknown>\n#2 0x561f95872385 <unknown>\n#3 0x561f958725b1 <unknown>\n#4 0x561f958c13c4 <unknown>\n#5 0x561f958982bd <unknown>\n#6 0x561f958be70c <unknown>\n#7 0x561f95898063 <unknown>\n#8 0x561f95864328 <unknown>\n#9 0x561f95865491 <unknown>\n#10 0x561f95d2942b <unknown>\n#11 0x561f95d2d2ec <unknown>\n#12 0x561f95d10a22 <unknown>\n#13 0x561f95d2de64 <unknown>\n#14 0x561f95cf4bef <unknown>\n#15 0x561f95d50558 <unknown>\n#16 0x561f95d50736 <unknown>\n#17 0x561f95d60e76 <unknown>\n#18 0x7f197649caa4 <unknown>\n#19 0x7f1976529c3c <unknown>","statusTrace":"self = <tests.regression_ui.test_ui_regression.TestUIRegression object at 0x7fe31cda2c90>\ndriver = <selenium.webdriver.chrome.webdriver.WebDriver (session=\"6ae7e96718d0382c082336654268db2b\")>\n\n    @pytest.mark.TC000\n    @pytest.mark.TC007\n    @allure.title('Label a Card')\n    def test_label_card(self, driver):\n        time.sleep(4)\n        with allure.step('Log in to Trello account'):\n            self.test_login(driver)\n    \n        with allure.step('Open a board and select a card'):\n            try:\n                WebDriverWait(driver, 10).until(EC.element_to_be_clickable((By.XPATH, self.SCC.Board.BOARD_TITLE))).click()\n                WebDriverWait(driver, 10).until(EC.visibility_of_element_located((By.XPATH, self.SCC.Board.LIST_TITLE))).click()\n                driver.find_element(By.XPATH, self.SCC.List.ADD_A_CARD_BUTTON).click()\n                driver.find_element(By.XPATH, self.SCC.List.CARD_NAME_FIELD).click()\n                time.sleep(1)\n                driver.find_element(By.XPATH, self.SCC.List.CARD_NAME_FIELD).send_keys('new_card')\n                driver.find_element(By.XPATH, self.SCC.List.ADD_CARD_SUBMIT_BUTTOMN).click()\n                time.sleep(3)\n            except Exception as e:\n                log.info(\"An error occurred: \", str(e))\n    \n        with allure.step('Click the card to open and archive it'):\n>           driver.find_element(By.XPATH, self.SCC.List.CARD_TO_ARCHIVE).click()\n\ntests/regression_ui/test_ui_regression.py:239: \n_ _ _ _ _ _ _ _ _ _ _ _ _ _ _ _ _ _ _ _ _ _ _ _ _ _ _ _ _ _ _ _ _ _ _ _ _ _ _ _ \n/opt/hostedtoolcache/Python/3.12.5/x64/lib/python3.12/site-packages/selenium/webdriver/remote/webdriver.py:770: in find_element\n    return self.execute(Command.FIND_ELEMENT, {\"using\": by, \"value\": value})[\"value\"]\n/opt/hostedtoolcache/Python/3.12.5/x64/lib/python3.12/site-packages/selenium/webdriver/remote/webdriver.py:384: in execute\n    self.error_handler.check_response(response)\n_ _ _ _ _ _ _ _ _ _ _ _ _ _ _ _ _ _ _ _ _ _ _ _ _ _ _ _ _ _ _ _ _ _ _ _ _ _ _ _ \n\nself = <selenium.webdriver.remote.errorhandler.ErrorHandler object at 0x7fe31cdf9d60>\nresponse = {'status': 404, 'value': '{\"value\":{\"error\":\"no such element\",\"message\":\"no such element: Unable to locate element: {\\...\\\\n#17 0x561f95d60e76 \\\\u003Cunknown>\\\\n#18 0x7f197649caa4 \\\\u003Cunknown>\\\\n#19 0x7f1976529c3c \\\\u003Cunknown>\\\\n\"}}'}\n\n    def check_response(self, response: Dict[str, Any]) -> None:\n        \"\"\"Checks that a JSON response from the WebDriver does not have an\n        error.\n    \n        :Args:\n         - response - The JSON response from the WebDriver server as a dictionary\n           object.\n    \n        :Raises: If the response contains an error message.\n        \"\"\"\n        status = response.get(\"status\", None)\n        if not status or status == ErrorCode.SUCCESS:\n            return\n        value = None\n        message = response.get(\"message\", \"\")\n        screen: str = response.get(\"screen\", \"\")\n        stacktrace = None\n        if isinstance(status, int):\n            value_json = response.get(\"value\", None)\n            if value_json and isinstance(value_json, str):\n                import json\n    \n                try:\n                    value = json.loads(value_json)\n                    if len(value) == 1:\n                        value = value[\"value\"]\n                    status = value.get(\"error\", None)\n                    if not status:\n                        status = value.get(\"status\", ErrorCode.UNKNOWN_ERROR)\n                        message = value.get(\"value\") or value.get(\"message\")\n                        if not isinstance(message, str):\n                            value = message\n                            message = message.get(\"message\")\n                    else:\n                        message = value.get(\"message\", None)\n                except ValueError:\n                    pass\n    \n        exception_class: Type[WebDriverException]\n        e = ErrorCode()\n        error_codes = [item for item in dir(e) if not item.startswith(\"__\")]\n        for error_code in error_codes:\n            error_info = getattr(ErrorCode, error_code)\n            if isinstance(error_info, list) and status in error_info:\n                exception_class = getattr(ExceptionMapping, error_code, WebDriverException)\n                break\n        else:\n            exception_class = WebDriverException\n    \n        if not value:\n            value = response[\"value\"]\n        if isinstance(value, str):\n            raise exception_class(value)\n        if message == \"\" and \"message\" in value:\n            message = value[\"message\"]\n    \n        screen = None  # type: ignore[assignment]\n        if \"screen\" in value:\n            screen = value[\"screen\"]\n    \n        stacktrace = None\n        st_value = value.get(\"stackTrace\") or value.get(\"stacktrace\")\n        if st_value:\n            if isinstance(st_value, str):\n                stacktrace = st_value.split(\"\\n\")\n            else:\n                stacktrace = []\n                try:\n                    for frame in st_value:\n                        line = frame.get(\"lineNumber\", \"\")\n                        file = frame.get(\"fileName\", \"<anonymous>\")\n                        if line:\n                            file = f\"{file}:{line}\"\n                        meth = frame.get(\"methodName\", \"<anonymous>\")\n                        if \"className\" in frame:\n                            meth = f\"{frame['className']}.{meth}\"\n                        msg = \"    at %s (%s)\"\n                        msg = msg % (meth, file)\n                        stacktrace.append(msg)\n                except TypeError:\n                    pass\n        if exception_class == UnexpectedAlertPresentException:\n            alert_text = None\n            if \"data\" in value:\n                alert_text = value[\"data\"].get(\"text\")\n            elif \"alert\" in value:\n                alert_text = value[\"alert\"].get(\"text\")\n            raise exception_class(message, screen, stacktrace, alert_text)  # type: ignore[call-arg]  # mypy is not smart enough here\n>       raise exception_class(message, screen, stacktrace)\nE       selenium.common.exceptions.NoSuchElementException: Message: no such element: Unable to locate element: {\"method\":\"xpath\",\"selector\":\"//*[contains(text(), 'new_card')]\"}\nE         (Session info: chrome=134.0.6998.165); For documentation on this error, please visit: https://www.selenium.dev/documentation/webdriver/troubleshooting/errors#no-such-element-exception\nE       Stacktrace:\nE       #0 0x561f95d61ffa <unknown>\nE       #1 0x561f95820970 <unknown>\nE       #2 0x561f95872385 <unknown>\nE       #3 0x561f958725b1 <unknown>\nE       #4 0x561f958c13c4 <unknown>\nE       #5 0x561f958982bd <unknown>\nE       #6 0x561f958be70c <unknown>\nE       #7 0x561f95898063 <unknown>\nE       #8 0x561f95864328 <unknown>\nE       #9 0x561f95865491 <unknown>\nE       #10 0x561f95d2942b <unknown>\nE       #11 0x561f95d2d2ec <unknown>\nE       #12 0x561f95d10a22 <unknown>\nE       #13 0x561f95d2de64 <unknown>\nE       #14 0x561f95cf4bef <unknown>\nE       #15 0x561f95d50558 <unknown>\nE       #16 0x561f95d50736 <unknown>\nE       #17 0x561f95d60e76 <unknown>\nE       #18 0x7f197649caa4 <unknown>\nE       #19 0x7f1976529c3c <unknown>\n\n/opt/hostedtoolcache/Python/3.12.5/x64/lib/python3.12/site-packages/selenium/webdriver/remote/errorhandler.py:232: NoSuchElementException","flaky":false,"newFailed":false,"newBroken":false,"newPassed":false,"retriesCount":0,"retriesStatusChange":false,"beforeStages":[{"name":"driver","time":{"start":1743218659391,"stop":1743218659718,"duration":327},"status":"passed","steps":[],"attachments":[],"parameters":[],"shouldDisplayMessage":false,"stepsCount":0,"attachmentsCount":0,"hasContent":false,"attachmentStep":false},{"name":"setup","time":{"start":1743218659718,"stop":1743218659718,"duration":0},"status":"passed","steps":[],"attachments":[],"parameters":[],"shouldDisplayMessage":false,"stepsCount":0,"attachmentsCount":0,"hasContent":false,"attachmentStep":false}],"testStage":{"status":"broken","statusMessage":"selenium.common.exceptions.NoSuchElementException: Message: no such element: Unable to locate element: {\"method\":\"xpath\",\"selector\":\"//*[contains(text(), 'new_card')]\"}\n  (Session info: chrome=134.0.6998.165); For documentation on this error, please visit: https://www.selenium.dev/documentation/webdriver/troubleshooting/errors#no-such-element-exception\nStacktrace:\n#0 0x561f95d61ffa <unknown>\n#1 0x561f95820970 <unknown>\n#2 0x561f95872385 <unknown>\n#3 0x561f958725b1 <unknown>\n#4 0x561f958c13c4 <unknown>\n#5 0x561f958982bd <unknown>\n#6 0x561f958be70c <unknown>\n#7 0x561f95898063 <unknown>\n#8 0x561f95864328 <unknown>\n#9 0x561f95865491 <unknown>\n#10 0x561f95d2942b <unknown>\n#11 0x561f95d2d2ec <unknown>\n#12 0x561f95d10a22 <unknown>\n#13 0x561f95d2de64 <unknown>\n#14 0x561f95cf4bef <unknown>\n#15 0x561f95d50558 <unknown>\n#16 0x561f95d50736 <unknown>\n#17 0x561f95d60e76 <unknown>\n#18 0x7f197649caa4 <unknown>\n#19 0x7f1976529c3c <unknown>","statusTrace":"self = <tests.regression_ui.test_ui_regression.TestUIRegression object at 0x7fe31cda2c90>\ndriver = <selenium.webdriver.chrome.webdriver.WebDriver (session=\"6ae7e96718d0382c082336654268db2b\")>\n\n    @pytest.mark.TC000\n    @pytest.mark.TC007\n    @allure.title('Label a Card')\n    def test_label_card(self, driver):\n        time.sleep(4)\n        with allure.step('Log in to Trello account'):\n            self.test_login(driver)\n    \n        with allure.step('Open a board and select a card'):\n            try:\n                WebDriverWait(driver, 10).until(EC.element_to_be_clickable((By.XPATH, self.SCC.Board.BOARD_TITLE))).click()\n                WebDriverWait(driver, 10).until(EC.visibility_of_element_located((By.XPATH, self.SCC.Board.LIST_TITLE))).click()\n                driver.find_element(By.XPATH, self.SCC.List.ADD_A_CARD_BUTTON).click()\n                driver.find_element(By.XPATH, self.SCC.List.CARD_NAME_FIELD).click()\n                time.sleep(1)\n                driver.find_element(By.XPATH, self.SCC.List.CARD_NAME_FIELD).send_keys('new_card')\n                driver.find_element(By.XPATH, self.SCC.List.ADD_CARD_SUBMIT_BUTTOMN).click()\n                time.sleep(3)\n            except Exception as e:\n                log.info(\"An error occurred: \", str(e))\n    \n        with allure.step('Click the card to open and archive it'):\n>           driver.find_element(By.XPATH, self.SCC.List.CARD_TO_ARCHIVE).click()\n\ntests/regression_ui/test_ui_regression.py:239: \n_ _ _ _ _ _ _ _ _ _ _ _ _ _ _ _ _ _ _ _ _ _ _ _ _ _ _ _ _ _ _ _ _ _ _ _ _ _ _ _ \n/opt/hostedtoolcache/Python/3.12.5/x64/lib/python3.12/site-packages/selenium/webdriver/remote/webdriver.py:770: in find_element\n    return self.execute(Command.FIND_ELEMENT, {\"using\": by, \"value\": value})[\"value\"]\n/opt/hostedtoolcache/Python/3.12.5/x64/lib/python3.12/site-packages/selenium/webdriver/remote/webdriver.py:384: in execute\n    self.error_handler.check_response(response)\n_ _ _ _ _ _ _ _ _ _ _ _ _ _ _ _ _ _ _ _ _ _ _ _ _ _ _ _ _ _ _ _ _ _ _ _ _ _ _ _ \n\nself = <selenium.webdriver.remote.errorhandler.ErrorHandler object at 0x7fe31cdf9d60>\nresponse = {'status': 404, 'value': '{\"value\":{\"error\":\"no such element\",\"message\":\"no such element: Unable to locate element: {\\...\\\\n#17 0x561f95d60e76 \\\\u003Cunknown>\\\\n#18 0x7f197649caa4 \\\\u003Cunknown>\\\\n#19 0x7f1976529c3c \\\\u003Cunknown>\\\\n\"}}'}\n\n    def check_response(self, response: Dict[str, Any]) -> None:\n        \"\"\"Checks that a JSON response from the WebDriver does not have an\n        error.\n    \n        :Args:\n         - response - The JSON response from the WebDriver server as a dictionary\n           object.\n    \n        :Raises: If the response contains an error message.\n        \"\"\"\n        status = response.get(\"status\", None)\n        if not status or status == ErrorCode.SUCCESS:\n            return\n        value = None\n        message = response.get(\"message\", \"\")\n        screen: str = response.get(\"screen\", \"\")\n        stacktrace = None\n        if isinstance(status, int):\n            value_json = response.get(\"value\", None)\n            if value_json and isinstance(value_json, str):\n                import json\n    \n                try:\n                    value = json.loads(value_json)\n                    if len(value) == 1:\n                        value = value[\"value\"]\n                    status = value.get(\"error\", None)\n                    if not status:\n                        status = value.get(\"status\", ErrorCode.UNKNOWN_ERROR)\n                        message = value.get(\"value\") or value.get(\"message\")\n                        if not isinstance(message, str):\n                            value = message\n                            message = message.get(\"message\")\n                    else:\n                        message = value.get(\"message\", None)\n                except ValueError:\n                    pass\n    \n        exception_class: Type[WebDriverException]\n        e = ErrorCode()\n        error_codes = [item for item in dir(e) if not item.startswith(\"__\")]\n        for error_code in error_codes:\n            error_info = getattr(ErrorCode, error_code)\n            if isinstance(error_info, list) and status in error_info:\n                exception_class = getattr(ExceptionMapping, error_code, WebDriverException)\n                break\n        else:\n            exception_class = WebDriverException\n    \n        if not value:\n            value = response[\"value\"]\n        if isinstance(value, str):\n            raise exception_class(value)\n        if message == \"\" and \"message\" in value:\n            message = value[\"message\"]\n    \n        screen = None  # type: ignore[assignment]\n        if \"screen\" in value:\n            screen = value[\"screen\"]\n    \n        stacktrace = None\n        st_value = value.get(\"stackTrace\") or value.get(\"stacktrace\")\n        if st_value:\n            if isinstance(st_value, str):\n                stacktrace = st_value.split(\"\\n\")\n            else:\n                stacktrace = []\n                try:\n                    for frame in st_value:\n                        line = frame.get(\"lineNumber\", \"\")\n                        file = frame.get(\"fileName\", \"<anonymous>\")\n                        if line:\n                            file = f\"{file}:{line}\"\n                        meth = frame.get(\"methodName\", \"<anonymous>\")\n                        if \"className\" in frame:\n                            meth = f\"{frame['className']}.{meth}\"\n                        msg = \"    at %s (%s)\"\n                        msg = msg % (meth, file)\n                        stacktrace.append(msg)\n                except TypeError:\n                    pass\n        if exception_class == UnexpectedAlertPresentException:\n            alert_text = None\n            if \"data\" in value:\n                alert_text = value[\"data\"].get(\"text\")\n            elif \"alert\" in value:\n                alert_text = value[\"alert\"].get(\"text\")\n            raise exception_class(message, screen, stacktrace, alert_text)  # type: ignore[call-arg]  # mypy is not smart enough here\n>       raise exception_class(message, screen, stacktrace)\nE       selenium.common.exceptions.NoSuchElementException: Message: no such element: Unable to locate element: {\"method\":\"xpath\",\"selector\":\"//*[contains(text(), 'new_card')]\"}\nE         (Session info: chrome=134.0.6998.165); For documentation on this error, please visit: https://www.selenium.dev/documentation/webdriver/troubleshooting/errors#no-such-element-exception\nE       Stacktrace:\nE       #0 0x561f95d61ffa <unknown>\nE       #1 0x561f95820970 <unknown>\nE       #2 0x561f95872385 <unknown>\nE       #3 0x561f958725b1 <unknown>\nE       #4 0x561f958c13c4 <unknown>\nE       #5 0x561f958982bd <unknown>\nE       #6 0x561f958be70c <unknown>\nE       #7 0x561f95898063 <unknown>\nE       #8 0x561f95864328 <unknown>\nE       #9 0x561f95865491 <unknown>\nE       #10 0x561f95d2942b <unknown>\nE       #11 0x561f95d2d2ec <unknown>\nE       #12 0x561f95d10a22 <unknown>\nE       #13 0x561f95d2de64 <unknown>\nE       #14 0x561f95cf4bef <unknown>\nE       #15 0x561f95d50558 <unknown>\nE       #16 0x561f95d50736 <unknown>\nE       #17 0x561f95d60e76 <unknown>\nE       #18 0x7f197649caa4 <unknown>\nE       #19 0x7f1976529c3c <unknown>\n\n/opt/hostedtoolcache/Python/3.12.5/x64/lib/python3.12/site-packages/selenium/webdriver/remote/errorhandler.py:232: NoSuchElementException","steps":[{"name":"Log in to Trello account","time":{"start":1743218663719,"stop":1743218669541,"duration":5822},"status":"passed","steps":[{"name":"Navigate to the Trello page and enter valid credentials (email, password, and 6-digits verification code)","time":{"start":1743218663719,"stop":1743218669541,"duration":5822},"status":"passed","steps":[],"attachments":[],"parameters":[],"shouldDisplayMessage":false,"stepsCount":0,"attachmentsCount":0,"hasContent":false,"attachmentStep":false}],"attachments":[],"parameters":[],"shouldDisplayMessage":false,"stepsCount":1,"attachmentsCount":0,"hasContent":true,"attachmentStep":false},{"name":"Open a board and select a card","time":{"start":1743218669541,"stop":1743218679812,"duration":10271},"status":"passed","steps":[],"attachments":[],"parameters":[],"shouldDisplayMessage":false,"stepsCount":0,"attachmentsCount":0,"hasContent":false,"attachmentStep":false},{"name":"Click the card to open and archive it","time":{"start":1743218679812,"stop":1743218679827,"duration":15},"status":"broken","statusMessage":"selenium.common.exceptions.NoSuchElementException: Message: no such element: Unable to locate element: {\"method\":\"xpath\",\"selector\":\"//*[contains(text(), 'new_card')]\"}\n  (Session info: chrome=134.0.6998.165); For documentation on this error, please visit: https://www.selenium.dev/documentation/webdriver/troubleshooting/errors#no-such-element-exception\nStacktrace:\n#0 0x561f95d61ffa <unknown>\n#1 0x561f95820970 <unknown>\n#2 0x561f95872385 <unknown>\n#3 0x561f958725b1 <unknown>\n#4 0x561f958c13c4 <unknown>\n#5 0x561f958982bd <unknown>\n#6 0x561f958be70c <unknown>\n#7 0x561f95898063 <unknown>\n#8 0x561f95864328 <unknown>\n#9 0x561f95865491 <unknown>\n#10 0x561f95d2942b <unknown>\n#11 0x561f95d2d2ec <unknown>\n#12 0x561f95d10a22 <unknown>\n#13 0x561f95d2de64 <unknown>\n#14 0x561f95cf4bef <unknown>\n#15 0x561f95d50558 <unknown>\n#16 0x561f95d50736 <unknown>\n#17 0x561f95d60e76 <unknown>\n#18 0x7f197649caa4 <unknown>\n#19 0x7f1976529c3c <unknown>\n\n","statusTrace":"  File \"/home/runner/work/pythonSelenium/pythonSelenium/tests/regression_ui/test_ui_regression.py\", line 239, in test_label_card\n    driver.find_element(By.XPATH, self.SCC.List.CARD_TO_ARCHIVE).click()\n    ^^^^^^^^^^^^^^^^^^^^^^^^^^^^^^^^^^^^^^^^^^^^^^^^^^^^^^^^^^^^\n  File \"/opt/hostedtoolcache/Python/3.12.5/x64/lib/python3.12/site-packages/selenium/webdriver/remote/webdriver.py\", line 770, in find_element\n    return self.execute(Command.FIND_ELEMENT, {\"using\": by, \"value\": value})[\"value\"]\n           ^^^^^^^^^^^^^^^^^^^^^^^^^^^^^^^^^^^^^^^^^^^^^^^^^^^^^^^^^^^^^^^^^\n  File \"/opt/hostedtoolcache/Python/3.12.5/x64/lib/python3.12/site-packages/selenium/webdriver/remote/webdriver.py\", line 384, in execute\n    self.error_handler.check_response(response)\n  File \"/opt/hostedtoolcache/Python/3.12.5/x64/lib/python3.12/site-packages/selenium/webdriver/remote/errorhandler.py\", line 232, in check_response\n    raise exception_class(message, screen, stacktrace)\n","steps":[],"attachments":[],"parameters":[],"shouldDisplayMessage":true,"stepsCount":0,"attachmentsCount":0,"hasContent":true,"attachmentStep":false}],"attachments":[],"parameters":[],"shouldDisplayMessage":true,"stepsCount":4,"attachmentsCount":0,"hasContent":true,"attachmentStep":false},"afterStages":[{"name":"driver::0","time":{"start":1743218679859,"stop":1743218679925,"duration":66},"status":"passed","steps":[],"attachments":[],"parameters":[],"shouldDisplayMessage":false,"stepsCount":0,"attachmentsCount":0,"hasContent":false,"attachmentStep":false}],"labels":[{"name":"tag","value":"TC007"},{"name":"tag","value":"TC000"},{"name":"parentSuite","value":"tests.regression_ui"},{"name":"suite","value":"test_ui_regression"},{"name":"subSuite","value":"TestUIRegression"},{"name":"host","value":"fv-az802-666"},{"name":"thread","value":"3251-MainThread"},{"name":"framework","value":"pytest"},{"name":"language","value":"cpython3"},{"name":"package","value":"tests.regression_ui.test_ui_regression"},{"name":"resultFormat","value":"allure2"}],"parameters":[],"links":[],"hidden":false,"retry":false,"extra":{"severity":"normal","retries":[],"categories":[{"name":"Test defects","matchedStatuses":[]}],"history":{"statistic":{"failed":0,"broken":50,"skipped":0,"passed":568,"unknown":0,"total":618},"items":[{"uid":"3a842dbcb45ecf50","status":"broken","statusDetails":"selenium.common.exceptions.NoSuchElementException: Message: no such element: Unable to locate element: {\"method\":\"xpath\",\"selector\":\"//*[contains(text(), 'new_card')]\"}\n  (Session info: chrome=134.0.6998.165); For documentation on this error, please visit: https://www.selenium.dev/documentation/webdriver/troubleshooting/errors#no-such-element-exception\nStacktrace:\n#0 0x555599ad2ffa <unknown>\n#1 0x555599591970 <unknown>\n#2 0x5555995e3385 <unknown>\n#3 0x5555995e35b1 <unknown>\n#4 0x5555996323c4 <unknown>\n#5 0x5555996092bd <unknown>\n#6 0x55559962f70c <unknown>\n#7 0x555599609063 <unknown>\n#8 0x5555995d5328 <unknown>\n#9 0x5555995d6491 <unknown>\n#10 0x555599a9a42b <unknown>\n#11 0x555599a9e2ec <unknown>\n#12 0x555599a81a22 <unknown>\n#13 0x555599a9ee64 <unknown>\n#14 0x555599a65bef <unknown>\n#15 0x555599ac1558 <unknown>\n#16 0x555599ac1736 <unknown>\n#17 0x555599ad1e76 <unknown>\n#18 0x7f5f83a9caa4 <unknown>\n#19 0x7f5f83b29c3c <unknown>","time":{"start":1743209130902,"stop":1743209151156,"duration":20254}},{"uid":"97790310f1d714a1","status":"broken","statusDetails":"selenium.common.exceptions.NoSuchElementException: Message: no such element: Unable to locate element: {\"method\":\"xpath\",\"selector\":\"//*[contains(text(), 'new_card')]\"}\n  (Session info: chrome=134.0.6998.165); For documentation on this error, please visit: https://www.selenium.dev/documentation/webdriver/troubleshooting/errors#no-such-element-exception\nStacktrace:\n#0 0x55ffdf22affa <unknown>\n#1 0x55ffdece9970 <unknown>\n#2 0x55ffded3b385 <unknown>\n#3 0x55ffded3b5b1 <unknown>\n#4 0x55ffded8a3c4 <unknown>\n#5 0x55ffded612bd <unknown>\n#6 0x55ffded8770c <unknown>\n#7 0x55ffded61063 <unknown>\n#8 0x55ffded2d328 <unknown>\n#9 0x55ffded2e491 <unknown>\n#10 0x55ffdf1f242b <unknown>\n#11 0x55ffdf1f62ec <unknown>\n#12 0x55ffdf1d9a22 <unknown>\n#13 0x55ffdf1f6e64 <unknown>\n#14 0x55ffdf1bdbef <unknown>\n#15 0x55ffdf219558 <unknown>\n#16 0x55ffdf219736 <unknown>\n#17 0x55ffdf229e76 <unknown>\n#18 0x7f075989caa4 <unknown>\n#19 0x7f0759929c3c <unknown>","time":{"start":1743196290275,"stop":1743196310417,"duration":20142}},{"uid":"7ea52c2827b80db3","status":"broken","statusDetails":"selenium.common.exceptions.NoSuchElementException: Message: no such element: Unable to locate element: {\"method\":\"xpath\",\"selector\":\"//*[contains(text(), 'new_card')]\"}\n  (Session info: chrome=134.0.6998.165); For documentation on this error, please visit: https://www.selenium.dev/documentation/webdriver/troubleshooting/errors#no-such-element-exception\nStacktrace:\n#0 0x5629ffdeeffa <unknown>\n#1 0x5629ff8ad970 <unknown>\n#2 0x5629ff8ff385 <unknown>\n#3 0x5629ff8ff5b1 <unknown>\n#4 0x5629ff94e3c4 <unknown>\n#5 0x5629ff9252bd <unknown>\n#6 0x5629ff94b70c <unknown>\n#7 0x5629ff925063 <unknown>\n#8 0x5629ff8f1328 <unknown>\n#9 0x5629ff8f2491 <unknown>\n#10 0x5629ffdb642b <unknown>\n#11 0x5629ffdba2ec <unknown>\n#12 0x5629ffd9da22 <unknown>\n#13 0x5629ffdbae64 <unknown>\n#14 0x5629ffd81bef <unknown>\n#15 0x5629ffddd558 <unknown>\n#16 0x5629ffddd736 <unknown>\n#17 0x5629ffdede76 <unknown>\n#18 0x7f2d1e49caa4 <unknown>\n#19 0x7f2d1e529c3c <unknown>","time":{"start":1743185787110,"stop":1743185807280,"duration":20170}},{"uid":"47ebd97f858ae23b","status":"broken","statusDetails":"selenium.common.exceptions.NoSuchElementException: Message: no such element: Unable to locate element: {\"method\":\"xpath\",\"selector\":\"//*[contains(text(), 'new_card')]\"}\n  (Session info: chrome=134.0.6998.165); For documentation on this error, please visit: https://www.selenium.dev/documentation/webdriver/troubleshooting/errors#no-such-element-exception\nStacktrace:\n#0 0x55f1e753affa <unknown>\n#1 0x55f1e6ff9970 <unknown>\n#2 0x55f1e704b385 <unknown>\n#3 0x55f1e704b5b1 <unknown>\n#4 0x55f1e709a3c4 <unknown>\n#5 0x55f1e70712bd <unknown>\n#6 0x55f1e709770c <unknown>\n#7 0x55f1e7071063 <unknown>\n#8 0x55f1e703d328 <unknown>\n#9 0x55f1e703e491 <unknown>\n#10 0x55f1e750242b <unknown>\n#11 0x55f1e75062ec <unknown>\n#12 0x55f1e74e9a22 <unknown>\n#13 0x55f1e7506e64 <unknown>\n#14 0x55f1e74cdbef <unknown>\n#15 0x55f1e7529558 <unknown>\n#16 0x55f1e7529736 <unknown>\n#17 0x55f1e7539e76 <unknown>\n#18 0x7ff3fae9caa4 <unknown>\n#19 0x7ff3faf29c3c <unknown>","time":{"start":1743174777619,"stop":1743174798362,"duration":20743}},{"uid":"fa6b6a14f81e23e6","status":"broken","statusDetails":"selenium.common.exceptions.NoSuchElementException: Message: no such element: Unable to locate element: {\"method\":\"xpath\",\"selector\":\"//*[contains(text(), 'new_card')]\"}\n  (Session info: chrome=134.0.6998.165); For documentation on this error, please visit: https://www.selenium.dev/documentation/webdriver/troubleshooting/errors#no-such-element-exception\nStacktrace:\n#0 0x55856be98a1a <unknown>\n#1 0x55856b950390 <unknown>\n#2 0x55856b9a1c85 <unknown>\n#3 0x55856b9a1eb1 <unknown>\n#4 0x55856b9f0d64 <unknown>\n#5 0x55856b9c7bfd <unknown>\n#6 0x55856b9ee07b <unknown>\n#7 0x55856b9c79a3 <unknown>\n#8 0x55856b99360e <unknown>\n#9 0x55856b994dd1 <unknown>\n#10 0x55856be5eddb <unknown>\n#11 0x55856be62cbc <unknown>\n#12 0x55856be46392 <unknown>\n#13 0x55856be63834 <unknown>\n#14 0x55856be2a1ef <unknown>\n#15 0x55856be87038 <unknown>\n#16 0x55856be87216 <unknown>\n#17 0x55856be97896 <unknown>\n#18 0x7f2bfd29caa4 <unknown>\n#19 0x7f2bfd329c3c <unknown>","time":{"start":1743164331998,"stop":1743164352169,"duration":20171}},{"uid":"bbdfae0d597569eb","status":"broken","statusDetails":"selenium.common.exceptions.NoSuchElementException: Message: no such element: Unable to locate element: {\"method\":\"xpath\",\"selector\":\"//*[contains(text(), 'new_card')]\"}\n  (Session info: chrome=134.0.6998.165); For documentation on this error, please visit: https://www.selenium.dev/documentation/webdriver/troubleshooting/errors#no-such-element-exception\nStacktrace:\n#0 0x5612c6d37ffa <unknown>\n#1 0x5612c67f6970 <unknown>\n#2 0x5612c6848385 <unknown>\n#3 0x5612c68485b1 <unknown>\n#4 0x5612c68973c4 <unknown>\n#5 0x5612c686e2bd <unknown>\n#6 0x5612c689470c <unknown>\n#7 0x5612c686e063 <unknown>\n#8 0x5612c683a328 <unknown>\n#9 0x5612c683b491 <unknown>\n#10 0x5612c6cff42b <unknown>\n#11 0x5612c6d032ec <unknown>\n#12 0x5612c6ce6a22 <unknown>\n#13 0x5612c6d03e64 <unknown>\n#14 0x5612c6ccabef <unknown>\n#15 0x5612c6d26558 <unknown>\n#16 0x5612c6d26736 <unknown>\n#17 0x5612c6d36e76 <unknown>\n#18 0x7fa807e9caa4 <unknown>\n#19 0x7fa807f29c3c <unknown>","time":{"start":1743153274032,"stop":1743153294197,"duration":20165}},{"uid":"ec553b9e466568a","status":"broken","statusDetails":"selenium.common.exceptions.NoSuchElementException: Message: no such element: Unable to locate element: {\"method\":\"xpath\",\"selector\":\"//*[contains(text(), 'new_card')]\"}\n  (Session info: chrome=134.0.6998.165); For documentation on this error, please visit: https://www.selenium.dev/documentation/webdriver/troubleshooting/errors#no-such-element-exception\nStacktrace:\n#0 0x559a22a5bffa <unknown>\n#1 0x559a2251a970 <unknown>\n#2 0x559a2256c385 <unknown>\n#3 0x559a2256c5b1 <unknown>\n#4 0x559a225bb3c4 <unknown>\n#5 0x559a225922bd <unknown>\n#6 0x559a225b870c <unknown>\n#7 0x559a22592063 <unknown>\n#8 0x559a2255e328 <unknown>\n#9 0x559a2255f491 <unknown>\n#10 0x559a22a2342b <unknown>\n#11 0x559a22a272ec <unknown>\n#12 0x559a22a0aa22 <unknown>\n#13 0x559a22a27e64 <unknown>\n#14 0x559a229eebef <unknown>\n#15 0x559a22a4a558 <unknown>\n#16 0x559a22a4a736 <unknown>\n#17 0x559a22a5ae76 <unknown>\n#18 0x7fe1e389caa4 <unknown>\n#19 0x7fe1e3929c3c <unknown>","time":{"start":1743142616046,"stop":1743142636289,"duration":20243}},{"uid":"28bf0dd49ae37af8","status":"passed","time":{"start":1743132473342,"stop":1743132495247,"duration":21905}},{"uid":"b4dbf6d5869fc29","status":"broken","statusDetails":"selenium.common.exceptions.NoSuchElementException: Message: no such element: Unable to locate element: {\"method\":\"xpath\",\"selector\":\"//*[contains(text(), 'new_card')]\"}\n  (Session info: chrome=134.0.6998.165); For documentation on this error, please visit: https://www.selenium.dev/documentation/webdriver/troubleshooting/errors#no-such-element-exception\nStacktrace:\n#0 0x55df674a1a1a <unknown>\n#1 0x55df66f59390 <unknown>\n#2 0x55df66faac85 <unknown>\n#3 0x55df66faaeb1 <unknown>\n#4 0x55df66ff9d64 <unknown>\n#5 0x55df66fd0bfd <unknown>\n#6 0x55df66ff707b <unknown>\n#7 0x55df66fd09a3 <unknown>\n#8 0x55df66f9c60e <unknown>\n#9 0x55df66f9ddd1 <unknown>\n#10 0x55df67467ddb <unknown>\n#11 0x55df6746bcbc <unknown>\n#12 0x55df6744f392 <unknown>\n#13 0x55df6746c834 <unknown>\n#14 0x55df674331ef <unknown>\n#15 0x55df67490038 <unknown>\n#16 0x55df67490216 <unknown>\n#17 0x55df674a0896 <unknown>\n#18 0x7fdfd229caa4 <unknown>\n#19 0x7fdfd2329c3c <unknown>","time":{"start":1743122758887,"stop":1743122779258,"duration":20371}},{"uid":"4c6575c0d25aec12","status":"broken","statusDetails":"selenium.common.exceptions.NoSuchElementException: Message: no such element: Unable to locate element: {\"method\":\"xpath\",\"selector\":\"//*[contains(text(), 'new_card')]\"}\n  (Session info: chrome=134.0.6998.165); For documentation on this error, please visit: https://www.selenium.dev/documentation/webdriver/troubleshooting/errors#no-such-element-exception\nStacktrace:\n#0 0x56260ae6ca1a <unknown>\n#1 0x56260a924390 <unknown>\n#2 0x56260a975c85 <unknown>\n#3 0x56260a975eb1 <unknown>\n#4 0x56260a9c4d64 <unknown>\n#5 0x56260a99bbfd <unknown>\n#6 0x56260a9c207b <unknown>\n#7 0x56260a99b9a3 <unknown>\n#8 0x56260a96760e <unknown>\n#9 0x56260a968dd1 <unknown>\n#10 0x56260ae32ddb <unknown>\n#11 0x56260ae36cbc <unknown>\n#12 0x56260ae1a392 <unknown>\n#13 0x56260ae37834 <unknown>\n#14 0x56260adfe1ef <unknown>\n#15 0x56260ae5b038 <unknown>\n#16 0x56260ae5b216 <unknown>\n#17 0x56260ae6b896 <unknown>\n#18 0x7ff89869caa4 <unknown>\n#19 0x7ff898729c3c <unknown>","time":{"start":1743109908494,"stop":1743109928622,"duration":20128}},{"uid":"7b99507ccd62bfe9","status":"broken","statusDetails":"selenium.common.exceptions.NoSuchElementException: Message: no such element: Unable to locate element: {\"method\":\"xpath\",\"selector\":\"//*[contains(text(), 'new_card')]\"}\n  (Session info: chrome=134.0.6998.165); For documentation on this error, please visit: https://www.selenium.dev/documentation/webdriver/troubleshooting/errors#no-such-element-exception\nStacktrace:\n#0 0x561bc08ceffa <unknown>\n#1 0x561bc038d970 <unknown>\n#2 0x561bc03df385 <unknown>\n#3 0x561bc03df5b1 <unknown>\n#4 0x561bc042e3c4 <unknown>\n#5 0x561bc04052bd <unknown>\n#6 0x561bc042b70c <unknown>\n#7 0x561bc0405063 <unknown>\n#8 0x561bc03d1328 <unknown>\n#9 0x561bc03d2491 <unknown>\n#10 0x561bc089642b <unknown>\n#11 0x561bc089a2ec <unknown>\n#12 0x561bc087da22 <unknown>\n#13 0x561bc089ae64 <unknown>\n#14 0x561bc0861bef <unknown>\n#15 0x561bc08bd558 <unknown>\n#16 0x561bc08bd736 <unknown>\n#17 0x561bc08cde76 <unknown>\n#18 0x7f956289caa4 <unknown>\n#19 0x7f9562929c3c <unknown>","time":{"start":1743099345913,"stop":1743099366159,"duration":20246}},{"uid":"5c32707c3130431e","status":"passed","time":{"start":1743088345723,"stop":1743088368253,"duration":22530}},{"uid":"3abe4c5bb9998ca4","status":"broken","statusDetails":"selenium.common.exceptions.NoSuchElementException: Message: no such element: Unable to locate element: {\"method\":\"xpath\",\"selector\":\"//*[contains(text(), 'new_card')]\"}\n  (Session info: chrome=134.0.6998.165); For documentation on this error, please visit: https://www.selenium.dev/documentation/webdriver/troubleshooting/errors#no-such-element-exception\nStacktrace:\n#0 0x561463eb5a1a <unknown>\n#1 0x56146396d390 <unknown>\n#2 0x5614639bec85 <unknown>\n#3 0x5614639beeb1 <unknown>\n#4 0x561463a0dd64 <unknown>\n#5 0x5614639e4bfd <unknown>\n#6 0x561463a0b07b <unknown>\n#7 0x5614639e49a3 <unknown>\n#8 0x5614639b060e <unknown>\n#9 0x5614639b1dd1 <unknown>\n#10 0x561463e7bddb <unknown>\n#11 0x561463e7fcbc <unknown>\n#12 0x561463e63392 <unknown>\n#13 0x561463e80834 <unknown>\n#14 0x561463e471ef <unknown>\n#15 0x561463ea4038 <unknown>\n#16 0x561463ea4216 <unknown>\n#17 0x561463eb4896 <unknown>\n#18 0x7fea2b89caa4 <unknown>\n#19 0x7fea2b929c3c <unknown>","time":{"start":1743078074941,"stop":1743078095639,"duration":20698}},{"uid":"f8ceeb4929487c77","status":"passed","time":{"start":1743066745262,"stop":1743066768437,"duration":23175}},{"uid":"6b4f621ef880589c","status":"broken","statusDetails":"selenium.common.exceptions.ElementClickInterceptedException: Message: element click intercepted: Element <span class=\"CNnougcEO0WaO3 dw6dSeDTUO7W7U YjsahfcWMjpk4W IDeXAnQiLBnlva color-blind-pattern-green MNuX_OT6g8BvrC\" tabindex=\"-1\" aria-label=\"Color: green, title: none\" data-color=\"green\" data-expanded=\"false\" data-testid=\"compact-card-label\"></span> is not clickable at point (596, 176). Other element would receive the click: <div class=\"SHSLu7GBXRGV83\">...</div>\n  (Session info: chrome=134.0.6998.165)\nStacktrace:\n#0 0x56130aa9effa <unknown>\n#1 0x56130a55d970 <unknown>\n#2 0x56130a5b61ec <unknown>\n#3 0x56130a5b4055 <unknown>\n#4 0x56130a5b16f2 <unknown>\n#5 0x56130a5b08ca <unknown>\n#6 0x56130a5a34cd <unknown>\n#7 0x56130a5d5292 <unknown>\n#8 0x56130a5a2e4a <unknown>\n#9 0x56130a5d545e <unknown>\n#10 0x56130a5fb70c <unknown>\n#11 0x56130a5d5063 <unknown>\n#12 0x56130a5a1328 <unknown>\n#13 0x56130a5a2491 <unknown>\n#14 0x56130aa6642b <unknown>\n#15 0x56130aa6a2ec <unknown>\n#16 0x56130aa4da22 <unknown>\n#17 0x56130aa6ae64 <unknown>\n#18 0x56130aa31bef <unknown>\n#19 0x56130aa8d558 <unknown>\n#20 0x56130aa8d736 <unknown>\n#21 0x56130aa9de76 <unknown>\n#22 0x7f7c47c9caa4 <unknown>\n#23 0x7f7c47d29c3c <unknown>","time":{"start":1743056153781,"stop":1743056173514,"duration":19733}},{"uid":"5ffa8f77bb0ed31c","status":"passed","time":{"start":1743046053706,"stop":1743046075468,"duration":21762}},{"uid":"bb209468bf60de21","status":"passed","time":{"start":1743036323620,"stop":1743036345626,"duration":22006}},{"uid":"e4623163e4162c0","status":"broken","statusDetails":"selenium.common.exceptions.NoSuchElementException: Message: no such element: Unable to locate element: {\"method\":\"xpath\",\"selector\":\"//*[contains(text(), 'new_card')]\"}\n  (Session info: chrome=134.0.6998.165); For documentation on this error, please visit: https://www.selenium.dev/documentation/webdriver/troubleshooting/errors#no-such-element-exception\nStacktrace:\n#0 0x5628a0505ffa <unknown>\n#1 0x56289ffc4970 <unknown>\n#2 0x5628a0016385 <unknown>\n#3 0x5628a00165b1 <unknown>\n#4 0x5628a00653c4 <unknown>\n#5 0x5628a003c2bd <unknown>\n#6 0x5628a006270c <unknown>\n#7 0x5628a003c063 <unknown>\n#8 0x5628a0008328 <unknown>\n#9 0x5628a0009491 <unknown>\n#10 0x5628a04cd42b <unknown>\n#11 0x5628a04d12ec <unknown>\n#12 0x5628a04b4a22 <unknown>\n#13 0x5628a04d1e64 <unknown>\n#14 0x5628a0498bef <unknown>\n#15 0x5628a04f4558 <unknown>\n#16 0x5628a04f4736 <unknown>\n#17 0x5628a0504e76 <unknown>\n#18 0x7f941d29caa4 <unknown>\n#19 0x7f941d329c3c <unknown>","time":{"start":1743023448843,"stop":1743023469072,"duration":20229}},{"uid":"e3cf0c91c97d42be","status":"broken","statusDetails":"selenium.common.exceptions.NoSuchElementException: Message: no such element: Unable to locate element: {\"method\":\"xpath\",\"selector\":\"//*[contains(text(), 'new_card')]\"}\n  (Session info: chrome=134.0.6998.165); For documentation on this error, please visit: https://www.selenium.dev/documentation/webdriver/troubleshooting/errors#no-such-element-exception\nStacktrace:\n#0 0x55e641838a1a <unknown>\n#1 0x55e6412f0390 <unknown>\n#2 0x55e641341c85 <unknown>\n#3 0x55e641341eb1 <unknown>\n#4 0x55e641390d64 <unknown>\n#5 0x55e641367bfd <unknown>\n#6 0x55e64138e07b <unknown>\n#7 0x55e6413679a3 <unknown>\n#8 0x55e64133360e <unknown>\n#9 0x55e641334dd1 <unknown>\n#10 0x55e6417feddb <unknown>\n#11 0x55e641802cbc <unknown>\n#12 0x55e6417e6392 <unknown>\n#13 0x55e641803834 <unknown>\n#14 0x55e6417ca1ef <unknown>\n#15 0x55e641827038 <unknown>\n#16 0x55e641827216 <unknown>\n#17 0x55e641837896 <unknown>\n#18 0x7f35b529caa4 <unknown>\n#19 0x7f35b5329c3c <unknown>","time":{"start":1743012992106,"stop":1743013012632,"duration":20526}},{"uid":"998ff68952a2337c","status":"broken","statusDetails":"selenium.common.exceptions.NoSuchElementException: Message: no such element: Unable to locate element: {\"method\":\"xpath\",\"selector\":\"//*[contains(text(), 'new_card')]\"}\n  (Session info: chrome=134.0.6998.165); For documentation on this error, please visit: https://www.selenium.dev/documentation/webdriver/troubleshooting/errors#no-such-element-exception\nStacktrace:\n#0 0x55b1e6385a1a <unknown>\n#1 0x55b1e5e3d390 <unknown>\n#2 0x55b1e5e8ec85 <unknown>\n#3 0x55b1e5e8eeb1 <unknown>\n#4 0x55b1e5eddd64 <unknown>\n#5 0x55b1e5eb4bfd <unknown>\n#6 0x55b1e5edb07b <unknown>\n#7 0x55b1e5eb49a3 <unknown>\n#8 0x55b1e5e8060e <unknown>\n#9 0x55b1e5e81dd1 <unknown>\n#10 0x55b1e634bddb <unknown>\n#11 0x55b1e634fcbc <unknown>\n#12 0x55b1e6333392 <unknown>\n#13 0x55b1e6350834 <unknown>\n#14 0x55b1e63171ef <unknown>\n#15 0x55b1e6374038 <unknown>\n#16 0x55b1e6374216 <unknown>\n#17 0x55b1e6384896 <unknown>\n#18 0x7fb28ae9caa4 <unknown>\n#19 0x7fb28af29c3c <unknown>","time":{"start":1743002011786,"stop":1743002032402,"duration":20616}}]},"tags":["TC007","TC000"]},"source":"517dcec39e11874e.json","parameterValues":[]}