{"uid":"550671882f3aff1e","name":"Drag and drop card from one list to another","fullName":"tests.regression_ui.test_ui_regression.TestUIRegression#test_drag_n_drop_card","historyId":"58c27d4ea8138de64fd4e105da17ea92","time":{"start":1743554770013,"stop":1743554787195,"duration":17182},"status":"broken","statusMessage":"selenium.common.exceptions.NoSuchElementException: Message: no such element: Unable to locate element: {\"method\":\"xpath\",\"selector\":\"//*[contains(text(), 'new_card')]\"}\n  (Session info: chrome=135.0.7049.52); For documentation on this error, please visit: https://www.selenium.dev/documentation/webdriver/troubleshooting/errors#no-such-element-exception\nStacktrace:\n#0 0x564e749f6ffa <unknown>\n#1 0x564e744b5970 <unknown>\n#2 0x564e74507385 <unknown>\n#3 0x564e745075b1 <unknown>\n#4 0x564e745563c4 <unknown>\n#5 0x564e7452d2bd <unknown>\n#6 0x564e7455370c <unknown>\n#7 0x564e7452d063 <unknown>\n#8 0x564e744f9328 <unknown>\n#9 0x564e744fa491 <unknown>\n#10 0x564e749be42b <unknown>\n#11 0x564e749c22ec <unknown>\n#12 0x564e749a5a22 <unknown>\n#13 0x564e749c2e64 <unknown>\n#14 0x564e74989bef <unknown>\n#15 0x564e749e5558 <unknown>\n#16 0x564e749e5736 <unknown>\n#17 0x564e749f5e76 <unknown>\n#18 0x7f2eb709caa4 <unknown>\n#19 0x7f2eb7129c3c <unknown>","statusTrace":"self = <tests.regression_ui.test_ui_regression.TestUIRegression object at 0x7ff9275966f0>\ndriver = <selenium.webdriver.chrome.webdriver.WebDriver (session=\"6fde0b8e1e17f3b1ce6afc912ed2eacb\")>\n\n    @pytest.mark.TC000\n    @pytest.mark.TC005\n    @allure.title('Drag and drop card from one list to another')\n    def test_drag_n_drop_card(self, driver):\n        time.sleep(7)\n        with allure.step('Log in to Trello account'):\n            self.test_login(driver)\n        with allure.step('Drag and drop card from one list to another list'):\n            WebDriverWait(driver, 10).until(EC.element_to_be_clickable((By.XPATH, self.SCC.Board.BOARD_TITLE))).click()\n            WebDriverWait(driver, 10).until(EC.element_to_be_clickable((By.XPATH, self.SCC.Board.ADD_ANOTHER_LIST_BUTTON))).click()\n            driver.find_element(By.XPATH, self.SCC.Board.ENTER_LIST_NAME_FIELD).send_keys('new_list_2')\n            driver.find_element(By.XPATH, self.SCC.Board.ADD_LIST_SUBMIT_BUTTON).click()\n            time.sleep(3)\n>           source_element = driver.find_element(By.XPATH, self.SCC.List.NEW_CARD_TITLE)\n\ntests/regression_ui/test_ui_regression.py:175: \n_ _ _ _ _ _ _ _ _ _ _ _ _ _ _ _ _ _ _ _ _ _ _ _ _ _ _ _ _ _ _ _ _ _ _ _ _ _ _ _ \n/opt/hostedtoolcache/Python/3.12.5/x64/lib/python3.12/site-packages/selenium/webdriver/remote/webdriver.py:770: in find_element\n    return self.execute(Command.FIND_ELEMENT, {\"using\": by, \"value\": value})[\"value\"]\n/opt/hostedtoolcache/Python/3.12.5/x64/lib/python3.12/site-packages/selenium/webdriver/remote/webdriver.py:384: in execute\n    self.error_handler.check_response(response)\n_ _ _ _ _ _ _ _ _ _ _ _ _ _ _ _ _ _ _ _ _ _ _ _ _ _ _ _ _ _ _ _ _ _ _ _ _ _ _ _ \n\nself = <selenium.webdriver.remote.errorhandler.ErrorHandler object at 0x7ff92759a090>\nresponse = {'status': 404, 'value': '{\"value\":{\"error\":\"no such element\",\"message\":\"no such element: Unable to locate element: {\\...\\\\n#17 0x564e749f5e76 \\\\u003Cunknown>\\\\n#18 0x7f2eb709caa4 \\\\u003Cunknown>\\\\n#19 0x7f2eb7129c3c \\\\u003Cunknown>\\\\n\"}}'}\n\n    def check_response(self, response: Dict[str, Any]) -> None:\n        \"\"\"Checks that a JSON response from the WebDriver does not have an\n        error.\n    \n        :Args:\n         - response - The JSON response from the WebDriver server as a dictionary\n           object.\n    \n        :Raises: If the response contains an error message.\n        \"\"\"\n        status = response.get(\"status\", None)\n        if not status or status == ErrorCode.SUCCESS:\n            return\n        value = None\n        message = response.get(\"message\", \"\")\n        screen: str = response.get(\"screen\", \"\")\n        stacktrace = None\n        if isinstance(status, int):\n            value_json = response.get(\"value\", None)\n            if value_json and isinstance(value_json, str):\n                import json\n    \n                try:\n                    value = json.loads(value_json)\n                    if len(value) == 1:\n                        value = value[\"value\"]\n                    status = value.get(\"error\", None)\n                    if not status:\n                        status = value.get(\"status\", ErrorCode.UNKNOWN_ERROR)\n                        message = value.get(\"value\") or value.get(\"message\")\n                        if not isinstance(message, str):\n                            value = message\n                            message = message.get(\"message\")\n                    else:\n                        message = value.get(\"message\", None)\n                except ValueError:\n                    pass\n    \n        exception_class: Type[WebDriverException]\n        e = ErrorCode()\n        error_codes = [item for item in dir(e) if not item.startswith(\"__\")]\n        for error_code in error_codes:\n            error_info = getattr(ErrorCode, error_code)\n            if isinstance(error_info, list) and status in error_info:\n                exception_class = getattr(ExceptionMapping, error_code, WebDriverException)\n                break\n        else:\n            exception_class = WebDriverException\n    \n        if not value:\n            value = response[\"value\"]\n        if isinstance(value, str):\n            raise exception_class(value)\n        if message == \"\" and \"message\" in value:\n            message = value[\"message\"]\n    \n        screen = None  # type: ignore[assignment]\n        if \"screen\" in value:\n            screen = value[\"screen\"]\n    \n        stacktrace = None\n        st_value = value.get(\"stackTrace\") or value.get(\"stacktrace\")\n        if st_value:\n            if isinstance(st_value, str):\n                stacktrace = st_value.split(\"\\n\")\n            else:\n                stacktrace = []\n                try:\n                    for frame in st_value:\n                        line = frame.get(\"lineNumber\", \"\")\n                        file = frame.get(\"fileName\", \"<anonymous>\")\n                        if line:\n                            file = f\"{file}:{line}\"\n                        meth = frame.get(\"methodName\", \"<anonymous>\")\n                        if \"className\" in frame:\n                            meth = f\"{frame['className']}.{meth}\"\n                        msg = \"    at %s (%s)\"\n                        msg = msg % (meth, file)\n                        stacktrace.append(msg)\n                except TypeError:\n                    pass\n        if exception_class == UnexpectedAlertPresentException:\n            alert_text = None\n            if \"data\" in value:\n                alert_text = value[\"data\"].get(\"text\")\n            elif \"alert\" in value:\n                alert_text = value[\"alert\"].get(\"text\")\n            raise exception_class(message, screen, stacktrace, alert_text)  # type: ignore[call-arg]  # mypy is not smart enough here\n>       raise exception_class(message, screen, stacktrace)\nE       selenium.common.exceptions.NoSuchElementException: Message: no such element: Unable to locate element: {\"method\":\"xpath\",\"selector\":\"//*[contains(text(), 'new_card')]\"}\nE         (Session info: chrome=135.0.7049.52); For documentation on this error, please visit: https://www.selenium.dev/documentation/webdriver/troubleshooting/errors#no-such-element-exception\nE       Stacktrace:\nE       #0 0x564e749f6ffa <unknown>\nE       #1 0x564e744b5970 <unknown>\nE       #2 0x564e74507385 <unknown>\nE       #3 0x564e745075b1 <unknown>\nE       #4 0x564e745563c4 <unknown>\nE       #5 0x564e7452d2bd <unknown>\nE       #6 0x564e7455370c <unknown>\nE       #7 0x564e7452d063 <unknown>\nE       #8 0x564e744f9328 <unknown>\nE       #9 0x564e744fa491 <unknown>\nE       #10 0x564e749be42b <unknown>\nE       #11 0x564e749c22ec <unknown>\nE       #12 0x564e749a5a22 <unknown>\nE       #13 0x564e749c2e64 <unknown>\nE       #14 0x564e74989bef <unknown>\nE       #15 0x564e749e5558 <unknown>\nE       #16 0x564e749e5736 <unknown>\nE       #17 0x564e749f5e76 <unknown>\nE       #18 0x7f2eb709caa4 <unknown>\nE       #19 0x7f2eb7129c3c <unknown>\n\n/opt/hostedtoolcache/Python/3.12.5/x64/lib/python3.12/site-packages/selenium/webdriver/remote/errorhandler.py:232: NoSuchElementException","flaky":false,"newFailed":false,"newBroken":false,"newPassed":false,"retriesCount":0,"retriesStatusChange":false,"beforeStages":[{"name":"driver","time":{"start":1743554769699,"stop":1743554770012,"duration":313},"status":"passed","steps":[],"attachments":[],"parameters":[],"shouldDisplayMessage":false,"stepsCount":0,"attachmentsCount":0,"hasContent":false,"attachmentStep":false},{"name":"setup","time":{"start":1743554770012,"stop":1743554770012,"duration":0},"status":"passed","steps":[],"attachments":[],"parameters":[],"shouldDisplayMessage":false,"stepsCount":0,"attachmentsCount":0,"hasContent":false,"attachmentStep":false}],"testStage":{"status":"broken","statusMessage":"selenium.common.exceptions.NoSuchElementException: Message: no such element: Unable to locate element: {\"method\":\"xpath\",\"selector\":\"//*[contains(text(), 'new_card')]\"}\n  (Session info: chrome=135.0.7049.52); For documentation on this error, please visit: https://www.selenium.dev/documentation/webdriver/troubleshooting/errors#no-such-element-exception\nStacktrace:\n#0 0x564e749f6ffa <unknown>\n#1 0x564e744b5970 <unknown>\n#2 0x564e74507385 <unknown>\n#3 0x564e745075b1 <unknown>\n#4 0x564e745563c4 <unknown>\n#5 0x564e7452d2bd <unknown>\n#6 0x564e7455370c <unknown>\n#7 0x564e7452d063 <unknown>\n#8 0x564e744f9328 <unknown>\n#9 0x564e744fa491 <unknown>\n#10 0x564e749be42b <unknown>\n#11 0x564e749c22ec <unknown>\n#12 0x564e749a5a22 <unknown>\n#13 0x564e749c2e64 <unknown>\n#14 0x564e74989bef <unknown>\n#15 0x564e749e5558 <unknown>\n#16 0x564e749e5736 <unknown>\n#17 0x564e749f5e76 <unknown>\n#18 0x7f2eb709caa4 <unknown>\n#19 0x7f2eb7129c3c <unknown>","statusTrace":"self = <tests.regression_ui.test_ui_regression.TestUIRegression object at 0x7ff9275966f0>\ndriver = <selenium.webdriver.chrome.webdriver.WebDriver (session=\"6fde0b8e1e17f3b1ce6afc912ed2eacb\")>\n\n    @pytest.mark.TC000\n    @pytest.mark.TC005\n    @allure.title('Drag and drop card from one list to another')\n    def test_drag_n_drop_card(self, driver):\n        time.sleep(7)\n        with allure.step('Log in to Trello account'):\n            self.test_login(driver)\n        with allure.step('Drag and drop card from one list to another list'):\n            WebDriverWait(driver, 10).until(EC.element_to_be_clickable((By.XPATH, self.SCC.Board.BOARD_TITLE))).click()\n            WebDriverWait(driver, 10).until(EC.element_to_be_clickable((By.XPATH, self.SCC.Board.ADD_ANOTHER_LIST_BUTTON))).click()\n            driver.find_element(By.XPATH, self.SCC.Board.ENTER_LIST_NAME_FIELD).send_keys('new_list_2')\n            driver.find_element(By.XPATH, self.SCC.Board.ADD_LIST_SUBMIT_BUTTON).click()\n            time.sleep(3)\n>           source_element = driver.find_element(By.XPATH, self.SCC.List.NEW_CARD_TITLE)\n\ntests/regression_ui/test_ui_regression.py:175: \n_ _ _ _ _ _ _ _ _ _ _ _ _ _ _ _ _ _ _ _ _ _ _ _ _ _ _ _ _ _ _ _ _ _ _ _ _ _ _ _ \n/opt/hostedtoolcache/Python/3.12.5/x64/lib/python3.12/site-packages/selenium/webdriver/remote/webdriver.py:770: in find_element\n    return self.execute(Command.FIND_ELEMENT, {\"using\": by, \"value\": value})[\"value\"]\n/opt/hostedtoolcache/Python/3.12.5/x64/lib/python3.12/site-packages/selenium/webdriver/remote/webdriver.py:384: in execute\n    self.error_handler.check_response(response)\n_ _ _ _ _ _ _ _ _ _ _ _ _ _ _ _ _ _ _ _ _ _ _ _ _ _ _ _ _ _ _ _ _ _ _ _ _ _ _ _ \n\nself = <selenium.webdriver.remote.errorhandler.ErrorHandler object at 0x7ff92759a090>\nresponse = {'status': 404, 'value': '{\"value\":{\"error\":\"no such element\",\"message\":\"no such element: Unable to locate element: {\\...\\\\n#17 0x564e749f5e76 \\\\u003Cunknown>\\\\n#18 0x7f2eb709caa4 \\\\u003Cunknown>\\\\n#19 0x7f2eb7129c3c \\\\u003Cunknown>\\\\n\"}}'}\n\n    def check_response(self, response: Dict[str, Any]) -> None:\n        \"\"\"Checks that a JSON response from the WebDriver does not have an\n        error.\n    \n        :Args:\n         - response - The JSON response from the WebDriver server as a dictionary\n           object.\n    \n        :Raises: If the response contains an error message.\n        \"\"\"\n        status = response.get(\"status\", None)\n        if not status or status == ErrorCode.SUCCESS:\n            return\n        value = None\n        message = response.get(\"message\", \"\")\n        screen: str = response.get(\"screen\", \"\")\n        stacktrace = None\n        if isinstance(status, int):\n            value_json = response.get(\"value\", None)\n            if value_json and isinstance(value_json, str):\n                import json\n    \n                try:\n                    value = json.loads(value_json)\n                    if len(value) == 1:\n                        value = value[\"value\"]\n                    status = value.get(\"error\", None)\n                    if not status:\n                        status = value.get(\"status\", ErrorCode.UNKNOWN_ERROR)\n                        message = value.get(\"value\") or value.get(\"message\")\n                        if not isinstance(message, str):\n                            value = message\n                            message = message.get(\"message\")\n                    else:\n                        message = value.get(\"message\", None)\n                except ValueError:\n                    pass\n    \n        exception_class: Type[WebDriverException]\n        e = ErrorCode()\n        error_codes = [item for item in dir(e) if not item.startswith(\"__\")]\n        for error_code in error_codes:\n            error_info = getattr(ErrorCode, error_code)\n            if isinstance(error_info, list) and status in error_info:\n                exception_class = getattr(ExceptionMapping, error_code, WebDriverException)\n                break\n        else:\n            exception_class = WebDriverException\n    \n        if not value:\n            value = response[\"value\"]\n        if isinstance(value, str):\n            raise exception_class(value)\n        if message == \"\" and \"message\" in value:\n            message = value[\"message\"]\n    \n        screen = None  # type: ignore[assignment]\n        if \"screen\" in value:\n            screen = value[\"screen\"]\n    \n        stacktrace = None\n        st_value = value.get(\"stackTrace\") or value.get(\"stacktrace\")\n        if st_value:\n            if isinstance(st_value, str):\n                stacktrace = st_value.split(\"\\n\")\n            else:\n                stacktrace = []\n                try:\n                    for frame in st_value:\n                        line = frame.get(\"lineNumber\", \"\")\n                        file = frame.get(\"fileName\", \"<anonymous>\")\n                        if line:\n                            file = f\"{file}:{line}\"\n                        meth = frame.get(\"methodName\", \"<anonymous>\")\n                        if \"className\" in frame:\n                            meth = f\"{frame['className']}.{meth}\"\n                        msg = \"    at %s (%s)\"\n                        msg = msg % (meth, file)\n                        stacktrace.append(msg)\n                except TypeError:\n                    pass\n        if exception_class == UnexpectedAlertPresentException:\n            alert_text = None\n            if \"data\" in value:\n                alert_text = value[\"data\"].get(\"text\")\n            elif \"alert\" in value:\n                alert_text = value[\"alert\"].get(\"text\")\n            raise exception_class(message, screen, stacktrace, alert_text)  # type: ignore[call-arg]  # mypy is not smart enough here\n>       raise exception_class(message, screen, stacktrace)\nE       selenium.common.exceptions.NoSuchElementException: Message: no such element: Unable to locate element: {\"method\":\"xpath\",\"selector\":\"//*[contains(text(), 'new_card')]\"}\nE         (Session info: chrome=135.0.7049.52); For documentation on this error, please visit: https://www.selenium.dev/documentation/webdriver/troubleshooting/errors#no-such-element-exception\nE       Stacktrace:\nE       #0 0x564e749f6ffa <unknown>\nE       #1 0x564e744b5970 <unknown>\nE       #2 0x564e74507385 <unknown>\nE       #3 0x564e745075b1 <unknown>\nE       #4 0x564e745563c4 <unknown>\nE       #5 0x564e7452d2bd <unknown>\nE       #6 0x564e7455370c <unknown>\nE       #7 0x564e7452d063 <unknown>\nE       #8 0x564e744f9328 <unknown>\nE       #9 0x564e744fa491 <unknown>\nE       #10 0x564e749be42b <unknown>\nE       #11 0x564e749c22ec <unknown>\nE       #12 0x564e749a5a22 <unknown>\nE       #13 0x564e749c2e64 <unknown>\nE       #14 0x564e74989bef <unknown>\nE       #15 0x564e749e5558 <unknown>\nE       #16 0x564e749e5736 <unknown>\nE       #17 0x564e749f5e76 <unknown>\nE       #18 0x7f2eb709caa4 <unknown>\nE       #19 0x7f2eb7129c3c <unknown>\n\n/opt/hostedtoolcache/Python/3.12.5/x64/lib/python3.12/site-packages/selenium/webdriver/remote/errorhandler.py:232: NoSuchElementException","steps":[{"name":"Log in to Trello account","time":{"start":1743554777013,"stop":1743554782868,"duration":5855},"status":"passed","steps":[{"name":"Navigate to the Trello page and enter valid credentials (email, password, and 6-digits verification code)","time":{"start":1743554777013,"stop":1743554782868,"duration":5855},"status":"passed","steps":[],"attachments":[],"parameters":[],"shouldDisplayMessage":false,"stepsCount":0,"attachmentsCount":0,"hasContent":false,"attachmentStep":false}],"attachments":[],"parameters":[],"shouldDisplayMessage":false,"stepsCount":1,"attachmentsCount":0,"hasContent":true,"attachmentStep":false},{"name":"Drag and drop card from one list to another list","time":{"start":1743554782868,"stop":1743554787194,"duration":4326},"status":"broken","statusMessage":"selenium.common.exceptions.NoSuchElementException: Message: no such element: Unable to locate element: {\"method\":\"xpath\",\"selector\":\"//*[contains(text(), 'new_card')]\"}\n  (Session info: chrome=135.0.7049.52); For documentation on this error, please visit: https://www.selenium.dev/documentation/webdriver/troubleshooting/errors#no-such-element-exception\nStacktrace:\n#0 0x564e749f6ffa <unknown>\n#1 0x564e744b5970 <unknown>\n#2 0x564e74507385 <unknown>\n#3 0x564e745075b1 <unknown>\n#4 0x564e745563c4 <unknown>\n#5 0x564e7452d2bd <unknown>\n#6 0x564e7455370c <unknown>\n#7 0x564e7452d063 <unknown>\n#8 0x564e744f9328 <unknown>\n#9 0x564e744fa491 <unknown>\n#10 0x564e749be42b <unknown>\n#11 0x564e749c22ec <unknown>\n#12 0x564e749a5a22 <unknown>\n#13 0x564e749c2e64 <unknown>\n#14 0x564e74989bef <unknown>\n#15 0x564e749e5558 <unknown>\n#16 0x564e749e5736 <unknown>\n#17 0x564e749f5e76 <unknown>\n#18 0x7f2eb709caa4 <unknown>\n#19 0x7f2eb7129c3c <unknown>\n\n","statusTrace":"  File \"/home/runner/work/pythonSelenium/pythonSelenium/tests/regression_ui/test_ui_regression.py\", line 175, in test_drag_n_drop_card\n    source_element = driver.find_element(By.XPATH, self.SCC.List.NEW_CARD_TITLE)\n                     ^^^^^^^^^^^^^^^^^^^^^^^^^^^^^^^^^^^^^^^^^^^^^^^^^^^^^^^^^^^\n  File \"/opt/hostedtoolcache/Python/3.12.5/x64/lib/python3.12/site-packages/selenium/webdriver/remote/webdriver.py\", line 770, in find_element\n    return self.execute(Command.FIND_ELEMENT, {\"using\": by, \"value\": value})[\"value\"]\n           ^^^^^^^^^^^^^^^^^^^^^^^^^^^^^^^^^^^^^^^^^^^^^^^^^^^^^^^^^^^^^^^^^\n  File \"/opt/hostedtoolcache/Python/3.12.5/x64/lib/python3.12/site-packages/selenium/webdriver/remote/webdriver.py\", line 384, in execute\n    self.error_handler.check_response(response)\n  File \"/opt/hostedtoolcache/Python/3.12.5/x64/lib/python3.12/site-packages/selenium/webdriver/remote/errorhandler.py\", line 232, in check_response\n    raise exception_class(message, screen, stacktrace)\n","steps":[],"attachments":[],"parameters":[],"shouldDisplayMessage":true,"stepsCount":0,"attachmentsCount":0,"hasContent":true,"attachmentStep":false}],"attachments":[{"uid":"d0ec5a84a3d8fccf","name":"log","source":"d0ec5a84a3d8fccf.txt","type":"text/plain","size":360}],"parameters":[],"shouldDisplayMessage":true,"stepsCount":3,"attachmentsCount":1,"hasContent":true,"attachmentStep":false},"afterStages":[{"name":"driver::0","time":{"start":1743554787225,"stop":1743554787294,"duration":69},"status":"passed","steps":[],"attachments":[],"parameters":[],"shouldDisplayMessage":false,"stepsCount":0,"attachmentsCount":0,"hasContent":false,"attachmentStep":false}],"labels":[{"name":"tag","value":"TC005"},{"name":"tag","value":"TC000"},{"name":"parentSuite","value":"tests.regression_ui"},{"name":"suite","value":"test_ui_regression"},{"name":"subSuite","value":"TestUIRegression"},{"name":"host","value":"fv-az1701-984"},{"name":"thread","value":"4694-MainThread"},{"name":"framework","value":"pytest"},{"name":"language","value":"cpython3"},{"name":"package","value":"tests.regression_ui.test_ui_regression"},{"name":"resultFormat","value":"allure2"}],"parameters":[],"links":[],"hidden":false,"retry":false,"extra":{"severity":"normal","retries":[],"categories":[{"name":"Test defects","matchedStatuses":[]}],"history":{"statistic":{"failed":6,"broken":81,"skipped":0,"passed":567,"unknown":0,"total":654},"items":[{"uid":"f8c4482215030e3","status":"broken","statusDetails":"selenium.common.exceptions.TimeoutException: Message: \nStacktrace:\n#0 0x55f57007dffa <unknown>\n#1 0x55f56fb3c970 <unknown>\n#2 0x55f56fb8e385 <unknown>\n#3 0x55f56fb8e5b1 <unknown>\n#4 0x55f56fbdd3c4 <unknown>\n#5 0x55f56fbb42bd <unknown>\n#6 0x55f56fbda70c <unknown>\n#7 0x55f56fbb4063 <unknown>\n#8 0x55f56fb80328 <unknown>\n#9 0x55f56fb81491 <unknown>\n#10 0x55f57004542b <unknown>\n#11 0x55f5700492ec <unknown>\n#12 0x55f57002ca22 <unknown>\n#13 0x55f570049e64 <unknown>\n#14 0x55f570010bef <unknown>\n#15 0x55f57006c558 <unknown>\n#16 0x55f57006c736 <unknown>\n#17 0x55f57007ce76 <unknown>\n#18 0x7f2cba49caa4 <unknown>\n#19 0x7f2cba529c3c <unknown>","time":{"start":1743541855249,"stop":1743541879024,"duration":23775}},{"uid":"1eff31a946605c4e","status":"broken","statusDetails":"selenium.common.exceptions.TimeoutException: Message: \nStacktrace:\n#0 0x564215de5ffa <unknown>\n#1 0x5642158a4970 <unknown>\n#2 0x5642158f6385 <unknown>\n#3 0x5642158f65b1 <unknown>\n#4 0x5642159453c4 <unknown>\n#5 0x56421591c2bd <unknown>\n#6 0x56421594270c <unknown>\n#7 0x56421591c063 <unknown>\n#8 0x5642158e8328 <unknown>\n#9 0x5642158e9491 <unknown>\n#10 0x564215dad42b <unknown>\n#11 0x564215db12ec <unknown>\n#12 0x564215d94a22 <unknown>\n#13 0x564215db1e64 <unknown>\n#14 0x564215d78bef <unknown>\n#15 0x564215dd4558 <unknown>\n#16 0x564215dd4736 <unknown>\n#17 0x564215de4e76 <unknown>\n#18 0x7f8a2f29caa4 <unknown>\n#19 0x7f8a2f329c3c <unknown>","time":{"start":1743531269980,"stop":1743531293176,"duration":23196}},{"uid":"657417ef73b4fb6b","status":"broken","statusDetails":"selenium.common.exceptions.TimeoutException: Message: \nStacktrace:\n#0 0x558202afea1a <unknown>\n#1 0x5582025b6390 <unknown>\n#2 0x558202607c85 <unknown>\n#3 0x558202607eb1 <unknown>\n#4 0x558202656d64 <unknown>\n#5 0x55820262dbfd <unknown>\n#6 0x55820265407b <unknown>\n#7 0x55820262d9a3 <unknown>\n#8 0x5582025f960e <unknown>\n#9 0x5582025fadd1 <unknown>\n#10 0x558202ac4ddb <unknown>\n#11 0x558202ac8cbc <unknown>\n#12 0x558202aac392 <unknown>\n#13 0x558202ac9834 <unknown>\n#14 0x558202a901ef <unknown>\n#15 0x558202aed038 <unknown>\n#16 0x558202aed216 <unknown>\n#17 0x558202afd896 <unknown>\n#18 0x7fd485e9caa4 <unknown>\n#19 0x7fd485f29c3c <unknown>","time":{"start":1743520349883,"stop":1743520373069,"duration":23186}},{"uid":"2df4cc681e5a3b7a","status":"broken","statusDetails":"selenium.common.exceptions.NoSuchElementException: Message: no such element: Unable to locate element: {\"method\":\"xpath\",\"selector\":\"//*[contains(text(), 'new_card')]\"}\n  (Session info: chrome=134.0.6998.165); For documentation on this error, please visit: https://www.selenium.dev/documentation/webdriver/troubleshooting/errors#no-such-element-exception\nStacktrace:\n#0 0x55fdd5193ffa <unknown>\n#1 0x55fdd4c52970 <unknown>\n#2 0x55fdd4ca4385 <unknown>\n#3 0x55fdd4ca45b1 <unknown>\n#4 0x55fdd4cf33c4 <unknown>\n#5 0x55fdd4cca2bd <unknown>\n#6 0x55fdd4cf070c <unknown>\n#7 0x55fdd4cca063 <unknown>\n#8 0x55fdd4c96328 <unknown>\n#9 0x55fdd4c97491 <unknown>\n#10 0x55fdd515b42b <unknown>\n#11 0x55fdd515f2ec <unknown>\n#12 0x55fdd5142a22 <unknown>\n#13 0x55fdd515fe64 <unknown>\n#14 0x55fdd5126bef <unknown>\n#15 0x55fdd5182558 <unknown>\n#16 0x55fdd5182736 <unknown>\n#17 0x55fdd5192e76 <unknown>\n#18 0x7f650529caa4 <unknown>\n#19 0x7f6505329c3c <unknown>","time":{"start":1743509955566,"stop":1743509972876,"duration":17310}},{"uid":"6d2a3070eae2cf15","status":"broken","statusDetails":"selenium.common.exceptions.NoSuchElementException: Message: no such element: Unable to locate element: {\"method\":\"xpath\",\"selector\":\"//*[contains(text(), 'new_card')]\"}\n  (Session info: chrome=134.0.6998.165); For documentation on this error, please visit: https://www.selenium.dev/documentation/webdriver/troubleshooting/errors#no-such-element-exception\nStacktrace:\n#0 0x56423031affa <unknown>\n#1 0x56422fdd9970 <unknown>\n#2 0x56422fe2b385 <unknown>\n#3 0x56422fe2b5b1 <unknown>\n#4 0x56422fe7a3c4 <unknown>\n#5 0x56422fe512bd <unknown>\n#6 0x56422fe7770c <unknown>\n#7 0x56422fe51063 <unknown>\n#8 0x56422fe1d328 <unknown>\n#9 0x56422fe1e491 <unknown>\n#10 0x5642302e242b <unknown>\n#11 0x5642302e62ec <unknown>\n#12 0x5642302c9a22 <unknown>\n#13 0x5642302e6e64 <unknown>\n#14 0x5642302adbef <unknown>\n#15 0x564230309558 <unknown>\n#16 0x564230309736 <unknown>\n#17 0x564230319e76 <unknown>\n#18 0x7f112c89caa4 <unknown>\n#19 0x7f112c929c3c <unknown>","time":{"start":1743498734150,"stop":1743498751555,"duration":17405}},{"uid":"d769ade936ea2d95","status":"broken","statusDetails":"selenium.common.exceptions.TimeoutException: Message: \nStacktrace:\n#0 0x55756991da1a <unknown>\n#1 0x5575693d5390 <unknown>\n#2 0x557569426c85 <unknown>\n#3 0x557569426eb1 <unknown>\n#4 0x557569475d64 <unknown>\n#5 0x55756944cbfd <unknown>\n#6 0x55756947307b <unknown>\n#7 0x55756944c9a3 <unknown>\n#8 0x55756941860e <unknown>\n#9 0x557569419dd1 <unknown>\n#10 0x5575698e3ddb <unknown>\n#11 0x5575698e7cbc <unknown>\n#12 0x5575698cb392 <unknown>\n#13 0x5575698e8834 <unknown>\n#14 0x5575698af1ef <unknown>\n#15 0x55756990c038 <unknown>\n#16 0x55756990c216 <unknown>\n#17 0x55756991c896 <unknown>\n#18 0x7fd73f09caa4 <unknown>\n#19 0x7fd73f129c3c <unknown>","time":{"start":1743488190109,"stop":1743488213962,"duration":23853}},{"uid":"be61ef802847fd4","status":"broken","statusDetails":"selenium.common.exceptions.TimeoutException: Message: \nStacktrace:\n#0 0x55be676c6a1a <unknown>\n#1 0x55be6717e390 <unknown>\n#2 0x55be671cfc85 <unknown>\n#3 0x55be671cfeb1 <unknown>\n#4 0x55be6721ed64 <unknown>\n#5 0x55be671f5bfd <unknown>\n#6 0x55be6721c07b <unknown>\n#7 0x55be671f59a3 <unknown>\n#8 0x55be671c160e <unknown>\n#9 0x55be671c2dd1 <unknown>\n#10 0x55be6768cddb <unknown>\n#11 0x55be67690cbc <unknown>\n#12 0x55be67674392 <unknown>\n#13 0x55be67691834 <unknown>\n#14 0x55be676581ef <unknown>\n#15 0x55be676b5038 <unknown>\n#16 0x55be676b5216 <unknown>\n#17 0x55be676c5896 <unknown>\n#18 0x7f007929caa4 <unknown>\n#19 0x7f0079329c3c <unknown>","time":{"start":1743478757716,"stop":1743478780856,"duration":23140}},{"uid":"e62f0d233de07a82","status":"broken","statusDetails":"selenium.common.exceptions.TimeoutException: Message: \nStacktrace:\n#0 0x556cacdd5a1a <unknown>\n#1 0x556cac88d390 <unknown>\n#2 0x556cac8dec85 <unknown>\n#3 0x556cac8deeb1 <unknown>\n#4 0x556cac92dd64 <unknown>\n#5 0x556cac904bfd <unknown>\n#6 0x556cac92b07b <unknown>\n#7 0x556cac9049a3 <unknown>\n#8 0x556cac8d060e <unknown>\n#9 0x556cac8d1dd1 <unknown>\n#10 0x556cacd9bddb <unknown>\n#11 0x556cacd9fcbc <unknown>\n#12 0x556cacd83392 <unknown>\n#13 0x556cacda0834 <unknown>\n#14 0x556cacd671ef <unknown>\n#15 0x556cacdc4038 <unknown>\n#16 0x556cacdc4216 <unknown>\n#17 0x556cacdd4896 <unknown>\n#18 0x7fa1a649caa4 <unknown>\n#19 0x7fa1a6529c3c <unknown>","time":{"start":1743468774892,"stop":1743468798705,"duration":23813}},{"uid":"63a16c17df2cd621","status":"broken","statusDetails":"selenium.common.exceptions.NoSuchElementException: Message: no such element: Unable to locate element: {\"method\":\"xpath\",\"selector\":\"//*[contains(text(), 'new_card')]\"}\n  (Session info: chrome=134.0.6998.165); For documentation on this error, please visit: https://www.selenium.dev/documentation/webdriver/troubleshooting/errors#no-such-element-exception\nStacktrace:\n#0 0x556223a7aa1a <unknown>\n#1 0x556223532390 <unknown>\n#2 0x556223583c85 <unknown>\n#3 0x556223583eb1 <unknown>\n#4 0x5562235d2d64 <unknown>\n#5 0x5562235a9bfd <unknown>\n#6 0x5562235d007b <unknown>\n#7 0x5562235a99a3 <unknown>\n#8 0x55622357560e <unknown>\n#9 0x556223576dd1 <unknown>\n#10 0x556223a40ddb <unknown>\n#11 0x556223a44cbc <unknown>\n#12 0x556223a28392 <unknown>\n#13 0x556223a45834 <unknown>\n#14 0x556223a0c1ef <unknown>\n#15 0x556223a69038 <unknown>\n#16 0x556223a69216 <unknown>\n#17 0x556223a79896 <unknown>\n#18 0x7f9ff249caa4 <unknown>\n#19 0x7f9ff2529c3c <unknown>","time":{"start":1743455439949,"stop":1743455457614,"duration":17665}},{"uid":"95f2a181ab34e485","status":"broken","statusDetails":"selenium.common.exceptions.NoSuchElementException: Message: no such element: Unable to locate element: {\"method\":\"xpath\",\"selector\":\"//*[contains(text(), 'new_card')]\"}\n  (Session info: chrome=134.0.6998.165); For documentation on this error, please visit: https://www.selenium.dev/documentation/webdriver/troubleshooting/errors#no-such-element-exception\nStacktrace:\n#0 0x56342750bffa <unknown>\n#1 0x563426fca970 <unknown>\n#2 0x56342701c385 <unknown>\n#3 0x56342701c5b1 <unknown>\n#4 0x56342706b3c4 <unknown>\n#5 0x5634270422bd <unknown>\n#6 0x56342706870c <unknown>\n#7 0x563427042063 <unknown>\n#8 0x56342700e328 <unknown>\n#9 0x56342700f491 <unknown>\n#10 0x5634274d342b <unknown>\n#11 0x5634274d72ec <unknown>\n#12 0x5634274baa22 <unknown>\n#13 0x5634274d7e64 <unknown>\n#14 0x56342749ebef <unknown>\n#15 0x5634274fa558 <unknown>\n#16 0x5634274fa736 <unknown>\n#17 0x56342750ae76 <unknown>\n#18 0x7f86e009caa4 <unknown>\n#19 0x7f86e0129c3c <unknown>","time":{"start":1743444879383,"stop":1743444896729,"duration":17346}},{"uid":"af9e74e0d329d095","status":"broken","statusDetails":"selenium.common.exceptions.NoSuchElementException: Message: no such element: Unable to locate element: {\"method\":\"xpath\",\"selector\":\"//*[contains(text(), 'new_card')]\"}\n  (Session info: chrome=134.0.6998.165); For documentation on this error, please visit: https://www.selenium.dev/documentation/webdriver/troubleshooting/errors#no-such-element-exception\nStacktrace:\n#0 0x56471668fffa <unknown>\n#1 0x56471614e970 <unknown>\n#2 0x5647161a0385 <unknown>\n#3 0x5647161a05b1 <unknown>\n#4 0x5647161ef3c4 <unknown>\n#5 0x5647161c62bd <unknown>\n#6 0x5647161ec70c <unknown>\n#7 0x5647161c6063 <unknown>\n#8 0x564716192328 <unknown>\n#9 0x564716193491 <unknown>\n#10 0x56471665742b <unknown>\n#11 0x56471665b2ec <unknown>\n#12 0x56471663ea22 <unknown>\n#13 0x56471665be64 <unknown>\n#14 0x564716622bef <unknown>\n#15 0x56471667e558 <unknown>\n#16 0x56471667e736 <unknown>\n#17 0x56471668ee76 <unknown>\n#18 0x7f2fc649caa4 <unknown>\n#19 0x7f2fc6529c3c <unknown>","time":{"start":1743433901909,"stop":1743433919180,"duration":17271}},{"uid":"9ddcf2be07682ea7","status":"broken","statusDetails":"selenium.common.exceptions.TimeoutException: Message: \nStacktrace:\n#0 0x560bddb1cffa <unknown>\n#1 0x560bdd5db970 <unknown>\n#2 0x560bdd62d385 <unknown>\n#3 0x560bdd62d5b1 <unknown>\n#4 0x560bdd67c3c4 <unknown>\n#5 0x560bdd6532bd <unknown>\n#6 0x560bdd67970c <unknown>\n#7 0x560bdd653063 <unknown>\n#8 0x560bdd61f328 <unknown>\n#9 0x560bdd620491 <unknown>\n#10 0x560bddae442b <unknown>\n#11 0x560bddae82ec <unknown>\n#12 0x560bddacba22 <unknown>\n#13 0x560bddae8e64 <unknown>\n#14 0x560bddaafbef <unknown>\n#15 0x560bddb0b558 <unknown>\n#16 0x560bddb0b736 <unknown>\n#17 0x560bddb1be76 <unknown>\n#18 0x7f4e9349caa4 <unknown>\n#19 0x7f4e93529c3c <unknown>","time":{"start":1743423568859,"stop":1743423592004,"duration":23145}},{"uid":"6846af1384ca8df1","status":"broken","statusDetails":"selenium.common.exceptions.NoSuchElementException: Message: no such element: Unable to locate element: {\"method\":\"xpath\",\"selector\":\"//*[contains(text(), 'new_card')]\"}\n  (Session info: chrome=134.0.6998.165); For documentation on this error, please visit: https://www.selenium.dev/documentation/webdriver/troubleshooting/errors#no-such-element-exception\nStacktrace:\n#0 0x5638cc414a1a <unknown>\n#1 0x5638cbecc390 <unknown>\n#2 0x5638cbf1dc85 <unknown>\n#3 0x5638cbf1deb1 <unknown>\n#4 0x5638cbf6cd64 <unknown>\n#5 0x5638cbf43bfd <unknown>\n#6 0x5638cbf6a07b <unknown>\n#7 0x5638cbf439a3 <unknown>\n#8 0x5638cbf0f60e <unknown>\n#9 0x5638cbf10dd1 <unknown>\n#10 0x5638cc3daddb <unknown>\n#11 0x5638cc3decbc <unknown>\n#12 0x5638cc3c2392 <unknown>\n#13 0x5638cc3df834 <unknown>\n#14 0x5638cc3a61ef <unknown>\n#15 0x5638cc403038 <unknown>\n#16 0x5638cc403216 <unknown>\n#17 0x5638cc413896 <unknown>\n#18 0x7f976729caa4 <unknown>\n#19 0x7f9767329c3c <unknown>","time":{"start":1743412362364,"stop":1743412379577,"duration":17213}},{"uid":"ae179fe9f2be8153","status":"broken","statusDetails":"selenium.common.exceptions.TimeoutException: Message: \nStacktrace:\n#0 0x5639fc8f4ffa <unknown>\n#1 0x5639fc3b3970 <unknown>\n#2 0x5639fc405385 <unknown>\n#3 0x5639fc4055b1 <unknown>\n#4 0x5639fc4543c4 <unknown>\n#5 0x5639fc42b2bd <unknown>\n#6 0x5639fc45170c <unknown>\n#7 0x5639fc42b063 <unknown>\n#8 0x5639fc3f7328 <unknown>\n#9 0x5639fc3f8491 <unknown>\n#10 0x5639fc8bc42b <unknown>\n#11 0x5639fc8c02ec <unknown>\n#12 0x5639fc8a3a22 <unknown>\n#13 0x5639fc8c0e64 <unknown>\n#14 0x5639fc887bef <unknown>\n#15 0x5639fc8e3558 <unknown>\n#16 0x5639fc8e3736 <unknown>\n#17 0x5639fc8f3e76 <unknown>\n#18 0x7f91b549caa4 <unknown>\n#19 0x7f91b5529c3c <unknown>","time":{"start":1743401779689,"stop":1743401802857,"duration":23168}},{"uid":"1661294791a2f9fb","status":"broken","statusDetails":"selenium.common.exceptions.TimeoutException: Message: \nStacktrace:\n#0 0x5608ade4fa1a <unknown>\n#1 0x5608ad907390 <unknown>\n#2 0x5608ad958c85 <unknown>\n#3 0x5608ad958eb1 <unknown>\n#4 0x5608ad9a7d64 <unknown>\n#5 0x5608ad97ebfd <unknown>\n#6 0x5608ad9a507b <unknown>\n#7 0x5608ad97e9a3 <unknown>\n#8 0x5608ad94a60e <unknown>\n#9 0x5608ad94bdd1 <unknown>\n#10 0x5608ade15ddb <unknown>\n#11 0x5608ade19cbc <unknown>\n#12 0x5608addfd392 <unknown>\n#13 0x5608ade1a834 <unknown>\n#14 0x5608adde11ef <unknown>\n#15 0x5608ade3e038 <unknown>\n#16 0x5608ade3e216 <unknown>\n#17 0x5608ade4e896 <unknown>\n#18 0x7fbf0e29caa4 <unknown>\n#19 0x7fbf0e329c3c <unknown>","time":{"start":1743392001318,"stop":1743392025035,"duration":23717}},{"uid":"533733080a51a3c0","status":"broken","statusDetails":"selenium.common.exceptions.TimeoutException: Message: \nStacktrace:\n#0 0x562c423d5ffa <unknown>\n#1 0x562c41e94970 <unknown>\n#2 0x562c41ee6385 <unknown>\n#3 0x562c41ee65b1 <unknown>\n#4 0x562c41f353c4 <unknown>\n#5 0x562c41f0c2bd <unknown>\n#6 0x562c41f3270c <unknown>\n#7 0x562c41f0c063 <unknown>\n#8 0x562c41ed8328 <unknown>\n#9 0x562c41ed9491 <unknown>\n#10 0x562c4239d42b <unknown>\n#11 0x562c423a12ec <unknown>\n#12 0x562c42384a22 <unknown>\n#13 0x562c423a1e64 <unknown>\n#14 0x562c42368bef <unknown>\n#15 0x562c423c4558 <unknown>\n#16 0x562c423c4736 <unknown>\n#17 0x562c423d4e76 <unknown>\n#18 0x7fd40349caa4 <unknown>\n#19 0x7fd403529c3c <unknown>","time":{"start":1743382110882,"stop":1743382134191,"duration":23309}},{"uid":"b9997b9095c130d0","status":"broken","statusDetails":"selenium.common.exceptions.TimeoutException: Message: \nStacktrace:\n#0 0x55721da6dffa <unknown>\n#1 0x55721d52c970 <unknown>\n#2 0x55721d57e385 <unknown>\n#3 0x55721d57e5b1 <unknown>\n#4 0x55721d5cd3c4 <unknown>\n#5 0x55721d5a42bd <unknown>\n#6 0x55721d5ca70c <unknown>\n#7 0x55721d5a4063 <unknown>\n#8 0x55721d570328 <unknown>\n#9 0x55721d571491 <unknown>\n#10 0x55721da3542b <unknown>\n#11 0x55721da392ec <unknown>\n#12 0x55721da1ca22 <unknown>\n#13 0x55721da39e64 <unknown>\n#14 0x55721da00bef <unknown>\n#15 0x55721da5c558 <unknown>\n#16 0x55721da5c736 <unknown>\n#17 0x55721da6ce76 <unknown>\n#18 0x7f062fa9caa4 <unknown>\n#19 0x7f062fb29c3c <unknown>","time":{"start":1743369058246,"stop":1743369081974,"duration":23728}},{"uid":"b63347361f45c24d","status":"broken","statusDetails":"selenium.common.exceptions.NoSuchElementException: Message: no such element: Unable to locate element: {\"method\":\"xpath\",\"selector\":\"//*[contains(text(), 'new_card')]\"}\n  (Session info: chrome=134.0.6998.165); For documentation on this error, please visit: https://www.selenium.dev/documentation/webdriver/troubleshooting/errors#no-such-element-exception\nStacktrace:\n#0 0x563d755f7ffa <unknown>\n#1 0x563d750b6970 <unknown>\n#2 0x563d75108385 <unknown>\n#3 0x563d751085b1 <unknown>\n#4 0x563d751573c4 <unknown>\n#5 0x563d7512e2bd <unknown>\n#6 0x563d7515470c <unknown>\n#7 0x563d7512e063 <unknown>\n#8 0x563d750fa328 <unknown>\n#9 0x563d750fb491 <unknown>\n#10 0x563d755bf42b <unknown>\n#11 0x563d755c32ec <unknown>\n#12 0x563d755a6a22 <unknown>\n#13 0x563d755c3e64 <unknown>\n#14 0x563d7558abef <unknown>\n#15 0x563d755e6558 <unknown>\n#16 0x563d755e6736 <unknown>\n#17 0x563d755f6e76 <unknown>\n#18 0x7f7f54a9caa4 <unknown>\n#19 0x7f7f54b29c3c <unknown>","time":{"start":1743358359830,"stop":1743358377213,"duration":17383}},{"uid":"4830742b660d0ecc","status":"broken","statusDetails":"selenium.common.exceptions.NoSuchElementException: Message: no such element: Unable to locate element: {\"method\":\"xpath\",\"selector\":\"//*[contains(text(), 'new_card')]\"}\n  (Session info: chrome=134.0.6998.165); For documentation on this error, please visit: https://www.selenium.dev/documentation/webdriver/troubleshooting/errors#no-such-element-exception\nStacktrace:\n#0 0x5595fb99fffa <unknown>\n#1 0x5595fb45e970 <unknown>\n#2 0x5595fb4b0385 <unknown>\n#3 0x5595fb4b05b1 <unknown>\n#4 0x5595fb4ff3c4 <unknown>\n#5 0x5595fb4d62bd <unknown>\n#6 0x5595fb4fc70c <unknown>\n#7 0x5595fb4d6063 <unknown>\n#8 0x5595fb4a2328 <unknown>\n#9 0x5595fb4a3491 <unknown>\n#10 0x5595fb96742b <unknown>\n#11 0x5595fb96b2ec <unknown>\n#12 0x5595fb94ea22 <unknown>\n#13 0x5595fb96be64 <unknown>\n#14 0x5595fb932bef <unknown>\n#15 0x5595fb98e558 <unknown>\n#16 0x5595fb98e736 <unknown>\n#17 0x5595fb99ee76 <unknown>\n#18 0x7f907bc9caa4 <unknown>\n#19 0x7f907bd29c3c <unknown>","time":{"start":1743347409570,"stop":1743347426764,"duration":17194}},{"uid":"b25114cba722ba81","status":"broken","statusDetails":"selenium.common.exceptions.TimeoutException: Message: \nStacktrace:\n#0 0x55eeb568bffa <unknown>\n#1 0x55eeb514a970 <unknown>\n#2 0x55eeb519c385 <unknown>\n#3 0x55eeb519c5b1 <unknown>\n#4 0x55eeb51eb3c4 <unknown>\n#5 0x55eeb51c22bd <unknown>\n#6 0x55eeb51e870c <unknown>\n#7 0x55eeb51c2063 <unknown>\n#8 0x55eeb518e328 <unknown>\n#9 0x55eeb518f491 <unknown>\n#10 0x55eeb565342b <unknown>\n#11 0x55eeb56572ec <unknown>\n#12 0x55eeb563aa22 <unknown>\n#13 0x55eeb5657e64 <unknown>\n#14 0x55eeb561ebef <unknown>\n#15 0x55eeb567a558 <unknown>\n#16 0x55eeb567a736 <unknown>\n#17 0x55eeb568ae76 <unknown>\n#18 0x7fcb8ce9caa4 <unknown>\n#19 0x7fcb8cf29c3c <unknown>","time":{"start":1743337023273,"stop":1743337046507,"duration":23234}}]},"tags":["TC005","TC000"]},"source":"550671882f3aff1e.json","parameterValues":[]}