{"uid":"556a8fd3aa6371d2","name":"Login Functionality","fullName":"tests.regression_ui.test_ui_regression.TestUIRegression#test_login","historyId":"40148fdc4e6f84528498feb65b445c77","time":{"start":1738635221379,"stop":1738635237088,"duration":15709},"status":"broken","statusMessage":"selenium.common.exceptions.NoSuchElementException: Message: no such element: Unable to locate element: {\"method\":\"xpath\",\"selector\":\"//div[@id='otpCode-uid2-error']\"}\n  (Session info: chrome=132.0.6834.159); For documentation on this error, please visit: https://www.selenium.dev/documentation/webdriver/troubleshooting/errors#no-such-element-exception\nStacktrace:\n#0 0x55c3af91bdca <unknown>\n#1 0x55c3af4123f0 <unknown>\n#2 0x55c3af46210c <unknown>\n#3 0x55c3af462331 <unknown>\n#4 0x55c3af4a8154 <unknown>\n#5 0x55c3af486abd <unknown>\n#6 0x55c3af4a54b3 <unknown>\n#7 0x55c3af486833 <unknown>\n#8 0x55c3af4535a0 <unknown>\n#9 0x55c3af454ece <unknown>\n#10 0x55c3af8e5bdb <unknown>\n#11 0x55c3af8e9b67 <unknown>\n#12 0x55c3af8d13bc <unknown>\n#13 0x55c3af8ea727 <unknown>\n#14 0x55c3af8b574f <unknown>\n#15 0x55c3af90a938 <unknown>\n#16 0x55c3af90ab00 <unknown>\n#17 0x55c3af91ac46 <unknown>\n#18 0x7f192329ca94 <unknown>\n#19 0x7f1923329c3c <unknown>","statusTrace":"self = <tests.regression_ui.test_ui_regression.TestUIRegression object at 0x7f647820db80>\ndriver = <selenium.webdriver.chrome.webdriver.WebDriver (session=\"62bda228076d7f5a073f97fc337d199a\")>\n\n    @pytest.mark.TC000\n    @pytest.mark.TC001\n    @allure.title('Login Functionality')\n    def test_login(self, driver):\n        with allure.step('Navigate to the Trello page and enter valid credentials (email, password, and 6-digits verification code)'):\n            while True:\n                try:\n                    driver.get(self.SCC.URL_LOGIN)\n                    el_user_name = WebDriverWait(driver, 10).until(EC.element_to_be_clickable(\n                        (By.XPATH, self.SCC.LoginPage.USER_NAME_FIELD)\n                    ))\n                    el_user_name.send_keys(USER_EMAIL)\n                    driver.find_element(By.XPATH, self.SCC.LoginPage.CONTINUE_BUTTON).click()\n                    el_password = WebDriverWait(driver, 10).until(EC.element_to_be_clickable(\n                        (By.XPATH, self.SCC.LoginPage.PASSWORD_FIELD)\n                    ))\n                    el_password.send_keys(USER_PASSWORD)\n                    driver.find_element(By.XPATH, self.SCC.LoginPage.LOGIN_BUTTON).click()\n                    log.info(\"+++++\" * 20)\n                    log.info(self.otp_auth())\n                    time.sleep(10)\n                    el_six_otp_code = WebDriverWait(driver, 10).until(EC.element_to_be_clickable(\n                        (By.XPATH, self.SCC.LoginPage.SIX_OTP_CODE_FIELD)\n                    ))\n                    el_six_otp_code.send_keys(self.otp_auth())\n                    time.sleep(3)\n>                   if driver.find_element(By.XPATH, self.SCC.LoginPage.ERROR_MESSAGE).is_displayed():\n\ntests/regression_ui/test_ui_regression.py:80: \n_ _ _ _ _ _ _ _ _ _ _ _ _ _ _ _ _ _ _ _ _ _ _ _ _ _ _ _ _ _ _ _ _ _ _ _ _ _ _ _ \n/opt/hostedtoolcache/Python/3.12.5/x64/lib/python3.12/site-packages/selenium/webdriver/remote/webdriver.py:770: in find_element\n    return self.execute(Command.FIND_ELEMENT, {\"using\": by, \"value\": value})[\"value\"]\n/opt/hostedtoolcache/Python/3.12.5/x64/lib/python3.12/site-packages/selenium/webdriver/remote/webdriver.py:384: in execute\n    self.error_handler.check_response(response)\n_ _ _ _ _ _ _ _ _ _ _ _ _ _ _ _ _ _ _ _ _ _ _ _ _ _ _ _ _ _ _ _ _ _ _ _ _ _ _ _ \n\nself = <selenium.webdriver.remote.errorhandler.ErrorHandler object at 0x7f64789d0260>\nresponse = {'status': 404, 'value': '{\"value\":{\"error\":\"no such element\",\"message\":\"no such element: Unable to locate element: {\\...\\\\n#17 0x55c3af91ac46 \\\\u003Cunknown>\\\\n#18 0x7f192329ca94 \\\\u003Cunknown>\\\\n#19 0x7f1923329c3c \\\\u003Cunknown>\\\\n\"}}'}\n\n    def check_response(self, response: Dict[str, Any]) -> None:\n        \"\"\"Checks that a JSON response from the WebDriver does not have an\n        error.\n    \n        :Args:\n         - response - The JSON response from the WebDriver server as a dictionary\n           object.\n    \n        :Raises: If the response contains an error message.\n        \"\"\"\n        status = response.get(\"status\", None)\n        if not status or status == ErrorCode.SUCCESS:\n            return\n        value = None\n        message = response.get(\"message\", \"\")\n        screen: str = response.get(\"screen\", \"\")\n        stacktrace = None\n        if isinstance(status, int):\n            value_json = response.get(\"value\", None)\n            if value_json and isinstance(value_json, str):\n                import json\n    \n                try:\n                    value = json.loads(value_json)\n                    if len(value) == 1:\n                        value = value[\"value\"]\n                    status = value.get(\"error\", None)\n                    if not status:\n                        status = value.get(\"status\", ErrorCode.UNKNOWN_ERROR)\n                        message = value.get(\"value\") or value.get(\"message\")\n                        if not isinstance(message, str):\n                            value = message\n                            message = message.get(\"message\")\n                    else:\n                        message = value.get(\"message\", None)\n                except ValueError:\n                    pass\n    \n        exception_class: Type[WebDriverException]\n        e = ErrorCode()\n        error_codes = [item for item in dir(e) if not item.startswith(\"__\")]\n        for error_code in error_codes:\n            error_info = getattr(ErrorCode, error_code)\n            if isinstance(error_info, list) and status in error_info:\n                exception_class = getattr(ExceptionMapping, error_code, WebDriverException)\n                break\n        else:\n            exception_class = WebDriverException\n    \n        if not value:\n            value = response[\"value\"]\n        if isinstance(value, str):\n            raise exception_class(value)\n        if message == \"\" and \"message\" in value:\n            message = value[\"message\"]\n    \n        screen = None  # type: ignore[assignment]\n        if \"screen\" in value:\n            screen = value[\"screen\"]\n    \n        stacktrace = None\n        st_value = value.get(\"stackTrace\") or value.get(\"stacktrace\")\n        if st_value:\n            if isinstance(st_value, str):\n                stacktrace = st_value.split(\"\\n\")\n            else:\n                stacktrace = []\n                try:\n                    for frame in st_value:\n                        line = frame.get(\"lineNumber\", \"\")\n                        file = frame.get(\"fileName\", \"<anonymous>\")\n                        if line:\n                            file = f\"{file}:{line}\"\n                        meth = frame.get(\"methodName\", \"<anonymous>\")\n                        if \"className\" in frame:\n                            meth = f\"{frame['className']}.{meth}\"\n                        msg = \"    at %s (%s)\"\n                        msg = msg % (meth, file)\n                        stacktrace.append(msg)\n                except TypeError:\n                    pass\n        if exception_class == UnexpectedAlertPresentException:\n            alert_text = None\n            if \"data\" in value:\n                alert_text = value[\"data\"].get(\"text\")\n            elif \"alert\" in value:\n                alert_text = value[\"alert\"].get(\"text\")\n            raise exception_class(message, screen, stacktrace, alert_text)  # type: ignore[call-arg]  # mypy is not smart enough here\n>       raise exception_class(message, screen, stacktrace)\nE       selenium.common.exceptions.NoSuchElementException: Message: no such element: Unable to locate element: {\"method\":\"xpath\",\"selector\":\"//div[@id='otpCode-uid2-error']\"}\nE         (Session info: chrome=132.0.6834.159); For documentation on this error, please visit: https://www.selenium.dev/documentation/webdriver/troubleshooting/errors#no-such-element-exception\nE       Stacktrace:\nE       #0 0x55c3af91bdca <unknown>\nE       #1 0x55c3af4123f0 <unknown>\nE       #2 0x55c3af46210c <unknown>\nE       #3 0x55c3af462331 <unknown>\nE       #4 0x55c3af4a8154 <unknown>\nE       #5 0x55c3af486abd <unknown>\nE       #6 0x55c3af4a54b3 <unknown>\nE       #7 0x55c3af486833 <unknown>\nE       #8 0x55c3af4535a0 <unknown>\nE       #9 0x55c3af454ece <unknown>\nE       #10 0x55c3af8e5bdb <unknown>\nE       #11 0x55c3af8e9b67 <unknown>\nE       #12 0x55c3af8d13bc <unknown>\nE       #13 0x55c3af8ea727 <unknown>\nE       #14 0x55c3af8b574f <unknown>\nE       #15 0x55c3af90a938 <unknown>\nE       #16 0x55c3af90ab00 <unknown>\nE       #17 0x55c3af91ac46 <unknown>\nE       #18 0x7f192329ca94 <unknown>\nE       #19 0x7f1923329c3c <unknown>\n\n/opt/hostedtoolcache/Python/3.12.5/x64/lib/python3.12/site-packages/selenium/webdriver/remote/errorhandler.py:232: NoSuchElementException","flaky":false,"newFailed":false,"newBroken":true,"newPassed":false,"retriesCount":0,"retriesStatusChange":false,"beforeStages":[{"name":"driver","time":{"start":1738635220902,"stop":1738635221379,"duration":477},"status":"passed","steps":[],"attachments":[],"parameters":[],"shouldDisplayMessage":false,"stepsCount":0,"attachmentsCount":0,"hasContent":false,"attachmentStep":false},{"name":"setup","time":{"start":1738635221379,"stop":1738635221379,"duration":0},"status":"passed","steps":[],"attachments":[],"parameters":[],"shouldDisplayMessage":false,"stepsCount":0,"attachmentsCount":0,"hasContent":false,"attachmentStep":false}],"testStage":{"status":"broken","statusMessage":"selenium.common.exceptions.NoSuchElementException: Message: no such element: Unable to locate element: {\"method\":\"xpath\",\"selector\":\"//div[@id='otpCode-uid2-error']\"}\n  (Session info: chrome=132.0.6834.159); For documentation on this error, please visit: https://www.selenium.dev/documentation/webdriver/troubleshooting/errors#no-such-element-exception\nStacktrace:\n#0 0x55c3af91bdca <unknown>\n#1 0x55c3af4123f0 <unknown>\n#2 0x55c3af46210c <unknown>\n#3 0x55c3af462331 <unknown>\n#4 0x55c3af4a8154 <unknown>\n#5 0x55c3af486abd <unknown>\n#6 0x55c3af4a54b3 <unknown>\n#7 0x55c3af486833 <unknown>\n#8 0x55c3af4535a0 <unknown>\n#9 0x55c3af454ece <unknown>\n#10 0x55c3af8e5bdb <unknown>\n#11 0x55c3af8e9b67 <unknown>\n#12 0x55c3af8d13bc <unknown>\n#13 0x55c3af8ea727 <unknown>\n#14 0x55c3af8b574f <unknown>\n#15 0x55c3af90a938 <unknown>\n#16 0x55c3af90ab00 <unknown>\n#17 0x55c3af91ac46 <unknown>\n#18 0x7f192329ca94 <unknown>\n#19 0x7f1923329c3c <unknown>","statusTrace":"self = <tests.regression_ui.test_ui_regression.TestUIRegression object at 0x7f647820db80>\ndriver = <selenium.webdriver.chrome.webdriver.WebDriver (session=\"62bda228076d7f5a073f97fc337d199a\")>\n\n    @pytest.mark.TC000\n    @pytest.mark.TC001\n    @allure.title('Login Functionality')\n    def test_login(self, driver):\n        with allure.step('Navigate to the Trello page and enter valid credentials (email, password, and 6-digits verification code)'):\n            while True:\n                try:\n                    driver.get(self.SCC.URL_LOGIN)\n                    el_user_name = WebDriverWait(driver, 10).until(EC.element_to_be_clickable(\n                        (By.XPATH, self.SCC.LoginPage.USER_NAME_FIELD)\n                    ))\n                    el_user_name.send_keys(USER_EMAIL)\n                    driver.find_element(By.XPATH, self.SCC.LoginPage.CONTINUE_BUTTON).click()\n                    el_password = WebDriverWait(driver, 10).until(EC.element_to_be_clickable(\n                        (By.XPATH, self.SCC.LoginPage.PASSWORD_FIELD)\n                    ))\n                    el_password.send_keys(USER_PASSWORD)\n                    driver.find_element(By.XPATH, self.SCC.LoginPage.LOGIN_BUTTON).click()\n                    log.info(\"+++++\" * 20)\n                    log.info(self.otp_auth())\n                    time.sleep(10)\n                    el_six_otp_code = WebDriverWait(driver, 10).until(EC.element_to_be_clickable(\n                        (By.XPATH, self.SCC.LoginPage.SIX_OTP_CODE_FIELD)\n                    ))\n                    el_six_otp_code.send_keys(self.otp_auth())\n                    time.sleep(3)\n>                   if driver.find_element(By.XPATH, self.SCC.LoginPage.ERROR_MESSAGE).is_displayed():\n\ntests/regression_ui/test_ui_regression.py:80: \n_ _ _ _ _ _ _ _ _ _ _ _ _ _ _ _ _ _ _ _ _ _ _ _ _ _ _ _ _ _ _ _ _ _ _ _ _ _ _ _ \n/opt/hostedtoolcache/Python/3.12.5/x64/lib/python3.12/site-packages/selenium/webdriver/remote/webdriver.py:770: in find_element\n    return self.execute(Command.FIND_ELEMENT, {\"using\": by, \"value\": value})[\"value\"]\n/opt/hostedtoolcache/Python/3.12.5/x64/lib/python3.12/site-packages/selenium/webdriver/remote/webdriver.py:384: in execute\n    self.error_handler.check_response(response)\n_ _ _ _ _ _ _ _ _ _ _ _ _ _ _ _ _ _ _ _ _ _ _ _ _ _ _ _ _ _ _ _ _ _ _ _ _ _ _ _ \n\nself = <selenium.webdriver.remote.errorhandler.ErrorHandler object at 0x7f64789d0260>\nresponse = {'status': 404, 'value': '{\"value\":{\"error\":\"no such element\",\"message\":\"no such element: Unable to locate element: {\\...\\\\n#17 0x55c3af91ac46 \\\\u003Cunknown>\\\\n#18 0x7f192329ca94 \\\\u003Cunknown>\\\\n#19 0x7f1923329c3c \\\\u003Cunknown>\\\\n\"}}'}\n\n    def check_response(self, response: Dict[str, Any]) -> None:\n        \"\"\"Checks that a JSON response from the WebDriver does not have an\n        error.\n    \n        :Args:\n         - response - The JSON response from the WebDriver server as a dictionary\n           object.\n    \n        :Raises: If the response contains an error message.\n        \"\"\"\n        status = response.get(\"status\", None)\n        if not status or status == ErrorCode.SUCCESS:\n            return\n        value = None\n        message = response.get(\"message\", \"\")\n        screen: str = response.get(\"screen\", \"\")\n        stacktrace = None\n        if isinstance(status, int):\n            value_json = response.get(\"value\", None)\n            if value_json and isinstance(value_json, str):\n                import json\n    \n                try:\n                    value = json.loads(value_json)\n                    if len(value) == 1:\n                        value = value[\"value\"]\n                    status = value.get(\"error\", None)\n                    if not status:\n                        status = value.get(\"status\", ErrorCode.UNKNOWN_ERROR)\n                        message = value.get(\"value\") or value.get(\"message\")\n                        if not isinstance(message, str):\n                            value = message\n                            message = message.get(\"message\")\n                    else:\n                        message = value.get(\"message\", None)\n                except ValueError:\n                    pass\n    \n        exception_class: Type[WebDriverException]\n        e = ErrorCode()\n        error_codes = [item for item in dir(e) if not item.startswith(\"__\")]\n        for error_code in error_codes:\n            error_info = getattr(ErrorCode, error_code)\n            if isinstance(error_info, list) and status in error_info:\n                exception_class = getattr(ExceptionMapping, error_code, WebDriverException)\n                break\n        else:\n            exception_class = WebDriverException\n    \n        if not value:\n            value = response[\"value\"]\n        if isinstance(value, str):\n            raise exception_class(value)\n        if message == \"\" and \"message\" in value:\n            message = value[\"message\"]\n    \n        screen = None  # type: ignore[assignment]\n        if \"screen\" in value:\n            screen = value[\"screen\"]\n    \n        stacktrace = None\n        st_value = value.get(\"stackTrace\") or value.get(\"stacktrace\")\n        if st_value:\n            if isinstance(st_value, str):\n                stacktrace = st_value.split(\"\\n\")\n            else:\n                stacktrace = []\n                try:\n                    for frame in st_value:\n                        line = frame.get(\"lineNumber\", \"\")\n                        file = frame.get(\"fileName\", \"<anonymous>\")\n                        if line:\n                            file = f\"{file}:{line}\"\n                        meth = frame.get(\"methodName\", \"<anonymous>\")\n                        if \"className\" in frame:\n                            meth = f\"{frame['className']}.{meth}\"\n                        msg = \"    at %s (%s)\"\n                        msg = msg % (meth, file)\n                        stacktrace.append(msg)\n                except TypeError:\n                    pass\n        if exception_class == UnexpectedAlertPresentException:\n            alert_text = None\n            if \"data\" in value:\n                alert_text = value[\"data\"].get(\"text\")\n            elif \"alert\" in value:\n                alert_text = value[\"alert\"].get(\"text\")\n            raise exception_class(message, screen, stacktrace, alert_text)  # type: ignore[call-arg]  # mypy is not smart enough here\n>       raise exception_class(message, screen, stacktrace)\nE       selenium.common.exceptions.NoSuchElementException: Message: no such element: Unable to locate element: {\"method\":\"xpath\",\"selector\":\"//div[@id='otpCode-uid2-error']\"}\nE         (Session info: chrome=132.0.6834.159); For documentation on this error, please visit: https://www.selenium.dev/documentation/webdriver/troubleshooting/errors#no-such-element-exception\nE       Stacktrace:\nE       #0 0x55c3af91bdca <unknown>\nE       #1 0x55c3af4123f0 <unknown>\nE       #2 0x55c3af46210c <unknown>\nE       #3 0x55c3af462331 <unknown>\nE       #4 0x55c3af4a8154 <unknown>\nE       #5 0x55c3af486abd <unknown>\nE       #6 0x55c3af4a54b3 <unknown>\nE       #7 0x55c3af486833 <unknown>\nE       #8 0x55c3af4535a0 <unknown>\nE       #9 0x55c3af454ece <unknown>\nE       #10 0x55c3af8e5bdb <unknown>\nE       #11 0x55c3af8e9b67 <unknown>\nE       #12 0x55c3af8d13bc <unknown>\nE       #13 0x55c3af8ea727 <unknown>\nE       #14 0x55c3af8b574f <unknown>\nE       #15 0x55c3af90a938 <unknown>\nE       #16 0x55c3af90ab00 <unknown>\nE       #17 0x55c3af91ac46 <unknown>\nE       #18 0x7f192329ca94 <unknown>\nE       #19 0x7f1923329c3c <unknown>\n\n/opt/hostedtoolcache/Python/3.12.5/x64/lib/python3.12/site-packages/selenium/webdriver/remote/errorhandler.py:232: NoSuchElementException","steps":[{"name":"Navigate to the Trello page and enter valid credentials (email, password, and 6-digits verification code)","time":{"start":1738635221380,"stop":1738635237087,"duration":15707},"status":"broken","statusMessage":"selenium.common.exceptions.NoSuchElementException: Message: no such element: Unable to locate element: {\"method\":\"xpath\",\"selector\":\"//div[@id='otpCode-uid2-error']\"}\n  (Session info: chrome=132.0.6834.159); For documentation on this error, please visit: https://www.selenium.dev/documentation/webdriver/troubleshooting/errors#no-such-element-exception\nStacktrace:\n#0 0x55c3af91bdca <unknown>\n#1 0x55c3af4123f0 <unknown>\n#2 0x55c3af46210c <unknown>\n#3 0x55c3af462331 <unknown>\n#4 0x55c3af4a8154 <unknown>\n#5 0x55c3af486abd <unknown>\n#6 0x55c3af4a54b3 <unknown>\n#7 0x55c3af486833 <unknown>\n#8 0x55c3af4535a0 <unknown>\n#9 0x55c3af454ece <unknown>\n#10 0x55c3af8e5bdb <unknown>\n#11 0x55c3af8e9b67 <unknown>\n#12 0x55c3af8d13bc <unknown>\n#13 0x55c3af8ea727 <unknown>\n#14 0x55c3af8b574f <unknown>\n#15 0x55c3af90a938 <unknown>\n#16 0x55c3af90ab00 <unknown>\n#17 0x55c3af91ac46 <unknown>\n#18 0x7f192329ca94 <unknown>\n#19 0x7f1923329c3c <unknown>\n\n","statusTrace":"  File \"/home/runner/work/pythonSelenium/pythonSelenium/tests/regression_ui/test_ui_regression.py\", line 80, in test_login\n    if driver.find_element(By.XPATH, self.SCC.LoginPage.ERROR_MESSAGE).is_displayed():\n       ^^^^^^^^^^^^^^^^^^^^^^^^^^^^^^^^^^^^^^^^^^^^^^^^^^^^^^^^^^^^^^^\n  File \"/opt/hostedtoolcache/Python/3.12.5/x64/lib/python3.12/site-packages/selenium/webdriver/remote/webdriver.py\", line 770, in find_element\n    return self.execute(Command.FIND_ELEMENT, {\"using\": by, \"value\": value})[\"value\"]\n           ^^^^^^^^^^^^^^^^^^^^^^^^^^^^^^^^^^^^^^^^^^^^^^^^^^^^^^^^^^^^^^^^^\n  File \"/opt/hostedtoolcache/Python/3.12.5/x64/lib/python3.12/site-packages/selenium/webdriver/remote/webdriver.py\", line 384, in execute\n    self.error_handler.check_response(response)\n  File \"/opt/hostedtoolcache/Python/3.12.5/x64/lib/python3.12/site-packages/selenium/webdriver/remote/errorhandler.py\", line 232, in check_response\n    raise exception_class(message, screen, stacktrace)\n","steps":[],"attachments":[],"parameters":[],"shouldDisplayMessage":true,"stepsCount":0,"attachmentsCount":0,"hasContent":true,"attachmentStep":false}],"attachments":[{"uid":"8ebf89b128b558e6","name":"log","source":"8ebf89b128b558e6.txt","type":"text/plain","size":25796}],"parameters":[],"shouldDisplayMessage":true,"stepsCount":1,"attachmentsCount":1,"hasContent":true,"attachmentStep":false},"afterStages":[{"name":"driver::0","time":{"start":1738635237153,"stop":1738635237233,"duration":80},"status":"passed","steps":[],"attachments":[],"parameters":[],"shouldDisplayMessage":false,"stepsCount":0,"attachmentsCount":0,"hasContent":false,"attachmentStep":false}],"labels":[{"name":"tag","value":"TC001"},{"name":"tag","value":"TC000"},{"name":"parentSuite","value":"tests.regression_ui"},{"name":"suite","value":"test_ui_regression"},{"name":"subSuite","value":"TestUIRegression"},{"name":"host","value":"fv-az1676-924"},{"name":"thread","value":"4087-MainThread"},{"name":"framework","value":"pytest"},{"name":"language","value":"cpython3"},{"name":"package","value":"tests.regression_ui.test_ui_regression"},{"name":"resultFormat","value":"allure2"}],"parameters":[],"links":[],"hidden":false,"retry":false,"extra":{"severity":"normal","retries":[],"categories":[{"name":"Test defects","matchedStatuses":[],"flaky":false}],"history":{"statistic":{"failed":0,"broken":3,"skipped":0,"passed":205,"unknown":0,"total":208},"items":[{"uid":"97d370658d438885","status":"passed","time":{"start":1738629994992,"stop":1738630012546,"duration":17554}},{"uid":"4f1ec0e6eefec3b0","status":"passed","time":{"start":1738616963614,"stop":1738616981064,"duration":17450}},{"uid":"f773ea5333d0f0ab","status":"passed","time":{"start":1738606422250,"stop":1738606439714,"duration":17464}},{"uid":"eded22a2b39b097d","status":"passed","time":{"start":1738595422539,"stop":1738595440048,"duration":17509}},{"uid":"be744f35cfbbdd37","status":"passed","time":{"start":1738585178419,"stop":1738585196092,"duration":17673}},{"uid":"23ddbfa0590841eb","status":"passed","time":{"start":1738573917804,"stop":1738573935269,"duration":17465}},{"uid":"e97e910ffb90c1bb","status":"passed","time":{"start":1738563274018,"stop":1738563291582,"duration":17564}},{"uid":"e23e1c8dac390442","status":"passed","time":{"start":1738552447982,"stop":1738552465468,"duration":17486}},{"uid":"590388bda897af","status":"passed","time":{"start":1738543674893,"stop":1738543692456,"duration":17563}},{"uid":"6b18643c7fedc5f7","status":"passed","time":{"start":1738530499176,"stop":1738530516788,"duration":17612}},{"uid":"5864a6c5d6c25458","status":"passed","time":{"start":1738519916017,"stop":1738519933625,"duration":17608}},{"uid":"68752cf688f41939","status":"passed","time":{"start":1738509004525,"stop":1738509022042,"duration":17517}},{"uid":"a78de2c9e8ae115c","status":"passed","time":{"start":1738498546949,"stop":1738498564462,"duration":17513}},{"uid":"bb84258e6adc10c8","status":"passed","time":{"start":1738487343310,"stop":1738487360884,"duration":17574}},{"uid":"d6695239ec0830a2","status":"passed","time":{"start":1738476788580,"stop":1738476806174,"duration":17594}},{"uid":"5b55337674834eb6","status":"passed","time":{"start":1738466021291,"stop":1738466038757,"duration":17466}},{"uid":"cae49371f5da5622","status":"passed","time":{"start":1738457356309,"stop":1738457373813,"duration":17504}},{"uid":"1746fff51a4adb28","status":"passed","time":{"start":1738444169923,"stop":1738444187509,"duration":17586}},{"uid":"cd5f845ef9c4e56c","status":"passed","time":{"start":1738433514934,"stop":1738433532411,"duration":17477}},{"uid":"210b694fad490d0f","status":"passed","time":{"start":1738422555122,"stop":1738422572657,"duration":17535}}]},"tags":["TC001","TC000"]},"source":"556a8fd3aa6371d2.json","parameterValues":[]}