{"uid":"566ee17ec726aa91","name":"Label a Card","fullName":"tests.regression_ui.test_ui_regression.TestUIRegression#test_label_card","historyId":"81bf587fe9f2db9e87ee2dc06e7308b0","time":{"start":1743444917517,"stop":1743444938201,"duration":20684},"status":"broken","statusMessage":"selenium.common.exceptions.NoSuchElementException: Message: no such element: Unable to locate element: {\"method\":\"xpath\",\"selector\":\"//*[contains(text(), 'new_card')]\"}\n  (Session info: chrome=134.0.6998.165); For documentation on this error, please visit: https://www.selenium.dev/documentation/webdriver/troubleshooting/errors#no-such-element-exception\nStacktrace:\n#0 0x55c00ad7affa <unknown>\n#1 0x55c00a839970 <unknown>\n#2 0x55c00a88b385 <unknown>\n#3 0x55c00a88b5b1 <unknown>\n#4 0x55c00a8da3c4 <unknown>\n#5 0x55c00a8b12bd <unknown>\n#6 0x55c00a8d770c <unknown>\n#7 0x55c00a8b1063 <unknown>\n#8 0x55c00a87d328 <unknown>\n#9 0x55c00a87e491 <unknown>\n#10 0x55c00ad4242b <unknown>\n#11 0x55c00ad462ec <unknown>\n#12 0x55c00ad29a22 <unknown>\n#13 0x55c00ad46e64 <unknown>\n#14 0x55c00ad0dbef <unknown>\n#15 0x55c00ad69558 <unknown>\n#16 0x55c00ad69736 <unknown>\n#17 0x55c00ad79e76 <unknown>\n#18 0x7f021269caa4 <unknown>\n#19 0x7f0212729c3c <unknown>","statusTrace":"self = <tests.regression_ui.test_ui_regression.TestUIRegression object at 0x7fedf0e76510>\ndriver = <selenium.webdriver.chrome.webdriver.WebDriver (session=\"b4c9f08ae0857f74fe348eaa6319083e\")>\n\n    @pytest.mark.TC000\n    @pytest.mark.TC007\n    @allure.title('Label a Card')\n    def test_label_card(self, driver):\n        time.sleep(4)\n        with allure.step('Log in to Trello account'):\n            self.test_login(driver)\n    \n        with allure.step('Open a board and select a card'):\n            try:\n                WebDriverWait(driver, 10).until(EC.element_to_be_clickable((By.XPATH, self.SCC.Board.BOARD_TITLE))).click()\n                WebDriverWait(driver, 10).until(EC.visibility_of_element_located((By.XPATH, self.SCC.Board.LIST_TITLE))).click()\n                driver.find_element(By.XPATH, self.SCC.List.ADD_A_CARD_BUTTON).click()\n                driver.find_element(By.XPATH, self.SCC.List.CARD_NAME_FIELD).click()\n                time.sleep(1)\n                driver.find_element(By.XPATH, self.SCC.List.CARD_NAME_FIELD).send_keys('new_card')\n                driver.find_element(By.XPATH, self.SCC.List.ADD_CARD_SUBMIT_BUTTOMN).click()\n                time.sleep(3)\n            except Exception as e:\n                log.info(\"An error occurred: \", str(e))\n    \n        with allure.step('Click the card to open and archive it'):\n>           driver.find_element(By.XPATH, self.SCC.List.CARD_TO_ARCHIVE).click()\n\ntests/regression_ui/test_ui_regression.py:239: \n_ _ _ _ _ _ _ _ _ _ _ _ _ _ _ _ _ _ _ _ _ _ _ _ _ _ _ _ _ _ _ _ _ _ _ _ _ _ _ _ \n/opt/hostedtoolcache/Python/3.12.5/x64/lib/python3.12/site-packages/selenium/webdriver/remote/webdriver.py:770: in find_element\n    return self.execute(Command.FIND_ELEMENT, {\"using\": by, \"value\": value})[\"value\"]\n/opt/hostedtoolcache/Python/3.12.5/x64/lib/python3.12/site-packages/selenium/webdriver/remote/webdriver.py:384: in execute\n    self.error_handler.check_response(response)\n_ _ _ _ _ _ _ _ _ _ _ _ _ _ _ _ _ _ _ _ _ _ _ _ _ _ _ _ _ _ _ _ _ _ _ _ _ _ _ _ \n\nself = <selenium.webdriver.remote.errorhandler.ErrorHandler object at 0x7fedf0e7dac0>\nresponse = {'status': 404, 'value': '{\"value\":{\"error\":\"no such element\",\"message\":\"no such element: Unable to locate element: {\\...\\\\n#17 0x55c00ad79e76 \\\\u003Cunknown>\\\\n#18 0x7f021269caa4 \\\\u003Cunknown>\\\\n#19 0x7f0212729c3c \\\\u003Cunknown>\\\\n\"}}'}\n\n    def check_response(self, response: Dict[str, Any]) -> None:\n        \"\"\"Checks that a JSON response from the WebDriver does not have an\n        error.\n    \n        :Args:\n         - response - The JSON response from the WebDriver server as a dictionary\n           object.\n    \n        :Raises: If the response contains an error message.\n        \"\"\"\n        status = response.get(\"status\", None)\n        if not status or status == ErrorCode.SUCCESS:\n            return\n        value = None\n        message = response.get(\"message\", \"\")\n        screen: str = response.get(\"screen\", \"\")\n        stacktrace = None\n        if isinstance(status, int):\n            value_json = response.get(\"value\", None)\n            if value_json and isinstance(value_json, str):\n                import json\n    \n                try:\n                    value = json.loads(value_json)\n                    if len(value) == 1:\n                        value = value[\"value\"]\n                    status = value.get(\"error\", None)\n                    if not status:\n                        status = value.get(\"status\", ErrorCode.UNKNOWN_ERROR)\n                        message = value.get(\"value\") or value.get(\"message\")\n                        if not isinstance(message, str):\n                            value = message\n                            message = message.get(\"message\")\n                    else:\n                        message = value.get(\"message\", None)\n                except ValueError:\n                    pass\n    \n        exception_class: Type[WebDriverException]\n        e = ErrorCode()\n        error_codes = [item for item in dir(e) if not item.startswith(\"__\")]\n        for error_code in error_codes:\n            error_info = getattr(ErrorCode, error_code)\n            if isinstance(error_info, list) and status in error_info:\n                exception_class = getattr(ExceptionMapping, error_code, WebDriverException)\n                break\n        else:\n            exception_class = WebDriverException\n    \n        if not value:\n            value = response[\"value\"]\n        if isinstance(value, str):\n            raise exception_class(value)\n        if message == \"\" and \"message\" in value:\n            message = value[\"message\"]\n    \n        screen = None  # type: ignore[assignment]\n        if \"screen\" in value:\n            screen = value[\"screen\"]\n    \n        stacktrace = None\n        st_value = value.get(\"stackTrace\") or value.get(\"stacktrace\")\n        if st_value:\n            if isinstance(st_value, str):\n                stacktrace = st_value.split(\"\\n\")\n            else:\n                stacktrace = []\n                try:\n                    for frame in st_value:\n                        line = frame.get(\"lineNumber\", \"\")\n                        file = frame.get(\"fileName\", \"<anonymous>\")\n                        if line:\n                            file = f\"{file}:{line}\"\n                        meth = frame.get(\"methodName\", \"<anonymous>\")\n                        if \"className\" in frame:\n                            meth = f\"{frame['className']}.{meth}\"\n                        msg = \"    at %s (%s)\"\n                        msg = msg % (meth, file)\n                        stacktrace.append(msg)\n                except TypeError:\n                    pass\n        if exception_class == UnexpectedAlertPresentException:\n            alert_text = None\n            if \"data\" in value:\n                alert_text = value[\"data\"].get(\"text\")\n            elif \"alert\" in value:\n                alert_text = value[\"alert\"].get(\"text\")\n            raise exception_class(message, screen, stacktrace, alert_text)  # type: ignore[call-arg]  # mypy is not smart enough here\n>       raise exception_class(message, screen, stacktrace)\nE       selenium.common.exceptions.NoSuchElementException: Message: no such element: Unable to locate element: {\"method\":\"xpath\",\"selector\":\"//*[contains(text(), 'new_card')]\"}\nE         (Session info: chrome=134.0.6998.165); For documentation on this error, please visit: https://www.selenium.dev/documentation/webdriver/troubleshooting/errors#no-such-element-exception\nE       Stacktrace:\nE       #0 0x55c00ad7affa <unknown>\nE       #1 0x55c00a839970 <unknown>\nE       #2 0x55c00a88b385 <unknown>\nE       #3 0x55c00a88b5b1 <unknown>\nE       #4 0x55c00a8da3c4 <unknown>\nE       #5 0x55c00a8b12bd <unknown>\nE       #6 0x55c00a8d770c <unknown>\nE       #7 0x55c00a8b1063 <unknown>\nE       #8 0x55c00a87d328 <unknown>\nE       #9 0x55c00a87e491 <unknown>\nE       #10 0x55c00ad4242b <unknown>\nE       #11 0x55c00ad462ec <unknown>\nE       #12 0x55c00ad29a22 <unknown>\nE       #13 0x55c00ad46e64 <unknown>\nE       #14 0x55c00ad0dbef <unknown>\nE       #15 0x55c00ad69558 <unknown>\nE       #16 0x55c00ad69736 <unknown>\nE       #17 0x55c00ad79e76 <unknown>\nE       #18 0x7f021269caa4 <unknown>\nE       #19 0x7f0212729c3c <unknown>\n\n/opt/hostedtoolcache/Python/3.12.5/x64/lib/python3.12/site-packages/selenium/webdriver/remote/errorhandler.py:232: NoSuchElementException","flaky":false,"newFailed":false,"newBroken":false,"newPassed":false,"retriesCount":0,"retriesStatusChange":false,"beforeStages":[{"name":"driver","time":{"start":1743444917186,"stop":1743444917516,"duration":330},"status":"passed","steps":[],"attachments":[],"parameters":[],"shouldDisplayMessage":false,"stepsCount":0,"attachmentsCount":0,"hasContent":false,"attachmentStep":false},{"name":"setup","time":{"start":1743444917516,"stop":1743444917516,"duration":0},"status":"passed","steps":[],"attachments":[],"parameters":[],"shouldDisplayMessage":false,"stepsCount":0,"attachmentsCount":0,"hasContent":false,"attachmentStep":false}],"testStage":{"status":"broken","statusMessage":"selenium.common.exceptions.NoSuchElementException: Message: no such element: Unable to locate element: {\"method\":\"xpath\",\"selector\":\"//*[contains(text(), 'new_card')]\"}\n  (Session info: chrome=134.0.6998.165); For documentation on this error, please visit: https://www.selenium.dev/documentation/webdriver/troubleshooting/errors#no-such-element-exception\nStacktrace:\n#0 0x55c00ad7affa <unknown>\n#1 0x55c00a839970 <unknown>\n#2 0x55c00a88b385 <unknown>\n#3 0x55c00a88b5b1 <unknown>\n#4 0x55c00a8da3c4 <unknown>\n#5 0x55c00a8b12bd <unknown>\n#6 0x55c00a8d770c <unknown>\n#7 0x55c00a8b1063 <unknown>\n#8 0x55c00a87d328 <unknown>\n#9 0x55c00a87e491 <unknown>\n#10 0x55c00ad4242b <unknown>\n#11 0x55c00ad462ec <unknown>\n#12 0x55c00ad29a22 <unknown>\n#13 0x55c00ad46e64 <unknown>\n#14 0x55c00ad0dbef <unknown>\n#15 0x55c00ad69558 <unknown>\n#16 0x55c00ad69736 <unknown>\n#17 0x55c00ad79e76 <unknown>\n#18 0x7f021269caa4 <unknown>\n#19 0x7f0212729c3c <unknown>","statusTrace":"self = <tests.regression_ui.test_ui_regression.TestUIRegression object at 0x7fedf0e76510>\ndriver = <selenium.webdriver.chrome.webdriver.WebDriver (session=\"b4c9f08ae0857f74fe348eaa6319083e\")>\n\n    @pytest.mark.TC000\n    @pytest.mark.TC007\n    @allure.title('Label a Card')\n    def test_label_card(self, driver):\n        time.sleep(4)\n        with allure.step('Log in to Trello account'):\n            self.test_login(driver)\n    \n        with allure.step('Open a board and select a card'):\n            try:\n                WebDriverWait(driver, 10).until(EC.element_to_be_clickable((By.XPATH, self.SCC.Board.BOARD_TITLE))).click()\n                WebDriverWait(driver, 10).until(EC.visibility_of_element_located((By.XPATH, self.SCC.Board.LIST_TITLE))).click()\n                driver.find_element(By.XPATH, self.SCC.List.ADD_A_CARD_BUTTON).click()\n                driver.find_element(By.XPATH, self.SCC.List.CARD_NAME_FIELD).click()\n                time.sleep(1)\n                driver.find_element(By.XPATH, self.SCC.List.CARD_NAME_FIELD).send_keys('new_card')\n                driver.find_element(By.XPATH, self.SCC.List.ADD_CARD_SUBMIT_BUTTOMN).click()\n                time.sleep(3)\n            except Exception as e:\n                log.info(\"An error occurred: \", str(e))\n    \n        with allure.step('Click the card to open and archive it'):\n>           driver.find_element(By.XPATH, self.SCC.List.CARD_TO_ARCHIVE).click()\n\ntests/regression_ui/test_ui_regression.py:239: \n_ _ _ _ _ _ _ _ _ _ _ _ _ _ _ _ _ _ _ _ _ _ _ _ _ _ _ _ _ _ _ _ _ _ _ _ _ _ _ _ \n/opt/hostedtoolcache/Python/3.12.5/x64/lib/python3.12/site-packages/selenium/webdriver/remote/webdriver.py:770: in find_element\n    return self.execute(Command.FIND_ELEMENT, {\"using\": by, \"value\": value})[\"value\"]\n/opt/hostedtoolcache/Python/3.12.5/x64/lib/python3.12/site-packages/selenium/webdriver/remote/webdriver.py:384: in execute\n    self.error_handler.check_response(response)\n_ _ _ _ _ _ _ _ _ _ _ _ _ _ _ _ _ _ _ _ _ _ _ _ _ _ _ _ _ _ _ _ _ _ _ _ _ _ _ _ \n\nself = <selenium.webdriver.remote.errorhandler.ErrorHandler object at 0x7fedf0e7dac0>\nresponse = {'status': 404, 'value': '{\"value\":{\"error\":\"no such element\",\"message\":\"no such element: Unable to locate element: {\\...\\\\n#17 0x55c00ad79e76 \\\\u003Cunknown>\\\\n#18 0x7f021269caa4 \\\\u003Cunknown>\\\\n#19 0x7f0212729c3c \\\\u003Cunknown>\\\\n\"}}'}\n\n    def check_response(self, response: Dict[str, Any]) -> None:\n        \"\"\"Checks that a JSON response from the WebDriver does not have an\n        error.\n    \n        :Args:\n         - response - The JSON response from the WebDriver server as a dictionary\n           object.\n    \n        :Raises: If the response contains an error message.\n        \"\"\"\n        status = response.get(\"status\", None)\n        if not status or status == ErrorCode.SUCCESS:\n            return\n        value = None\n        message = response.get(\"message\", \"\")\n        screen: str = response.get(\"screen\", \"\")\n        stacktrace = None\n        if isinstance(status, int):\n            value_json = response.get(\"value\", None)\n            if value_json and isinstance(value_json, str):\n                import json\n    \n                try:\n                    value = json.loads(value_json)\n                    if len(value) == 1:\n                        value = value[\"value\"]\n                    status = value.get(\"error\", None)\n                    if not status:\n                        status = value.get(\"status\", ErrorCode.UNKNOWN_ERROR)\n                        message = value.get(\"value\") or value.get(\"message\")\n                        if not isinstance(message, str):\n                            value = message\n                            message = message.get(\"message\")\n                    else:\n                        message = value.get(\"message\", None)\n                except ValueError:\n                    pass\n    \n        exception_class: Type[WebDriverException]\n        e = ErrorCode()\n        error_codes = [item for item in dir(e) if not item.startswith(\"__\")]\n        for error_code in error_codes:\n            error_info = getattr(ErrorCode, error_code)\n            if isinstance(error_info, list) and status in error_info:\n                exception_class = getattr(ExceptionMapping, error_code, WebDriverException)\n                break\n        else:\n            exception_class = WebDriverException\n    \n        if not value:\n            value = response[\"value\"]\n        if isinstance(value, str):\n            raise exception_class(value)\n        if message == \"\" and \"message\" in value:\n            message = value[\"message\"]\n    \n        screen = None  # type: ignore[assignment]\n        if \"screen\" in value:\n            screen = value[\"screen\"]\n    \n        stacktrace = None\n        st_value = value.get(\"stackTrace\") or value.get(\"stacktrace\")\n        if st_value:\n            if isinstance(st_value, str):\n                stacktrace = st_value.split(\"\\n\")\n            else:\n                stacktrace = []\n                try:\n                    for frame in st_value:\n                        line = frame.get(\"lineNumber\", \"\")\n                        file = frame.get(\"fileName\", \"<anonymous>\")\n                        if line:\n                            file = f\"{file}:{line}\"\n                        meth = frame.get(\"methodName\", \"<anonymous>\")\n                        if \"className\" in frame:\n                            meth = f\"{frame['className']}.{meth}\"\n                        msg = \"    at %s (%s)\"\n                        msg = msg % (meth, file)\n                        stacktrace.append(msg)\n                except TypeError:\n                    pass\n        if exception_class == UnexpectedAlertPresentException:\n            alert_text = None\n            if \"data\" in value:\n                alert_text = value[\"data\"].get(\"text\")\n            elif \"alert\" in value:\n                alert_text = value[\"alert\"].get(\"text\")\n            raise exception_class(message, screen, stacktrace, alert_text)  # type: ignore[call-arg]  # mypy is not smart enough here\n>       raise exception_class(message, screen, stacktrace)\nE       selenium.common.exceptions.NoSuchElementException: Message: no such element: Unable to locate element: {\"method\":\"xpath\",\"selector\":\"//*[contains(text(), 'new_card')]\"}\nE         (Session info: chrome=134.0.6998.165); For documentation on this error, please visit: https://www.selenium.dev/documentation/webdriver/troubleshooting/errors#no-such-element-exception\nE       Stacktrace:\nE       #0 0x55c00ad7affa <unknown>\nE       #1 0x55c00a839970 <unknown>\nE       #2 0x55c00a88b385 <unknown>\nE       #3 0x55c00a88b5b1 <unknown>\nE       #4 0x55c00a8da3c4 <unknown>\nE       #5 0x55c00a8b12bd <unknown>\nE       #6 0x55c00a8d770c <unknown>\nE       #7 0x55c00a8b1063 <unknown>\nE       #8 0x55c00a87d328 <unknown>\nE       #9 0x55c00a87e491 <unknown>\nE       #10 0x55c00ad4242b <unknown>\nE       #11 0x55c00ad462ec <unknown>\nE       #12 0x55c00ad29a22 <unknown>\nE       #13 0x55c00ad46e64 <unknown>\nE       #14 0x55c00ad0dbef <unknown>\nE       #15 0x55c00ad69558 <unknown>\nE       #16 0x55c00ad69736 <unknown>\nE       #17 0x55c00ad79e76 <unknown>\nE       #18 0x7f021269caa4 <unknown>\nE       #19 0x7f0212729c3c <unknown>\n\n/opt/hostedtoolcache/Python/3.12.5/x64/lib/python3.12/site-packages/selenium/webdriver/remote/errorhandler.py:232: NoSuchElementException","steps":[{"name":"Log in to Trello account","time":{"start":1743444921517,"stop":1743444927918,"duration":6401},"status":"passed","steps":[{"name":"Navigate to the Trello page and enter valid credentials (email, password, and 6-digits verification code)","time":{"start":1743444921517,"stop":1743444927918,"duration":6401},"status":"passed","steps":[],"attachments":[],"parameters":[],"shouldDisplayMessage":false,"stepsCount":0,"attachmentsCount":0,"hasContent":false,"attachmentStep":false}],"attachments":[],"parameters":[],"shouldDisplayMessage":false,"stepsCount":1,"attachmentsCount":0,"hasContent":true,"attachmentStep":false},{"name":"Open a board and select a card","time":{"start":1743444927919,"stop":1743444938186,"duration":10267},"status":"passed","steps":[],"attachments":[],"parameters":[],"shouldDisplayMessage":false,"stepsCount":0,"attachmentsCount":0,"hasContent":false,"attachmentStep":false},{"name":"Click the card to open and archive it","time":{"start":1743444938186,"stop":1743444938201,"duration":15},"status":"broken","statusMessage":"selenium.common.exceptions.NoSuchElementException: Message: no such element: Unable to locate element: {\"method\":\"xpath\",\"selector\":\"//*[contains(text(), 'new_card')]\"}\n  (Session info: chrome=134.0.6998.165); For documentation on this error, please visit: https://www.selenium.dev/documentation/webdriver/troubleshooting/errors#no-such-element-exception\nStacktrace:\n#0 0x55c00ad7affa <unknown>\n#1 0x55c00a839970 <unknown>\n#2 0x55c00a88b385 <unknown>\n#3 0x55c00a88b5b1 <unknown>\n#4 0x55c00a8da3c4 <unknown>\n#5 0x55c00a8b12bd <unknown>\n#6 0x55c00a8d770c <unknown>\n#7 0x55c00a8b1063 <unknown>\n#8 0x55c00a87d328 <unknown>\n#9 0x55c00a87e491 <unknown>\n#10 0x55c00ad4242b <unknown>\n#11 0x55c00ad462ec <unknown>\n#12 0x55c00ad29a22 <unknown>\n#13 0x55c00ad46e64 <unknown>\n#14 0x55c00ad0dbef <unknown>\n#15 0x55c00ad69558 <unknown>\n#16 0x55c00ad69736 <unknown>\n#17 0x55c00ad79e76 <unknown>\n#18 0x7f021269caa4 <unknown>\n#19 0x7f0212729c3c <unknown>\n\n","statusTrace":"  File \"/home/runner/work/pythonSelenium/pythonSelenium/tests/regression_ui/test_ui_regression.py\", line 239, in test_label_card\n    driver.find_element(By.XPATH, self.SCC.List.CARD_TO_ARCHIVE).click()\n    ^^^^^^^^^^^^^^^^^^^^^^^^^^^^^^^^^^^^^^^^^^^^^^^^^^^^^^^^^^^^\n  File \"/opt/hostedtoolcache/Python/3.12.5/x64/lib/python3.12/site-packages/selenium/webdriver/remote/webdriver.py\", line 770, in find_element\n    return self.execute(Command.FIND_ELEMENT, {\"using\": by, \"value\": value})[\"value\"]\n           ^^^^^^^^^^^^^^^^^^^^^^^^^^^^^^^^^^^^^^^^^^^^^^^^^^^^^^^^^^^^^^^^^\n  File \"/opt/hostedtoolcache/Python/3.12.5/x64/lib/python3.12/site-packages/selenium/webdriver/remote/webdriver.py\", line 384, in execute\n    self.error_handler.check_response(response)\n  File \"/opt/hostedtoolcache/Python/3.12.5/x64/lib/python3.12/site-packages/selenium/webdriver/remote/errorhandler.py\", line 232, in check_response\n    raise exception_class(message, screen, stacktrace)\n","steps":[],"attachments":[],"parameters":[],"shouldDisplayMessage":true,"stepsCount":0,"attachmentsCount":0,"hasContent":true,"attachmentStep":false}],"attachments":[],"parameters":[],"shouldDisplayMessage":true,"stepsCount":4,"attachmentsCount":0,"hasContent":true,"attachmentStep":false},"afterStages":[{"name":"driver::0","time":{"start":1743444938233,"stop":1743444938299,"duration":66},"status":"passed","steps":[],"attachments":[],"parameters":[],"shouldDisplayMessage":false,"stepsCount":0,"attachmentsCount":0,"hasContent":false,"attachmentStep":false}],"labels":[{"name":"tag","value":"TC007"},{"name":"tag","value":"TC000"},{"name":"parentSuite","value":"tests.regression_ui"},{"name":"suite","value":"test_ui_regression"},{"name":"subSuite","value":"TestUIRegression"},{"name":"host","value":"fv-az1326-441"},{"name":"thread","value":"3271-MainThread"},{"name":"framework","value":"pytest"},{"name":"language","value":"cpython3"},{"name":"package","value":"tests.regression_ui.test_ui_regression"},{"name":"resultFormat","value":"allure2"}],"parameters":[],"links":[],"hidden":false,"retry":false,"extra":{"severity":"normal","retries":[],"categories":[{"name":"Test defects","matchedStatuses":[]}],"history":{"statistic":{"failed":0,"broken":68,"skipped":0,"passed":571,"unknown":0,"total":639},"items":[{"uid":"437976b42ac0d830","status":"broken","statusDetails":"selenium.common.exceptions.NoSuchElementException: Message: no such element: Unable to locate element: {\"method\":\"xpath\",\"selector\":\"//*[contains(text(), 'new_card')]\"}\n  (Session info: chrome=134.0.6998.165); For documentation on this error, please visit: https://www.selenium.dev/documentation/webdriver/troubleshooting/errors#no-such-element-exception\nStacktrace:\n#0 0x556ec83d0ffa <unknown>\n#1 0x556ec7e8f970 <unknown>\n#2 0x556ec7ee1385 <unknown>\n#3 0x556ec7ee15b1 <unknown>\n#4 0x556ec7f303c4 <unknown>\n#5 0x556ec7f072bd <unknown>\n#6 0x556ec7f2d70c <unknown>\n#7 0x556ec7f07063 <unknown>\n#8 0x556ec7ed3328 <unknown>\n#9 0x556ec7ed4491 <unknown>\n#10 0x556ec839842b <unknown>\n#11 0x556ec839c2ec <unknown>\n#12 0x556ec837fa22 <unknown>\n#13 0x556ec839ce64 <unknown>\n#14 0x556ec8363bef <unknown>\n#15 0x556ec83bf558 <unknown>\n#16 0x556ec83bf736 <unknown>\n#17 0x556ec83cfe76 <unknown>\n#18 0x7f9b44e9caa4 <unknown>\n#19 0x7f9b44f29c3c <unknown>","time":{"start":1743433940786,"stop":1743433961031,"duration":20245}},{"uid":"8d5e7e234a71a70c","status":"broken","statusDetails":"selenium.common.exceptions.NoSuchElementException: Message: no such element: Unable to locate element: {\"method\":\"xpath\",\"selector\":\"//*[contains(text(), 'new_card')]\"}\n  (Session info: chrome=134.0.6998.165); For documentation on this error, please visit: https://www.selenium.dev/documentation/webdriver/troubleshooting/errors#no-such-element-exception\nStacktrace:\n#0 0x55d21e77bffa <unknown>\n#1 0x55d21e23a970 <unknown>\n#2 0x55d21e28c385 <unknown>\n#3 0x55d21e28c5b1 <unknown>\n#4 0x55d21e2db3c4 <unknown>\n#5 0x55d21e2b22bd <unknown>\n#6 0x55d21e2d870c <unknown>\n#7 0x55d21e2b2063 <unknown>\n#8 0x55d21e27e328 <unknown>\n#9 0x55d21e27f491 <unknown>\n#10 0x55d21e74342b <unknown>\n#11 0x55d21e7472ec <unknown>\n#12 0x55d21e72aa22 <unknown>\n#13 0x55d21e747e64 <unknown>\n#14 0x55d21e70ebef <unknown>\n#15 0x55d21e76a558 <unknown>\n#16 0x55d21e76a736 <unknown>\n#17 0x55d21e77ae76 <unknown>\n#18 0x7f3807a9caa4 <unknown>\n#19 0x7f3807b29c3c <unknown>","time":{"start":1743423634075,"stop":1743423654233,"duration":20158}},{"uid":"5c5595777703885","status":"broken","statusDetails":"selenium.common.exceptions.NoSuchElementException: Message: no such element: Unable to locate element: {\"method\":\"xpath\",\"selector\":\"//*[contains(text(), 'new_card')]\"}\n  (Session info: chrome=134.0.6998.165); For documentation on this error, please visit: https://www.selenium.dev/documentation/webdriver/troubleshooting/errors#no-such-element-exception\nStacktrace:\n#0 0x557f45cdda1a <unknown>\n#1 0x557f45795390 <unknown>\n#2 0x557f457e6c85 <unknown>\n#3 0x557f457e6eb1 <unknown>\n#4 0x557f45835d64 <unknown>\n#5 0x557f4580cbfd <unknown>\n#6 0x557f4583307b <unknown>\n#7 0x557f4580c9a3 <unknown>\n#8 0x557f457d860e <unknown>\n#9 0x557f457d9dd1 <unknown>\n#10 0x557f45ca3ddb <unknown>\n#11 0x557f45ca7cbc <unknown>\n#12 0x557f45c8b392 <unknown>\n#13 0x557f45ca8834 <unknown>\n#14 0x557f45c6f1ef <unknown>\n#15 0x557f45ccc038 <unknown>\n#16 0x557f45ccc216 <unknown>\n#17 0x557f45cdc896 <unknown>\n#18 0x7fe85769caa4 <unknown>\n#19 0x7fe857729c3c <unknown>","time":{"start":1743412400433,"stop":1743412420577,"duration":20144}},{"uid":"9ec78afd7301158b","status":"broken","statusDetails":"selenium.common.exceptions.NoSuchElementException: Message: no such element: Unable to locate element: {\"method\":\"xpath\",\"selector\":\"//*[contains(text(), 'new_card')]\"}\n  (Session info: chrome=134.0.6998.165); For documentation on this error, please visit: https://www.selenium.dev/documentation/webdriver/troubleshooting/errors#no-such-element-exception\nStacktrace:\n#0 0x558cd49d7ffa <unknown>\n#1 0x558cd4496970 <unknown>\n#2 0x558cd44e8385 <unknown>\n#3 0x558cd44e85b1 <unknown>\n#4 0x558cd45373c4 <unknown>\n#5 0x558cd450e2bd <unknown>\n#6 0x558cd453470c <unknown>\n#7 0x558cd450e063 <unknown>\n#8 0x558cd44da328 <unknown>\n#9 0x558cd44db491 <unknown>\n#10 0x558cd499f42b <unknown>\n#11 0x558cd49a32ec <unknown>\n#12 0x558cd4986a22 <unknown>\n#13 0x558cd49a3e64 <unknown>\n#14 0x558cd496abef <unknown>\n#15 0x558cd49c6558 <unknown>\n#16 0x558cd49c6736 <unknown>\n#17 0x558cd49d6e76 <unknown>\n#18 0x7f008949caa4 <unknown>\n#19 0x7f0089529c3c <unknown>","time":{"start":1743401844950,"stop":1743401865198,"duration":20248}},{"uid":"a36c386095c0d024","status":"broken","statusDetails":"selenium.common.exceptions.NoSuchElementException: Message: no such element: Unable to locate element: {\"method\":\"xpath\",\"selector\":\"//*[contains(text(), 'new_card')]\"}\n  (Session info: chrome=134.0.6998.165); For documentation on this error, please visit: https://www.selenium.dev/documentation/webdriver/troubleshooting/errors#no-such-element-exception\nStacktrace:\n#0 0x55663060da1a <unknown>\n#1 0x5566300c5390 <unknown>\n#2 0x556630116c85 <unknown>\n#3 0x556630116eb1 <unknown>\n#4 0x556630165d64 <unknown>\n#5 0x55663013cbfd <unknown>\n#6 0x55663016307b <unknown>\n#7 0x55663013c9a3 <unknown>\n#8 0x55663010860e <unknown>\n#9 0x556630109dd1 <unknown>\n#10 0x5566305d3ddb <unknown>\n#11 0x5566305d7cbc <unknown>\n#12 0x5566305bb392 <unknown>\n#13 0x5566305d8834 <unknown>\n#14 0x55663059f1ef <unknown>\n#15 0x5566305fc038 <unknown>\n#16 0x5566305fc216 <unknown>\n#17 0x55663060c896 <unknown>\n#18 0x7fa338a9caa4 <unknown>\n#19 0x7fa338b29c3c <unknown>","time":{"start":1743392067661,"stop":1743392088819,"duration":21158}},{"uid":"36eefec6ad0470c4","status":"broken","statusDetails":"selenium.common.exceptions.NoSuchElementException: Message: no such element: Unable to locate element: {\"method\":\"xpath\",\"selector\":\"//*[contains(text(), 'new_card')]\"}\n  (Session info: chrome=134.0.6998.165); For documentation on this error, please visit: https://www.selenium.dev/documentation/webdriver/troubleshooting/errors#no-such-element-exception\nStacktrace:\n#0 0x55e786038ffa <unknown>\n#1 0x55e785af7970 <unknown>\n#2 0x55e785b49385 <unknown>\n#3 0x55e785b495b1 <unknown>\n#4 0x55e785b983c4 <unknown>\n#5 0x55e785b6f2bd <unknown>\n#6 0x55e785b9570c <unknown>\n#7 0x55e785b6f063 <unknown>\n#8 0x55e785b3b328 <unknown>\n#9 0x55e785b3c491 <unknown>\n#10 0x55e78600042b <unknown>\n#11 0x55e7860042ec <unknown>\n#12 0x55e785fe7a22 <unknown>\n#13 0x55e786004e64 <unknown>\n#14 0x55e785fcbbef <unknown>\n#15 0x55e786027558 <unknown>\n#16 0x55e786027736 <unknown>\n#17 0x55e786037e76 <unknown>\n#18 0x7fea26a9caa4 <unknown>\n#19 0x7fea26b29c3c <unknown>","time":{"start":1743382176341,"stop":1743382196614,"duration":20273}},{"uid":"e7757cb42b0ae2e","status":"broken","statusDetails":"selenium.common.exceptions.NoSuchElementException: Message: no such element: Unable to locate element: {\"method\":\"xpath\",\"selector\":\"//*[contains(text(), 'new_card')]\"}\n  (Session info: chrome=134.0.6998.165); For documentation on this error, please visit: https://www.selenium.dev/documentation/webdriver/troubleshooting/errors#no-such-element-exception\nStacktrace:\n#0 0x559efe767ffa <unknown>\n#1 0x559efe226970 <unknown>\n#2 0x559efe278385 <unknown>\n#3 0x559efe2785b1 <unknown>\n#4 0x559efe2c73c4 <unknown>\n#5 0x559efe29e2bd <unknown>\n#6 0x559efe2c470c <unknown>\n#7 0x559efe29e063 <unknown>\n#8 0x559efe26a328 <unknown>\n#9 0x559efe26b491 <unknown>\n#10 0x559efe72f42b <unknown>\n#11 0x559efe7332ec <unknown>\n#12 0x559efe716a22 <unknown>\n#13 0x559efe733e64 <unknown>\n#14 0x559efe6fabef <unknown>\n#15 0x559efe756558 <unknown>\n#16 0x559efe756736 <unknown>\n#17 0x559efe766e76 <unknown>\n#18 0x7fb6b329caa4 <unknown>\n#19 0x7fb6b3329c3c <unknown>","time":{"start":1743369124620,"stop":1743369145345,"duration":20725}},{"uid":"3767f890bb8ee0ab","status":"broken","statusDetails":"selenium.common.exceptions.NoSuchElementException: Message: no such element: Unable to locate element: {\"method\":\"xpath\",\"selector\":\"//*[contains(text(), 'new_card')]\"}\n  (Session info: chrome=134.0.6998.165); For documentation on this error, please visit: https://www.selenium.dev/documentation/webdriver/troubleshooting/errors#no-such-element-exception\nStacktrace:\n#0 0x563a0a2f0ffa <unknown>\n#1 0x563a09daf970 <unknown>\n#2 0x563a09e01385 <unknown>\n#3 0x563a09e015b1 <unknown>\n#4 0x563a09e503c4 <unknown>\n#5 0x563a09e272bd <unknown>\n#6 0x563a09e4d70c <unknown>\n#7 0x563a09e27063 <unknown>\n#8 0x563a09df3328 <unknown>\n#9 0x563a09df4491 <unknown>\n#10 0x563a0a2b842b <unknown>\n#11 0x563a0a2bc2ec <unknown>\n#12 0x563a0a29fa22 <unknown>\n#13 0x563a0a2bce64 <unknown>\n#14 0x563a0a283bef <unknown>\n#15 0x563a0a2df558 <unknown>\n#16 0x563a0a2df736 <unknown>\n#17 0x563a0a2efe76 <unknown>\n#18 0x7f0bffc9caa4 <unknown>\n#19 0x7f0bffd29c3c <unknown>","time":{"start":1743358398043,"stop":1743358418291,"duration":20248}},{"uid":"f30446fe2a5a91cb","status":"broken","statusDetails":"selenium.common.exceptions.NoSuchElementException: Message: no such element: Unable to locate element: {\"method\":\"xpath\",\"selector\":\"//*[contains(text(), 'new_card')]\"}\n  (Session info: chrome=134.0.6998.165); For documentation on this error, please visit: https://www.selenium.dev/documentation/webdriver/troubleshooting/errors#no-such-element-exception\nStacktrace:\n#0 0x55e300a7dffa <unknown>\n#1 0x55e30053c970 <unknown>\n#2 0x55e30058e385 <unknown>\n#3 0x55e30058e5b1 <unknown>\n#4 0x55e3005dd3c4 <unknown>\n#5 0x55e3005b42bd <unknown>\n#6 0x55e3005da70c <unknown>\n#7 0x55e3005b4063 <unknown>\n#8 0x55e300580328 <unknown>\n#9 0x55e300581491 <unknown>\n#10 0x55e300a4542b <unknown>\n#11 0x55e300a492ec <unknown>\n#12 0x55e300a2ca22 <unknown>\n#13 0x55e300a49e64 <unknown>\n#14 0x55e300a10bef <unknown>\n#15 0x55e300a6c558 <unknown>\n#16 0x55e300a6c736 <unknown>\n#17 0x55e300a7ce76 <unknown>\n#18 0x7f767ac9caa4 <unknown>\n#19 0x7f767ad29c3c <unknown>","time":{"start":1743347447838,"stop":1743347468538,"duration":20700}},{"uid":"c776dff171a84c14","status":"broken","statusDetails":"selenium.common.exceptions.NoSuchElementException: Message: no such element: Unable to locate element: {\"method\":\"xpath\",\"selector\":\"//*[contains(text(), 'new_card')]\"}\n  (Session info: chrome=134.0.6998.165); For documentation on this error, please visit: https://www.selenium.dev/documentation/webdriver/troubleshooting/errors#no-such-element-exception\nStacktrace:\n#0 0x55f0eed98ffa <unknown>\n#1 0x55f0ee857970 <unknown>\n#2 0x55f0ee8a9385 <unknown>\n#3 0x55f0ee8a95b1 <unknown>\n#4 0x55f0ee8f83c4 <unknown>\n#5 0x55f0ee8cf2bd <unknown>\n#6 0x55f0ee8f570c <unknown>\n#7 0x55f0ee8cf063 <unknown>\n#8 0x55f0ee89b328 <unknown>\n#9 0x55f0ee89c491 <unknown>\n#10 0x55f0eed6042b <unknown>\n#11 0x55f0eed642ec <unknown>\n#12 0x55f0eed47a22 <unknown>\n#13 0x55f0eed64e64 <unknown>\n#14 0x55f0eed2bbef <unknown>\n#15 0x55f0eed87558 <unknown>\n#16 0x55f0eed87736 <unknown>\n#17 0x55f0eed97e76 <unknown>\n#18 0x7fdfb869caa4 <unknown>\n#19 0x7fdfb8729c3c <unknown>","time":{"start":1743337068657,"stop":1743337089300,"duration":20643}},{"uid":"aed8f9a22a08d00b","status":"broken","statusDetails":"selenium.common.exceptions.NoSuchElementException: Message: no such element: Unable to locate element: {\"method\":\"xpath\",\"selector\":\"//*[contains(text(), 'new_card')]\"}\n  (Session info: chrome=134.0.6998.165); For documentation on this error, please visit: https://www.selenium.dev/documentation/webdriver/troubleshooting/errors#no-such-element-exception\nStacktrace:\n#0 0x55ed97c9da1a <unknown>\n#1 0x55ed97755390 <unknown>\n#2 0x55ed977a6c85 <unknown>\n#3 0x55ed977a6eb1 <unknown>\n#4 0x55ed977f5d64 <unknown>\n#5 0x55ed977ccbfd <unknown>\n#6 0x55ed977f307b <unknown>\n#7 0x55ed977cc9a3 <unknown>\n#8 0x55ed9779860e <unknown>\n#9 0x55ed97799dd1 <unknown>\n#10 0x55ed97c63ddb <unknown>\n#11 0x55ed97c67cbc <unknown>\n#12 0x55ed97c4b392 <unknown>\n#13 0x55ed97c68834 <unknown>\n#14 0x55ed97c2f1ef <unknown>\n#15 0x55ed97c8c038 <unknown>\n#16 0x55ed97c8c216 <unknown>\n#17 0x55ed97c9c896 <unknown>\n#18 0x7f3da769caa4 <unknown>\n#19 0x7f3da7729c3c <unknown>","time":{"start":1743325880791,"stop":1743325900912,"duration":20121}},{"uid":"e7b53e099396b12","status":"broken","statusDetails":"selenium.common.exceptions.NoSuchElementException: Message: no such element: Unable to locate element: {\"method\":\"xpath\",\"selector\":\"//*[contains(text(), 'new_card')]\"}\n  (Session info: chrome=134.0.6998.165); For documentation on this error, please visit: https://www.selenium.dev/documentation/webdriver/troubleshooting/errors#no-such-element-exception\nStacktrace:\n#0 0x55b11227dffa <unknown>\n#1 0x55b111d3c970 <unknown>\n#2 0x55b111d8e385 <unknown>\n#3 0x55b111d8e5b1 <unknown>\n#4 0x55b111ddd3c4 <unknown>\n#5 0x55b111db42bd <unknown>\n#6 0x55b111dda70c <unknown>\n#7 0x55b111db4063 <unknown>\n#8 0x55b111d80328 <unknown>\n#9 0x55b111d81491 <unknown>\n#10 0x55b11224542b <unknown>\n#11 0x55b1122492ec <unknown>\n#12 0x55b11222ca22 <unknown>\n#13 0x55b112249e64 <unknown>\n#14 0x55b112210bef <unknown>\n#15 0x55b11226c558 <unknown>\n#16 0x55b11226c736 <unknown>\n#17 0x55b11227ce76 <unknown>\n#18 0x7f73bba9caa4 <unknown>\n#19 0x7f73bbb29c3c <unknown>","time":{"start":1743315388354,"stop":1743315408506,"duration":20152}},{"uid":"7d440caeb8301c0a","status":"passed","time":{"start":1743305577509,"stop":1743305601533,"duration":24024}},{"uid":"fc227d8dca4f80b1","status":"passed","time":{"start":1743295762798,"stop":1743295785408,"duration":22610}},{"uid":"e703aa0539feb5f7","status":"broken","statusDetails":"selenium.common.exceptions.NoSuchElementException: Message: no such element: Unable to locate element: {\"method\":\"xpath\",\"selector\":\"//*[contains(text(), 'new_card')]\"}\n  (Session info: chrome=134.0.6998.165); For documentation on this error, please visit: https://www.selenium.dev/documentation/webdriver/troubleshooting/errors#no-such-element-exception\nStacktrace:\n#0 0x558c24b15a1a <unknown>\n#1 0x558c245cd390 <unknown>\n#2 0x558c2461ec85 <unknown>\n#3 0x558c2461eeb1 <unknown>\n#4 0x558c2466dd64 <unknown>\n#5 0x558c24644bfd <unknown>\n#6 0x558c2466b07b <unknown>\n#7 0x558c246449a3 <unknown>\n#8 0x558c2461060e <unknown>\n#9 0x558c24611dd1 <unknown>\n#10 0x558c24adbddb <unknown>\n#11 0x558c24adfcbc <unknown>\n#12 0x558c24ac3392 <unknown>\n#13 0x558c24ae0834 <unknown>\n#14 0x558c24aa71ef <unknown>\n#15 0x558c24b04038 <unknown>\n#16 0x558c24b04216 <unknown>\n#17 0x558c24b14896 <unknown>\n#18 0x7fbcac89caa4 <unknown>\n#19 0x7fbcac929c3c <unknown>","time":{"start":1743282681508,"stop":1743282701648,"duration":20140}},{"uid":"96e1f099a6efc762","status":"broken","statusDetails":"selenium.common.exceptions.NoSuchElementException: Message: no such element: Unable to locate element: {\"method\":\"xpath\",\"selector\":\"//*[contains(text(), 'new_card')]\"}\n  (Session info: chrome=134.0.6998.165); For documentation on this error, please visit: https://www.selenium.dev/documentation/webdriver/troubleshooting/errors#no-such-element-exception\nStacktrace:\n#0 0x557a57d0affa <unknown>\n#1 0x557a577c9970 <unknown>\n#2 0x557a5781b385 <unknown>\n#3 0x557a5781b5b1 <unknown>\n#4 0x557a5786a3c4 <unknown>\n#5 0x557a578412bd <unknown>\n#6 0x557a5786770c <unknown>\n#7 0x557a57841063 <unknown>\n#8 0x557a5780d328 <unknown>\n#9 0x557a5780e491 <unknown>\n#10 0x557a57cd242b <unknown>\n#11 0x557a57cd62ec <unknown>\n#12 0x557a57cb9a22 <unknown>\n#13 0x557a57cd6e64 <unknown>\n#14 0x557a57c9dbef <unknown>\n#15 0x557a57cf9558 <unknown>\n#16 0x557a57cf9736 <unknown>\n#17 0x557a57d09e76 <unknown>\n#18 0x7f236c89caa4 <unknown>\n#19 0x7f236c929c3c <unknown>","time":{"start":1743272027168,"stop":1743272047389,"duration":20221}},{"uid":"dc3d3b907818e51b","status":"passed","time":{"start":1743261118988,"stop":1743261140922,"duration":21934}},{"uid":"fb930faab8a5a1da","status":"broken","statusDetails":"selenium.common.exceptions.NoSuchElementException: Message: no such element: Unable to locate element: {\"method\":\"xpath\",\"selector\":\"//*[contains(text(), 'new_card')]\"}\n  (Session info: chrome=134.0.6998.165); For documentation on this error, please visit: https://www.selenium.dev/documentation/webdriver/troubleshooting/errors#no-such-element-exception\nStacktrace:\n#0 0x556a653e5ffa <unknown>\n#1 0x556a64ea4970 <unknown>\n#2 0x556a64ef6385 <unknown>\n#3 0x556a64ef65b1 <unknown>\n#4 0x556a64f453c4 <unknown>\n#5 0x556a64f1c2bd <unknown>\n#6 0x556a64f4270c <unknown>\n#7 0x556a64f1c063 <unknown>\n#8 0x556a64ee8328 <unknown>\n#9 0x556a64ee9491 <unknown>\n#10 0x556a653ad42b <unknown>\n#11 0x556a653b12ec <unknown>\n#12 0x556a65394a22 <unknown>\n#13 0x556a653b1e64 <unknown>\n#14 0x556a65378bef <unknown>\n#15 0x556a653d4558 <unknown>\n#16 0x556a653d4736 <unknown>\n#17 0x556a653e4e76 <unknown>\n#18 0x7f09c469caa4 <unknown>\n#19 0x7f09c4729c3c <unknown>","time":{"start":1743250773021,"stop":1743250793982,"duration":20961}},{"uid":"4f5fd480798318e7","status":"broken","statusDetails":"selenium.common.exceptions.NoSuchElementException: Message: no such element: Unable to locate element: {\"method\":\"xpath\",\"selector\":\"//*[contains(text(), 'new_card')]\"}\n  (Session info: chrome=134.0.6998.165); For documentation on this error, please visit: https://www.selenium.dev/documentation/webdriver/troubleshooting/errors#no-such-element-exception\nStacktrace:\n#0 0x557d95e63ffa <unknown>\n#1 0x557d95922970 <unknown>\n#2 0x557d95974385 <unknown>\n#3 0x557d959745b1 <unknown>\n#4 0x557d959c33c4 <unknown>\n#5 0x557d9599a2bd <unknown>\n#6 0x557d959c070c <unknown>\n#7 0x557d9599a063 <unknown>\n#8 0x557d95966328 <unknown>\n#9 0x557d95967491 <unknown>\n#10 0x557d95e2b42b <unknown>\n#11 0x557d95e2f2ec <unknown>\n#12 0x557d95e12a22 <unknown>\n#13 0x557d95e2fe64 <unknown>\n#14 0x557d95df6bef <unknown>\n#15 0x557d95e52558 <unknown>\n#16 0x557d95e52736 <unknown>\n#17 0x557d95e62e76 <unknown>\n#18 0x7fe507c9caa4 <unknown>\n#19 0x7fe507d29c3c <unknown>","time":{"start":1743239548408,"stop":1743239568641,"duration":20233}},{"uid":"116790ea01c7a3ac","status":"broken","statusDetails":"selenium.common.exceptions.NoSuchElementException: Message: no such element: Unable to locate element: {\"method\":\"xpath\",\"selector\":\"//*[contains(text(), 'new_card')]\"}\n  (Session info: chrome=134.0.6998.165); For documentation on this error, please visit: https://www.selenium.dev/documentation/webdriver/troubleshooting/errors#no-such-element-exception\nStacktrace:\n#0 0x56307df2fffa <unknown>\n#1 0x56307d9ee970 <unknown>\n#2 0x56307da40385 <unknown>\n#3 0x56307da405b1 <unknown>\n#4 0x56307da8f3c4 <unknown>\n#5 0x56307da662bd <unknown>\n#6 0x56307da8c70c <unknown>\n#7 0x56307da66063 <unknown>\n#8 0x56307da32328 <unknown>\n#9 0x56307da33491 <unknown>\n#10 0x56307def742b <unknown>\n#11 0x56307defb2ec <unknown>\n#12 0x56307dedea22 <unknown>\n#13 0x56307defbe64 <unknown>\n#14 0x56307dec2bef <unknown>\n#15 0x56307df1e558 <unknown>\n#16 0x56307df1e736 <unknown>\n#17 0x56307df2ee76 <unknown>\n#18 0x7fe63ce9caa4 <unknown>\n#19 0x7fe63cf29c3c <unknown>","time":{"start":1743228904723,"stop":1743228924897,"duration":20174}}]},"tags":["TC007","TC000"]},"source":"566ee17ec726aa91.json","parameterValues":[]}