{"uid":"5794aafa96657292","name":"Search functionality","fullName":"tests.regression_ui.test_ui_regression.TestUIRegression#test_search_board","historyId":"766b65706e8d60f73b889e81b955260d","time":{"start":1744038829487,"stop":1744038851134,"duration":21647},"status":"broken","statusMessage":"selenium.common.exceptions.TimeoutException: Message: \nStacktrace:\n#0 0x559a612faffa <unknown>\n#1 0x559a60db9970 <unknown>\n#2 0x559a60e0b385 <unknown>\n#3 0x559a60e0b5b1 <unknown>\n#4 0x559a60e5a3c4 <unknown>\n#5 0x559a60e312bd <unknown>\n#6 0x559a60e5770c <unknown>\n#7 0x559a60e31063 <unknown>\n#8 0x559a60dfd328 <unknown>\n#9 0x559a60dfe491 <unknown>\n#10 0x559a612c242b <unknown>\n#11 0x559a612c62ec <unknown>\n#12 0x559a612a9a22 <unknown>\n#13 0x559a612c6e64 <unknown>\n#14 0x559a6128dbef <unknown>\n#15 0x559a612e9558 <unknown>\n#16 0x559a612e9736 <unknown>\n#17 0x559a612f9e76 <unknown>\n#18 0x7fee7de9caa4 <unknown>\n#19 0x7fee7df29c3c <unknown>","statusTrace":"self = <tests.regression_ui.test_ui_regression.TestUIRegression object at 0x7fb38c49e810>\ndriver = <selenium.webdriver.chrome.webdriver.WebDriver (session=\"6c3b8a28fcbb0338f796c4273b978575\")>\n\n    @pytest.mark.TC000\n    @pytest.mark.TC008\n    @allure.title('Search functionality')\n    def test_search_board(self, driver):\n        time.sleep(5)\n        with allure.step('Log in to Trello account'):\n            self.test_login(driver)\n            # time.sleep(2)\n        with allure.step('Search the board'):\n>           WebDriverWait(driver, 10).until(EC.visibility_of_element_located((By.XPATH, self.SCC.Search.SEARCH_FIELD))).click()\n\ntests/regression_ui/test_ui_regression.py:258: \n_ _ _ _ _ _ _ _ _ _ _ _ _ _ _ _ _ _ _ _ _ _ _ _ _ _ _ _ _ _ _ _ _ _ _ _ _ _ _ _ \n\nself = <selenium.webdriver.support.wait.WebDriverWait (session=\"6c3b8a28fcbb0338f796c4273b978575\")>\nmethod = <function visibility_of_element_located.<locals>._predicate at 0x7fb38c40cae0>\nmessage = ''\n\n    def until(self, method: Callable[[D], Union[Literal[False], T]], message: str = \"\") -> T:\n        \"\"\"Calls the method provided with the driver as an argument until the \\\n        return value does not evaluate to ``False``.\n    \n        :param method: callable(WebDriver)\n        :param message: optional message for :exc:`TimeoutException`\n        :returns: the result of the last call to `method`\n        :raises: :exc:`selenium.common.exceptions.TimeoutException` if timeout occurs\n        \"\"\"\n        screen = None\n        stacktrace = None\n    \n        end_time = time.monotonic() + self._timeout\n        while True:\n            try:\n                value = method(self._driver)\n                if value:\n                    return value\n            except self._ignored_exceptions as exc:\n                screen = getattr(exc, \"screen\", None)\n                stacktrace = getattr(exc, \"stacktrace\", None)\n            if time.monotonic() > end_time:\n                break\n            time.sleep(self._poll)\n>       raise TimeoutException(message, screen, stacktrace)\nE       selenium.common.exceptions.TimeoutException: Message: \nE       Stacktrace:\nE       #0 0x559a612faffa <unknown>\nE       #1 0x559a60db9970 <unknown>\nE       #2 0x559a60e0b385 <unknown>\nE       #3 0x559a60e0b5b1 <unknown>\nE       #4 0x559a60e5a3c4 <unknown>\nE       #5 0x559a60e312bd <unknown>\nE       #6 0x559a60e5770c <unknown>\nE       #7 0x559a60e31063 <unknown>\nE       #8 0x559a60dfd328 <unknown>\nE       #9 0x559a60dfe491 <unknown>\nE       #10 0x559a612c242b <unknown>\nE       #11 0x559a612c62ec <unknown>\nE       #12 0x559a612a9a22 <unknown>\nE       #13 0x559a612c6e64 <unknown>\nE       #14 0x559a6128dbef <unknown>\nE       #15 0x559a612e9558 <unknown>\nE       #16 0x559a612e9736 <unknown>\nE       #17 0x559a612f9e76 <unknown>\nE       #18 0x7fee7de9caa4 <unknown>\nE       #19 0x7fee7df29c3c <unknown>\n\n/opt/hostedtoolcache/Python/3.12.5/x64/lib/python3.12/site-packages/selenium/webdriver/support/wait.py:105: TimeoutException","flaky":false,"newFailed":false,"newBroken":true,"newPassed":false,"retriesCount":0,"retriesStatusChange":false,"beforeStages":[{"name":"driver","time":{"start":1744038829157,"stop":1744038829486,"duration":329},"status":"passed","steps":[],"attachments":[],"parameters":[],"shouldDisplayMessage":false,"stepsCount":0,"attachmentsCount":0,"hasContent":false,"attachmentStep":false},{"name":"setup","time":{"start":1744038829486,"stop":1744038829486,"duration":0},"status":"passed","steps":[],"attachments":[],"parameters":[],"shouldDisplayMessage":false,"stepsCount":0,"attachmentsCount":0,"hasContent":false,"attachmentStep":false}],"testStage":{"status":"broken","statusMessage":"selenium.common.exceptions.TimeoutException: Message: \nStacktrace:\n#0 0x559a612faffa <unknown>\n#1 0x559a60db9970 <unknown>\n#2 0x559a60e0b385 <unknown>\n#3 0x559a60e0b5b1 <unknown>\n#4 0x559a60e5a3c4 <unknown>\n#5 0x559a60e312bd <unknown>\n#6 0x559a60e5770c <unknown>\n#7 0x559a60e31063 <unknown>\n#8 0x559a60dfd328 <unknown>\n#9 0x559a60dfe491 <unknown>\n#10 0x559a612c242b <unknown>\n#11 0x559a612c62ec <unknown>\n#12 0x559a612a9a22 <unknown>\n#13 0x559a612c6e64 <unknown>\n#14 0x559a6128dbef <unknown>\n#15 0x559a612e9558 <unknown>\n#16 0x559a612e9736 <unknown>\n#17 0x559a612f9e76 <unknown>\n#18 0x7fee7de9caa4 <unknown>\n#19 0x7fee7df29c3c <unknown>","statusTrace":"self = <tests.regression_ui.test_ui_regression.TestUIRegression object at 0x7fb38c49e810>\ndriver = <selenium.webdriver.chrome.webdriver.WebDriver (session=\"6c3b8a28fcbb0338f796c4273b978575\")>\n\n    @pytest.mark.TC000\n    @pytest.mark.TC008\n    @allure.title('Search functionality')\n    def test_search_board(self, driver):\n        time.sleep(5)\n        with allure.step('Log in to Trello account'):\n            self.test_login(driver)\n            # time.sleep(2)\n        with allure.step('Search the board'):\n>           WebDriverWait(driver, 10).until(EC.visibility_of_element_located((By.XPATH, self.SCC.Search.SEARCH_FIELD))).click()\n\ntests/regression_ui/test_ui_regression.py:258: \n_ _ _ _ _ _ _ _ _ _ _ _ _ _ _ _ _ _ _ _ _ _ _ _ _ _ _ _ _ _ _ _ _ _ _ _ _ _ _ _ \n\nself = <selenium.webdriver.support.wait.WebDriverWait (session=\"6c3b8a28fcbb0338f796c4273b978575\")>\nmethod = <function visibility_of_element_located.<locals>._predicate at 0x7fb38c40cae0>\nmessage = ''\n\n    def until(self, method: Callable[[D], Union[Literal[False], T]], message: str = \"\") -> T:\n        \"\"\"Calls the method provided with the driver as an argument until the \\\n        return value does not evaluate to ``False``.\n    \n        :param method: callable(WebDriver)\n        :param message: optional message for :exc:`TimeoutException`\n        :returns: the result of the last call to `method`\n        :raises: :exc:`selenium.common.exceptions.TimeoutException` if timeout occurs\n        \"\"\"\n        screen = None\n        stacktrace = None\n    \n        end_time = time.monotonic() + self._timeout\n        while True:\n            try:\n                value = method(self._driver)\n                if value:\n                    return value\n            except self._ignored_exceptions as exc:\n                screen = getattr(exc, \"screen\", None)\n                stacktrace = getattr(exc, \"stacktrace\", None)\n            if time.monotonic() > end_time:\n                break\n            time.sleep(self._poll)\n>       raise TimeoutException(message, screen, stacktrace)\nE       selenium.common.exceptions.TimeoutException: Message: \nE       Stacktrace:\nE       #0 0x559a612faffa <unknown>\nE       #1 0x559a60db9970 <unknown>\nE       #2 0x559a60e0b385 <unknown>\nE       #3 0x559a60e0b5b1 <unknown>\nE       #4 0x559a60e5a3c4 <unknown>\nE       #5 0x559a60e312bd <unknown>\nE       #6 0x559a60e5770c <unknown>\nE       #7 0x559a60e31063 <unknown>\nE       #8 0x559a60dfd328 <unknown>\nE       #9 0x559a60dfe491 <unknown>\nE       #10 0x559a612c242b <unknown>\nE       #11 0x559a612c62ec <unknown>\nE       #12 0x559a612a9a22 <unknown>\nE       #13 0x559a612c6e64 <unknown>\nE       #14 0x559a6128dbef <unknown>\nE       #15 0x559a612e9558 <unknown>\nE       #16 0x559a612e9736 <unknown>\nE       #17 0x559a612f9e76 <unknown>\nE       #18 0x7fee7de9caa4 <unknown>\nE       #19 0x7fee7df29c3c <unknown>\n\n/opt/hostedtoolcache/Python/3.12.5/x64/lib/python3.12/site-packages/selenium/webdriver/support/wait.py:105: TimeoutException","steps":[{"name":"Log in to Trello account","time":{"start":1744038834487,"stop":1744038840867,"duration":6380},"status":"passed","steps":[{"name":"Navigate to the Trello page and enter valid credentials (email, password, and 6-digits verification code)","time":{"start":1744038834487,"stop":1744038840867,"duration":6380},"status":"passed","steps":[],"attachments":[],"parameters":[],"shouldDisplayMessage":false,"stepsCount":0,"attachmentsCount":0,"hasContent":false,"attachmentStep":false}],"attachments":[],"parameters":[],"shouldDisplayMessage":false,"stepsCount":1,"attachmentsCount":0,"hasContent":true,"attachmentStep":false},{"name":"Search the board","time":{"start":1744038840867,"stop":1744038851133,"duration":10266},"status":"broken","statusMessage":"selenium.common.exceptions.TimeoutException: Message: \nStacktrace:\n#0 0x559a612faffa <unknown>\n#1 0x559a60db9970 <unknown>\n#2 0x559a60e0b385 <unknown>\n#3 0x559a60e0b5b1 <unknown>\n#4 0x559a60e5a3c4 <unknown>\n#5 0x559a60e312bd <unknown>\n#6 0x559a60e5770c <unknown>\n#7 0x559a60e31063 <unknown>\n#8 0x559a60dfd328 <unknown>\n#9 0x559a60dfe491 <unknown>\n#10 0x559a612c242b <unknown>\n#11 0x559a612c62ec <unknown>\n#12 0x559a612a9a22 <unknown>\n#13 0x559a612c6e64 <unknown>\n#14 0x559a6128dbef <unknown>\n#15 0x559a612e9558 <unknown>\n#16 0x559a612e9736 <unknown>\n#17 0x559a612f9e76 <unknown>\n#18 0x7fee7de9caa4 <unknown>\n#19 0x7fee7df29c3c <unknown>\n\n","statusTrace":"  File \"/home/runner/work/pythonSelenium/pythonSelenium/tests/regression_ui/test_ui_regression.py\", line 258, in test_search_board\n    WebDriverWait(driver, 10).until(EC.visibility_of_element_located((By.XPATH, self.SCC.Search.SEARCH_FIELD))).click()\n    ^^^^^^^^^^^^^^^^^^^^^^^^^^^^^^^^^^^^^^^^^^^^^^^^^^^^^^^^^^^^^^^^^^^^^^^^^^^^^^^^^^^^^^^^^^^^^^^^^^^^^^^^^^^\n  File \"/opt/hostedtoolcache/Python/3.12.5/x64/lib/python3.12/site-packages/selenium/webdriver/support/wait.py\", line 105, in until\n    raise TimeoutException(message, screen, stacktrace)\n","steps":[],"attachments":[],"parameters":[],"shouldDisplayMessage":true,"stepsCount":0,"attachmentsCount":0,"hasContent":true,"attachmentStep":false}],"attachments":[{"uid":"9392eb1845dcf813","name":"log","source":"9392eb1845dcf813.txt","type":"text/plain","size":360}],"parameters":[],"shouldDisplayMessage":true,"stepsCount":3,"attachmentsCount":1,"hasContent":true,"attachmentStep":false},"afterStages":[{"name":"driver::0","time":{"start":1744038851144,"stop":1744038851210,"duration":66},"status":"passed","steps":[],"attachments":[],"parameters":[],"shouldDisplayMessage":false,"stepsCount":0,"attachmentsCount":0,"hasContent":false,"attachmentStep":false}],"labels":[{"name":"tag","value":"TC008"},{"name":"tag","value":"TC000"},{"name":"parentSuite","value":"tests.regression_ui"},{"name":"suite","value":"test_ui_regression"},{"name":"subSuite","value":"TestUIRegression"},{"name":"host","value":"fv-az1288-237"},{"name":"thread","value":"4809-MainThread"},{"name":"framework","value":"pytest"},{"name":"language","value":"cpython3"},{"name":"package","value":"tests.regression_ui.test_ui_regression"},{"name":"resultFormat","value":"allure2"}],"parameters":[],"links":[],"hidden":false,"retry":false,"extra":{"severity":"normal","retries":[],"categories":[{"name":"Test defects","matchedStatuses":[]}],"history":{"statistic":{"failed":0,"broken":47,"skipped":0,"passed":636,"unknown":0,"total":683},"items":[{"uid":"4242d12c09392ac6","status":"passed","time":{"start":1744028411957,"stop":1744028425462,"duration":13505}},{"uid":"2342ca4a1fe111d9","status":"passed","time":{"start":1744017278614,"stop":1744017292407,"duration":13793}},{"uid":"88dd0f184d04622e","status":"broken","statusDetails":"selenium.common.exceptions.TimeoutException: Message: \nStacktrace:\n#0 0x558a814c4ffa <unknown>\n#1 0x558a80f83970 <unknown>\n#2 0x558a80fd5385 <unknown>\n#3 0x558a80fd55b1 <unknown>\n#4 0x558a810243c4 <unknown>\n#5 0x558a80ffb2bd <unknown>\n#6 0x558a8102170c <unknown>\n#7 0x558a80ffb063 <unknown>\n#8 0x558a80fc7328 <unknown>\n#9 0x558a80fc8491 <unknown>\n#10 0x558a8148c42b <unknown>\n#11 0x558a814902ec <unknown>\n#12 0x558a81473a22 <unknown>\n#13 0x558a81490e64 <unknown>\n#14 0x558a81457bef <unknown>\n#15 0x558a814b3558 <unknown>\n#16 0x558a814b3736 <unknown>\n#17 0x558a814c3e76 <unknown>\n#18 0x7f95cb49caa4 <unknown>\n#19 0x7f95cb529c3c <unknown>","time":{"start":1744006606432,"stop":1744006627592,"duration":21160}},{"uid":"e0e2a053ec5f2983","status":"passed","time":{"start":1743996785808,"stop":1743996799849,"duration":14041}},{"uid":"d10f81da3fbbf6d3","status":"passed","time":{"start":1743986872954,"stop":1743986886402,"duration":13448}},{"uid":"deee87bcdbf59296","status":"broken","statusDetails":"selenium.common.exceptions.TimeoutException: Message: \nStacktrace:\n#0 0x562d7e9d7ffa <unknown>\n#1 0x562d7e496970 <unknown>\n#2 0x562d7e4e8385 <unknown>\n#3 0x562d7e4e85b1 <unknown>\n#4 0x562d7e5373c4 <unknown>\n#5 0x562d7e50e2bd <unknown>\n#6 0x562d7e53470c <unknown>\n#7 0x562d7e50e063 <unknown>\n#8 0x562d7e4da328 <unknown>\n#9 0x562d7e4db491 <unknown>\n#10 0x562d7e99f42b <unknown>\n#11 0x562d7e9a32ec <unknown>\n#12 0x562d7e986a22 <unknown>\n#13 0x562d7e9a3e64 <unknown>\n#14 0x562d7e96abef <unknown>\n#15 0x562d7e9c6558 <unknown>\n#16 0x562d7e9c6736 <unknown>\n#17 0x562d7e9d6e76 <unknown>\n#18 0x7f6691e9caa4 <unknown>\n#19 0x7f6691f29c3c <unknown>","time":{"start":1743973850281,"stop":1743973871458,"duration":21177}},{"uid":"a6fe0af548b26ddf","status":"passed","time":{"start":1743963338791,"stop":1743963352150,"duration":13359}},{"uid":"6fc35c2160657074","status":"passed","time":{"start":1743952297075,"stop":1743952310470,"duration":13395}},{"uid":"74a1d62a1ce9ce8b","status":"passed","time":{"start":1743941948207,"stop":1743941961620,"duration":13413}},{"uid":"90abacf20250eddf","status":"passed","time":{"start":1743930700405,"stop":1743930713904,"duration":13499}},{"uid":"37fb8aa4eb0e3d2b","status":"passed","time":{"start":1743920165460,"stop":1743920179034,"duration":13574}},{"uid":"8cba348b6b3e740e","status":"passed","time":{"start":1743910301640,"stop":1743910316035,"duration":14395}},{"uid":"f6b3746b55e9435b","status":"passed","time":{"start":1743900668400,"stop":1743900681711,"duration":13311}},{"uid":"e2e3b8800d5e321f","status":"broken","statusDetails":"selenium.common.exceptions.TimeoutException: Message: \nStacktrace:\n#0 0x563198db8ffa <unknown>\n#1 0x563198877970 <unknown>\n#2 0x5631988c9385 <unknown>\n#3 0x5631988c95b1 <unknown>\n#4 0x5631989183c4 <unknown>\n#5 0x5631988ef2bd <unknown>\n#6 0x56319891570c <unknown>\n#7 0x5631988ef063 <unknown>\n#8 0x5631988bb328 <unknown>\n#9 0x5631988bc491 <unknown>\n#10 0x563198d8042b <unknown>\n#11 0x563198d842ec <unknown>\n#12 0x563198d67a22 <unknown>\n#13 0x563198d84e64 <unknown>\n#14 0x563198d4bbef <unknown>\n#15 0x563198da7558 <unknown>\n#16 0x563198da7736 <unknown>\n#17 0x563198db7e76 <unknown>\n#18 0x7f9e55c9caa4 <unknown>\n#19 0x7f9e55d29c3c <unknown>","time":{"start":1743887504622,"stop":1743887526347,"duration":21725}},{"uid":"27fc74b9feb3b377","status":"passed","time":{"start":1743876834452,"stop":1743876847948,"duration":13496}},{"uid":"9e493c8e5be7ad57","status":"passed","time":{"start":1743865842342,"stop":1743865855723,"duration":13381}},{"uid":"bd792be815ebf445","status":"passed","time":{"start":1743855463567,"stop":1743855477003,"duration":13436}},{"uid":"b6ab9372077def64","status":"passed","time":{"start":1743844433210,"stop":1743844446664,"duration":13454}},{"uid":"4b46bc4ddf11959d","status":"passed","time":{"start":1743833752689,"stop":1743833766450,"duration":13761}},{"uid":"c0ebc00696400821","status":"passed","time":{"start":1743823688338,"stop":1743823702249,"duration":13911}}]},"tags":["TC008","TC000"]},"source":"5794aafa96657292.json","parameterValues":[]}