{"uid":"57cecfee361acdaa","name":"Drag and drop card from one list to another","fullName":"tests.regression_ui.test_ui_regression.TestUIRegression#test_drag_n_drop_card","historyId":"58c27d4ea8138de64fd4e105da17ea92","time":{"start":1742969708890,"stop":1742969726303,"duration":17413},"status":"broken","statusMessage":"selenium.common.exceptions.NoSuchElementException: Message: no such element: Unable to locate element: {\"method\":\"xpath\",\"selector\":\"//*[contains(text(), 'new_card')]\"}\n  (Session info: chrome=134.0.6998.165); For documentation on this error, please visit: https://www.selenium.dev/documentation/webdriver/troubleshooting/errors#no-such-element-exception\nStacktrace:\n#0 0x560f9d661a1a <unknown>\n#1 0x560f9d119390 <unknown>\n#2 0x560f9d16ac85 <unknown>\n#3 0x560f9d16aeb1 <unknown>\n#4 0x560f9d1b9d64 <unknown>\n#5 0x560f9d190bfd <unknown>\n#6 0x560f9d1b707b <unknown>\n#7 0x560f9d1909a3 <unknown>\n#8 0x560f9d15c60e <unknown>\n#9 0x560f9d15ddd1 <unknown>\n#10 0x560f9d627ddb <unknown>\n#11 0x560f9d62bcbc <unknown>\n#12 0x560f9d60f392 <unknown>\n#13 0x560f9d62c834 <unknown>\n#14 0x560f9d5f31ef <unknown>\n#15 0x560f9d650038 <unknown>\n#16 0x560f9d650216 <unknown>\n#17 0x560f9d660896 <unknown>\n#18 0x7f46c3c9caa4 <unknown>\n#19 0x7f46c3d29c3c <unknown>","statusTrace":"self = <tests.regression_ui.test_ui_regression.TestUIRegression object at 0x7f2ad874e810>\ndriver = <selenium.webdriver.chrome.webdriver.WebDriver (session=\"a28cc53047534d05a812bc0ba6af182d\")>\n\n    @pytest.mark.TC000\n    @pytest.mark.TC005\n    @allure.title('Drag and drop card from one list to another')\n    def test_drag_n_drop_card(self, driver):\n        time.sleep(7)\n        with allure.step('Log in to Trello account'):\n            self.test_login(driver)\n        with allure.step('Drag and drop card from one list to another list'):\n            WebDriverWait(driver, 10).until(EC.element_to_be_clickable((By.XPATH, self.SCC.Board.BOARD_TITLE))).click()\n            WebDriverWait(driver, 10).until(EC.element_to_be_clickable((By.XPATH, self.SCC.Board.ADD_ANOTHER_LIST_BUTTON))).click()\n            driver.find_element(By.XPATH, self.SCC.Board.ENTER_LIST_NAME_FIELD).send_keys('new_list_2')\n            driver.find_element(By.XPATH, self.SCC.Board.ADD_LIST_SUBMIT_BUTTON).click()\n            time.sleep(3)\n>           source_element = driver.find_element(By.XPATH, self.SCC.List.NEW_CARD_TITLE)\n\ntests/regression_ui/test_ui_regression.py:175: \n_ _ _ _ _ _ _ _ _ _ _ _ _ _ _ _ _ _ _ _ _ _ _ _ _ _ _ _ _ _ _ _ _ _ _ _ _ _ _ _ \n/opt/hostedtoolcache/Python/3.12.5/x64/lib/python3.12/site-packages/selenium/webdriver/remote/webdriver.py:770: in find_element\n    return self.execute(Command.FIND_ELEMENT, {\"using\": by, \"value\": value})[\"value\"]\n/opt/hostedtoolcache/Python/3.12.5/x64/lib/python3.12/site-packages/selenium/webdriver/remote/webdriver.py:384: in execute\n    self.error_handler.check_response(response)\n_ _ _ _ _ _ _ _ _ _ _ _ _ _ _ _ _ _ _ _ _ _ _ _ _ _ _ _ _ _ _ _ _ _ _ _ _ _ _ _ \n\nself = <selenium.webdriver.remote.errorhandler.ErrorHandler object at 0x7f2ad8751700>\nresponse = {'status': 404, 'value': '{\"value\":{\"error\":\"no such element\",\"message\":\"no such element: Unable to locate element: {\\...\\\\n#17 0x560f9d660896 \\\\u003Cunknown>\\\\n#18 0x7f46c3c9caa4 \\\\u003Cunknown>\\\\n#19 0x7f46c3d29c3c \\\\u003Cunknown>\\\\n\"}}'}\n\n    def check_response(self, response: Dict[str, Any]) -> None:\n        \"\"\"Checks that a JSON response from the WebDriver does not have an\n        error.\n    \n        :Args:\n         - response - The JSON response from the WebDriver server as a dictionary\n           object.\n    \n        :Raises: If the response contains an error message.\n        \"\"\"\n        status = response.get(\"status\", None)\n        if not status or status == ErrorCode.SUCCESS:\n            return\n        value = None\n        message = response.get(\"message\", \"\")\n        screen: str = response.get(\"screen\", \"\")\n        stacktrace = None\n        if isinstance(status, int):\n            value_json = response.get(\"value\", None)\n            if value_json and isinstance(value_json, str):\n                import json\n    \n                try:\n                    value = json.loads(value_json)\n                    if len(value) == 1:\n                        value = value[\"value\"]\n                    status = value.get(\"error\", None)\n                    if not status:\n                        status = value.get(\"status\", ErrorCode.UNKNOWN_ERROR)\n                        message = value.get(\"value\") or value.get(\"message\")\n                        if not isinstance(message, str):\n                            value = message\n                            message = message.get(\"message\")\n                    else:\n                        message = value.get(\"message\", None)\n                except ValueError:\n                    pass\n    \n        exception_class: Type[WebDriverException]\n        e = ErrorCode()\n        error_codes = [item for item in dir(e) if not item.startswith(\"__\")]\n        for error_code in error_codes:\n            error_info = getattr(ErrorCode, error_code)\n            if isinstance(error_info, list) and status in error_info:\n                exception_class = getattr(ExceptionMapping, error_code, WebDriverException)\n                break\n        else:\n            exception_class = WebDriverException\n    \n        if not value:\n            value = response[\"value\"]\n        if isinstance(value, str):\n            raise exception_class(value)\n        if message == \"\" and \"message\" in value:\n            message = value[\"message\"]\n    \n        screen = None  # type: ignore[assignment]\n        if \"screen\" in value:\n            screen = value[\"screen\"]\n    \n        stacktrace = None\n        st_value = value.get(\"stackTrace\") or value.get(\"stacktrace\")\n        if st_value:\n            if isinstance(st_value, str):\n                stacktrace = st_value.split(\"\\n\")\n            else:\n                stacktrace = []\n                try:\n                    for frame in st_value:\n                        line = frame.get(\"lineNumber\", \"\")\n                        file = frame.get(\"fileName\", \"<anonymous>\")\n                        if line:\n                            file = f\"{file}:{line}\"\n                        meth = frame.get(\"methodName\", \"<anonymous>\")\n                        if \"className\" in frame:\n                            meth = f\"{frame['className']}.{meth}\"\n                        msg = \"    at %s (%s)\"\n                        msg = msg % (meth, file)\n                        stacktrace.append(msg)\n                except TypeError:\n                    pass\n        if exception_class == UnexpectedAlertPresentException:\n            alert_text = None\n            if \"data\" in value:\n                alert_text = value[\"data\"].get(\"text\")\n            elif \"alert\" in value:\n                alert_text = value[\"alert\"].get(\"text\")\n            raise exception_class(message, screen, stacktrace, alert_text)  # type: ignore[call-arg]  # mypy is not smart enough here\n>       raise exception_class(message, screen, stacktrace)\nE       selenium.common.exceptions.NoSuchElementException: Message: no such element: Unable to locate element: {\"method\":\"xpath\",\"selector\":\"//*[contains(text(), 'new_card')]\"}\nE         (Session info: chrome=134.0.6998.165); For documentation on this error, please visit: https://www.selenium.dev/documentation/webdriver/troubleshooting/errors#no-such-element-exception\nE       Stacktrace:\nE       #0 0x560f9d661a1a <unknown>\nE       #1 0x560f9d119390 <unknown>\nE       #2 0x560f9d16ac85 <unknown>\nE       #3 0x560f9d16aeb1 <unknown>\nE       #4 0x560f9d1b9d64 <unknown>\nE       #5 0x560f9d190bfd <unknown>\nE       #6 0x560f9d1b707b <unknown>\nE       #7 0x560f9d1909a3 <unknown>\nE       #8 0x560f9d15c60e <unknown>\nE       #9 0x560f9d15ddd1 <unknown>\nE       #10 0x560f9d627ddb <unknown>\nE       #11 0x560f9d62bcbc <unknown>\nE       #12 0x560f9d60f392 <unknown>\nE       #13 0x560f9d62c834 <unknown>\nE       #14 0x560f9d5f31ef <unknown>\nE       #15 0x560f9d650038 <unknown>\nE       #16 0x560f9d650216 <unknown>\nE       #17 0x560f9d660896 <unknown>\nE       #18 0x7f46c3c9caa4 <unknown>\nE       #19 0x7f46c3d29c3c <unknown>\n\n/opt/hostedtoolcache/Python/3.12.5/x64/lib/python3.12/site-packages/selenium/webdriver/remote/errorhandler.py:232: NoSuchElementException","flaky":false,"newFailed":false,"newBroken":false,"newPassed":false,"retriesCount":0,"retriesStatusChange":false,"beforeStages":[{"name":"driver","time":{"start":1742969708571,"stop":1742969708889,"duration":318},"status":"passed","steps":[],"attachments":[],"parameters":[],"shouldDisplayMessage":false,"stepsCount":0,"attachmentsCount":0,"hasContent":false,"attachmentStep":false},{"name":"setup","time":{"start":1742969708889,"stop":1742969708889,"duration":0},"status":"passed","steps":[],"attachments":[],"parameters":[],"shouldDisplayMessage":false,"stepsCount":0,"attachmentsCount":0,"hasContent":false,"attachmentStep":false}],"testStage":{"status":"broken","statusMessage":"selenium.common.exceptions.NoSuchElementException: Message: no such element: Unable to locate element: {\"method\":\"xpath\",\"selector\":\"//*[contains(text(), 'new_card')]\"}\n  (Session info: chrome=134.0.6998.165); For documentation on this error, please visit: https://www.selenium.dev/documentation/webdriver/troubleshooting/errors#no-such-element-exception\nStacktrace:\n#0 0x560f9d661a1a <unknown>\n#1 0x560f9d119390 <unknown>\n#2 0x560f9d16ac85 <unknown>\n#3 0x560f9d16aeb1 <unknown>\n#4 0x560f9d1b9d64 <unknown>\n#5 0x560f9d190bfd <unknown>\n#6 0x560f9d1b707b <unknown>\n#7 0x560f9d1909a3 <unknown>\n#8 0x560f9d15c60e <unknown>\n#9 0x560f9d15ddd1 <unknown>\n#10 0x560f9d627ddb <unknown>\n#11 0x560f9d62bcbc <unknown>\n#12 0x560f9d60f392 <unknown>\n#13 0x560f9d62c834 <unknown>\n#14 0x560f9d5f31ef <unknown>\n#15 0x560f9d650038 <unknown>\n#16 0x560f9d650216 <unknown>\n#17 0x560f9d660896 <unknown>\n#18 0x7f46c3c9caa4 <unknown>\n#19 0x7f46c3d29c3c <unknown>","statusTrace":"self = <tests.regression_ui.test_ui_regression.TestUIRegression object at 0x7f2ad874e810>\ndriver = <selenium.webdriver.chrome.webdriver.WebDriver (session=\"a28cc53047534d05a812bc0ba6af182d\")>\n\n    @pytest.mark.TC000\n    @pytest.mark.TC005\n    @allure.title('Drag and drop card from one list to another')\n    def test_drag_n_drop_card(self, driver):\n        time.sleep(7)\n        with allure.step('Log in to Trello account'):\n            self.test_login(driver)\n        with allure.step('Drag and drop card from one list to another list'):\n            WebDriverWait(driver, 10).until(EC.element_to_be_clickable((By.XPATH, self.SCC.Board.BOARD_TITLE))).click()\n            WebDriverWait(driver, 10).until(EC.element_to_be_clickable((By.XPATH, self.SCC.Board.ADD_ANOTHER_LIST_BUTTON))).click()\n            driver.find_element(By.XPATH, self.SCC.Board.ENTER_LIST_NAME_FIELD).send_keys('new_list_2')\n            driver.find_element(By.XPATH, self.SCC.Board.ADD_LIST_SUBMIT_BUTTON).click()\n            time.sleep(3)\n>           source_element = driver.find_element(By.XPATH, self.SCC.List.NEW_CARD_TITLE)\n\ntests/regression_ui/test_ui_regression.py:175: \n_ _ _ _ _ _ _ _ _ _ _ _ _ _ _ _ _ _ _ _ _ _ _ _ _ _ _ _ _ _ _ _ _ _ _ _ _ _ _ _ \n/opt/hostedtoolcache/Python/3.12.5/x64/lib/python3.12/site-packages/selenium/webdriver/remote/webdriver.py:770: in find_element\n    return self.execute(Command.FIND_ELEMENT, {\"using\": by, \"value\": value})[\"value\"]\n/opt/hostedtoolcache/Python/3.12.5/x64/lib/python3.12/site-packages/selenium/webdriver/remote/webdriver.py:384: in execute\n    self.error_handler.check_response(response)\n_ _ _ _ _ _ _ _ _ _ _ _ _ _ _ _ _ _ _ _ _ _ _ _ _ _ _ _ _ _ _ _ _ _ _ _ _ _ _ _ \n\nself = <selenium.webdriver.remote.errorhandler.ErrorHandler object at 0x7f2ad8751700>\nresponse = {'status': 404, 'value': '{\"value\":{\"error\":\"no such element\",\"message\":\"no such element: Unable to locate element: {\\...\\\\n#17 0x560f9d660896 \\\\u003Cunknown>\\\\n#18 0x7f46c3c9caa4 \\\\u003Cunknown>\\\\n#19 0x7f46c3d29c3c \\\\u003Cunknown>\\\\n\"}}'}\n\n    def check_response(self, response: Dict[str, Any]) -> None:\n        \"\"\"Checks that a JSON response from the WebDriver does not have an\n        error.\n    \n        :Args:\n         - response - The JSON response from the WebDriver server as a dictionary\n           object.\n    \n        :Raises: If the response contains an error message.\n        \"\"\"\n        status = response.get(\"status\", None)\n        if not status or status == ErrorCode.SUCCESS:\n            return\n        value = None\n        message = response.get(\"message\", \"\")\n        screen: str = response.get(\"screen\", \"\")\n        stacktrace = None\n        if isinstance(status, int):\n            value_json = response.get(\"value\", None)\n            if value_json and isinstance(value_json, str):\n                import json\n    \n                try:\n                    value = json.loads(value_json)\n                    if len(value) == 1:\n                        value = value[\"value\"]\n                    status = value.get(\"error\", None)\n                    if not status:\n                        status = value.get(\"status\", ErrorCode.UNKNOWN_ERROR)\n                        message = value.get(\"value\") or value.get(\"message\")\n                        if not isinstance(message, str):\n                            value = message\n                            message = message.get(\"message\")\n                    else:\n                        message = value.get(\"message\", None)\n                except ValueError:\n                    pass\n    \n        exception_class: Type[WebDriverException]\n        e = ErrorCode()\n        error_codes = [item for item in dir(e) if not item.startswith(\"__\")]\n        for error_code in error_codes:\n            error_info = getattr(ErrorCode, error_code)\n            if isinstance(error_info, list) and status in error_info:\n                exception_class = getattr(ExceptionMapping, error_code, WebDriverException)\n                break\n        else:\n            exception_class = WebDriverException\n    \n        if not value:\n            value = response[\"value\"]\n        if isinstance(value, str):\n            raise exception_class(value)\n        if message == \"\" and \"message\" in value:\n            message = value[\"message\"]\n    \n        screen = None  # type: ignore[assignment]\n        if \"screen\" in value:\n            screen = value[\"screen\"]\n    \n        stacktrace = None\n        st_value = value.get(\"stackTrace\") or value.get(\"stacktrace\")\n        if st_value:\n            if isinstance(st_value, str):\n                stacktrace = st_value.split(\"\\n\")\n            else:\n                stacktrace = []\n                try:\n                    for frame in st_value:\n                        line = frame.get(\"lineNumber\", \"\")\n                        file = frame.get(\"fileName\", \"<anonymous>\")\n                        if line:\n                            file = f\"{file}:{line}\"\n                        meth = frame.get(\"methodName\", \"<anonymous>\")\n                        if \"className\" in frame:\n                            meth = f\"{frame['className']}.{meth}\"\n                        msg = \"    at %s (%s)\"\n                        msg = msg % (meth, file)\n                        stacktrace.append(msg)\n                except TypeError:\n                    pass\n        if exception_class == UnexpectedAlertPresentException:\n            alert_text = None\n            if \"data\" in value:\n                alert_text = value[\"data\"].get(\"text\")\n            elif \"alert\" in value:\n                alert_text = value[\"alert\"].get(\"text\")\n            raise exception_class(message, screen, stacktrace, alert_text)  # type: ignore[call-arg]  # mypy is not smart enough here\n>       raise exception_class(message, screen, stacktrace)\nE       selenium.common.exceptions.NoSuchElementException: Message: no such element: Unable to locate element: {\"method\":\"xpath\",\"selector\":\"//*[contains(text(), 'new_card')]\"}\nE         (Session info: chrome=134.0.6998.165); For documentation on this error, please visit: https://www.selenium.dev/documentation/webdriver/troubleshooting/errors#no-such-element-exception\nE       Stacktrace:\nE       #0 0x560f9d661a1a <unknown>\nE       #1 0x560f9d119390 <unknown>\nE       #2 0x560f9d16ac85 <unknown>\nE       #3 0x560f9d16aeb1 <unknown>\nE       #4 0x560f9d1b9d64 <unknown>\nE       #5 0x560f9d190bfd <unknown>\nE       #6 0x560f9d1b707b <unknown>\nE       #7 0x560f9d1909a3 <unknown>\nE       #8 0x560f9d15c60e <unknown>\nE       #9 0x560f9d15ddd1 <unknown>\nE       #10 0x560f9d627ddb <unknown>\nE       #11 0x560f9d62bcbc <unknown>\nE       #12 0x560f9d60f392 <unknown>\nE       #13 0x560f9d62c834 <unknown>\nE       #14 0x560f9d5f31ef <unknown>\nE       #15 0x560f9d650038 <unknown>\nE       #16 0x560f9d650216 <unknown>\nE       #17 0x560f9d660896 <unknown>\nE       #18 0x7f46c3c9caa4 <unknown>\nE       #19 0x7f46c3d29c3c <unknown>\n\n/opt/hostedtoolcache/Python/3.12.5/x64/lib/python3.12/site-packages/selenium/webdriver/remote/errorhandler.py:232: NoSuchElementException","steps":[{"name":"Log in to Trello account","time":{"start":1742969715890,"stop":1742969721999,"duration":6109},"status":"passed","steps":[{"name":"Navigate to the Trello page and enter valid credentials (email, password, and 6-digits verification code)","time":{"start":1742969715890,"stop":1742969721999,"duration":6109},"status":"passed","steps":[],"attachments":[],"parameters":[],"shouldDisplayMessage":false,"stepsCount":0,"attachmentsCount":0,"hasContent":false,"attachmentStep":false}],"attachments":[],"parameters":[],"shouldDisplayMessage":false,"stepsCount":1,"attachmentsCount":0,"hasContent":true,"attachmentStep":false},{"name":"Drag and drop card from one list to another list","time":{"start":1742969721999,"stop":1742969726302,"duration":4303},"status":"broken","statusMessage":"selenium.common.exceptions.NoSuchElementException: Message: no such element: Unable to locate element: {\"method\":\"xpath\",\"selector\":\"//*[contains(text(), 'new_card')]\"}\n  (Session info: chrome=134.0.6998.165); For documentation on this error, please visit: https://www.selenium.dev/documentation/webdriver/troubleshooting/errors#no-such-element-exception\nStacktrace:\n#0 0x560f9d661a1a <unknown>\n#1 0x560f9d119390 <unknown>\n#2 0x560f9d16ac85 <unknown>\n#3 0x560f9d16aeb1 <unknown>\n#4 0x560f9d1b9d64 <unknown>\n#5 0x560f9d190bfd <unknown>\n#6 0x560f9d1b707b <unknown>\n#7 0x560f9d1909a3 <unknown>\n#8 0x560f9d15c60e <unknown>\n#9 0x560f9d15ddd1 <unknown>\n#10 0x560f9d627ddb <unknown>\n#11 0x560f9d62bcbc <unknown>\n#12 0x560f9d60f392 <unknown>\n#13 0x560f9d62c834 <unknown>\n#14 0x560f9d5f31ef <unknown>\n#15 0x560f9d650038 <unknown>\n#16 0x560f9d650216 <unknown>\n#17 0x560f9d660896 <unknown>\n#18 0x7f46c3c9caa4 <unknown>\n#19 0x7f46c3d29c3c <unknown>\n\n","statusTrace":"  File \"/home/runner/work/pythonSelenium/pythonSelenium/tests/regression_ui/test_ui_regression.py\", line 175, in test_drag_n_drop_card\n    source_element = driver.find_element(By.XPATH, self.SCC.List.NEW_CARD_TITLE)\n                     ^^^^^^^^^^^^^^^^^^^^^^^^^^^^^^^^^^^^^^^^^^^^^^^^^^^^^^^^^^^\n  File \"/opt/hostedtoolcache/Python/3.12.5/x64/lib/python3.12/site-packages/selenium/webdriver/remote/webdriver.py\", line 770, in find_element\n    return self.execute(Command.FIND_ELEMENT, {\"using\": by, \"value\": value})[\"value\"]\n           ^^^^^^^^^^^^^^^^^^^^^^^^^^^^^^^^^^^^^^^^^^^^^^^^^^^^^^^^^^^^^^^^^\n  File \"/opt/hostedtoolcache/Python/3.12.5/x64/lib/python3.12/site-packages/selenium/webdriver/remote/webdriver.py\", line 384, in execute\n    self.error_handler.check_response(response)\n  File \"/opt/hostedtoolcache/Python/3.12.5/x64/lib/python3.12/site-packages/selenium/webdriver/remote/errorhandler.py\", line 232, in check_response\n    raise exception_class(message, screen, stacktrace)\n","steps":[],"attachments":[],"parameters":[],"shouldDisplayMessage":true,"stepsCount":0,"attachmentsCount":0,"hasContent":true,"attachmentStep":false}],"attachments":[],"parameters":[],"shouldDisplayMessage":true,"stepsCount":3,"attachmentsCount":0,"hasContent":true,"attachmentStep":false},"afterStages":[{"name":"driver::0","time":{"start":1742969726332,"stop":1742969726402,"duration":70},"status":"passed","steps":[],"attachments":[],"parameters":[],"shouldDisplayMessage":false,"stepsCount":0,"attachmentsCount":0,"hasContent":false,"attachmentStep":false}],"labels":[{"name":"tag","value":"TC005"},{"name":"tag","value":"TC000"},{"name":"parentSuite","value":"tests.regression_ui"},{"name":"suite","value":"test_ui_regression"},{"name":"subSuite","value":"TestUIRegression"},{"name":"host","value":"fv-az1938-282"},{"name":"thread","value":"4100-MainThread"},{"name":"framework","value":"pytest"},{"name":"language","value":"cpython3"},{"name":"package","value":"tests.regression_ui.test_ui_regression"},{"name":"resultFormat","value":"allure2"}],"parameters":[],"links":[],"hidden":false,"retry":false,"extra":{"severity":"normal","retries":[],"categories":[{"name":"Test defects","matchedStatuses":[]}],"history":{"statistic":{"failed":6,"broken":33,"skipped":0,"passed":561,"unknown":0,"total":600},"items":[{"uid":"593cc180f274c5bd","status":"broken","statusDetails":"selenium.common.exceptions.TimeoutException: Message: \nStacktrace:\n#0 0x5584175e4a1a <unknown>\n#1 0x55841709c390 <unknown>\n#2 0x5584170edc85 <unknown>\n#3 0x5584170edeb1 <unknown>\n#4 0x55841713cd64 <unknown>\n#5 0x558417113bfd <unknown>\n#6 0x55841713a07b <unknown>\n#7 0x5584171139a3 <unknown>\n#8 0x5584170df60e <unknown>\n#9 0x5584170e0dd1 <unknown>\n#10 0x5584175aaddb <unknown>\n#11 0x5584175aecbc <unknown>\n#12 0x558417592392 <unknown>\n#13 0x5584175af834 <unknown>\n#14 0x5584175761ef <unknown>\n#15 0x5584175d3038 <unknown>\n#16 0x5584175d3216 <unknown>\n#17 0x5584175e3896 <unknown>\n#18 0x7f92e049caa4 <unknown>\n#19 0x7f92e0529c3c <unknown>","time":{"start":1742959557862,"stop":1742959581653,"duration":23791}},{"uid":"b8bb9b8caa6a9b5b","status":"passed","time":{"start":1742949909495,"stop":1742949939142,"duration":29647}},{"uid":"e16af9d771887444","status":"passed","time":{"start":1742936982202,"stop":1742937011169,"duration":28967}},{"uid":"472d31aede25df7","status":"passed","time":{"start":1742926483240,"stop":1742926512235,"duration":28995}},{"uid":"ab226aa0c7827e6e","status":"passed","time":{"start":1742915472594,"stop":1742915502270,"duration":29676}},{"uid":"4ff10f0fe428fa02","status":"passed","time":{"start":1742905118066,"stop":1742905148289,"duration":30223}},{"uid":"76f25f4a376f1189","status":"passed","time":{"start":1742893900880,"stop":1742893929746,"duration":28866}},{"uid":"6b92bf739cddfb0d","status":"passed","time":{"start":1742883310482,"stop":1742883339444,"duration":28962}},{"uid":"4b8edfb4b29ec2ad","status":"passed","time":{"start":1742873201011,"stop":1742873230123,"duration":29112}},{"uid":"e416fd4406f3c1dc","status":"passed","time":{"start":1742863480856,"stop":1742863510029,"duration":29173}},{"uid":"483e6bc6ef67e66d","status":"passed","time":{"start":1742850608571,"stop":1742850643085,"duration":34514}},{"uid":"317d984ec83f0701","status":"passed","time":{"start":1742840082669,"stop":1742840112141,"duration":29472}},{"uid":"2bc76262cc3fae7a","status":"passed","time":{"start":1742829102360,"stop":1742829131713,"duration":29353}},{"uid":"95f403431d3c1a","status":"passed","time":{"start":1742818812731,"stop":1742818842561,"duration":29830}},{"uid":"86293f25035ce997","status":"passed","time":{"start":1742807622213,"stop":1742807651536,"duration":29323}},{"uid":"3f70d65719c09405","status":"passed","time":{"start":1742796969814,"stop":1742796998960,"duration":29146}},{"uid":"8eb44ffc6c30224f","status":"passed","time":{"start":1742787042924,"stop":1742787072110,"duration":29186}},{"uid":"2bc0ff799fc930e1","status":"passed","time":{"start":1742777322732,"stop":1742777353264,"duration":30532}},{"uid":"e2217eb04ef7672b","status":"passed","time":{"start":1742764208431,"stop":1742764243901,"duration":35470}},{"uid":"d88a7bc67ca1310c","status":"broken","statusDetails":"selenium.common.exceptions.TimeoutException: Message: \nStacktrace:\n#0 0x55cdc5f9fa1a <unknown>\n#1 0x55cdc5a57390 <unknown>\n#2 0x55cdc5aa8c85 <unknown>\n#3 0x55cdc5aa8eb1 <unknown>\n#4 0x55cdc5af7d64 <unknown>\n#5 0x55cdc5acebfd <unknown>\n#6 0x55cdc5af507b <unknown>\n#7 0x55cdc5ace9a3 <unknown>\n#8 0x55cdc5a9a60e <unknown>\n#9 0x55cdc5a9bdd1 <unknown>\n#10 0x55cdc5f65ddb <unknown>\n#11 0x55cdc5f69cbc <unknown>\n#12 0x55cdc5f4d392 <unknown>\n#13 0x55cdc5f6a834 <unknown>\n#14 0x55cdc5f311ef <unknown>\n#15 0x55cdc5f8e038 <unknown>\n#16 0x55cdc5f8e216 <unknown>\n#17 0x55cdc5f9e896 <unknown>\n#18 0x7fc04c29caa4 <unknown>\n#19 0x7fc04c329c3c <unknown>","time":{"start":1742753521840,"stop":1742753539473,"duration":17633}}]},"tags":["TC005","TC000"]},"source":"57cecfee361acdaa.json","parameterValues":[]}