{"uid":"597d305a2daa72a6","name":"Label a Card","fullName":"tests.regression_ui.test_ui_regression.TestUIRegression#test_label_card","historyId":"81bf587fe9f2db9e87ee2dc06e7308b0","time":{"start":1743996764640,"stop":1743996785395,"duration":20755},"status":"broken","statusMessage":"selenium.common.exceptions.NoSuchElementException: Message: no such element: Unable to locate element: {\"method\":\"xpath\",\"selector\":\"//*[contains(text(), 'new_card')]\"}\n  (Session info: chrome=135.0.7049.52); For documentation on this error, please visit: https://www.selenium.dev/documentation/webdriver/troubleshooting/errors#no-such-element-exception\nStacktrace:\n#0 0x55bed8ec6ffa <unknown>\n#1 0x55bed8985970 <unknown>\n#2 0x55bed89d7385 <unknown>\n#3 0x55bed89d75b1 <unknown>\n#4 0x55bed8a263c4 <unknown>\n#5 0x55bed89fd2bd <unknown>\n#6 0x55bed8a2370c <unknown>\n#7 0x55bed89fd063 <unknown>\n#8 0x55bed89c9328 <unknown>\n#9 0x55bed89ca491 <unknown>\n#10 0x55bed8e8e42b <unknown>\n#11 0x55bed8e922ec <unknown>\n#12 0x55bed8e75a22 <unknown>\n#13 0x55bed8e92e64 <unknown>\n#14 0x55bed8e59bef <unknown>\n#15 0x55bed8eb5558 <unknown>\n#16 0x55bed8eb5736 <unknown>\n#17 0x55bed8ec5e76 <unknown>\n#18 0x7fca7aa9caa4 <unknown>\n#19 0x7fca7ab29c3c <unknown>","statusTrace":"self = <tests.regression_ui.test_ui_regression.TestUIRegression object at 0x7fe6432b26f0>\ndriver = <selenium.webdriver.chrome.webdriver.WebDriver (session=\"0d3f0e7af4056f092420b5d5c5e3607f\")>\n\n    @pytest.mark.TC000\n    @pytest.mark.TC007\n    @allure.title('Label a Card')\n    def test_label_card(self, driver):\n        time.sleep(4)\n        with allure.step('Log in to Trello account'):\n            self.test_login(driver)\n    \n        with allure.step('Open a board and select a card'):\n            try:\n                WebDriverWait(driver, 10).until(EC.element_to_be_clickable((By.XPATH, self.SCC.Board.BOARD_TITLE))).click()\n                WebDriverWait(driver, 10).until(EC.visibility_of_element_located((By.XPATH, self.SCC.Board.LIST_TITLE))).click()\n                driver.find_element(By.XPATH, self.SCC.List.ADD_A_CARD_BUTTON).click()\n                driver.find_element(By.XPATH, self.SCC.List.CARD_NAME_FIELD).click()\n                time.sleep(1)\n                driver.find_element(By.XPATH, self.SCC.List.CARD_NAME_FIELD).send_keys('new_card')\n                driver.find_element(By.XPATH, self.SCC.List.ADD_CARD_SUBMIT_BUTTOMN).click()\n                time.sleep(3)\n            except Exception as e:\n                log.info(\"An error occurred: \", str(e))\n    \n        with allure.step('Click the card to open and archive it'):\n>           driver.find_element(By.XPATH, self.SCC.List.CARD_TO_ARCHIVE).click()\n\ntests/regression_ui/test_ui_regression.py:239: \n_ _ _ _ _ _ _ _ _ _ _ _ _ _ _ _ _ _ _ _ _ _ _ _ _ _ _ _ _ _ _ _ _ _ _ _ _ _ _ _ \n/opt/hostedtoolcache/Python/3.12.5/x64/lib/python3.12/site-packages/selenium/webdriver/remote/webdriver.py:770: in find_element\n    return self.execute(Command.FIND_ELEMENT, {\"using\": by, \"value\": value})[\"value\"]\n/opt/hostedtoolcache/Python/3.12.5/x64/lib/python3.12/site-packages/selenium/webdriver/remote/webdriver.py:384: in execute\n    self.error_handler.check_response(response)\n_ _ _ _ _ _ _ _ _ _ _ _ _ _ _ _ _ _ _ _ _ _ _ _ _ _ _ _ _ _ _ _ _ _ _ _ _ _ _ _ \n\nself = <selenium.webdriver.remote.errorhandler.ErrorHandler object at 0x7fe6432b5820>\nresponse = {'status': 404, 'value': '{\"value\":{\"error\":\"no such element\",\"message\":\"no such element: Unable to locate element: {\\...\\\\n#17 0x55bed8ec5e76 \\\\u003Cunknown>\\\\n#18 0x7fca7aa9caa4 \\\\u003Cunknown>\\\\n#19 0x7fca7ab29c3c \\\\u003Cunknown>\\\\n\"}}'}\n\n    def check_response(self, response: Dict[str, Any]) -> None:\n        \"\"\"Checks that a JSON response from the WebDriver does not have an\n        error.\n    \n        :Args:\n         - response - The JSON response from the WebDriver server as a dictionary\n           object.\n    \n        :Raises: If the response contains an error message.\n        \"\"\"\n        status = response.get(\"status\", None)\n        if not status or status == ErrorCode.SUCCESS:\n            return\n        value = None\n        message = response.get(\"message\", \"\")\n        screen: str = response.get(\"screen\", \"\")\n        stacktrace = None\n        if isinstance(status, int):\n            value_json = response.get(\"value\", None)\n            if value_json and isinstance(value_json, str):\n                import json\n    \n                try:\n                    value = json.loads(value_json)\n                    if len(value) == 1:\n                        value = value[\"value\"]\n                    status = value.get(\"error\", None)\n                    if not status:\n                        status = value.get(\"status\", ErrorCode.UNKNOWN_ERROR)\n                        message = value.get(\"value\") or value.get(\"message\")\n                        if not isinstance(message, str):\n                            value = message\n                            message = message.get(\"message\")\n                    else:\n                        message = value.get(\"message\", None)\n                except ValueError:\n                    pass\n    \n        exception_class: Type[WebDriverException]\n        e = ErrorCode()\n        error_codes = [item for item in dir(e) if not item.startswith(\"__\")]\n        for error_code in error_codes:\n            error_info = getattr(ErrorCode, error_code)\n            if isinstance(error_info, list) and status in error_info:\n                exception_class = getattr(ExceptionMapping, error_code, WebDriverException)\n                break\n        else:\n            exception_class = WebDriverException\n    \n        if not value:\n            value = response[\"value\"]\n        if isinstance(value, str):\n            raise exception_class(value)\n        if message == \"\" and \"message\" in value:\n            message = value[\"message\"]\n    \n        screen = None  # type: ignore[assignment]\n        if \"screen\" in value:\n            screen = value[\"screen\"]\n    \n        stacktrace = None\n        st_value = value.get(\"stackTrace\") or value.get(\"stacktrace\")\n        if st_value:\n            if isinstance(st_value, str):\n                stacktrace = st_value.split(\"\\n\")\n            else:\n                stacktrace = []\n                try:\n                    for frame in st_value:\n                        line = frame.get(\"lineNumber\", \"\")\n                        file = frame.get(\"fileName\", \"<anonymous>\")\n                        if line:\n                            file = f\"{file}:{line}\"\n                        meth = frame.get(\"methodName\", \"<anonymous>\")\n                        if \"className\" in frame:\n                            meth = f\"{frame['className']}.{meth}\"\n                        msg = \"    at %s (%s)\"\n                        msg = msg % (meth, file)\n                        stacktrace.append(msg)\n                except TypeError:\n                    pass\n        if exception_class == UnexpectedAlertPresentException:\n            alert_text = None\n            if \"data\" in value:\n                alert_text = value[\"data\"].get(\"text\")\n            elif \"alert\" in value:\n                alert_text = value[\"alert\"].get(\"text\")\n            raise exception_class(message, screen, stacktrace, alert_text)  # type: ignore[call-arg]  # mypy is not smart enough here\n>       raise exception_class(message, screen, stacktrace)\nE       selenium.common.exceptions.NoSuchElementException: Message: no such element: Unable to locate element: {\"method\":\"xpath\",\"selector\":\"//*[contains(text(), 'new_card')]\"}\nE         (Session info: chrome=135.0.7049.52); For documentation on this error, please visit: https://www.selenium.dev/documentation/webdriver/troubleshooting/errors#no-such-element-exception\nE       Stacktrace:\nE       #0 0x55bed8ec6ffa <unknown>\nE       #1 0x55bed8985970 <unknown>\nE       #2 0x55bed89d7385 <unknown>\nE       #3 0x55bed89d75b1 <unknown>\nE       #4 0x55bed8a263c4 <unknown>\nE       #5 0x55bed89fd2bd <unknown>\nE       #6 0x55bed8a2370c <unknown>\nE       #7 0x55bed89fd063 <unknown>\nE       #8 0x55bed89c9328 <unknown>\nE       #9 0x55bed89ca491 <unknown>\nE       #10 0x55bed8e8e42b <unknown>\nE       #11 0x55bed8e922ec <unknown>\nE       #12 0x55bed8e75a22 <unknown>\nE       #13 0x55bed8e92e64 <unknown>\nE       #14 0x55bed8e59bef <unknown>\nE       #15 0x55bed8eb5558 <unknown>\nE       #16 0x55bed8eb5736 <unknown>\nE       #17 0x55bed8ec5e76 <unknown>\nE       #18 0x7fca7aa9caa4 <unknown>\nE       #19 0x7fca7ab29c3c <unknown>\n\n/opt/hostedtoolcache/Python/3.12.5/x64/lib/python3.12/site-packages/selenium/webdriver/remote/errorhandler.py:232: NoSuchElementException","flaky":false,"newFailed":false,"newBroken":true,"newPassed":false,"retriesCount":0,"retriesStatusChange":false,"beforeStages":[{"name":"driver","time":{"start":1743996764312,"stop":1743996764639,"duration":327},"status":"passed","steps":[],"attachments":[],"parameters":[],"shouldDisplayMessage":false,"stepsCount":0,"attachmentsCount":0,"hasContent":false,"attachmentStep":false},{"name":"setup","time":{"start":1743996764639,"stop":1743996764639,"duration":0},"status":"passed","steps":[],"attachments":[],"parameters":[],"shouldDisplayMessage":false,"stepsCount":0,"attachmentsCount":0,"hasContent":false,"attachmentStep":false}],"testStage":{"status":"broken","statusMessage":"selenium.common.exceptions.NoSuchElementException: Message: no such element: Unable to locate element: {\"method\":\"xpath\",\"selector\":\"//*[contains(text(), 'new_card')]\"}\n  (Session info: chrome=135.0.7049.52); For documentation on this error, please visit: https://www.selenium.dev/documentation/webdriver/troubleshooting/errors#no-such-element-exception\nStacktrace:\n#0 0x55bed8ec6ffa <unknown>\n#1 0x55bed8985970 <unknown>\n#2 0x55bed89d7385 <unknown>\n#3 0x55bed89d75b1 <unknown>\n#4 0x55bed8a263c4 <unknown>\n#5 0x55bed89fd2bd <unknown>\n#6 0x55bed8a2370c <unknown>\n#7 0x55bed89fd063 <unknown>\n#8 0x55bed89c9328 <unknown>\n#9 0x55bed89ca491 <unknown>\n#10 0x55bed8e8e42b <unknown>\n#11 0x55bed8e922ec <unknown>\n#12 0x55bed8e75a22 <unknown>\n#13 0x55bed8e92e64 <unknown>\n#14 0x55bed8e59bef <unknown>\n#15 0x55bed8eb5558 <unknown>\n#16 0x55bed8eb5736 <unknown>\n#17 0x55bed8ec5e76 <unknown>\n#18 0x7fca7aa9caa4 <unknown>\n#19 0x7fca7ab29c3c <unknown>","statusTrace":"self = <tests.regression_ui.test_ui_regression.TestUIRegression object at 0x7fe6432b26f0>\ndriver = <selenium.webdriver.chrome.webdriver.WebDriver (session=\"0d3f0e7af4056f092420b5d5c5e3607f\")>\n\n    @pytest.mark.TC000\n    @pytest.mark.TC007\n    @allure.title('Label a Card')\n    def test_label_card(self, driver):\n        time.sleep(4)\n        with allure.step('Log in to Trello account'):\n            self.test_login(driver)\n    \n        with allure.step('Open a board and select a card'):\n            try:\n                WebDriverWait(driver, 10).until(EC.element_to_be_clickable((By.XPATH, self.SCC.Board.BOARD_TITLE))).click()\n                WebDriverWait(driver, 10).until(EC.visibility_of_element_located((By.XPATH, self.SCC.Board.LIST_TITLE))).click()\n                driver.find_element(By.XPATH, self.SCC.List.ADD_A_CARD_BUTTON).click()\n                driver.find_element(By.XPATH, self.SCC.List.CARD_NAME_FIELD).click()\n                time.sleep(1)\n                driver.find_element(By.XPATH, self.SCC.List.CARD_NAME_FIELD).send_keys('new_card')\n                driver.find_element(By.XPATH, self.SCC.List.ADD_CARD_SUBMIT_BUTTOMN).click()\n                time.sleep(3)\n            except Exception as e:\n                log.info(\"An error occurred: \", str(e))\n    \n        with allure.step('Click the card to open and archive it'):\n>           driver.find_element(By.XPATH, self.SCC.List.CARD_TO_ARCHIVE).click()\n\ntests/regression_ui/test_ui_regression.py:239: \n_ _ _ _ _ _ _ _ _ _ _ _ _ _ _ _ _ _ _ _ _ _ _ _ _ _ _ _ _ _ _ _ _ _ _ _ _ _ _ _ \n/opt/hostedtoolcache/Python/3.12.5/x64/lib/python3.12/site-packages/selenium/webdriver/remote/webdriver.py:770: in find_element\n    return self.execute(Command.FIND_ELEMENT, {\"using\": by, \"value\": value})[\"value\"]\n/opt/hostedtoolcache/Python/3.12.5/x64/lib/python3.12/site-packages/selenium/webdriver/remote/webdriver.py:384: in execute\n    self.error_handler.check_response(response)\n_ _ _ _ _ _ _ _ _ _ _ _ _ _ _ _ _ _ _ _ _ _ _ _ _ _ _ _ _ _ _ _ _ _ _ _ _ _ _ _ \n\nself = <selenium.webdriver.remote.errorhandler.ErrorHandler object at 0x7fe6432b5820>\nresponse = {'status': 404, 'value': '{\"value\":{\"error\":\"no such element\",\"message\":\"no such element: Unable to locate element: {\\...\\\\n#17 0x55bed8ec5e76 \\\\u003Cunknown>\\\\n#18 0x7fca7aa9caa4 \\\\u003Cunknown>\\\\n#19 0x7fca7ab29c3c \\\\u003Cunknown>\\\\n\"}}'}\n\n    def check_response(self, response: Dict[str, Any]) -> None:\n        \"\"\"Checks that a JSON response from the WebDriver does not have an\n        error.\n    \n        :Args:\n         - response - The JSON response from the WebDriver server as a dictionary\n           object.\n    \n        :Raises: If the response contains an error message.\n        \"\"\"\n        status = response.get(\"status\", None)\n        if not status or status == ErrorCode.SUCCESS:\n            return\n        value = None\n        message = response.get(\"message\", \"\")\n        screen: str = response.get(\"screen\", \"\")\n        stacktrace = None\n        if isinstance(status, int):\n            value_json = response.get(\"value\", None)\n            if value_json and isinstance(value_json, str):\n                import json\n    \n                try:\n                    value = json.loads(value_json)\n                    if len(value) == 1:\n                        value = value[\"value\"]\n                    status = value.get(\"error\", None)\n                    if not status:\n                        status = value.get(\"status\", ErrorCode.UNKNOWN_ERROR)\n                        message = value.get(\"value\") or value.get(\"message\")\n                        if not isinstance(message, str):\n                            value = message\n                            message = message.get(\"message\")\n                    else:\n                        message = value.get(\"message\", None)\n                except ValueError:\n                    pass\n    \n        exception_class: Type[WebDriverException]\n        e = ErrorCode()\n        error_codes = [item for item in dir(e) if not item.startswith(\"__\")]\n        for error_code in error_codes:\n            error_info = getattr(ErrorCode, error_code)\n            if isinstance(error_info, list) and status in error_info:\n                exception_class = getattr(ExceptionMapping, error_code, WebDriverException)\n                break\n        else:\n            exception_class = WebDriverException\n    \n        if not value:\n            value = response[\"value\"]\n        if isinstance(value, str):\n            raise exception_class(value)\n        if message == \"\" and \"message\" in value:\n            message = value[\"message\"]\n    \n        screen = None  # type: ignore[assignment]\n        if \"screen\" in value:\n            screen = value[\"screen\"]\n    \n        stacktrace = None\n        st_value = value.get(\"stackTrace\") or value.get(\"stacktrace\")\n        if st_value:\n            if isinstance(st_value, str):\n                stacktrace = st_value.split(\"\\n\")\n            else:\n                stacktrace = []\n                try:\n                    for frame in st_value:\n                        line = frame.get(\"lineNumber\", \"\")\n                        file = frame.get(\"fileName\", \"<anonymous>\")\n                        if line:\n                            file = f\"{file}:{line}\"\n                        meth = frame.get(\"methodName\", \"<anonymous>\")\n                        if \"className\" in frame:\n                            meth = f\"{frame['className']}.{meth}\"\n                        msg = \"    at %s (%s)\"\n                        msg = msg % (meth, file)\n                        stacktrace.append(msg)\n                except TypeError:\n                    pass\n        if exception_class == UnexpectedAlertPresentException:\n            alert_text = None\n            if \"data\" in value:\n                alert_text = value[\"data\"].get(\"text\")\n            elif \"alert\" in value:\n                alert_text = value[\"alert\"].get(\"text\")\n            raise exception_class(message, screen, stacktrace, alert_text)  # type: ignore[call-arg]  # mypy is not smart enough here\n>       raise exception_class(message, screen, stacktrace)\nE       selenium.common.exceptions.NoSuchElementException: Message: no such element: Unable to locate element: {\"method\":\"xpath\",\"selector\":\"//*[contains(text(), 'new_card')]\"}\nE         (Session info: chrome=135.0.7049.52); For documentation on this error, please visit: https://www.selenium.dev/documentation/webdriver/troubleshooting/errors#no-such-element-exception\nE       Stacktrace:\nE       #0 0x55bed8ec6ffa <unknown>\nE       #1 0x55bed8985970 <unknown>\nE       #2 0x55bed89d7385 <unknown>\nE       #3 0x55bed89d75b1 <unknown>\nE       #4 0x55bed8a263c4 <unknown>\nE       #5 0x55bed89fd2bd <unknown>\nE       #6 0x55bed8a2370c <unknown>\nE       #7 0x55bed89fd063 <unknown>\nE       #8 0x55bed89c9328 <unknown>\nE       #9 0x55bed89ca491 <unknown>\nE       #10 0x55bed8e8e42b <unknown>\nE       #11 0x55bed8e922ec <unknown>\nE       #12 0x55bed8e75a22 <unknown>\nE       #13 0x55bed8e92e64 <unknown>\nE       #14 0x55bed8e59bef <unknown>\nE       #15 0x55bed8eb5558 <unknown>\nE       #16 0x55bed8eb5736 <unknown>\nE       #17 0x55bed8ec5e76 <unknown>\nE       #18 0x7fca7aa9caa4 <unknown>\nE       #19 0x7fca7ab29c3c <unknown>\n\n/opt/hostedtoolcache/Python/3.12.5/x64/lib/python3.12/site-packages/selenium/webdriver/remote/errorhandler.py:232: NoSuchElementException","steps":[{"name":"Log in to Trello account","time":{"start":1743996768640,"stop":1743996775105,"duration":6465},"status":"passed","steps":[{"name":"Navigate to the Trello page and enter valid credentials (email, password, and 6-digits verification code)","time":{"start":1743996768640,"stop":1743996775105,"duration":6465},"status":"passed","steps":[],"attachments":[],"parameters":[],"shouldDisplayMessage":false,"stepsCount":0,"attachmentsCount":0,"hasContent":false,"attachmentStep":false}],"attachments":[],"parameters":[],"shouldDisplayMessage":false,"stepsCount":1,"attachmentsCount":0,"hasContent":true,"attachmentStep":false},{"name":"Open a board and select a card","time":{"start":1743996775105,"stop":1743996785380,"duration":10275},"status":"passed","steps":[],"attachments":[],"parameters":[],"shouldDisplayMessage":false,"stepsCount":0,"attachmentsCount":0,"hasContent":false,"attachmentStep":false},{"name":"Click the card to open and archive it","time":{"start":1743996785380,"stop":1743996785394,"duration":14},"status":"broken","statusMessage":"selenium.common.exceptions.NoSuchElementException: Message: no such element: Unable to locate element: {\"method\":\"xpath\",\"selector\":\"//*[contains(text(), 'new_card')]\"}\n  (Session info: chrome=135.0.7049.52); For documentation on this error, please visit: https://www.selenium.dev/documentation/webdriver/troubleshooting/errors#no-such-element-exception\nStacktrace:\n#0 0x55bed8ec6ffa <unknown>\n#1 0x55bed8985970 <unknown>\n#2 0x55bed89d7385 <unknown>\n#3 0x55bed89d75b1 <unknown>\n#4 0x55bed8a263c4 <unknown>\n#5 0x55bed89fd2bd <unknown>\n#6 0x55bed8a2370c <unknown>\n#7 0x55bed89fd063 <unknown>\n#8 0x55bed89c9328 <unknown>\n#9 0x55bed89ca491 <unknown>\n#10 0x55bed8e8e42b <unknown>\n#11 0x55bed8e922ec <unknown>\n#12 0x55bed8e75a22 <unknown>\n#13 0x55bed8e92e64 <unknown>\n#14 0x55bed8e59bef <unknown>\n#15 0x55bed8eb5558 <unknown>\n#16 0x55bed8eb5736 <unknown>\n#17 0x55bed8ec5e76 <unknown>\n#18 0x7fca7aa9caa4 <unknown>\n#19 0x7fca7ab29c3c <unknown>\n\n","statusTrace":"  File \"/home/runner/work/pythonSelenium/pythonSelenium/tests/regression_ui/test_ui_regression.py\", line 239, in test_label_card\n    driver.find_element(By.XPATH, self.SCC.List.CARD_TO_ARCHIVE).click()\n    ^^^^^^^^^^^^^^^^^^^^^^^^^^^^^^^^^^^^^^^^^^^^^^^^^^^^^^^^^^^^\n  File \"/opt/hostedtoolcache/Python/3.12.5/x64/lib/python3.12/site-packages/selenium/webdriver/remote/webdriver.py\", line 770, in find_element\n    return self.execute(Command.FIND_ELEMENT, {\"using\": by, \"value\": value})[\"value\"]\n           ^^^^^^^^^^^^^^^^^^^^^^^^^^^^^^^^^^^^^^^^^^^^^^^^^^^^^^^^^^^^^^^^^\n  File \"/opt/hostedtoolcache/Python/3.12.5/x64/lib/python3.12/site-packages/selenium/webdriver/remote/webdriver.py\", line 384, in execute\n    self.error_handler.check_response(response)\n  File \"/opt/hostedtoolcache/Python/3.12.5/x64/lib/python3.12/site-packages/selenium/webdriver/remote/errorhandler.py\", line 232, in check_response\n    raise exception_class(message, screen, stacktrace)\n","steps":[],"attachments":[],"parameters":[],"shouldDisplayMessage":true,"stepsCount":0,"attachmentsCount":0,"hasContent":true,"attachmentStep":false}],"attachments":[{"uid":"72711d11c570b1c","name":"log","source":"72711d11c570b1c.txt","type":"text/plain","size":360}],"parameters":[],"shouldDisplayMessage":true,"stepsCount":4,"attachmentsCount":1,"hasContent":true,"attachmentStep":false},"afterStages":[{"name":"driver::0","time":{"start":1743996785424,"stop":1743996785489,"duration":65},"status":"passed","steps":[],"attachments":[],"parameters":[],"shouldDisplayMessage":false,"stepsCount":0,"attachmentsCount":0,"hasContent":false,"attachmentStep":false}],"labels":[{"name":"tag","value":"TC007"},{"name":"tag","value":"TC000"},{"name":"parentSuite","value":"tests.regression_ui"},{"name":"suite","value":"test_ui_regression"},{"name":"subSuite","value":"TestUIRegression"},{"name":"host","value":"fv-az1768-876"},{"name":"thread","value":"4737-MainThread"},{"name":"framework","value":"pytest"},{"name":"language","value":"cpython3"},{"name":"package","value":"tests.regression_ui.test_ui_regression"},{"name":"resultFormat","value":"allure2"}],"parameters":[],"links":[],"hidden":false,"retry":false,"extra":{"severity":"normal","retries":[],"categories":[{"name":"Test defects","matchedStatuses":[]}],"history":{"statistic":{"failed":0,"broken":106,"skipped":0,"passed":584,"unknown":0,"total":690},"items":[{"uid":"83328d03c45dcdc8","status":"passed","time":{"start":1743986850709,"stop":1743986872558,"duration":21849}},{"uid":"40ff1b968dddc585","status":"passed","time":{"start":1743973827981,"stop":1743973849866,"duration":21885}},{"uid":"37bb9ae0641feab9","status":"broken","statusDetails":"selenium.common.exceptions.NoSuchElementException: Message: no such element: Unable to locate element: {\"method\":\"xpath\",\"selector\":\"//*[contains(text(), 'new_card')]\"}\n  (Session info: chrome=135.0.7049.52); For documentation on this error, please visit: https://www.selenium.dev/documentation/webdriver/troubleshooting/errors#no-such-element-exception\nStacktrace:\n#0 0x562829e18ffa <unknown>\n#1 0x5628298d7970 <unknown>\n#2 0x562829929385 <unknown>\n#3 0x5628299295b1 <unknown>\n#4 0x5628299783c4 <unknown>\n#5 0x56282994f2bd <unknown>\n#6 0x56282997570c <unknown>\n#7 0x56282994f063 <unknown>\n#8 0x56282991b328 <unknown>\n#9 0x56282991c491 <unknown>\n#10 0x562829de042b <unknown>\n#11 0x562829de42ec <unknown>\n#12 0x562829dc7a22 <unknown>\n#13 0x562829de4e64 <unknown>\n#14 0x562829dabbef <unknown>\n#15 0x562829e07558 <unknown>\n#16 0x562829e07736 <unknown>\n#17 0x562829e17e76 <unknown>\n#18 0x7f0a5fe9caa4 <unknown>\n#19 0x7f0a5ff29c3c <unknown>","time":{"start":1743963318249,"stop":1743963338345,"duration":20096}},{"uid":"93a3af7a9db56d32","status":"broken","statusDetails":"selenium.common.exceptions.NoSuchElementException: Message: no such element: Unable to locate element: {\"method\":\"xpath\",\"selector\":\"//*[contains(text(), 'new_card')]\"}\n  (Session info: chrome=135.0.7049.52); For documentation on this error, please visit: https://www.selenium.dev/documentation/webdriver/troubleshooting/errors#no-such-element-exception\nStacktrace:\n#0 0x562b6a5fdffa <unknown>\n#1 0x562b6a0bc970 <unknown>\n#2 0x562b6a10e385 <unknown>\n#3 0x562b6a10e5b1 <unknown>\n#4 0x562b6a15d3c4 <unknown>\n#5 0x562b6a1342bd <unknown>\n#6 0x562b6a15a70c <unknown>\n#7 0x562b6a134063 <unknown>\n#8 0x562b6a100328 <unknown>\n#9 0x562b6a101491 <unknown>\n#10 0x562b6a5c542b <unknown>\n#11 0x562b6a5c92ec <unknown>\n#12 0x562b6a5aca22 <unknown>\n#13 0x562b6a5c9e64 <unknown>\n#14 0x562b6a590bef <unknown>\n#15 0x562b6a5ec558 <unknown>\n#16 0x562b6a5ec736 <unknown>\n#17 0x562b6a5fce76 <unknown>\n#18 0x7f889489caa4 <unknown>\n#19 0x7f8894929c3c <unknown>","time":{"start":1743952276398,"stop":1743952296636,"duration":20238}},{"uid":"2ab317bcbb42fdd9","status":"broken","statusDetails":"selenium.common.exceptions.NoSuchElementException: Message: no such element: Unable to locate element: {\"method\":\"xpath\",\"selector\":\"//*[contains(text(), 'new_card')]\"}\n  (Session info: chrome=135.0.7049.52); For documentation on this error, please visit: https://www.selenium.dev/documentation/webdriver/troubleshooting/errors#no-such-element-exception\nStacktrace:\n#0 0x55ca98843ffa <unknown>\n#1 0x55ca98302970 <unknown>\n#2 0x55ca98354385 <unknown>\n#3 0x55ca983545b1 <unknown>\n#4 0x55ca983a33c4 <unknown>\n#5 0x55ca9837a2bd <unknown>\n#6 0x55ca983a070c <unknown>\n#7 0x55ca9837a063 <unknown>\n#8 0x55ca98346328 <unknown>\n#9 0x55ca98347491 <unknown>\n#10 0x55ca9880b42b <unknown>\n#11 0x55ca9880f2ec <unknown>\n#12 0x55ca987f2a22 <unknown>\n#13 0x55ca9880fe64 <unknown>\n#14 0x55ca987d6bef <unknown>\n#15 0x55ca98832558 <unknown>\n#16 0x55ca98832736 <unknown>\n#17 0x55ca98842e76 <unknown>\n#18 0x7f580d09caa4 <unknown>\n#19 0x7f580d129c3c <unknown>","time":{"start":1743941927663,"stop":1743941947790,"duration":20127}},{"uid":"c4874e26d47e7a41","status":"broken","statusDetails":"selenium.common.exceptions.NoSuchElementException: Message: no such element: Unable to locate element: {\"method\":\"xpath\",\"selector\":\"//*[contains(text(), 'new_card')]\"}\n  (Session info: chrome=135.0.7049.52); For documentation on this error, please visit: https://www.selenium.dev/documentation/webdriver/troubleshooting/errors#no-such-element-exception\nStacktrace:\n#0 0x55e1b2ac4ffa <unknown>\n#1 0x55e1b2583970 <unknown>\n#2 0x55e1b25d5385 <unknown>\n#3 0x55e1b25d55b1 <unknown>\n#4 0x55e1b26243c4 <unknown>\n#5 0x55e1b25fb2bd <unknown>\n#6 0x55e1b262170c <unknown>\n#7 0x55e1b25fb063 <unknown>\n#8 0x55e1b25c7328 <unknown>\n#9 0x55e1b25c8491 <unknown>\n#10 0x55e1b2a8c42b <unknown>\n#11 0x55e1b2a902ec <unknown>\n#12 0x55e1b2a73a22 <unknown>\n#13 0x55e1b2a90e64 <unknown>\n#14 0x55e1b2a57bef <unknown>\n#15 0x55e1b2ab3558 <unknown>\n#16 0x55e1b2ab3736 <unknown>\n#17 0x55e1b2ac3e76 <unknown>\n#18 0x7f21db29caa4 <unknown>\n#19 0x7f21db329c3c <unknown>","time":{"start":1743930679736,"stop":1743930699980,"duration":20244}},{"uid":"eca7a15f8b5f1ba9","status":"broken","statusDetails":"selenium.common.exceptions.NoSuchElementException: Message: no such element: Unable to locate element: {\"method\":\"xpath\",\"selector\":\"//*[contains(text(), 'new_card')]\"}\n  (Session info: chrome=135.0.7049.52); For documentation on this error, please visit: https://www.selenium.dev/documentation/webdriver/troubleshooting/errors#no-such-element-exception\nStacktrace:\n#0 0x56058e4c2ffa <unknown>\n#1 0x56058df81970 <unknown>\n#2 0x56058dfd3385 <unknown>\n#3 0x56058dfd35b1 <unknown>\n#4 0x56058e0223c4 <unknown>\n#5 0x56058dff92bd <unknown>\n#6 0x56058e01f70c <unknown>\n#7 0x56058dff9063 <unknown>\n#8 0x56058dfc5328 <unknown>\n#9 0x56058dfc6491 <unknown>\n#10 0x56058e48a42b <unknown>\n#11 0x56058e48e2ec <unknown>\n#12 0x56058e471a22 <unknown>\n#13 0x56058e48ee64 <unknown>\n#14 0x56058e455bef <unknown>\n#15 0x56058e4b1558 <unknown>\n#16 0x56058e4b1736 <unknown>\n#17 0x56058e4c1e76 <unknown>\n#18 0x7fa861e9caa4 <unknown>\n#19 0x7fa861f29c3c <unknown>","time":{"start":1743920144333,"stop":1743920165025,"duration":20692}},{"uid":"fbf2a0fd30568518","status":"broken","statusDetails":"selenium.common.exceptions.NoSuchElementException: Message: no such element: Unable to locate element: {\"method\":\"xpath\",\"selector\":\"//*[contains(text(), 'new_card')]\"}\n  (Session info: chrome=135.0.7049.52); For documentation on this error, please visit: https://www.selenium.dev/documentation/webdriver/troubleshooting/errors#no-such-element-exception\nStacktrace:\n#0 0x55c352194ffa <unknown>\n#1 0x55c351c53970 <unknown>\n#2 0x55c351ca5385 <unknown>\n#3 0x55c351ca55b1 <unknown>\n#4 0x55c351cf43c4 <unknown>\n#5 0x55c351ccb2bd <unknown>\n#6 0x55c351cf170c <unknown>\n#7 0x55c351ccb063 <unknown>\n#8 0x55c351c97328 <unknown>\n#9 0x55c351c98491 <unknown>\n#10 0x55c35215c42b <unknown>\n#11 0x55c3521602ec <unknown>\n#12 0x55c352143a22 <unknown>\n#13 0x55c352160e64 <unknown>\n#14 0x55c352127bef <unknown>\n#15 0x55c352183558 <unknown>\n#16 0x55c352183736 <unknown>\n#17 0x55c352193e76 <unknown>\n#18 0x7f362f29caa4 <unknown>\n#19 0x7f362f329c3c <unknown>","time":{"start":1743910280612,"stop":1743910301233,"duration":20621}},{"uid":"576ce3decf6b2316","status":"broken","statusDetails":"selenium.common.exceptions.NoSuchElementException: Message: no such element: Unable to locate element: {\"method\":\"xpath\",\"selector\":\"//*[contains(text(), 'new_card')]\"}\n  (Session info: chrome=135.0.7049.52); For documentation on this error, please visit: https://www.selenium.dev/documentation/webdriver/troubleshooting/errors#no-such-element-exception\nStacktrace:\n#0 0x55fe3bf9cffa <unknown>\n#1 0x55fe3ba5b970 <unknown>\n#2 0x55fe3baad385 <unknown>\n#3 0x55fe3baad5b1 <unknown>\n#4 0x55fe3bafc3c4 <unknown>\n#5 0x55fe3bad32bd <unknown>\n#6 0x55fe3baf970c <unknown>\n#7 0x55fe3bad3063 <unknown>\n#8 0x55fe3ba9f328 <unknown>\n#9 0x55fe3baa0491 <unknown>\n#10 0x55fe3bf6442b <unknown>\n#11 0x55fe3bf682ec <unknown>\n#12 0x55fe3bf4ba22 <unknown>\n#13 0x55fe3bf68e64 <unknown>\n#14 0x55fe3bf2fbef <unknown>\n#15 0x55fe3bf8b558 <unknown>\n#16 0x55fe3bf8b736 <unknown>\n#17 0x55fe3bf9be76 <unknown>\n#18 0x7f036cc9caa4 <unknown>\n#19 0x7f036cd29c3c <unknown>","time":{"start":1743900647821,"stop":1743900667973,"duration":20152}},{"uid":"24cc52d76831c6ec","status":"broken","statusDetails":"selenium.common.exceptions.ElementClickInterceptedException: Message: element click intercepted: Element <span class=\"CNnougcEO0WaO3 dw6dSeDTUO7W7U YjsahfcWMjpk4W IDeXAnQiLBnlva color-blind-pattern-green MNuX_OT6g8BvrC\" tabindex=\"-1\" aria-label=\"Color: green, title: none\" data-color=\"green\" data-expanded=\"false\" data-testid=\"compact-card-label\"></span> is not clickable at point (596, 176). Other element would receive the click: <div class=\"SHSLu7GBXRGV83\">...</div>\n  (Session info: chrome=135.0.7049.52)\nStacktrace:\n#0 0x556727755ffa <unknown>\n#1 0x556727214970 <unknown>\n#2 0x55672726d1ec <unknown>\n#3 0x55672726b055 <unknown>\n#4 0x5567272686f2 <unknown>\n#5 0x5567272678ca <unknown>\n#6 0x55672725a4cd <unknown>\n#7 0x55672728c292 <unknown>\n#8 0x556727259e4a <unknown>\n#9 0x55672728c45e <unknown>\n#10 0x5567272b270c <unknown>\n#11 0x55672728c063 <unknown>\n#12 0x556727258328 <unknown>\n#13 0x556727259491 <unknown>\n#14 0x55672771d42b <unknown>\n#15 0x5567277212ec <unknown>\n#16 0x556727704a22 <unknown>\n#17 0x556727721e64 <unknown>\n#18 0x5567276e8bef <unknown>\n#19 0x556727744558 <unknown>\n#20 0x556727744736 <unknown>\n#21 0x556727754e76 <unknown>\n#22 0x7fd3bec9caa4 <unknown>\n#23 0x7fd3bed29c3c <unknown>","time":{"start":1743887484362,"stop":1743887504196,"duration":19834}},{"uid":"a2b3625c43ce2b89","status":"passed","time":{"start":1743876812232,"stop":1743876834056,"duration":21824}},{"uid":"b7ae8da86385074a","status":"passed","time":{"start":1743865820093,"stop":1743865841950,"duration":21857}},{"uid":"bb1d85ce17a6079d","status":"broken","statusDetails":"selenium.common.exceptions.NoSuchElementException: Message: no such element: Unable to locate element: {\"method\":\"xpath\",\"selector\":\"//*[contains(text(), 'new_card')]\"}\n  (Session info: chrome=135.0.7049.52); For documentation on this error, please visit: https://www.selenium.dev/documentation/webdriver/troubleshooting/errors#no-such-element-exception\nStacktrace:\n#0 0x55f155f78ffa <unknown>\n#1 0x55f155a37970 <unknown>\n#2 0x55f155a89385 <unknown>\n#3 0x55f155a895b1 <unknown>\n#4 0x55f155ad83c4 <unknown>\n#5 0x55f155aaf2bd <unknown>\n#6 0x55f155ad570c <unknown>\n#7 0x55f155aaf063 <unknown>\n#8 0x55f155a7b328 <unknown>\n#9 0x55f155a7c491 <unknown>\n#10 0x55f155f4042b <unknown>\n#11 0x55f155f442ec <unknown>\n#12 0x55f155f27a22 <unknown>\n#13 0x55f155f44e64 <unknown>\n#14 0x55f155f0bbef <unknown>\n#15 0x55f155f67558 <unknown>\n#16 0x55f155f67736 <unknown>\n#17 0x55f155f77e76 <unknown>\n#18 0x7f484f29caa4 <unknown>\n#19 0x7f484f329c3c <unknown>","time":{"start":1743855442900,"stop":1743855463140,"duration":20240}},{"uid":"ed51867ad6b1ca8f","status":"broken","statusDetails":"selenium.common.exceptions.NoSuchElementException: Message: no such element: Unable to locate element: {\"method\":\"xpath\",\"selector\":\"//*[contains(text(), 'new_card')]\"}\n  (Session info: chrome=135.0.7049.52); For documentation on this error, please visit: https://www.selenium.dev/documentation/webdriver/troubleshooting/errors#no-such-element-exception\nStacktrace:\n#0 0x556109045ffa <unknown>\n#1 0x556108b04970 <unknown>\n#2 0x556108b56385 <unknown>\n#3 0x556108b565b1 <unknown>\n#4 0x556108ba53c4 <unknown>\n#5 0x556108b7c2bd <unknown>\n#6 0x556108ba270c <unknown>\n#7 0x556108b7c063 <unknown>\n#8 0x556108b48328 <unknown>\n#9 0x556108b49491 <unknown>\n#10 0x55610900d42b <unknown>\n#11 0x5561090112ec <unknown>\n#12 0x556108ff4a22 <unknown>\n#13 0x556109011e64 <unknown>\n#14 0x556108fd8bef <unknown>\n#15 0x556109034558 <unknown>\n#16 0x556109034736 <unknown>\n#17 0x556109044e76 <unknown>\n#18 0x7f2233a9caa4 <unknown>\n#19 0x7f2233b29c3c <unknown>","time":{"start":1743844412340,"stop":1743844432778,"duration":20438}},{"uid":"29e5ad7ae80831dc","status":"broken","statusDetails":"selenium.common.exceptions.NoSuchElementException: Message: no such element: Unable to locate element: {\"method\":\"xpath\",\"selector\":\"//*[contains(text(), 'new_card')]\"}\n  (Session info: chrome=135.0.7049.52); For documentation on this error, please visit: https://www.selenium.dev/documentation/webdriver/troubleshooting/errors#no-such-element-exception\nStacktrace:\n#0 0x55b884247ffa <unknown>\n#1 0x55b883d06970 <unknown>\n#2 0x55b883d58385 <unknown>\n#3 0x55b883d585b1 <unknown>\n#4 0x55b883da73c4 <unknown>\n#5 0x55b883d7e2bd <unknown>\n#6 0x55b883da470c <unknown>\n#7 0x55b883d7e063 <unknown>\n#8 0x55b883d4a328 <unknown>\n#9 0x55b883d4b491 <unknown>\n#10 0x55b88420f42b <unknown>\n#11 0x55b8842132ec <unknown>\n#12 0x55b8841f6a22 <unknown>\n#13 0x55b884213e64 <unknown>\n#14 0x55b8841dabef <unknown>\n#15 0x55b884236558 <unknown>\n#16 0x55b884236736 <unknown>\n#17 0x55b884246e76 <unknown>\n#18 0x7fb63d49caa4 <unknown>\n#19 0x7fb63d529c3c <unknown>","time":{"start":1743833731375,"stop":1743833752262,"duration":20887}},{"uid":"3281e5bdded5746c","status":"broken","statusDetails":"selenium.common.exceptions.NoSuchElementException: Message: no such element: Unable to locate element: {\"method\":\"xpath\",\"selector\":\"//*[contains(text(), 'new_card')]\"}\n  (Session info: chrome=135.0.7049.52); For documentation on this error, please visit: https://www.selenium.dev/documentation/webdriver/troubleshooting/errors#no-such-element-exception\nStacktrace:\n#0 0x55f17a9b2ffa <unknown>\n#1 0x55f17a471970 <unknown>\n#2 0x55f17a4c3385 <unknown>\n#3 0x55f17a4c35b1 <unknown>\n#4 0x55f17a5123c4 <unknown>\n#5 0x55f17a4e92bd <unknown>\n#6 0x55f17a50f70c <unknown>\n#7 0x55f17a4e9063 <unknown>\n#8 0x55f17a4b5328 <unknown>\n#9 0x55f17a4b6491 <unknown>\n#10 0x55f17a97a42b <unknown>\n#11 0x55f17a97e2ec <unknown>\n#12 0x55f17a961a22 <unknown>\n#13 0x55f17a97ee64 <unknown>\n#14 0x55f17a945bef <unknown>\n#15 0x55f17a9a1558 <unknown>\n#16 0x55f17a9a1736 <unknown>\n#17 0x55f17a9b1e76 <unknown>\n#18 0x7f24c3a9caa4 <unknown>\n#19 0x7f24c3b29c3c <unknown>","time":{"start":1743823667147,"stop":1743823687902,"duration":20755}},{"uid":"92e88d5248f6ba8d","status":"broken","statusDetails":"selenium.common.exceptions.NoSuchElementException: Message: no such element: Unable to locate element: {\"method\":\"xpath\",\"selector\":\"//*[contains(text(), 'new_card')]\"}\n  (Session info: chrome=135.0.7049.52); For documentation on this error, please visit: https://www.selenium.dev/documentation/webdriver/troubleshooting/errors#no-such-element-exception\nStacktrace:\n#0 0x561d23c26ffa <unknown>\n#1 0x561d236e5970 <unknown>\n#2 0x561d23737385 <unknown>\n#3 0x561d237375b1 <unknown>\n#4 0x561d237863c4 <unknown>\n#5 0x561d2375d2bd <unknown>\n#6 0x561d2378370c <unknown>\n#7 0x561d2375d063 <unknown>\n#8 0x561d23729328 <unknown>\n#9 0x561d2372a491 <unknown>\n#10 0x561d23bee42b <unknown>\n#11 0x561d23bf22ec <unknown>\n#12 0x561d23bd5a22 <unknown>\n#13 0x561d23bf2e64 <unknown>\n#14 0x561d23bb9bef <unknown>\n#15 0x561d23c15558 <unknown>\n#16 0x561d23c15736 <unknown>\n#17 0x561d23c25e76 <unknown>\n#18 0x7f98f489caa4 <unknown>\n#19 0x7f98f4929c3c <unknown>","time":{"start":1743813988988,"stop":1743814009727,"duration":20739}},{"uid":"5cdfd2b47ae7557a","status":"broken","statusDetails":"selenium.common.exceptions.NoSuchElementException: Message: no such element: Unable to locate element: {\"method\":\"xpath\",\"selector\":\"//*[contains(text(), 'new_card')]\"}\n  (Session info: chrome=135.0.7049.52); For documentation on this error, please visit: https://www.selenium.dev/documentation/webdriver/troubleshooting/errors#no-such-element-exception\nStacktrace:\n#0 0x55cde4ff9ffa <unknown>\n#1 0x55cde4ab8970 <unknown>\n#2 0x55cde4b0a385 <unknown>\n#3 0x55cde4b0a5b1 <unknown>\n#4 0x55cde4b593c4 <unknown>\n#5 0x55cde4b302bd <unknown>\n#6 0x55cde4b5670c <unknown>\n#7 0x55cde4b30063 <unknown>\n#8 0x55cde4afc328 <unknown>\n#9 0x55cde4afd491 <unknown>\n#10 0x55cde4fc142b <unknown>\n#11 0x55cde4fc52ec <unknown>\n#12 0x55cde4fa8a22 <unknown>\n#13 0x55cde4fc5e64 <unknown>\n#14 0x55cde4f8cbef <unknown>\n#15 0x55cde4fe8558 <unknown>\n#16 0x55cde4fe8736 <unknown>\n#17 0x55cde4ff8e76 <unknown>\n#18 0x7fc5c329caa4 <unknown>\n#19 0x7fc5c3329c3c <unknown>","time":{"start":1743801049598,"stop":1743801069727,"duration":20129}},{"uid":"316a73a959efc78d","status":"broken","statusDetails":"selenium.common.exceptions.NoSuchElementException: Message: no such element: Unable to locate element: {\"method\":\"xpath\",\"selector\":\"//*[contains(text(), 'new_card')]\"}\n  (Session info: chrome=135.0.7049.52); For documentation on this error, please visit: https://www.selenium.dev/documentation/webdriver/troubleshooting/errors#no-such-element-exception\nStacktrace:\n#0 0x56419a2dcffa <unknown>\n#1 0x564199d9b970 <unknown>\n#2 0x564199ded385 <unknown>\n#3 0x564199ded5b1 <unknown>\n#4 0x564199e3c3c4 <unknown>\n#5 0x564199e132bd <unknown>\n#6 0x564199e3970c <unknown>\n#7 0x564199e13063 <unknown>\n#8 0x564199ddf328 <unknown>\n#9 0x564199de0491 <unknown>\n#10 0x56419a2a442b <unknown>\n#11 0x56419a2a82ec <unknown>\n#12 0x56419a28ba22 <unknown>\n#13 0x56419a2a8e64 <unknown>\n#14 0x56419a26fbef <unknown>\n#15 0x56419a2cb558 <unknown>\n#16 0x56419a2cb736 <unknown>\n#17 0x56419a2dbe76 <unknown>\n#18 0x7f5bbb49caa4 <unknown>\n#19 0x7f5bbb529c3c <unknown>","time":{"start":1743790568291,"stop":1743790588968,"duration":20677}},{"uid":"8b7f4f0d895bf52","status":"broken","statusDetails":"selenium.common.exceptions.NoSuchElementException: Message: no such element: Unable to locate element: {\"method\":\"xpath\",\"selector\":\"//*[contains(text(), 'new_card')]\"}\n  (Session info: chrome=135.0.7049.52); For documentation on this error, please visit: https://www.selenium.dev/documentation/webdriver/troubleshooting/errors#no-such-element-exception\nStacktrace:\n#0 0x561341d71ffa <unknown>\n#1 0x561341830970 <unknown>\n#2 0x561341882385 <unknown>\n#3 0x5613418825b1 <unknown>\n#4 0x5613418d13c4 <unknown>\n#5 0x5613418a82bd <unknown>\n#6 0x5613418ce70c <unknown>\n#7 0x5613418a8063 <unknown>\n#8 0x561341874328 <unknown>\n#9 0x561341875491 <unknown>\n#10 0x561341d3942b <unknown>\n#11 0x561341d3d2ec <unknown>\n#12 0x561341d20a22 <unknown>\n#13 0x561341d3de64 <unknown>\n#14 0x561341d04bef <unknown>\n#15 0x561341d60558 <unknown>\n#16 0x561341d60736 <unknown>\n#17 0x561341d70e76 <unknown>\n#18 0x7f40d089caa4 <unknown>\n#19 0x7f40d0929c3c <unknown>","time":{"start":1743779575955,"stop":1743779596200,"duration":20245}}]},"tags":["TC007","TC000"]},"source":"597d305a2daa72a6.json","parameterValues":[]}