{"uid":"5a79832ac067146b","name":"Label a Card","fullName":"tests.regression_ui.test_ui_regression.TestUIRegression#test_label_card","historyId":"81bf587fe9f2db9e87ee2dc06e7308b0","time":{"start":1742289256522,"stop":1742289277227,"duration":20705},"status":"broken","statusMessage":"selenium.common.exceptions.NoSuchElementException: Message: no such element: Unable to locate element: {\"method\":\"xpath\",\"selector\":\"//*[contains(text(), 'new_card')]\"}\n  (Session info: chrome=134.0.6998.88); For documentation on this error, please visit: https://www.selenium.dev/documentation/webdriver/troubleshooting/errors#no-such-element-exception\nStacktrace:\n#0 0x5592b7e8646a <unknown>\n#1 0x5592b793fed0 <unknown>\n#2 0x5592b7991935 <unknown>\n#3 0x5592b7991b61 <unknown>\n#4 0x5592b79e09d4 <unknown>\n#5 0x5592b79b788d <unknown>\n#6 0x5592b79ddceb <unknown>\n#7 0x5592b79b7633 <unknown>\n#8 0x5592b79831be <unknown>\n#9 0x5592b7984981 <unknown>\n#10 0x5592b7e4c86b <unknown>\n#11 0x5592b7e5073c <unknown>\n#12 0x5592b7e33f12 <unknown>\n#13 0x5592b7e512b4 <unknown>\n#14 0x5592b7e180af <unknown>\n#15 0x5592b7e74ad8 <unknown>\n#16 0x5592b7e74cb6 <unknown>\n#17 0x5592b7e852e6 <unknown>\n#18 0x7f6cf729caa4 <unknown>\n#19 0x7f6cf7329c3c <unknown>","statusTrace":"self = <tests.regression_ui.test_ui_regression.TestUIRegression object at 0x7efe038364b0>\ndriver = <selenium.webdriver.chrome.webdriver.WebDriver (session=\"ca3b6fb3ed0afb969d4b10fdc1cd5a62\")>\n\n    @pytest.mark.TC000\n    @pytest.mark.TC007\n    @allure.title('Label a Card')\n    def test_label_card(self, driver):\n        time.sleep(4)\n        with allure.step('Log in to Trello account'):\n            self.test_login(driver)\n    \n        with allure.step('Open a board and select a card'):\n            try:\n                WebDriverWait(driver, 10).until(EC.element_to_be_clickable((By.XPATH, self.SCC.Board.BOARD_TITLE))).click()\n                WebDriverWait(driver, 10).until(EC.visibility_of_element_located((By.XPATH, self.SCC.Board.LIST_TITLE))).click()\n                driver.find_element(By.XPATH, self.SCC.List.ADD_A_CARD_BUTTON).click()\n                driver.find_element(By.XPATH, self.SCC.List.CARD_NAME_FIELD).click()\n                time.sleep(1)\n                driver.find_element(By.XPATH, self.SCC.List.CARD_NAME_FIELD).send_keys('new_card')\n                driver.find_element(By.XPATH, self.SCC.List.ADD_CARD_SUBMIT_BUTTOMN).click()\n                time.sleep(3)\n            except Exception as e:\n                log.info(\"An error occurred: \", str(e))\n    \n        with allure.step('Click the card to open and archive it'):\n>           driver.find_element(By.XPATH, self.SCC.List.CARD_TO_ARCHIVE).click()\n\ntests/regression_ui/test_ui_regression.py:239: \n_ _ _ _ _ _ _ _ _ _ _ _ _ _ _ _ _ _ _ _ _ _ _ _ _ _ _ _ _ _ _ _ _ _ _ _ _ _ _ _ \n/opt/hostedtoolcache/Python/3.12.5/x64/lib/python3.12/site-packages/selenium/webdriver/remote/webdriver.py:770: in find_element\n    return self.execute(Command.FIND_ELEMENT, {\"using\": by, \"value\": value})[\"value\"]\n/opt/hostedtoolcache/Python/3.12.5/x64/lib/python3.12/site-packages/selenium/webdriver/remote/webdriver.py:384: in execute\n    self.error_handler.check_response(response)\n_ _ _ _ _ _ _ _ _ _ _ _ _ _ _ _ _ _ _ _ _ _ _ _ _ _ _ _ _ _ _ _ _ _ _ _ _ _ _ _ \n\nself = <selenium.webdriver.remote.errorhandler.ErrorHandler object at 0x7efe0383b9b0>\nresponse = {'status': 404, 'value': '{\"value\":{\"error\":\"no such element\",\"message\":\"no such element: Unable to locate element: {\\...\\\\n#17 0x5592b7e852e6 \\\\u003Cunknown>\\\\n#18 0x7f6cf729caa4 \\\\u003Cunknown>\\\\n#19 0x7f6cf7329c3c \\\\u003Cunknown>\\\\n\"}}'}\n\n    def check_response(self, response: Dict[str, Any]) -> None:\n        \"\"\"Checks that a JSON response from the WebDriver does not have an\n        error.\n    \n        :Args:\n         - response - The JSON response from the WebDriver server as a dictionary\n           object.\n    \n        :Raises: If the response contains an error message.\n        \"\"\"\n        status = response.get(\"status\", None)\n        if not status or status == ErrorCode.SUCCESS:\n            return\n        value = None\n        message = response.get(\"message\", \"\")\n        screen: str = response.get(\"screen\", \"\")\n        stacktrace = None\n        if isinstance(status, int):\n            value_json = response.get(\"value\", None)\n            if value_json and isinstance(value_json, str):\n                import json\n    \n                try:\n                    value = json.loads(value_json)\n                    if len(value) == 1:\n                        value = value[\"value\"]\n                    status = value.get(\"error\", None)\n                    if not status:\n                        status = value.get(\"status\", ErrorCode.UNKNOWN_ERROR)\n                        message = value.get(\"value\") or value.get(\"message\")\n                        if not isinstance(message, str):\n                            value = message\n                            message = message.get(\"message\")\n                    else:\n                        message = value.get(\"message\", None)\n                except ValueError:\n                    pass\n    \n        exception_class: Type[WebDriverException]\n        e = ErrorCode()\n        error_codes = [item for item in dir(e) if not item.startswith(\"__\")]\n        for error_code in error_codes:\n            error_info = getattr(ErrorCode, error_code)\n            if isinstance(error_info, list) and status in error_info:\n                exception_class = getattr(ExceptionMapping, error_code, WebDriverException)\n                break\n        else:\n            exception_class = WebDriverException\n    \n        if not value:\n            value = response[\"value\"]\n        if isinstance(value, str):\n            raise exception_class(value)\n        if message == \"\" and \"message\" in value:\n            message = value[\"message\"]\n    \n        screen = None  # type: ignore[assignment]\n        if \"screen\" in value:\n            screen = value[\"screen\"]\n    \n        stacktrace = None\n        st_value = value.get(\"stackTrace\") or value.get(\"stacktrace\")\n        if st_value:\n            if isinstance(st_value, str):\n                stacktrace = st_value.split(\"\\n\")\n            else:\n                stacktrace = []\n                try:\n                    for frame in st_value:\n                        line = frame.get(\"lineNumber\", \"\")\n                        file = frame.get(\"fileName\", \"<anonymous>\")\n                        if line:\n                            file = f\"{file}:{line}\"\n                        meth = frame.get(\"methodName\", \"<anonymous>\")\n                        if \"className\" in frame:\n                            meth = f\"{frame['className']}.{meth}\"\n                        msg = \"    at %s (%s)\"\n                        msg = msg % (meth, file)\n                        stacktrace.append(msg)\n                except TypeError:\n                    pass\n        if exception_class == UnexpectedAlertPresentException:\n            alert_text = None\n            if \"data\" in value:\n                alert_text = value[\"data\"].get(\"text\")\n            elif \"alert\" in value:\n                alert_text = value[\"alert\"].get(\"text\")\n            raise exception_class(message, screen, stacktrace, alert_text)  # type: ignore[call-arg]  # mypy is not smart enough here\n>       raise exception_class(message, screen, stacktrace)\nE       selenium.common.exceptions.NoSuchElementException: Message: no such element: Unable to locate element: {\"method\":\"xpath\",\"selector\":\"//*[contains(text(), 'new_card')]\"}\nE         (Session info: chrome=134.0.6998.88); For documentation on this error, please visit: https://www.selenium.dev/documentation/webdriver/troubleshooting/errors#no-such-element-exception\nE       Stacktrace:\nE       #0 0x5592b7e8646a <unknown>\nE       #1 0x5592b793fed0 <unknown>\nE       #2 0x5592b7991935 <unknown>\nE       #3 0x5592b7991b61 <unknown>\nE       #4 0x5592b79e09d4 <unknown>\nE       #5 0x5592b79b788d <unknown>\nE       #6 0x5592b79ddceb <unknown>\nE       #7 0x5592b79b7633 <unknown>\nE       #8 0x5592b79831be <unknown>\nE       #9 0x5592b7984981 <unknown>\nE       #10 0x5592b7e4c86b <unknown>\nE       #11 0x5592b7e5073c <unknown>\nE       #12 0x5592b7e33f12 <unknown>\nE       #13 0x5592b7e512b4 <unknown>\nE       #14 0x5592b7e180af <unknown>\nE       #15 0x5592b7e74ad8 <unknown>\nE       #16 0x5592b7e74cb6 <unknown>\nE       #17 0x5592b7e852e6 <unknown>\nE       #18 0x7f6cf729caa4 <unknown>\nE       #19 0x7f6cf7329c3c <unknown>\n\n/opt/hostedtoolcache/Python/3.12.5/x64/lib/python3.12/site-packages/selenium/webdriver/remote/errorhandler.py:232: NoSuchElementException","flaky":false,"newFailed":false,"newBroken":true,"newPassed":false,"retriesCount":0,"retriesStatusChange":false,"beforeStages":[{"name":"driver","time":{"start":1742289256203,"stop":1742289256522,"duration":319},"status":"passed","steps":[],"attachments":[],"parameters":[],"shouldDisplayMessage":false,"stepsCount":0,"attachmentsCount":0,"hasContent":false,"attachmentStep":false},{"name":"setup","time":{"start":1742289256522,"stop":1742289256522,"duration":0},"status":"passed","steps":[],"attachments":[],"parameters":[],"shouldDisplayMessage":false,"stepsCount":0,"attachmentsCount":0,"hasContent":false,"attachmentStep":false}],"testStage":{"status":"broken","statusMessage":"selenium.common.exceptions.NoSuchElementException: Message: no such element: Unable to locate element: {\"method\":\"xpath\",\"selector\":\"//*[contains(text(), 'new_card')]\"}\n  (Session info: chrome=134.0.6998.88); For documentation on this error, please visit: https://www.selenium.dev/documentation/webdriver/troubleshooting/errors#no-such-element-exception\nStacktrace:\n#0 0x5592b7e8646a <unknown>\n#1 0x5592b793fed0 <unknown>\n#2 0x5592b7991935 <unknown>\n#3 0x5592b7991b61 <unknown>\n#4 0x5592b79e09d4 <unknown>\n#5 0x5592b79b788d <unknown>\n#6 0x5592b79ddceb <unknown>\n#7 0x5592b79b7633 <unknown>\n#8 0x5592b79831be <unknown>\n#9 0x5592b7984981 <unknown>\n#10 0x5592b7e4c86b <unknown>\n#11 0x5592b7e5073c <unknown>\n#12 0x5592b7e33f12 <unknown>\n#13 0x5592b7e512b4 <unknown>\n#14 0x5592b7e180af <unknown>\n#15 0x5592b7e74ad8 <unknown>\n#16 0x5592b7e74cb6 <unknown>\n#17 0x5592b7e852e6 <unknown>\n#18 0x7f6cf729caa4 <unknown>\n#19 0x7f6cf7329c3c <unknown>","statusTrace":"self = <tests.regression_ui.test_ui_regression.TestUIRegression object at 0x7efe038364b0>\ndriver = <selenium.webdriver.chrome.webdriver.WebDriver (session=\"ca3b6fb3ed0afb969d4b10fdc1cd5a62\")>\n\n    @pytest.mark.TC000\n    @pytest.mark.TC007\n    @allure.title('Label a Card')\n    def test_label_card(self, driver):\n        time.sleep(4)\n        with allure.step('Log in to Trello account'):\n            self.test_login(driver)\n    \n        with allure.step('Open a board and select a card'):\n            try:\n                WebDriverWait(driver, 10).until(EC.element_to_be_clickable((By.XPATH, self.SCC.Board.BOARD_TITLE))).click()\n                WebDriverWait(driver, 10).until(EC.visibility_of_element_located((By.XPATH, self.SCC.Board.LIST_TITLE))).click()\n                driver.find_element(By.XPATH, self.SCC.List.ADD_A_CARD_BUTTON).click()\n                driver.find_element(By.XPATH, self.SCC.List.CARD_NAME_FIELD).click()\n                time.sleep(1)\n                driver.find_element(By.XPATH, self.SCC.List.CARD_NAME_FIELD).send_keys('new_card')\n                driver.find_element(By.XPATH, self.SCC.List.ADD_CARD_SUBMIT_BUTTOMN).click()\n                time.sleep(3)\n            except Exception as e:\n                log.info(\"An error occurred: \", str(e))\n    \n        with allure.step('Click the card to open and archive it'):\n>           driver.find_element(By.XPATH, self.SCC.List.CARD_TO_ARCHIVE).click()\n\ntests/regression_ui/test_ui_regression.py:239: \n_ _ _ _ _ _ _ _ _ _ _ _ _ _ _ _ _ _ _ _ _ _ _ _ _ _ _ _ _ _ _ _ _ _ _ _ _ _ _ _ \n/opt/hostedtoolcache/Python/3.12.5/x64/lib/python3.12/site-packages/selenium/webdriver/remote/webdriver.py:770: in find_element\n    return self.execute(Command.FIND_ELEMENT, {\"using\": by, \"value\": value})[\"value\"]\n/opt/hostedtoolcache/Python/3.12.5/x64/lib/python3.12/site-packages/selenium/webdriver/remote/webdriver.py:384: in execute\n    self.error_handler.check_response(response)\n_ _ _ _ _ _ _ _ _ _ _ _ _ _ _ _ _ _ _ _ _ _ _ _ _ _ _ _ _ _ _ _ _ _ _ _ _ _ _ _ \n\nself = <selenium.webdriver.remote.errorhandler.ErrorHandler object at 0x7efe0383b9b0>\nresponse = {'status': 404, 'value': '{\"value\":{\"error\":\"no such element\",\"message\":\"no such element: Unable to locate element: {\\...\\\\n#17 0x5592b7e852e6 \\\\u003Cunknown>\\\\n#18 0x7f6cf729caa4 \\\\u003Cunknown>\\\\n#19 0x7f6cf7329c3c \\\\u003Cunknown>\\\\n\"}}'}\n\n    def check_response(self, response: Dict[str, Any]) -> None:\n        \"\"\"Checks that a JSON response from the WebDriver does not have an\n        error.\n    \n        :Args:\n         - response - The JSON response from the WebDriver server as a dictionary\n           object.\n    \n        :Raises: If the response contains an error message.\n        \"\"\"\n        status = response.get(\"status\", None)\n        if not status or status == ErrorCode.SUCCESS:\n            return\n        value = None\n        message = response.get(\"message\", \"\")\n        screen: str = response.get(\"screen\", \"\")\n        stacktrace = None\n        if isinstance(status, int):\n            value_json = response.get(\"value\", None)\n            if value_json and isinstance(value_json, str):\n                import json\n    \n                try:\n                    value = json.loads(value_json)\n                    if len(value) == 1:\n                        value = value[\"value\"]\n                    status = value.get(\"error\", None)\n                    if not status:\n                        status = value.get(\"status\", ErrorCode.UNKNOWN_ERROR)\n                        message = value.get(\"value\") or value.get(\"message\")\n                        if not isinstance(message, str):\n                            value = message\n                            message = message.get(\"message\")\n                    else:\n                        message = value.get(\"message\", None)\n                except ValueError:\n                    pass\n    \n        exception_class: Type[WebDriverException]\n        e = ErrorCode()\n        error_codes = [item for item in dir(e) if not item.startswith(\"__\")]\n        for error_code in error_codes:\n            error_info = getattr(ErrorCode, error_code)\n            if isinstance(error_info, list) and status in error_info:\n                exception_class = getattr(ExceptionMapping, error_code, WebDriverException)\n                break\n        else:\n            exception_class = WebDriverException\n    \n        if not value:\n            value = response[\"value\"]\n        if isinstance(value, str):\n            raise exception_class(value)\n        if message == \"\" and \"message\" in value:\n            message = value[\"message\"]\n    \n        screen = None  # type: ignore[assignment]\n        if \"screen\" in value:\n            screen = value[\"screen\"]\n    \n        stacktrace = None\n        st_value = value.get(\"stackTrace\") or value.get(\"stacktrace\")\n        if st_value:\n            if isinstance(st_value, str):\n                stacktrace = st_value.split(\"\\n\")\n            else:\n                stacktrace = []\n                try:\n                    for frame in st_value:\n                        line = frame.get(\"lineNumber\", \"\")\n                        file = frame.get(\"fileName\", \"<anonymous>\")\n                        if line:\n                            file = f\"{file}:{line}\"\n                        meth = frame.get(\"methodName\", \"<anonymous>\")\n                        if \"className\" in frame:\n                            meth = f\"{frame['className']}.{meth}\"\n                        msg = \"    at %s (%s)\"\n                        msg = msg % (meth, file)\n                        stacktrace.append(msg)\n                except TypeError:\n                    pass\n        if exception_class == UnexpectedAlertPresentException:\n            alert_text = None\n            if \"data\" in value:\n                alert_text = value[\"data\"].get(\"text\")\n            elif \"alert\" in value:\n                alert_text = value[\"alert\"].get(\"text\")\n            raise exception_class(message, screen, stacktrace, alert_text)  # type: ignore[call-arg]  # mypy is not smart enough here\n>       raise exception_class(message, screen, stacktrace)\nE       selenium.common.exceptions.NoSuchElementException: Message: no such element: Unable to locate element: {\"method\":\"xpath\",\"selector\":\"//*[contains(text(), 'new_card')]\"}\nE         (Session info: chrome=134.0.6998.88); For documentation on this error, please visit: https://www.selenium.dev/documentation/webdriver/troubleshooting/errors#no-such-element-exception\nE       Stacktrace:\nE       #0 0x5592b7e8646a <unknown>\nE       #1 0x5592b793fed0 <unknown>\nE       #2 0x5592b7991935 <unknown>\nE       #3 0x5592b7991b61 <unknown>\nE       #4 0x5592b79e09d4 <unknown>\nE       #5 0x5592b79b788d <unknown>\nE       #6 0x5592b79ddceb <unknown>\nE       #7 0x5592b79b7633 <unknown>\nE       #8 0x5592b79831be <unknown>\nE       #9 0x5592b7984981 <unknown>\nE       #10 0x5592b7e4c86b <unknown>\nE       #11 0x5592b7e5073c <unknown>\nE       #12 0x5592b7e33f12 <unknown>\nE       #13 0x5592b7e512b4 <unknown>\nE       #14 0x5592b7e180af <unknown>\nE       #15 0x5592b7e74ad8 <unknown>\nE       #16 0x5592b7e74cb6 <unknown>\nE       #17 0x5592b7e852e6 <unknown>\nE       #18 0x7f6cf729caa4 <unknown>\nE       #19 0x7f6cf7329c3c <unknown>\n\n/opt/hostedtoolcache/Python/3.12.5/x64/lib/python3.12/site-packages/selenium/webdriver/remote/errorhandler.py:232: NoSuchElementException","steps":[{"name":"Log in to Trello account","time":{"start":1742289260522,"stop":1742289266932,"duration":6410},"status":"passed","steps":[{"name":"Navigate to the Trello page and enter valid credentials (email, password, and 6-digits verification code)","time":{"start":1742289260523,"stop":1742289266932,"duration":6409},"status":"passed","steps":[],"attachments":[],"parameters":[],"shouldDisplayMessage":false,"stepsCount":0,"attachmentsCount":0,"hasContent":false,"attachmentStep":false}],"attachments":[],"parameters":[],"shouldDisplayMessage":false,"stepsCount":1,"attachmentsCount":0,"hasContent":true,"attachmentStep":false},{"name":"Open a board and select a card","time":{"start":1742289266932,"stop":1742289277212,"duration":10280},"status":"passed","steps":[],"attachments":[],"parameters":[],"shouldDisplayMessage":false,"stepsCount":0,"attachmentsCount":0,"hasContent":false,"attachmentStep":false},{"name":"Click the card to open and archive it","time":{"start":1742289277212,"stop":1742289277226,"duration":14},"status":"broken","statusMessage":"selenium.common.exceptions.NoSuchElementException: Message: no such element: Unable to locate element: {\"method\":\"xpath\",\"selector\":\"//*[contains(text(), 'new_card')]\"}\n  (Session info: chrome=134.0.6998.88); For documentation on this error, please visit: https://www.selenium.dev/documentation/webdriver/troubleshooting/errors#no-such-element-exception\nStacktrace:\n#0 0x5592b7e8646a <unknown>\n#1 0x5592b793fed0 <unknown>\n#2 0x5592b7991935 <unknown>\n#3 0x5592b7991b61 <unknown>\n#4 0x5592b79e09d4 <unknown>\n#5 0x5592b79b788d <unknown>\n#6 0x5592b79ddceb <unknown>\n#7 0x5592b79b7633 <unknown>\n#8 0x5592b79831be <unknown>\n#9 0x5592b7984981 <unknown>\n#10 0x5592b7e4c86b <unknown>\n#11 0x5592b7e5073c <unknown>\n#12 0x5592b7e33f12 <unknown>\n#13 0x5592b7e512b4 <unknown>\n#14 0x5592b7e180af <unknown>\n#15 0x5592b7e74ad8 <unknown>\n#16 0x5592b7e74cb6 <unknown>\n#17 0x5592b7e852e6 <unknown>\n#18 0x7f6cf729caa4 <unknown>\n#19 0x7f6cf7329c3c <unknown>\n\n","statusTrace":"  File \"/home/runner/work/pythonSelenium/pythonSelenium/tests/regression_ui/test_ui_regression.py\", line 239, in test_label_card\n    driver.find_element(By.XPATH, self.SCC.List.CARD_TO_ARCHIVE).click()\n    ^^^^^^^^^^^^^^^^^^^^^^^^^^^^^^^^^^^^^^^^^^^^^^^^^^^^^^^^^^^^\n  File \"/opt/hostedtoolcache/Python/3.12.5/x64/lib/python3.12/site-packages/selenium/webdriver/remote/webdriver.py\", line 770, in find_element\n    return self.execute(Command.FIND_ELEMENT, {\"using\": by, \"value\": value})[\"value\"]\n           ^^^^^^^^^^^^^^^^^^^^^^^^^^^^^^^^^^^^^^^^^^^^^^^^^^^^^^^^^^^^^^^^^\n  File \"/opt/hostedtoolcache/Python/3.12.5/x64/lib/python3.12/site-packages/selenium/webdriver/remote/webdriver.py\", line 384, in execute\n    self.error_handler.check_response(response)\n  File \"/opt/hostedtoolcache/Python/3.12.5/x64/lib/python3.12/site-packages/selenium/webdriver/remote/errorhandler.py\", line 232, in check_response\n    raise exception_class(message, screen, stacktrace)\n","steps":[],"attachments":[],"parameters":[],"shouldDisplayMessage":true,"stepsCount":0,"attachmentsCount":0,"hasContent":true,"attachmentStep":false}],"attachments":[],"parameters":[],"shouldDisplayMessage":true,"stepsCount":4,"attachmentsCount":0,"hasContent":true,"attachmentStep":false},"afterStages":[{"name":"driver::0","time":{"start":1742289277280,"stop":1742289277349,"duration":69},"status":"passed","steps":[],"attachments":[],"parameters":[],"shouldDisplayMessage":false,"stepsCount":0,"attachmentsCount":0,"hasContent":false,"attachmentStep":false}],"labels":[{"name":"tag","value":"TC007"},{"name":"tag","value":"TC000"},{"name":"parentSuite","value":"tests.regression_ui"},{"name":"suite","value":"test_ui_regression"},{"name":"subSuite","value":"TestUIRegression"},{"name":"host","value":"fv-az1945-66"},{"name":"thread","value":"4149-MainThread"},{"name":"framework","value":"pytest"},{"name":"language","value":"cpython3"},{"name":"package","value":"tests.regression_ui.test_ui_regression"},{"name":"resultFormat","value":"allure2"}],"parameters":[],"links":[],"hidden":false,"retry":false,"extra":{"severity":"normal","retries":[],"categories":[{"name":"Test defects","matchedStatuses":[]}],"history":{"statistic":{"failed":0,"broken":23,"skipped":0,"passed":509,"unknown":0,"total":532},"items":[{"uid":"3e01d966f2453bd","status":"passed","time":{"start":1742278552248,"stop":1742278579660,"duration":27412}},{"uid":"404f4d7d7ea7e788","status":"passed","time":{"start":1742268348120,"stop":1742268375577,"duration":27457}},{"uid":"2c257a74dbb3d653","status":"passed","time":{"start":1742258685857,"stop":1742258720346,"duration":34489}},{"uid":"e75302c5207d455c","status":"passed","time":{"start":1742245876439,"stop":1742245910138,"duration":33699}},{"uid":"60ec986722d23361","status":"passed","time":{"start":1742235313655,"stop":1742235346992,"duration":33337}},{"uid":"6eb06ba37d1cea2d","status":"passed","time":{"start":1742224333910,"stop":1742224367072,"duration":33162}},{"uid":"59d4ccd698ecf688","status":"passed","time":{"start":1742214196819,"stop":1742214226068,"duration":29249}},{"uid":"15e189beadf60797","status":"passed","time":{"start":1742202823469,"stop":1742202857190,"duration":33721}},{"uid":"3978fedd8c62a455","status":"passed","time":{"start":1742192174226,"stop":1742192207460,"duration":33234}},{"uid":"84a8e8dbd744e454","status":"broken","statusDetails":"selenium.common.exceptions.TimeoutException: Message: \nStacktrace:\n#0 0x55c13193946a <unknown>\n#1 0x55c1313f2ed0 <unknown>\n#2 0x55c131444935 <unknown>\n#3 0x55c131444b61 <unknown>\n#4 0x55c1314939d4 <unknown>\n#5 0x55c13146a88d <unknown>\n#6 0x55c131490ceb <unknown>\n#7 0x55c13146a633 <unknown>\n#8 0x55c1314361be <unknown>\n#9 0x55c131437981 <unknown>\n#10 0x55c1318ff86b <unknown>\n#11 0x55c13190373c <unknown>\n#12 0x55c1318e6f12 <unknown>\n#13 0x55c1319042b4 <unknown>\n#14 0x55c1318cb0af <unknown>\n#15 0x55c131927ad8 <unknown>\n#16 0x55c131927cb6 <unknown>\n#17 0x55c1319382e6 <unknown>\n#18 0x7fea4609caa4 <unknown>\n#19 0x7fea46129c3c <unknown>","time":{"start":1742181939012,"stop":1742181953656,"duration":14644}},{"uid":"322a9950896469c7","status":"passed","time":{"start":1742172465798,"stop":1742172499086,"duration":33288}},{"uid":"e1a0b018a9ac2da9","status":"passed","time":{"start":1742159418308,"stop":1742159445947,"duration":27639}},{"uid":"d8ec76c84a83c93a","status":"passed","time":{"start":1742148854371,"stop":1742148889034,"duration":34663}},{"uid":"83f3a8b24edab863","status":"passed","time":{"start":1742137844577,"stop":1742137878411,"duration":33834}},{"uid":"d4d9ca16edb518ca","status":"passed","time":{"start":1742127434324,"stop":1742127468331,"duration":34007}},{"uid":"1006cbc5e9806b1d","status":"passed","time":{"start":1742116335866,"stop":1742116369076,"duration":33210}},{"uid":"d181c684240c9ef1","status":"passed","time":{"start":1742105713442,"stop":1742105746737,"duration":33295}},{"uid":"8325800c0cb7a6a2","status":"passed","time":{"start":1742095604671,"stop":1742095638342,"duration":33671}},{"uid":"9b425d1af2143e15","status":"passed","time":{"start":1742086184441,"stop":1742086217486,"duration":33045}},{"uid":"4b28056e69dd52d1","status":"passed","time":{"start":1742072983976,"stop":1742073019796,"duration":35820}}]},"tags":["TC007","TC000"]},"source":"5a79832ac067146b.json","parameterValues":[]}