{"uid":"601934749dbdcadc","name":"Board Deletion","fullName":"tests.regression_ui.test_ui_regression.TestUIRegression#test_board_deletion","historyId":"4bab3c1ca3a9b77bdca99b9a1a8bf44f","time":{"start":1737498466251,"stop":1737498509102,"duration":42851},"status":"broken","statusMessage":"selenium.common.exceptions.TimeoutException: Message: \nStacktrace:\n#0 0x55a03f0ed8fa <unknown>\n#1 0x55a03ebfed20 <unknown>\n#2 0x55a03ec4da66 <unknown>\n#3 0x55a03ec4dd01 <unknown>\n#4 0x55a03ec93184 <unknown>\n#5 0x55a03ec71b1d <unknown>\n#6 0x55a03ec90560 <unknown>\n#7 0x55a03ec71893 <unknown>\n#8 0x55a03ec4030d <unknown>\n#9 0x55a03ec4132e <unknown>\n#10 0x55a03f0ba00b <unknown>\n#11 0x55a03f0bdf97 <unknown>\n#12 0x55a03f0a671c <unknown>\n#13 0x55a03f0beb17 <unknown>\n#14 0x55a03f08b6cf <unknown>\n#15 0x55a03f0dc6b8 <unknown>\n#16 0x55a03f0dc880 <unknown>\n#17 0x55a03f0ec776 <unknown>\n#18 0x7fb85909ca94 <unknown>\n#19 0x7fb859129c3c <unknown>","statusTrace":"self = <tests.regression_ui.test_ui_regression.TestUIRegression object at 0x7f21397a6ab0>\ndriver = <selenium.webdriver.chrome.webdriver.WebDriver (session=\"53a1842893d0cbf2fc017feade320906\")>\n\n    @pytest.mark.TC000\n    @pytest.mark.TC009\n    @allure.title('Board Deletion')\n    def test_board_deletion(self, driver):\n        time.sleep(5)\n        with allure.step('Log in to Trello account'):\n            self.test_login(driver)\n    \n        with allure.step('Open board'):\n>           WebDriverWait(driver, 10).until(EC.element_to_be_clickable((By.XPATH, self.SCC.Board.BOARD_TITLE))).click()\n\ntests/regression_ui/test_ui_regression.py:266: \n_ _ _ _ _ _ _ _ _ _ _ _ _ _ _ _ _ _ _ _ _ _ _ _ _ _ _ _ _ _ _ _ _ _ _ _ _ _ _ _ \n\nself = <selenium.webdriver.support.wait.WebDriverWait (session=\"53a1842893d0cbf2fc017feade320906\")>\nmethod = <function element_to_be_clickable.<locals>._predicate at 0x7f213967b740>\nmessage = ''\n\n    def until(self, method: Callable[[D], Union[Literal[False], T]], message: str = \"\") -> T:\n        \"\"\"Calls the method provided with the driver as an argument until the \\\n        return value does not evaluate to ``False``.\n    \n        :param method: callable(WebDriver)\n        :param message: optional message for :exc:`TimeoutException`\n        :returns: the result of the last call to `method`\n        :raises: :exc:`selenium.common.exceptions.TimeoutException` if timeout occurs\n        \"\"\"\n        screen = None\n        stacktrace = None\n    \n        end_time = time.monotonic() + self._timeout\n        while True:\n            try:\n                value = method(self._driver)\n                if value:\n                    return value\n            except self._ignored_exceptions as exc:\n                screen = getattr(exc, \"screen\", None)\n                stacktrace = getattr(exc, \"stacktrace\", None)\n            if time.monotonic() > end_time:\n                break\n            time.sleep(self._poll)\n>       raise TimeoutException(message, screen, stacktrace)\nE       selenium.common.exceptions.TimeoutException: Message: \nE       Stacktrace:\nE       #0 0x55a03f0ed8fa <unknown>\nE       #1 0x55a03ebfed20 <unknown>\nE       #2 0x55a03ec4da66 <unknown>\nE       #3 0x55a03ec4dd01 <unknown>\nE       #4 0x55a03ec93184 <unknown>\nE       #5 0x55a03ec71b1d <unknown>\nE       #6 0x55a03ec90560 <unknown>\nE       #7 0x55a03ec71893 <unknown>\nE       #8 0x55a03ec4030d <unknown>\nE       #9 0x55a03ec4132e <unknown>\nE       #10 0x55a03f0ba00b <unknown>\nE       #11 0x55a03f0bdf97 <unknown>\nE       #12 0x55a03f0a671c <unknown>\nE       #13 0x55a03f0beb17 <unknown>\nE       #14 0x55a03f08b6cf <unknown>\nE       #15 0x55a03f0dc6b8 <unknown>\nE       #16 0x55a03f0dc880 <unknown>\nE       #17 0x55a03f0ec776 <unknown>\nE       #18 0x7fb85909ca94 <unknown>\nE       #19 0x7fb859129c3c <unknown>\n\n/opt/hostedtoolcache/Python/3.12.5/x64/lib/python3.12/site-packages/selenium/webdriver/support/wait.py:105: TimeoutException","flaky":false,"newFailed":false,"newBroken":true,"newPassed":false,"retriesCount":0,"retriesStatusChange":false,"beforeStages":[{"name":"driver","time":{"start":1737498466004,"stop":1737498466250,"duration":246},"status":"passed","steps":[],"attachments":[],"parameters":[],"shouldDisplayMessage":false,"stepsCount":0,"attachmentsCount":0,"hasContent":false,"attachmentStep":false},{"name":"setup","time":{"start":1737498466251,"stop":1737498466251,"duration":0},"status":"passed","steps":[],"attachments":[],"parameters":[],"shouldDisplayMessage":false,"stepsCount":0,"attachmentsCount":0,"hasContent":false,"attachmentStep":false}],"testStage":{"status":"broken","statusMessage":"selenium.common.exceptions.TimeoutException: Message: \nStacktrace:\n#0 0x55a03f0ed8fa <unknown>\n#1 0x55a03ebfed20 <unknown>\n#2 0x55a03ec4da66 <unknown>\n#3 0x55a03ec4dd01 <unknown>\n#4 0x55a03ec93184 <unknown>\n#5 0x55a03ec71b1d <unknown>\n#6 0x55a03ec90560 <unknown>\n#7 0x55a03ec71893 <unknown>\n#8 0x55a03ec4030d <unknown>\n#9 0x55a03ec4132e <unknown>\n#10 0x55a03f0ba00b <unknown>\n#11 0x55a03f0bdf97 <unknown>\n#12 0x55a03f0a671c <unknown>\n#13 0x55a03f0beb17 <unknown>\n#14 0x55a03f08b6cf <unknown>\n#15 0x55a03f0dc6b8 <unknown>\n#16 0x55a03f0dc880 <unknown>\n#17 0x55a03f0ec776 <unknown>\n#18 0x7fb85909ca94 <unknown>\n#19 0x7fb859129c3c <unknown>","statusTrace":"self = <tests.regression_ui.test_ui_regression.TestUIRegression object at 0x7f21397a6ab0>\ndriver = <selenium.webdriver.chrome.webdriver.WebDriver (session=\"53a1842893d0cbf2fc017feade320906\")>\n\n    @pytest.mark.TC000\n    @pytest.mark.TC009\n    @allure.title('Board Deletion')\n    def test_board_deletion(self, driver):\n        time.sleep(5)\n        with allure.step('Log in to Trello account'):\n            self.test_login(driver)\n    \n        with allure.step('Open board'):\n>           WebDriverWait(driver, 10).until(EC.element_to_be_clickable((By.XPATH, self.SCC.Board.BOARD_TITLE))).click()\n\ntests/regression_ui/test_ui_regression.py:266: \n_ _ _ _ _ _ _ _ _ _ _ _ _ _ _ _ _ _ _ _ _ _ _ _ _ _ _ _ _ _ _ _ _ _ _ _ _ _ _ _ \n\nself = <selenium.webdriver.support.wait.WebDriverWait (session=\"53a1842893d0cbf2fc017feade320906\")>\nmethod = <function element_to_be_clickable.<locals>._predicate at 0x7f213967b740>\nmessage = ''\n\n    def until(self, method: Callable[[D], Union[Literal[False], T]], message: str = \"\") -> T:\n        \"\"\"Calls the method provided with the driver as an argument until the \\\n        return value does not evaluate to ``False``.\n    \n        :param method: callable(WebDriver)\n        :param message: optional message for :exc:`TimeoutException`\n        :returns: the result of the last call to `method`\n        :raises: :exc:`selenium.common.exceptions.TimeoutException` if timeout occurs\n        \"\"\"\n        screen = None\n        stacktrace = None\n    \n        end_time = time.monotonic() + self._timeout\n        while True:\n            try:\n                value = method(self._driver)\n                if value:\n                    return value\n            except self._ignored_exceptions as exc:\n                screen = getattr(exc, \"screen\", None)\n                stacktrace = getattr(exc, \"stacktrace\", None)\n            if time.monotonic() > end_time:\n                break\n            time.sleep(self._poll)\n>       raise TimeoutException(message, screen, stacktrace)\nE       selenium.common.exceptions.TimeoutException: Message: \nE       Stacktrace:\nE       #0 0x55a03f0ed8fa <unknown>\nE       #1 0x55a03ebfed20 <unknown>\nE       #2 0x55a03ec4da66 <unknown>\nE       #3 0x55a03ec4dd01 <unknown>\nE       #4 0x55a03ec93184 <unknown>\nE       #5 0x55a03ec71b1d <unknown>\nE       #6 0x55a03ec90560 <unknown>\nE       #7 0x55a03ec71893 <unknown>\nE       #8 0x55a03ec4030d <unknown>\nE       #9 0x55a03ec4132e <unknown>\nE       #10 0x55a03f0ba00b <unknown>\nE       #11 0x55a03f0bdf97 <unknown>\nE       #12 0x55a03f0a671c <unknown>\nE       #13 0x55a03f0beb17 <unknown>\nE       #14 0x55a03f08b6cf <unknown>\nE       #15 0x55a03f0dc6b8 <unknown>\nE       #16 0x55a03f0dc880 <unknown>\nE       #17 0x55a03f0ec776 <unknown>\nE       #18 0x7fb85909ca94 <unknown>\nE       #19 0x7fb859129c3c <unknown>\n\n/opt/hostedtoolcache/Python/3.12.5/x64/lib/python3.12/site-packages/selenium/webdriver/support/wait.py:105: TimeoutException","steps":[{"name":"Log in to Trello account","time":{"start":1737498471251,"stop":1737498498777,"duration":27526},"status":"passed","steps":[{"name":"Navigate to the Trello login page","time":{"start":1737498471251,"stop":1737498474539,"duration":3288},"status":"passed","steps":[],"attachments":[],"parameters":[],"shouldDisplayMessage":false,"stepsCount":0,"attachmentsCount":0,"hasContent":false,"attachmentStep":false},{"name":"Enter valid credentials (email, password, and 6-digits verification code)","time":{"start":1737498474539,"stop":1737498498777,"duration":24238},"status":"passed","steps":[],"attachments":[],"parameters":[],"shouldDisplayMessage":false,"stepsCount":0,"attachmentsCount":0,"hasContent":false,"attachmentStep":false}],"attachments":[],"parameters":[],"shouldDisplayMessage":false,"stepsCount":2,"attachmentsCount":0,"hasContent":true,"attachmentStep":false},{"name":"Open board","time":{"start":1737498498777,"stop":1737498509101,"duration":10324},"status":"broken","statusMessage":"selenium.common.exceptions.TimeoutException: Message: \nStacktrace:\n#0 0x55a03f0ed8fa <unknown>\n#1 0x55a03ebfed20 <unknown>\n#2 0x55a03ec4da66 <unknown>\n#3 0x55a03ec4dd01 <unknown>\n#4 0x55a03ec93184 <unknown>\n#5 0x55a03ec71b1d <unknown>\n#6 0x55a03ec90560 <unknown>\n#7 0x55a03ec71893 <unknown>\n#8 0x55a03ec4030d <unknown>\n#9 0x55a03ec4132e <unknown>\n#10 0x55a03f0ba00b <unknown>\n#11 0x55a03f0bdf97 <unknown>\n#12 0x55a03f0a671c <unknown>\n#13 0x55a03f0beb17 <unknown>\n#14 0x55a03f08b6cf <unknown>\n#15 0x55a03f0dc6b8 <unknown>\n#16 0x55a03f0dc880 <unknown>\n#17 0x55a03f0ec776 <unknown>\n#18 0x7fb85909ca94 <unknown>\n#19 0x7fb859129c3c <unknown>\n\n","statusTrace":"  File \"/home/runner/work/pythonSelenium/pythonSelenium/tests/regression_ui/test_ui_regression.py\", line 266, in test_board_deletion\n    WebDriverWait(driver, 10).until(EC.element_to_be_clickable((By.XPATH, self.SCC.Board.BOARD_TITLE))).click()\n    ^^^^^^^^^^^^^^^^^^^^^^^^^^^^^^^^^^^^^^^^^^^^^^^^^^^^^^^^^^^^^^^^^^^^^^^^^^^^^^^^^^^^^^^^^^^^^^^^^^^\n  File \"/opt/hostedtoolcache/Python/3.12.5/x64/lib/python3.12/site-packages/selenium/webdriver/support/wait.py\", line 105, in until\n    raise TimeoutException(message, screen, stacktrace)\n","steps":[],"attachments":[],"parameters":[],"shouldDisplayMessage":true,"stepsCount":0,"attachmentsCount":0,"hasContent":true,"attachmentStep":false}],"attachments":[{"uid":"16bb5e9a1968ab2","name":"log","source":"16bb5e9a1968ab2.txt","type":"text/plain","size":360}],"parameters":[],"shouldDisplayMessage":true,"stepsCount":4,"attachmentsCount":1,"hasContent":true,"attachmentStep":false},"afterStages":[{"name":"driver::0","time":{"start":1737498509136,"stop":1737498509210,"duration":74},"status":"passed","steps":[],"attachments":[],"parameters":[],"shouldDisplayMessage":false,"stepsCount":0,"attachmentsCount":0,"hasContent":false,"attachmentStep":false}],"labels":[{"name":"tag","value":"TC009"},{"name":"tag","value":"TC000"},{"name":"parentSuite","value":"tests.regression_ui"},{"name":"suite","value":"test_ui_regression"},{"name":"subSuite","value":"TestUIRegression"},{"name":"host","value":"fv-az1693-209"},{"name":"thread","value":"3611-MainThread"},{"name":"framework","value":"pytest"},{"name":"language","value":"cpython3"},{"name":"package","value":"tests.regression_ui.test_ui_regression"},{"name":"resultFormat","value":"allure2"}],"parameters":[],"links":[],"hidden":false,"retry":false,"extra":{"severity":"normal","retries":[],"categories":[{"name":"Test defects","matchedStatuses":[],"flaky":false}],"history":{"statistic":{"failed":51,"broken":14,"skipped":0,"passed":19,"unknown":0,"total":84},"items":[{"uid":"b1b1c62c20c14a04","status":"passed","time":{"start":1737469377906,"stop":1737469411841,"duration":33935}},{"uid":"5180f2cf719b58b5","status":"passed","time":{"start":1737382957717,"stop":1737382991038,"duration":33321}},{"uid":"9745d70fb652a135","status":"passed","time":{"start":1737296499656,"stop":1737296533134,"duration":33478}},{"uid":"63c87054262e1801","status":"passed","time":{"start":1737210048012,"stop":1737210081521,"duration":33509}},{"uid":"1094ffb3cdad1b7a","status":"passed","time":{"start":1737123719054,"stop":1737123752513,"duration":33459}},{"uid":"8a2d9279ad10f870","status":"passed","time":{"start":1737037327158,"stop":1737037360679,"duration":33521}},{"uid":"13b34c878600e311","status":"passed","time":{"start":1736951034836,"stop":1736951068561,"duration":33725}},{"uid":"988b11bb27c6c17c","status":"passed","time":{"start":1736864556209,"stop":1736864589431,"duration":33222}},{"uid":"2d5e4d9ddaa37288","status":"passed","time":{"start":1736816720138,"stop":1736816753610,"duration":33472}},{"uid":"833cfc7b7c5a917c","status":"broken","statusDetails":"TypeError: not all arguments converted during string formatting","time":{"start":1736792646488,"stop":1736792679112,"duration":32624}},{"uid":"b2887aedd7530361","status":"broken","statusDetails":"TypeError: not all arguments converted during string formatting","time":{"start":1736730705886,"stop":1736730738402,"duration":32516}},{"uid":"5f74cf2363fd9ffa","status":"passed","time":{"start":1736706066445,"stop":1736706099758,"duration":33313}},{"uid":"8bc306f38bcfdf45","status":"failed","statusDetails":"AssertionError: assert (0 - 2) == 0","time":{"start":1736644477806,"stop":1736644511350,"duration":33544}},{"uid":"67c1a20039917e1e","status":"failed","statusDetails":"AssertionError: assert (0 - 2) == 0","time":{"start":1736619669108,"stop":1736619702574,"duration":33466}},{"uid":"cb4e0cc033c36742","status":"broken","statusDetails":"TypeError: not all arguments converted during string formatting","time":{"start":1736557666644,"stop":1736557699194,"duration":32550}},{"uid":"c48d022542b553b7","status":"failed","statusDetails":"AssertionError: assert (0 - 2) == 0","time":{"start":1736533356746,"stop":1736533390101,"duration":33355}},{"uid":"848b2286a9018947","status":"broken","statusDetails":"TypeError: not all arguments converted during string formatting","time":{"start":1736471353810,"stop":1736471386601,"duration":32791}},{"uid":"3e0dc0f73969df4e","status":"failed","statusDetails":"AssertionError: assert (0 - 2) == 0","time":{"start":1736447088078,"stop":1736447121637,"duration":33559}},{"uid":"38d6bc8bd42ae3cd","status":"failed","statusDetails":"AssertionError: assert (0 - 2) == 0","time":{"start":1736384829629,"stop":1736384863226,"duration":33597}},{"uid":"7fca3f33bdbc57","status":"failed","statusDetails":"AssertionError: assert (0 - 2) == 0","time":{"start":1736360561408,"stop":1736360594912,"duration":33504}}]},"tags":["TC009","TC000"]},"source":"601934749dbdcadc.json","parameterValues":[]}