{"uid":"627a9b71412f2425","name":"Archive a card","fullName":"tests.regression_ui.test_ui_regression.TestUIRegression#test_archive_card","historyId":"4151bed777d70c35651f4626d00b86b5","time":{"start":1743747379127,"stop":1743747420405,"duration":41278},"status":"broken","statusMessage":"selenium.common.exceptions.NoSuchElementException: Message: no such element: Unable to locate element: {\"method\":\"xpath\",\"selector\":\"//*[contains(text(), 'new_card')]\"}\n  (Session info: chrome=135.0.7049.52); For documentation on this error, please visit: https://www.selenium.dev/documentation/webdriver/troubleshooting/errors#no-such-element-exception\nStacktrace:\n#0 0x55c8db61affa <unknown>\n#1 0x55c8db0d9970 <unknown>\n#2 0x55c8db12b385 <unknown>\n#3 0x55c8db12b5b1 <unknown>\n#4 0x55c8db17a3c4 <unknown>\n#5 0x55c8db1512bd <unknown>\n#6 0x55c8db17770c <unknown>\n#7 0x55c8db151063 <unknown>\n#8 0x55c8db11d328 <unknown>\n#9 0x55c8db11e491 <unknown>\n#10 0x55c8db5e242b <unknown>\n#11 0x55c8db5e62ec <unknown>\n#12 0x55c8db5c9a22 <unknown>\n#13 0x55c8db5e6e64 <unknown>\n#14 0x55c8db5adbef <unknown>\n#15 0x55c8db609558 <unknown>\n#16 0x55c8db609736 <unknown>\n#17 0x55c8db619e76 <unknown>\n#18 0x7fe96389caa4 <unknown>\n#19 0x7fe963929c3c <unknown>","statusTrace":"self = <tests.regression_ui.test_ui_regression.TestUIRegression object at 0x7fa5cc59e7e0>\ndriver = <selenium.webdriver.chrome.webdriver.WebDriver (session=\"7baef069c804e5c5010c984da44c98dc\")>\n\n    @pytest.mark.TC000\n    @pytest.mark.TC006\n    @allure.title('Archive a card')\n    def test_archive_card(self, driver):\n        time.sleep(5)\n        with allure.step('Log in to Trello account'):\n            self.test_login(driver)\n    \n        with allure.step('Open a board and select a card'):\n            try:\n                WebDriverWait(driver, 30).until(EC.element_to_be_clickable((By.XPATH, self.SCC.Board.BOARD_TITLE))).click()\n                WebDriverWait(driver, 10).until(EC.visibility_of_element_located((By.XPATH, self.SCC.Board.LIST_TITLE))).click()\n                driver.find_element(By.XPATH, self.SCC.List.ADD_A_CARD_BUTTON).click()\n                driver.find_element(By.XPATH, self.SCC.List.CARD_NAME_FIELD).click()\n                time.sleep(1)\n                driver.find_element(By.XPATH, self.SCC.List.CARD_NAME_FIELD).send_keys('new_card')\n                driver.find_element(By.XPATH, self.SCC.List.ADD_CARD_SUBMIT_BUTTOMN).click()\n                time.sleep(2)\n            except Exception as e:\n                log.info(\"An error occurred: \", str(e))\n    \n        with allure.step('Click the card to open and archive it'):\n>           driver.find_element(By.XPATH, self.SCC.List.CARD_TO_ARCHIVE).click()\n\ntests/regression_ui/test_ui_regression.py:206: \n_ _ _ _ _ _ _ _ _ _ _ _ _ _ _ _ _ _ _ _ _ _ _ _ _ _ _ _ _ _ _ _ _ _ _ _ _ _ _ _ \n/opt/hostedtoolcache/Python/3.12.5/x64/lib/python3.12/site-packages/selenium/webdriver/remote/webdriver.py:770: in find_element\n    return self.execute(Command.FIND_ELEMENT, {\"using\": by, \"value\": value})[\"value\"]\n/opt/hostedtoolcache/Python/3.12.5/x64/lib/python3.12/site-packages/selenium/webdriver/remote/webdriver.py:384: in execute\n    self.error_handler.check_response(response)\n_ _ _ _ _ _ _ _ _ _ _ _ _ _ _ _ _ _ _ _ _ _ _ _ _ _ _ _ _ _ _ _ _ _ _ _ _ _ _ _ \n\nself = <selenium.webdriver.remote.errorhandler.ErrorHandler object at 0x7fa5cc5f1c70>\nresponse = {'status': 404, 'value': '{\"value\":{\"error\":\"no such element\",\"message\":\"no such element: Unable to locate element: {\\...\\\\n#17 0x55c8db619e76 \\\\u003Cunknown>\\\\n#18 0x7fe96389caa4 \\\\u003Cunknown>\\\\n#19 0x7fe963929c3c \\\\u003Cunknown>\\\\n\"}}'}\n\n    def check_response(self, response: Dict[str, Any]) -> None:\n        \"\"\"Checks that a JSON response from the WebDriver does not have an\n        error.\n    \n        :Args:\n         - response - The JSON response from the WebDriver server as a dictionary\n           object.\n    \n        :Raises: If the response contains an error message.\n        \"\"\"\n        status = response.get(\"status\", None)\n        if not status or status == ErrorCode.SUCCESS:\n            return\n        value = None\n        message = response.get(\"message\", \"\")\n        screen: str = response.get(\"screen\", \"\")\n        stacktrace = None\n        if isinstance(status, int):\n            value_json = response.get(\"value\", None)\n            if value_json and isinstance(value_json, str):\n                import json\n    \n                try:\n                    value = json.loads(value_json)\n                    if len(value) == 1:\n                        value = value[\"value\"]\n                    status = value.get(\"error\", None)\n                    if not status:\n                        status = value.get(\"status\", ErrorCode.UNKNOWN_ERROR)\n                        message = value.get(\"value\") or value.get(\"message\")\n                        if not isinstance(message, str):\n                            value = message\n                            message = message.get(\"message\")\n                    else:\n                        message = value.get(\"message\", None)\n                except ValueError:\n                    pass\n    \n        exception_class: Type[WebDriverException]\n        e = ErrorCode()\n        error_codes = [item for item in dir(e) if not item.startswith(\"__\")]\n        for error_code in error_codes:\n            error_info = getattr(ErrorCode, error_code)\n            if isinstance(error_info, list) and status in error_info:\n                exception_class = getattr(ExceptionMapping, error_code, WebDriverException)\n                break\n        else:\n            exception_class = WebDriverException\n    \n        if not value:\n            value = response[\"value\"]\n        if isinstance(value, str):\n            raise exception_class(value)\n        if message == \"\" and \"message\" in value:\n            message = value[\"message\"]\n    \n        screen = None  # type: ignore[assignment]\n        if \"screen\" in value:\n            screen = value[\"screen\"]\n    \n        stacktrace = None\n        st_value = value.get(\"stackTrace\") or value.get(\"stacktrace\")\n        if st_value:\n            if isinstance(st_value, str):\n                stacktrace = st_value.split(\"\\n\")\n            else:\n                stacktrace = []\n                try:\n                    for frame in st_value:\n                        line = frame.get(\"lineNumber\", \"\")\n                        file = frame.get(\"fileName\", \"<anonymous>\")\n                        if line:\n                            file = f\"{file}:{line}\"\n                        meth = frame.get(\"methodName\", \"<anonymous>\")\n                        if \"className\" in frame:\n                            meth = f\"{frame['className']}.{meth}\"\n                        msg = \"    at %s (%s)\"\n                        msg = msg % (meth, file)\n                        stacktrace.append(msg)\n                except TypeError:\n                    pass\n        if exception_class == UnexpectedAlertPresentException:\n            alert_text = None\n            if \"data\" in value:\n                alert_text = value[\"data\"].get(\"text\")\n            elif \"alert\" in value:\n                alert_text = value[\"alert\"].get(\"text\")\n            raise exception_class(message, screen, stacktrace, alert_text)  # type: ignore[call-arg]  # mypy is not smart enough here\n>       raise exception_class(message, screen, stacktrace)\nE       selenium.common.exceptions.NoSuchElementException: Message: no such element: Unable to locate element: {\"method\":\"xpath\",\"selector\":\"//*[contains(text(), 'new_card')]\"}\nE         (Session info: chrome=135.0.7049.52); For documentation on this error, please visit: https://www.selenium.dev/documentation/webdriver/troubleshooting/errors#no-such-element-exception\nE       Stacktrace:\nE       #0 0x55c8db61affa <unknown>\nE       #1 0x55c8db0d9970 <unknown>\nE       #2 0x55c8db12b385 <unknown>\nE       #3 0x55c8db12b5b1 <unknown>\nE       #4 0x55c8db17a3c4 <unknown>\nE       #5 0x55c8db1512bd <unknown>\nE       #6 0x55c8db17770c <unknown>\nE       #7 0x55c8db151063 <unknown>\nE       #8 0x55c8db11d328 <unknown>\nE       #9 0x55c8db11e491 <unknown>\nE       #10 0x55c8db5e242b <unknown>\nE       #11 0x55c8db5e62ec <unknown>\nE       #12 0x55c8db5c9a22 <unknown>\nE       #13 0x55c8db5e6e64 <unknown>\nE       #14 0x55c8db5adbef <unknown>\nE       #15 0x55c8db609558 <unknown>\nE       #16 0x55c8db609736 <unknown>\nE       #17 0x55c8db619e76 <unknown>\nE       #18 0x7fe96389caa4 <unknown>\nE       #19 0x7fe963929c3c <unknown>\n\n/opt/hostedtoolcache/Python/3.12.5/x64/lib/python3.12/site-packages/selenium/webdriver/remote/errorhandler.py:232: NoSuchElementException","flaky":false,"newFailed":false,"newBroken":true,"newPassed":false,"retriesCount":0,"retriesStatusChange":false,"beforeStages":[{"name":"driver","time":{"start":1743747378790,"stop":1743747379126,"duration":336},"status":"passed","steps":[],"attachments":[],"parameters":[],"shouldDisplayMessage":false,"stepsCount":0,"attachmentsCount":0,"hasContent":false,"attachmentStep":false},{"name":"setup","time":{"start":1743747379126,"stop":1743747379126,"duration":0},"status":"passed","steps":[],"attachments":[],"parameters":[],"shouldDisplayMessage":false,"stepsCount":0,"attachmentsCount":0,"hasContent":false,"attachmentStep":false}],"testStage":{"status":"broken","statusMessage":"selenium.common.exceptions.NoSuchElementException: Message: no such element: Unable to locate element: {\"method\":\"xpath\",\"selector\":\"//*[contains(text(), 'new_card')]\"}\n  (Session info: chrome=135.0.7049.52); For documentation on this error, please visit: https://www.selenium.dev/documentation/webdriver/troubleshooting/errors#no-such-element-exception\nStacktrace:\n#0 0x55c8db61affa <unknown>\n#1 0x55c8db0d9970 <unknown>\n#2 0x55c8db12b385 <unknown>\n#3 0x55c8db12b5b1 <unknown>\n#4 0x55c8db17a3c4 <unknown>\n#5 0x55c8db1512bd <unknown>\n#6 0x55c8db17770c <unknown>\n#7 0x55c8db151063 <unknown>\n#8 0x55c8db11d328 <unknown>\n#9 0x55c8db11e491 <unknown>\n#10 0x55c8db5e242b <unknown>\n#11 0x55c8db5e62ec <unknown>\n#12 0x55c8db5c9a22 <unknown>\n#13 0x55c8db5e6e64 <unknown>\n#14 0x55c8db5adbef <unknown>\n#15 0x55c8db609558 <unknown>\n#16 0x55c8db609736 <unknown>\n#17 0x55c8db619e76 <unknown>\n#18 0x7fe96389caa4 <unknown>\n#19 0x7fe963929c3c <unknown>","statusTrace":"self = <tests.regression_ui.test_ui_regression.TestUIRegression object at 0x7fa5cc59e7e0>\ndriver = <selenium.webdriver.chrome.webdriver.WebDriver (session=\"7baef069c804e5c5010c984da44c98dc\")>\n\n    @pytest.mark.TC000\n    @pytest.mark.TC006\n    @allure.title('Archive a card')\n    def test_archive_card(self, driver):\n        time.sleep(5)\n        with allure.step('Log in to Trello account'):\n            self.test_login(driver)\n    \n        with allure.step('Open a board and select a card'):\n            try:\n                WebDriverWait(driver, 30).until(EC.element_to_be_clickable((By.XPATH, self.SCC.Board.BOARD_TITLE))).click()\n                WebDriverWait(driver, 10).until(EC.visibility_of_element_located((By.XPATH, self.SCC.Board.LIST_TITLE))).click()\n                driver.find_element(By.XPATH, self.SCC.List.ADD_A_CARD_BUTTON).click()\n                driver.find_element(By.XPATH, self.SCC.List.CARD_NAME_FIELD).click()\n                time.sleep(1)\n                driver.find_element(By.XPATH, self.SCC.List.CARD_NAME_FIELD).send_keys('new_card')\n                driver.find_element(By.XPATH, self.SCC.List.ADD_CARD_SUBMIT_BUTTOMN).click()\n                time.sleep(2)\n            except Exception as e:\n                log.info(\"An error occurred: \", str(e))\n    \n        with allure.step('Click the card to open and archive it'):\n>           driver.find_element(By.XPATH, self.SCC.List.CARD_TO_ARCHIVE).click()\n\ntests/regression_ui/test_ui_regression.py:206: \n_ _ _ _ _ _ _ _ _ _ _ _ _ _ _ _ _ _ _ _ _ _ _ _ _ _ _ _ _ _ _ _ _ _ _ _ _ _ _ _ \n/opt/hostedtoolcache/Python/3.12.5/x64/lib/python3.12/site-packages/selenium/webdriver/remote/webdriver.py:770: in find_element\n    return self.execute(Command.FIND_ELEMENT, {\"using\": by, \"value\": value})[\"value\"]\n/opt/hostedtoolcache/Python/3.12.5/x64/lib/python3.12/site-packages/selenium/webdriver/remote/webdriver.py:384: in execute\n    self.error_handler.check_response(response)\n_ _ _ _ _ _ _ _ _ _ _ _ _ _ _ _ _ _ _ _ _ _ _ _ _ _ _ _ _ _ _ _ _ _ _ _ _ _ _ _ \n\nself = <selenium.webdriver.remote.errorhandler.ErrorHandler object at 0x7fa5cc5f1c70>\nresponse = {'status': 404, 'value': '{\"value\":{\"error\":\"no such element\",\"message\":\"no such element: Unable to locate element: {\\...\\\\n#17 0x55c8db619e76 \\\\u003Cunknown>\\\\n#18 0x7fe96389caa4 \\\\u003Cunknown>\\\\n#19 0x7fe963929c3c \\\\u003Cunknown>\\\\n\"}}'}\n\n    def check_response(self, response: Dict[str, Any]) -> None:\n        \"\"\"Checks that a JSON response from the WebDriver does not have an\n        error.\n    \n        :Args:\n         - response - The JSON response from the WebDriver server as a dictionary\n           object.\n    \n        :Raises: If the response contains an error message.\n        \"\"\"\n        status = response.get(\"status\", None)\n        if not status or status == ErrorCode.SUCCESS:\n            return\n        value = None\n        message = response.get(\"message\", \"\")\n        screen: str = response.get(\"screen\", \"\")\n        stacktrace = None\n        if isinstance(status, int):\n            value_json = response.get(\"value\", None)\n            if value_json and isinstance(value_json, str):\n                import json\n    \n                try:\n                    value = json.loads(value_json)\n                    if len(value) == 1:\n                        value = value[\"value\"]\n                    status = value.get(\"error\", None)\n                    if not status:\n                        status = value.get(\"status\", ErrorCode.UNKNOWN_ERROR)\n                        message = value.get(\"value\") or value.get(\"message\")\n                        if not isinstance(message, str):\n                            value = message\n                            message = message.get(\"message\")\n                    else:\n                        message = value.get(\"message\", None)\n                except ValueError:\n                    pass\n    \n        exception_class: Type[WebDriverException]\n        e = ErrorCode()\n        error_codes = [item for item in dir(e) if not item.startswith(\"__\")]\n        for error_code in error_codes:\n            error_info = getattr(ErrorCode, error_code)\n            if isinstance(error_info, list) and status in error_info:\n                exception_class = getattr(ExceptionMapping, error_code, WebDriverException)\n                break\n        else:\n            exception_class = WebDriverException\n    \n        if not value:\n            value = response[\"value\"]\n        if isinstance(value, str):\n            raise exception_class(value)\n        if message == \"\" and \"message\" in value:\n            message = value[\"message\"]\n    \n        screen = None  # type: ignore[assignment]\n        if \"screen\" in value:\n            screen = value[\"screen\"]\n    \n        stacktrace = None\n        st_value = value.get(\"stackTrace\") or value.get(\"stacktrace\")\n        if st_value:\n            if isinstance(st_value, str):\n                stacktrace = st_value.split(\"\\n\")\n            else:\n                stacktrace = []\n                try:\n                    for frame in st_value:\n                        line = frame.get(\"lineNumber\", \"\")\n                        file = frame.get(\"fileName\", \"<anonymous>\")\n                        if line:\n                            file = f\"{file}:{line}\"\n                        meth = frame.get(\"methodName\", \"<anonymous>\")\n                        if \"className\" in frame:\n                            meth = f\"{frame['className']}.{meth}\"\n                        msg = \"    at %s (%s)\"\n                        msg = msg % (meth, file)\n                        stacktrace.append(msg)\n                except TypeError:\n                    pass\n        if exception_class == UnexpectedAlertPresentException:\n            alert_text = None\n            if \"data\" in value:\n                alert_text = value[\"data\"].get(\"text\")\n            elif \"alert\" in value:\n                alert_text = value[\"alert\"].get(\"text\")\n            raise exception_class(message, screen, stacktrace, alert_text)  # type: ignore[call-arg]  # mypy is not smart enough here\n>       raise exception_class(message, screen, stacktrace)\nE       selenium.common.exceptions.NoSuchElementException: Message: no such element: Unable to locate element: {\"method\":\"xpath\",\"selector\":\"//*[contains(text(), 'new_card')]\"}\nE         (Session info: chrome=135.0.7049.52); For documentation on this error, please visit: https://www.selenium.dev/documentation/webdriver/troubleshooting/errors#no-such-element-exception\nE       Stacktrace:\nE       #0 0x55c8db61affa <unknown>\nE       #1 0x55c8db0d9970 <unknown>\nE       #2 0x55c8db12b385 <unknown>\nE       #3 0x55c8db12b5b1 <unknown>\nE       #4 0x55c8db17a3c4 <unknown>\nE       #5 0x55c8db1512bd <unknown>\nE       #6 0x55c8db17770c <unknown>\nE       #7 0x55c8db151063 <unknown>\nE       #8 0x55c8db11d328 <unknown>\nE       #9 0x55c8db11e491 <unknown>\nE       #10 0x55c8db5e242b <unknown>\nE       #11 0x55c8db5e62ec <unknown>\nE       #12 0x55c8db5c9a22 <unknown>\nE       #13 0x55c8db5e6e64 <unknown>\nE       #14 0x55c8db5adbef <unknown>\nE       #15 0x55c8db609558 <unknown>\nE       #16 0x55c8db609736 <unknown>\nE       #17 0x55c8db619e76 <unknown>\nE       #18 0x7fe96389caa4 <unknown>\nE       #19 0x7fe963929c3c <unknown>\n\n/opt/hostedtoolcache/Python/3.12.5/x64/lib/python3.12/site-packages/selenium/webdriver/remote/errorhandler.py:232: NoSuchElementException","steps":[{"name":"Log in to Trello account","time":{"start":1743747384127,"stop":1743747390109,"duration":5982},"status":"passed","steps":[{"name":"Navigate to the Trello page and enter valid credentials (email, password, and 6-digits verification code)","time":{"start":1743747384127,"stop":1743747390109,"duration":5982},"status":"passed","steps":[],"attachments":[],"parameters":[],"shouldDisplayMessage":false,"stepsCount":0,"attachmentsCount":0,"hasContent":false,"attachmentStep":false}],"attachments":[],"parameters":[],"shouldDisplayMessage":false,"stepsCount":1,"attachmentsCount":0,"hasContent":true,"attachmentStep":false},{"name":"Open a board and select a card","time":{"start":1743747390109,"stop":1743747420389,"duration":30280},"status":"passed","steps":[],"attachments":[],"parameters":[],"shouldDisplayMessage":false,"stepsCount":0,"attachmentsCount":0,"hasContent":false,"attachmentStep":false},{"name":"Click the card to open and archive it","time":{"start":1743747420389,"stop":1743747420404,"duration":15},"status":"broken","statusMessage":"selenium.common.exceptions.NoSuchElementException: Message: no such element: Unable to locate element: {\"method\":\"xpath\",\"selector\":\"//*[contains(text(), 'new_card')]\"}\n  (Session info: chrome=135.0.7049.52); For documentation on this error, please visit: https://www.selenium.dev/documentation/webdriver/troubleshooting/errors#no-such-element-exception\nStacktrace:\n#0 0x55c8db61affa <unknown>\n#1 0x55c8db0d9970 <unknown>\n#2 0x55c8db12b385 <unknown>\n#3 0x55c8db12b5b1 <unknown>\n#4 0x55c8db17a3c4 <unknown>\n#5 0x55c8db1512bd <unknown>\n#6 0x55c8db17770c <unknown>\n#7 0x55c8db151063 <unknown>\n#8 0x55c8db11d328 <unknown>\n#9 0x55c8db11e491 <unknown>\n#10 0x55c8db5e242b <unknown>\n#11 0x55c8db5e62ec <unknown>\n#12 0x55c8db5c9a22 <unknown>\n#13 0x55c8db5e6e64 <unknown>\n#14 0x55c8db5adbef <unknown>\n#15 0x55c8db609558 <unknown>\n#16 0x55c8db609736 <unknown>\n#17 0x55c8db619e76 <unknown>\n#18 0x7fe96389caa4 <unknown>\n#19 0x7fe963929c3c <unknown>\n\n","statusTrace":"  File \"/home/runner/work/pythonSelenium/pythonSelenium/tests/regression_ui/test_ui_regression.py\", line 206, in test_archive_card\n    driver.find_element(By.XPATH, self.SCC.List.CARD_TO_ARCHIVE).click()\n    ^^^^^^^^^^^^^^^^^^^^^^^^^^^^^^^^^^^^^^^^^^^^^^^^^^^^^^^^^^^^\n  File \"/opt/hostedtoolcache/Python/3.12.5/x64/lib/python3.12/site-packages/selenium/webdriver/remote/webdriver.py\", line 770, in find_element\n    return self.execute(Command.FIND_ELEMENT, {\"using\": by, \"value\": value})[\"value\"]\n           ^^^^^^^^^^^^^^^^^^^^^^^^^^^^^^^^^^^^^^^^^^^^^^^^^^^^^^^^^^^^^^^^^\n  File \"/opt/hostedtoolcache/Python/3.12.5/x64/lib/python3.12/site-packages/selenium/webdriver/remote/webdriver.py\", line 384, in execute\n    self.error_handler.check_response(response)\n  File \"/opt/hostedtoolcache/Python/3.12.5/x64/lib/python3.12/site-packages/selenium/webdriver/remote/errorhandler.py\", line 232, in check_response\n    raise exception_class(message, screen, stacktrace)\n","steps":[],"attachments":[],"parameters":[],"shouldDisplayMessage":true,"stepsCount":0,"attachmentsCount":0,"hasContent":true,"attachmentStep":false}],"attachments":[{"uid":"dc7a8232db0524c5","name":"log","source":"dc7a8232db0524c5.txt","type":"text/plain","size":360}],"parameters":[],"shouldDisplayMessage":true,"stepsCount":4,"attachmentsCount":1,"hasContent":true,"attachmentStep":false},"afterStages":[{"name":"driver::0","time":{"start":1743747420438,"stop":1743747420506,"duration":68},"status":"passed","steps":[],"attachments":[],"parameters":[],"shouldDisplayMessage":false,"stepsCount":0,"attachmentsCount":0,"hasContent":false,"attachmentStep":false}],"labels":[{"name":"tag","value":"TC006"},{"name":"tag","value":"TC000"},{"name":"parentSuite","value":"tests.regression_ui"},{"name":"suite","value":"test_ui_regression"},{"name":"subSuite","value":"TestUIRegression"},{"name":"host","value":"fv-az1951-459"},{"name":"thread","value":"4672-MainThread"},{"name":"framework","value":"pytest"},{"name":"language","value":"cpython3"},{"name":"package","value":"tests.regression_ui.test_ui_regression"},{"name":"resultFormat","value":"allure2"}],"parameters":[],"links":[],"hidden":false,"retry":false,"extra":{"severity":"normal","retries":[],"categories":[{"name":"Test defects","matchedStatuses":[]}],"history":{"statistic":{"failed":22,"broken":85,"skipped":0,"passed":561,"unknown":0,"total":668},"items":[{"uid":"8310adc9eb18a3ed","status":"passed","time":{"start":1743737309640,"stop":1743737329109,"duration":19469}},{"uid":"8a11bb9bc6c4715","status":"broken","statusDetails":"selenium.common.exceptions.NoSuchElementException: Message: no such element: Unable to locate element: {\"method\":\"xpath\",\"selector\":\"//*[contains(text(), 'new_card')]\"}\n  (Session info: chrome=135.0.7049.52); For documentation on this error, please visit: https://www.selenium.dev/documentation/webdriver/troubleshooting/errors#no-such-element-exception\nStacktrace:\n#0 0x55ae231c7ffa <unknown>\n#1 0x55ae22c86970 <unknown>\n#2 0x55ae22cd8385 <unknown>\n#3 0x55ae22cd85b1 <unknown>\n#4 0x55ae22d273c4 <unknown>\n#5 0x55ae22cfe2bd <unknown>\n#6 0x55ae22d2470c <unknown>\n#7 0x55ae22cfe063 <unknown>\n#8 0x55ae22cca328 <unknown>\n#9 0x55ae22ccb491 <unknown>\n#10 0x55ae2318f42b <unknown>\n#11 0x55ae231932ec <unknown>\n#12 0x55ae23176a22 <unknown>\n#13 0x55ae23193e64 <unknown>\n#14 0x55ae2315abef <unknown>\n#15 0x55ae231b6558 <unknown>\n#16 0x55ae231b6736 <unknown>\n#17 0x55ae231c6e76 <unknown>\n#18 0x7f537449caa4 <unknown>\n#19 0x7f5374529c3c <unknown>","time":{"start":1743727636601,"stop":1743727678333,"duration":41732}},{"uid":"45cad8192ee788a2","status":"broken","statusDetails":"selenium.common.exceptions.NoSuchElementException: Message: no such element: Unable to locate element: {\"method\":\"xpath\",\"selector\":\"//*[contains(text(), 'new_card')]\"}\n  (Session info: chrome=135.0.7049.52); For documentation on this error, please visit: https://www.selenium.dev/documentation/webdriver/troubleshooting/errors#no-such-element-exception\nStacktrace:\n#0 0x55fe5ddd4a1a <unknown>\n#1 0x55fe5d88c390 <unknown>\n#2 0x55fe5d8ddc85 <unknown>\n#3 0x55fe5d8ddeb1 <unknown>\n#4 0x55fe5d92cd64 <unknown>\n#5 0x55fe5d903bfd <unknown>\n#6 0x55fe5d92a07b <unknown>\n#7 0x55fe5d9039a3 <unknown>\n#8 0x55fe5d8cf60e <unknown>\n#9 0x55fe5d8d0dd1 <unknown>\n#10 0x55fe5dd9addb <unknown>\n#11 0x55fe5dd9ecbc <unknown>\n#12 0x55fe5dd82392 <unknown>\n#13 0x55fe5dd9f834 <unknown>\n#14 0x55fe5dd661ef <unknown>\n#15 0x55fe5ddc3038 <unknown>\n#16 0x55fe5ddc3216 <unknown>\n#17 0x55fe5ddd3896 <unknown>\n#18 0x7efc2c69caa4 <unknown>\n#19 0x7efc2c729c3c <unknown>","time":{"start":1743714684852,"stop":1743714726033,"duration":41181}},{"uid":"ccfad89ebf23bebe","status":"broken","statusDetails":"selenium.common.exceptions.NoSuchElementException: Message: no such element: Unable to locate element: {\"method\":\"xpath\",\"selector\":\"//*[contains(text(), 'new_card')]\"}\n  (Session info: chrome=135.0.7049.52); For documentation on this error, please visit: https://www.selenium.dev/documentation/webdriver/troubleshooting/errors#no-such-element-exception\nStacktrace:\n#0 0x55a7c8a07ffa <unknown>\n#1 0x55a7c84c6970 <unknown>\n#2 0x55a7c8518385 <unknown>\n#3 0x55a7c85185b1 <unknown>\n#4 0x55a7c85673c4 <unknown>\n#5 0x55a7c853e2bd <unknown>\n#6 0x55a7c856470c <unknown>\n#7 0x55a7c853e063 <unknown>\n#8 0x55a7c850a328 <unknown>\n#9 0x55a7c850b491 <unknown>\n#10 0x55a7c89cf42b <unknown>\n#11 0x55a7c89d32ec <unknown>\n#12 0x55a7c89b6a22 <unknown>\n#13 0x55a7c89d3e64 <unknown>\n#14 0x55a7c899abef <unknown>\n#15 0x55a7c89f6558 <unknown>\n#16 0x55a7c89f6736 <unknown>\n#17 0x55a7c8a06e76 <unknown>\n#18 0x7faa5f09caa4 <unknown>\n#19 0x7faa5f129c3c <unknown>","time":{"start":1743704144265,"stop":1743704185583,"duration":41318}},{"uid":"8fd516337d2a6491","status":"broken","statusDetails":"selenium.common.exceptions.NoSuchElementException: Message: no such element: Unable to locate element: {\"method\":\"xpath\",\"selector\":\"//*[contains(text(), 'new_card')]\"}\n  (Session info: chrome=135.0.7049.52); For documentation on this error, please visit: https://www.selenium.dev/documentation/webdriver/troubleshooting/errors#no-such-element-exception\nStacktrace:\n#0 0x55999afeda1a <unknown>\n#1 0x55999aaa5390 <unknown>\n#2 0x55999aaf6c85 <unknown>\n#3 0x55999aaf6eb1 <unknown>\n#4 0x55999ab45d64 <unknown>\n#5 0x55999ab1cbfd <unknown>\n#6 0x55999ab4307b <unknown>\n#7 0x55999ab1c9a3 <unknown>\n#8 0x55999aae860e <unknown>\n#9 0x55999aae9dd1 <unknown>\n#10 0x55999afb3ddb <unknown>\n#11 0x55999afb7cbc <unknown>\n#12 0x55999af9b392 <unknown>\n#13 0x55999afb8834 <unknown>\n#14 0x55999af7f1ef <unknown>\n#15 0x55999afdc038 <unknown>\n#16 0x55999afdc216 <unknown>\n#17 0x55999afec896 <unknown>\n#18 0x7fd618a9caa4 <unknown>\n#19 0x7fd618b29c3c <unknown>","time":{"start":1743693143226,"stop":1743693165091,"duration":21865}},{"uid":"ff0266a7ba36dcd","status":"broken","statusDetails":"selenium.common.exceptions.NoSuchElementException: Message: no such element: Unable to locate element: {\"method\":\"xpath\",\"selector\":\"//*[contains(text(), 'new_card')]\"}\n  (Session info: chrome=135.0.7049.52); For documentation on this error, please visit: https://www.selenium.dev/documentation/webdriver/troubleshooting/errors#no-such-element-exception\nStacktrace:\n#0 0x5556e4e3effa <unknown>\n#1 0x5556e48fd970 <unknown>\n#2 0x5556e494f385 <unknown>\n#3 0x5556e494f5b1 <unknown>\n#4 0x5556e499e3c4 <unknown>\n#5 0x5556e49752bd <unknown>\n#6 0x5556e499b70c <unknown>\n#7 0x5556e4975063 <unknown>\n#8 0x5556e4941328 <unknown>\n#9 0x5556e4942491 <unknown>\n#10 0x5556e4e0642b <unknown>\n#11 0x5556e4e0a2ec <unknown>\n#12 0x5556e4deda22 <unknown>\n#13 0x5556e4e0ae64 <unknown>\n#14 0x5556e4dd1bef <unknown>\n#15 0x5556e4e2d558 <unknown>\n#16 0x5556e4e2d736 <unknown>\n#17 0x5556e4e3de76 <unknown>\n#18 0x7f8c76c9caa4 <unknown>\n#19 0x7f8c76d29c3c <unknown>","time":{"start":1743683063458,"stop":1743683105183,"duration":41725}},{"uid":"bdf5b7678296b026","status":"passed","time":{"start":1743671552733,"stop":1743671572888,"duration":20155}},{"uid":"c04cd8d0755c946f","status":"broken","statusDetails":"selenium.common.exceptions.NoSuchElementException: Message: no such element: Unable to locate element: {\"method\":\"xpath\",\"selector\":\"//*[contains(text(), 'new_card')]\"}\n  (Session info: chrome=135.0.7049.52); For documentation on this error, please visit: https://www.selenium.dev/documentation/webdriver/troubleshooting/errors#no-such-element-exception\nStacktrace:\n#0 0x5585c193aa1a <unknown>\n#1 0x5585c13f2390 <unknown>\n#2 0x5585c1443c85 <unknown>\n#3 0x5585c1443eb1 <unknown>\n#4 0x5585c1492d64 <unknown>\n#5 0x5585c1469bfd <unknown>\n#6 0x5585c149007b <unknown>\n#7 0x5585c14699a3 <unknown>\n#8 0x5585c143560e <unknown>\n#9 0x5585c1436dd1 <unknown>\n#10 0x5585c1900ddb <unknown>\n#11 0x5585c1904cbc <unknown>\n#12 0x5585c18e8392 <unknown>\n#13 0x5585c1905834 <unknown>\n#14 0x5585c18cc1ef <unknown>\n#15 0x5585c1929038 <unknown>\n#16 0x5585c1929216 <unknown>\n#17 0x5585c1939896 <unknown>\n#18 0x7f589189caa4 <unknown>\n#19 0x7f5891929c3c <unknown>","time":{"start":1743660975102,"stop":1743661016273,"duration":41171}},{"uid":"326710c7eec6fa6e","status":"passed","time":{"start":1743650881330,"stop":1743650902320,"duration":20990}},{"uid":"65afd819a708c2bd","status":"broken","statusDetails":"selenium.common.exceptions.NoSuchElementException: Message: no such element: Unable to locate element: {\"method\":\"xpath\",\"selector\":\"//*[contains(text(), 'new_card')]\"}\n  (Session info: chrome=135.0.7049.52); For documentation on this error, please visit: https://www.selenium.dev/documentation/webdriver/troubleshooting/errors#no-such-element-exception\nStacktrace:\n#0 0x55bc7dbf2ffa <unknown>\n#1 0x55bc7d6b1970 <unknown>\n#2 0x55bc7d703385 <unknown>\n#3 0x55bc7d7035b1 <unknown>\n#4 0x55bc7d7523c4 <unknown>\n#5 0x55bc7d7292bd <unknown>\n#6 0x55bc7d74f70c <unknown>\n#7 0x55bc7d729063 <unknown>\n#8 0x55bc7d6f5328 <unknown>\n#9 0x55bc7d6f6491 <unknown>\n#10 0x55bc7dbba42b <unknown>\n#11 0x55bc7dbbe2ec <unknown>\n#12 0x55bc7dba1a22 <unknown>\n#13 0x55bc7dbbee64 <unknown>\n#14 0x55bc7db85bef <unknown>\n#15 0x55bc7dbe1558 <unknown>\n#16 0x55bc7dbe1736 <unknown>\n#17 0x55bc7dbf1e76 <unknown>\n#18 0x7f73e029caa4 <unknown>\n#19 0x7f73e0329c3c <unknown>","time":{"start":1743641079822,"stop":1743641121476,"duration":41654}},{"uid":"62148815004fd5ac","status":"broken","statusDetails":"selenium.common.exceptions.NoSuchElementException: Message: no such element: Unable to locate element: {\"method\":\"xpath\",\"selector\":\"//*[contains(text(), 'new_card')]\"}\n  (Session info: chrome=135.0.7049.52); For documentation on this error, please visit: https://www.selenium.dev/documentation/webdriver/troubleshooting/errors#no-such-element-exception\nStacktrace:\n#0 0x55b51fc1dffa <unknown>\n#1 0x55b51f6dc970 <unknown>\n#2 0x55b51f72e385 <unknown>\n#3 0x55b51f72e5b1 <unknown>\n#4 0x55b51f77d3c4 <unknown>\n#5 0x55b51f7542bd <unknown>\n#6 0x55b51f77a70c <unknown>\n#7 0x55b51f754063 <unknown>\n#8 0x55b51f720328 <unknown>\n#9 0x55b51f721491 <unknown>\n#10 0x55b51fbe542b <unknown>\n#11 0x55b51fbe92ec <unknown>\n#12 0x55b51fbcca22 <unknown>\n#13 0x55b51fbe9e64 <unknown>\n#14 0x55b51fbb0bef <unknown>\n#15 0x55b51fc0c558 <unknown>\n#16 0x55b51fc0c736 <unknown>\n#17 0x55b51fc1ce76 <unknown>\n#18 0x7feb0589caa4 <unknown>\n#19 0x7feb05929c3c <unknown>","time":{"start":1743628279784,"stop":1743628321135,"duration":41351}},{"uid":"62c3794b0aa5da88","status":"passed","time":{"start":1743617763475,"stop":1743617784135,"duration":20660}},{"uid":"606587e7ba280aa4","status":"broken","statusDetails":"selenium.common.exceptions.NoSuchElementException: Message: no such element: Unable to locate element: {\"method\":\"xpath\",\"selector\":\"//*[contains(text(), 'new_card')]\"}\n  (Session info: chrome=135.0.7049.52); For documentation on this error, please visit: https://www.selenium.dev/documentation/webdriver/troubleshooting/errors#no-such-element-exception\nStacktrace:\n#0 0x55d40dedcffa <unknown>\n#1 0x55d40d99b970 <unknown>\n#2 0x55d40d9ed385 <unknown>\n#3 0x55d40d9ed5b1 <unknown>\n#4 0x55d40da3c3c4 <unknown>\n#5 0x55d40da132bd <unknown>\n#6 0x55d40da3970c <unknown>\n#7 0x55d40da13063 <unknown>\n#8 0x55d40d9df328 <unknown>\n#9 0x55d40d9e0491 <unknown>\n#10 0x55d40dea442b <unknown>\n#11 0x55d40dea82ec <unknown>\n#12 0x55d40de8ba22 <unknown>\n#13 0x55d40dea8e64 <unknown>\n#14 0x55d40de6fbef <unknown>\n#15 0x55d40decb558 <unknown>\n#16 0x55d40decb736 <unknown>\n#17 0x55d40dedbe76 <unknown>\n#18 0x7f183989caa4 <unknown>\n#19 0x7f1839929c3c <unknown>","time":{"start":1743606699617,"stop":1743606742254,"duration":42637}},{"uid":"d447f521764cae4f","status":"broken","statusDetails":"selenium.common.exceptions.NoSuchElementException: Message: no such element: Unable to locate element: {\"method\":\"xpath\",\"selector\":\"//*[contains(text(), 'new_card')]\"}\n  (Session info: chrome=135.0.7049.52); For documentation on this error, please visit: https://www.selenium.dev/documentation/webdriver/troubleshooting/errors#no-such-element-exception\nStacktrace:\n#0 0x559aa276cffa <unknown>\n#1 0x559aa222b970 <unknown>\n#2 0x559aa227d385 <unknown>\n#3 0x559aa227d5b1 <unknown>\n#4 0x559aa22cc3c4 <unknown>\n#5 0x559aa22a32bd <unknown>\n#6 0x559aa22c970c <unknown>\n#7 0x559aa22a3063 <unknown>\n#8 0x559aa226f328 <unknown>\n#9 0x559aa2270491 <unknown>\n#10 0x559aa273442b <unknown>\n#11 0x559aa27382ec <unknown>\n#12 0x559aa271ba22 <unknown>\n#13 0x559aa2738e64 <unknown>\n#14 0x559aa26ffbef <unknown>\n#15 0x559aa275b558 <unknown>\n#16 0x559aa275b736 <unknown>\n#17 0x559aa276be76 <unknown>\n#18 0x7f90eb09caa4 <unknown>\n#19 0x7f90eb129c3c <unknown>","time":{"start":1743596455301,"stop":1743596476605,"duration":21304}},{"uid":"3c6b7f690345ae7b","status":"broken","statusDetails":"selenium.common.exceptions.NoSuchElementException: Message: no such element: Unable to locate element: {\"method\":\"xpath\",\"selector\":\"//*[contains(text(), 'new_card')]\"}\n  (Session info: chrome=135.0.7049.52); For documentation on this error, please visit: https://www.selenium.dev/documentation/webdriver/troubleshooting/errors#no-such-element-exception\nStacktrace:\n#0 0x5593a3866ffa <unknown>\n#1 0x5593a3325970 <unknown>\n#2 0x5593a3377385 <unknown>\n#3 0x5593a33775b1 <unknown>\n#4 0x5593a33c63c4 <unknown>\n#5 0x5593a339d2bd <unknown>\n#6 0x5593a33c370c <unknown>\n#7 0x5593a339d063 <unknown>\n#8 0x5593a3369328 <unknown>\n#9 0x5593a336a491 <unknown>\n#10 0x5593a382e42b <unknown>\n#11 0x5593a38322ec <unknown>\n#12 0x5593a3815a22 <unknown>\n#13 0x5593a3832e64 <unknown>\n#14 0x5593a37f9bef <unknown>\n#15 0x5593a3855558 <unknown>\n#16 0x5593a3855736 <unknown>\n#17 0x5593a3865e76 <unknown>\n#18 0x7fa924a9caa4 <unknown>\n#19 0x7fa924b29c3c <unknown>","time":{"start":1743585129254,"stop":1743585170381,"duration":41127}},{"uid":"fd427917b21c1d79","status":"broken","statusDetails":"selenium.common.exceptions.NoSuchElementException: Message: no such element: Unable to locate element: {\"method\":\"xpath\",\"selector\":\"//*[contains(text(), 'new_card')]\"}\n  (Session info: chrome=135.0.7049.52); For documentation on this error, please visit: https://www.selenium.dev/documentation/webdriver/troubleshooting/errors#no-such-element-exception\nStacktrace:\n#0 0x55e52cdbeffa <unknown>\n#1 0x55e52c87d970 <unknown>\n#2 0x55e52c8cf385 <unknown>\n#3 0x55e52c8cf5b1 <unknown>\n#4 0x55e52c91e3c4 <unknown>\n#5 0x55e52c8f52bd <unknown>\n#6 0x55e52c91b70c <unknown>\n#7 0x55e52c8f5063 <unknown>\n#8 0x55e52c8c1328 <unknown>\n#9 0x55e52c8c2491 <unknown>\n#10 0x55e52cd8642b <unknown>\n#11 0x55e52cd8a2ec <unknown>\n#12 0x55e52cd6da22 <unknown>\n#13 0x55e52cd8ae64 <unknown>\n#14 0x55e52cd51bef <unknown>\n#15 0x55e52cdad558 <unknown>\n#16 0x55e52cdad736 <unknown>\n#17 0x55e52cdbde76 <unknown>\n#18 0x7f342109caa4 <unknown>\n#19 0x7f3421129c3c <unknown>","time":{"start":1743574509209,"stop":1743574550387,"duration":41178}},{"uid":"4e99eaa30c8c6f4a","status":"broken","statusDetails":"selenium.common.exceptions.NoSuchElementException: Message: no such element: Unable to locate element: {\"method\":\"xpath\",\"selector\":\"//*[contains(text(), 'new_card')]\"}\n  (Session info: chrome=135.0.7049.52); For documentation on this error, please visit: https://www.selenium.dev/documentation/webdriver/troubleshooting/errors#no-such-element-exception\nStacktrace:\n#0 0x56502c1ebffa <unknown>\n#1 0x56502bcaa970 <unknown>\n#2 0x56502bcfc385 <unknown>\n#3 0x56502bcfc5b1 <unknown>\n#4 0x56502bd4b3c4 <unknown>\n#5 0x56502bd222bd <unknown>\n#6 0x56502bd4870c <unknown>\n#7 0x56502bd22063 <unknown>\n#8 0x56502bcee328 <unknown>\n#9 0x56502bcef491 <unknown>\n#10 0x56502c1b342b <unknown>\n#11 0x56502c1b72ec <unknown>\n#12 0x56502c19aa22 <unknown>\n#13 0x56502c1b7e64 <unknown>\n#14 0x56502c17ebef <unknown>\n#15 0x56502c1da558 <unknown>\n#16 0x56502c1da736 <unknown>\n#17 0x56502c1eae76 <unknown>\n#18 0x7f6dd4e9caa4 <unknown>\n#19 0x7f6dd4f29c3c <unknown>","time":{"start":1743564535122,"stop":1743564556631,"duration":21509}},{"uid":"acc153c501813321","status":"passed","time":{"start":1743554787622,"stop":1743554807659,"duration":20037}},{"uid":"cf3f5d846034d0fc","status":"broken","statusDetails":"selenium.common.exceptions.NoSuchElementException: Message: no such element: Unable to locate element: {\"method\":\"xpath\",\"selector\":\"//*[contains(text(), 'new_card')]\"}\n  (Session info: chrome=135.0.7049.52); For documentation on this error, please visit: https://www.selenium.dev/documentation/webdriver/troubleshooting/errors#no-such-element-exception\nStacktrace:\n#0 0x560de403cffa <unknown>\n#1 0x560de3afb970 <unknown>\n#2 0x560de3b4d385 <unknown>\n#3 0x560de3b4d5b1 <unknown>\n#4 0x560de3b9c3c4 <unknown>\n#5 0x560de3b732bd <unknown>\n#6 0x560de3b9970c <unknown>\n#7 0x560de3b73063 <unknown>\n#8 0x560de3b3f328 <unknown>\n#9 0x560de3b40491 <unknown>\n#10 0x560de400442b <unknown>\n#11 0x560de40082ec <unknown>\n#12 0x560de3feba22 <unknown>\n#13 0x560de4008e64 <unknown>\n#14 0x560de3fcfbef <unknown>\n#15 0x560de402b558 <unknown>\n#16 0x560de402b736 <unknown>\n#17 0x560de403be76 <unknown>\n#18 0x7f4e9309caa4 <unknown>\n#19 0x7f4e93129c3c <unknown>","time":{"start":1743541879431,"stop":1743541920648,"duration":41217}},{"uid":"476ca732397d4e12","status":"broken","statusDetails":"selenium.common.exceptions.NoSuchElementException: Message: no such element: Unable to locate element: {\"method\":\"xpath\",\"selector\":\"//*[contains(text(), 'new_card')]\"}\n  (Session info: chrome=135.0.7049.52); For documentation on this error, please visit: https://www.selenium.dev/documentation/webdriver/troubleshooting/errors#no-such-element-exception\nStacktrace:\n#0 0x55d1845e1ffa <unknown>\n#1 0x55d1840a0970 <unknown>\n#2 0x55d1840f2385 <unknown>\n#3 0x55d1840f25b1 <unknown>\n#4 0x55d1841413c4 <unknown>\n#5 0x55d1841182bd <unknown>\n#6 0x55d18413e70c <unknown>\n#7 0x55d184118063 <unknown>\n#8 0x55d1840e4328 <unknown>\n#9 0x55d1840e5491 <unknown>\n#10 0x55d1845a942b <unknown>\n#11 0x55d1845ad2ec <unknown>\n#12 0x55d184590a22 <unknown>\n#13 0x55d1845ade64 <unknown>\n#14 0x55d184574bef <unknown>\n#15 0x55d1845d0558 <unknown>\n#16 0x55d1845d0736 <unknown>\n#17 0x55d1845e0e76 <unknown>\n#18 0x7fc978a9caa4 <unknown>\n#19 0x7fc978b29c3c <unknown>","time":{"start":1743531293578,"stop":1743531314889,"duration":21311}}]},"tags":["TC006","TC000"]},"source":"627a9b71412f2425.json","parameterValues":[]}