{"uid":"64397bdf4bce8bff","name":"Label a Card","fullName":"tests.regression_ui.test_ui_regression.TestUIRegression#test_label_card","historyId":"81bf587fe9f2db9e87ee2dc06e7308b0","time":{"start":1743683105632,"stop":1743683126348,"duration":20716},"status":"broken","statusMessage":"selenium.common.exceptions.NoSuchElementException: Message: no such element: Unable to locate element: {\"method\":\"xpath\",\"selector\":\"//*[contains(text(), 'new_card')]\"}\n  (Session info: chrome=135.0.7049.52); For documentation on this error, please visit: https://www.selenium.dev/documentation/webdriver/troubleshooting/errors#no-such-element-exception\nStacktrace:\n#0 0x563566e07ffa <unknown>\n#1 0x5635668c6970 <unknown>\n#2 0x563566918385 <unknown>\n#3 0x5635669185b1 <unknown>\n#4 0x5635669673c4 <unknown>\n#5 0x56356693e2bd <unknown>\n#6 0x56356696470c <unknown>\n#7 0x56356693e063 <unknown>\n#8 0x56356690a328 <unknown>\n#9 0x56356690b491 <unknown>\n#10 0x563566dcf42b <unknown>\n#11 0x563566dd32ec <unknown>\n#12 0x563566db6a22 <unknown>\n#13 0x563566dd3e64 <unknown>\n#14 0x563566d9abef <unknown>\n#15 0x563566df6558 <unknown>\n#16 0x563566df6736 <unknown>\n#17 0x563566e06e76 <unknown>\n#18 0x7f8b7ee9caa4 <unknown>\n#19 0x7f8b7ef29c3c <unknown>","statusTrace":"self = <tests.regression_ui.test_ui_regression.TestUIRegression object at 0x7fa5d0da6d80>\ndriver = <selenium.webdriver.chrome.webdriver.WebDriver (session=\"5cbe7e8ae6c0f289008f0ebe51ec3fb8\")>\n\n    @pytest.mark.TC000\n    @pytest.mark.TC007\n    @allure.title('Label a Card')\n    def test_label_card(self, driver):\n        time.sleep(4)\n        with allure.step('Log in to Trello account'):\n            self.test_login(driver)\n    \n        with allure.step('Open a board and select a card'):\n            try:\n                WebDriverWait(driver, 10).until(EC.element_to_be_clickable((By.XPATH, self.SCC.Board.BOARD_TITLE))).click()\n                WebDriverWait(driver, 10).until(EC.visibility_of_element_located((By.XPATH, self.SCC.Board.LIST_TITLE))).click()\n                driver.find_element(By.XPATH, self.SCC.List.ADD_A_CARD_BUTTON).click()\n                driver.find_element(By.XPATH, self.SCC.List.CARD_NAME_FIELD).click()\n                time.sleep(1)\n                driver.find_element(By.XPATH, self.SCC.List.CARD_NAME_FIELD).send_keys('new_card')\n                driver.find_element(By.XPATH, self.SCC.List.ADD_CARD_SUBMIT_BUTTOMN).click()\n                time.sleep(3)\n            except Exception as e:\n                log.info(\"An error occurred: \", str(e))\n    \n        with allure.step('Click the card to open and archive it'):\n>           driver.find_element(By.XPATH, self.SCC.List.CARD_TO_ARCHIVE).click()\n\ntests/regression_ui/test_ui_regression.py:239: \n_ _ _ _ _ _ _ _ _ _ _ _ _ _ _ _ _ _ _ _ _ _ _ _ _ _ _ _ _ _ _ _ _ _ _ _ _ _ _ _ \n/opt/hostedtoolcache/Python/3.12.5/x64/lib/python3.12/site-packages/selenium/webdriver/remote/webdriver.py:770: in find_element\n    return self.execute(Command.FIND_ELEMENT, {\"using\": by, \"value\": value})[\"value\"]\n/opt/hostedtoolcache/Python/3.12.5/x64/lib/python3.12/site-packages/selenium/webdriver/remote/webdriver.py:384: in execute\n    self.error_handler.check_response(response)\n_ _ _ _ _ _ _ _ _ _ _ _ _ _ _ _ _ _ _ _ _ _ _ _ _ _ _ _ _ _ _ _ _ _ _ _ _ _ _ _ \n\nself = <selenium.webdriver.remote.errorhandler.ErrorHandler object at 0x7fa5d1a11190>\nresponse = {'status': 404, 'value': '{\"value\":{\"error\":\"no such element\",\"message\":\"no such element: Unable to locate element: {\\...\\\\n#17 0x563566e06e76 \\\\u003Cunknown>\\\\n#18 0x7f8b7ee9caa4 \\\\u003Cunknown>\\\\n#19 0x7f8b7ef29c3c \\\\u003Cunknown>\\\\n\"}}'}\n\n    def check_response(self, response: Dict[str, Any]) -> None:\n        \"\"\"Checks that a JSON response from the WebDriver does not have an\n        error.\n    \n        :Args:\n         - response - The JSON response from the WebDriver server as a dictionary\n           object.\n    \n        :Raises: If the response contains an error message.\n        \"\"\"\n        status = response.get(\"status\", None)\n        if not status or status == ErrorCode.SUCCESS:\n            return\n        value = None\n        message = response.get(\"message\", \"\")\n        screen: str = response.get(\"screen\", \"\")\n        stacktrace = None\n        if isinstance(status, int):\n            value_json = response.get(\"value\", None)\n            if value_json and isinstance(value_json, str):\n                import json\n    \n                try:\n                    value = json.loads(value_json)\n                    if len(value) == 1:\n                        value = value[\"value\"]\n                    status = value.get(\"error\", None)\n                    if not status:\n                        status = value.get(\"status\", ErrorCode.UNKNOWN_ERROR)\n                        message = value.get(\"value\") or value.get(\"message\")\n                        if not isinstance(message, str):\n                            value = message\n                            message = message.get(\"message\")\n                    else:\n                        message = value.get(\"message\", None)\n                except ValueError:\n                    pass\n    \n        exception_class: Type[WebDriverException]\n        e = ErrorCode()\n        error_codes = [item for item in dir(e) if not item.startswith(\"__\")]\n        for error_code in error_codes:\n            error_info = getattr(ErrorCode, error_code)\n            if isinstance(error_info, list) and status in error_info:\n                exception_class = getattr(ExceptionMapping, error_code, WebDriverException)\n                break\n        else:\n            exception_class = WebDriverException\n    \n        if not value:\n            value = response[\"value\"]\n        if isinstance(value, str):\n            raise exception_class(value)\n        if message == \"\" and \"message\" in value:\n            message = value[\"message\"]\n    \n        screen = None  # type: ignore[assignment]\n        if \"screen\" in value:\n            screen = value[\"screen\"]\n    \n        stacktrace = None\n        st_value = value.get(\"stackTrace\") or value.get(\"stacktrace\")\n        if st_value:\n            if isinstance(st_value, str):\n                stacktrace = st_value.split(\"\\n\")\n            else:\n                stacktrace = []\n                try:\n                    for frame in st_value:\n                        line = frame.get(\"lineNumber\", \"\")\n                        file = frame.get(\"fileName\", \"<anonymous>\")\n                        if line:\n                            file = f\"{file}:{line}\"\n                        meth = frame.get(\"methodName\", \"<anonymous>\")\n                        if \"className\" in frame:\n                            meth = f\"{frame['className']}.{meth}\"\n                        msg = \"    at %s (%s)\"\n                        msg = msg % (meth, file)\n                        stacktrace.append(msg)\n                except TypeError:\n                    pass\n        if exception_class == UnexpectedAlertPresentException:\n            alert_text = None\n            if \"data\" in value:\n                alert_text = value[\"data\"].get(\"text\")\n            elif \"alert\" in value:\n                alert_text = value[\"alert\"].get(\"text\")\n            raise exception_class(message, screen, stacktrace, alert_text)  # type: ignore[call-arg]  # mypy is not smart enough here\n>       raise exception_class(message, screen, stacktrace)\nE       selenium.common.exceptions.NoSuchElementException: Message: no such element: Unable to locate element: {\"method\":\"xpath\",\"selector\":\"//*[contains(text(), 'new_card')]\"}\nE         (Session info: chrome=135.0.7049.52); For documentation on this error, please visit: https://www.selenium.dev/documentation/webdriver/troubleshooting/errors#no-such-element-exception\nE       Stacktrace:\nE       #0 0x563566e07ffa <unknown>\nE       #1 0x5635668c6970 <unknown>\nE       #2 0x563566918385 <unknown>\nE       #3 0x5635669185b1 <unknown>\nE       #4 0x5635669673c4 <unknown>\nE       #5 0x56356693e2bd <unknown>\nE       #6 0x56356696470c <unknown>\nE       #7 0x56356693e063 <unknown>\nE       #8 0x56356690a328 <unknown>\nE       #9 0x56356690b491 <unknown>\nE       #10 0x563566dcf42b <unknown>\nE       #11 0x563566dd32ec <unknown>\nE       #12 0x563566db6a22 <unknown>\nE       #13 0x563566dd3e64 <unknown>\nE       #14 0x563566d9abef <unknown>\nE       #15 0x563566df6558 <unknown>\nE       #16 0x563566df6736 <unknown>\nE       #17 0x563566e06e76 <unknown>\nE       #18 0x7f8b7ee9caa4 <unknown>\nE       #19 0x7f8b7ef29c3c <unknown>\n\n/opt/hostedtoolcache/Python/3.12.5/x64/lib/python3.12/site-packages/selenium/webdriver/remote/errorhandler.py:232: NoSuchElementException","flaky":false,"newFailed":false,"newBroken":true,"newPassed":false,"retriesCount":0,"retriesStatusChange":false,"beforeStages":[{"name":"driver","time":{"start":1743683105291,"stop":1743683105631,"duration":340},"status":"passed","steps":[],"attachments":[],"parameters":[],"shouldDisplayMessage":false,"stepsCount":0,"attachmentsCount":0,"hasContent":false,"attachmentStep":false},{"name":"setup","time":{"start":1743683105631,"stop":1743683105631,"duration":0},"status":"passed","steps":[],"attachments":[],"parameters":[],"shouldDisplayMessage":false,"stepsCount":0,"attachmentsCount":0,"hasContent":false,"attachmentStep":false}],"testStage":{"status":"broken","statusMessage":"selenium.common.exceptions.NoSuchElementException: Message: no such element: Unable to locate element: {\"method\":\"xpath\",\"selector\":\"//*[contains(text(), 'new_card')]\"}\n  (Session info: chrome=135.0.7049.52); For documentation on this error, please visit: https://www.selenium.dev/documentation/webdriver/troubleshooting/errors#no-such-element-exception\nStacktrace:\n#0 0x563566e07ffa <unknown>\n#1 0x5635668c6970 <unknown>\n#2 0x563566918385 <unknown>\n#3 0x5635669185b1 <unknown>\n#4 0x5635669673c4 <unknown>\n#5 0x56356693e2bd <unknown>\n#6 0x56356696470c <unknown>\n#7 0x56356693e063 <unknown>\n#8 0x56356690a328 <unknown>\n#9 0x56356690b491 <unknown>\n#10 0x563566dcf42b <unknown>\n#11 0x563566dd32ec <unknown>\n#12 0x563566db6a22 <unknown>\n#13 0x563566dd3e64 <unknown>\n#14 0x563566d9abef <unknown>\n#15 0x563566df6558 <unknown>\n#16 0x563566df6736 <unknown>\n#17 0x563566e06e76 <unknown>\n#18 0x7f8b7ee9caa4 <unknown>\n#19 0x7f8b7ef29c3c <unknown>","statusTrace":"self = <tests.regression_ui.test_ui_regression.TestUIRegression object at 0x7fa5d0da6d80>\ndriver = <selenium.webdriver.chrome.webdriver.WebDriver (session=\"5cbe7e8ae6c0f289008f0ebe51ec3fb8\")>\n\n    @pytest.mark.TC000\n    @pytest.mark.TC007\n    @allure.title('Label a Card')\n    def test_label_card(self, driver):\n        time.sleep(4)\n        with allure.step('Log in to Trello account'):\n            self.test_login(driver)\n    \n        with allure.step('Open a board and select a card'):\n            try:\n                WebDriverWait(driver, 10).until(EC.element_to_be_clickable((By.XPATH, self.SCC.Board.BOARD_TITLE))).click()\n                WebDriverWait(driver, 10).until(EC.visibility_of_element_located((By.XPATH, self.SCC.Board.LIST_TITLE))).click()\n                driver.find_element(By.XPATH, self.SCC.List.ADD_A_CARD_BUTTON).click()\n                driver.find_element(By.XPATH, self.SCC.List.CARD_NAME_FIELD).click()\n                time.sleep(1)\n                driver.find_element(By.XPATH, self.SCC.List.CARD_NAME_FIELD).send_keys('new_card')\n                driver.find_element(By.XPATH, self.SCC.List.ADD_CARD_SUBMIT_BUTTOMN).click()\n                time.sleep(3)\n            except Exception as e:\n                log.info(\"An error occurred: \", str(e))\n    \n        with allure.step('Click the card to open and archive it'):\n>           driver.find_element(By.XPATH, self.SCC.List.CARD_TO_ARCHIVE).click()\n\ntests/regression_ui/test_ui_regression.py:239: \n_ _ _ _ _ _ _ _ _ _ _ _ _ _ _ _ _ _ _ _ _ _ _ _ _ _ _ _ _ _ _ _ _ _ _ _ _ _ _ _ \n/opt/hostedtoolcache/Python/3.12.5/x64/lib/python3.12/site-packages/selenium/webdriver/remote/webdriver.py:770: in find_element\n    return self.execute(Command.FIND_ELEMENT, {\"using\": by, \"value\": value})[\"value\"]\n/opt/hostedtoolcache/Python/3.12.5/x64/lib/python3.12/site-packages/selenium/webdriver/remote/webdriver.py:384: in execute\n    self.error_handler.check_response(response)\n_ _ _ _ _ _ _ _ _ _ _ _ _ _ _ _ _ _ _ _ _ _ _ _ _ _ _ _ _ _ _ _ _ _ _ _ _ _ _ _ \n\nself = <selenium.webdriver.remote.errorhandler.ErrorHandler object at 0x7fa5d1a11190>\nresponse = {'status': 404, 'value': '{\"value\":{\"error\":\"no such element\",\"message\":\"no such element: Unable to locate element: {\\...\\\\n#17 0x563566e06e76 \\\\u003Cunknown>\\\\n#18 0x7f8b7ee9caa4 \\\\u003Cunknown>\\\\n#19 0x7f8b7ef29c3c \\\\u003Cunknown>\\\\n\"}}'}\n\n    def check_response(self, response: Dict[str, Any]) -> None:\n        \"\"\"Checks that a JSON response from the WebDriver does not have an\n        error.\n    \n        :Args:\n         - response - The JSON response from the WebDriver server as a dictionary\n           object.\n    \n        :Raises: If the response contains an error message.\n        \"\"\"\n        status = response.get(\"status\", None)\n        if not status or status == ErrorCode.SUCCESS:\n            return\n        value = None\n        message = response.get(\"message\", \"\")\n        screen: str = response.get(\"screen\", \"\")\n        stacktrace = None\n        if isinstance(status, int):\n            value_json = response.get(\"value\", None)\n            if value_json and isinstance(value_json, str):\n                import json\n    \n                try:\n                    value = json.loads(value_json)\n                    if len(value) == 1:\n                        value = value[\"value\"]\n                    status = value.get(\"error\", None)\n                    if not status:\n                        status = value.get(\"status\", ErrorCode.UNKNOWN_ERROR)\n                        message = value.get(\"value\") or value.get(\"message\")\n                        if not isinstance(message, str):\n                            value = message\n                            message = message.get(\"message\")\n                    else:\n                        message = value.get(\"message\", None)\n                except ValueError:\n                    pass\n    \n        exception_class: Type[WebDriverException]\n        e = ErrorCode()\n        error_codes = [item for item in dir(e) if not item.startswith(\"__\")]\n        for error_code in error_codes:\n            error_info = getattr(ErrorCode, error_code)\n            if isinstance(error_info, list) and status in error_info:\n                exception_class = getattr(ExceptionMapping, error_code, WebDriverException)\n                break\n        else:\n            exception_class = WebDriverException\n    \n        if not value:\n            value = response[\"value\"]\n        if isinstance(value, str):\n            raise exception_class(value)\n        if message == \"\" and \"message\" in value:\n            message = value[\"message\"]\n    \n        screen = None  # type: ignore[assignment]\n        if \"screen\" in value:\n            screen = value[\"screen\"]\n    \n        stacktrace = None\n        st_value = value.get(\"stackTrace\") or value.get(\"stacktrace\")\n        if st_value:\n            if isinstance(st_value, str):\n                stacktrace = st_value.split(\"\\n\")\n            else:\n                stacktrace = []\n                try:\n                    for frame in st_value:\n                        line = frame.get(\"lineNumber\", \"\")\n                        file = frame.get(\"fileName\", \"<anonymous>\")\n                        if line:\n                            file = f\"{file}:{line}\"\n                        meth = frame.get(\"methodName\", \"<anonymous>\")\n                        if \"className\" in frame:\n                            meth = f\"{frame['className']}.{meth}\"\n                        msg = \"    at %s (%s)\"\n                        msg = msg % (meth, file)\n                        stacktrace.append(msg)\n                except TypeError:\n                    pass\n        if exception_class == UnexpectedAlertPresentException:\n            alert_text = None\n            if \"data\" in value:\n                alert_text = value[\"data\"].get(\"text\")\n            elif \"alert\" in value:\n                alert_text = value[\"alert\"].get(\"text\")\n            raise exception_class(message, screen, stacktrace, alert_text)  # type: ignore[call-arg]  # mypy is not smart enough here\n>       raise exception_class(message, screen, stacktrace)\nE       selenium.common.exceptions.NoSuchElementException: Message: no such element: Unable to locate element: {\"method\":\"xpath\",\"selector\":\"//*[contains(text(), 'new_card')]\"}\nE         (Session info: chrome=135.0.7049.52); For documentation on this error, please visit: https://www.selenium.dev/documentation/webdriver/troubleshooting/errors#no-such-element-exception\nE       Stacktrace:\nE       #0 0x563566e07ffa <unknown>\nE       #1 0x5635668c6970 <unknown>\nE       #2 0x563566918385 <unknown>\nE       #3 0x5635669185b1 <unknown>\nE       #4 0x5635669673c4 <unknown>\nE       #5 0x56356693e2bd <unknown>\nE       #6 0x56356696470c <unknown>\nE       #7 0x56356693e063 <unknown>\nE       #8 0x56356690a328 <unknown>\nE       #9 0x56356690b491 <unknown>\nE       #10 0x563566dcf42b <unknown>\nE       #11 0x563566dd32ec <unknown>\nE       #12 0x563566db6a22 <unknown>\nE       #13 0x563566dd3e64 <unknown>\nE       #14 0x563566d9abef <unknown>\nE       #15 0x563566df6558 <unknown>\nE       #16 0x563566df6736 <unknown>\nE       #17 0x563566e06e76 <unknown>\nE       #18 0x7f8b7ee9caa4 <unknown>\nE       #19 0x7f8b7ef29c3c <unknown>\n\n/opt/hostedtoolcache/Python/3.12.5/x64/lib/python3.12/site-packages/selenium/webdriver/remote/errorhandler.py:232: NoSuchElementException","steps":[{"name":"Log in to Trello account","time":{"start":1743683109632,"stop":1743683116054,"duration":6422},"status":"passed","steps":[{"name":"Navigate to the Trello page and enter valid credentials (email, password, and 6-digits verification code)","time":{"start":1743683109632,"stop":1743683116054,"duration":6422},"status":"passed","steps":[],"attachments":[],"parameters":[],"shouldDisplayMessage":false,"stepsCount":0,"attachmentsCount":0,"hasContent":false,"attachmentStep":false}],"attachments":[],"parameters":[],"shouldDisplayMessage":false,"stepsCount":1,"attachmentsCount":0,"hasContent":true,"attachmentStep":false},{"name":"Open a board and select a card","time":{"start":1743683116054,"stop":1743683126331,"duration":10277},"status":"passed","steps":[],"attachments":[],"parameters":[],"shouldDisplayMessage":false,"stepsCount":0,"attachmentsCount":0,"hasContent":false,"attachmentStep":false},{"name":"Click the card to open and archive it","time":{"start":1743683126331,"stop":1743683126347,"duration":16},"status":"broken","statusMessage":"selenium.common.exceptions.NoSuchElementException: Message: no such element: Unable to locate element: {\"method\":\"xpath\",\"selector\":\"//*[contains(text(), 'new_card')]\"}\n  (Session info: chrome=135.0.7049.52); For documentation on this error, please visit: https://www.selenium.dev/documentation/webdriver/troubleshooting/errors#no-such-element-exception\nStacktrace:\n#0 0x563566e07ffa <unknown>\n#1 0x5635668c6970 <unknown>\n#2 0x563566918385 <unknown>\n#3 0x5635669185b1 <unknown>\n#4 0x5635669673c4 <unknown>\n#5 0x56356693e2bd <unknown>\n#6 0x56356696470c <unknown>\n#7 0x56356693e063 <unknown>\n#8 0x56356690a328 <unknown>\n#9 0x56356690b491 <unknown>\n#10 0x563566dcf42b <unknown>\n#11 0x563566dd32ec <unknown>\n#12 0x563566db6a22 <unknown>\n#13 0x563566dd3e64 <unknown>\n#14 0x563566d9abef <unknown>\n#15 0x563566df6558 <unknown>\n#16 0x563566df6736 <unknown>\n#17 0x563566e06e76 <unknown>\n#18 0x7f8b7ee9caa4 <unknown>\n#19 0x7f8b7ef29c3c <unknown>\n\n","statusTrace":"  File \"/home/runner/work/pythonSelenium/pythonSelenium/tests/regression_ui/test_ui_regression.py\", line 239, in test_label_card\n    driver.find_element(By.XPATH, self.SCC.List.CARD_TO_ARCHIVE).click()\n    ^^^^^^^^^^^^^^^^^^^^^^^^^^^^^^^^^^^^^^^^^^^^^^^^^^^^^^^^^^^^\n  File \"/opt/hostedtoolcache/Python/3.12.5/x64/lib/python3.12/site-packages/selenium/webdriver/remote/webdriver.py\", line 770, in find_element\n    return self.execute(Command.FIND_ELEMENT, {\"using\": by, \"value\": value})[\"value\"]\n           ^^^^^^^^^^^^^^^^^^^^^^^^^^^^^^^^^^^^^^^^^^^^^^^^^^^^^^^^^^^^^^^^^\n  File \"/opt/hostedtoolcache/Python/3.12.5/x64/lib/python3.12/site-packages/selenium/webdriver/remote/webdriver.py\", line 384, in execute\n    self.error_handler.check_response(response)\n  File \"/opt/hostedtoolcache/Python/3.12.5/x64/lib/python3.12/site-packages/selenium/webdriver/remote/errorhandler.py\", line 232, in check_response\n    raise exception_class(message, screen, stacktrace)\n","steps":[],"attachments":[],"parameters":[],"shouldDisplayMessage":true,"stepsCount":0,"attachmentsCount":0,"hasContent":true,"attachmentStep":false}],"attachments":[{"uid":"b036306a7491112c","name":"log","source":"b036306a7491112c.txt","type":"text/plain","size":360}],"parameters":[],"shouldDisplayMessage":true,"stepsCount":4,"attachmentsCount":1,"hasContent":true,"attachmentStep":false},"afterStages":[{"name":"driver::0","time":{"start":1743683126378,"stop":1743683126451,"duration":73},"status":"passed","steps":[],"attachments":[],"parameters":[],"shouldDisplayMessage":false,"stepsCount":0,"attachmentsCount":0,"hasContent":false,"attachmentStep":false}],"labels":[{"name":"tag","value":"TC007"},{"name":"tag","value":"TC000"},{"name":"parentSuite","value":"tests.regression_ui"},{"name":"suite","value":"test_ui_regression"},{"name":"subSuite","value":"TestUIRegression"},{"name":"host","value":"fv-az2207-973"},{"name":"thread","value":"4751-MainThread"},{"name":"framework","value":"pytest"},{"name":"language","value":"cpython3"},{"name":"package","value":"tests.regression_ui.test_ui_regression"},{"name":"resultFormat","value":"allure2"}],"parameters":[],"links":[],"hidden":false,"retry":false,"extra":{"severity":"normal","retries":[],"categories":[{"name":"Test defects","matchedStatuses":[]}],"history":{"statistic":{"failed":0,"broken":81,"skipped":0,"passed":580,"unknown":0,"total":661},"items":[{"uid":"be5ef5f7124f3eea","status":"passed","time":{"start":1743671573281,"stop":1743671594984,"duration":21703}},{"uid":"8f87de48a61ac835","status":"passed","time":{"start":1743661016692,"stop":1743661038544,"duration":21852}},{"uid":"b93b0a982ca261d3","status":"passed","time":{"start":1743650902717,"stop":1743650924946,"duration":22229}},{"uid":"8c65dbc17ad021bd","status":"passed","time":{"start":1743641121900,"stop":1743641144189,"duration":22289}},{"uid":"aa1ed4edb2739e84","status":"broken","statusDetails":"selenium.common.exceptions.NoSuchElementException: Message: no such element: Unable to locate element: {\"method\":\"xpath\",\"selector\":\"//*[contains(text(), 'new_card')]\"}\n  (Session info: chrome=135.0.7049.52); For documentation on this error, please visit: https://www.selenium.dev/documentation/webdriver/troubleshooting/errors#no-such-element-exception\nStacktrace:\n#0 0x56005d637ffa <unknown>\n#1 0x56005d0f6970 <unknown>\n#2 0x56005d148385 <unknown>\n#3 0x56005d1485b1 <unknown>\n#4 0x56005d1973c4 <unknown>\n#5 0x56005d16e2bd <unknown>\n#6 0x56005d19470c <unknown>\n#7 0x56005d16e063 <unknown>\n#8 0x56005d13a328 <unknown>\n#9 0x56005d13b491 <unknown>\n#10 0x56005d5ff42b <unknown>\n#11 0x56005d6032ec <unknown>\n#12 0x56005d5e6a22 <unknown>\n#13 0x56005d603e64 <unknown>\n#14 0x56005d5cabef <unknown>\n#15 0x56005d626558 <unknown>\n#16 0x56005d626736 <unknown>\n#17 0x56005d636e76 <unknown>\n#18 0x7fcf7849caa4 <unknown>\n#19 0x7fcf78529c3c <unknown>","time":{"start":1743628321582,"stop":1743628342532,"duration":20950}},{"uid":"c8a50ec6028b1037","status":"passed","time":{"start":1743617784551,"stop":1743617806420,"duration":21869}},{"uid":"69f298f0417c32d4","status":"passed","time":{"start":1743606742668,"stop":1743606765050,"duration":22382}},{"uid":"7dbc879199ac6343","status":"broken","statusDetails":"selenium.common.exceptions.NoSuchElementException: Message: no such element: Unable to locate element: {\"method\":\"xpath\",\"selector\":\"//*[contains(text(), 'new_card')]\"}\n  (Session info: chrome=135.0.7049.52); For documentation on this error, please visit: https://www.selenium.dev/documentation/webdriver/troubleshooting/errors#no-such-element-exception\nStacktrace:\n#0 0x55c78f750ffa <unknown>\n#1 0x55c78f20f970 <unknown>\n#2 0x55c78f261385 <unknown>\n#3 0x55c78f2615b1 <unknown>\n#4 0x55c78f2b03c4 <unknown>\n#5 0x55c78f2872bd <unknown>\n#6 0x55c78f2ad70c <unknown>\n#7 0x55c78f287063 <unknown>\n#8 0x55c78f253328 <unknown>\n#9 0x55c78f254491 <unknown>\n#10 0x55c78f71842b <unknown>\n#11 0x55c78f71c2ec <unknown>\n#12 0x55c78f6ffa22 <unknown>\n#13 0x55c78f71ce64 <unknown>\n#14 0x55c78f6e3bef <unknown>\n#15 0x55c78f73f558 <unknown>\n#16 0x55c78f73f736 <unknown>\n#17 0x55c78f74fe76 <unknown>\n#18 0x7f4a7b09caa4 <unknown>\n#19 0x7f4a7b129c3c <unknown>","time":{"start":1743596477027,"stop":1743596497182,"duration":20155}},{"uid":"cc213292e5c541ad","status":"passed","time":{"start":1743585170804,"stop":1743585192884,"duration":22080}},{"uid":"445a0c7328e37597","status":"passed","time":{"start":1743574550836,"stop":1743574572909,"duration":22073}},{"uid":"1aa1b39cd68b9a43","status":"broken","statusDetails":"selenium.common.exceptions.NoSuchElementException: Message: no such element: Unable to locate element: {\"method\":\"xpath\",\"selector\":\"//*[contains(text(), 'new_card')]\"}\n  (Session info: chrome=135.0.7049.52); For documentation on this error, please visit: https://www.selenium.dev/documentation/webdriver/troubleshooting/errors#no-such-element-exception\nStacktrace:\n#0 0x55a758e09ffa <unknown>\n#1 0x55a7588c8970 <unknown>\n#2 0x55a75891a385 <unknown>\n#3 0x55a75891a5b1 <unknown>\n#4 0x55a7589693c4 <unknown>\n#5 0x55a7589402bd <unknown>\n#6 0x55a75896670c <unknown>\n#7 0x55a758940063 <unknown>\n#8 0x55a75890c328 <unknown>\n#9 0x55a75890d491 <unknown>\n#10 0x55a758dd142b <unknown>\n#11 0x55a758dd52ec <unknown>\n#12 0x55a758db8a22 <unknown>\n#13 0x55a758dd5e64 <unknown>\n#14 0x55a758d9cbef <unknown>\n#15 0x55a758df8558 <unknown>\n#16 0x55a758df8736 <unknown>\n#17 0x55a758e08e76 <unknown>\n#18 0x7f7f21c9caa4 <unknown>\n#19 0x7f7f21d29c3c <unknown>","time":{"start":1743564557074,"stop":1743564577352,"duration":20278}},{"uid":"d994de2eaca434ab","status":"broken","statusDetails":"selenium.common.exceptions.NoSuchElementException: Message: no such element: Unable to locate element: {\"method\":\"xpath\",\"selector\":\"//*[contains(text(), 'new_card')]\"}\n  (Session info: chrome=135.0.7049.52); For documentation on this error, please visit: https://www.selenium.dev/documentation/webdriver/troubleshooting/errors#no-such-element-exception\nStacktrace:\n#0 0x5627cad9bffa <unknown>\n#1 0x5627ca85a970 <unknown>\n#2 0x5627ca8ac385 <unknown>\n#3 0x5627ca8ac5b1 <unknown>\n#4 0x5627ca8fb3c4 <unknown>\n#5 0x5627ca8d22bd <unknown>\n#6 0x5627ca8f870c <unknown>\n#7 0x5627ca8d2063 <unknown>\n#8 0x5627ca89e328 <unknown>\n#9 0x5627ca89f491 <unknown>\n#10 0x5627cad6342b <unknown>\n#11 0x5627cad672ec <unknown>\n#12 0x5627cad4aa22 <unknown>\n#13 0x5627cad67e64 <unknown>\n#14 0x5627cad2ebef <unknown>\n#15 0x5627cad8a558 <unknown>\n#16 0x5627cad8a736 <unknown>\n#17 0x5627cad9ae76 <unknown>\n#18 0x7fe20a09caa4 <unknown>\n#19 0x7fe20a129c3c <unknown>","time":{"start":1743554808048,"stop":1743554828671,"duration":20623}},{"uid":"f1bbcf468b10b83e","status":"broken","statusDetails":"selenium.common.exceptions.NoSuchElementException: Message: no such element: Unable to locate element: {\"method\":\"xpath\",\"selector\":\"//*[contains(text(), 'new_card')]\"}\n  (Session info: chrome=135.0.7049.52); For documentation on this error, please visit: https://www.selenium.dev/documentation/webdriver/troubleshooting/errors#no-such-element-exception\nStacktrace:\n#0 0x5573f327cffa <unknown>\n#1 0x5573f2d3b970 <unknown>\n#2 0x5573f2d8d385 <unknown>\n#3 0x5573f2d8d5b1 <unknown>\n#4 0x5573f2ddc3c4 <unknown>\n#5 0x5573f2db32bd <unknown>\n#6 0x5573f2dd970c <unknown>\n#7 0x5573f2db3063 <unknown>\n#8 0x5573f2d7f328 <unknown>\n#9 0x5573f2d80491 <unknown>\n#10 0x5573f324442b <unknown>\n#11 0x5573f32482ec <unknown>\n#12 0x5573f322ba22 <unknown>\n#13 0x5573f3248e64 <unknown>\n#14 0x5573f320fbef <unknown>\n#15 0x5573f326b558 <unknown>\n#16 0x5573f326b736 <unknown>\n#17 0x5573f327be76 <unknown>\n#18 0x7f061a09caa4 <unknown>\n#19 0x7f061a129c3c <unknown>","time":{"start":1743541921070,"stop":1743541941356,"duration":20286}},{"uid":"d9229e88e317e9c2","status":"broken","statusDetails":"selenium.common.exceptions.NoSuchElementException: Message: no such element: Unable to locate element: {\"method\":\"xpath\",\"selector\":\"//*[contains(text(), 'new_card')]\"}\n  (Session info: chrome=135.0.7049.52); For documentation on this error, please visit: https://www.selenium.dev/documentation/webdriver/troubleshooting/errors#no-such-element-exception\nStacktrace:\n#0 0x55be17eecffa <unknown>\n#1 0x55be179ab970 <unknown>\n#2 0x55be179fd385 <unknown>\n#3 0x55be179fd5b1 <unknown>\n#4 0x55be17a4c3c4 <unknown>\n#5 0x55be17a232bd <unknown>\n#6 0x55be17a4970c <unknown>\n#7 0x55be17a23063 <unknown>\n#8 0x55be179ef328 <unknown>\n#9 0x55be179f0491 <unknown>\n#10 0x55be17eb442b <unknown>\n#11 0x55be17eb82ec <unknown>\n#12 0x55be17e9ba22 <unknown>\n#13 0x55be17eb8e64 <unknown>\n#14 0x55be17e7fbef <unknown>\n#15 0x55be17edb558 <unknown>\n#16 0x55be17edb736 <unknown>\n#17 0x55be17eebe76 <unknown>\n#18 0x7fe2bd49caa4 <unknown>\n#19 0x7fe2bd529c3c <unknown>","time":{"start":1743531315311,"stop":1743531335428,"duration":20117}},{"uid":"7bc7658f5f121e68","status":"broken","statusDetails":"selenium.common.exceptions.NoSuchElementException: Message: no such element: Unable to locate element: {\"method\":\"xpath\",\"selector\":\"//*[contains(text(), 'new_card')]\"}\n  (Session info: chrome=134.0.6998.165); For documentation on this error, please visit: https://www.selenium.dev/documentation/webdriver/troubleshooting/errors#no-such-element-exception\nStacktrace:\n#0 0x55deb4c8da1a <unknown>\n#1 0x55deb4745390 <unknown>\n#2 0x55deb4796c85 <unknown>\n#3 0x55deb4796eb1 <unknown>\n#4 0x55deb47e5d64 <unknown>\n#5 0x55deb47bcbfd <unknown>\n#6 0x55deb47e307b <unknown>\n#7 0x55deb47bc9a3 <unknown>\n#8 0x55deb478860e <unknown>\n#9 0x55deb4789dd1 <unknown>\n#10 0x55deb4c53ddb <unknown>\n#11 0x55deb4c57cbc <unknown>\n#12 0x55deb4c3b392 <unknown>\n#13 0x55deb4c58834 <unknown>\n#14 0x55deb4c1f1ef <unknown>\n#15 0x55deb4c7c038 <unknown>\n#16 0x55deb4c7c216 <unknown>\n#17 0x55deb4c8c896 <unknown>\n#18 0x7f88af29caa4 <unknown>\n#19 0x7f88af329c3c <unknown>","time":{"start":1743520415139,"stop":1743520435900,"duration":20761}},{"uid":"92745f90caa1d9aa","status":"passed","time":{"start":1743509993581,"stop":1743510015459,"duration":21878}},{"uid":"b5efb22e1fd57279","status":"broken","statusDetails":"selenium.common.exceptions.NoSuchElementException: Message: no such element: Unable to locate element: {\"method\":\"xpath\",\"selector\":\"//*[contains(text(), 'new_card')]\"}\n  (Session info: chrome=134.0.6998.165); For documentation on this error, please visit: https://www.selenium.dev/documentation/webdriver/troubleshooting/errors#no-such-element-exception\nStacktrace:\n#0 0x55c956cc5ffa <unknown>\n#1 0x55c956784970 <unknown>\n#2 0x55c9567d6385 <unknown>\n#3 0x55c9567d65b1 <unknown>\n#4 0x55c9568253c4 <unknown>\n#5 0x55c9567fc2bd <unknown>\n#6 0x55c95682270c <unknown>\n#7 0x55c9567fc063 <unknown>\n#8 0x55c9567c8328 <unknown>\n#9 0x55c9567c9491 <unknown>\n#10 0x55c956c8d42b <unknown>\n#11 0x55c956c912ec <unknown>\n#12 0x55c956c74a22 <unknown>\n#13 0x55c956c91e64 <unknown>\n#14 0x55c956c58bef <unknown>\n#15 0x55c956cb4558 <unknown>\n#16 0x55c956cb4736 <unknown>\n#17 0x55c956cc4e76 <unknown>\n#18 0x7ff01869caa4 <unknown>\n#19 0x7ff018729c3c <unknown>","time":{"start":1743498772857,"stop":1743498793168,"duration":20311}},{"uid":"6756969d1cd45047","status":"broken","statusDetails":"selenium.common.exceptions.NoSuchElementException: Message: no such element: Unable to locate element: {\"method\":\"xpath\",\"selector\":\"//*[contains(text(), 'new_card')]\"}\n  (Session info: chrome=134.0.6998.165); For documentation on this error, please visit: https://www.selenium.dev/documentation/webdriver/troubleshooting/errors#no-such-element-exception\nStacktrace:\n#0 0x558a1d815a1a <unknown>\n#1 0x558a1d2cd390 <unknown>\n#2 0x558a1d31ec85 <unknown>\n#3 0x558a1d31eeb1 <unknown>\n#4 0x558a1d36dd64 <unknown>\n#5 0x558a1d344bfd <unknown>\n#6 0x558a1d36b07b <unknown>\n#7 0x558a1d3449a3 <unknown>\n#8 0x558a1d31060e <unknown>\n#9 0x558a1d311dd1 <unknown>\n#10 0x558a1d7dbddb <unknown>\n#11 0x558a1d7dfcbc <unknown>\n#12 0x558a1d7c3392 <unknown>\n#13 0x558a1d7e0834 <unknown>\n#14 0x558a1d7a71ef <unknown>\n#15 0x558a1d804038 <unknown>\n#16 0x558a1d804216 <unknown>\n#17 0x558a1d814896 <unknown>\n#18 0x7f261949caa4 <unknown>\n#19 0x7f2619529c3c <unknown>","time":{"start":1743488236728,"stop":1743488257400,"duration":20672}},{"uid":"7683d63636e5be65","status":"broken","statusDetails":"selenium.common.exceptions.NoSuchElementException: Message: no such element: Unable to locate element: {\"method\":\"xpath\",\"selector\":\"//*[contains(text(), 'new_card')]\"}\n  (Session info: chrome=134.0.6998.165); For documentation on this error, please visit: https://www.selenium.dev/documentation/webdriver/troubleshooting/errors#no-such-element-exception\nStacktrace:\n#0 0x55e5dd206a1a <unknown>\n#1 0x55e5dccbe390 <unknown>\n#2 0x55e5dcd0fc85 <unknown>\n#3 0x55e5dcd0feb1 <unknown>\n#4 0x55e5dcd5ed64 <unknown>\n#5 0x55e5dcd35bfd <unknown>\n#6 0x55e5dcd5c07b <unknown>\n#7 0x55e5dcd359a3 <unknown>\n#8 0x55e5dcd0160e <unknown>\n#9 0x55e5dcd02dd1 <unknown>\n#10 0x55e5dd1ccddb <unknown>\n#11 0x55e5dd1d0cbc <unknown>\n#12 0x55e5dd1b4392 <unknown>\n#13 0x55e5dd1d1834 <unknown>\n#14 0x55e5dd1981ef <unknown>\n#15 0x55e5dd1f5038 <unknown>\n#16 0x55e5dd1f5216 <unknown>\n#17 0x55e5dd205896 <unknown>\n#18 0x7f6b88e9caa4 <unknown>\n#19 0x7f6b88f29c3c <unknown>","time":{"start":1743478822802,"stop":1743478842921,"duration":20119}},{"uid":"acf70b1b03df043a","status":"broken","statusDetails":"selenium.common.exceptions.NoSuchElementException: Message: no such element: Unable to locate element: {\"method\":\"xpath\",\"selector\":\"//*[contains(text(), 'new_card')]\"}\n  (Session info: chrome=134.0.6998.165); For documentation on this error, please visit: https://www.selenium.dev/documentation/webdriver/troubleshooting/errors#no-such-element-exception\nStacktrace:\n#0 0x55a6dddcca1a <unknown>\n#1 0x55a6dd884390 <unknown>\n#2 0x55a6dd8d5c85 <unknown>\n#3 0x55a6dd8d5eb1 <unknown>\n#4 0x55a6dd924d64 <unknown>\n#5 0x55a6dd8fbbfd <unknown>\n#6 0x55a6dd92207b <unknown>\n#7 0x55a6dd8fb9a3 <unknown>\n#8 0x55a6dd8c760e <unknown>\n#9 0x55a6dd8c8dd1 <unknown>\n#10 0x55a6ddd92ddb <unknown>\n#11 0x55a6ddd96cbc <unknown>\n#12 0x55a6ddd7a392 <unknown>\n#13 0x55a6ddd97834 <unknown>\n#14 0x55a6ddd5e1ef <unknown>\n#15 0x55a6dddbb038 <unknown>\n#16 0x55a6dddbb216 <unknown>\n#17 0x55a6dddcb896 <unknown>\n#18 0x7f96a209caa4 <unknown>\n#19 0x7f96a2129c3c <unknown>","time":{"start":1743468841335,"stop":1743468862067,"duration":20732}}]},"tags":["TC007","TC000"]},"source":"64397bdf4bce8bff.json","parameterValues":[]}