{"uid":"648476704ee72ee7","name":"Archive a card","fullName":"tests.regression_ui.test_ui_regression.TestUIRegression#test_archive_card","historyId":"4151bed777d70c35651f4626d00b86b5","time":{"start":1741943592498,"stop":1741943625595,"duration":33097},"status":"failed","statusMessage":"AssertionError: assert 1 == 0","statusTrace":"self = <tests.regression_ui.test_ui_regression.TestUIRegression object at 0x7f112d0b24b0>\ndriver = <selenium.webdriver.chrome.webdriver.WebDriver (session=\"a04986be0bf014d4d2142ff65810ec00\")>\n\n    @pytest.mark.TC000\n    @pytest.mark.TC006\n    @allure.title('Archive a card')\n    def test_archive_card(self, driver):\n        time.sleep(5)\n        with allure.step('Log in to Trello account'):\n            self.test_login(driver)\n    \n        with allure.step('Open a board and select a card'):\n            try:\n                WebDriverWait(driver, 30).until(EC.element_to_be_clickable((By.XPATH, self.SCC.Board.BOARD_TITLE))).click()\n                WebDriverWait(driver, 10).until(EC.visibility_of_element_located((By.XPATH, self.SCC.Board.LIST_TITLE))).click()\n                driver.find_element(By.XPATH, self.SCC.List.ADD_A_CARD_BUTTON).click()\n                driver.find_element(By.XPATH, self.SCC.List.CARD_NAME_FIELD).click()\n                time.sleep(1)\n                driver.find_element(By.XPATH, self.SCC.List.CARD_NAME_FIELD).send_keys('new_card')\n                driver.find_element(By.XPATH, self.SCC.List.ADD_CARD_SUBMIT_BUTTOMN).click()\n                time.sleep(2)\n            except Exception as e:\n                log.info(\"An error occurred: \", str(e))\n    \n        with allure.step('Click the card to open and archive it'):\n            driver.find_element(By.XPATH, self.SCC.List.CARD_TO_ARCHIVE).click()\n            WebDriverWait(driver, 10).until(EC.element_to_be_clickable((By.XPATH, self.SCC.List.ARCHIVE_BUTTON))).click()\n            WebDriverWait(driver, 10).until(EC.element_to_be_clickable((By.XPATH, self.SCC.List.DELETE_BUTTON))).click()\n            WebDriverWait(driver, 10).until(EC.element_to_be_clickable((By.XPATH, self.SCC.List.DELETE_CONFIRM_BUTTON))).click()\n    \n        with allure.step('Verify that the card is archived and the list is empty'):\n            time.sleep(3)\n            element = driver.find_elements(By.XPATH, self.SCC.List.ALL_CARDS_ON_FIRST_LIST)\n            el_qty = len(element)\n>           assert el_qty == 0\nE           assert 1 == 0\n\ntests/regression_ui/test_ui_regression.py:215: AssertionError","flaky":false,"newFailed":true,"newBroken":false,"newPassed":false,"retriesCount":0,"retriesStatusChange":false,"beforeStages":[{"name":"driver","time":{"start":1741943592123,"stop":1741943592497,"duration":374},"status":"passed","steps":[],"attachments":[],"parameters":[],"shouldDisplayMessage":false,"stepsCount":0,"attachmentsCount":0,"hasContent":false,"attachmentStep":false},{"name":"setup","time":{"start":1741943592498,"stop":1741943592498,"duration":0},"status":"passed","steps":[],"attachments":[],"parameters":[],"shouldDisplayMessage":false,"stepsCount":0,"attachmentsCount":0,"hasContent":false,"attachmentStep":false}],"testStage":{"status":"failed","statusMessage":"AssertionError: assert 1 == 0","statusTrace":"self = <tests.regression_ui.test_ui_regression.TestUIRegression object at 0x7f112d0b24b0>\ndriver = <selenium.webdriver.chrome.webdriver.WebDriver (session=\"a04986be0bf014d4d2142ff65810ec00\")>\n\n    @pytest.mark.TC000\n    @pytest.mark.TC006\n    @allure.title('Archive a card')\n    def test_archive_card(self, driver):\n        time.sleep(5)\n        with allure.step('Log in to Trello account'):\n            self.test_login(driver)\n    \n        with allure.step('Open a board and select a card'):\n            try:\n                WebDriverWait(driver, 30).until(EC.element_to_be_clickable((By.XPATH, self.SCC.Board.BOARD_TITLE))).click()\n                WebDriverWait(driver, 10).until(EC.visibility_of_element_located((By.XPATH, self.SCC.Board.LIST_TITLE))).click()\n                driver.find_element(By.XPATH, self.SCC.List.ADD_A_CARD_BUTTON).click()\n                driver.find_element(By.XPATH, self.SCC.List.CARD_NAME_FIELD).click()\n                time.sleep(1)\n                driver.find_element(By.XPATH, self.SCC.List.CARD_NAME_FIELD).send_keys('new_card')\n                driver.find_element(By.XPATH, self.SCC.List.ADD_CARD_SUBMIT_BUTTOMN).click()\n                time.sleep(2)\n            except Exception as e:\n                log.info(\"An error occurred: \", str(e))\n    \n        with allure.step('Click the card to open and archive it'):\n            driver.find_element(By.XPATH, self.SCC.List.CARD_TO_ARCHIVE).click()\n            WebDriverWait(driver, 10).until(EC.element_to_be_clickable((By.XPATH, self.SCC.List.ARCHIVE_BUTTON))).click()\n            WebDriverWait(driver, 10).until(EC.element_to_be_clickable((By.XPATH, self.SCC.List.DELETE_BUTTON))).click()\n            WebDriverWait(driver, 10).until(EC.element_to_be_clickable((By.XPATH, self.SCC.List.DELETE_CONFIRM_BUTTON))).click()\n    \n        with allure.step('Verify that the card is archived and the list is empty'):\n            time.sleep(3)\n            element = driver.find_elements(By.XPATH, self.SCC.List.ALL_CARDS_ON_FIRST_LIST)\n            el_qty = len(element)\n>           assert el_qty == 0\nE           assert 1 == 0\n\ntests/regression_ui/test_ui_regression.py:215: AssertionError","steps":[{"name":"Log in to Trello account","time":{"start":1741943597498,"stop":1741943616254,"duration":18756},"status":"passed","steps":[{"name":"Navigate to the Trello page and enter valid credentials (email, password, and 6-digits verification code)","time":{"start":1741943597498,"stop":1741943616254,"duration":18756},"status":"passed","steps":[],"attachments":[],"parameters":[],"shouldDisplayMessage":false,"stepsCount":0,"attachmentsCount":0,"hasContent":false,"attachmentStep":false}],"attachments":[],"parameters":[],"shouldDisplayMessage":false,"stepsCount":1,"attachmentsCount":0,"hasContent":true,"attachmentStep":false},{"name":"Open a board and select a card","time":{"start":1741943616254,"stop":1741943621122,"duration":4868},"status":"passed","steps":[],"attachments":[],"parameters":[],"shouldDisplayMessage":false,"stepsCount":0,"attachmentsCount":0,"hasContent":false,"attachmentStep":false},{"name":"Click the card to open and archive it","time":{"start":1741943621122,"stop":1741943622585,"duration":1463},"status":"passed","steps":[],"attachments":[],"parameters":[],"shouldDisplayMessage":false,"stepsCount":0,"attachmentsCount":0,"hasContent":false,"attachmentStep":false},{"name":"Verify that the card is archived and the list is empty","time":{"start":1741943622585,"stop":1741943625595,"duration":3010},"status":"failed","statusMessage":"AssertionError: assert 1 == 0\n","statusTrace":"  File \"/home/runner/work/pythonSelenium/pythonSelenium/tests/regression_ui/test_ui_regression.py\", line 215, in test_archive_card\n    assert el_qty == 0\n","steps":[],"attachments":[],"parameters":[],"shouldDisplayMessage":true,"stepsCount":0,"attachmentsCount":0,"hasContent":true,"attachmentStep":false}],"attachments":[],"parameters":[],"shouldDisplayMessage":true,"stepsCount":5,"attachmentsCount":0,"hasContent":true,"attachmentStep":false},"afterStages":[{"name":"driver::0","time":{"start":1741943625629,"stop":1741943625702,"duration":73},"status":"passed","steps":[],"attachments":[],"parameters":[],"shouldDisplayMessage":false,"stepsCount":0,"attachmentsCount":0,"hasContent":false,"attachmentStep":false}],"labels":[{"name":"tag","value":"TC006"},{"name":"tag","value":"TC000"},{"name":"parentSuite","value":"tests.regression_ui"},{"name":"suite","value":"test_ui_regression"},{"name":"subSuite","value":"TestUIRegression"},{"name":"host","value":"fv-az1046-46"},{"name":"thread","value":"4158-MainThread"},{"name":"framework","value":"pytest"},{"name":"language","value":"cpython3"},{"name":"package","value":"tests.regression_ui.test_ui_regression"},{"name":"resultFormat","value":"allure2"}],"parameters":[],"links":[],"hidden":false,"retry":false,"extra":{"severity":"normal","retries":[],"categories":[{"name":"Product defects","matchedStatuses":[]}],"history":{"statistic":{"failed":15,"broken":28,"skipped":0,"passed":458,"unknown":0,"total":501},"items":[{"uid":"fc2fea3f3066698f","status":"passed","time":{"start":1741932911423,"stop":1741932943090,"duration":31667}},{"uid":"24e8a13d6e098aa","status":"passed","time":{"start":1741922559656,"stop":1741922597859,"duration":38203}},{"uid":"24ee581e5498f792","status":"passed","time":{"start":1741913019241,"stop":1741913056630,"duration":37389}},{"uid":"c71d65bb1ad3848d","status":"passed","time":{"start":1741900239943,"stop":1741900277059,"duration":37116}},{"uid":"808d444f1122e478","status":"passed","time":{"start":1741889682205,"stop":1741889713386,"duration":31181}},{"uid":"e0b0f900d702d7ee","status":"passed","time":{"start":1741878732683,"stop":1741878766318,"duration":33635}},{"uid":"9b2ce994c0add50a","status":"passed","time":{"start":1741868349488,"stop":1741868387939,"duration":38451}},{"uid":"a431cf7405ae943a","status":"passed","time":{"start":1741857131199,"stop":1741857162914,"duration":31715}},{"uid":"54258cbfb4b1ce4a","status":"passed","time":{"start":1741846513703,"stop":1741846545272,"duration":31569}},{"uid":"147bf3f9c826af42","status":"passed","time":{"start":1741836189451,"stop":1741836226788,"duration":37337}},{"uid":"fb56bcf36d89ec4e","status":"passed","time":{"start":1741826650005,"stop":1741826686635,"duration":36630}},{"uid":"e10de719b02aeaae","status":"broken","statusDetails":"selenium.common.exceptions.NoSuchElementException: Message: no such element: Unable to locate element: {\"method\":\"xpath\",\"selector\":\"//*[contains(text(), 'new_card')]\"}\n  (Session info: chrome=134.0.6998.88); For documentation on this error, please visit: https://www.selenium.dev/documentation/webdriver/troubleshooting/errors#no-such-element-exception\nStacktrace:\n#0 0x55d95412d46a <unknown>\n#1 0x55d953be6ed0 <unknown>\n#2 0x55d953c38935 <unknown>\n#3 0x55d953c38b61 <unknown>\n#4 0x55d953c879d4 <unknown>\n#5 0x55d953c5e88d <unknown>\n#6 0x55d953c84ceb <unknown>\n#7 0x55d953c5e633 <unknown>\n#8 0x55d953c2a1be <unknown>\n#9 0x55d953c2b981 <unknown>\n#10 0x55d9540f386b <unknown>\n#11 0x55d9540f773c <unknown>\n#12 0x55d9540daf12 <unknown>\n#13 0x55d9540f82b4 <unknown>\n#14 0x55d9540bf0af <unknown>\n#15 0x55d95411bad8 <unknown>\n#16 0x55d95411bcb6 <unknown>\n#17 0x55d95412c2e6 <unknown>\n#18 0x7f9b7429caa4 <unknown>\n#19 0x7f9b74329c3c <unknown>","time":{"start":1741813839890,"stop":1741813882692,"duration":42802}},{"uid":"29e2e3d8f49d4629","status":"passed","time":{"start":1741803282948,"stop":1741803315319,"duration":32371}},{"uid":"bc1656ef4e964db9","status":"failed","statusDetails":"AssertionError: assert 1 == 0","time":{"start":1741792330890,"stop":1741792367536,"duration":36646}},{"uid":"1c9afdacebb86e77","status":"broken","statusDetails":"selenium.common.exceptions.NoSuchElementException: Message: no such element: Unable to locate element: {\"method\":\"xpath\",\"selector\":\"//*[contains(text(), 'new_card')]\"}\n  (Session info: chrome=134.0.6998.88); For documentation on this error, please visit: https://www.selenium.dev/documentation/webdriver/troubleshooting/errors#no-such-element-exception\nStacktrace:\n#0 0x562f6188346a <unknown>\n#1 0x562f6133ced0 <unknown>\n#2 0x562f6138e935 <unknown>\n#3 0x562f6138eb61 <unknown>\n#4 0x562f613dd9d4 <unknown>\n#5 0x562f613b488d <unknown>\n#6 0x562f613daceb <unknown>\n#7 0x562f613b4633 <unknown>\n#8 0x562f613801be <unknown>\n#9 0x562f61381981 <unknown>\n#10 0x562f6184986b <unknown>\n#11 0x562f6184d73c <unknown>\n#12 0x562f61830f12 <unknown>\n#13 0x562f6184e2b4 <unknown>\n#14 0x562f618150af <unknown>\n#15 0x562f61871ad8 <unknown>\n#16 0x562f61871cb6 <unknown>\n#17 0x562f618822e6 <unknown>\n#18 0x7fefc3a9caa4 <unknown>\n#19 0x7fefc3b29c3c <unknown>","time":{"start":1741782053077,"stop":1741782094864,"duration":41787}},{"uid":"9290283cd8d90c1","status":"passed","time":{"start":1741770759093,"stop":1741770795692,"duration":36599}},{"uid":"47e0fb152353be54","status":"passed","time":{"start":1741760172242,"stop":1741760203336,"duration":31094}},{"uid":"f0accc3232352066","status":"passed","time":{"start":1741749704466,"stop":1741749737204,"duration":32738}},{"uid":"656c52aa6917e1cf","status":"passed","time":{"start":1741740221910,"stop":1741740253252,"duration":31342}},{"uid":"fce3c7b9d7f4e2af","status":"passed","time":{"start":1741727350548,"stop":1741727384586,"duration":34038}}]},"tags":["TC006","TC000"]},"source":"648476704ee72ee7.json","parameterValues":[]}