{"uid":"67149a7ec5c75d02","name":"Search functionality","fullName":"tests.regression_ui.test_ui_regression.TestUIRegression#test_search_board","historyId":"766b65706e8d60f73b889e81b955260d","time":{"start":1736792613441,"stop":1736792646022,"duration":32581},"status":"broken","statusMessage":"TypeError: not all arguments converted during string formatting","statusTrace":"self = <tests.regression_ui.test_ui_regression.TestUIRegression object at 0x7fd67cbaa990>\ndriver = <selenium.webdriver.chrome.webdriver.WebDriver (session=\"ca22d98295e9feecc72fdcc2710aa94d\")>\n\n    @pytest.mark.TC000\n    @pytest.mark.TC001\n    @allure.title('Login Functionality')\n    def test_login(self, driver):\n        with allure.step('Navigate to the Trello login page'):\n            driver.get(self.SCC.URL_LOGIN)\n            time.sleep(3)\n        with allure.step('Enter valid credentials (email, password, and 6-digits verification code)'):\n            try:\n                el_user_name = WebDriverWait(driver, 60).until(EC.element_to_be_clickable(\n                    (By.XPATH, self.SCC.LoginPage.USER_NAME_FIELD)\n                ))\n                el_user_name.click()\n                el_user_name.send_keys(USER_EMAIL)\n    \n                driver.find_element(By.XPATH, self.SCC.LoginPage.CONTINUE_BUTTON).click()\n                el_password = WebDriverWait(driver, 60).until(EC.element_to_be_clickable(\n                    (By.XPATH, self.SCC.LoginPage.PASSWORD_FIELD)\n                ))\n                el_password.click()\n                el_password.send_keys(USER_PASSWORD)\n    \n                driver.find_element(By.XPATH, self.SCC.LoginPage.LOGIN_BUTTON).click()\n                time.sleep(3)\n                el_six_otp_code = WebDriverWait(driver, 60).until(EC.element_to_be_clickable(\n                    (By.XPATH, self.SCC.LoginPage.SIX_OTP_CODE_FIELD)\n                ))\n                el_six_otp_code.click()\n                el_six_otp_code.send_keys(self.otp_auth())\n                time.sleep(10)\n>               WebDriverWait(driver, 10).until(EC.url_matches(self.SCC.HOME_URL))\n\ntests/regression_ui/test_ui_regression.py:84: \n_ _ _ _ _ _ _ _ _ _ _ _ _ _ _ _ _ _ _ _ _ _ _ _ _ _ _ _ _ _ _ _ _ _ _ _ _ _ _ _ \n\nself = <selenium.webdriver.support.wait.WebDriverWait (session=\"ca22d98295e9feecc72fdcc2710aa94d\")>\nmethod = <function url_matches.<locals>._predicate at 0x7fd67c95fd80>\nmessage = ''\n\n    def until(self, method: Callable[[D], Union[Literal[False], T]], message: str = \"\") -> T:\n        \"\"\"Calls the method provided with the driver as an argument until the \\\n        return value does not evaluate to ``False``.\n    \n        :param method: callable(WebDriver)\n        :param message: optional message for :exc:`TimeoutException`\n        :returns: the result of the last call to `method`\n        :raises: :exc:`selenium.common.exceptions.TimeoutException` if timeout occurs\n        \"\"\"\n        screen = None\n        stacktrace = None\n    \n        end_time = time.monotonic() + self._timeout\n        while True:\n            try:\n                value = method(self._driver)\n                if value:\n                    return value\n            except self._ignored_exceptions as exc:\n                screen = getattr(exc, \"screen\", None)\n                stacktrace = getattr(exc, \"stacktrace\", None)\n            if time.monotonic() > end_time:\n                break\n            time.sleep(self._poll)\n>       raise TimeoutException(message, screen, stacktrace)\nE       selenium.common.exceptions.TimeoutException: Message:\n\n/opt/hostedtoolcache/Python/3.12.5/x64/lib/python3.12/site-packages/selenium/webdriver/support/wait.py:105: TimeoutException\n\nDuring handling of the above exception, another exception occurred:\n\nself = <tests.regression_ui.test_ui_regression.TestUIRegression object at 0x7fd67cbaa990>\ndriver = <selenium.webdriver.chrome.webdriver.WebDriver (session=\"ca22d98295e9feecc72fdcc2710aa94d\")>\n\n    @pytest.mark.TC000\n    @pytest.mark.TC008\n    @allure.title('Search functionality')\n    def test_search_board(self, driver):\n        time.sleep(5)\n        with allure.step('Log in to Trello account'):\n>           self.test_login(driver)\n\ntests/regression_ui/test_ui_regression.py:247: \n_ _ _ _ _ _ _ _ _ _ _ _ _ _ _ _ _ _ _ _ _ _ _ _ _ _ _ _ _ _ _ _ _ _ _ _ _ _ _ _ \ntests/regression_ui/test_ui_regression.py:88: in test_login\n    log.info(\"An error occurred: \", str(e))\n/opt/hostedtoolcache/Python/3.12.5/x64/lib/python3.12/logging/__init__.py:2216: in info\n    root.info(msg, *args, **kwargs)\n/opt/hostedtoolcache/Python/3.12.5/x64/lib/python3.12/logging/__init__.py:1539: in info\n    self._log(INFO, msg, args, **kwargs)\n/opt/hostedtoolcache/Python/3.12.5/x64/lib/python3.12/logging/__init__.py:1684: in _log\n    self.handle(record)\n/opt/hostedtoolcache/Python/3.12.5/x64/lib/python3.12/logging/__init__.py:1700: in handle\n    self.callHandlers(record)\n/opt/hostedtoolcache/Python/3.12.5/x64/lib/python3.12/logging/__init__.py:1762: in callHandlers\n    hdlr.handle(record)\n/opt/hostedtoolcache/Python/3.12.5/x64/lib/python3.12/logging/__init__.py:1028: in handle\n    self.emit(record)\n/opt/hostedtoolcache/Python/3.12.5/x64/lib/python3.12/site-packages/_pytest/logging.py:386: in emit\n    super().emit(record)\n/opt/hostedtoolcache/Python/3.12.5/x64/lib/python3.12/logging/__init__.py:1168: in emit\n    self.handleError(record)\n/opt/hostedtoolcache/Python/3.12.5/x64/lib/python3.12/logging/__init__.py:1160: in emit\n    msg = self.format(record)\n/opt/hostedtoolcache/Python/3.12.5/x64/lib/python3.12/logging/__init__.py:999: in format\n    return fmt.format(record)\n/opt/hostedtoolcache/Python/3.12.5/x64/lib/python3.12/site-packages/_pytest/logging.py:139: in format\n    return super().format(record)\n/opt/hostedtoolcache/Python/3.12.5/x64/lib/python3.12/logging/__init__.py:703: in format\n    record.message = record.getMessage()\n_ _ _ _ _ _ _ _ _ _ _ _ _ _ _ _ _ _ _ _ _ _ _ _ _ _ _ _ _ _ _ _ _ _ _ _ _ _ _ _ \n\nself = <LogRecord: root, 20, /home/runner/work/pythonSelenium/pythonSelenium/tests/regression_ui/test_ui_regression.py, 88, \"An error occurred: \">\n\n    def getMessage(self):\n        \"\"\"\n        Return the message for this LogRecord.\n    \n        Return the message for this LogRecord after merging any user-supplied\n        arguments with the message.\n        \"\"\"\n        msg = str(self.msg)\n        if self.args:\n>           msg = msg % self.args\nE           TypeError: not all arguments converted during string formatting\n\n/opt/hostedtoolcache/Python/3.12.5/x64/lib/python3.12/logging/__init__.py:392: TypeError","flaky":false,"newFailed":false,"newBroken":true,"newPassed":false,"retriesCount":0,"retriesStatusChange":false,"beforeStages":[{"name":"driver","time":{"start":1736792613183,"stop":1736792613440,"duration":257},"status":"passed","steps":[],"attachments":[],"parameters":[],"shouldDisplayMessage":false,"stepsCount":0,"attachmentsCount":0,"hasContent":false,"attachmentStep":false},{"name":"setup","time":{"start":1736792613440,"stop":1736792613440,"duration":0},"status":"passed","steps":[],"attachments":[],"parameters":[],"shouldDisplayMessage":false,"stepsCount":0,"attachmentsCount":0,"hasContent":false,"attachmentStep":false}],"testStage":{"status":"broken","statusMessage":"TypeError: not all arguments converted during string formatting","statusTrace":"self = <tests.regression_ui.test_ui_regression.TestUIRegression object at 0x7fd67cbaa990>\ndriver = <selenium.webdriver.chrome.webdriver.WebDriver (session=\"ca22d98295e9feecc72fdcc2710aa94d\")>\n\n    @pytest.mark.TC000\n    @pytest.mark.TC001\n    @allure.title('Login Functionality')\n    def test_login(self, driver):\n        with allure.step('Navigate to the Trello login page'):\n            driver.get(self.SCC.URL_LOGIN)\n            time.sleep(3)\n        with allure.step('Enter valid credentials (email, password, and 6-digits verification code)'):\n            try:\n                el_user_name = WebDriverWait(driver, 60).until(EC.element_to_be_clickable(\n                    (By.XPATH, self.SCC.LoginPage.USER_NAME_FIELD)\n                ))\n                el_user_name.click()\n                el_user_name.send_keys(USER_EMAIL)\n    \n                driver.find_element(By.XPATH, self.SCC.LoginPage.CONTINUE_BUTTON).click()\n                el_password = WebDriverWait(driver, 60).until(EC.element_to_be_clickable(\n                    (By.XPATH, self.SCC.LoginPage.PASSWORD_FIELD)\n                ))\n                el_password.click()\n                el_password.send_keys(USER_PASSWORD)\n    \n                driver.find_element(By.XPATH, self.SCC.LoginPage.LOGIN_BUTTON).click()\n                time.sleep(3)\n                el_six_otp_code = WebDriverWait(driver, 60).until(EC.element_to_be_clickable(\n                    (By.XPATH, self.SCC.LoginPage.SIX_OTP_CODE_FIELD)\n                ))\n                el_six_otp_code.click()\n                el_six_otp_code.send_keys(self.otp_auth())\n                time.sleep(10)\n>               WebDriverWait(driver, 10).until(EC.url_matches(self.SCC.HOME_URL))\n\ntests/regression_ui/test_ui_regression.py:84: \n_ _ _ _ _ _ _ _ _ _ _ _ _ _ _ _ _ _ _ _ _ _ _ _ _ _ _ _ _ _ _ _ _ _ _ _ _ _ _ _ \n\nself = <selenium.webdriver.support.wait.WebDriverWait (session=\"ca22d98295e9feecc72fdcc2710aa94d\")>\nmethod = <function url_matches.<locals>._predicate at 0x7fd67c95fd80>\nmessage = ''\n\n    def until(self, method: Callable[[D], Union[Literal[False], T]], message: str = \"\") -> T:\n        \"\"\"Calls the method provided with the driver as an argument until the \\\n        return value does not evaluate to ``False``.\n    \n        :param method: callable(WebDriver)\n        :param message: optional message for :exc:`TimeoutException`\n        :returns: the result of the last call to `method`\n        :raises: :exc:`selenium.common.exceptions.TimeoutException` if timeout occurs\n        \"\"\"\n        screen = None\n        stacktrace = None\n    \n        end_time = time.monotonic() + self._timeout\n        while True:\n            try:\n                value = method(self._driver)\n                if value:\n                    return value\n            except self._ignored_exceptions as exc:\n                screen = getattr(exc, \"screen\", None)\n                stacktrace = getattr(exc, \"stacktrace\", None)\n            if time.monotonic() > end_time:\n                break\n            time.sleep(self._poll)\n>       raise TimeoutException(message, screen, stacktrace)\nE       selenium.common.exceptions.TimeoutException: Message:\n\n/opt/hostedtoolcache/Python/3.12.5/x64/lib/python3.12/site-packages/selenium/webdriver/support/wait.py:105: TimeoutException\n\nDuring handling of the above exception, another exception occurred:\n\nself = <tests.regression_ui.test_ui_regression.TestUIRegression object at 0x7fd67cbaa990>\ndriver = <selenium.webdriver.chrome.webdriver.WebDriver (session=\"ca22d98295e9feecc72fdcc2710aa94d\")>\n\n    @pytest.mark.TC000\n    @pytest.mark.TC008\n    @allure.title('Search functionality')\n    def test_search_board(self, driver):\n        time.sleep(5)\n        with allure.step('Log in to Trello account'):\n>           self.test_login(driver)\n\ntests/regression_ui/test_ui_regression.py:247: \n_ _ _ _ _ _ _ _ _ _ _ _ _ _ _ _ _ _ _ _ _ _ _ _ _ _ _ _ _ _ _ _ _ _ _ _ _ _ _ _ \ntests/regression_ui/test_ui_regression.py:88: in test_login\n    log.info(\"An error occurred: \", str(e))\n/opt/hostedtoolcache/Python/3.12.5/x64/lib/python3.12/logging/__init__.py:2216: in info\n    root.info(msg, *args, **kwargs)\n/opt/hostedtoolcache/Python/3.12.5/x64/lib/python3.12/logging/__init__.py:1539: in info\n    self._log(INFO, msg, args, **kwargs)\n/opt/hostedtoolcache/Python/3.12.5/x64/lib/python3.12/logging/__init__.py:1684: in _log\n    self.handle(record)\n/opt/hostedtoolcache/Python/3.12.5/x64/lib/python3.12/logging/__init__.py:1700: in handle\n    self.callHandlers(record)\n/opt/hostedtoolcache/Python/3.12.5/x64/lib/python3.12/logging/__init__.py:1762: in callHandlers\n    hdlr.handle(record)\n/opt/hostedtoolcache/Python/3.12.5/x64/lib/python3.12/logging/__init__.py:1028: in handle\n    self.emit(record)\n/opt/hostedtoolcache/Python/3.12.5/x64/lib/python3.12/site-packages/_pytest/logging.py:386: in emit\n    super().emit(record)\n/opt/hostedtoolcache/Python/3.12.5/x64/lib/python3.12/logging/__init__.py:1168: in emit\n    self.handleError(record)\n/opt/hostedtoolcache/Python/3.12.5/x64/lib/python3.12/logging/__init__.py:1160: in emit\n    msg = self.format(record)\n/opt/hostedtoolcache/Python/3.12.5/x64/lib/python3.12/logging/__init__.py:999: in format\n    return fmt.format(record)\n/opt/hostedtoolcache/Python/3.12.5/x64/lib/python3.12/site-packages/_pytest/logging.py:139: in format\n    return super().format(record)\n/opt/hostedtoolcache/Python/3.12.5/x64/lib/python3.12/logging/__init__.py:703: in format\n    record.message = record.getMessage()\n_ _ _ _ _ _ _ _ _ _ _ _ _ _ _ _ _ _ _ _ _ _ _ _ _ _ _ _ _ _ _ _ _ _ _ _ _ _ _ _ \n\nself = <LogRecord: root, 20, /home/runner/work/pythonSelenium/pythonSelenium/tests/regression_ui/test_ui_regression.py, 88, \"An error occurred: \">\n\n    def getMessage(self):\n        \"\"\"\n        Return the message for this LogRecord.\n    \n        Return the message for this LogRecord after merging any user-supplied\n        arguments with the message.\n        \"\"\"\n        msg = str(self.msg)\n        if self.args:\n>           msg = msg % self.args\nE           TypeError: not all arguments converted during string formatting\n\n/opt/hostedtoolcache/Python/3.12.5/x64/lib/python3.12/logging/__init__.py:392: TypeError","steps":[{"name":"Log in to Trello account","time":{"start":1736792618441,"stop":1736792646021,"duration":27580},"status":"broken","statusMessage":"TypeError: not all arguments converted during string formatting\n","statusTrace":"  File \"/home/runner/work/pythonSelenium/pythonSelenium/tests/regression_ui/test_ui_regression.py\", line 247, in test_search_board\n    self.test_login(driver)\n  File \"/home/runner/work/pythonSelenium/pythonSelenium/tests/regression_ui/test_ui_regression.py\", line 88, in test_login\n    log.info(\"An error occurred: \", str(e))\n  File \"/opt/hostedtoolcache/Python/3.12.5/x64/lib/python3.12/logging/__init__.py\", line 2216, in info\n    root.info(msg, *args, **kwargs)\n  File \"/opt/hostedtoolcache/Python/3.12.5/x64/lib/python3.12/logging/__init__.py\", line 1539, in info\n    self._log(INFO, msg, args, **kwargs)\n  File \"/opt/hostedtoolcache/Python/3.12.5/x64/lib/python3.12/logging/__init__.py\", line 1684, in _log\n    self.handle(record)\n  File \"/opt/hostedtoolcache/Python/3.12.5/x64/lib/python3.12/logging/__init__.py\", line 1700, in handle\n    self.callHandlers(record)\n  File \"/opt/hostedtoolcache/Python/3.12.5/x64/lib/python3.12/logging/__init__.py\", line 1762, in callHandlers\n    hdlr.handle(record)\n  File \"/opt/hostedtoolcache/Python/3.12.5/x64/lib/python3.12/logging/__init__.py\", line 1028, in handle\n    self.emit(record)\n  File \"/opt/hostedtoolcache/Python/3.12.5/x64/lib/python3.12/site-packages/_pytest/logging.py\", line 386, in emit\n    super().emit(record)\n  File \"/opt/hostedtoolcache/Python/3.12.5/x64/lib/python3.12/logging/__init__.py\", line 1168, in emit\n    self.handleError(record)\n  File \"/opt/hostedtoolcache/Python/3.12.5/x64/lib/python3.12/logging/__init__.py\", line 1160, in emit\n    msg = self.format(record)\n          ^^^^^^^^^^^^^^^^^^^\n  File \"/opt/hostedtoolcache/Python/3.12.5/x64/lib/python3.12/logging/__init__.py\", line 999, in format\n    return fmt.format(record)\n           ^^^^^^^^^^^^^^^^^^\n  File \"/opt/hostedtoolcache/Python/3.12.5/x64/lib/python3.12/site-packages/_pytest/logging.py\", line 139, in format\n    return super().format(record)\n           ^^^^^^^^^^^^^^^^^^^^^^\n  File \"/opt/hostedtoolcache/Python/3.12.5/x64/lib/python3.12/logging/__init__.py\", line 703, in format\n    record.message = record.getMessage()\n                     ^^^^^^^^^^^^^^^^^^^\n  File \"/opt/hostedtoolcache/Python/3.12.5/x64/lib/python3.12/logging/__init__.py\", line 392, in getMessage\n    msg = msg % self.args\n          ~~~~^~~~~~~~~~~\n","steps":[{"name":"Navigate to the Trello login page","time":{"start":1736792618441,"stop":1736792621841,"duration":3400},"status":"passed","steps":[],"attachments":[],"parameters":[],"shouldDisplayMessage":false,"stepsCount":0,"attachmentsCount":0,"hasContent":false,"attachmentStep":false},{"name":"Enter valid credentials (email, password, and 6-digits verification code)","time":{"start":1736792621841,"stop":1736792646021,"duration":24180},"status":"broken","statusMessage":"TypeError: not all arguments converted during string formatting\n","statusTrace":"  File \"/home/runner/work/pythonSelenium/pythonSelenium/tests/regression_ui/test_ui_regression.py\", line 88, in test_login\n    log.info(\"An error occurred: \", str(e))\n  File \"/opt/hostedtoolcache/Python/3.12.5/x64/lib/python3.12/logging/__init__.py\", line 2216, in info\n    root.info(msg, *args, **kwargs)\n  File \"/opt/hostedtoolcache/Python/3.12.5/x64/lib/python3.12/logging/__init__.py\", line 1539, in info\n    self._log(INFO, msg, args, **kwargs)\n  File \"/opt/hostedtoolcache/Python/3.12.5/x64/lib/python3.12/logging/__init__.py\", line 1684, in _log\n    self.handle(record)\n  File \"/opt/hostedtoolcache/Python/3.12.5/x64/lib/python3.12/logging/__init__.py\", line 1700, in handle\n    self.callHandlers(record)\n  File \"/opt/hostedtoolcache/Python/3.12.5/x64/lib/python3.12/logging/__init__.py\", line 1762, in callHandlers\n    hdlr.handle(record)\n  File \"/opt/hostedtoolcache/Python/3.12.5/x64/lib/python3.12/logging/__init__.py\", line 1028, in handle\n    self.emit(record)\n  File \"/opt/hostedtoolcache/Python/3.12.5/x64/lib/python3.12/site-packages/_pytest/logging.py\", line 386, in emit\n    super().emit(record)\n  File \"/opt/hostedtoolcache/Python/3.12.5/x64/lib/python3.12/logging/__init__.py\", line 1168, in emit\n    self.handleError(record)\n  File \"/opt/hostedtoolcache/Python/3.12.5/x64/lib/python3.12/logging/__init__.py\", line 1160, in emit\n    msg = self.format(record)\n          ^^^^^^^^^^^^^^^^^^^\n  File \"/opt/hostedtoolcache/Python/3.12.5/x64/lib/python3.12/logging/__init__.py\", line 999, in format\n    return fmt.format(record)\n           ^^^^^^^^^^^^^^^^^^\n  File \"/opt/hostedtoolcache/Python/3.12.5/x64/lib/python3.12/site-packages/_pytest/logging.py\", line 139, in format\n    return super().format(record)\n           ^^^^^^^^^^^^^^^^^^^^^^\n  File \"/opt/hostedtoolcache/Python/3.12.5/x64/lib/python3.12/logging/__init__.py\", line 703, in format\n    record.message = record.getMessage()\n                     ^^^^^^^^^^^^^^^^^^^\n  File \"/opt/hostedtoolcache/Python/3.12.5/x64/lib/python3.12/logging/__init__.py\", line 392, in getMessage\n    msg = msg % self.args\n          ~~~~^~~~~~~~~~~\n","steps":[],"attachments":[],"parameters":[],"shouldDisplayMessage":true,"stepsCount":0,"attachmentsCount":0,"hasContent":true,"attachmentStep":false}],"attachments":[],"parameters":[],"shouldDisplayMessage":false,"stepsCount":2,"attachmentsCount":0,"hasContent":true,"attachmentStep":false}],"attachments":[{"uid":"9c50f2d5e074a4b0","name":"log","source":"9c50f2d5e074a4b0.txt","type":"text/plain","size":63297}],"parameters":[],"shouldDisplayMessage":true,"stepsCount":3,"attachmentsCount":1,"hasContent":true,"attachmentStep":false},"afterStages":[{"name":"driver::0","time":{"start":1736792646150,"stop":1736792646224,"duration":74},"status":"passed","steps":[],"attachments":[],"parameters":[],"shouldDisplayMessage":false,"stepsCount":0,"attachmentsCount":0,"hasContent":false,"attachmentStep":false}],"labels":[{"name":"tag","value":"TC008"},{"name":"tag","value":"TC000"},{"name":"parentSuite","value":"tests.regression_ui"},{"name":"suite","value":"test_ui_regression"},{"name":"subSuite","value":"TestUIRegression"},{"name":"host","value":"fv-az1672-836"},{"name":"thread","value":"3624-MainThread"},{"name":"framework","value":"pytest"},{"name":"language","value":"cpython3"},{"name":"package","value":"tests.regression_ui.test_ui_regression"},{"name":"resultFormat","value":"allure2"}],"parameters":[],"links":[],"hidden":false,"retry":false,"extra":{"severity":"normal","retries":[],"categories":[{"name":"Test defects","matchedStatuses":[],"flaky":false}],"history":{"statistic":{"failed":0,"broken":2,"skipped":0,"passed":68,"unknown":0,"total":70},"items":[{"uid":"ec3ed3c31cda2d53","status":"passed","time":{"start":1736730679933,"stop":1736730705546,"duration":25613}},{"uid":"dbfb0396764d4ced","status":"passed","time":{"start":1736706040967,"stop":1736706066122,"duration":25155}},{"uid":"62b833bf74765b2c","status":"passed","time":{"start":1736644451833,"stop":1736644477454,"duration":25621}},{"uid":"b766b1511488e2c2","status":"passed","time":{"start":1736619643147,"stop":1736619668771,"duration":25624}},{"uid":"e056af2a0bc31ac","status":"passed","time":{"start":1736557641162,"stop":1736557666303,"duration":25141}},{"uid":"973ea5a09ab7bf25","status":"passed","time":{"start":1736533330561,"stop":1736533356407,"duration":25846}},{"uid":"f09c291d95f004d0","status":"passed","time":{"start":1736471328372,"stop":1736471353457,"duration":25085}},{"uid":"d46ee8172ef86654","status":"passed","time":{"start":1736447062580,"stop":1736447087741,"duration":25161}},{"uid":"4f6a05cf48260a41","status":"passed","time":{"start":1736384804116,"stop":1736384829287,"duration":25171}},{"uid":"28f92183dd36428","status":"passed","time":{"start":1736360535855,"stop":1736360561072,"duration":25217}},{"uid":"95f4deb399d454ce","status":"passed","time":{"start":1736298425893,"stop":1736298451005,"duration":25112}},{"uid":"32f2aa810284158f","status":"passed","time":{"start":1736274152991,"stop":1736274178198,"duration":25207}},{"uid":"c331c92a35c7096","status":"passed","time":{"start":1736212040945,"stop":1736212065914,"duration":24969}},{"uid":"33077df81d0f971c","status":"passed","time":{"start":1736187742699,"stop":1736187767552,"duration":24853}},{"uid":"5ad405691547dd0a","status":"passed","time":{"start":1736125786265,"stop":1736125811411,"duration":25146}},{"uid":"d0e7c34736c70988","status":"passed","time":{"start":1736101209507,"stop":1736101234639,"duration":25132}},{"uid":"90f3015515c8d20e","status":"passed","time":{"start":1736039512458,"stop":1736039537628,"duration":25170}},{"uid":"a34692dd50c32581","status":"passed","time":{"start":1736014837576,"stop":1736014862665,"duration":25089}},{"uid":"6e8633c05998ff06","status":"passed","time":{"start":1735952742935,"stop":1735952767874,"duration":24939}},{"uid":"1921ea525fb6cfb9","status":"passed","time":{"start":1735928589567,"stop":1735928614654,"duration":25087}}]},"tags":["TC008","TC000"]},"source":"67149a7ec5c75d02.json","parameterValues":[]}