{"uid":"6a62eb9bbd7ec2d5","name":"Drag and drop card from one list to another","fullName":"tests.regression_ui.test_ui_regression.TestUIRegression#test_drag_n_drop_card","historyId":"58c27d4ea8138de64fd4e105da17ea92","time":{"start":1743196225141,"stop":1743196248267,"duration":23126},"status":"broken","statusMessage":"selenium.common.exceptions.TimeoutException: Message: \nStacktrace:\n#0 0x560cfa540ffa <unknown>\n#1 0x560cf9fff970 <unknown>\n#2 0x560cfa051385 <unknown>\n#3 0x560cfa0515b1 <unknown>\n#4 0x560cfa0a03c4 <unknown>\n#5 0x560cfa0772bd <unknown>\n#6 0x560cfa09d70c <unknown>\n#7 0x560cfa077063 <unknown>\n#8 0x560cfa043328 <unknown>\n#9 0x560cfa044491 <unknown>\n#10 0x560cfa50842b <unknown>\n#11 0x560cfa50c2ec <unknown>\n#12 0x560cfa4efa22 <unknown>\n#13 0x560cfa50ce64 <unknown>\n#14 0x560cfa4d3bef <unknown>\n#15 0x560cfa52f558 <unknown>\n#16 0x560cfa52f736 <unknown>\n#17 0x560cfa53fe76 <unknown>\n#18 0x7f236749caa4 <unknown>\n#19 0x7f2367529c3c <unknown>","statusTrace":"self = <tests.regression_ui.test_ui_regression.TestUIRegression object at 0x7f1c9d8a6510>\ndriver = <selenium.webdriver.chrome.webdriver.WebDriver (session=\"e62c5ede8a32b38072a43647e95663e0\")>\n\n    @pytest.mark.TC000\n    @pytest.mark.TC005\n    @allure.title('Drag and drop card from one list to another')\n    def test_drag_n_drop_card(self, driver):\n        time.sleep(7)\n        with allure.step('Log in to Trello account'):\n            self.test_login(driver)\n        with allure.step('Drag and drop card from one list to another list'):\n>           WebDriverWait(driver, 10).until(EC.element_to_be_clickable((By.XPATH, self.SCC.Board.BOARD_TITLE))).click()\n\ntests/regression_ui/test_ui_regression.py:170: \n_ _ _ _ _ _ _ _ _ _ _ _ _ _ _ _ _ _ _ _ _ _ _ _ _ _ _ _ _ _ _ _ _ _ _ _ _ _ _ _ \n\nself = <selenium.webdriver.support.wait.WebDriverWait (session=\"e62c5ede8a32b38072a43647e95663e0\")>\nmethod = <function element_to_be_clickable.<locals>._predicate at 0x7f1c9d7cf060>\nmessage = ''\n\n    def until(self, method: Callable[[D], Union[Literal[False], T]], message: str = \"\") -> T:\n        \"\"\"Calls the method provided with the driver as an argument until the \\\n        return value does not evaluate to ``False``.\n    \n        :param method: callable(WebDriver)\n        :param message: optional message for :exc:`TimeoutException`\n        :returns: the result of the last call to `method`\n        :raises: :exc:`selenium.common.exceptions.TimeoutException` if timeout occurs\n        \"\"\"\n        screen = None\n        stacktrace = None\n    \n        end_time = time.monotonic() + self._timeout\n        while True:\n            try:\n                value = method(self._driver)\n                if value:\n                    return value\n            except self._ignored_exceptions as exc:\n                screen = getattr(exc, \"screen\", None)\n                stacktrace = getattr(exc, \"stacktrace\", None)\n            if time.monotonic() > end_time:\n                break\n            time.sleep(self._poll)\n>       raise TimeoutException(message, screen, stacktrace)\nE       selenium.common.exceptions.TimeoutException: Message: \nE       Stacktrace:\nE       #0 0x560cfa540ffa <unknown>\nE       #1 0x560cf9fff970 <unknown>\nE       #2 0x560cfa051385 <unknown>\nE       #3 0x560cfa0515b1 <unknown>\nE       #4 0x560cfa0a03c4 <unknown>\nE       #5 0x560cfa0772bd <unknown>\nE       #6 0x560cfa09d70c <unknown>\nE       #7 0x560cfa077063 <unknown>\nE       #8 0x560cfa043328 <unknown>\nE       #9 0x560cfa044491 <unknown>\nE       #10 0x560cfa50842b <unknown>\nE       #11 0x560cfa50c2ec <unknown>\nE       #12 0x560cfa4efa22 <unknown>\nE       #13 0x560cfa50ce64 <unknown>\nE       #14 0x560cfa4d3bef <unknown>\nE       #15 0x560cfa52f558 <unknown>\nE       #16 0x560cfa52f736 <unknown>\nE       #17 0x560cfa53fe76 <unknown>\nE       #18 0x7f236749caa4 <unknown>\nE       #19 0x7f2367529c3c <unknown>\n\n/opt/hostedtoolcache/Python/3.12.5/x64/lib/python3.12/site-packages/selenium/webdriver/support/wait.py:105: TimeoutException","flaky":false,"newFailed":false,"newBroken":false,"newPassed":false,"retriesCount":0,"retriesStatusChange":false,"beforeStages":[{"name":"driver","time":{"start":1743196224834,"stop":1743196225140,"duration":306},"status":"passed","steps":[],"attachments":[],"parameters":[],"shouldDisplayMessage":false,"stepsCount":0,"attachmentsCount":0,"hasContent":false,"attachmentStep":false},{"name":"setup","time":{"start":1743196225140,"stop":1743196225140,"duration":0},"status":"passed","steps":[],"attachments":[],"parameters":[],"shouldDisplayMessage":false,"stepsCount":0,"attachmentsCount":0,"hasContent":false,"attachmentStep":false}],"testStage":{"status":"broken","statusMessage":"selenium.common.exceptions.TimeoutException: Message: \nStacktrace:\n#0 0x560cfa540ffa <unknown>\n#1 0x560cf9fff970 <unknown>\n#2 0x560cfa051385 <unknown>\n#3 0x560cfa0515b1 <unknown>\n#4 0x560cfa0a03c4 <unknown>\n#5 0x560cfa0772bd <unknown>\n#6 0x560cfa09d70c <unknown>\n#7 0x560cfa077063 <unknown>\n#8 0x560cfa043328 <unknown>\n#9 0x560cfa044491 <unknown>\n#10 0x560cfa50842b <unknown>\n#11 0x560cfa50c2ec <unknown>\n#12 0x560cfa4efa22 <unknown>\n#13 0x560cfa50ce64 <unknown>\n#14 0x560cfa4d3bef <unknown>\n#15 0x560cfa52f558 <unknown>\n#16 0x560cfa52f736 <unknown>\n#17 0x560cfa53fe76 <unknown>\n#18 0x7f236749caa4 <unknown>\n#19 0x7f2367529c3c <unknown>","statusTrace":"self = <tests.regression_ui.test_ui_regression.TestUIRegression object at 0x7f1c9d8a6510>\ndriver = <selenium.webdriver.chrome.webdriver.WebDriver (session=\"e62c5ede8a32b38072a43647e95663e0\")>\n\n    @pytest.mark.TC000\n    @pytest.mark.TC005\n    @allure.title('Drag and drop card from one list to another')\n    def test_drag_n_drop_card(self, driver):\n        time.sleep(7)\n        with allure.step('Log in to Trello account'):\n            self.test_login(driver)\n        with allure.step('Drag and drop card from one list to another list'):\n>           WebDriverWait(driver, 10).until(EC.element_to_be_clickable((By.XPATH, self.SCC.Board.BOARD_TITLE))).click()\n\ntests/regression_ui/test_ui_regression.py:170: \n_ _ _ _ _ _ _ _ _ _ _ _ _ _ _ _ _ _ _ _ _ _ _ _ _ _ _ _ _ _ _ _ _ _ _ _ _ _ _ _ \n\nself = <selenium.webdriver.support.wait.WebDriverWait (session=\"e62c5ede8a32b38072a43647e95663e0\")>\nmethod = <function element_to_be_clickable.<locals>._predicate at 0x7f1c9d7cf060>\nmessage = ''\n\n    def until(self, method: Callable[[D], Union[Literal[False], T]], message: str = \"\") -> T:\n        \"\"\"Calls the method provided with the driver as an argument until the \\\n        return value does not evaluate to ``False``.\n    \n        :param method: callable(WebDriver)\n        :param message: optional message for :exc:`TimeoutException`\n        :returns: the result of the last call to `method`\n        :raises: :exc:`selenium.common.exceptions.TimeoutException` if timeout occurs\n        \"\"\"\n        screen = None\n        stacktrace = None\n    \n        end_time = time.monotonic() + self._timeout\n        while True:\n            try:\n                value = method(self._driver)\n                if value:\n                    return value\n            except self._ignored_exceptions as exc:\n                screen = getattr(exc, \"screen\", None)\n                stacktrace = getattr(exc, \"stacktrace\", None)\n            if time.monotonic() > end_time:\n                break\n            time.sleep(self._poll)\n>       raise TimeoutException(message, screen, stacktrace)\nE       selenium.common.exceptions.TimeoutException: Message: \nE       Stacktrace:\nE       #0 0x560cfa540ffa <unknown>\nE       #1 0x560cf9fff970 <unknown>\nE       #2 0x560cfa051385 <unknown>\nE       #3 0x560cfa0515b1 <unknown>\nE       #4 0x560cfa0a03c4 <unknown>\nE       #5 0x560cfa0772bd <unknown>\nE       #6 0x560cfa09d70c <unknown>\nE       #7 0x560cfa077063 <unknown>\nE       #8 0x560cfa043328 <unknown>\nE       #9 0x560cfa044491 <unknown>\nE       #10 0x560cfa50842b <unknown>\nE       #11 0x560cfa50c2ec <unknown>\nE       #12 0x560cfa4efa22 <unknown>\nE       #13 0x560cfa50ce64 <unknown>\nE       #14 0x560cfa4d3bef <unknown>\nE       #15 0x560cfa52f558 <unknown>\nE       #16 0x560cfa52f736 <unknown>\nE       #17 0x560cfa53fe76 <unknown>\nE       #18 0x7f236749caa4 <unknown>\nE       #19 0x7f2367529c3c <unknown>\n\n/opt/hostedtoolcache/Python/3.12.5/x64/lib/python3.12/site-packages/selenium/webdriver/support/wait.py:105: TimeoutException","steps":[{"name":"Log in to Trello account","time":{"start":1743196232141,"stop":1743196238013,"duration":5872},"status":"passed","steps":[{"name":"Navigate to the Trello page and enter valid credentials (email, password, and 6-digits verification code)","time":{"start":1743196232141,"stop":1743196238013,"duration":5872},"status":"passed","steps":[],"attachments":[],"parameters":[],"shouldDisplayMessage":false,"stepsCount":0,"attachmentsCount":0,"hasContent":false,"attachmentStep":false}],"attachments":[],"parameters":[],"shouldDisplayMessage":false,"stepsCount":1,"attachmentsCount":0,"hasContent":true,"attachmentStep":false},{"name":"Drag and drop card from one list to another list","time":{"start":1743196238013,"stop":1743196248266,"duration":10253},"status":"broken","statusMessage":"selenium.common.exceptions.TimeoutException: Message: \nStacktrace:\n#0 0x560cfa540ffa <unknown>\n#1 0x560cf9fff970 <unknown>\n#2 0x560cfa051385 <unknown>\n#3 0x560cfa0515b1 <unknown>\n#4 0x560cfa0a03c4 <unknown>\n#5 0x560cfa0772bd <unknown>\n#6 0x560cfa09d70c <unknown>\n#7 0x560cfa077063 <unknown>\n#8 0x560cfa043328 <unknown>\n#9 0x560cfa044491 <unknown>\n#10 0x560cfa50842b <unknown>\n#11 0x560cfa50c2ec <unknown>\n#12 0x560cfa4efa22 <unknown>\n#13 0x560cfa50ce64 <unknown>\n#14 0x560cfa4d3bef <unknown>\n#15 0x560cfa52f558 <unknown>\n#16 0x560cfa52f736 <unknown>\n#17 0x560cfa53fe76 <unknown>\n#18 0x7f236749caa4 <unknown>\n#19 0x7f2367529c3c <unknown>\n\n","statusTrace":"  File \"/home/runner/work/pythonSelenium/pythonSelenium/tests/regression_ui/test_ui_regression.py\", line 170, in test_drag_n_drop_card\n    WebDriverWait(driver, 10).until(EC.element_to_be_clickable((By.XPATH, self.SCC.Board.BOARD_TITLE))).click()\n    ^^^^^^^^^^^^^^^^^^^^^^^^^^^^^^^^^^^^^^^^^^^^^^^^^^^^^^^^^^^^^^^^^^^^^^^^^^^^^^^^^^^^^^^^^^^^^^^^^^^\n  File \"/opt/hostedtoolcache/Python/3.12.5/x64/lib/python3.12/site-packages/selenium/webdriver/support/wait.py\", line 105, in until\n    raise TimeoutException(message, screen, stacktrace)\n","steps":[],"attachments":[],"parameters":[],"shouldDisplayMessage":true,"stepsCount":0,"attachmentsCount":0,"hasContent":true,"attachmentStep":false}],"attachments":[],"parameters":[],"shouldDisplayMessage":true,"stepsCount":3,"attachmentsCount":0,"hasContent":true,"attachmentStep":false},"afterStages":[{"name":"driver::0","time":{"start":1743196248277,"stop":1743196248344,"duration":67},"status":"passed","steps":[],"attachments":[],"parameters":[],"shouldDisplayMessage":false,"stepsCount":0,"attachmentsCount":0,"hasContent":false,"attachmentStep":false}],"labels":[{"name":"tag","value":"TC005"},{"name":"tag","value":"TC000"},{"name":"parentSuite","value":"tests.regression_ui"},{"name":"suite","value":"test_ui_regression"},{"name":"subSuite","value":"TestUIRegression"},{"name":"host","value":"fv-az1326-829"},{"name":"thread","value":"3314-MainThread"},{"name":"framework","value":"pytest"},{"name":"language","value":"cpython3"},{"name":"package","value":"tests.regression_ui.test_ui_regression"},{"name":"resultFormat","value":"allure2"}],"parameters":[],"links":[],"hidden":false,"retry":false,"extra":{"severity":"normal","retries":[],"categories":[{"name":"Test defects","matchedStatuses":[]}],"history":{"statistic":{"failed":6,"broken":50,"skipped":0,"passed":565,"unknown":0,"total":621},"items":[{"uid":"a2580cf16f98ecef","status":"broken","statusDetails":"selenium.common.exceptions.TimeoutException: Message: \nStacktrace:\n#0 0x563860d16ffa <unknown>\n#1 0x5638607d5970 <unknown>\n#2 0x563860827385 <unknown>\n#3 0x5638608275b1 <unknown>\n#4 0x5638608763c4 <unknown>\n#5 0x56386084d2bd <unknown>\n#6 0x56386087370c <unknown>\n#7 0x56386084d063 <unknown>\n#8 0x563860819328 <unknown>\n#9 0x56386081a491 <unknown>\n#10 0x563860cde42b <unknown>\n#11 0x563860ce22ec <unknown>\n#12 0x563860cc5a22 <unknown>\n#13 0x563860ce2e64 <unknown>\n#14 0x563860ca9bef <unknown>\n#15 0x563860d05558 <unknown>\n#16 0x563860d05736 <unknown>\n#17 0x563860d15e76 <unknown>\n#18 0x7f377109caa4 <unknown>\n#19 0x7f3771129c3c <unknown>","time":{"start":1743185721954,"stop":1743185745082,"duration":23128}},{"uid":"ffd6c1113a76a2a7","status":"broken","statusDetails":"selenium.common.exceptions.TimeoutException: Message: \nStacktrace:\n#0 0x560b2c13fffa <unknown>\n#1 0x560b2bbfe970 <unknown>\n#2 0x560b2bc50385 <unknown>\n#3 0x560b2bc505b1 <unknown>\n#4 0x560b2bc9f3c4 <unknown>\n#5 0x560b2bc762bd <unknown>\n#6 0x560b2bc9c70c <unknown>\n#7 0x560b2bc76063 <unknown>\n#8 0x560b2bc42328 <unknown>\n#9 0x560b2bc43491 <unknown>\n#10 0x560b2c10742b <unknown>\n#11 0x560b2c10b2ec <unknown>\n#12 0x560b2c0eea22 <unknown>\n#13 0x560b2c10be64 <unknown>\n#14 0x560b2c0d2bef <unknown>\n#15 0x560b2c12e558 <unknown>\n#16 0x560b2c12e736 <unknown>\n#17 0x560b2c13ee76 <unknown>\n#18 0x7f521f09caa4 <unknown>\n#19 0x7f521f129c3c <unknown>","time":{"start":1743174711407,"stop":1743174735171,"duration":23764}},{"uid":"270785de9e09fc8a","status":"broken","statusDetails":"selenium.common.exceptions.NoSuchElementException: Message: no such element: Unable to locate element: {\"method\":\"xpath\",\"selector\":\"//*[contains(text(), 'new_card')]\"}\n  (Session info: chrome=134.0.6998.165); For documentation on this error, please visit: https://www.selenium.dev/documentation/webdriver/troubleshooting/errors#no-such-element-exception\nStacktrace:\n#0 0x55a14ec65a1a <unknown>\n#1 0x55a14e71d390 <unknown>\n#2 0x55a14e76ec85 <unknown>\n#3 0x55a14e76eeb1 <unknown>\n#4 0x55a14e7bdd64 <unknown>\n#5 0x55a14e794bfd <unknown>\n#6 0x55a14e7bb07b <unknown>\n#7 0x55a14e7949a3 <unknown>\n#8 0x55a14e76060e <unknown>\n#9 0x55a14e761dd1 <unknown>\n#10 0x55a14ec2bddb <unknown>\n#11 0x55a14ec2fcbc <unknown>\n#12 0x55a14ec13392 <unknown>\n#13 0x55a14ec30834 <unknown>\n#14 0x55a14ebf71ef <unknown>\n#15 0x55a14ec54038 <unknown>\n#16 0x55a14ec54216 <unknown>\n#17 0x55a14ec64896 <unknown>\n#18 0x7feee149caa4 <unknown>\n#19 0x7feee1529c3c <unknown>","time":{"start":1743164294031,"stop":1743164311339,"duration":17308}},{"uid":"80b0b487e74372f9","status":"broken","statusDetails":"selenium.common.exceptions.TimeoutException: Message: \nStacktrace:\n#0 0x562063a63ffa <unknown>\n#1 0x562063522970 <unknown>\n#2 0x562063574385 <unknown>\n#3 0x5620635745b1 <unknown>\n#4 0x5620635c33c4 <unknown>\n#5 0x56206359a2bd <unknown>\n#6 0x5620635c070c <unknown>\n#7 0x56206359a063 <unknown>\n#8 0x562063566328 <unknown>\n#9 0x562063567491 <unknown>\n#10 0x562063a2b42b <unknown>\n#11 0x562063a2f2ec <unknown>\n#12 0x562063a12a22 <unknown>\n#13 0x562063a2fe64 <unknown>\n#14 0x5620639f6bef <unknown>\n#15 0x562063a52558 <unknown>\n#16 0x562063a52736 <unknown>\n#17 0x562063a62e76 <unknown>\n#18 0x7f2ccd89caa4 <unknown>\n#19 0x7f2ccd929c3c <unknown>","time":{"start":1743153208896,"stop":1743153232071,"duration":23175}},{"uid":"9395d6f9f5c765c9","status":"broken","statusDetails":"selenium.common.exceptions.TimeoutException: Message: \nStacktrace:\n#0 0x563703947ffa <unknown>\n#1 0x563703406970 <unknown>\n#2 0x563703458385 <unknown>\n#3 0x5637034585b1 <unknown>\n#4 0x5637034a73c4 <unknown>\n#5 0x56370347e2bd <unknown>\n#6 0x5637034a470c <unknown>\n#7 0x56370347e063 <unknown>\n#8 0x56370344a328 <unknown>\n#9 0x56370344b491 <unknown>\n#10 0x56370390f42b <unknown>\n#11 0x5637039132ec <unknown>\n#12 0x5637038f6a22 <unknown>\n#13 0x563703913e64 <unknown>\n#14 0x5637038dabef <unknown>\n#15 0x563703936558 <unknown>\n#16 0x563703936736 <unknown>\n#17 0x563703946e76 <unknown>\n#18 0x7f50a429caa4 <unknown>\n#19 0x7f50a4329c3c <unknown>","time":{"start":1743142550010,"stop":1743142574085,"duration":24075}},{"uid":"5ca822fda19d014a","status":"broken","statusDetails":"selenium.common.exceptions.NoSuchElementException: Message: no such element: Unable to locate element: {\"method\":\"xpath\",\"selector\":\"//*[contains(text(), 'new_card')]\"}\n  (Session info: chrome=134.0.6998.165); For documentation on this error, please visit: https://www.selenium.dev/documentation/webdriver/troubleshooting/errors#no-such-element-exception\nStacktrace:\n#0 0x55e618af3ffa <unknown>\n#1 0x55e6185b2970 <unknown>\n#2 0x55e618604385 <unknown>\n#3 0x55e6186045b1 <unknown>\n#4 0x55e6186533c4 <unknown>\n#5 0x55e61862a2bd <unknown>\n#6 0x55e61865070c <unknown>\n#7 0x55e61862a063 <unknown>\n#8 0x55e6185f6328 <unknown>\n#9 0x55e6185f7491 <unknown>\n#10 0x55e618abb42b <unknown>\n#11 0x55e618abf2ec <unknown>\n#12 0x55e618aa2a22 <unknown>\n#13 0x55e618abfe64 <unknown>\n#14 0x55e618a86bef <unknown>\n#15 0x55e618ae2558 <unknown>\n#16 0x55e618ae2736 <unknown>\n#17 0x55e618af2e76 <unknown>\n#18 0x7fac42c9caa4 <unknown>\n#19 0x7fac42d29c3c <unknown>","time":{"start":1743132435116,"stop":1743132452403,"duration":17287}},{"uid":"6490c171dd3bb804","status":"broken","statusDetails":"selenium.common.exceptions.TimeoutException: Message: \nStacktrace:\n#0 0x55fbcd7d1a1a <unknown>\n#1 0x55fbcd289390 <unknown>\n#2 0x55fbcd2dac85 <unknown>\n#3 0x55fbcd2daeb1 <unknown>\n#4 0x55fbcd329d64 <unknown>\n#5 0x55fbcd300bfd <unknown>\n#6 0x55fbcd32707b <unknown>\n#7 0x55fbcd3009a3 <unknown>\n#8 0x55fbcd2cc60e <unknown>\n#9 0x55fbcd2cddd1 <unknown>\n#10 0x55fbcd797ddb <unknown>\n#11 0x55fbcd79bcbc <unknown>\n#12 0x55fbcd77f392 <unknown>\n#13 0x55fbcd79c834 <unknown>\n#14 0x55fbcd7631ef <unknown>\n#15 0x55fbcd7c0038 <unknown>\n#16 0x55fbcd7c0216 <unknown>\n#17 0x55fbcd7d0896 <unknown>\n#18 0x7ff45869caa4 <unknown>\n#19 0x7ff458729c3c <unknown>","time":{"start":1743122693697,"stop":1743122716934,"duration":23237}},{"uid":"97c26bf8eaa026e3","status":"broken","statusDetails":"selenium.common.exceptions.TimeoutException: Message: \nStacktrace:\n#0 0x56057b9cea1a <unknown>\n#1 0x56057b486390 <unknown>\n#2 0x56057b4d7c85 <unknown>\n#3 0x56057b4d7eb1 <unknown>\n#4 0x56057b526d64 <unknown>\n#5 0x56057b4fdbfd <unknown>\n#6 0x56057b52407b <unknown>\n#7 0x56057b4fd9a3 <unknown>\n#8 0x56057b4c960e <unknown>\n#9 0x56057b4cadd1 <unknown>\n#10 0x56057b994ddb <unknown>\n#11 0x56057b998cbc <unknown>\n#12 0x56057b97c392 <unknown>\n#13 0x56057b999834 <unknown>\n#14 0x56057b9601ef <unknown>\n#15 0x56057b9bd038 <unknown>\n#16 0x56057b9bd216 <unknown>\n#17 0x56057b9cd896 <unknown>\n#18 0x7f00ed89caa4 <unknown>\n#19 0x7f00ed929c3c <unknown>","time":{"start":1743109862485,"stop":1743109886297,"duration":23812}},{"uid":"a7ee48dcda83c75c","status":"broken","statusDetails":"selenium.common.exceptions.TimeoutException: Message: \nStacktrace:\n#0 0x55ffd01b4ffa <unknown>\n#1 0x55ffcfc73970 <unknown>\n#2 0x55ffcfcc5385 <unknown>\n#3 0x55ffcfcc55b1 <unknown>\n#4 0x55ffcfd143c4 <unknown>\n#5 0x55ffcfceb2bd <unknown>\n#6 0x55ffcfd1170c <unknown>\n#7 0x55ffcfceb063 <unknown>\n#8 0x55ffcfcb7328 <unknown>\n#9 0x55ffcfcb8491 <unknown>\n#10 0x55ffd017c42b <unknown>\n#11 0x55ffd01802ec <unknown>\n#12 0x55ffd0163a22 <unknown>\n#13 0x55ffd0180e64 <unknown>\n#14 0x55ffd0147bef <unknown>\n#15 0x55ffd01a3558 <unknown>\n#16 0x55ffd01a3736 <unknown>\n#17 0x55ffd01b3e76 <unknown>\n#18 0x7fc0e2c9caa4 <unknown>\n#19 0x7fc0e2d29c3c <unknown>","time":{"start":1743099299461,"stop":1743099323323,"duration":23862}},{"uid":"9b990dcd0aeab9d1","status":"passed","time":{"start":1743088285176,"stop":1743088303116,"duration":17940}},{"uid":"701178a764b1b4f3","status":"broken","statusDetails":"selenium.common.exceptions.TimeoutException: Message: \nStacktrace:\n#0 0x555cb3d10a1a <unknown>\n#1 0x555cb37c8390 <unknown>\n#2 0x555cb3819c85 <unknown>\n#3 0x555cb3819eb1 <unknown>\n#4 0x555cb3868d64 <unknown>\n#5 0x555cb383fbfd <unknown>\n#6 0x555cb386607b <unknown>\n#7 0x555cb383f9a3 <unknown>\n#8 0x555cb380b60e <unknown>\n#9 0x555cb380cdd1 <unknown>\n#10 0x555cb3cd6ddb <unknown>\n#11 0x555cb3cdacbc <unknown>\n#12 0x555cb3cbe392 <unknown>\n#13 0x555cb3cdb834 <unknown>\n#14 0x555cb3ca21ef <unknown>\n#15 0x555cb3cff038 <unknown>\n#16 0x555cb3cff216 <unknown>\n#17 0x555cb3d0f896 <unknown>\n#18 0x7f59e249caa4 <unknown>\n#19 0x7f59e2529c3c <unknown>","time":{"start":1743078027541,"stop":1743078052005,"duration":24464}},{"uid":"70257f53b887a5a3","status":"passed","time":{"start":1743066685365,"stop":1743066703233,"duration":17868}},{"uid":"4d6a9c889413017d","status":"passed","time":{"start":1743056092952,"stop":1743056111276,"duration":18324}},{"uid":"83222188061887d6","status":"broken","statusDetails":"selenium.common.exceptions.TimeoutException: Message: \nStacktrace:\n#0 0x55ce7b1c1a1a <unknown>\n#1 0x55ce7ac79390 <unknown>\n#2 0x55ce7accac85 <unknown>\n#3 0x55ce7accaeb1 <unknown>\n#4 0x55ce7ad19d64 <unknown>\n#5 0x55ce7acf0bfd <unknown>\n#6 0x55ce7ad1707b <unknown>\n#7 0x55ce7acf09a3 <unknown>\n#8 0x55ce7acbc60e <unknown>\n#9 0x55ce7acbddd1 <unknown>\n#10 0x55ce7b187ddb <unknown>\n#11 0x55ce7b18bcbc <unknown>\n#12 0x55ce7b16f392 <unknown>\n#13 0x55ce7b18c834 <unknown>\n#14 0x55ce7b1531ef <unknown>\n#15 0x55ce7b1b0038 <unknown>\n#16 0x55ce7b1b0216 <unknown>\n#17 0x55ce7b1c0896 <unknown>\n#18 0x7f4757c9caa4 <unknown>\n#19 0x7f4757d29c3c <unknown>","time":{"start":1743046010164,"stop":1743046033285,"duration":23121}},{"uid":"91c0849c77befd97","status":"broken","statusDetails":"selenium.common.exceptions.NoSuchElementException: Message: no such element: Unable to locate element: {\"method\":\"xpath\",\"selector\":\"//*[contains(text(), 'new_card')]\"}\n  (Session info: chrome=134.0.6998.165); For documentation on this error, please visit: https://www.selenium.dev/documentation/webdriver/troubleshooting/errors#no-such-element-exception\nStacktrace:\n#0 0x55a2f93b1a1a <unknown>\n#1 0x55a2f8e69390 <unknown>\n#2 0x55a2f8ebac85 <unknown>\n#3 0x55a2f8ebaeb1 <unknown>\n#4 0x55a2f8f09d64 <unknown>\n#5 0x55a2f8ee0bfd <unknown>\n#6 0x55a2f8f0707b <unknown>\n#7 0x55a2f8ee09a3 <unknown>\n#8 0x55a2f8eac60e <unknown>\n#9 0x55a2f8eaddd1 <unknown>\n#10 0x55a2f9377ddb <unknown>\n#11 0x55a2f937bcbc <unknown>\n#12 0x55a2f935f392 <unknown>\n#13 0x55a2f937c834 <unknown>\n#14 0x55a2f93431ef <unknown>\n#15 0x55a2f93a0038 <unknown>\n#16 0x55a2f93a0216 <unknown>\n#17 0x55a2f93b0896 <unknown>\n#18 0x7f502969caa4 <unknown>\n#19 0x7f5029729c3c <unknown>","time":{"start":1743036285192,"stop":1743036303013,"duration":17821}},{"uid":"890ef11cebcd8aee","status":"broken","statusDetails":"selenium.common.exceptions.NoSuchElementException: Message: no such element: Unable to locate element: {\"method\":\"xpath\",\"selector\":\"//*[contains(text(), 'new_card')]\"}\n  (Session info: chrome=134.0.6998.165); For documentation on this error, please visit: https://www.selenium.dev/documentation/webdriver/troubleshooting/errors#no-such-element-exception\nStacktrace:\n#0 0x55f037e72ffa <unknown>\n#1 0x55f037931970 <unknown>\n#2 0x55f037983385 <unknown>\n#3 0x55f0379835b1 <unknown>\n#4 0x55f0379d23c4 <unknown>\n#5 0x55f0379a92bd <unknown>\n#6 0x55f0379cf70c <unknown>\n#7 0x55f0379a9063 <unknown>\n#8 0x55f037975328 <unknown>\n#9 0x55f037976491 <unknown>\n#10 0x55f037e3a42b <unknown>\n#11 0x55f037e3e2ec <unknown>\n#12 0x55f037e21a22 <unknown>\n#13 0x55f037e3ee64 <unknown>\n#14 0x55f037e05bef <unknown>\n#15 0x55f037e61558 <unknown>\n#16 0x55f037e61736 <unknown>\n#17 0x55f037e71e76 <unknown>\n#18 0x7f8bb629caa4 <unknown>\n#19 0x7f8bb6329c3c <unknown>","time":{"start":1743023410398,"stop":1743023427615,"duration":17217}},{"uid":"89b59bc1eeb98703","status":"broken","statusDetails":"selenium.common.exceptions.TimeoutException: Message: \nStacktrace:\n#0 0x56214ecc2a1a <unknown>\n#1 0x56214e77a390 <unknown>\n#2 0x56214e7cbc85 <unknown>\n#3 0x56214e7cbeb1 <unknown>\n#4 0x56214e81ad64 <unknown>\n#5 0x56214e7f1bfd <unknown>\n#6 0x56214e81807b <unknown>\n#7 0x56214e7f19a3 <unknown>\n#8 0x56214e7bd60e <unknown>\n#9 0x56214e7bedd1 <unknown>\n#10 0x56214ec88ddb <unknown>\n#11 0x56214ec8ccbc <unknown>\n#12 0x56214ec70392 <unknown>\n#13 0x56214ec8d834 <unknown>\n#14 0x56214ec541ef <unknown>\n#15 0x56214ecb1038 <unknown>\n#16 0x56214ecb1216 <unknown>\n#17 0x56214ecc1896 <unknown>\n#18 0x7feab0e9caa4 <unknown>\n#19 0x7feab0f29c3c <unknown>","time":{"start":1743012926440,"stop":1743012949875,"duration":23435}},{"uid":"32636b264ed0d50f","status":"broken","statusDetails":"selenium.common.exceptions.TimeoutException: Message: \nStacktrace:\n#0 0x5583223c5a1a <unknown>\n#1 0x558321e7d390 <unknown>\n#2 0x558321ecec85 <unknown>\n#3 0x558321eceeb1 <unknown>\n#4 0x558321f1dd64 <unknown>\n#5 0x558321ef4bfd <unknown>\n#6 0x558321f1b07b <unknown>\n#7 0x558321ef49a3 <unknown>\n#8 0x558321ec060e <unknown>\n#9 0x558321ec1dd1 <unknown>\n#10 0x55832238bddb <unknown>\n#11 0x55832238fcbc <unknown>\n#12 0x558322373392 <unknown>\n#13 0x558322390834 <unknown>\n#14 0x5583223571ef <unknown>\n#15 0x5583223b4038 <unknown>\n#16 0x5583223b4216 <unknown>\n#17 0x5583223c4896 <unknown>\n#18 0x7fd7c569caa4 <unknown>\n#19 0x7fd7c5729c3c <unknown>","time":{"start":1743001946128,"stop":1743001969553,"duration":23425}},{"uid":"e839ec4e2a22b6f5","status":"passed","time":{"start":1742991584819,"stop":1742991602871,"duration":18052}},{"uid":"e0206da9554e0589","status":"broken","statusDetails":"selenium.common.exceptions.TimeoutException: Message: \nStacktrace:\n#0 0x56427be6aa1a <unknown>\n#1 0x56427b922390 <unknown>\n#2 0x56427b973c85 <unknown>\n#3 0x56427b973eb1 <unknown>\n#4 0x56427b9c2d64 <unknown>\n#5 0x56427b999bfd <unknown>\n#6 0x56427b9c007b <unknown>\n#7 0x56427b9999a3 <unknown>\n#8 0x56427b96560e <unknown>\n#9 0x56427b966dd1 <unknown>\n#10 0x56427be30ddb <unknown>\n#11 0x56427be34cbc <unknown>\n#12 0x56427be18392 <unknown>\n#13 0x56427be35834 <unknown>\n#14 0x56427bdfc1ef <unknown>\n#15 0x56427be59038 <unknown>\n#16 0x56427be59216 <unknown>\n#17 0x56427be69896 <unknown>\n#18 0x7f9cbe29caa4 <unknown>\n#19 0x7f9cbe329c3c <unknown>","time":{"start":1742980307487,"stop":1742980331185,"duration":23698}}]},"tags":["TC005","TC000"]},"source":"6a62eb9bbd7ec2d5.json","parameterValues":[]}