{"uid":"6f95edfc02b05ec7","name":"Archive a card","fullName":"tests.regression_ui.test_ui_regression.TestUIRegression#test_archive_card","historyId":"4151bed777d70c35651f4626d00b86b5","time":{"start":1738844349630,"stop":1738844389783,"duration":40153},"status":"failed","statusMessage":"AssertionError: assert 1 == 0","statusTrace":"self = <tests.regression_ui.test_ui_regression.TestUIRegression object at 0x7f2be5266570>\ndriver = <selenium.webdriver.chrome.webdriver.WebDriver (session=\"e7b3f06e0b5c030a185af1713e8f3d87\")>\n\n    @pytest.mark.TC000\n    @pytest.mark.TC006\n    @allure.title('Archive a card')\n    def test_archive_card(self, driver):\n        time.sleep(5)\n        with allure.step('Log in to Trello account'):\n            self.test_login(driver)\n    \n        with allure.step('Open a board and select a card'):\n            try:\n                WebDriverWait(driver, 30).until(EC.element_to_be_clickable((By.XPATH, self.SCC.Board.BOARD_TITLE))).click()\n                WebDriverWait(driver, 10).until(EC.visibility_of_element_located((By.XPATH, self.SCC.Board.LIST_TITLE))).click()\n                driver.find_element(By.XPATH, self.SCC.List.ADD_A_CARD_BUTTON).click()\n                driver.find_element(By.XPATH, self.SCC.List.CARD_NAME_FIELD).click()\n                time.sleep(1)\n                driver.find_element(By.XPATH, self.SCC.List.CARD_NAME_FIELD).send_keys('new_card')\n                driver.find_element(By.XPATH, self.SCC.List.ADD_CARD_SUBMIT_BUTTOMN).click()\n                time.sleep(2)\n            except Exception as e:\n                log.info(\"An error occurred: \", str(e))\n    \n        with allure.step('Click the card to open and archive it'):\n            driver.find_element(By.XPATH, self.SCC.List.CARD_TO_ARCHIVE).click()\n            WebDriverWait(driver, 10).until(EC.element_to_be_clickable((By.XPATH, self.SCC.List.ARCHIVE_BUTTON))).click()\n            WebDriverWait(driver, 10).until(EC.element_to_be_clickable((By.XPATH, self.SCC.List.DELETE_BUTTON))).click()\n            WebDriverWait(driver, 10).until(EC.element_to_be_clickable((By.XPATH, self.SCC.List.DELETE_CONFIRM_BUTTON))).click()\n    \n        with allure.step('Verify that the card is archived and the list is empty'):\n            time.sleep(3)\n            element = driver.find_elements(By.XPATH, self.SCC.List.ALL_CARDS_ON_FIRST_LIST)\n            el_qty = len(element)\n>           assert el_qty == 0\nE           assert 1 == 0\n\ntests/regression_ui/test_ui_regression.py:215: AssertionError","flaky":false,"newFailed":true,"newBroken":false,"newPassed":false,"retriesCount":0,"retriesStatusChange":false,"beforeStages":[{"name":"driver","time":{"start":1738844349311,"stop":1738844349630,"duration":319},"status":"passed","steps":[],"attachments":[],"parameters":[],"shouldDisplayMessage":false,"stepsCount":0,"attachmentsCount":0,"hasContent":false,"attachmentStep":false},{"name":"setup","time":{"start":1738844349630,"stop":1738844349630,"duration":0},"status":"passed","steps":[],"attachments":[],"parameters":[],"shouldDisplayMessage":false,"stepsCount":0,"attachmentsCount":0,"hasContent":false,"attachmentStep":false}],"testStage":{"status":"failed","statusMessage":"AssertionError: assert 1 == 0","statusTrace":"self = <tests.regression_ui.test_ui_regression.TestUIRegression object at 0x7f2be5266570>\ndriver = <selenium.webdriver.chrome.webdriver.WebDriver (session=\"e7b3f06e0b5c030a185af1713e8f3d87\")>\n\n    @pytest.mark.TC000\n    @pytest.mark.TC006\n    @allure.title('Archive a card')\n    def test_archive_card(self, driver):\n        time.sleep(5)\n        with allure.step('Log in to Trello account'):\n            self.test_login(driver)\n    \n        with allure.step('Open a board and select a card'):\n            try:\n                WebDriverWait(driver, 30).until(EC.element_to_be_clickable((By.XPATH, self.SCC.Board.BOARD_TITLE))).click()\n                WebDriverWait(driver, 10).until(EC.visibility_of_element_located((By.XPATH, self.SCC.Board.LIST_TITLE))).click()\n                driver.find_element(By.XPATH, self.SCC.List.ADD_A_CARD_BUTTON).click()\n                driver.find_element(By.XPATH, self.SCC.List.CARD_NAME_FIELD).click()\n                time.sleep(1)\n                driver.find_element(By.XPATH, self.SCC.List.CARD_NAME_FIELD).send_keys('new_card')\n                driver.find_element(By.XPATH, self.SCC.List.ADD_CARD_SUBMIT_BUTTOMN).click()\n                time.sleep(2)\n            except Exception as e:\n                log.info(\"An error occurred: \", str(e))\n    \n        with allure.step('Click the card to open and archive it'):\n            driver.find_element(By.XPATH, self.SCC.List.CARD_TO_ARCHIVE).click()\n            WebDriverWait(driver, 10).until(EC.element_to_be_clickable((By.XPATH, self.SCC.List.ARCHIVE_BUTTON))).click()\n            WebDriverWait(driver, 10).until(EC.element_to_be_clickable((By.XPATH, self.SCC.List.DELETE_BUTTON))).click()\n            WebDriverWait(driver, 10).until(EC.element_to_be_clickable((By.XPATH, self.SCC.List.DELETE_CONFIRM_BUTTON))).click()\n    \n        with allure.step('Verify that the card is archived and the list is empty'):\n            time.sleep(3)\n            element = driver.find_elements(By.XPATH, self.SCC.List.ALL_CARDS_ON_FIRST_LIST)\n            el_qty = len(element)\n>           assert el_qty == 0\nE           assert 1 == 0\n\ntests/regression_ui/test_ui_regression.py:215: AssertionError","steps":[{"name":"Log in to Trello account","time":{"start":1738844354631,"stop":1738844380401,"duration":25770},"status":"passed","steps":[{"name":"Navigate to the Trello page and enter valid credentials (email, password, and 6-digits verification code)","time":{"start":1738844354631,"stop":1738844380401,"duration":25770},"status":"passed","steps":[],"attachments":[],"parameters":[],"shouldDisplayMessage":false,"stepsCount":0,"attachmentsCount":0,"hasContent":false,"attachmentStep":false}],"attachments":[],"parameters":[],"shouldDisplayMessage":false,"stepsCount":1,"attachmentsCount":0,"hasContent":true,"attachmentStep":false},{"name":"Open a board and select a card","time":{"start":1738844380401,"stop":1738844385167,"duration":4766},"status":"passed","steps":[],"attachments":[],"parameters":[],"shouldDisplayMessage":false,"stepsCount":0,"attachmentsCount":0,"hasContent":false,"attachmentStep":false},{"name":"Click the card to open and archive it","time":{"start":1738844385167,"stop":1738844386773,"duration":1606},"status":"passed","steps":[],"attachments":[],"parameters":[],"shouldDisplayMessage":false,"stepsCount":0,"attachmentsCount":0,"hasContent":false,"attachmentStep":false},{"name":"Verify that the card is archived and the list is empty","time":{"start":1738844386773,"stop":1738844389782,"duration":3009},"status":"failed","statusMessage":"AssertionError: assert 1 == 0\n","statusTrace":"  File \"/home/runner/work/pythonSelenium/pythonSelenium/tests/regression_ui/test_ui_regression.py\", line 215, in test_archive_card\n    assert el_qty == 0\n","steps":[],"attachments":[],"parameters":[],"shouldDisplayMessage":true,"stepsCount":0,"attachmentsCount":0,"hasContent":true,"attachmentStep":false}],"attachments":[{"uid":"fca13035e65574d0","name":"log","source":"fca13035e65574d0.txt","type":"text/plain","size":360}],"parameters":[],"shouldDisplayMessage":true,"stepsCount":5,"attachmentsCount":1,"hasContent":true,"attachmentStep":false},"afterStages":[{"name":"driver::0","time":{"start":1738844389816,"stop":1738844389894,"duration":78},"status":"passed","steps":[],"attachments":[],"parameters":[],"shouldDisplayMessage":false,"stepsCount":0,"attachmentsCount":0,"hasContent":false,"attachmentStep":false}],"labels":[{"name":"tag","value":"TC006"},{"name":"tag","value":"TC000"},{"name":"parentSuite","value":"tests.regression_ui"},{"name":"suite","value":"test_ui_regression"},{"name":"subSuite","value":"TestUIRegression"},{"name":"host","value":"fv-az1044-191"},{"name":"thread","value":"4052-MainThread"},{"name":"framework","value":"pytest"},{"name":"language","value":"cpython3"},{"name":"package","value":"tests.regression_ui.test_ui_regression"},{"name":"resultFormat","value":"allure2"}],"parameters":[],"links":[],"hidden":false,"retry":false,"extra":{"severity":"normal","retries":[],"categories":[{"name":"Product defects","matchedStatuses":[],"flaky":false}],"history":{"statistic":{"failed":12,"broken":22,"skipped":0,"passed":181,"unknown":0,"total":215},"items":[{"uid":"6d50f83e84221b1","status":"passed","time":{"start":1738833102692,"stop":1738833134962,"duration":32270}},{"uid":"dfc1e64d316c6b","status":"passed","time":{"start":1738822480300,"stop":1738822517564,"duration":37264}},{"uid":"3c0d24149ca511d1","status":"passed","time":{"start":1738811683572,"stop":1738811716856,"duration":33284}},{"uid":"25c8815f5dac18ad","status":"passed","time":{"start":1738802533488,"stop":1738802566065,"duration":32577}},{"uid":"d07b0027ac4f9cda","status":"passed","time":{"start":1738789812889,"stop":1738789844948,"duration":32059}},{"uid":"82d9ecb40881ba34","status":"passed","time":{"start":1738779253822,"stop":1738779286529,"duration":32707}},{"uid":"dd9cc6ebd27238a3","status":"passed","time":{"start":1738768274042,"stop":1738768306685,"duration":32643}},{"uid":"ae759662521466d5","status":"passed","time":{"start":1738757893070,"stop":1738757925668,"duration":32598}},{"uid":"68e9ea73a8a2248d","status":"passed","time":{"start":1738746700849,"stop":1738746732353,"duration":31504}},{"uid":"664fe80c0af5ab4d","status":"passed","time":{"start":1738736079267,"stop":1738736117528,"duration":38261}},{"uid":"a303ee19f3618da6","status":"passed","time":{"start":1738725372060,"stop":1738725403641,"duration":31581}},{"uid":"cf831655a4f5b122","status":"passed","time":{"start":1738716311570,"stop":1738716344765,"duration":33195}},{"uid":"95feeea9cb2eafc","status":"broken","statusDetails":"selenium.common.exceptions.SessionNotCreatedException: Message: session not created: probably user data directory is already in use, please specify a unique value for --user-data-dir argument, or don't use --user-data-dir\nStacktrace:\n#0 0x563d8c884dca <unknown>\n#1 0x563d8c37b3f0 <unknown>\n#2 0x563d8c3b247a <unknown>\n#3 0x563d8c3ae9b6 <unknown>\n#4 0x563d8c3fbca6 <unknown>\n#5 0x563d8c3fb2f6 <unknown>\n#6 0x563d8c3ef833 <unknown>\n#7 0x563d8c3bc5a0 <unknown>\n#8 0x563d8c3bdece <unknown>\n#9 0x563d8c84ebdb <unknown>\n#10 0x563d8c852b67 <unknown>\n#11 0x563d8c83a3bc <unknown>\n#12 0x563d8c853727 <unknown>\n#13 0x563d8c81e74f <unknown>\n#14 0x563d8c873938 <unknown>\n#15 0x563d8c873b00 <unknown>\n#16 0x563d8c883c46 <unknown>\n#17 0x7f1e2e49ca94 <unknown>\n#18 0x7f1e2e529c3c <unknown>","time":{"start":1738703279657,"stop":1738703279657,"duration":0}},{"uid":"f3c6499d0b08574d","status":"broken","statusDetails":"selenium.common.exceptions.NoSuchElementException: Message: no such element: Unable to locate element: {\"method\":\"xpath\",\"selector\":\"//*[contains(text(), 'new_card')]\"}\n  (Session info: chrome=133.0.6943.53); For documentation on this error, please visit: https://www.selenium.dev/documentation/webdriver/troubleshooting/errors#no-such-element-exception\nStacktrace:\n#0 0x5613ff7acdca <unknown>\n#1 0x5613ff2a33f0 <unknown>\n#2 0x5613ff2f310c <unknown>\n#3 0x5613ff2f3331 <unknown>\n#4 0x5613ff339154 <unknown>\n#5 0x5613ff317abd <unknown>\n#6 0x5613ff3364b3 <unknown>\n#7 0x5613ff317833 <unknown>\n#8 0x5613ff2e45a0 <unknown>\n#9 0x5613ff2e5ece <unknown>\n#10 0x5613ff776bdb <unknown>\n#11 0x5613ff77ab67 <unknown>\n#12 0x5613ff7623bc <unknown>\n#13 0x5613ff77b727 <unknown>\n#14 0x5613ff74674f <unknown>\n#15 0x5613ff79b938 <unknown>\n#16 0x5613ff79bb00 <unknown>\n#17 0x5613ff7abc46 <unknown>\n#18 0x7ff6d109ca94 <unknown>\n#19 0x7ff6d1129c3c <unknown>","time":{"start":1738697762274,"stop":1738697804831,"duration":42557}},{"uid":"18da10d0b666239d","status":"broken","statusDetails":"selenium.common.exceptions.NoSuchElementException: Message: no such element: Unable to locate element: {\"method\":\"xpath\",\"selector\":\"//*[contains(text(), 'new_card')]\"}\n  (Session info: chrome=133.0.6943.53); For documentation on this error, please visit: https://www.selenium.dev/documentation/webdriver/troubleshooting/errors#no-such-element-exception\nStacktrace:\n#0 0x55aced4dedca <unknown>\n#1 0x55acecfd53f0 <unknown>\n#2 0x55aced02510c <unknown>\n#3 0x55aced025331 <unknown>\n#4 0x55aced06b154 <unknown>\n#5 0x55aced049abd <unknown>\n#6 0x55aced0684b3 <unknown>\n#7 0x55aced049833 <unknown>\n#8 0x55aced0165a0 <unknown>\n#9 0x55aced017ece <unknown>\n#10 0x55aced4a8bdb <unknown>\n#11 0x55aced4acb67 <unknown>\n#12 0x55aced4943bc <unknown>\n#13 0x55aced4ad727 <unknown>\n#14 0x55aced47874f <unknown>\n#15 0x55aced4cd938 <unknown>\n#16 0x55aced4cdb00 <unknown>\n#17 0x55aced4ddc46 <unknown>\n#18 0x7ff88389ca94 <unknown>\n#19 0x7ff883929c3c <unknown>","time":{"start":1738692901395,"stop":1738692943787,"duration":42392}},{"uid":"e0e35dc37463f0af","status":"passed","time":{"start":1738681843020,"stop":1738681875734,"duration":32714}},{"uid":"be25d613ef08e714","status":"passed","time":{"start":1738671464918,"stop":1738671497820,"duration":32902}},{"uid":"7a091f6e33d85e3e","status":"passed","time":{"start":1738660301709,"stop":1738660335031,"duration":33322}},{"uid":"450cdb93261ad447","status":"passed","time":{"start":1738649773372,"stop":1738649805790,"duration":32418}},{"uid":"37cfa2347f6b2bee","status":"passed","time":{"start":1738630141836,"stop":1738630173541,"duration":31705}}]},"tags":["TC006","TC000"]},"source":"6f95edfc02b05ec7.json","parameterValues":[]}