{"uid":"709ec97d75df363f","name":"Archive a card","fullName":"tests.regression_ui.test_ui_regression.TestUIRegression#test_archive_card","historyId":"4151bed777d70c35651f4626d00b86b5","time":{"start":1743132452830,"stop":1743132472941,"duration":20111},"status":"passed","flaky":false,"newFailed":false,"newBroken":false,"newPassed":true,"retriesCount":0,"retriesStatusChange":false,"beforeStages":[{"name":"driver","time":{"start":1743132452503,"stop":1743132452829,"duration":326},"status":"passed","steps":[],"attachments":[],"parameters":[],"shouldDisplayMessage":false,"stepsCount":0,"attachmentsCount":0,"hasContent":false,"attachmentStep":false},{"name":"setup","time":{"start":1743132452830,"stop":1743132452830,"duration":0},"status":"passed","steps":[],"attachments":[],"parameters":[],"shouldDisplayMessage":false,"stepsCount":0,"attachmentsCount":0,"hasContent":false,"attachmentStep":false}],"testStage":{"status":"passed","steps":[{"name":"Log in to Trello account","time":{"start":1743132457830,"stop":1743132463678,"duration":5848},"status":"passed","steps":[{"name":"Navigate to the Trello page and enter valid credentials (email, password, and 6-digits verification code)","time":{"start":1743132457830,"stop":1743132463677,"duration":5847},"status":"passed","steps":[],"attachments":[],"parameters":[],"shouldDisplayMessage":false,"stepsCount":0,"attachmentsCount":0,"hasContent":false,"attachmentStep":false}],"attachments":[],"parameters":[],"shouldDisplayMessage":false,"stepsCount":1,"attachmentsCount":0,"hasContent":true,"attachmentStep":false},{"name":"Open a board and select a card","time":{"start":1743132463678,"stop":1743132468138,"duration":4460},"status":"passed","steps":[],"attachments":[],"parameters":[],"shouldDisplayMessage":false,"stepsCount":0,"attachmentsCount":0,"hasContent":false,"attachmentStep":false},{"name":"Click the card to open and archive it","time":{"start":1743132468139,"stop":1743132469931,"duration":1792},"status":"passed","steps":[],"attachments":[],"parameters":[],"shouldDisplayMessage":false,"stepsCount":0,"attachmentsCount":0,"hasContent":false,"attachmentStep":false},{"name":"Verify that the card is archived and the list is empty","time":{"start":1743132469932,"stop":1743132472941,"duration":3009},"status":"passed","steps":[],"attachments":[],"parameters":[],"shouldDisplayMessage":false,"stepsCount":0,"attachmentsCount":0,"hasContent":false,"attachmentStep":false}],"attachments":[],"parameters":[],"shouldDisplayMessage":false,"stepsCount":5,"attachmentsCount":0,"hasContent":true,"attachmentStep":false},"afterStages":[{"name":"driver::0","time":{"start":1743132472942,"stop":1743132473013,"duration":71},"status":"passed","steps":[],"attachments":[],"parameters":[],"shouldDisplayMessage":false,"stepsCount":0,"attachmentsCount":0,"hasContent":false,"attachmentStep":false}],"labels":[{"name":"tag","value":"TC006"},{"name":"tag","value":"TC000"},{"name":"parentSuite","value":"tests.regression_ui"},{"name":"suite","value":"test_ui_regression"},{"name":"subSuite","value":"TestUIRegression"},{"name":"host","value":"fv-az798-128"},{"name":"thread","value":"3259-MainThread"},{"name":"framework","value":"pytest"},{"name":"language","value":"cpython3"},{"name":"package","value":"tests.regression_ui.test_ui_regression"},{"name":"resultFormat","value":"allure2"}],"parameters":[],"links":[],"hidden":false,"retry":false,"extra":{"severity":"normal","retries":[],"categories":[],"history":{"statistic":{"failed":22,"broken":46,"skipped":0,"passed":543,"unknown":0,"total":611},"items":[{"uid":"f8ae9d85c44690cc","status":"broken","statusDetails":"selenium.common.exceptions.NoSuchElementException: Message: no such element: Unable to locate element: {\"method\":\"xpath\",\"selector\":\"//*[contains(text(), 'new_card')]\"}\n  (Session info: chrome=134.0.6998.165); For documentation on this error, please visit: https://www.selenium.dev/documentation/webdriver/troubleshooting/errors#no-such-element-exception\nStacktrace:\n#0 0x560183d12a1a <unknown>\n#1 0x5601837ca390 <unknown>\n#2 0x56018381bc85 <unknown>\n#3 0x56018381beb1 <unknown>\n#4 0x56018386ad64 <unknown>\n#5 0x560183841bfd <unknown>\n#6 0x56018386807b <unknown>\n#7 0x5601838419a3 <unknown>\n#8 0x56018380d60e <unknown>\n#9 0x56018380edd1 <unknown>\n#10 0x560183cd8ddb <unknown>\n#11 0x560183cdccbc <unknown>\n#12 0x560183cc0392 <unknown>\n#13 0x560183cdd834 <unknown>\n#14 0x560183ca41ef <unknown>\n#15 0x560183d01038 <unknown>\n#16 0x560183d01216 <unknown>\n#17 0x560183d11896 <unknown>\n#18 0x7f290b49caa4 <unknown>\n#19 0x7f290b529c3c <unknown>","time":{"start":1743122717326,"stop":1743122758478,"duration":41152}},{"uid":"aaaa099eb15619c4","status":"broken","statusDetails":"selenium.common.exceptions.NoSuchElementException: Message: no such element: Unable to locate element: {\"method\":\"xpath\",\"selector\":\"//*[contains(text(), 'new_card')]\"}\n  (Session info: chrome=134.0.6998.165); For documentation on this error, please visit: https://www.selenium.dev/documentation/webdriver/troubleshooting/errors#no-such-element-exception\nStacktrace:\n#0 0x558a4bdb9a1a <unknown>\n#1 0x558a4b871390 <unknown>\n#2 0x558a4b8c2c85 <unknown>\n#3 0x558a4b8c2eb1 <unknown>\n#4 0x558a4b911d64 <unknown>\n#5 0x558a4b8e8bfd <unknown>\n#6 0x558a4b90f07b <unknown>\n#7 0x558a4b8e89a3 <unknown>\n#8 0x558a4b8b460e <unknown>\n#9 0x558a4b8b5dd1 <unknown>\n#10 0x558a4bd7fddb <unknown>\n#11 0x558a4bd83cbc <unknown>\n#12 0x558a4bd67392 <unknown>\n#13 0x558a4bd84834 <unknown>\n#14 0x558a4bd4b1ef <unknown>\n#15 0x558a4bda8038 <unknown>\n#16 0x558a4bda8216 <unknown>\n#17 0x558a4bdb8896 <unknown>\n#18 0x7f5bb529caa4 <unknown>\n#19 0x7f5bb5329c3c <unknown>","time":{"start":1743109886697,"stop":1743109908058,"duration":21361}},{"uid":"9c0fce76ee6bfa0","status":"broken","statusDetails":"selenium.common.exceptions.NoSuchElementException: Message: no such element: Unable to locate element: {\"method\":\"xpath\",\"selector\":\"//*[contains(text(), 'new_card')]\"}\n  (Session info: chrome=134.0.6998.165); For documentation on this error, please visit: https://www.selenium.dev/documentation/webdriver/troubleshooting/errors#no-such-element-exception\nStacktrace:\n#0 0x559cbcdd1ffa <unknown>\n#1 0x559cbc890970 <unknown>\n#2 0x559cbc8e2385 <unknown>\n#3 0x559cbc8e25b1 <unknown>\n#4 0x559cbc9313c4 <unknown>\n#5 0x559cbc9082bd <unknown>\n#6 0x559cbc92e70c <unknown>\n#7 0x559cbc908063 <unknown>\n#8 0x559cbc8d4328 <unknown>\n#9 0x559cbc8d5491 <unknown>\n#10 0x559cbcd9942b <unknown>\n#11 0x559cbcd9d2ec <unknown>\n#12 0x559cbcd80a22 <unknown>\n#13 0x559cbcd9de64 <unknown>\n#14 0x559cbcd64bef <unknown>\n#15 0x559cbcdc0558 <unknown>\n#16 0x559cbcdc0736 <unknown>\n#17 0x559cbcdd0e76 <unknown>\n#18 0x7fac8769caa4 <unknown>\n#19 0x7fac87729c3c <unknown>","time":{"start":1743099323721,"stop":1743099345482,"duration":21761}},{"uid":"6dc7a91a4e3e8c34","status":"broken","statusDetails":"selenium.common.exceptions.NoSuchElementException: Message: no such element: Unable to locate element: {\"method\":\"xpath\",\"selector\":\"//*[contains(text(), 'new_card')]\"}\n  (Session info: chrome=134.0.6998.165); For documentation on this error, please visit: https://www.selenium.dev/documentation/webdriver/troubleshooting/errors#no-such-element-exception\nStacktrace:\n#0 0x55e230c79ffa <unknown>\n#1 0x55e230738970 <unknown>\n#2 0x55e23078a385 <unknown>\n#3 0x55e23078a5b1 <unknown>\n#4 0x55e2307d93c4 <unknown>\n#5 0x55e2307b02bd <unknown>\n#6 0x55e2307d670c <unknown>\n#7 0x55e2307b0063 <unknown>\n#8 0x55e23077c328 <unknown>\n#9 0x55e23077d491 <unknown>\n#10 0x55e230c4142b <unknown>\n#11 0x55e230c452ec <unknown>\n#12 0x55e230c28a22 <unknown>\n#13 0x55e230c45e64 <unknown>\n#14 0x55e230c0cbef <unknown>\n#15 0x55e230c68558 <unknown>\n#16 0x55e230c68736 <unknown>\n#17 0x55e230c78e76 <unknown>\n#18 0x7febd529caa4 <unknown>\n#19 0x7febd5329c3c <unknown>","time":{"start":1743088303561,"stop":1743088345288,"duration":41727}},{"uid":"94bb76b89e60c61a","status":"broken","statusDetails":"selenium.common.exceptions.NoSuchElementException: Message: no such element: Unable to locate element: {\"method\":\"xpath\",\"selector\":\"//*[contains(text(), 'new_card')]\"}\n  (Session info: chrome=134.0.6998.165); For documentation on this error, please visit: https://www.selenium.dev/documentation/webdriver/troubleshooting/errors#no-such-element-exception\nStacktrace:\n#0 0x56546f9c5a1a <unknown>\n#1 0x56546f47d390 <unknown>\n#2 0x56546f4cec85 <unknown>\n#3 0x56546f4ceeb1 <unknown>\n#4 0x56546f51dd64 <unknown>\n#5 0x56546f4f4bfd <unknown>\n#6 0x56546f51b07b <unknown>\n#7 0x56546f4f49a3 <unknown>\n#8 0x56546f4c060e <unknown>\n#9 0x56546f4c1dd1 <unknown>\n#10 0x56546f98bddb <unknown>\n#11 0x56546f98fcbc <unknown>\n#12 0x56546f973392 <unknown>\n#13 0x56546f990834 <unknown>\n#14 0x56546f9571ef <unknown>\n#15 0x56546f9b4038 <unknown>\n#16 0x56546f9b4216 <unknown>\n#17 0x56546f9c4896 <unknown>\n#18 0x7fa65ca9caa4 <unknown>\n#19 0x7fa65cb29c3c <unknown>","time":{"start":1743078052410,"stop":1743078074504,"duration":22094}},{"uid":"bf3e3ab65919c11d","status":"broken","statusDetails":"selenium.common.exceptions.NoSuchElementException: Message: no such element: Unable to locate element: {\"method\":\"xpath\",\"selector\":\"//*[contains(text(), 'new_card')]\"}\n  (Session info: chrome=134.0.6998.165); For documentation on this error, please visit: https://www.selenium.dev/documentation/webdriver/troubleshooting/errors#no-such-element-exception\nStacktrace:\n#0 0x564ef26cbffa <unknown>\n#1 0x564ef218a970 <unknown>\n#2 0x564ef21dc385 <unknown>\n#3 0x564ef21dc5b1 <unknown>\n#4 0x564ef222b3c4 <unknown>\n#5 0x564ef22022bd <unknown>\n#6 0x564ef222870c <unknown>\n#7 0x564ef2202063 <unknown>\n#8 0x564ef21ce328 <unknown>\n#9 0x564ef21cf491 <unknown>\n#10 0x564ef269342b <unknown>\n#11 0x564ef26972ec <unknown>\n#12 0x564ef267aa22 <unknown>\n#13 0x564ef2697e64 <unknown>\n#14 0x564ef265ebef <unknown>\n#15 0x564ef26ba558 <unknown>\n#16 0x564ef26ba736 <unknown>\n#17 0x564ef26cae76 <unknown>\n#18 0x7f925da9caa4 <unknown>\n#19 0x7f925db29c3c <unknown>","time":{"start":1743066703643,"stop":1743066744838,"duration":41195}},{"uid":"306123c8957c118f","status":"broken","statusDetails":"selenium.common.exceptions.NoSuchElementException: Message: no such element: Unable to locate element: {\"method\":\"xpath\",\"selector\":\"//*[contains(text(), 'new_card')]\"}\n  (Session info: chrome=134.0.6998.165); For documentation on this error, please visit: https://www.selenium.dev/documentation/webdriver/troubleshooting/errors#no-such-element-exception\nStacktrace:\n#0 0x562233871ffa <unknown>\n#1 0x562233330970 <unknown>\n#2 0x562233382385 <unknown>\n#3 0x5622333825b1 <unknown>\n#4 0x5622333d13c4 <unknown>\n#5 0x5622333a82bd <unknown>\n#6 0x5622333ce70c <unknown>\n#7 0x5622333a8063 <unknown>\n#8 0x562233374328 <unknown>\n#9 0x562233375491 <unknown>\n#10 0x56223383942b <unknown>\n#11 0x56223383d2ec <unknown>\n#12 0x562233820a22 <unknown>\n#13 0x56223383de64 <unknown>\n#14 0x562233804bef <unknown>\n#15 0x562233860558 <unknown>\n#16 0x562233860736 <unknown>\n#17 0x562233870e76 <unknown>\n#18 0x7f3d1929caa4 <unknown>\n#19 0x7f3d19329c3c <unknown>","time":{"start":1743056111658,"stop":1743056153360,"duration":41702}},{"uid":"f827839d63aff645","status":"failed","statusDetails":"AssertionError: assert 1 == 0","time":{"start":1743046033679,"stop":1743046053310,"duration":19631}},{"uid":"77b7923915de366e","status":"passed","time":{"start":1743036303437,"stop":1743036323235,"duration":19798}},{"uid":"7f6fc98b84f982d7","status":"passed","time":{"start":1743023428048,"stop":1743023448430,"duration":20382}},{"uid":"77184df403096258","status":"broken","statusDetails":"selenium.common.exceptions.NoSuchElementException: Message: no such element: Unable to locate element: {\"method\":\"xpath\",\"selector\":\"//*[contains(text(), 'new_card')]\"}\n  (Session info: chrome=134.0.6998.165); For documentation on this error, please visit: https://www.selenium.dev/documentation/webdriver/troubleshooting/errors#no-such-element-exception\nStacktrace:\n#0 0x55577cf88a1a <unknown>\n#1 0x55577ca40390 <unknown>\n#2 0x55577ca91c85 <unknown>\n#3 0x55577ca91eb1 <unknown>\n#4 0x55577cae0d64 <unknown>\n#5 0x55577cab7bfd <unknown>\n#6 0x55577cade07b <unknown>\n#7 0x55577cab79a3 <unknown>\n#8 0x55577ca8360e <unknown>\n#9 0x55577ca84dd1 <unknown>\n#10 0x55577cf4eddb <unknown>\n#11 0x55577cf52cbc <unknown>\n#12 0x55577cf36392 <unknown>\n#13 0x55577cf53834 <unknown>\n#14 0x55577cf1a1ef <unknown>\n#15 0x55577cf77038 <unknown>\n#16 0x55577cf77216 <unknown>\n#17 0x55577cf87896 <unknown>\n#18 0x7fc8c189caa4 <unknown>\n#19 0x7fc8c1929c3c <unknown>","time":{"start":1743012950298,"stop":1743012991664,"duration":41366}},{"uid":"6364d09b426d9257","status":"broken","statusDetails":"selenium.common.exceptions.NoSuchElementException: Message: no such element: Unable to locate element: {\"method\":\"xpath\",\"selector\":\"//*[contains(text(), 'new_card')]\"}\n  (Session info: chrome=134.0.6998.165); For documentation on this error, please visit: https://www.selenium.dev/documentation/webdriver/troubleshooting/errors#no-such-element-exception\nStacktrace:\n#0 0x5653ae165a1a <unknown>\n#1 0x5653adc1d390 <unknown>\n#2 0x5653adc6ec85 <unknown>\n#3 0x5653adc6eeb1 <unknown>\n#4 0x5653adcbdd64 <unknown>\n#5 0x5653adc94bfd <unknown>\n#6 0x5653adcbb07b <unknown>\n#7 0x5653adc949a3 <unknown>\n#8 0x5653adc6060e <unknown>\n#9 0x5653adc61dd1 <unknown>\n#10 0x5653ae12bddb <unknown>\n#11 0x5653ae12fcbc <unknown>\n#12 0x5653ae113392 <unknown>\n#13 0x5653ae130834 <unknown>\n#14 0x5653ae0f71ef <unknown>\n#15 0x5653ae154038 <unknown>\n#16 0x5653ae154216 <unknown>\n#17 0x5653ae164896 <unknown>\n#18 0x7fade389caa4 <unknown>\n#19 0x7fade3929c3c <unknown>","time":{"start":1743001969970,"stop":1743002011339,"duration":41369}},{"uid":"5e868d60e333d9b0","status":"failed","statusDetails":"AssertionError: assert 1 == 0","time":{"start":1742991603279,"stop":1742991624597,"duration":21318}},{"uid":"52af565f2419c15d","status":"failed","statusDetails":"AssertionError: assert 1 == 0","time":{"start":1742980331574,"stop":1742980351909,"duration":20335}},{"uid":"cec0771d05d01bb4","status":"passed","time":{"start":1742969726722,"stop":1742969746451,"duration":19729}},{"uid":"ac92c900fb2d8ec6","status":"broken","statusDetails":"selenium.common.exceptions.NoSuchElementException: Message: no such element: Unable to locate element: {\"method\":\"xpath\",\"selector\":\"//*[contains(text(), 'new_card')]\"}\n  (Session info: chrome=134.0.6998.165); For documentation on this error, please visit: https://www.selenium.dev/documentation/webdriver/troubleshooting/errors#no-such-element-exception\nStacktrace:\n#0 0x55f2237ada1a <unknown>\n#1 0x55f223265390 <unknown>\n#2 0x55f2232b6c85 <unknown>\n#3 0x55f2232b6eb1 <unknown>\n#4 0x55f223305d64 <unknown>\n#5 0x55f2232dcbfd <unknown>\n#6 0x55f22330307b <unknown>\n#7 0x55f2232dc9a3 <unknown>\n#8 0x55f2232a860e <unknown>\n#9 0x55f2232a9dd1 <unknown>\n#10 0x55f223773ddb <unknown>\n#11 0x55f223777cbc <unknown>\n#12 0x55f22375b392 <unknown>\n#13 0x55f223778834 <unknown>\n#14 0x55f22373f1ef <unknown>\n#15 0x55f22379c038 <unknown>\n#16 0x55f22379c216 <unknown>\n#17 0x55f2237ac896 <unknown>\n#18 0x7fc3b8e9caa4 <unknown>\n#19 0x7fc3b8f29c3c <unknown>","time":{"start":1742959582048,"stop":1742959604050,"duration":22002}},{"uid":"e268c562d62e4532","status":"passed","time":{"start":1742949939543,"stop":1742949976713,"duration":37170}},{"uid":"9410a292c24df53","status":"passed","time":{"start":1742937011581,"stop":1742937042902,"duration":31321}},{"uid":"c9e5cef2cc717063","status":"passed","time":{"start":1742926512624,"stop":1742926543354,"duration":30730}},{"uid":"3a692e056a02520b","status":"passed","time":{"start":1742915502681,"stop":1742915534873,"duration":32192}}]},"tags":["TC006","TC000"]},"source":"709ec97d75df363f.json","parameterValues":[]}