{"uid":"71a35b7f8352856a","name":"Search functionality","fullName":"tests.regression_ui.test_ui_regression.TestUIRegression#test_search_board","historyId":"766b65706e8d60f73b889e81b955260d","time":{"start":1740885714663,"stop":1740885730179,"duration":15516},"status":"broken","statusMessage":"selenium.common.exceptions.TimeoutException: Message: \nStacktrace:\n#0 0x55df5a1a6bea <unknown>\n#1 0x55df59c447d0 <unknown>\n#2 0x55df59c95cc0 <unknown>\n#3 0x55df59c95e41 <unknown>\n#4 0x55df59ce4984 <unknown>\n#5 0x55df59cbbabd <unknown>\n#6 0x55df59ce1d0c <unknown>\n#7 0x55df59cbb863 <unknown>\n#8 0x55df59c87ac8 <unknown>\n#9 0x55df59c88c31 <unknown>\n#10 0x55df5a17018b <unknown>\n#11 0x55df5a174112 <unknown>\n#12 0x55df5a15d04c <unknown>\n#13 0x55df5a174d04 <unknown>\n#14 0x55df5a1414bf <unknown>\n#15 0x55df5a195528 <unknown>\n#16 0x55df5a1956f9 <unknown>\n#17 0x55df5a1a5a66 <unknown>\n#18 0x7f9fe5c9caa4 <unknown>\n#19 0x7f9fe5d29c3c <unknown>","statusTrace":"self = <tests.regression_ui.test_ui_regression.TestUIRegression object at 0x7f6644cb2a50>\ndriver = <selenium.webdriver.chrome.webdriver.WebDriver (session=\"2aec22afd7b87f4aac048a0964f60ac2\")>\n\n    @pytest.mark.TC000\n    @pytest.mark.TC008\n    @allure.title('Search functionality')\n    def test_search_board(self, driver):\n        time.sleep(5)\n        with allure.step('Log in to Trello account'):\n>           self.test_login(driver)\n\ntests/regression_ui/test_ui_regression.py:255: \n_ _ _ _ _ _ _ _ _ _ _ _ _ _ _ _ _ _ _ _ _ _ _ _ _ _ _ _ _ _ _ _ _ _ _ _ _ _ _ _ \ntests/regression_ui/test_ui_regression.py:62: in test_login\n    el_user_name = WebDriverWait(driver, 10).until(EC.element_to_be_clickable(\n_ _ _ _ _ _ _ _ _ _ _ _ _ _ _ _ _ _ _ _ _ _ _ _ _ _ _ _ _ _ _ _ _ _ _ _ _ _ _ _ \n\nself = <selenium.webdriver.support.wait.WebDriverWait (session=\"2aec22afd7b87f4aac048a0964f60ac2\")>\nmethod = <function element_to_be_clickable.<locals>._predicate at 0x7f6644bcb6a0>\nmessage = ''\n\n    def until(self, method: Callable[[D], Union[Literal[False], T]], message: str = \"\") -> T:\n        \"\"\"Calls the method provided with the driver as an argument until the \\\n        return value does not evaluate to ``False``.\n    \n        :param method: callable(WebDriver)\n        :param message: optional message for :exc:`TimeoutException`\n        :returns: the result of the last call to `method`\n        :raises: :exc:`selenium.common.exceptions.TimeoutException` if timeout occurs\n        \"\"\"\n        screen = None\n        stacktrace = None\n    \n        end_time = time.monotonic() + self._timeout\n        while True:\n            try:\n                value = method(self._driver)\n                if value:\n                    return value\n            except self._ignored_exceptions as exc:\n                screen = getattr(exc, \"screen\", None)\n                stacktrace = getattr(exc, \"stacktrace\", None)\n            if time.monotonic() > end_time:\n                break\n            time.sleep(self._poll)\n>       raise TimeoutException(message, screen, stacktrace)\nE       selenium.common.exceptions.TimeoutException: Message: \nE       Stacktrace:\nE       #0 0x55df5a1a6bea <unknown>\nE       #1 0x55df59c447d0 <unknown>\nE       #2 0x55df59c95cc0 <unknown>\nE       #3 0x55df59c95e41 <unknown>\nE       #4 0x55df59ce4984 <unknown>\nE       #5 0x55df59cbbabd <unknown>\nE       #6 0x55df59ce1d0c <unknown>\nE       #7 0x55df59cbb863 <unknown>\nE       #8 0x55df59c87ac8 <unknown>\nE       #9 0x55df59c88c31 <unknown>\nE       #10 0x55df5a17018b <unknown>\nE       #11 0x55df5a174112 <unknown>\nE       #12 0x55df5a15d04c <unknown>\nE       #13 0x55df5a174d04 <unknown>\nE       #14 0x55df5a1414bf <unknown>\nE       #15 0x55df5a195528 <unknown>\nE       #16 0x55df5a1956f9 <unknown>\nE       #17 0x55df5a1a5a66 <unknown>\nE       #18 0x7f9fe5c9caa4 <unknown>\nE       #19 0x7f9fe5d29c3c <unknown>\n\n/opt/hostedtoolcache/Python/3.12.5/x64/lib/python3.12/site-packages/selenium/webdriver/support/wait.py:105: TimeoutException","flaky":false,"newFailed":false,"newBroken":false,"newPassed":false,"retriesCount":0,"retriesStatusChange":false,"beforeStages":[{"name":"driver","time":{"start":1740885714332,"stop":1740885714662,"duration":330},"status":"passed","steps":[],"attachments":[],"parameters":[],"shouldDisplayMessage":false,"stepsCount":0,"attachmentsCount":0,"hasContent":false,"attachmentStep":false},{"name":"setup","time":{"start":1740885714662,"stop":1740885714662,"duration":0},"status":"passed","steps":[],"attachments":[],"parameters":[],"shouldDisplayMessage":false,"stepsCount":0,"attachmentsCount":0,"hasContent":false,"attachmentStep":false}],"testStage":{"status":"broken","statusMessage":"selenium.common.exceptions.TimeoutException: Message: \nStacktrace:\n#0 0x55df5a1a6bea <unknown>\n#1 0x55df59c447d0 <unknown>\n#2 0x55df59c95cc0 <unknown>\n#3 0x55df59c95e41 <unknown>\n#4 0x55df59ce4984 <unknown>\n#5 0x55df59cbbabd <unknown>\n#6 0x55df59ce1d0c <unknown>\n#7 0x55df59cbb863 <unknown>\n#8 0x55df59c87ac8 <unknown>\n#9 0x55df59c88c31 <unknown>\n#10 0x55df5a17018b <unknown>\n#11 0x55df5a174112 <unknown>\n#12 0x55df5a15d04c <unknown>\n#13 0x55df5a174d04 <unknown>\n#14 0x55df5a1414bf <unknown>\n#15 0x55df5a195528 <unknown>\n#16 0x55df5a1956f9 <unknown>\n#17 0x55df5a1a5a66 <unknown>\n#18 0x7f9fe5c9caa4 <unknown>\n#19 0x7f9fe5d29c3c <unknown>","statusTrace":"self = <tests.regression_ui.test_ui_regression.TestUIRegression object at 0x7f6644cb2a50>\ndriver = <selenium.webdriver.chrome.webdriver.WebDriver (session=\"2aec22afd7b87f4aac048a0964f60ac2\")>\n\n    @pytest.mark.TC000\n    @pytest.mark.TC008\n    @allure.title('Search functionality')\n    def test_search_board(self, driver):\n        time.sleep(5)\n        with allure.step('Log in to Trello account'):\n>           self.test_login(driver)\n\ntests/regression_ui/test_ui_regression.py:255: \n_ _ _ _ _ _ _ _ _ _ _ _ _ _ _ _ _ _ _ _ _ _ _ _ _ _ _ _ _ _ _ _ _ _ _ _ _ _ _ _ \ntests/regression_ui/test_ui_regression.py:62: in test_login\n    el_user_name = WebDriverWait(driver, 10).until(EC.element_to_be_clickable(\n_ _ _ _ _ _ _ _ _ _ _ _ _ _ _ _ _ _ _ _ _ _ _ _ _ _ _ _ _ _ _ _ _ _ _ _ _ _ _ _ \n\nself = <selenium.webdriver.support.wait.WebDriverWait (session=\"2aec22afd7b87f4aac048a0964f60ac2\")>\nmethod = <function element_to_be_clickable.<locals>._predicate at 0x7f6644bcb6a0>\nmessage = ''\n\n    def until(self, method: Callable[[D], Union[Literal[False], T]], message: str = \"\") -> T:\n        \"\"\"Calls the method provided with the driver as an argument until the \\\n        return value does not evaluate to ``False``.\n    \n        :param method: callable(WebDriver)\n        :param message: optional message for :exc:`TimeoutException`\n        :returns: the result of the last call to `method`\n        :raises: :exc:`selenium.common.exceptions.TimeoutException` if timeout occurs\n        \"\"\"\n        screen = None\n        stacktrace = None\n    \n        end_time = time.monotonic() + self._timeout\n        while True:\n            try:\n                value = method(self._driver)\n                if value:\n                    return value\n            except self._ignored_exceptions as exc:\n                screen = getattr(exc, \"screen\", None)\n                stacktrace = getattr(exc, \"stacktrace\", None)\n            if time.monotonic() > end_time:\n                break\n            time.sleep(self._poll)\n>       raise TimeoutException(message, screen, stacktrace)\nE       selenium.common.exceptions.TimeoutException: Message: \nE       Stacktrace:\nE       #0 0x55df5a1a6bea <unknown>\nE       #1 0x55df59c447d0 <unknown>\nE       #2 0x55df59c95cc0 <unknown>\nE       #3 0x55df59c95e41 <unknown>\nE       #4 0x55df59ce4984 <unknown>\nE       #5 0x55df59cbbabd <unknown>\nE       #6 0x55df59ce1d0c <unknown>\nE       #7 0x55df59cbb863 <unknown>\nE       #8 0x55df59c87ac8 <unknown>\nE       #9 0x55df59c88c31 <unknown>\nE       #10 0x55df5a17018b <unknown>\nE       #11 0x55df5a174112 <unknown>\nE       #12 0x55df5a15d04c <unknown>\nE       #13 0x55df5a174d04 <unknown>\nE       #14 0x55df5a1414bf <unknown>\nE       #15 0x55df5a195528 <unknown>\nE       #16 0x55df5a1956f9 <unknown>\nE       #17 0x55df5a1a5a66 <unknown>\nE       #18 0x7f9fe5c9caa4 <unknown>\nE       #19 0x7f9fe5d29c3c <unknown>\n\n/opt/hostedtoolcache/Python/3.12.5/x64/lib/python3.12/site-packages/selenium/webdriver/support/wait.py:105: TimeoutException","steps":[{"name":"Log in to Trello account","time":{"start":1740885719663,"stop":1740885730178,"duration":10515},"status":"broken","statusMessage":"selenium.common.exceptions.TimeoutException: Message: \nStacktrace:\n#0 0x55df5a1a6bea <unknown>\n#1 0x55df59c447d0 <unknown>\n#2 0x55df59c95cc0 <unknown>\n#3 0x55df59c95e41 <unknown>\n#4 0x55df59ce4984 <unknown>\n#5 0x55df59cbbabd <unknown>\n#6 0x55df59ce1d0c <unknown>\n#7 0x55df59cbb863 <unknown>\n#8 0x55df59c87ac8 <unknown>\n#9 0x55df59c88c31 <unknown>\n#10 0x55df5a17018b <unknown>\n#11 0x55df5a174112 <unknown>\n#12 0x55df5a15d04c <unknown>\n#13 0x55df5a174d04 <unknown>\n#14 0x55df5a1414bf <unknown>\n#15 0x55df5a195528 <unknown>\n#16 0x55df5a1956f9 <unknown>\n#17 0x55df5a1a5a66 <unknown>\n#18 0x7f9fe5c9caa4 <unknown>\n#19 0x7f9fe5d29c3c <unknown>\n\n","statusTrace":"  File \"/home/runner/work/pythonSelenium/pythonSelenium/tests/regression_ui/test_ui_regression.py\", line 255, in test_search_board\n    self.test_login(driver)\n  File \"/home/runner/work/pythonSelenium/pythonSelenium/tests/regression_ui/test_ui_regression.py\", line 62, in test_login\n    el_user_name = WebDriverWait(driver, 10).until(EC.element_to_be_clickable(\n                   ^^^^^^^^^^^^^^^^^^^^^^^^^^^^^^^^^^^^^^^^^^^^^^^^^^^^^^^^^^^\n  File \"/opt/hostedtoolcache/Python/3.12.5/x64/lib/python3.12/site-packages/selenium/webdriver/support/wait.py\", line 105, in until\n    raise TimeoutException(message, screen, stacktrace)\n","steps":[{"name":"Navigate to the Trello page and enter valid credentials (email, password, and 6-digits verification code)","time":{"start":1740885719663,"stop":1740885730178,"duration":10515},"status":"broken","statusMessage":"selenium.common.exceptions.TimeoutException: Message: \nStacktrace:\n#0 0x55df5a1a6bea <unknown>\n#1 0x55df59c447d0 <unknown>\n#2 0x55df59c95cc0 <unknown>\n#3 0x55df59c95e41 <unknown>\n#4 0x55df59ce4984 <unknown>\n#5 0x55df59cbbabd <unknown>\n#6 0x55df59ce1d0c <unknown>\n#7 0x55df59cbb863 <unknown>\n#8 0x55df59c87ac8 <unknown>\n#9 0x55df59c88c31 <unknown>\n#10 0x55df5a17018b <unknown>\n#11 0x55df5a174112 <unknown>\n#12 0x55df5a15d04c <unknown>\n#13 0x55df5a174d04 <unknown>\n#14 0x55df5a1414bf <unknown>\n#15 0x55df5a195528 <unknown>\n#16 0x55df5a1956f9 <unknown>\n#17 0x55df5a1a5a66 <unknown>\n#18 0x7f9fe5c9caa4 <unknown>\n#19 0x7f9fe5d29c3c <unknown>\n\n","statusTrace":"  File \"/home/runner/work/pythonSelenium/pythonSelenium/tests/regression_ui/test_ui_regression.py\", line 62, in test_login\n    el_user_name = WebDriverWait(driver, 10).until(EC.element_to_be_clickable(\n                   ^^^^^^^^^^^^^^^^^^^^^^^^^^^^^^^^^^^^^^^^^^^^^^^^^^^^^^^^^^^\n  File \"/opt/hostedtoolcache/Python/3.12.5/x64/lib/python3.12/site-packages/selenium/webdriver/support/wait.py\", line 105, in until\n    raise TimeoutException(message, screen, stacktrace)\n","steps":[],"attachments":[],"parameters":[],"shouldDisplayMessage":true,"stepsCount":0,"attachmentsCount":0,"hasContent":true,"attachmentStep":false}],"attachments":[],"parameters":[],"shouldDisplayMessage":false,"stepsCount":1,"attachmentsCount":0,"hasContent":true,"attachmentStep":false}],"attachments":[],"parameters":[],"shouldDisplayMessage":true,"stepsCount":2,"attachmentsCount":0,"hasContent":true,"attachmentStep":false},"afterStages":[{"name":"driver::0","time":{"start":1740885730192,"stop":1740885730256,"duration":64},"status":"passed","steps":[],"attachments":[],"parameters":[],"shouldDisplayMessage":false,"stepsCount":0,"attachmentsCount":0,"hasContent":false,"attachmentStep":false}],"labels":[{"name":"tag","value":"TC008"},{"name":"tag","value":"TC000"},{"name":"parentSuite","value":"tests.regression_ui"},{"name":"suite","value":"test_ui_regression"},{"name":"subSuite","value":"TestUIRegression"},{"name":"host","value":"fv-az1680-624"},{"name":"thread","value":"4686-MainThread"},{"name":"framework","value":"pytest"},{"name":"language","value":"cpython3"},{"name":"package","value":"tests.regression_ui.test_ui_regression"},{"name":"resultFormat","value":"allure2"}],"parameters":[],"links":[],"hidden":false,"retry":false,"extra":{"severity":"normal","retries":[],"categories":[{"name":"Test defects","matchedStatuses":[],"flaky":false}],"history":{"statistic":{"failed":0,"broken":5,"skipped":0,"passed":387,"unknown":0,"total":392},"items":[{"uid":"2e5c304f2f2cbe36","status":"broken","statusDetails":"selenium.common.exceptions.TimeoutException: Message: \nStacktrace:\n#0 0x55b1c0302bea <unknown>\n#1 0x55b1bfda07d0 <unknown>\n#2 0x55b1bfdf1cc0 <unknown>\n#3 0x55b1bfdf1e41 <unknown>\n#4 0x55b1bfe40984 <unknown>\n#5 0x55b1bfe17abd <unknown>\n#6 0x55b1bfe3dd0c <unknown>\n#7 0x55b1bfe17863 <unknown>\n#8 0x55b1bfde3ac8 <unknown>\n#9 0x55b1bfde4c31 <unknown>\n#10 0x55b1c02cc18b <unknown>\n#11 0x55b1c02d0112 <unknown>\n#12 0x55b1c02b904c <unknown>\n#13 0x55b1c02d0d04 <unknown>\n#14 0x55b1c029d4bf <unknown>\n#15 0x55b1c02f1528 <unknown>\n#16 0x55b1c02f16f9 <unknown>\n#17 0x55b1c0301a66 <unknown>\n#18 0x7fd3b749caa4 <unknown>\n#19 0x7fd3b7529c3c <unknown>","time":{"start":1740876381181,"stop":1740876396691,"duration":15510}},{"uid":"5cf0891f11c1646b","status":"passed","time":{"start":1740863418928,"stop":1740863438634,"duration":19706}},{"uid":"b255d2d7cfafee8b","status":"passed","time":{"start":1740852830204,"stop":1740852850148,"duration":19944}},{"uid":"d4044d3363488d39","status":"passed","time":{"start":1740841966185,"stop":1740841991048,"duration":24863}},{"uid":"990ed11760568a57","status":"passed","time":{"start":1740831498748,"stop":1740831517887,"duration":19139}},{"uid":"3f6c9b309b90f384","status":"passed","time":{"start":1740820340996,"stop":1740820361064,"duration":20068}},{"uid":"e794a3b5fefff08c","status":"passed","time":{"start":1740809685846,"stop":1740809710363,"duration":24517}},{"uid":"1c1ee6f3639c87d8","status":"passed","time":{"start":1740799580537,"stop":1740799599635,"duration":19098}},{"uid":"7355d3d65d235c9a","status":"passed","time":{"start":1740790131158,"stop":1740790150163,"duration":19005}},{"uid":"a80797f5c6f94014","status":"passed","time":{"start":1740777080854,"stop":1740777099827,"duration":18973}},{"uid":"a6a9257a8438fbaf","status":"passed","time":{"start":1740766518455,"stop":1740766539200,"duration":20745}},{"uid":"59ad3dfa4ca75c8e","status":"passed","time":{"start":1740755569213,"stop":1740755588375,"duration":19162}},{"uid":"692ff7ef09b52cc3","status":"passed","time":{"start":1740745131128,"stop":1740745150153,"duration":19025}},{"uid":"c757ae4cddff6571","status":"passed","time":{"start":1740733966003,"stop":1740733985814,"duration":19811}},{"uid":"7d7bd944e532fe84","status":"passed","time":{"start":1740723346858,"stop":1740723366078,"duration":19220}},{"uid":"9a92e8c4e661c240","status":"passed","time":{"start":1740712877241,"stop":1740712896256,"duration":19015}},{"uid":"a96b4153684825d6","status":"passed","time":{"start":1740703548124,"stop":1740703567247,"duration":19123}},{"uid":"b44e6f8b758e6dc2","status":"passed","time":{"start":1740690709193,"stop":1740690728153,"duration":18960}},{"uid":"7a6390396d4a9de8","status":"passed","time":{"start":1740680117870,"stop":1740680136793,"duration":18923}},{"uid":"c14930e06450cded","status":"passed","time":{"start":1740669200868,"stop":1740669221032,"duration":20164}}]},"tags":["TC008","TC000"]},"source":"71a35b7f8352856a.json","parameterValues":[]}