{"uid":"7c0a65ae7e77b9b","name":"Archive a card","fullName":"tests.regression_ui.test_ui_regression.TestUIRegression#test_archive_card","historyId":"4151bed777d70c35651f4626d00b86b5","time":{"start":1738153246801,"stop":1738153309578,"duration":62777},"status":"broken","statusMessage":"selenium.common.exceptions.NoSuchElementException: Message: no such element: Unable to locate element: {\"method\":\"xpath\",\"selector\":\"//*[contains(text(), 'new_card')]\"}\n  (Session info: chrome=132.0.6834.159); For documentation on this error, please visit: https://www.selenium.dev/documentation/webdriver/troubleshooting/errors#no-such-element-exception\nStacktrace:\n#0 0x56457a067dca <unknown>\n#1 0x564579b5e3f0 <unknown>\n#2 0x564579bae10c <unknown>\n#3 0x564579bae331 <unknown>\n#4 0x564579bf4154 <unknown>\n#5 0x564579bd2abd <unknown>\n#6 0x564579bf14b3 <unknown>\n#7 0x564579bd2833 <unknown>\n#8 0x564579b9f5a0 <unknown>\n#9 0x564579ba0ece <unknown>\n#10 0x56457a031bdb <unknown>\n#11 0x56457a035b67 <unknown>\n#12 0x56457a01d3bc <unknown>\n#13 0x56457a036727 <unknown>\n#14 0x56457a00174f <unknown>\n#15 0x56457a056938 <unknown>\n#16 0x56457a056b00 <unknown>\n#17 0x56457a066c46 <unknown>\n#18 0x7f1650a9ca94 <unknown>\n#19 0x7f1650b29c3c <unknown>","statusTrace":"self = <tests.regression_ui.test_ui_regression.TestUIRegression object at 0x7f8e7166e7e0>\ndriver = <selenium.webdriver.chrome.webdriver.WebDriver (session=\"4824c15873eed4361bf4036d15b782d6\")>\n\n    @pytest.mark.TC000\n    @pytest.mark.TC006\n    @allure.title('Archive a card')\n    def test_archive_card(self, driver):\n        time.sleep(5)\n        with allure.step('Log in to Trello account'):\n            self.test_login(driver)\n    \n        with allure.step('Open a board and select a card'):\n            try:\n                WebDriverWait(driver, 30).until(EC.element_to_be_clickable((By.XPATH, self.SCC.Board.BOARD_TITLE))).click()\n                WebDriverWait(driver, 10).until(EC.visibility_of_element_located((By.XPATH, self.SCC.Board.LIST_TITLE))).click()\n                driver.find_element(By.XPATH, self.SCC.List.ADD_A_CARD_BUTTON).click()\n                driver.find_element(By.XPATH, self.SCC.List.CARD_NAME_FIELD).click()\n                time.sleep(1)\n                driver.find_element(By.XPATH, self.SCC.List.CARD_NAME_FIELD).send_keys('new_card')\n                driver.find_element(By.XPATH, self.SCC.List.ADD_CARD_SUBMIT_BUTTOMN).click()\n                time.sleep(2)\n            except Exception as e:\n                log.info(\"An error occurred: \", str(e))\n    \n        with allure.step('Click the card to open and archive it'):\n>           driver.find_element(By.XPATH, self.SCC.List.CARD_TO_ARCHIVE).click()\n\ntests/regression_ui/test_ui_regression.py:204: \n_ _ _ _ _ _ _ _ _ _ _ _ _ _ _ _ _ _ _ _ _ _ _ _ _ _ _ _ _ _ _ _ _ _ _ _ _ _ _ _ \n/opt/hostedtoolcache/Python/3.12.5/x64/lib/python3.12/site-packages/selenium/webdriver/remote/webdriver.py:770: in find_element\n    return self.execute(Command.FIND_ELEMENT, {\"using\": by, \"value\": value})[\"value\"]\n/opt/hostedtoolcache/Python/3.12.5/x64/lib/python3.12/site-packages/selenium/webdriver/remote/webdriver.py:384: in execute\n    self.error_handler.check_response(response)\n_ _ _ _ _ _ _ _ _ _ _ _ _ _ _ _ _ _ _ _ _ _ _ _ _ _ _ _ _ _ _ _ _ _ _ _ _ _ _ _ \n\nself = <selenium.webdriver.remote.errorhandler.ErrorHandler object at 0x7f8e71674140>\nresponse = {'status': 404, 'value': '{\"value\":{\"error\":\"no such element\",\"message\":\"no such element: Unable to locate element: {\\...\\\\n#17 0x56457a066c46 \\\\u003Cunknown>\\\\n#18 0x7f1650a9ca94 \\\\u003Cunknown>\\\\n#19 0x7f1650b29c3c \\\\u003Cunknown>\\\\n\"}}'}\n\n    def check_response(self, response: Dict[str, Any]) -> None:\n        \"\"\"Checks that a JSON response from the WebDriver does not have an\n        error.\n    \n        :Args:\n         - response - The JSON response from the WebDriver server as a dictionary\n           object.\n    \n        :Raises: If the response contains an error message.\n        \"\"\"\n        status = response.get(\"status\", None)\n        if not status or status == ErrorCode.SUCCESS:\n            return\n        value = None\n        message = response.get(\"message\", \"\")\n        screen: str = response.get(\"screen\", \"\")\n        stacktrace = None\n        if isinstance(status, int):\n            value_json = response.get(\"value\", None)\n            if value_json and isinstance(value_json, str):\n                import json\n    \n                try:\n                    value = json.loads(value_json)\n                    if len(value) == 1:\n                        value = value[\"value\"]\n                    status = value.get(\"error\", None)\n                    if not status:\n                        status = value.get(\"status\", ErrorCode.UNKNOWN_ERROR)\n                        message = value.get(\"value\") or value.get(\"message\")\n                        if not isinstance(message, str):\n                            value = message\n                            message = message.get(\"message\")\n                    else:\n                        message = value.get(\"message\", None)\n                except ValueError:\n                    pass\n    \n        exception_class: Type[WebDriverException]\n        e = ErrorCode()\n        error_codes = [item for item in dir(e) if not item.startswith(\"__\")]\n        for error_code in error_codes:\n            error_info = getattr(ErrorCode, error_code)\n            if isinstance(error_info, list) and status in error_info:\n                exception_class = getattr(ExceptionMapping, error_code, WebDriverException)\n                break\n        else:\n            exception_class = WebDriverException\n    \n        if not value:\n            value = response[\"value\"]\n        if isinstance(value, str):\n            raise exception_class(value)\n        if message == \"\" and \"message\" in value:\n            message = value[\"message\"]\n    \n        screen = None  # type: ignore[assignment]\n        if \"screen\" in value:\n            screen = value[\"screen\"]\n    \n        stacktrace = None\n        st_value = value.get(\"stackTrace\") or value.get(\"stacktrace\")\n        if st_value:\n            if isinstance(st_value, str):\n                stacktrace = st_value.split(\"\\n\")\n            else:\n                stacktrace = []\n                try:\n                    for frame in st_value:\n                        line = frame.get(\"lineNumber\", \"\")\n                        file = frame.get(\"fileName\", \"<anonymous>\")\n                        if line:\n                            file = f\"{file}:{line}\"\n                        meth = frame.get(\"methodName\", \"<anonymous>\")\n                        if \"className\" in frame:\n                            meth = f\"{frame['className']}.{meth}\"\n                        msg = \"    at %s (%s)\"\n                        msg = msg % (meth, file)\n                        stacktrace.append(msg)\n                except TypeError:\n                    pass\n        if exception_class == UnexpectedAlertPresentException:\n            alert_text = None\n            if \"data\" in value:\n                alert_text = value[\"data\"].get(\"text\")\n            elif \"alert\" in value:\n                alert_text = value[\"alert\"].get(\"text\")\n            raise exception_class(message, screen, stacktrace, alert_text)  # type: ignore[call-arg]  # mypy is not smart enough here\n>       raise exception_class(message, screen, stacktrace)\nE       selenium.common.exceptions.NoSuchElementException: Message: no such element: Unable to locate element: {\"method\":\"xpath\",\"selector\":\"//*[contains(text(), 'new_card')]\"}\nE         (Session info: chrome=132.0.6834.159); For documentation on this error, please visit: https://www.selenium.dev/documentation/webdriver/troubleshooting/errors#no-such-element-exception\nE       Stacktrace:\nE       #0 0x56457a067dca <unknown>\nE       #1 0x564579b5e3f0 <unknown>\nE       #2 0x564579bae10c <unknown>\nE       #3 0x564579bae331 <unknown>\nE       #4 0x564579bf4154 <unknown>\nE       #5 0x564579bd2abd <unknown>\nE       #6 0x564579bf14b3 <unknown>\nE       #7 0x564579bd2833 <unknown>\nE       #8 0x564579b9f5a0 <unknown>\nE       #9 0x564579ba0ece <unknown>\nE       #10 0x56457a031bdb <unknown>\nE       #11 0x56457a035b67 <unknown>\nE       #12 0x56457a01d3bc <unknown>\nE       #13 0x56457a036727 <unknown>\nE       #14 0x56457a00174f <unknown>\nE       #15 0x56457a056938 <unknown>\nE       #16 0x56457a056b00 <unknown>\nE       #17 0x56457a066c46 <unknown>\nE       #18 0x7f1650a9ca94 <unknown>\nE       #19 0x7f1650b29c3c <unknown>\n\n/opt/hostedtoolcache/Python/3.12.5/x64/lib/python3.12/site-packages/selenium/webdriver/remote/errorhandler.py:232: NoSuchElementException","flaky":true,"newFailed":false,"newBroken":true,"newPassed":false,"retriesCount":0,"retriesStatusChange":false,"beforeStages":[{"name":"driver","time":{"start":1738153246551,"stop":1738153246800,"duration":249},"status":"passed","steps":[],"attachments":[],"parameters":[],"shouldDisplayMessage":false,"stepsCount":0,"attachmentsCount":0,"hasContent":false,"attachmentStep":false},{"name":"setup","time":{"start":1738153246800,"stop":1738153246800,"duration":0},"status":"passed","steps":[],"attachments":[],"parameters":[],"shouldDisplayMessage":false,"stepsCount":0,"attachmentsCount":0,"hasContent":false,"attachmentStep":false}],"testStage":{"status":"broken","statusMessage":"selenium.common.exceptions.NoSuchElementException: Message: no such element: Unable to locate element: {\"method\":\"xpath\",\"selector\":\"//*[contains(text(), 'new_card')]\"}\n  (Session info: chrome=132.0.6834.159); For documentation on this error, please visit: https://www.selenium.dev/documentation/webdriver/troubleshooting/errors#no-such-element-exception\nStacktrace:\n#0 0x56457a067dca <unknown>\n#1 0x564579b5e3f0 <unknown>\n#2 0x564579bae10c <unknown>\n#3 0x564579bae331 <unknown>\n#4 0x564579bf4154 <unknown>\n#5 0x564579bd2abd <unknown>\n#6 0x564579bf14b3 <unknown>\n#7 0x564579bd2833 <unknown>\n#8 0x564579b9f5a0 <unknown>\n#9 0x564579ba0ece <unknown>\n#10 0x56457a031bdb <unknown>\n#11 0x56457a035b67 <unknown>\n#12 0x56457a01d3bc <unknown>\n#13 0x56457a036727 <unknown>\n#14 0x56457a00174f <unknown>\n#15 0x56457a056938 <unknown>\n#16 0x56457a056b00 <unknown>\n#17 0x56457a066c46 <unknown>\n#18 0x7f1650a9ca94 <unknown>\n#19 0x7f1650b29c3c <unknown>","statusTrace":"self = <tests.regression_ui.test_ui_regression.TestUIRegression object at 0x7f8e7166e7e0>\ndriver = <selenium.webdriver.chrome.webdriver.WebDriver (session=\"4824c15873eed4361bf4036d15b782d6\")>\n\n    @pytest.mark.TC000\n    @pytest.mark.TC006\n    @allure.title('Archive a card')\n    def test_archive_card(self, driver):\n        time.sleep(5)\n        with allure.step('Log in to Trello account'):\n            self.test_login(driver)\n    \n        with allure.step('Open a board and select a card'):\n            try:\n                WebDriverWait(driver, 30).until(EC.element_to_be_clickable((By.XPATH, self.SCC.Board.BOARD_TITLE))).click()\n                WebDriverWait(driver, 10).until(EC.visibility_of_element_located((By.XPATH, self.SCC.Board.LIST_TITLE))).click()\n                driver.find_element(By.XPATH, self.SCC.List.ADD_A_CARD_BUTTON).click()\n                driver.find_element(By.XPATH, self.SCC.List.CARD_NAME_FIELD).click()\n                time.sleep(1)\n                driver.find_element(By.XPATH, self.SCC.List.CARD_NAME_FIELD).send_keys('new_card')\n                driver.find_element(By.XPATH, self.SCC.List.ADD_CARD_SUBMIT_BUTTOMN).click()\n                time.sleep(2)\n            except Exception as e:\n                log.info(\"An error occurred: \", str(e))\n    \n        with allure.step('Click the card to open and archive it'):\n>           driver.find_element(By.XPATH, self.SCC.List.CARD_TO_ARCHIVE).click()\n\ntests/regression_ui/test_ui_regression.py:204: \n_ _ _ _ _ _ _ _ _ _ _ _ _ _ _ _ _ _ _ _ _ _ _ _ _ _ _ _ _ _ _ _ _ _ _ _ _ _ _ _ \n/opt/hostedtoolcache/Python/3.12.5/x64/lib/python3.12/site-packages/selenium/webdriver/remote/webdriver.py:770: in find_element\n    return self.execute(Command.FIND_ELEMENT, {\"using\": by, \"value\": value})[\"value\"]\n/opt/hostedtoolcache/Python/3.12.5/x64/lib/python3.12/site-packages/selenium/webdriver/remote/webdriver.py:384: in execute\n    self.error_handler.check_response(response)\n_ _ _ _ _ _ _ _ _ _ _ _ _ _ _ _ _ _ _ _ _ _ _ _ _ _ _ _ _ _ _ _ _ _ _ _ _ _ _ _ \n\nself = <selenium.webdriver.remote.errorhandler.ErrorHandler object at 0x7f8e71674140>\nresponse = {'status': 404, 'value': '{\"value\":{\"error\":\"no such element\",\"message\":\"no such element: Unable to locate element: {\\...\\\\n#17 0x56457a066c46 \\\\u003Cunknown>\\\\n#18 0x7f1650a9ca94 \\\\u003Cunknown>\\\\n#19 0x7f1650b29c3c \\\\u003Cunknown>\\\\n\"}}'}\n\n    def check_response(self, response: Dict[str, Any]) -> None:\n        \"\"\"Checks that a JSON response from the WebDriver does not have an\n        error.\n    \n        :Args:\n         - response - The JSON response from the WebDriver server as a dictionary\n           object.\n    \n        :Raises: If the response contains an error message.\n        \"\"\"\n        status = response.get(\"status\", None)\n        if not status or status == ErrorCode.SUCCESS:\n            return\n        value = None\n        message = response.get(\"message\", \"\")\n        screen: str = response.get(\"screen\", \"\")\n        stacktrace = None\n        if isinstance(status, int):\n            value_json = response.get(\"value\", None)\n            if value_json and isinstance(value_json, str):\n                import json\n    \n                try:\n                    value = json.loads(value_json)\n                    if len(value) == 1:\n                        value = value[\"value\"]\n                    status = value.get(\"error\", None)\n                    if not status:\n                        status = value.get(\"status\", ErrorCode.UNKNOWN_ERROR)\n                        message = value.get(\"value\") or value.get(\"message\")\n                        if not isinstance(message, str):\n                            value = message\n                            message = message.get(\"message\")\n                    else:\n                        message = value.get(\"message\", None)\n                except ValueError:\n                    pass\n    \n        exception_class: Type[WebDriverException]\n        e = ErrorCode()\n        error_codes = [item for item in dir(e) if not item.startswith(\"__\")]\n        for error_code in error_codes:\n            error_info = getattr(ErrorCode, error_code)\n            if isinstance(error_info, list) and status in error_info:\n                exception_class = getattr(ExceptionMapping, error_code, WebDriverException)\n                break\n        else:\n            exception_class = WebDriverException\n    \n        if not value:\n            value = response[\"value\"]\n        if isinstance(value, str):\n            raise exception_class(value)\n        if message == \"\" and \"message\" in value:\n            message = value[\"message\"]\n    \n        screen = None  # type: ignore[assignment]\n        if \"screen\" in value:\n            screen = value[\"screen\"]\n    \n        stacktrace = None\n        st_value = value.get(\"stackTrace\") or value.get(\"stacktrace\")\n        if st_value:\n            if isinstance(st_value, str):\n                stacktrace = st_value.split(\"\\n\")\n            else:\n                stacktrace = []\n                try:\n                    for frame in st_value:\n                        line = frame.get(\"lineNumber\", \"\")\n                        file = frame.get(\"fileName\", \"<anonymous>\")\n                        if line:\n                            file = f\"{file}:{line}\"\n                        meth = frame.get(\"methodName\", \"<anonymous>\")\n                        if \"className\" in frame:\n                            meth = f\"{frame['className']}.{meth}\"\n                        msg = \"    at %s (%s)\"\n                        msg = msg % (meth, file)\n                        stacktrace.append(msg)\n                except TypeError:\n                    pass\n        if exception_class == UnexpectedAlertPresentException:\n            alert_text = None\n            if \"data\" in value:\n                alert_text = value[\"data\"].get(\"text\")\n            elif \"alert\" in value:\n                alert_text = value[\"alert\"].get(\"text\")\n            raise exception_class(message, screen, stacktrace, alert_text)  # type: ignore[call-arg]  # mypy is not smart enough here\n>       raise exception_class(message, screen, stacktrace)\nE       selenium.common.exceptions.NoSuchElementException: Message: no such element: Unable to locate element: {\"method\":\"xpath\",\"selector\":\"//*[contains(text(), 'new_card')]\"}\nE         (Session info: chrome=132.0.6834.159); For documentation on this error, please visit: https://www.selenium.dev/documentation/webdriver/troubleshooting/errors#no-such-element-exception\nE       Stacktrace:\nE       #0 0x56457a067dca <unknown>\nE       #1 0x564579b5e3f0 <unknown>\nE       #2 0x564579bae10c <unknown>\nE       #3 0x564579bae331 <unknown>\nE       #4 0x564579bf4154 <unknown>\nE       #5 0x564579bd2abd <unknown>\nE       #6 0x564579bf14b3 <unknown>\nE       #7 0x564579bd2833 <unknown>\nE       #8 0x564579b9f5a0 <unknown>\nE       #9 0x564579ba0ece <unknown>\nE       #10 0x56457a031bdb <unknown>\nE       #11 0x56457a035b67 <unknown>\nE       #12 0x56457a01d3bc <unknown>\nE       #13 0x56457a036727 <unknown>\nE       #14 0x56457a00174f <unknown>\nE       #15 0x56457a056938 <unknown>\nE       #16 0x56457a056b00 <unknown>\nE       #17 0x56457a066c46 <unknown>\nE       #18 0x7f1650a9ca94 <unknown>\nE       #19 0x7f1650b29c3c <unknown>\n\n/opt/hostedtoolcache/Python/3.12.5/x64/lib/python3.12/site-packages/selenium/webdriver/remote/errorhandler.py:232: NoSuchElementException","steps":[{"name":"Log in to Trello account","time":{"start":1738153251801,"stop":1738153279267,"duration":27466},"status":"passed","steps":[{"name":"Navigate to the Trello login page","time":{"start":1738153251801,"stop":1738153255075,"duration":3274},"status":"passed","steps":[],"attachments":[],"parameters":[],"shouldDisplayMessage":false,"stepsCount":0,"attachmentsCount":0,"hasContent":false,"attachmentStep":false},{"name":"Enter valid credentials (email, password, and 6-digits verification code)","time":{"start":1738153255075,"stop":1738153279266,"duration":24191},"status":"passed","steps":[],"attachments":[],"parameters":[],"shouldDisplayMessage":false,"stepsCount":0,"attachmentsCount":0,"hasContent":false,"attachmentStep":false}],"attachments":[],"parameters":[],"shouldDisplayMessage":false,"stepsCount":2,"attachmentsCount":0,"hasContent":true,"attachmentStep":false},{"name":"Open a board and select a card","time":{"start":1738153279267,"stop":1738153309561,"duration":30294},"status":"passed","steps":[],"attachments":[],"parameters":[],"shouldDisplayMessage":false,"stepsCount":0,"attachmentsCount":0,"hasContent":false,"attachmentStep":false},{"name":"Click the card to open and archive it","time":{"start":1738153309561,"stop":1738153309577,"duration":16},"status":"broken","statusMessage":"selenium.common.exceptions.NoSuchElementException: Message: no such element: Unable to locate element: {\"method\":\"xpath\",\"selector\":\"//*[contains(text(), 'new_card')]\"}\n  (Session info: chrome=132.0.6834.159); For documentation on this error, please visit: https://www.selenium.dev/documentation/webdriver/troubleshooting/errors#no-such-element-exception\nStacktrace:\n#0 0x56457a067dca <unknown>\n#1 0x564579b5e3f0 <unknown>\n#2 0x564579bae10c <unknown>\n#3 0x564579bae331 <unknown>\n#4 0x564579bf4154 <unknown>\n#5 0x564579bd2abd <unknown>\n#6 0x564579bf14b3 <unknown>\n#7 0x564579bd2833 <unknown>\n#8 0x564579b9f5a0 <unknown>\n#9 0x564579ba0ece <unknown>\n#10 0x56457a031bdb <unknown>\n#11 0x56457a035b67 <unknown>\n#12 0x56457a01d3bc <unknown>\n#13 0x56457a036727 <unknown>\n#14 0x56457a00174f <unknown>\n#15 0x56457a056938 <unknown>\n#16 0x56457a056b00 <unknown>\n#17 0x56457a066c46 <unknown>\n#18 0x7f1650a9ca94 <unknown>\n#19 0x7f1650b29c3c <unknown>\n\n","statusTrace":"  File \"/home/runner/work/pythonSelenium/pythonSelenium/tests/regression_ui/test_ui_regression.py\", line 204, in test_archive_card\n    driver.find_element(By.XPATH, self.SCC.List.CARD_TO_ARCHIVE).click()\n    ^^^^^^^^^^^^^^^^^^^^^^^^^^^^^^^^^^^^^^^^^^^^^^^^^^^^^^^^^^^^\n  File \"/opt/hostedtoolcache/Python/3.12.5/x64/lib/python3.12/site-packages/selenium/webdriver/remote/webdriver.py\", line 770, in find_element\n    return self.execute(Command.FIND_ELEMENT, {\"using\": by, \"value\": value})[\"value\"]\n           ^^^^^^^^^^^^^^^^^^^^^^^^^^^^^^^^^^^^^^^^^^^^^^^^^^^^^^^^^^^^^^^^^\n  File \"/opt/hostedtoolcache/Python/3.12.5/x64/lib/python3.12/site-packages/selenium/webdriver/remote/webdriver.py\", line 384, in execute\n    self.error_handler.check_response(response)\n  File \"/opt/hostedtoolcache/Python/3.12.5/x64/lib/python3.12/site-packages/selenium/webdriver/remote/errorhandler.py\", line 232, in check_response\n    raise exception_class(message, screen, stacktrace)\n","steps":[],"attachments":[],"parameters":[],"shouldDisplayMessage":true,"stepsCount":0,"attachmentsCount":0,"hasContent":true,"attachmentStep":false}],"attachments":[],"parameters":[],"shouldDisplayMessage":true,"stepsCount":5,"attachmentsCount":0,"hasContent":true,"attachmentStep":false},"afterStages":[{"name":"driver::0","time":{"start":1738153309633,"stop":1738153309720,"duration":87},"status":"passed","steps":[],"attachments":[],"parameters":[],"shouldDisplayMessage":false,"stepsCount":0,"attachmentsCount":0,"hasContent":false,"attachmentStep":false}],"labels":[{"name":"tag","value":"TC006"},{"name":"tag","value":"TC000"},{"name":"parentSuite","value":"tests.regression_ui"},{"name":"suite","value":"test_ui_regression"},{"name":"subSuite","value":"TestUIRegression"},{"name":"host","value":"fv-az2023-458"},{"name":"thread","value":"4009-MainThread"},{"name":"framework","value":"pytest"},{"name":"language","value":"cpython3"},{"name":"package","value":"tests.regression_ui.test_ui_regression"},{"name":"resultFormat","value":"allure2"}],"parameters":[],"links":[],"hidden":false,"retry":false,"extra":{"severity":"normal","retries":[],"categories":[{"name":"Test defects","matchedStatuses":[],"flaky":false}],"history":{"statistic":{"failed":6,"broken":18,"skipped":0,"passed":128,"unknown":0,"total":152},"items":[{"uid":"69582437b8922408","status":"passed","time":{"start":1738141994075,"stop":1738142025817,"duration":31742}},{"uid":"b644f8d1174e95e4","status":"passed","time":{"start":1738131462168,"stop":1738131493832,"duration":31664}},{"uid":"3b18b379555d86cd","status":"passed","time":{"start":1738120483983,"stop":1738120515886,"duration":31903}},{"uid":"9164c2a8d405053a","status":"failed","statusDetails":"AssertionError: assert 2 == 0","time":{"start":1738111688493,"stop":1738111720578,"duration":32085}},{"uid":"efcbdb4b089dd1d5","status":"passed","time":{"start":1738098695840,"stop":1738098727633,"duration":31793}},{"uid":"ebd3e83c913c6f53","status":"passed","time":{"start":1738088174897,"stop":1738088206446,"duration":31549}},{"uid":"90dcbe6854f990fb","status":"passed","time":{"start":1738077204187,"stop":1738077235997,"duration":31810}},{"uid":"9df48ea571a95a86","status":"passed","time":{"start":1738066826199,"stop":1738066857882,"duration":31683}},{"uid":"29cb892a4a4505a1","status":"passed","time":{"start":1738055613348,"stop":1738055645164,"duration":31816}},{"uid":"8d1d50c379ee0621","status":"passed","time":{"start":1738045051338,"stop":1738045082986,"duration":31648}},{"uid":"eb2456eb026ba73c","status":"passed","time":{"start":1738034069306,"stop":1738034100947,"duration":31641}},{"uid":"c6bb1dfcbc074ca1","status":"passed","time":{"start":1738025273757,"stop":1738025305502,"duration":31745}},{"uid":"cd837ffd52ec8da4","status":"passed","time":{"start":1738012323422,"stop":1738012355103,"duration":31681}},{"uid":"46bb2c638b4e06af","status":"passed","time":{"start":1738001815604,"stop":1738001847345,"duration":31741}},{"uid":"81d21452997cc58f","status":"passed","time":{"start":1737990752192,"stop":1737990783829,"duration":31637}},{"uid":"a6dedacaeca1d353","status":"passed","time":{"start":1737980485651,"stop":1737980517257,"duration":31606}},{"uid":"a9489603afb4d10a","status":"passed","time":{"start":1737969254876,"stop":1737969286465,"duration":31589}},{"uid":"94ab46f2401e1674","status":"passed","time":{"start":1737958644077,"stop":1737958675700,"duration":31623}},{"uid":"7297888abfd42429","status":"passed","time":{"start":1737947739600,"stop":1737947771201,"duration":31601}},{"uid":"f63911ed4082691d","status":"passed","time":{"start":1737938999502,"stop":1737939031170,"duration":31668}}]},"tags":["TC006","TC000"]},"source":"7c0a65ae7e77b9b.json","parameterValues":[]}