{"uid":"7e00850aeaa5b60d","name":"Label a Card","fullName":"tests.regression_ui.test_ui_regression.TestUIRegression#test_label_card","historyId":"81bf587fe9f2db9e87ee2dc06e7308b0","time":{"start":1733890567968,"stop":1733890600310,"duration":32342},"status":"broken","statusMessage":"selenium.common.exceptions.TimeoutException: Message: \nStacktrace:\n#0 0x56345cb7c31a <unknown>\n#1 0x56345c6926e0 <unknown>\n#2 0x56345c6e13e6 <unknown>\n#3 0x56345c6e1681 <unknown>\n#4 0x56345c726b04 <unknown>\n#5 0x56345c70548d <unknown>\n#6 0x56345c723ed7 <unknown>\n#7 0x56345c705203 <unknown>\n#8 0x56345c6d3cc0 <unknown>\n#9 0x56345c6d4c9e <unknown>\n#10 0x56345cb49d0b <unknown>\n#11 0x56345cb4dc92 <unknown>\n#12 0x56345cb36b3c <unknown>\n#13 0x56345cb4e807 <unknown>\n#14 0x56345cb1c0df <unknown>\n#15 0x56345cb6b578 <unknown>\n#16 0x56345cb6b740 <unknown>\n#17 0x56345cb7b196 <unknown>\n#18 0x7f6cdfe94ac3 <unknown>","statusTrace":"self = <tests.regression_ui.test_ui_regression.TestUIRegression object at 0x7fb691677af0>\ndriver = <selenium.webdriver.chrome.webdriver.WebDriver (session=\"19376b374e42c6df097a513713fde2b2\")>\n\n    @pytest.mark.TC000\n    @pytest.mark.TC007\n    @allure.title('Label a Card')\n    def test_label_card(self, driver):\n        time.sleep(4)\n        with allure.step('Log in to Trello account'):\n            self.test_login(driver)\n    \n        with allure.step('Open a board and select a card'):\n            WebDriverWait(driver, 10).until(EC.element_to_be_clickable((By.XPATH, self.SCC.Board.BOARD_TITLE))).click()\n>           WebDriverWait(driver, 10).until(EC.visibility_of_element_located((By.XPATH, self.SCC.Board.LIST_TITLE))).click()\n\ntests/regression_ui/test_ui_regression.py:208: \n_ _ _ _ _ _ _ _ _ _ _ _ _ _ _ _ _ _ _ _ _ _ _ _ _ _ _ _ _ _ _ _ _ _ _ _ _ _ _ _ \n\nself = <selenium.webdriver.support.wait.WebDriverWait (session=\"19376b374e42c6df097a513713fde2b2\")>\nmethod = <function visibility_of_element_located.<locals>._predicate at 0x7fb6914131f0>\nmessage = ''\n\n    def until(self, method: Callable[[D], Union[Literal[False], T]], message: str = \"\") -> T:\n        \"\"\"Calls the method provided with the driver as an argument until the \\\n        return value does not evaluate to ``False``.\n    \n        :param method: callable(WebDriver)\n        :param message: optional message for :exc:`TimeoutException`\n        :returns: the result of the last call to `method`\n        :raises: :exc:`selenium.common.exceptions.TimeoutException` if timeout occurs\n        \"\"\"\n        screen = None\n        stacktrace = None\n    \n        end_time = time.monotonic() + self._timeout\n        while True:\n            try:\n                value = method(self._driver)\n                if value:\n                    return value\n            except self._ignored_exceptions as exc:\n                screen = getattr(exc, \"screen\", None)\n                stacktrace = getattr(exc, \"stacktrace\", None)\n            if time.monotonic() > end_time:\n                break\n            time.sleep(self._poll)\n>       raise TimeoutException(message, screen, stacktrace)\nE       selenium.common.exceptions.TimeoutException: Message: \nE       Stacktrace:\nE       #0 0x56345cb7c31a <unknown>\nE       #1 0x56345c6926e0 <unknown>\nE       #2 0x56345c6e13e6 <unknown>\nE       #3 0x56345c6e1681 <unknown>\nE       #4 0x56345c726b04 <unknown>\nE       #5 0x56345c70548d <unknown>\nE       #6 0x56345c723ed7 <unknown>\nE       #7 0x56345c705203 <unknown>\nE       #8 0x56345c6d3cc0 <unknown>\nE       #9 0x56345c6d4c9e <unknown>\nE       #10 0x56345cb49d0b <unknown>\nE       #11 0x56345cb4dc92 <unknown>\nE       #12 0x56345cb36b3c <unknown>\nE       #13 0x56345cb4e807 <unknown>\nE       #14 0x56345cb1c0df <unknown>\nE       #15 0x56345cb6b578 <unknown>\nE       #16 0x56345cb6b740 <unknown>\nE       #17 0x56345cb7b196 <unknown>\nE       #18 0x7f6cdfe94ac3 <unknown>\n\n/opt/hostedtoolcache/Python/3.8.18/x64/lib/python3.8/site-packages/selenium/webdriver/support/wait.py:105: TimeoutException","flaky":false,"newFailed":false,"newBroken":false,"newPassed":false,"retriesCount":0,"retriesStatusChange":false,"beforeStages":[{"name":"driver","time":{"start":1733890567683,"stop":1733890567967,"duration":284},"status":"passed","steps":[],"attachments":[],"parameters":[],"stepsCount":0,"shouldDisplayMessage":false,"attachmentsCount":0,"hasContent":false,"attachmentStep":false},{"name":"setup","time":{"start":1733890567967,"stop":1733890567968,"duration":1},"status":"passed","steps":[],"attachments":[],"parameters":[],"stepsCount":0,"shouldDisplayMessage":false,"attachmentsCount":0,"hasContent":false,"attachmentStep":false}],"testStage":{"status":"broken","statusMessage":"selenium.common.exceptions.TimeoutException: Message: \nStacktrace:\n#0 0x56345cb7c31a <unknown>\n#1 0x56345c6926e0 <unknown>\n#2 0x56345c6e13e6 <unknown>\n#3 0x56345c6e1681 <unknown>\n#4 0x56345c726b04 <unknown>\n#5 0x56345c70548d <unknown>\n#6 0x56345c723ed7 <unknown>\n#7 0x56345c705203 <unknown>\n#8 0x56345c6d3cc0 <unknown>\n#9 0x56345c6d4c9e <unknown>\n#10 0x56345cb49d0b <unknown>\n#11 0x56345cb4dc92 <unknown>\n#12 0x56345cb36b3c <unknown>\n#13 0x56345cb4e807 <unknown>\n#14 0x56345cb1c0df <unknown>\n#15 0x56345cb6b578 <unknown>\n#16 0x56345cb6b740 <unknown>\n#17 0x56345cb7b196 <unknown>\n#18 0x7f6cdfe94ac3 <unknown>","statusTrace":"self = <tests.regression_ui.test_ui_regression.TestUIRegression object at 0x7fb691677af0>\ndriver = <selenium.webdriver.chrome.webdriver.WebDriver (session=\"19376b374e42c6df097a513713fde2b2\")>\n\n    @pytest.mark.TC000\n    @pytest.mark.TC007\n    @allure.title('Label a Card')\n    def test_label_card(self, driver):\n        time.sleep(4)\n        with allure.step('Log in to Trello account'):\n            self.test_login(driver)\n    \n        with allure.step('Open a board and select a card'):\n            WebDriverWait(driver, 10).until(EC.element_to_be_clickable((By.XPATH, self.SCC.Board.BOARD_TITLE))).click()\n>           WebDriverWait(driver, 10).until(EC.visibility_of_element_located((By.XPATH, self.SCC.Board.LIST_TITLE))).click()\n\ntests/regression_ui/test_ui_regression.py:208: \n_ _ _ _ _ _ _ _ _ _ _ _ _ _ _ _ _ _ _ _ _ _ _ _ _ _ _ _ _ _ _ _ _ _ _ _ _ _ _ _ \n\nself = <selenium.webdriver.support.wait.WebDriverWait (session=\"19376b374e42c6df097a513713fde2b2\")>\nmethod = <function visibility_of_element_located.<locals>._predicate at 0x7fb6914131f0>\nmessage = ''\n\n    def until(self, method: Callable[[D], Union[Literal[False], T]], message: str = \"\") -> T:\n        \"\"\"Calls the method provided with the driver as an argument until the \\\n        return value does not evaluate to ``False``.\n    \n        :param method: callable(WebDriver)\n        :param message: optional message for :exc:`TimeoutException`\n        :returns: the result of the last call to `method`\n        :raises: :exc:`selenium.common.exceptions.TimeoutException` if timeout occurs\n        \"\"\"\n        screen = None\n        stacktrace = None\n    \n        end_time = time.monotonic() + self._timeout\n        while True:\n            try:\n                value = method(self._driver)\n                if value:\n                    return value\n            except self._ignored_exceptions as exc:\n                screen = getattr(exc, \"screen\", None)\n                stacktrace = getattr(exc, \"stacktrace\", None)\n            if time.monotonic() > end_time:\n                break\n            time.sleep(self._poll)\n>       raise TimeoutException(message, screen, stacktrace)\nE       selenium.common.exceptions.TimeoutException: Message: \nE       Stacktrace:\nE       #0 0x56345cb7c31a <unknown>\nE       #1 0x56345c6926e0 <unknown>\nE       #2 0x56345c6e13e6 <unknown>\nE       #3 0x56345c6e1681 <unknown>\nE       #4 0x56345c726b04 <unknown>\nE       #5 0x56345c70548d <unknown>\nE       #6 0x56345c723ed7 <unknown>\nE       #7 0x56345c705203 <unknown>\nE       #8 0x56345c6d3cc0 <unknown>\nE       #9 0x56345c6d4c9e <unknown>\nE       #10 0x56345cb49d0b <unknown>\nE       #11 0x56345cb4dc92 <unknown>\nE       #12 0x56345cb36b3c <unknown>\nE       #13 0x56345cb4e807 <unknown>\nE       #14 0x56345cb1c0df <unknown>\nE       #15 0x56345cb6b578 <unknown>\nE       #16 0x56345cb6b740 <unknown>\nE       #17 0x56345cb7b196 <unknown>\nE       #18 0x7f6cdfe94ac3 <unknown>\n\n/opt/hostedtoolcache/Python/3.8.18/x64/lib/python3.8/site-packages/selenium/webdriver/support/wait.py:105: TimeoutException","steps":[{"name":"Log in to Trello account","time":{"start":1733890571973,"stop":1733890589477,"duration":17504},"status":"passed","steps":[{"name":"Navigate to the Trello login page","time":{"start":1733890571973,"stop":1733890575356,"duration":3383},"status":"passed","steps":[],"attachments":[],"parameters":[],"stepsCount":0,"shouldDisplayMessage":false,"attachmentsCount":0,"hasContent":false,"attachmentStep":false},{"name":"Enter valid credentials (email, password, and 6-digits verification code)","time":{"start":1733890575356,"stop":1733890589476,"duration":14120},"status":"passed","steps":[],"attachments":[],"parameters":[],"stepsCount":0,"shouldDisplayMessage":false,"attachmentsCount":0,"hasContent":false,"attachmentStep":false}],"attachments":[],"parameters":[],"stepsCount":2,"shouldDisplayMessage":false,"attachmentsCount":0,"hasContent":true,"attachmentStep":false},{"name":"Open a board and select a card","time":{"start":1733890589477,"stop":1733890600310,"duration":10833},"status":"broken","statusMessage":"selenium.common.exceptions.TimeoutException: Message: \nStacktrace:\n#0 0x56345cb7c31a <unknown>\n#1 0x56345c6926e0 <unknown>\n#2 0x56345c6e13e6 <unknown>\n#3 0x56345c6e1681 <unknown>\n#4 0x56345c726b04 <unknown>\n#5 0x56345c70548d <unknown>\n#6 0x56345c723ed7 <unknown>\n#7 0x56345c705203 <unknown>\n#8 0x56345c6d3cc0 <unknown>\n#9 0x56345c6d4c9e <unknown>\n#10 0x56345cb49d0b <unknown>\n#11 0x56345cb4dc92 <unknown>\n#12 0x56345cb36b3c <unknown>\n#13 0x56345cb4e807 <unknown>\n#14 0x56345cb1c0df <unknown>\n#15 0x56345cb6b578 <unknown>\n#16 0x56345cb6b740 <unknown>\n#17 0x56345cb7b196 <unknown>\n#18 0x7f6cdfe94ac3 <unknown>\n\n","statusTrace":"  File \"/home/runner/work/pythonSelenium/pythonSelenium/tests/regression_ui/test_ui_regression.py\", line 208, in test_label_card\n    WebDriverWait(driver, 10).until(EC.visibility_of_element_located((By.XPATH, self.SCC.Board.LIST_TITLE))).click()\n  File \"/opt/hostedtoolcache/Python/3.8.18/x64/lib/python3.8/site-packages/selenium/webdriver/support/wait.py\", line 105, in until\n    raise TimeoutException(message, screen, stacktrace)\n","steps":[],"attachments":[],"parameters":[],"stepsCount":0,"shouldDisplayMessage":true,"attachmentsCount":0,"hasContent":true,"attachmentStep":false}],"attachments":[{"uid":"b49a81bf6b427ef0","name":"log","source":"b49a81bf6b427ef0.txt","type":"text/plain","size":58523}],"parameters":[],"stepsCount":4,"shouldDisplayMessage":true,"attachmentsCount":1,"hasContent":true,"attachmentStep":false},"afterStages":[{"name":"driver::0","time":{"start":1733890600320,"stop":1733890600396,"duration":76},"status":"passed","steps":[],"attachments":[],"parameters":[],"stepsCount":0,"shouldDisplayMessage":false,"attachmentsCount":0,"hasContent":false,"attachmentStep":false}],"labels":[{"name":"tag","value":"TC007"},{"name":"tag","value":"TC000"},{"name":"parentSuite","value":"tests.regression_ui"},{"name":"suite","value":"test_ui_regression"},{"name":"subSuite","value":"TestUIRegression"},{"name":"host","value":"fv-az1391-541"},{"name":"thread","value":"3134-MainThread"},{"name":"framework","value":"pytest"},{"name":"language","value":"cpython3"},{"name":"package","value":"tests.regression_ui.test_ui_regression"},{"name":"resultFormat","value":"allure2"}],"parameters":[],"links":[],"hidden":false,"retry":false,"extra":{"severity":"normal","retries":[],"categories":[{"name":"Test defects","matchedStatuses":[],"flaky":false}],"history":{"statistic":{"failed":0,"broken":5,"skipped":0,"passed":2,"unknown":0,"total":7},"items":[{"uid":"38aa49475802c5c","status":"broken","statusDetails":"selenium.common.exceptions.TimeoutException: Message: \nStacktrace:\n#0 0x55c24654331a <unknown>\n#1 0x55c2460596e0 <unknown>\n#2 0x55c2460a83e6 <unknown>\n#3 0x55c2460a8681 <unknown>\n#4 0x55c2460edb04 <unknown>\n#5 0x55c2460cc48d <unknown>\n#6 0x55c2460eaed7 <unknown>\n#7 0x55c2460cc203 <unknown>\n#8 0x55c24609acc0 <unknown>\n#9 0x55c24609bc9e <unknown>\n#10 0x55c246510d0b <unknown>\n#11 0x55c246514c92 <unknown>\n#12 0x55c2464fdb3c <unknown>\n#13 0x55c246515807 <unknown>\n#14 0x55c2464e30df <unknown>\n#15 0x55c246532578 <unknown>\n#16 0x55c246532740 <unknown>\n#17 0x55c246542196 <unknown>\n#18 0x7f386e894ac3 <unknown>","time":{"start":1733889946099,"stop":1733889978320,"duration":32221}},{"uid":"3bcff81fdc615b21","status":"broken","statusDetails":"selenium.common.exceptions.TimeoutException: Message: \nStacktrace:\n#0 0x55d87d84331a <unknown>\n#1 0x55d87d3596e0 <unknown>\n#2 0x55d87d3a83e6 <unknown>\n#3 0x55d87d3a8681 <unknown>\n#4 0x55d87d3edb04 <unknown>\n#5 0x55d87d3cc48d <unknown>\n#6 0x55d87d3eaed7 <unknown>\n#7 0x55d87d3cc203 <unknown>\n#8 0x55d87d39acc0 <unknown>\n#9 0x55d87d39bc9e <unknown>\n#10 0x55d87d810d0b <unknown>\n#11 0x55d87d814c92 <unknown>\n#12 0x55d87d7fdb3c <unknown>\n#13 0x55d87d815807 <unknown>\n#14 0x55d87d7e30df <unknown>\n#15 0x55d87d832578 <unknown>\n#16 0x55d87d832740 <unknown>\n#17 0x55d87d842196 <unknown>\n#18 0x7f5824a94ac3 <unknown>","time":{"start":1733888803013,"stop":1733888835389,"duration":32376}},{"uid":"aa0af04944b1a7fe","status":"passed","time":{"start":1733843318787,"stop":1733843353182,"duration":34395}},{"uid":"9d594ab210244488","status":"broken","statusDetails":"selenium.common.exceptions.TimeoutException: Message: \nStacktrace:\n#0 0x5566ed69731a <unknown>\n#1 0x5566ed1ad6e0 <unknown>\n#2 0x5566ed1fc3e6 <unknown>\n#3 0x5566ed1fc681 <unknown>\n#4 0x5566ed241b04 <unknown>\n#5 0x5566ed22048d <unknown>\n#6 0x5566ed23eed7 <unknown>\n#7 0x5566ed220203 <unknown>\n#8 0x5566ed1eecc0 <unknown>\n#9 0x5566ed1efc9e <unknown>\n#10 0x5566ed664d0b <unknown>\n#11 0x5566ed668c92 <unknown>\n#12 0x5566ed651b3c <unknown>\n#13 0x5566ed669807 <unknown>\n#14 0x5566ed6370df <unknown>\n#15 0x5566ed686578 <unknown>\n#16 0x5566ed686740 <unknown>\n#17 0x5566ed696196 <unknown>\n#18 0x7f64f6094ac3 <unknown>","time":{"start":1733842815069,"stop":1733842847335,"duration":32266}},{"uid":"e898439f13c94da4","status":"broken","statusDetails":"selenium.common.exceptions.TimeoutException: Message: \nStacktrace:\n#0 0x55e62772531a <unknown>\n#1 0x55e62723b6e0 <unknown>\n#2 0x55e62728a3e6 <unknown>\n#3 0x55e62728a681 <unknown>\n#4 0x55e6272cfb04 <unknown>\n#5 0x55e6272ae48d <unknown>\n#6 0x55e6272cced7 <unknown>\n#7 0x55e6272ae203 <unknown>\n#8 0x55e62727ccc0 <unknown>\n#9 0x55e62727dc9e <unknown>\n#10 0x55e6276f2d0b <unknown>\n#11 0x55e6276f6c92 <unknown>\n#12 0x55e6276dfb3c <unknown>\n#13 0x55e6276f7807 <unknown>\n#14 0x55e6276c50df <unknown>\n#15 0x55e627714578 <unknown>\n#16 0x55e627714740 <unknown>\n#17 0x55e627724196 <unknown>\n#18 0x7fb35d694ac3 <unknown>","time":{"start":1733841968358,"stop":1733842000760,"duration":32402}},{"uid":"72f46d58303e1a86","status":"passed","time":{"start":1733840356505,"stop":1733840390796,"duration":34291}}]},"tags":["TC007","TC000"]},"source":"7e00850aeaa5b60d.json","parameterValues":[]}