{"uid":"82a82de054cc90f6","name":"Drag and drop card from one list to another","fullName":"tests.regression_ui.test_ui_regression.TestUIRegression#test_drag_n_drop_card","historyId":"58c27d4ea8138de64fd4e105da17ea92","time":{"start":1742364974530,"stop":1742364992000,"duration":17470},"status":"broken","statusMessage":"selenium.common.exceptions.NoSuchElementException: Message: no such element: Unable to locate element: {\"method\":\"xpath\",\"selector\":\"//*[contains(text(), 'new_card')]\"}\n  (Session info: chrome=134.0.6998.88); For documentation on this error, please visit: https://www.selenium.dev/documentation/webdriver/troubleshooting/errors#no-such-element-exception\nStacktrace:\n#0 0x557ba750846a <unknown>\n#1 0x557ba6fc1ed0 <unknown>\n#2 0x557ba7013935 <unknown>\n#3 0x557ba7013b61 <unknown>\n#4 0x557ba70629d4 <unknown>\n#5 0x557ba703988d <unknown>\n#6 0x557ba705fceb <unknown>\n#7 0x557ba7039633 <unknown>\n#8 0x557ba70051be <unknown>\n#9 0x557ba7006981 <unknown>\n#10 0x557ba74ce86b <unknown>\n#11 0x557ba74d273c <unknown>\n#12 0x557ba74b5f12 <unknown>\n#13 0x557ba74d32b4 <unknown>\n#14 0x557ba749a0af <unknown>\n#15 0x557ba74f6ad8 <unknown>\n#16 0x557ba74f6cb6 <unknown>\n#17 0x557ba75072e6 <unknown>\n#18 0x7f781ba9caa4 <unknown>\n#19 0x7f781bb29c3c <unknown>","statusTrace":"self = <tests.regression_ui.test_ui_regression.TestUIRegression object at 0x7f79bf6b24b0>\ndriver = <selenium.webdriver.chrome.webdriver.WebDriver (session=\"49e24d8d51c2367f940c546cc0027f58\")>\n\n    @pytest.mark.TC000\n    @pytest.mark.TC005\n    @allure.title('Drag and drop card from one list to another')\n    def test_drag_n_drop_card(self, driver):\n        time.sleep(7)\n        with allure.step('Log in to Trello account'):\n            self.test_login(driver)\n        with allure.step('Drag and drop card from one list to another list'):\n            WebDriverWait(driver, 10).until(EC.element_to_be_clickable((By.XPATH, self.SCC.Board.BOARD_TITLE))).click()\n            WebDriverWait(driver, 10).until(EC.element_to_be_clickable((By.XPATH, self.SCC.Board.ADD_ANOTHER_LIST_BUTTON))).click()\n            driver.find_element(By.XPATH, self.SCC.Board.ENTER_LIST_NAME_FIELD).send_keys('new_list_2')\n            driver.find_element(By.XPATH, self.SCC.Board.ADD_LIST_SUBMIT_BUTTON).click()\n            time.sleep(3)\n>           source_element = driver.find_element(By.XPATH, self.SCC.List.NEW_CARD_TITLE)\n\ntests/regression_ui/test_ui_regression.py:175: \n_ _ _ _ _ _ _ _ _ _ _ _ _ _ _ _ _ _ _ _ _ _ _ _ _ _ _ _ _ _ _ _ _ _ _ _ _ _ _ _ \n/opt/hostedtoolcache/Python/3.12.5/x64/lib/python3.12/site-packages/selenium/webdriver/remote/webdriver.py:770: in find_element\n    return self.execute(Command.FIND_ELEMENT, {\"using\": by, \"value\": value})[\"value\"]\n/opt/hostedtoolcache/Python/3.12.5/x64/lib/python3.12/site-packages/selenium/webdriver/remote/webdriver.py:384: in execute\n    self.error_handler.check_response(response)\n_ _ _ _ _ _ _ _ _ _ _ _ _ _ _ _ _ _ _ _ _ _ _ _ _ _ _ _ _ _ _ _ _ _ _ _ _ _ _ _ \n\nself = <selenium.webdriver.remote.errorhandler.ErrorHandler object at 0x7f79bf6b5700>\nresponse = {'status': 404, 'value': '{\"value\":{\"error\":\"no such element\",\"message\":\"no such element: Unable to locate element: {\\...\\\\n#17 0x557ba75072e6 \\\\u003Cunknown>\\\\n#18 0x7f781ba9caa4 \\\\u003Cunknown>\\\\n#19 0x7f781bb29c3c \\\\u003Cunknown>\\\\n\"}}'}\n\n    def check_response(self, response: Dict[str, Any]) -> None:\n        \"\"\"Checks that a JSON response from the WebDriver does not have an\n        error.\n    \n        :Args:\n         - response - The JSON response from the WebDriver server as a dictionary\n           object.\n    \n        :Raises: If the response contains an error message.\n        \"\"\"\n        status = response.get(\"status\", None)\n        if not status or status == ErrorCode.SUCCESS:\n            return\n        value = None\n        message = response.get(\"message\", \"\")\n        screen: str = response.get(\"screen\", \"\")\n        stacktrace = None\n        if isinstance(status, int):\n            value_json = response.get(\"value\", None)\n            if value_json and isinstance(value_json, str):\n                import json\n    \n                try:\n                    value = json.loads(value_json)\n                    if len(value) == 1:\n                        value = value[\"value\"]\n                    status = value.get(\"error\", None)\n                    if not status:\n                        status = value.get(\"status\", ErrorCode.UNKNOWN_ERROR)\n                        message = value.get(\"value\") or value.get(\"message\")\n                        if not isinstance(message, str):\n                            value = message\n                            message = message.get(\"message\")\n                    else:\n                        message = value.get(\"message\", None)\n                except ValueError:\n                    pass\n    \n        exception_class: Type[WebDriverException]\n        e = ErrorCode()\n        error_codes = [item for item in dir(e) if not item.startswith(\"__\")]\n        for error_code in error_codes:\n            error_info = getattr(ErrorCode, error_code)\n            if isinstance(error_info, list) and status in error_info:\n                exception_class = getattr(ExceptionMapping, error_code, WebDriverException)\n                break\n        else:\n            exception_class = WebDriverException\n    \n        if not value:\n            value = response[\"value\"]\n        if isinstance(value, str):\n            raise exception_class(value)\n        if message == \"\" and \"message\" in value:\n            message = value[\"message\"]\n    \n        screen = None  # type: ignore[assignment]\n        if \"screen\" in value:\n            screen = value[\"screen\"]\n    \n        stacktrace = None\n        st_value = value.get(\"stackTrace\") or value.get(\"stacktrace\")\n        if st_value:\n            if isinstance(st_value, str):\n                stacktrace = st_value.split(\"\\n\")\n            else:\n                stacktrace = []\n                try:\n                    for frame in st_value:\n                        line = frame.get(\"lineNumber\", \"\")\n                        file = frame.get(\"fileName\", \"<anonymous>\")\n                        if line:\n                            file = f\"{file}:{line}\"\n                        meth = frame.get(\"methodName\", \"<anonymous>\")\n                        if \"className\" in frame:\n                            meth = f\"{frame['className']}.{meth}\"\n                        msg = \"    at %s (%s)\"\n                        msg = msg % (meth, file)\n                        stacktrace.append(msg)\n                except TypeError:\n                    pass\n        if exception_class == UnexpectedAlertPresentException:\n            alert_text = None\n            if \"data\" in value:\n                alert_text = value[\"data\"].get(\"text\")\n            elif \"alert\" in value:\n                alert_text = value[\"alert\"].get(\"text\")\n            raise exception_class(message, screen, stacktrace, alert_text)  # type: ignore[call-arg]  # mypy is not smart enough here\n>       raise exception_class(message, screen, stacktrace)\nE       selenium.common.exceptions.NoSuchElementException: Message: no such element: Unable to locate element: {\"method\":\"xpath\",\"selector\":\"//*[contains(text(), 'new_card')]\"}\nE         (Session info: chrome=134.0.6998.88); For documentation on this error, please visit: https://www.selenium.dev/documentation/webdriver/troubleshooting/errors#no-such-element-exception\nE       Stacktrace:\nE       #0 0x557ba750846a <unknown>\nE       #1 0x557ba6fc1ed0 <unknown>\nE       #2 0x557ba7013935 <unknown>\nE       #3 0x557ba7013b61 <unknown>\nE       #4 0x557ba70629d4 <unknown>\nE       #5 0x557ba703988d <unknown>\nE       #6 0x557ba705fceb <unknown>\nE       #7 0x557ba7039633 <unknown>\nE       #8 0x557ba70051be <unknown>\nE       #9 0x557ba7006981 <unknown>\nE       #10 0x557ba74ce86b <unknown>\nE       #11 0x557ba74d273c <unknown>\nE       #12 0x557ba74b5f12 <unknown>\nE       #13 0x557ba74d32b4 <unknown>\nE       #14 0x557ba749a0af <unknown>\nE       #15 0x557ba74f6ad8 <unknown>\nE       #16 0x557ba74f6cb6 <unknown>\nE       #17 0x557ba75072e6 <unknown>\nE       #18 0x7f781ba9caa4 <unknown>\nE       #19 0x7f781bb29c3c <unknown>\n\n/opt/hostedtoolcache/Python/3.12.5/x64/lib/python3.12/site-packages/selenium/webdriver/remote/errorhandler.py:232: NoSuchElementException","flaky":false,"newFailed":false,"newBroken":false,"newPassed":false,"retriesCount":0,"retriesStatusChange":false,"beforeStages":[{"name":"driver","time":{"start":1742364974218,"stop":1742364974529,"duration":311},"status":"passed","steps":[],"attachments":[],"parameters":[],"shouldDisplayMessage":false,"stepsCount":0,"attachmentsCount":0,"hasContent":false,"attachmentStep":false},{"name":"setup","time":{"start":1742364974529,"stop":1742364974529,"duration":0},"status":"passed","steps":[],"attachments":[],"parameters":[],"shouldDisplayMessage":false,"stepsCount":0,"attachmentsCount":0,"hasContent":false,"attachmentStep":false}],"testStage":{"status":"broken","statusMessage":"selenium.common.exceptions.NoSuchElementException: Message: no such element: Unable to locate element: {\"method\":\"xpath\",\"selector\":\"//*[contains(text(), 'new_card')]\"}\n  (Session info: chrome=134.0.6998.88); For documentation on this error, please visit: https://www.selenium.dev/documentation/webdriver/troubleshooting/errors#no-such-element-exception\nStacktrace:\n#0 0x557ba750846a <unknown>\n#1 0x557ba6fc1ed0 <unknown>\n#2 0x557ba7013935 <unknown>\n#3 0x557ba7013b61 <unknown>\n#4 0x557ba70629d4 <unknown>\n#5 0x557ba703988d <unknown>\n#6 0x557ba705fceb <unknown>\n#7 0x557ba7039633 <unknown>\n#8 0x557ba70051be <unknown>\n#9 0x557ba7006981 <unknown>\n#10 0x557ba74ce86b <unknown>\n#11 0x557ba74d273c <unknown>\n#12 0x557ba74b5f12 <unknown>\n#13 0x557ba74d32b4 <unknown>\n#14 0x557ba749a0af <unknown>\n#15 0x557ba74f6ad8 <unknown>\n#16 0x557ba74f6cb6 <unknown>\n#17 0x557ba75072e6 <unknown>\n#18 0x7f781ba9caa4 <unknown>\n#19 0x7f781bb29c3c <unknown>","statusTrace":"self = <tests.regression_ui.test_ui_regression.TestUIRegression object at 0x7f79bf6b24b0>\ndriver = <selenium.webdriver.chrome.webdriver.WebDriver (session=\"49e24d8d51c2367f940c546cc0027f58\")>\n\n    @pytest.mark.TC000\n    @pytest.mark.TC005\n    @allure.title('Drag and drop card from one list to another')\n    def test_drag_n_drop_card(self, driver):\n        time.sleep(7)\n        with allure.step('Log in to Trello account'):\n            self.test_login(driver)\n        with allure.step('Drag and drop card from one list to another list'):\n            WebDriverWait(driver, 10).until(EC.element_to_be_clickable((By.XPATH, self.SCC.Board.BOARD_TITLE))).click()\n            WebDriverWait(driver, 10).until(EC.element_to_be_clickable((By.XPATH, self.SCC.Board.ADD_ANOTHER_LIST_BUTTON))).click()\n            driver.find_element(By.XPATH, self.SCC.Board.ENTER_LIST_NAME_FIELD).send_keys('new_list_2')\n            driver.find_element(By.XPATH, self.SCC.Board.ADD_LIST_SUBMIT_BUTTON).click()\n            time.sleep(3)\n>           source_element = driver.find_element(By.XPATH, self.SCC.List.NEW_CARD_TITLE)\n\ntests/regression_ui/test_ui_regression.py:175: \n_ _ _ _ _ _ _ _ _ _ _ _ _ _ _ _ _ _ _ _ _ _ _ _ _ _ _ _ _ _ _ _ _ _ _ _ _ _ _ _ \n/opt/hostedtoolcache/Python/3.12.5/x64/lib/python3.12/site-packages/selenium/webdriver/remote/webdriver.py:770: in find_element\n    return self.execute(Command.FIND_ELEMENT, {\"using\": by, \"value\": value})[\"value\"]\n/opt/hostedtoolcache/Python/3.12.5/x64/lib/python3.12/site-packages/selenium/webdriver/remote/webdriver.py:384: in execute\n    self.error_handler.check_response(response)\n_ _ _ _ _ _ _ _ _ _ _ _ _ _ _ _ _ _ _ _ _ _ _ _ _ _ _ _ _ _ _ _ _ _ _ _ _ _ _ _ \n\nself = <selenium.webdriver.remote.errorhandler.ErrorHandler object at 0x7f79bf6b5700>\nresponse = {'status': 404, 'value': '{\"value\":{\"error\":\"no such element\",\"message\":\"no such element: Unable to locate element: {\\...\\\\n#17 0x557ba75072e6 \\\\u003Cunknown>\\\\n#18 0x7f781ba9caa4 \\\\u003Cunknown>\\\\n#19 0x7f781bb29c3c \\\\u003Cunknown>\\\\n\"}}'}\n\n    def check_response(self, response: Dict[str, Any]) -> None:\n        \"\"\"Checks that a JSON response from the WebDriver does not have an\n        error.\n    \n        :Args:\n         - response - The JSON response from the WebDriver server as a dictionary\n           object.\n    \n        :Raises: If the response contains an error message.\n        \"\"\"\n        status = response.get(\"status\", None)\n        if not status or status == ErrorCode.SUCCESS:\n            return\n        value = None\n        message = response.get(\"message\", \"\")\n        screen: str = response.get(\"screen\", \"\")\n        stacktrace = None\n        if isinstance(status, int):\n            value_json = response.get(\"value\", None)\n            if value_json and isinstance(value_json, str):\n                import json\n    \n                try:\n                    value = json.loads(value_json)\n                    if len(value) == 1:\n                        value = value[\"value\"]\n                    status = value.get(\"error\", None)\n                    if not status:\n                        status = value.get(\"status\", ErrorCode.UNKNOWN_ERROR)\n                        message = value.get(\"value\") or value.get(\"message\")\n                        if not isinstance(message, str):\n                            value = message\n                            message = message.get(\"message\")\n                    else:\n                        message = value.get(\"message\", None)\n                except ValueError:\n                    pass\n    \n        exception_class: Type[WebDriverException]\n        e = ErrorCode()\n        error_codes = [item for item in dir(e) if not item.startswith(\"__\")]\n        for error_code in error_codes:\n            error_info = getattr(ErrorCode, error_code)\n            if isinstance(error_info, list) and status in error_info:\n                exception_class = getattr(ExceptionMapping, error_code, WebDriverException)\n                break\n        else:\n            exception_class = WebDriverException\n    \n        if not value:\n            value = response[\"value\"]\n        if isinstance(value, str):\n            raise exception_class(value)\n        if message == \"\" and \"message\" in value:\n            message = value[\"message\"]\n    \n        screen = None  # type: ignore[assignment]\n        if \"screen\" in value:\n            screen = value[\"screen\"]\n    \n        stacktrace = None\n        st_value = value.get(\"stackTrace\") or value.get(\"stacktrace\")\n        if st_value:\n            if isinstance(st_value, str):\n                stacktrace = st_value.split(\"\\n\")\n            else:\n                stacktrace = []\n                try:\n                    for frame in st_value:\n                        line = frame.get(\"lineNumber\", \"\")\n                        file = frame.get(\"fileName\", \"<anonymous>\")\n                        if line:\n                            file = f\"{file}:{line}\"\n                        meth = frame.get(\"methodName\", \"<anonymous>\")\n                        if \"className\" in frame:\n                            meth = f\"{frame['className']}.{meth}\"\n                        msg = \"    at %s (%s)\"\n                        msg = msg % (meth, file)\n                        stacktrace.append(msg)\n                except TypeError:\n                    pass\n        if exception_class == UnexpectedAlertPresentException:\n            alert_text = None\n            if \"data\" in value:\n                alert_text = value[\"data\"].get(\"text\")\n            elif \"alert\" in value:\n                alert_text = value[\"alert\"].get(\"text\")\n            raise exception_class(message, screen, stacktrace, alert_text)  # type: ignore[call-arg]  # mypy is not smart enough here\n>       raise exception_class(message, screen, stacktrace)\nE       selenium.common.exceptions.NoSuchElementException: Message: no such element: Unable to locate element: {\"method\":\"xpath\",\"selector\":\"//*[contains(text(), 'new_card')]\"}\nE         (Session info: chrome=134.0.6998.88); For documentation on this error, please visit: https://www.selenium.dev/documentation/webdriver/troubleshooting/errors#no-such-element-exception\nE       Stacktrace:\nE       #0 0x557ba750846a <unknown>\nE       #1 0x557ba6fc1ed0 <unknown>\nE       #2 0x557ba7013935 <unknown>\nE       #3 0x557ba7013b61 <unknown>\nE       #4 0x557ba70629d4 <unknown>\nE       #5 0x557ba703988d <unknown>\nE       #6 0x557ba705fceb <unknown>\nE       #7 0x557ba7039633 <unknown>\nE       #8 0x557ba70051be <unknown>\nE       #9 0x557ba7006981 <unknown>\nE       #10 0x557ba74ce86b <unknown>\nE       #11 0x557ba74d273c <unknown>\nE       #12 0x557ba74b5f12 <unknown>\nE       #13 0x557ba74d32b4 <unknown>\nE       #14 0x557ba749a0af <unknown>\nE       #15 0x557ba74f6ad8 <unknown>\nE       #16 0x557ba74f6cb6 <unknown>\nE       #17 0x557ba75072e6 <unknown>\nE       #18 0x7f781ba9caa4 <unknown>\nE       #19 0x7f781bb29c3c <unknown>\n\n/opt/hostedtoolcache/Python/3.12.5/x64/lib/python3.12/site-packages/selenium/webdriver/remote/errorhandler.py:232: NoSuchElementException","steps":[{"name":"Log in to Trello account","time":{"start":1742364981530,"stop":1742364987429,"duration":5899},"status":"passed","steps":[{"name":"Navigate to the Trello page and enter valid credentials (email, password, and 6-digits verification code)","time":{"start":1742364981530,"stop":1742364987429,"duration":5899},"status":"passed","steps":[],"attachments":[],"parameters":[],"shouldDisplayMessage":false,"stepsCount":0,"attachmentsCount":0,"hasContent":false,"attachmentStep":false}],"attachments":[],"parameters":[],"shouldDisplayMessage":false,"stepsCount":1,"attachmentsCount":0,"hasContent":true,"attachmentStep":false},{"name":"Drag and drop card from one list to another list","time":{"start":1742364987429,"stop":1742364991999,"duration":4570},"status":"broken","statusMessage":"selenium.common.exceptions.NoSuchElementException: Message: no such element: Unable to locate element: {\"method\":\"xpath\",\"selector\":\"//*[contains(text(), 'new_card')]\"}\n  (Session info: chrome=134.0.6998.88); For documentation on this error, please visit: https://www.selenium.dev/documentation/webdriver/troubleshooting/errors#no-such-element-exception\nStacktrace:\n#0 0x557ba750846a <unknown>\n#1 0x557ba6fc1ed0 <unknown>\n#2 0x557ba7013935 <unknown>\n#3 0x557ba7013b61 <unknown>\n#4 0x557ba70629d4 <unknown>\n#5 0x557ba703988d <unknown>\n#6 0x557ba705fceb <unknown>\n#7 0x557ba7039633 <unknown>\n#8 0x557ba70051be <unknown>\n#9 0x557ba7006981 <unknown>\n#10 0x557ba74ce86b <unknown>\n#11 0x557ba74d273c <unknown>\n#12 0x557ba74b5f12 <unknown>\n#13 0x557ba74d32b4 <unknown>\n#14 0x557ba749a0af <unknown>\n#15 0x557ba74f6ad8 <unknown>\n#16 0x557ba74f6cb6 <unknown>\n#17 0x557ba75072e6 <unknown>\n#18 0x7f781ba9caa4 <unknown>\n#19 0x7f781bb29c3c <unknown>\n\n","statusTrace":"  File \"/home/runner/work/pythonSelenium/pythonSelenium/tests/regression_ui/test_ui_regression.py\", line 175, in test_drag_n_drop_card\n    source_element = driver.find_element(By.XPATH, self.SCC.List.NEW_CARD_TITLE)\n                     ^^^^^^^^^^^^^^^^^^^^^^^^^^^^^^^^^^^^^^^^^^^^^^^^^^^^^^^^^^^\n  File \"/opt/hostedtoolcache/Python/3.12.5/x64/lib/python3.12/site-packages/selenium/webdriver/remote/webdriver.py\", line 770, in find_element\n    return self.execute(Command.FIND_ELEMENT, {\"using\": by, \"value\": value})[\"value\"]\n           ^^^^^^^^^^^^^^^^^^^^^^^^^^^^^^^^^^^^^^^^^^^^^^^^^^^^^^^^^^^^^^^^^\n  File \"/opt/hostedtoolcache/Python/3.12.5/x64/lib/python3.12/site-packages/selenium/webdriver/remote/webdriver.py\", line 384, in execute\n    self.error_handler.check_response(response)\n  File \"/opt/hostedtoolcache/Python/3.12.5/x64/lib/python3.12/site-packages/selenium/webdriver/remote/errorhandler.py\", line 232, in check_response\n    raise exception_class(message, screen, stacktrace)\n","steps":[],"attachments":[],"parameters":[],"shouldDisplayMessage":true,"stepsCount":0,"attachmentsCount":0,"hasContent":true,"attachmentStep":false}],"attachments":[],"parameters":[],"shouldDisplayMessage":true,"stepsCount":3,"attachmentsCount":0,"hasContent":true,"attachmentStep":false},"afterStages":[{"name":"driver::0","time":{"start":1742364992030,"stop":1742364992100,"duration":70},"status":"passed","steps":[],"attachments":[],"parameters":[],"shouldDisplayMessage":false,"stepsCount":0,"attachmentsCount":0,"hasContent":false,"attachmentStep":false}],"labels":[{"name":"tag","value":"TC005"},{"name":"tag","value":"TC000"},{"name":"parentSuite","value":"tests.regression_ui"},{"name":"suite","value":"test_ui_regression"},{"name":"subSuite","value":"TestUIRegression"},{"name":"host","value":"fv-az1314-603"},{"name":"thread","value":"4096-MainThread"},{"name":"framework","value":"pytest"},{"name":"language","value":"cpython3"},{"name":"package","value":"tests.regression_ui.test_ui_regression"},{"name":"resultFormat","value":"allure2"}],"parameters":[],"links":[],"hidden":false,"retry":false,"extra":{"severity":"normal","retries":[],"categories":[{"name":"Test defects","matchedStatuses":[]}],"history":{"statistic":{"failed":6,"broken":23,"skipped":0,"passed":515,"unknown":0,"total":544},"items":[{"uid":"186a614613d8ea1","status":"broken","statusDetails":"selenium.common.exceptions.TimeoutException: Message: \nStacktrace:\n#0 0x55d48f4a346a <unknown>\n#1 0x55d48ef5ced0 <unknown>\n#2 0x55d48efae935 <unknown>\n#3 0x55d48efaeb61 <unknown>\n#4 0x55d48effd9d4 <unknown>\n#5 0x55d48efd488d <unknown>\n#6 0x55d48effaceb <unknown>\n#7 0x55d48efd4633 <unknown>\n#8 0x55d48efa01be <unknown>\n#9 0x55d48efa1981 <unknown>\n#10 0x55d48f46986b <unknown>\n#11 0x55d48f46d73c <unknown>\n#12 0x55d48f450f12 <unknown>\n#13 0x55d48f46e2b4 <unknown>\n#14 0x55d48f4350af <unknown>\n#15 0x55d48f491ad8 <unknown>\n#16 0x55d48f491cb6 <unknown>\n#17 0x55d48f4a22e6 <unknown>\n#18 0x7fda3629caa4 <unknown>\n#19 0x7fda36329c3c <unknown>","time":{"start":1742354695440,"stop":1742354718945,"duration":23505}},{"uid":"9b5bf8294d365136","status":"broken","statusDetails":"selenium.common.exceptions.TimeoutException: Message: \nStacktrace:\n#0 0x55e6be13846a <unknown>\n#1 0x55e6bdbf1ed0 <unknown>\n#2 0x55e6bdc43935 <unknown>\n#3 0x55e6bdc43b61 <unknown>\n#4 0x55e6bdc929d4 <unknown>\n#5 0x55e6bdc6988d <unknown>\n#6 0x55e6bdc8fceb <unknown>\n#7 0x55e6bdc69633 <unknown>\n#8 0x55e6bdc351be <unknown>\n#9 0x55e6bdc36981 <unknown>\n#10 0x55e6be0fe86b <unknown>\n#11 0x55e6be10273c <unknown>\n#12 0x55e6be0e5f12 <unknown>\n#13 0x55e6be1032b4 <unknown>\n#14 0x55e6be0ca0af <unknown>\n#15 0x55e6be126ad8 <unknown>\n#16 0x55e6be126cb6 <unknown>\n#17 0x55e6be1372e6 <unknown>\n#18 0x7fca2e49caa4 <unknown>\n#19 0x7fca2e529c3c <unknown>","time":{"start":1742345154139,"stop":1742345177779,"duration":23640}},{"uid":"f94d90de74f12fd8","status":"broken","statusDetails":"selenium.common.exceptions.NoSuchElementException: Message: no such element: Unable to locate element: {\"method\":\"xpath\",\"selector\":\"//*[contains(text(), 'new_card')]\"}\n  (Session info: chrome=134.0.6998.88); For documentation on this error, please visit: https://www.selenium.dev/documentation/webdriver/troubleshooting/errors#no-such-element-exception\nStacktrace:\n#0 0x555d24eca46a <unknown>\n#1 0x555d24983ed0 <unknown>\n#2 0x555d249d5935 <unknown>\n#3 0x555d249d5b61 <unknown>\n#4 0x555d24a249d4 <unknown>\n#5 0x555d249fb88d <unknown>\n#6 0x555d24a21ceb <unknown>\n#7 0x555d249fb633 <unknown>\n#8 0x555d249c71be <unknown>\n#9 0x555d249c8981 <unknown>\n#10 0x555d24e9086b <unknown>\n#11 0x555d24e9473c <unknown>\n#12 0x555d24e77f12 <unknown>\n#13 0x555d24e952b4 <unknown>\n#14 0x555d24e5c0af <unknown>\n#15 0x555d24eb8ad8 <unknown>\n#16 0x555d24eb8cb6 <unknown>\n#17 0x555d24ec92e6 <unknown>\n#18 0x7f2cf669caa4 <unknown>\n#19 0x7f2cf6729c3c <unknown>","time":{"start":1742332274893,"stop":1742332293434,"duration":18541}},{"uid":"865e8021c923ac99","status":"passed","time":{"start":1742321650739,"stop":1742321680880,"duration":30141}},{"uid":"5a1a95ba9bb374d0","status":"passed","time":{"start":1742310701515,"stop":1742310730706,"duration":29191}},{"uid":"d16e82df613c64f5","status":"passed","time":{"start":1742300349379,"stop":1742300379061,"duration":29682}},{"uid":"c32d277120f23e38","status":"passed","time":{"start":1742289193466,"stop":1742289223419,"duration":29953}},{"uid":"bbd9ab6edab2694a","status":"broken","statusDetails":"selenium.common.exceptions.NoSuchElementException: Message: no such element: Unable to locate element: {\"method\":\"xpath\",\"selector\":\"//*[contains(text(), 'new_card')]\"}\n  (Session info: chrome=134.0.6998.88); For documentation on this error, please visit: https://www.selenium.dev/documentation/webdriver/troubleshooting/errors#no-such-element-exception\nStacktrace:\n#0 0x562faca2b46a <unknown>\n#1 0x562fac4e4ed0 <unknown>\n#2 0x562fac536935 <unknown>\n#3 0x562fac536b61 <unknown>\n#4 0x562fac5859d4 <unknown>\n#5 0x562fac55c88d <unknown>\n#6 0x562fac582ceb <unknown>\n#7 0x562fac55c633 <unknown>\n#8 0x562fac5281be <unknown>\n#9 0x562fac529981 <unknown>\n#10 0x562fac9f186b <unknown>\n#11 0x562fac9f573c <unknown>\n#12 0x562fac9d8f12 <unknown>\n#13 0x562fac9f62b4 <unknown>\n#14 0x562fac9bd0af <unknown>\n#15 0x562faca19ad8 <unknown>\n#16 0x562faca19cb6 <unknown>\n#17 0x562faca2a2e6 <unknown>\n#18 0x7f3d1749caa4 <unknown>\n#19 0x7f3d17529c3c <unknown>","time":{"start":1742278513129,"stop":1742278530558,"duration":17429}},{"uid":"7dda7939487db0f9","status":"passed","time":{"start":1742268281342,"stop":1742268310356,"duration":29014}},{"uid":"bd609bd93769611e","status":"passed","time":{"start":1742258623363,"stop":1742258653248,"duration":29885}},{"uid":"17d38bbb41805939","status":"passed","time":{"start":1742245812683,"stop":1742245842826,"duration":30143}},{"uid":"e5f6ff025affb3aa","status":"passed","time":{"start":1742235252008,"stop":1742235281326,"duration":29318}},{"uid":"dec32b42bdc8a4f3","status":"passed","time":{"start":1742224272996,"stop":1742224302225,"duration":29229}},{"uid":"90cb0dcd162b754c","status":"passed","time":{"start":1742214129020,"stop":1742214158850,"duration":29830}},{"uid":"970e2f5862909887","status":"passed","time":{"start":1742202758999,"stop":1742202790559,"duration":31560}},{"uid":"2f68fd68c3f3e6d7","status":"passed","time":{"start":1742192112671,"stop":1742192141951,"duration":29280}},{"uid":"460b01afdf62d790","status":"broken","statusDetails":"selenium.common.exceptions.TimeoutException: Message: \nStacktrace:\n#0 0x55b187ef346a <unknown>\n#1 0x55b1879aced0 <unknown>\n#2 0x55b1879fe935 <unknown>\n#3 0x55b1879feb61 <unknown>\n#4 0x55b187a4d9d4 <unknown>\n#5 0x55b187a2488d <unknown>\n#6 0x55b187a4aceb <unknown>\n#7 0x55b187a24633 <unknown>\n#8 0x55b1879f01be <unknown>\n#9 0x55b1879f1981 <unknown>\n#10 0x55b187eb986b <unknown>\n#11 0x55b187ebd73c <unknown>\n#12 0x55b187ea0f12 <unknown>\n#13 0x55b187ebe2b4 <unknown>\n#14 0x55b187e850af <unknown>\n#15 0x55b187ee1ad8 <unknown>\n#16 0x55b187ee1cb6 <unknown>\n#17 0x55b187ef22e6 <unknown>\n#18 0x7ff9d5c9caa4 <unknown>\n#19 0x7ff9d5d29c3c <unknown>","time":{"start":1742181904869,"stop":1742181922518,"duration":17649}},{"uid":"17482ebbca6928d7","status":"passed","time":{"start":1742172399018,"stop":1742172433809,"duration":34791}},{"uid":"6b5dfcef8d57b309","status":"passed","time":{"start":1742159350177,"stop":1742159380096,"duration":29919}},{"uid":"931b0646b9a07c08","status":"passed","time":{"start":1742148790127,"stop":1742148820622,"duration":30495}}]},"tags":["TC005","TC000"]},"source":"82a82de054cc90f6.json","parameterValues":[]}