{"uid":"83559ddbca76f098","name":"Archive a card","fullName":"tests.regression_ui.test_ui_regression.TestUIRegression#test_archive_card","historyId":"4151bed777d70c35651f4626d00b86b5","time":{"start":1742753539870,"stop":1742753555502,"duration":15632},"status":"broken","statusMessage":"selenium.common.exceptions.TimeoutException: Message: \nStacktrace:\n#0 0x5615e9848a1a <unknown>\n#1 0x5615e9300390 <unknown>\n#2 0x5615e9351c85 <unknown>\n#3 0x5615e9351eb1 <unknown>\n#4 0x5615e93a0d64 <unknown>\n#5 0x5615e9377bfd <unknown>\n#6 0x5615e939e07b <unknown>\n#7 0x5615e93779a3 <unknown>\n#8 0x5615e934360e <unknown>\n#9 0x5615e9344dd1 <unknown>\n#10 0x5615e980eddb <unknown>\n#11 0x5615e9812cbc <unknown>\n#12 0x5615e97f6392 <unknown>\n#13 0x5615e9813834 <unknown>\n#14 0x5615e97da1ef <unknown>\n#15 0x5615e9837038 <unknown>\n#16 0x5615e9837216 <unknown>\n#17 0x5615e9847896 <unknown>\n#18 0x7fad7ac9caa4 <unknown>\n#19 0x7fad7ad29c3c <unknown>","statusTrace":"self = <tests.regression_ui.test_ui_regression.TestUIRegression object at 0x7f9211cb25d0>\ndriver = <selenium.webdriver.chrome.webdriver.WebDriver (session=\"a9b77c2f48105dc63cc57e5b7dd2a672\")>\n\n    @pytest.mark.TC000\n    @pytest.mark.TC006\n    @allure.title('Archive a card')\n    def test_archive_card(self, driver):\n        time.sleep(5)\n        with allure.step('Log in to Trello account'):\n>           self.test_login(driver)\n\ntests/regression_ui/test_ui_regression.py:190: \n_ _ _ _ _ _ _ _ _ _ _ _ _ _ _ _ _ _ _ _ _ _ _ _ _ _ _ _ _ _ _ _ _ _ _ _ _ _ _ _ \ntests/regression_ui/test_ui_regression.py:62: in test_login\n    el_user_name = WebDriverWait(driver, 10).until(EC.element_to_be_clickable(\n_ _ _ _ _ _ _ _ _ _ _ _ _ _ _ _ _ _ _ _ _ _ _ _ _ _ _ _ _ _ _ _ _ _ _ _ _ _ _ _ \n\nself = <selenium.webdriver.support.wait.WebDriverWait (session=\"a9b77c2f48105dc63cc57e5b7dd2a672\")>\nmethod = <function element_to_be_clickable.<locals>._predicate at 0x7f9211bc9da0>\nmessage = ''\n\n    def until(self, method: Callable[[D], Union[Literal[False], T]], message: str = \"\") -> T:\n        \"\"\"Calls the method provided with the driver as an argument until the \\\n        return value does not evaluate to ``False``.\n    \n        :param method: callable(WebDriver)\n        :param message: optional message for :exc:`TimeoutException`\n        :returns: the result of the last call to `method`\n        :raises: :exc:`selenium.common.exceptions.TimeoutException` if timeout occurs\n        \"\"\"\n        screen = None\n        stacktrace = None\n    \n        end_time = time.monotonic() + self._timeout\n        while True:\n            try:\n                value = method(self._driver)\n                if value:\n                    return value\n            except self._ignored_exceptions as exc:\n                screen = getattr(exc, \"screen\", None)\n                stacktrace = getattr(exc, \"stacktrace\", None)\n            if time.monotonic() > end_time:\n                break\n            time.sleep(self._poll)\n>       raise TimeoutException(message, screen, stacktrace)\nE       selenium.common.exceptions.TimeoutException: Message: \nE       Stacktrace:\nE       #0 0x5615e9848a1a <unknown>\nE       #1 0x5615e9300390 <unknown>\nE       #2 0x5615e9351c85 <unknown>\nE       #3 0x5615e9351eb1 <unknown>\nE       #4 0x5615e93a0d64 <unknown>\nE       #5 0x5615e9377bfd <unknown>\nE       #6 0x5615e939e07b <unknown>\nE       #7 0x5615e93779a3 <unknown>\nE       #8 0x5615e934360e <unknown>\nE       #9 0x5615e9344dd1 <unknown>\nE       #10 0x5615e980eddb <unknown>\nE       #11 0x5615e9812cbc <unknown>\nE       #12 0x5615e97f6392 <unknown>\nE       #13 0x5615e9813834 <unknown>\nE       #14 0x5615e97da1ef <unknown>\nE       #15 0x5615e9837038 <unknown>\nE       #16 0x5615e9837216 <unknown>\nE       #17 0x5615e9847896 <unknown>\nE       #18 0x7fad7ac9caa4 <unknown>\nE       #19 0x7fad7ad29c3c <unknown>\n\n/opt/hostedtoolcache/Python/3.12.5/x64/lib/python3.12/site-packages/selenium/webdriver/support/wait.py:105: TimeoutException","flaky":false,"newFailed":false,"newBroken":true,"newPassed":false,"retriesCount":0,"retriesStatusChange":false,"beforeStages":[{"name":"driver","time":{"start":1742753539555,"stop":1742753539869,"duration":314},"status":"passed","steps":[],"attachments":[],"parameters":[],"shouldDisplayMessage":false,"stepsCount":0,"attachmentsCount":0,"hasContent":false,"attachmentStep":false},{"name":"setup","time":{"start":1742753539869,"stop":1742753539869,"duration":0},"status":"passed","steps":[],"attachments":[],"parameters":[],"shouldDisplayMessage":false,"stepsCount":0,"attachmentsCount":0,"hasContent":false,"attachmentStep":false}],"testStage":{"status":"broken","statusMessage":"selenium.common.exceptions.TimeoutException: Message: \nStacktrace:\n#0 0x5615e9848a1a <unknown>\n#1 0x5615e9300390 <unknown>\n#2 0x5615e9351c85 <unknown>\n#3 0x5615e9351eb1 <unknown>\n#4 0x5615e93a0d64 <unknown>\n#5 0x5615e9377bfd <unknown>\n#6 0x5615e939e07b <unknown>\n#7 0x5615e93779a3 <unknown>\n#8 0x5615e934360e <unknown>\n#9 0x5615e9344dd1 <unknown>\n#10 0x5615e980eddb <unknown>\n#11 0x5615e9812cbc <unknown>\n#12 0x5615e97f6392 <unknown>\n#13 0x5615e9813834 <unknown>\n#14 0x5615e97da1ef <unknown>\n#15 0x5615e9837038 <unknown>\n#16 0x5615e9837216 <unknown>\n#17 0x5615e9847896 <unknown>\n#18 0x7fad7ac9caa4 <unknown>\n#19 0x7fad7ad29c3c <unknown>","statusTrace":"self = <tests.regression_ui.test_ui_regression.TestUIRegression object at 0x7f9211cb25d0>\ndriver = <selenium.webdriver.chrome.webdriver.WebDriver (session=\"a9b77c2f48105dc63cc57e5b7dd2a672\")>\n\n    @pytest.mark.TC000\n    @pytest.mark.TC006\n    @allure.title('Archive a card')\n    def test_archive_card(self, driver):\n        time.sleep(5)\n        with allure.step('Log in to Trello account'):\n>           self.test_login(driver)\n\ntests/regression_ui/test_ui_regression.py:190: \n_ _ _ _ _ _ _ _ _ _ _ _ _ _ _ _ _ _ _ _ _ _ _ _ _ _ _ _ _ _ _ _ _ _ _ _ _ _ _ _ \ntests/regression_ui/test_ui_regression.py:62: in test_login\n    el_user_name = WebDriverWait(driver, 10).until(EC.element_to_be_clickable(\n_ _ _ _ _ _ _ _ _ _ _ _ _ _ _ _ _ _ _ _ _ _ _ _ _ _ _ _ _ _ _ _ _ _ _ _ _ _ _ _ \n\nself = <selenium.webdriver.support.wait.WebDriverWait (session=\"a9b77c2f48105dc63cc57e5b7dd2a672\")>\nmethod = <function element_to_be_clickable.<locals>._predicate at 0x7f9211bc9da0>\nmessage = ''\n\n    def until(self, method: Callable[[D], Union[Literal[False], T]], message: str = \"\") -> T:\n        \"\"\"Calls the method provided with the driver as an argument until the \\\n        return value does not evaluate to ``False``.\n    \n        :param method: callable(WebDriver)\n        :param message: optional message for :exc:`TimeoutException`\n        :returns: the result of the last call to `method`\n        :raises: :exc:`selenium.common.exceptions.TimeoutException` if timeout occurs\n        \"\"\"\n        screen = None\n        stacktrace = None\n    \n        end_time = time.monotonic() + self._timeout\n        while True:\n            try:\n                value = method(self._driver)\n                if value:\n                    return value\n            except self._ignored_exceptions as exc:\n                screen = getattr(exc, \"screen\", None)\n                stacktrace = getattr(exc, \"stacktrace\", None)\n            if time.monotonic() > end_time:\n                break\n            time.sleep(self._poll)\n>       raise TimeoutException(message, screen, stacktrace)\nE       selenium.common.exceptions.TimeoutException: Message: \nE       Stacktrace:\nE       #0 0x5615e9848a1a <unknown>\nE       #1 0x5615e9300390 <unknown>\nE       #2 0x5615e9351c85 <unknown>\nE       #3 0x5615e9351eb1 <unknown>\nE       #4 0x5615e93a0d64 <unknown>\nE       #5 0x5615e9377bfd <unknown>\nE       #6 0x5615e939e07b <unknown>\nE       #7 0x5615e93779a3 <unknown>\nE       #8 0x5615e934360e <unknown>\nE       #9 0x5615e9344dd1 <unknown>\nE       #10 0x5615e980eddb <unknown>\nE       #11 0x5615e9812cbc <unknown>\nE       #12 0x5615e97f6392 <unknown>\nE       #13 0x5615e9813834 <unknown>\nE       #14 0x5615e97da1ef <unknown>\nE       #15 0x5615e9837038 <unknown>\nE       #16 0x5615e9837216 <unknown>\nE       #17 0x5615e9847896 <unknown>\nE       #18 0x7fad7ac9caa4 <unknown>\nE       #19 0x7fad7ad29c3c <unknown>\n\n/opt/hostedtoolcache/Python/3.12.5/x64/lib/python3.12/site-packages/selenium/webdriver/support/wait.py:105: TimeoutException","steps":[{"name":"Log in to Trello account","time":{"start":1742753544870,"stop":1742753555501,"duration":10631},"status":"broken","statusMessage":"selenium.common.exceptions.TimeoutException: Message: \nStacktrace:\n#0 0x5615e9848a1a <unknown>\n#1 0x5615e9300390 <unknown>\n#2 0x5615e9351c85 <unknown>\n#3 0x5615e9351eb1 <unknown>\n#4 0x5615e93a0d64 <unknown>\n#5 0x5615e9377bfd <unknown>\n#6 0x5615e939e07b <unknown>\n#7 0x5615e93779a3 <unknown>\n#8 0x5615e934360e <unknown>\n#9 0x5615e9344dd1 <unknown>\n#10 0x5615e980eddb <unknown>\n#11 0x5615e9812cbc <unknown>\n#12 0x5615e97f6392 <unknown>\n#13 0x5615e9813834 <unknown>\n#14 0x5615e97da1ef <unknown>\n#15 0x5615e9837038 <unknown>\n#16 0x5615e9837216 <unknown>\n#17 0x5615e9847896 <unknown>\n#18 0x7fad7ac9caa4 <unknown>\n#19 0x7fad7ad29c3c <unknown>\n\n","statusTrace":"  File \"/home/runner/work/pythonSelenium/pythonSelenium/tests/regression_ui/test_ui_regression.py\", line 190, in test_archive_card\n    self.test_login(driver)\n  File \"/home/runner/work/pythonSelenium/pythonSelenium/tests/regression_ui/test_ui_regression.py\", line 62, in test_login\n    el_user_name = WebDriverWait(driver, 10).until(EC.element_to_be_clickable(\n                   ^^^^^^^^^^^^^^^^^^^^^^^^^^^^^^^^^^^^^^^^^^^^^^^^^^^^^^^^^^^\n  File \"/opt/hostedtoolcache/Python/3.12.5/x64/lib/python3.12/site-packages/selenium/webdriver/support/wait.py\", line 105, in until\n    raise TimeoutException(message, screen, stacktrace)\n","steps":[{"name":"Navigate to the Trello page and enter valid credentials (email, password, and 6-digits verification code)","time":{"start":1742753544870,"stop":1742753555501,"duration":10631},"status":"broken","statusMessage":"selenium.common.exceptions.TimeoutException: Message: \nStacktrace:\n#0 0x5615e9848a1a <unknown>\n#1 0x5615e9300390 <unknown>\n#2 0x5615e9351c85 <unknown>\n#3 0x5615e9351eb1 <unknown>\n#4 0x5615e93a0d64 <unknown>\n#5 0x5615e9377bfd <unknown>\n#6 0x5615e939e07b <unknown>\n#7 0x5615e93779a3 <unknown>\n#8 0x5615e934360e <unknown>\n#9 0x5615e9344dd1 <unknown>\n#10 0x5615e980eddb <unknown>\n#11 0x5615e9812cbc <unknown>\n#12 0x5615e97f6392 <unknown>\n#13 0x5615e9813834 <unknown>\n#14 0x5615e97da1ef <unknown>\n#15 0x5615e9837038 <unknown>\n#16 0x5615e9837216 <unknown>\n#17 0x5615e9847896 <unknown>\n#18 0x7fad7ac9caa4 <unknown>\n#19 0x7fad7ad29c3c <unknown>\n\n","statusTrace":"  File \"/home/runner/work/pythonSelenium/pythonSelenium/tests/regression_ui/test_ui_regression.py\", line 62, in test_login\n    el_user_name = WebDriverWait(driver, 10).until(EC.element_to_be_clickable(\n                   ^^^^^^^^^^^^^^^^^^^^^^^^^^^^^^^^^^^^^^^^^^^^^^^^^^^^^^^^^^^\n  File \"/opt/hostedtoolcache/Python/3.12.5/x64/lib/python3.12/site-packages/selenium/webdriver/support/wait.py\", line 105, in until\n    raise TimeoutException(message, screen, stacktrace)\n","steps":[],"attachments":[],"parameters":[],"shouldDisplayMessage":true,"stepsCount":0,"attachmentsCount":0,"hasContent":true,"attachmentStep":false}],"attachments":[],"parameters":[],"shouldDisplayMessage":false,"stepsCount":1,"attachmentsCount":0,"hasContent":true,"attachmentStep":false}],"attachments":[],"parameters":[],"shouldDisplayMessage":true,"stepsCount":2,"attachmentsCount":0,"hasContent":true,"attachmentStep":false},"afterStages":[{"name":"driver::0","time":{"start":1742753555515,"stop":1742753555579,"duration":64},"status":"passed","steps":[],"attachments":[],"parameters":[],"shouldDisplayMessage":false,"stepsCount":0,"attachmentsCount":0,"hasContent":false,"attachmentStep":false}],"labels":[{"name":"tag","value":"TC006"},{"name":"tag","value":"TC000"},{"name":"parentSuite","value":"tests.regression_ui"},{"name":"suite","value":"test_ui_regression"},{"name":"subSuite","value":"TestUIRegression"},{"name":"host","value":"fv-az1369-199"},{"name":"thread","value":"4147-MainThread"},{"name":"framework","value":"pytest"},{"name":"language","value":"cpython3"},{"name":"package","value":"tests.regression_ui.test_ui_regression"},{"name":"resultFormat","value":"allure2"}],"parameters":[],"links":[],"hidden":false,"retry":false,"extra":{"severity":"normal","retries":[],"categories":[{"name":"Test defects","matchedStatuses":[]}],"history":{"statistic":{"failed":19,"broken":36,"skipped":0,"passed":521,"unknown":0,"total":576},"items":[{"uid":"17fabeee7360c1a","status":"passed","time":{"start":1742742613553,"stop":1742742645376,"duration":31823}},{"uid":"53e00492934bbe99","status":"passed","time":{"start":1742732233081,"stop":1742732265012,"duration":31931}},{"uid":"3d5eb1079e635713","status":"passed","time":{"start":1742721038681,"stop":1742721075180,"duration":36499}},{"uid":"feb616c1b213b5bc","status":"passed","time":{"start":1742710421815,"stop":1742710453387,"duration":31572}},{"uid":"f3c4f5ee4d80c029","status":"passed","time":{"start":1742700521698,"stop":1742700552757,"duration":31059}},{"uid":"ffa2de3a4034a566","status":"passed","time":{"start":1742690889791,"stop":1742690926378,"duration":36587}},{"uid":"e3ca2b5b0e2fa2fa","status":"passed","time":{"start":1742677782215,"stop":1742677813535,"duration":31320}},{"uid":"1b912b5338b77f1b","status":"passed","time":{"start":1742667193688,"stop":1742667225656,"duration":31968}},{"uid":"d7b3fee0cb53dcce","status":"passed","time":{"start":1742656182407,"stop":1742656213302,"duration":30895}},{"uid":"780866ffd75d306a","status":"passed","time":{"start":1742645831079,"stop":1742645864127,"duration":33048}},{"uid":"92e4264edb5d654e","status":"passed","time":{"start":1742634639533,"stop":1742634677526,"duration":37993}},{"uid":"db788e91e77bf27e","status":"passed","time":{"start":1742624114145,"stop":1742624145363,"duration":31218}},{"uid":"d182dea5ad978f96","status":"passed","time":{"start":1742613879741,"stop":1742613917471,"duration":37730}},{"uid":"45986b957c0751b4","status":"passed","time":{"start":1742604189434,"stop":1742604225935,"duration":36501}},{"uid":"78d8ddcffe685431","status":"passed","time":{"start":1742591413897,"stop":1742591445575,"duration":31678}},{"uid":"fd8fc2a789f6cf1d","status":"broken","statusDetails":"selenium.common.exceptions.NoSuchElementException: Message: no such element: Unable to locate element: {\"method\":\"xpath\",\"selector\":\"//*[contains(text(), 'new_card')]\"}\n  (Session info: chrome=134.0.6998.165); For documentation on this error, please visit: https://www.selenium.dev/documentation/webdriver/troubleshooting/errors#no-such-element-exception\nStacktrace:\n#0 0x559e04570a1a <unknown>\n#1 0x559e04028390 <unknown>\n#2 0x559e04079c85 <unknown>\n#3 0x559e04079eb1 <unknown>\n#4 0x559e040c8d64 <unknown>\n#5 0x559e0409fbfd <unknown>\n#6 0x559e040c607b <unknown>\n#7 0x559e0409f9a3 <unknown>\n#8 0x559e0406b60e <unknown>\n#9 0x559e0406cdd1 <unknown>\n#10 0x559e04536ddb <unknown>\n#11 0x559e0453acbc <unknown>\n#12 0x559e0451e392 <unknown>\n#13 0x559e0453b834 <unknown>\n#14 0x559e045021ef <unknown>\n#15 0x559e0455f038 <unknown>\n#16 0x559e0455f216 <unknown>\n#17 0x559e0456f896 <unknown>\n#18 0x7f559a49caa4 <unknown>\n#19 0x7f559a529c3c <unknown>","time":{"start":1742580961975,"stop":1742581003691,"duration":41716}},{"uid":"80058ad5d56a5f","status":"passed","time":{"start":1742569901115,"stop":1742569932531,"duration":31416}},{"uid":"75f8a7335a3f666","status":"passed","time":{"start":1742559492974,"stop":1742559524269,"duration":31295}},{"uid":"d7c4c4e84fb811ca","status":"passed","time":{"start":1742548454763,"stop":1742548487226,"duration":32463}},{"uid":"e3893f6ba93e1cad","status":"passed","time":{"start":1742537892615,"stop":1742537925046,"duration":32431}}]},"tags":["TC006","TC000"]},"source":"83559ddbca76f098.json","parameterValues":[]}