{"uid":"85f7b412b80ee79e","name":"Board Deletion","fullName":"tests.regression_ui.test_ui_regression.TestUIRegression#test_board_deletion","historyId":"4bab3c1ca3a9b77bdca99b9a1a8bf44f","time":{"start":1735261721501,"stop":1735261754312,"duration":32811},"status":"broken","statusMessage":"selenium.common.exceptions.TimeoutException: Message: \nStacktrace:\n#0 0x558078e5a31a <unknown>\n#1 0x5580789706e0 <unknown>\n#2 0x5580789bf3e6 <unknown>\n#3 0x5580789bf681 <unknown>\n#4 0x558078a04b04 <unknown>\n#5 0x5580789e348d <unknown>\n#6 0x558078a01ed7 <unknown>\n#7 0x5580789e3203 <unknown>\n#8 0x5580789b1cc0 <unknown>\n#9 0x5580789b2c9e <unknown>\n#10 0x558078e27d0b <unknown>\n#11 0x558078e2bc92 <unknown>\n#12 0x558078e14b3c <unknown>\n#13 0x558078e2c807 <unknown>\n#14 0x558078dfa0df <unknown>\n#15 0x558078e49578 <unknown>\n#16 0x558078e49740 <unknown>\n#17 0x558078e59196 <unknown>\n#18 0x7fec2589ca94 <unknown>\n#19 0x7fec25929c3c <unknown>","statusTrace":"self = <tests.regression_ui.test_ui_regression.TestUIRegression object at 0x7ffb96c5a720>\ndriver = <selenium.webdriver.chrome.webdriver.WebDriver (session=\"dcf33d2bd13286c9e6eeabe7e231767b\")>\n\n    @pytest.mark.TC000\n    @pytest.mark.TC009\n    @allure.title('Board Deletion')\n    def test_board_deletion(self, driver):\n        time.sleep(5)\n        with allure.step('Log in to Trello account'):\n            self.test_login(driver)\n    \n        with allure.step('Open board'):\n>           WebDriverWait(driver, 10).until(EC.element_to_be_clickable((By.XPATH, self.SCC.Board.BOARD_TITLE))).click()\n\ntests/regression_ui/test_ui_regression.py:266: \n_ _ _ _ _ _ _ _ _ _ _ _ _ _ _ _ _ _ _ _ _ _ _ _ _ _ _ _ _ _ _ _ _ _ _ _ _ _ _ _ \n\nself = <selenium.webdriver.support.wait.WebDriverWait (session=\"dcf33d2bd13286c9e6eeabe7e231767b\")>\nmethod = <function element_to_be_clickable.<locals>._predicate at 0x7ffb96bf77e0>\nmessage = ''\n\n    def until(self, method: Callable[[D], Union[Literal[False], T]], message: str = \"\") -> T:\n        \"\"\"Calls the method provided with the driver as an argument until the \\\n        return value does not evaluate to ``False``.\n    \n        :param method: callable(WebDriver)\n        :param message: optional message for :exc:`TimeoutException`\n        :returns: the result of the last call to `method`\n        :raises: :exc:`selenium.common.exceptions.TimeoutException` if timeout occurs\n        \"\"\"\n        screen = None\n        stacktrace = None\n    \n        end_time = time.monotonic() + self._timeout\n        while True:\n            try:\n                value = method(self._driver)\n                if value:\n                    return value\n            except self._ignored_exceptions as exc:\n                screen = getattr(exc, \"screen\", None)\n                stacktrace = getattr(exc, \"stacktrace\", None)\n            if time.monotonic() > end_time:\n                break\n            time.sleep(self._poll)\n>       raise TimeoutException(message, screen, stacktrace)\nE       selenium.common.exceptions.TimeoutException: Message: \nE       Stacktrace:\nE       #0 0x558078e5a31a <unknown>\nE       #1 0x5580789706e0 <unknown>\nE       #2 0x5580789bf3e6 <unknown>\nE       #3 0x5580789bf681 <unknown>\nE       #4 0x558078a04b04 <unknown>\nE       #5 0x5580789e348d <unknown>\nE       #6 0x558078a01ed7 <unknown>\nE       #7 0x5580789e3203 <unknown>\nE       #8 0x5580789b1cc0 <unknown>\nE       #9 0x5580789b2c9e <unknown>\nE       #10 0x558078e27d0b <unknown>\nE       #11 0x558078e2bc92 <unknown>\nE       #12 0x558078e14b3c <unknown>\nE       #13 0x558078e2c807 <unknown>\nE       #14 0x558078dfa0df <unknown>\nE       #15 0x558078e49578 <unknown>\nE       #16 0x558078e49740 <unknown>\nE       #17 0x558078e59196 <unknown>\nE       #18 0x7fec2589ca94 <unknown>\nE       #19 0x7fec25929c3c <unknown>\n\n/opt/hostedtoolcache/Python/3.12.5/x64/lib/python3.12/site-packages/selenium/webdriver/support/wait.py:105: TimeoutException","flaky":false,"newFailed":false,"newBroken":true,"newPassed":false,"retriesCount":0,"retriesStatusChange":false,"beforeStages":[{"name":"driver","time":{"start":1735261721231,"stop":1735261721500,"duration":269},"status":"passed","steps":[],"attachments":[],"parameters":[],"shouldDisplayMessage":false,"stepsCount":0,"attachmentsCount":0,"hasContent":false,"attachmentStep":false},{"name":"setup","time":{"start":1735261721501,"stop":1735261721501,"duration":0},"status":"passed","steps":[],"attachments":[],"parameters":[],"shouldDisplayMessage":false,"stepsCount":0,"attachmentsCount":0,"hasContent":false,"attachmentStep":false}],"testStage":{"status":"broken","statusMessage":"selenium.common.exceptions.TimeoutException: Message: \nStacktrace:\n#0 0x558078e5a31a <unknown>\n#1 0x5580789706e0 <unknown>\n#2 0x5580789bf3e6 <unknown>\n#3 0x5580789bf681 <unknown>\n#4 0x558078a04b04 <unknown>\n#5 0x5580789e348d <unknown>\n#6 0x558078a01ed7 <unknown>\n#7 0x5580789e3203 <unknown>\n#8 0x5580789b1cc0 <unknown>\n#9 0x5580789b2c9e <unknown>\n#10 0x558078e27d0b <unknown>\n#11 0x558078e2bc92 <unknown>\n#12 0x558078e14b3c <unknown>\n#13 0x558078e2c807 <unknown>\n#14 0x558078dfa0df <unknown>\n#15 0x558078e49578 <unknown>\n#16 0x558078e49740 <unknown>\n#17 0x558078e59196 <unknown>\n#18 0x7fec2589ca94 <unknown>\n#19 0x7fec25929c3c <unknown>","statusTrace":"self = <tests.regression_ui.test_ui_regression.TestUIRegression object at 0x7ffb96c5a720>\ndriver = <selenium.webdriver.chrome.webdriver.WebDriver (session=\"dcf33d2bd13286c9e6eeabe7e231767b\")>\n\n    @pytest.mark.TC000\n    @pytest.mark.TC009\n    @allure.title('Board Deletion')\n    def test_board_deletion(self, driver):\n        time.sleep(5)\n        with allure.step('Log in to Trello account'):\n            self.test_login(driver)\n    \n        with allure.step('Open board'):\n>           WebDriverWait(driver, 10).until(EC.element_to_be_clickable((By.XPATH, self.SCC.Board.BOARD_TITLE))).click()\n\ntests/regression_ui/test_ui_regression.py:266: \n_ _ _ _ _ _ _ _ _ _ _ _ _ _ _ _ _ _ _ _ _ _ _ _ _ _ _ _ _ _ _ _ _ _ _ _ _ _ _ _ \n\nself = <selenium.webdriver.support.wait.WebDriverWait (session=\"dcf33d2bd13286c9e6eeabe7e231767b\")>\nmethod = <function element_to_be_clickable.<locals>._predicate at 0x7ffb96bf77e0>\nmessage = ''\n\n    def until(self, method: Callable[[D], Union[Literal[False], T]], message: str = \"\") -> T:\n        \"\"\"Calls the method provided with the driver as an argument until the \\\n        return value does not evaluate to ``False``.\n    \n        :param method: callable(WebDriver)\n        :param message: optional message for :exc:`TimeoutException`\n        :returns: the result of the last call to `method`\n        :raises: :exc:`selenium.common.exceptions.TimeoutException` if timeout occurs\n        \"\"\"\n        screen = None\n        stacktrace = None\n    \n        end_time = time.monotonic() + self._timeout\n        while True:\n            try:\n                value = method(self._driver)\n                if value:\n                    return value\n            except self._ignored_exceptions as exc:\n                screen = getattr(exc, \"screen\", None)\n                stacktrace = getattr(exc, \"stacktrace\", None)\n            if time.monotonic() > end_time:\n                break\n            time.sleep(self._poll)\n>       raise TimeoutException(message, screen, stacktrace)\nE       selenium.common.exceptions.TimeoutException: Message: \nE       Stacktrace:\nE       #0 0x558078e5a31a <unknown>\nE       #1 0x5580789706e0 <unknown>\nE       #2 0x5580789bf3e6 <unknown>\nE       #3 0x5580789bf681 <unknown>\nE       #4 0x558078a04b04 <unknown>\nE       #5 0x5580789e348d <unknown>\nE       #6 0x558078a01ed7 <unknown>\nE       #7 0x5580789e3203 <unknown>\nE       #8 0x5580789b1cc0 <unknown>\nE       #9 0x5580789b2c9e <unknown>\nE       #10 0x558078e27d0b <unknown>\nE       #11 0x558078e2bc92 <unknown>\nE       #12 0x558078e14b3c <unknown>\nE       #13 0x558078e2c807 <unknown>\nE       #14 0x558078dfa0df <unknown>\nE       #15 0x558078e49578 <unknown>\nE       #16 0x558078e49740 <unknown>\nE       #17 0x558078e59196 <unknown>\nE       #18 0x7fec2589ca94 <unknown>\nE       #19 0x7fec25929c3c <unknown>\n\n/opt/hostedtoolcache/Python/3.12.5/x64/lib/python3.12/site-packages/selenium/webdriver/support/wait.py:105: TimeoutException","steps":[{"name":"Log in to Trello account","time":{"start":1735261726501,"stop":1735261743976,"duration":17475},"status":"passed","steps":[{"name":"Navigate to the Trello login page","time":{"start":1735261726501,"stop":1735261729839,"duration":3338},"status":"passed","steps":[],"attachments":[],"parameters":[],"shouldDisplayMessage":false,"stepsCount":0,"attachmentsCount":0,"hasContent":false,"attachmentStep":false},{"name":"Enter valid credentials (email, password, and 6-digits verification code)","time":{"start":1735261729839,"stop":1735261743976,"duration":14137},"status":"passed","steps":[],"attachments":[],"parameters":[],"shouldDisplayMessage":false,"stepsCount":0,"attachmentsCount":0,"hasContent":false,"attachmentStep":false}],"attachments":[],"parameters":[],"shouldDisplayMessage":false,"stepsCount":2,"attachmentsCount":0,"hasContent":true,"attachmentStep":false},{"name":"Open board","time":{"start":1735261743976,"stop":1735261754311,"duration":10335},"status":"broken","statusMessage":"selenium.common.exceptions.TimeoutException: Message: \nStacktrace:\n#0 0x558078e5a31a <unknown>\n#1 0x5580789706e0 <unknown>\n#2 0x5580789bf3e6 <unknown>\n#3 0x5580789bf681 <unknown>\n#4 0x558078a04b04 <unknown>\n#5 0x5580789e348d <unknown>\n#6 0x558078a01ed7 <unknown>\n#7 0x5580789e3203 <unknown>\n#8 0x5580789b1cc0 <unknown>\n#9 0x5580789b2c9e <unknown>\n#10 0x558078e27d0b <unknown>\n#11 0x558078e2bc92 <unknown>\n#12 0x558078e14b3c <unknown>\n#13 0x558078e2c807 <unknown>\n#14 0x558078dfa0df <unknown>\n#15 0x558078e49578 <unknown>\n#16 0x558078e49740 <unknown>\n#17 0x558078e59196 <unknown>\n#18 0x7fec2589ca94 <unknown>\n#19 0x7fec25929c3c <unknown>\n\n","statusTrace":"  File \"/home/runner/work/pythonSelenium/pythonSelenium/tests/regression_ui/test_ui_regression.py\", line 266, in test_board_deletion\n    WebDriverWait(driver, 10).until(EC.element_to_be_clickable((By.XPATH, self.SCC.Board.BOARD_TITLE))).click()\n    ^^^^^^^^^^^^^^^^^^^^^^^^^^^^^^^^^^^^^^^^^^^^^^^^^^^^^^^^^^^^^^^^^^^^^^^^^^^^^^^^^^^^^^^^^^^^^^^^^^^\n  File \"/opt/hostedtoolcache/Python/3.12.5/x64/lib/python3.12/site-packages/selenium/webdriver/support/wait.py\", line 105, in until\n    raise TimeoutException(message, screen, stacktrace)\n","steps":[],"attachments":[],"parameters":[],"shouldDisplayMessage":true,"stepsCount":0,"attachmentsCount":0,"hasContent":true,"attachmentStep":false}],"attachments":[{"uid":"960afae7e5b4fcf2","name":"log","source":"960afae7e5b4fcf2.txt","type":"text/plain","size":59081}],"parameters":[],"shouldDisplayMessage":true,"stepsCount":4,"attachmentsCount":1,"hasContent":true,"attachmentStep":false},"afterStages":[{"name":"driver::0","time":{"start":1735261754322,"stop":1735261754397,"duration":75},"status":"passed","steps":[],"attachments":[],"parameters":[],"shouldDisplayMessage":false,"stepsCount":0,"attachmentsCount":0,"hasContent":false,"attachmentStep":false}],"labels":[{"name":"tag","value":"TC009"},{"name":"tag","value":"TC000"},{"name":"parentSuite","value":"tests.regression_ui"},{"name":"suite","value":"test_ui_regression"},{"name":"subSuite","value":"TestUIRegression"},{"name":"host","value":"fv-az1048-752"},{"name":"thread","value":"3656-MainThread"},{"name":"framework","value":"pytest"},{"name":"language","value":"cpython3"},{"name":"package","value":"tests.regression_ui.test_ui_regression"},{"name":"resultFormat","value":"allure2"}],"parameters":[],"links":[],"hidden":false,"retry":false,"extra":{"severity":"normal","retries":[],"categories":[{"name":"Test defects","matchedStatuses":[],"flaky":false}],"history":{"statistic":{"failed":25,"broken":5,"skipped":0,"passed":9,"unknown":0,"total":39},"items":[{"uid":"1693f7e801421763","status":"failed","statusDetails":"AssertionError: assert (0 - 2) == 0","time":{"start":1735237320574,"stop":1735237353490,"duration":32916}},{"uid":"fad28afb5b4560a7","status":"failed","statusDetails":"AssertionError: assert (0 - 2) == 0","time":{"start":1735175195450,"stop":1735175228807,"duration":33357}},{"uid":"8fc46c1a3673c67e","status":"failed","statusDetails":"AssertionError: assert (0 - 2) == 0","time":{"start":1735150968692,"stop":1735151002028,"duration":33336}},{"uid":"d22da6bad799beb4","status":"failed","statusDetails":"AssertionError: assert (0 - 2) == 0","time":{"start":1735088838175,"stop":1735088871002,"duration":32827}},{"uid":"525028874cfc8f6a","status":"failed","statusDetails":"AssertionError: assert (0 - 2) == 0","time":{"start":1735064510266,"stop":1735064543623,"duration":33357}},{"uid":"c712012ad54502d4","status":"broken","statusDetails":"TypeError: not all arguments converted during string formatting","time":{"start":1735002434319,"stop":1735002466826,"duration":32507}},{"uid":"87d7f6823afb29b2","status":"failed","statusDetails":"AssertionError: assert (0 - 2) == 0","time":{"start":1734978119103,"stop":1734978152517,"duration":33414}},{"uid":"c933f7797d750249","status":"failed","statusDetails":"AssertionError: assert (0 - 2) == 0","time":{"start":1734916116203,"stop":1734916149587,"duration":33384}},{"uid":"139dd87bd605d1c8","status":"failed","statusDetails":"AssertionError: assert (0 - 2) == 0","time":{"start":1734891637174,"stop":1734891670378,"duration":33204}},{"uid":"3ad4c011314615e7","status":"failed","statusDetails":"AssertionError: assert (0 - 2) == 0","time":{"start":1734830089166,"stop":1734830122178,"duration":33012}},{"uid":"9af57053a01f17c","status":"failed","statusDetails":"AssertionError: assert (0 - 2) == 0","time":{"start":1734805241394,"stop":1734805274251,"duration":32857}},{"uid":"bf709bc0bff9e96","status":"failed","statusDetails":"AssertionError: assert (0 - 2) == 0","time":{"start":1734743180480,"stop":1734743213394,"duration":32914}},{"uid":"16838e72551e16d0","status":"failed","statusDetails":"AssertionError: assert (0 - 2) == 0","time":{"start":1734718930228,"stop":1734718963152,"duration":32924}},{"uid":"3b494b3351816af7","status":"failed","statusDetails":"AssertionError: assert (0 - 2) == 0","time":{"start":1734656917390,"stop":1734656950799,"duration":33409}},{"uid":"1cada077cfb8426e","status":"failed","statusDetails":"AssertionError: assert (0 - 2) == 0","time":{"start":1734632559874,"stop":1734632592873,"duration":32999}},{"uid":"f9baac13498d27a0","status":"failed","statusDetails":"AssertionError: assert (0 - 2) == 0","time":{"start":1734570640562,"stop":1734570674156,"duration":33594}},{"uid":"ae8b2b2be497580","status":"failed","statusDetails":"AssertionError: assert (0 - 2) == 0","time":{"start":1734546229908,"stop":1734546263528,"duration":33620}},{"uid":"bea4db645d1fdb76","status":"failed","statusDetails":"AssertionError: assert (0 - 2) == 0","time":{"start":1734484198001,"stop":1734484231561,"duration":33560}},{"uid":"6c8339e8bed24186","status":"failed","statusDetails":"AssertionError: assert (0 - 2) == 0","time":{"start":1734459872899,"stop":1734459906547,"duration":33648}},{"uid":"ee9cb59e8226fe94","status":"passed","time":{"start":1734397975879,"stop":1734398009644,"duration":33765}}]},"tags":["TC009","TC000"]},"source":"85f7b412b80ee79e.json","parameterValues":[]}