{"uid":"882c16e6e483098f","name":"Board Creation","fullName":"tests.regression_ui.test_ui_regression.TestUIRegression#test_board_creation","historyId":"7a20b967a411d7d4449c81c8bbcd2d3a","time":{"start":1735261451106,"stop":1735261488660,"duration":37554},"status":"broken","statusMessage":"TypeError: not all arguments converted during string formatting","statusTrace":"self = <tests.regression_ui.test_ui_regression.TestUIRegression object at 0x7ffb96e07380>\ndriver = <selenium.webdriver.chrome.webdriver.WebDriver (session=\"d408b272dec7634dbef92a09a3f42138\")>\n\n    @pytest.mark.TC000\n    @pytest.mark.TC001\n    @allure.title('Login Functionality')\n    def test_login(self, driver):\n        with allure.step('Navigate to the Trello login page'):\n            driver.get(self.SCC.URL_LOGIN)\n            time.sleep(3)\n        with allure.step('Enter valid credentials (email, password, and 6-digits verification code)'):\n            try:\n                el_user_name = WebDriverWait(driver, 60).until(EC.element_to_be_clickable(\n                    (By.XPATH, self.SCC.LoginPage.USER_NAME_FIELD)\n                ))\n                el_user_name.click()\n                el_user_name.send_keys(USER_EMAIL)\n    \n                driver.find_element(By.XPATH, self.SCC.LoginPage.CONTINUE_BUTTON).click()\n                el_password = WebDriverWait(driver, 60).until(EC.element_to_be_clickable(\n                    (By.XPATH, self.SCC.LoginPage.PASSWORD_FIELD)\n                ))\n                el_password.click()\n                el_password.send_keys(USER_PASSWORD)\n    \n                driver.find_element(By.XPATH, self.SCC.LoginPage.LOGIN_BUTTON).click()\n                time.sleep(3)\n                el_six_otp_code = WebDriverWait(driver, 60).until(EC.element_to_be_clickable(\n                    (By.XPATH, self.SCC.LoginPage.SIX_OTP_CODE_FIELD)\n                ))\n                el_six_otp_code.click()\n                el_six_otp_code.send_keys(self.otp_auth())\n                time.sleep(10)\n>               WebDriverWait(driver, 10).until(EC.url_matches(self.SCC.HOME_URL))\n\ntests/regression_ui/test_ui_regression.py:84: \n_ _ _ _ _ _ _ _ _ _ _ _ _ _ _ _ _ _ _ _ _ _ _ _ _ _ _ _ _ _ _ _ _ _ _ _ _ _ _ _ \n\nself = <selenium.webdriver.support.wait.WebDriverWait (session=\"d408b272dec7634dbef92a09a3f42138\")>\nmethod = <function url_matches.<locals>._predicate at 0x7ffb96c4e660>\nmessage = ''\n\n    def until(self, method: Callable[[D], Union[Literal[False], T]], message: str = \"\") -> T:\n        \"\"\"Calls the method provided with the driver as an argument until the \\\n        return value does not evaluate to ``False``.\n    \n        :param method: callable(WebDriver)\n        :param message: optional message for :exc:`TimeoutException`\n        :returns: the result of the last call to `method`\n        :raises: :exc:`selenium.common.exceptions.TimeoutException` if timeout occurs\n        \"\"\"\n        screen = None\n        stacktrace = None\n    \n        end_time = time.monotonic() + self._timeout\n        while True:\n            try:\n                value = method(self._driver)\n                if value:\n                    return value\n            except self._ignored_exceptions as exc:\n                screen = getattr(exc, \"screen\", None)\n                stacktrace = getattr(exc, \"stacktrace\", None)\n            if time.monotonic() > end_time:\n                break\n            time.sleep(self._poll)\n>       raise TimeoutException(message, screen, stacktrace)\nE       selenium.common.exceptions.TimeoutException: Message:\n\n/opt/hostedtoolcache/Python/3.12.5/x64/lib/python3.12/site-packages/selenium/webdriver/support/wait.py:105: TimeoutException\n\nDuring handling of the above exception, another exception occurred:\n\nself = <tests.regression_ui.test_ui_regression.TestUIRegression object at 0x7ffb96e07380>\ndriver = <selenium.webdriver.chrome.webdriver.WebDriver (session=\"d408b272dec7634dbef92a09a3f42138\")>\n\n    @pytest.mark.TC000\n    @pytest.mark.TC002\n    @allure.title('Board Creation')\n    def test_board_creation(self, driver):\n        time.sleep(10)\n        with allure.step('Log in to Trello'):\n>           self.test_login(driver)\n\ntests/regression_ui/test_ui_regression.py:97: \n_ _ _ _ _ _ _ _ _ _ _ _ _ _ _ _ _ _ _ _ _ _ _ _ _ _ _ _ _ _ _ _ _ _ _ _ _ _ _ _ \ntests/regression_ui/test_ui_regression.py:88: in test_login\n    log.info(\"An error occurred: \", str(e))\n/opt/hostedtoolcache/Python/3.12.5/x64/lib/python3.12/logging/__init__.py:2216: in info\n    root.info(msg, *args, **kwargs)\n/opt/hostedtoolcache/Python/3.12.5/x64/lib/python3.12/logging/__init__.py:1539: in info\n    self._log(INFO, msg, args, **kwargs)\n/opt/hostedtoolcache/Python/3.12.5/x64/lib/python3.12/logging/__init__.py:1684: in _log\n    self.handle(record)\n/opt/hostedtoolcache/Python/3.12.5/x64/lib/python3.12/logging/__init__.py:1700: in handle\n    self.callHandlers(record)\n/opt/hostedtoolcache/Python/3.12.5/x64/lib/python3.12/logging/__init__.py:1762: in callHandlers\n    hdlr.handle(record)\n/opt/hostedtoolcache/Python/3.12.5/x64/lib/python3.12/logging/__init__.py:1028: in handle\n    self.emit(record)\n/opt/hostedtoolcache/Python/3.12.5/x64/lib/python3.12/site-packages/_pytest/logging.py:386: in emit\n    super().emit(record)\n/opt/hostedtoolcache/Python/3.12.5/x64/lib/python3.12/logging/__init__.py:1168: in emit\n    self.handleError(record)\n/opt/hostedtoolcache/Python/3.12.5/x64/lib/python3.12/logging/__init__.py:1160: in emit\n    msg = self.format(record)\n/opt/hostedtoolcache/Python/3.12.5/x64/lib/python3.12/logging/__init__.py:999: in format\n    return fmt.format(record)\n/opt/hostedtoolcache/Python/3.12.5/x64/lib/python3.12/site-packages/_pytest/logging.py:139: in format\n    return super().format(record)\n/opt/hostedtoolcache/Python/3.12.5/x64/lib/python3.12/logging/__init__.py:703: in format\n    record.message = record.getMessage()\n_ _ _ _ _ _ _ _ _ _ _ _ _ _ _ _ _ _ _ _ _ _ _ _ _ _ _ _ _ _ _ _ _ _ _ _ _ _ _ _ \n\nself = <LogRecord: root, 20, /home/runner/work/pythonSelenium/pythonSelenium/tests/regression_ui/test_ui_regression.py, 88, \"An error occurred: \">\n\n    def getMessage(self):\n        \"\"\"\n        Return the message for this LogRecord.\n    \n        Return the message for this LogRecord after merging any user-supplied\n        arguments with the message.\n        \"\"\"\n        msg = str(self.msg)\n        if self.args:\n>           msg = msg % self.args\nE           TypeError: not all arguments converted during string formatting\n\n/opt/hostedtoolcache/Python/3.12.5/x64/lib/python3.12/logging/__init__.py:392: TypeError","flaky":false,"newFailed":false,"newBroken":true,"newPassed":false,"retriesCount":0,"retriesStatusChange":false,"beforeStages":[{"name":"driver","time":{"start":1735261450857,"stop":1735261451105,"duration":248},"status":"passed","steps":[],"attachments":[],"parameters":[],"shouldDisplayMessage":false,"stepsCount":0,"attachmentsCount":0,"hasContent":false,"attachmentStep":false},{"name":"setup","time":{"start":1735261451106,"stop":1735261451106,"duration":0},"status":"passed","steps":[],"attachments":[],"parameters":[],"shouldDisplayMessage":false,"stepsCount":0,"attachmentsCount":0,"hasContent":false,"attachmentStep":false}],"testStage":{"status":"broken","statusMessage":"TypeError: not all arguments converted during string formatting","statusTrace":"self = <tests.regression_ui.test_ui_regression.TestUIRegression object at 0x7ffb96e07380>\ndriver = <selenium.webdriver.chrome.webdriver.WebDriver (session=\"d408b272dec7634dbef92a09a3f42138\")>\n\n    @pytest.mark.TC000\n    @pytest.mark.TC001\n    @allure.title('Login Functionality')\n    def test_login(self, driver):\n        with allure.step('Navigate to the Trello login page'):\n            driver.get(self.SCC.URL_LOGIN)\n            time.sleep(3)\n        with allure.step('Enter valid credentials (email, password, and 6-digits verification code)'):\n            try:\n                el_user_name = WebDriverWait(driver, 60).until(EC.element_to_be_clickable(\n                    (By.XPATH, self.SCC.LoginPage.USER_NAME_FIELD)\n                ))\n                el_user_name.click()\n                el_user_name.send_keys(USER_EMAIL)\n    \n                driver.find_element(By.XPATH, self.SCC.LoginPage.CONTINUE_BUTTON).click()\n                el_password = WebDriverWait(driver, 60).until(EC.element_to_be_clickable(\n                    (By.XPATH, self.SCC.LoginPage.PASSWORD_FIELD)\n                ))\n                el_password.click()\n                el_password.send_keys(USER_PASSWORD)\n    \n                driver.find_element(By.XPATH, self.SCC.LoginPage.LOGIN_BUTTON).click()\n                time.sleep(3)\n                el_six_otp_code = WebDriverWait(driver, 60).until(EC.element_to_be_clickable(\n                    (By.XPATH, self.SCC.LoginPage.SIX_OTP_CODE_FIELD)\n                ))\n                el_six_otp_code.click()\n                el_six_otp_code.send_keys(self.otp_auth())\n                time.sleep(10)\n>               WebDriverWait(driver, 10).until(EC.url_matches(self.SCC.HOME_URL))\n\ntests/regression_ui/test_ui_regression.py:84: \n_ _ _ _ _ _ _ _ _ _ _ _ _ _ _ _ _ _ _ _ _ _ _ _ _ _ _ _ _ _ _ _ _ _ _ _ _ _ _ _ \n\nself = <selenium.webdriver.support.wait.WebDriverWait (session=\"d408b272dec7634dbef92a09a3f42138\")>\nmethod = <function url_matches.<locals>._predicate at 0x7ffb96c4e660>\nmessage = ''\n\n    def until(self, method: Callable[[D], Union[Literal[False], T]], message: str = \"\") -> T:\n        \"\"\"Calls the method provided with the driver as an argument until the \\\n        return value does not evaluate to ``False``.\n    \n        :param method: callable(WebDriver)\n        :param message: optional message for :exc:`TimeoutException`\n        :returns: the result of the last call to `method`\n        :raises: :exc:`selenium.common.exceptions.TimeoutException` if timeout occurs\n        \"\"\"\n        screen = None\n        stacktrace = None\n    \n        end_time = time.monotonic() + self._timeout\n        while True:\n            try:\n                value = method(self._driver)\n                if value:\n                    return value\n            except self._ignored_exceptions as exc:\n                screen = getattr(exc, \"screen\", None)\n                stacktrace = getattr(exc, \"stacktrace\", None)\n            if time.monotonic() > end_time:\n                break\n            time.sleep(self._poll)\n>       raise TimeoutException(message, screen, stacktrace)\nE       selenium.common.exceptions.TimeoutException: Message:\n\n/opt/hostedtoolcache/Python/3.12.5/x64/lib/python3.12/site-packages/selenium/webdriver/support/wait.py:105: TimeoutException\n\nDuring handling of the above exception, another exception occurred:\n\nself = <tests.regression_ui.test_ui_regression.TestUIRegression object at 0x7ffb96e07380>\ndriver = <selenium.webdriver.chrome.webdriver.WebDriver (session=\"d408b272dec7634dbef92a09a3f42138\")>\n\n    @pytest.mark.TC000\n    @pytest.mark.TC002\n    @allure.title('Board Creation')\n    def test_board_creation(self, driver):\n        time.sleep(10)\n        with allure.step('Log in to Trello'):\n>           self.test_login(driver)\n\ntests/regression_ui/test_ui_regression.py:97: \n_ _ _ _ _ _ _ _ _ _ _ _ _ _ _ _ _ _ _ _ _ _ _ _ _ _ _ _ _ _ _ _ _ _ _ _ _ _ _ _ \ntests/regression_ui/test_ui_regression.py:88: in test_login\n    log.info(\"An error occurred: \", str(e))\n/opt/hostedtoolcache/Python/3.12.5/x64/lib/python3.12/logging/__init__.py:2216: in info\n    root.info(msg, *args, **kwargs)\n/opt/hostedtoolcache/Python/3.12.5/x64/lib/python3.12/logging/__init__.py:1539: in info\n    self._log(INFO, msg, args, **kwargs)\n/opt/hostedtoolcache/Python/3.12.5/x64/lib/python3.12/logging/__init__.py:1684: in _log\n    self.handle(record)\n/opt/hostedtoolcache/Python/3.12.5/x64/lib/python3.12/logging/__init__.py:1700: in handle\n    self.callHandlers(record)\n/opt/hostedtoolcache/Python/3.12.5/x64/lib/python3.12/logging/__init__.py:1762: in callHandlers\n    hdlr.handle(record)\n/opt/hostedtoolcache/Python/3.12.5/x64/lib/python3.12/logging/__init__.py:1028: in handle\n    self.emit(record)\n/opt/hostedtoolcache/Python/3.12.5/x64/lib/python3.12/site-packages/_pytest/logging.py:386: in emit\n    super().emit(record)\n/opt/hostedtoolcache/Python/3.12.5/x64/lib/python3.12/logging/__init__.py:1168: in emit\n    self.handleError(record)\n/opt/hostedtoolcache/Python/3.12.5/x64/lib/python3.12/logging/__init__.py:1160: in emit\n    msg = self.format(record)\n/opt/hostedtoolcache/Python/3.12.5/x64/lib/python3.12/logging/__init__.py:999: in format\n    return fmt.format(record)\n/opt/hostedtoolcache/Python/3.12.5/x64/lib/python3.12/site-packages/_pytest/logging.py:139: in format\n    return super().format(record)\n/opt/hostedtoolcache/Python/3.12.5/x64/lib/python3.12/logging/__init__.py:703: in format\n    record.message = record.getMessage()\n_ _ _ _ _ _ _ _ _ _ _ _ _ _ _ _ _ _ _ _ _ _ _ _ _ _ _ _ _ _ _ _ _ _ _ _ _ _ _ _ \n\nself = <LogRecord: root, 20, /home/runner/work/pythonSelenium/pythonSelenium/tests/regression_ui/test_ui_regression.py, 88, \"An error occurred: \">\n\n    def getMessage(self):\n        \"\"\"\n        Return the message for this LogRecord.\n    \n        Return the message for this LogRecord after merging any user-supplied\n        arguments with the message.\n        \"\"\"\n        msg = str(self.msg)\n        if self.args:\n>           msg = msg % self.args\nE           TypeError: not all arguments converted during string formatting\n\n/opt/hostedtoolcache/Python/3.12.5/x64/lib/python3.12/logging/__init__.py:392: TypeError","steps":[{"name":"Log in to Trello","time":{"start":1735261461106,"stop":1735261488659,"duration":27553},"status":"broken","statusMessage":"TypeError: not all arguments converted during string formatting\n","statusTrace":"  File \"/home/runner/work/pythonSelenium/pythonSelenium/tests/regression_ui/test_ui_regression.py\", line 97, in test_board_creation\n    self.test_login(driver)\n  File \"/home/runner/work/pythonSelenium/pythonSelenium/tests/regression_ui/test_ui_regression.py\", line 88, in test_login\n    log.info(\"An error occurred: \", str(e))\n  File \"/opt/hostedtoolcache/Python/3.12.5/x64/lib/python3.12/logging/__init__.py\", line 2216, in info\n    root.info(msg, *args, **kwargs)\n  File \"/opt/hostedtoolcache/Python/3.12.5/x64/lib/python3.12/logging/__init__.py\", line 1539, in info\n    self._log(INFO, msg, args, **kwargs)\n  File \"/opt/hostedtoolcache/Python/3.12.5/x64/lib/python3.12/logging/__init__.py\", line 1684, in _log\n    self.handle(record)\n  File \"/opt/hostedtoolcache/Python/3.12.5/x64/lib/python3.12/logging/__init__.py\", line 1700, in handle\n    self.callHandlers(record)\n  File \"/opt/hostedtoolcache/Python/3.12.5/x64/lib/python3.12/logging/__init__.py\", line 1762, in callHandlers\n    hdlr.handle(record)\n  File \"/opt/hostedtoolcache/Python/3.12.5/x64/lib/python3.12/logging/__init__.py\", line 1028, in handle\n    self.emit(record)\n  File \"/opt/hostedtoolcache/Python/3.12.5/x64/lib/python3.12/site-packages/_pytest/logging.py\", line 386, in emit\n    super().emit(record)\n  File \"/opt/hostedtoolcache/Python/3.12.5/x64/lib/python3.12/logging/__init__.py\", line 1168, in emit\n    self.handleError(record)\n  File \"/opt/hostedtoolcache/Python/3.12.5/x64/lib/python3.12/logging/__init__.py\", line 1160, in emit\n    msg = self.format(record)\n          ^^^^^^^^^^^^^^^^^^^\n  File \"/opt/hostedtoolcache/Python/3.12.5/x64/lib/python3.12/logging/__init__.py\", line 999, in format\n    return fmt.format(record)\n           ^^^^^^^^^^^^^^^^^^\n  File \"/opt/hostedtoolcache/Python/3.12.5/x64/lib/python3.12/site-packages/_pytest/logging.py\", line 139, in format\n    return super().format(record)\n           ^^^^^^^^^^^^^^^^^^^^^^\n  File \"/opt/hostedtoolcache/Python/3.12.5/x64/lib/python3.12/logging/__init__.py\", line 703, in format\n    record.message = record.getMessage()\n                     ^^^^^^^^^^^^^^^^^^^\n  File \"/opt/hostedtoolcache/Python/3.12.5/x64/lib/python3.12/logging/__init__.py\", line 392, in getMessage\n    msg = msg % self.args\n          ~~~~^~~~~~~~~~~\n","steps":[{"name":"Navigate to the Trello login page","time":{"start":1735261461107,"stop":1735261464443,"duration":3336},"status":"passed","steps":[],"attachments":[],"parameters":[],"shouldDisplayMessage":false,"stepsCount":0,"attachmentsCount":0,"hasContent":false,"attachmentStep":false},{"name":"Enter valid credentials (email, password, and 6-digits verification code)","time":{"start":1735261464443,"stop":1735261488657,"duration":24214},"status":"broken","statusMessage":"TypeError: not all arguments converted during string formatting\n","statusTrace":"  File \"/home/runner/work/pythonSelenium/pythonSelenium/tests/regression_ui/test_ui_regression.py\", line 88, in test_login\n    log.info(\"An error occurred: \", str(e))\n  File \"/opt/hostedtoolcache/Python/3.12.5/x64/lib/python3.12/logging/__init__.py\", line 2216, in info\n    root.info(msg, *args, **kwargs)\n  File \"/opt/hostedtoolcache/Python/3.12.5/x64/lib/python3.12/logging/__init__.py\", line 1539, in info\n    self._log(INFO, msg, args, **kwargs)\n  File \"/opt/hostedtoolcache/Python/3.12.5/x64/lib/python3.12/logging/__init__.py\", line 1684, in _log\n    self.handle(record)\n  File \"/opt/hostedtoolcache/Python/3.12.5/x64/lib/python3.12/logging/__init__.py\", line 1700, in handle\n    self.callHandlers(record)\n  File \"/opt/hostedtoolcache/Python/3.12.5/x64/lib/python3.12/logging/__init__.py\", line 1762, in callHandlers\n    hdlr.handle(record)\n  File \"/opt/hostedtoolcache/Python/3.12.5/x64/lib/python3.12/logging/__init__.py\", line 1028, in handle\n    self.emit(record)\n  File \"/opt/hostedtoolcache/Python/3.12.5/x64/lib/python3.12/site-packages/_pytest/logging.py\", line 386, in emit\n    super().emit(record)\n  File \"/opt/hostedtoolcache/Python/3.12.5/x64/lib/python3.12/logging/__init__.py\", line 1168, in emit\n    self.handleError(record)\n  File \"/opt/hostedtoolcache/Python/3.12.5/x64/lib/python3.12/logging/__init__.py\", line 1160, in emit\n    msg = self.format(record)\n          ^^^^^^^^^^^^^^^^^^^\n  File \"/opt/hostedtoolcache/Python/3.12.5/x64/lib/python3.12/logging/__init__.py\", line 999, in format\n    return fmt.format(record)\n           ^^^^^^^^^^^^^^^^^^\n  File \"/opt/hostedtoolcache/Python/3.12.5/x64/lib/python3.12/site-packages/_pytest/logging.py\", line 139, in format\n    return super().format(record)\n           ^^^^^^^^^^^^^^^^^^^^^^\n  File \"/opt/hostedtoolcache/Python/3.12.5/x64/lib/python3.12/logging/__init__.py\", line 703, in format\n    record.message = record.getMessage()\n                     ^^^^^^^^^^^^^^^^^^^\n  File \"/opt/hostedtoolcache/Python/3.12.5/x64/lib/python3.12/logging/__init__.py\", line 392, in getMessage\n    msg = msg % self.args\n          ~~~~^~~~~~~~~~~\n","steps":[],"attachments":[],"parameters":[],"shouldDisplayMessage":true,"stepsCount":0,"attachmentsCount":0,"hasContent":true,"attachmentStep":false}],"attachments":[],"parameters":[],"shouldDisplayMessage":false,"stepsCount":2,"attachmentsCount":0,"hasContent":true,"attachmentStep":false}],"attachments":[{"uid":"b32302a373258fd7","name":"log","source":"b32302a373258fd7.txt","type":"text/plain","size":63296}],"parameters":[],"shouldDisplayMessage":true,"stepsCount":3,"attachmentsCount":1,"hasContent":true,"attachmentStep":false},"afterStages":[{"name":"driver::0","time":{"start":1735261488812,"stop":1735261488884,"duration":72},"status":"passed","steps":[],"attachments":[],"parameters":[],"shouldDisplayMessage":false,"stepsCount":0,"attachmentsCount":0,"hasContent":false,"attachmentStep":false}],"labels":[{"name":"tag","value":"TC002"},{"name":"tag","value":"TC000"},{"name":"parentSuite","value":"tests.regression_ui"},{"name":"suite","value":"test_ui_regression"},{"name":"subSuite","value":"TestUIRegression"},{"name":"host","value":"fv-az1048-752"},{"name":"thread","value":"3656-MainThread"},{"name":"framework","value":"pytest"},{"name":"language","value":"cpython3"},{"name":"package","value":"tests.regression_ui.test_ui_regression"},{"name":"resultFormat","value":"allure2"}],"parameters":[],"links":[],"hidden":false,"retry":false,"extra":{"severity":"normal","retries":[],"categories":[{"name":"Test defects","matchedStatuses":[],"flaky":false}],"history":{"statistic":{"failed":2,"broken":4,"skipped":0,"passed":49,"unknown":0,"total":55},"items":[{"uid":"96bb4a955f23511e","status":"passed","time":{"start":1735237097799,"stop":1735237130123,"duration":32324}},{"uid":"a156d679ff9e6ac3","status":"passed","time":{"start":1735174973143,"stop":1735175005270,"duration":32127}},{"uid":"db5de9d08a3dd08f","status":"passed","time":{"start":1735150746664,"stop":1735150778621,"duration":31957}},{"uid":"b8c242543cbb6865","status":"broken","statusDetails":"selenium.common.exceptions.TimeoutException: Message: \nStacktrace:\n#0 0x55d84c7de31a <unknown>\n#1 0x55d84c2f46e0 <unknown>\n#2 0x55d84c3433e6 <unknown>\n#3 0x55d84c343681 <unknown>\n#4 0x55d84c388b04 <unknown>\n#5 0x55d84c36748d <unknown>\n#6 0x55d84c385ed7 <unknown>\n#7 0x55d84c367203 <unknown>\n#8 0x55d84c335cc0 <unknown>\n#9 0x55d84c336c9e <unknown>\n#10 0x55d84c7abd0b <unknown>\n#11 0x55d84c7afc92 <unknown>\n#12 0x55d84c798b3c <unknown>\n#13 0x55d84c7b0807 <unknown>\n#14 0x55d84c77e0df <unknown>\n#15 0x55d84c7cd578 <unknown>\n#16 0x55d84c7cd740 <unknown>\n#17 0x55d84c7dd196 <unknown>\n#18 0x7fd238c9ca94 <unknown>\n#19 0x7fd238d29c3c <unknown>","time":{"start":1735088560263,"stop":1735088650607,"duration":90344}},{"uid":"2ad611756bf1d378","status":"passed","time":{"start":1735064289254,"stop":1735064321268,"duration":32014}},{"uid":"40eaa38b59ac5f08","status":"passed","time":{"start":1735002211540,"stop":1735002243406,"duration":31866}},{"uid":"66e150cd76fe6eaa","status":"passed","time":{"start":1734977896852,"stop":1734977928834,"duration":31982}},{"uid":"8bf55b93e1245e82","status":"passed","time":{"start":1734915893823,"stop":1734915926280,"duration":32457}},{"uid":"45b73a04391e202b","status":"passed","time":{"start":1734891413589,"stop":1734891445910,"duration":32321}},{"uid":"4e418399e1b13974","status":"passed","time":{"start":1734829866016,"stop":1734829898239,"duration":32223}},{"uid":"5a52356a4ba88416","status":"passed","time":{"start":1734805019120,"stop":1734805051243,"duration":32123}},{"uid":"27624d8756af779a","status":"passed","time":{"start":1734742957132,"stop":1734742989272,"duration":32140}},{"uid":"d66cc1de1efcc9bf","status":"passed","time":{"start":1734718707787,"stop":1734718740014,"duration":32227}},{"uid":"6b1f226f1860c438","status":"passed","time":{"start":1734656694900,"stop":1734656727146,"duration":32246}},{"uid":"95192b7de2595a19","status":"passed","time":{"start":1734632336977,"stop":1734632369265,"duration":32288}},{"uid":"960e61b9f9814453","status":"passed","time":{"start":1734570417859,"stop":1734570450083,"duration":32224}},{"uid":"b3be753737573a29","status":"passed","time":{"start":1734546006446,"stop":1734546038666,"duration":32220}},{"uid":"34b422aef4fc2ef6","status":"passed","time":{"start":1734483974745,"stop":1734484006968,"duration":32223}},{"uid":"744130356c607ad6","status":"passed","time":{"start":1734459649509,"stop":1734459681784,"duration":32275}},{"uid":"fe475dab5fc4c3a1","status":"broken","statusDetails":"TypeError: not all arguments converted during string formatting","time":{"start":1734397751104,"stop":1734397788663,"duration":37559}}]},"tags":["TC002","TC000"]},"source":"882c16e6e483098f.json","parameterValues":[]}