{"uid":"8bb9a3e59987f47e","name":"Card Creation","fullName":"tests.regression_ui.test_ui_regression.TestUIRegression#test_card_creation","historyId":"37b04428e9c82a14933f1043cf15ed79","time":{"start":1742181883681,"stop":1742181904491,"duration":20810},"status":"broken","statusMessage":"selenium.common.exceptions.TimeoutException: Message: \nStacktrace:\n#0 0x55da7db3046a <unknown>\n#1 0x55da7d5e9ed0 <unknown>\n#2 0x55da7d63b935 <unknown>\n#3 0x55da7d63bb61 <unknown>\n#4 0x55da7d68a9d4 <unknown>\n#5 0x55da7d66188d <unknown>\n#6 0x55da7d687ceb <unknown>\n#7 0x55da7d661633 <unknown>\n#8 0x55da7d62d1be <unknown>\n#9 0x55da7d62e981 <unknown>\n#10 0x55da7daf686b <unknown>\n#11 0x55da7dafa73c <unknown>\n#12 0x55da7daddf12 <unknown>\n#13 0x55da7dafb2b4 <unknown>\n#14 0x55da7dac20af <unknown>\n#15 0x55da7db1ead8 <unknown>\n#16 0x55da7db1ecb6 <unknown>\n#17 0x55da7db2f2e6 <unknown>\n#18 0x7fc39d29caa4 <unknown>\n#19 0x7fc39d329c3c <unknown>","statusTrace":"self = <tests.regression_ui.test_ui_regression.TestUIRegression object at 0x7f804b1a2960>\ndriver = <selenium.webdriver.chrome.webdriver.WebDriver (session=\"295833ffd187b1e9728dec44067c3d8d\")>\n\n    @pytest.mark.TC000\n    @pytest.mark.TC004\n    @allure.title('Card Creation')\n    def test_card_creation(self, driver):\n        time.sleep(10)\n        with allure.step('Log in to Trello account.'):\n>           self.test_login(driver)\n\ntests/regression_ui/test_ui_regression.py:145: \n_ _ _ _ _ _ _ _ _ _ _ _ _ _ _ _ _ _ _ _ _ _ _ _ _ _ _ _ _ _ _ _ _ _ _ _ _ _ _ _ \ntests/regression_ui/test_ui_regression.py:62: in test_login\n    el_user_name = WebDriverWait(driver, 10).until(EC.element_to_be_clickable(\n_ _ _ _ _ _ _ _ _ _ _ _ _ _ _ _ _ _ _ _ _ _ _ _ _ _ _ _ _ _ _ _ _ _ _ _ _ _ _ _ \n\nself = <selenium.webdriver.support.wait.WebDriverWait (session=\"295833ffd187b1e9728dec44067c3d8d\")>\nmethod = <function element_to_be_clickable.<locals>._predicate at 0x7f804b0b27a0>\nmessage = ''\n\n    def until(self, method: Callable[[D], Union[Literal[False], T]], message: str = \"\") -> T:\n        \"\"\"Calls the method provided with the driver as an argument until the \\\n        return value does not evaluate to ``False``.\n    \n        :param method: callable(WebDriver)\n        :param message: optional message for :exc:`TimeoutException`\n        :returns: the result of the last call to `method`\n        :raises: :exc:`selenium.common.exceptions.TimeoutException` if timeout occurs\n        \"\"\"\n        screen = None\n        stacktrace = None\n    \n        end_time = time.monotonic() + self._timeout\n        while True:\n            try:\n                value = method(self._driver)\n                if value:\n                    return value\n            except self._ignored_exceptions as exc:\n                screen = getattr(exc, \"screen\", None)\n                stacktrace = getattr(exc, \"stacktrace\", None)\n            if time.monotonic() > end_time:\n                break\n            time.sleep(self._poll)\n>       raise TimeoutException(message, screen, stacktrace)\nE       selenium.common.exceptions.TimeoutException: Message: \nE       Stacktrace:\nE       #0 0x55da7db3046a <unknown>\nE       #1 0x55da7d5e9ed0 <unknown>\nE       #2 0x55da7d63b935 <unknown>\nE       #3 0x55da7d63bb61 <unknown>\nE       #4 0x55da7d68a9d4 <unknown>\nE       #5 0x55da7d66188d <unknown>\nE       #6 0x55da7d687ceb <unknown>\nE       #7 0x55da7d661633 <unknown>\nE       #8 0x55da7d62d1be <unknown>\nE       #9 0x55da7d62e981 <unknown>\nE       #10 0x55da7daf686b <unknown>\nE       #11 0x55da7dafa73c <unknown>\nE       #12 0x55da7daddf12 <unknown>\nE       #13 0x55da7dafb2b4 <unknown>\nE       #14 0x55da7dac20af <unknown>\nE       #15 0x55da7db1ead8 <unknown>\nE       #16 0x55da7db1ecb6 <unknown>\nE       #17 0x55da7db2f2e6 <unknown>\nE       #18 0x7fc39d29caa4 <unknown>\nE       #19 0x7fc39d329c3c <unknown>\n\n/opt/hostedtoolcache/Python/3.12.5/x64/lib/python3.12/site-packages/selenium/webdriver/support/wait.py:105: TimeoutException","flaky":false,"newFailed":false,"newBroken":true,"newPassed":false,"retriesCount":0,"retriesStatusChange":false,"beforeStages":[{"name":"driver","time":{"start":1742181883364,"stop":1742181883681,"duration":317},"status":"passed","steps":[],"attachments":[],"parameters":[],"shouldDisplayMessage":false,"stepsCount":0,"attachmentsCount":0,"hasContent":false,"attachmentStep":false},{"name":"setup","time":{"start":1742181883681,"stop":1742181883681,"duration":0},"status":"passed","steps":[],"attachments":[],"parameters":[],"shouldDisplayMessage":false,"stepsCount":0,"attachmentsCount":0,"hasContent":false,"attachmentStep":false}],"testStage":{"status":"broken","statusMessage":"selenium.common.exceptions.TimeoutException: Message: \nStacktrace:\n#0 0x55da7db3046a <unknown>\n#1 0x55da7d5e9ed0 <unknown>\n#2 0x55da7d63b935 <unknown>\n#3 0x55da7d63bb61 <unknown>\n#4 0x55da7d68a9d4 <unknown>\n#5 0x55da7d66188d <unknown>\n#6 0x55da7d687ceb <unknown>\n#7 0x55da7d661633 <unknown>\n#8 0x55da7d62d1be <unknown>\n#9 0x55da7d62e981 <unknown>\n#10 0x55da7daf686b <unknown>\n#11 0x55da7dafa73c <unknown>\n#12 0x55da7daddf12 <unknown>\n#13 0x55da7dafb2b4 <unknown>\n#14 0x55da7dac20af <unknown>\n#15 0x55da7db1ead8 <unknown>\n#16 0x55da7db1ecb6 <unknown>\n#17 0x55da7db2f2e6 <unknown>\n#18 0x7fc39d29caa4 <unknown>\n#19 0x7fc39d329c3c <unknown>","statusTrace":"self = <tests.regression_ui.test_ui_regression.TestUIRegression object at 0x7f804b1a2960>\ndriver = <selenium.webdriver.chrome.webdriver.WebDriver (session=\"295833ffd187b1e9728dec44067c3d8d\")>\n\n    @pytest.mark.TC000\n    @pytest.mark.TC004\n    @allure.title('Card Creation')\n    def test_card_creation(self, driver):\n        time.sleep(10)\n        with allure.step('Log in to Trello account.'):\n>           self.test_login(driver)\n\ntests/regression_ui/test_ui_regression.py:145: \n_ _ _ _ _ _ _ _ _ _ _ _ _ _ _ _ _ _ _ _ _ _ _ _ _ _ _ _ _ _ _ _ _ _ _ _ _ _ _ _ \ntests/regression_ui/test_ui_regression.py:62: in test_login\n    el_user_name = WebDriverWait(driver, 10).until(EC.element_to_be_clickable(\n_ _ _ _ _ _ _ _ _ _ _ _ _ _ _ _ _ _ _ _ _ _ _ _ _ _ _ _ _ _ _ _ _ _ _ _ _ _ _ _ \n\nself = <selenium.webdriver.support.wait.WebDriverWait (session=\"295833ffd187b1e9728dec44067c3d8d\")>\nmethod = <function element_to_be_clickable.<locals>._predicate at 0x7f804b0b27a0>\nmessage = ''\n\n    def until(self, method: Callable[[D], Union[Literal[False], T]], message: str = \"\") -> T:\n        \"\"\"Calls the method provided with the driver as an argument until the \\\n        return value does not evaluate to ``False``.\n    \n        :param method: callable(WebDriver)\n        :param message: optional message for :exc:`TimeoutException`\n        :returns: the result of the last call to `method`\n        :raises: :exc:`selenium.common.exceptions.TimeoutException` if timeout occurs\n        \"\"\"\n        screen = None\n        stacktrace = None\n    \n        end_time = time.monotonic() + self._timeout\n        while True:\n            try:\n                value = method(self._driver)\n                if value:\n                    return value\n            except self._ignored_exceptions as exc:\n                screen = getattr(exc, \"screen\", None)\n                stacktrace = getattr(exc, \"stacktrace\", None)\n            if time.monotonic() > end_time:\n                break\n            time.sleep(self._poll)\n>       raise TimeoutException(message, screen, stacktrace)\nE       selenium.common.exceptions.TimeoutException: Message: \nE       Stacktrace:\nE       #0 0x55da7db3046a <unknown>\nE       #1 0x55da7d5e9ed0 <unknown>\nE       #2 0x55da7d63b935 <unknown>\nE       #3 0x55da7d63bb61 <unknown>\nE       #4 0x55da7d68a9d4 <unknown>\nE       #5 0x55da7d66188d <unknown>\nE       #6 0x55da7d687ceb <unknown>\nE       #7 0x55da7d661633 <unknown>\nE       #8 0x55da7d62d1be <unknown>\nE       #9 0x55da7d62e981 <unknown>\nE       #10 0x55da7daf686b <unknown>\nE       #11 0x55da7dafa73c <unknown>\nE       #12 0x55da7daddf12 <unknown>\nE       #13 0x55da7dafb2b4 <unknown>\nE       #14 0x55da7dac20af <unknown>\nE       #15 0x55da7db1ead8 <unknown>\nE       #16 0x55da7db1ecb6 <unknown>\nE       #17 0x55da7db2f2e6 <unknown>\nE       #18 0x7fc39d29caa4 <unknown>\nE       #19 0x7fc39d329c3c <unknown>\n\n/opt/hostedtoolcache/Python/3.12.5/x64/lib/python3.12/site-packages/selenium/webdriver/support/wait.py:105: TimeoutException","steps":[{"name":"Log in to Trello account.","time":{"start":1742181893681,"stop":1742181904491,"duration":10810},"status":"broken","statusMessage":"selenium.common.exceptions.TimeoutException: Message: \nStacktrace:\n#0 0x55da7db3046a <unknown>\n#1 0x55da7d5e9ed0 <unknown>\n#2 0x55da7d63b935 <unknown>\n#3 0x55da7d63bb61 <unknown>\n#4 0x55da7d68a9d4 <unknown>\n#5 0x55da7d66188d <unknown>\n#6 0x55da7d687ceb <unknown>\n#7 0x55da7d661633 <unknown>\n#8 0x55da7d62d1be <unknown>\n#9 0x55da7d62e981 <unknown>\n#10 0x55da7daf686b <unknown>\n#11 0x55da7dafa73c <unknown>\n#12 0x55da7daddf12 <unknown>\n#13 0x55da7dafb2b4 <unknown>\n#14 0x55da7dac20af <unknown>\n#15 0x55da7db1ead8 <unknown>\n#16 0x55da7db1ecb6 <unknown>\n#17 0x55da7db2f2e6 <unknown>\n#18 0x7fc39d29caa4 <unknown>\n#19 0x7fc39d329c3c <unknown>\n\n","statusTrace":"  File \"/home/runner/work/pythonSelenium/pythonSelenium/tests/regression_ui/test_ui_regression.py\", line 145, in test_card_creation\n    self.test_login(driver)\n  File \"/home/runner/work/pythonSelenium/pythonSelenium/tests/regression_ui/test_ui_regression.py\", line 62, in test_login\n    el_user_name = WebDriverWait(driver, 10).until(EC.element_to_be_clickable(\n                   ^^^^^^^^^^^^^^^^^^^^^^^^^^^^^^^^^^^^^^^^^^^^^^^^^^^^^^^^^^^\n  File \"/opt/hostedtoolcache/Python/3.12.5/x64/lib/python3.12/site-packages/selenium/webdriver/support/wait.py\", line 105, in until\n    raise TimeoutException(message, screen, stacktrace)\n","steps":[{"name":"Navigate to the Trello page and enter valid credentials (email, password, and 6-digits verification code)","time":{"start":1742181893681,"stop":1742181904491,"duration":10810},"status":"broken","statusMessage":"selenium.common.exceptions.TimeoutException: Message: \nStacktrace:\n#0 0x55da7db3046a <unknown>\n#1 0x55da7d5e9ed0 <unknown>\n#2 0x55da7d63b935 <unknown>\n#3 0x55da7d63bb61 <unknown>\n#4 0x55da7d68a9d4 <unknown>\n#5 0x55da7d66188d <unknown>\n#6 0x55da7d687ceb <unknown>\n#7 0x55da7d661633 <unknown>\n#8 0x55da7d62d1be <unknown>\n#9 0x55da7d62e981 <unknown>\n#10 0x55da7daf686b <unknown>\n#11 0x55da7dafa73c <unknown>\n#12 0x55da7daddf12 <unknown>\n#13 0x55da7dafb2b4 <unknown>\n#14 0x55da7dac20af <unknown>\n#15 0x55da7db1ead8 <unknown>\n#16 0x55da7db1ecb6 <unknown>\n#17 0x55da7db2f2e6 <unknown>\n#18 0x7fc39d29caa4 <unknown>\n#19 0x7fc39d329c3c <unknown>\n\n","statusTrace":"  File \"/home/runner/work/pythonSelenium/pythonSelenium/tests/regression_ui/test_ui_regression.py\", line 62, in test_login\n    el_user_name = WebDriverWait(driver, 10).until(EC.element_to_be_clickable(\n                   ^^^^^^^^^^^^^^^^^^^^^^^^^^^^^^^^^^^^^^^^^^^^^^^^^^^^^^^^^^^\n  File \"/opt/hostedtoolcache/Python/3.12.5/x64/lib/python3.12/site-packages/selenium/webdriver/support/wait.py\", line 105, in until\n    raise TimeoutException(message, screen, stacktrace)\n","steps":[],"attachments":[],"parameters":[],"shouldDisplayMessage":true,"stepsCount":0,"attachmentsCount":0,"hasContent":true,"attachmentStep":false}],"attachments":[],"parameters":[],"shouldDisplayMessage":false,"stepsCount":1,"attachmentsCount":0,"hasContent":true,"attachmentStep":false}],"attachments":[],"parameters":[],"shouldDisplayMessage":true,"stepsCount":2,"attachmentsCount":0,"hasContent":true,"attachmentStep":false},"afterStages":[{"name":"driver::0","time":{"start":1742181904504,"stop":1742181904568,"duration":64},"status":"passed","steps":[],"attachments":[],"parameters":[],"shouldDisplayMessage":false,"stepsCount":0,"attachmentsCount":0,"hasContent":false,"attachmentStep":false}],"labels":[{"name":"tag","value":"TC004"},{"name":"tag","value":"TC000"},{"name":"parentSuite","value":"tests.regression_ui"},{"name":"suite","value":"test_ui_regression"},{"name":"subSuite","value":"TestUIRegression"},{"name":"host","value":"fv-az1696-728"},{"name":"thread","value":"4069-MainThread"},{"name":"framework","value":"pytest"},{"name":"language","value":"cpython3"},{"name":"package","value":"tests.regression_ui.test_ui_regression"},{"name":"resultFormat","value":"allure2"}],"parameters":[],"links":[],"hidden":false,"retry":false,"extra":{"severity":"normal","retries":[],"categories":[{"name":"Test defects","matchedStatuses":[]}],"history":{"statistic":{"failed":0,"broken":16,"skipped":0,"passed":512,"unknown":0,"total":528},"items":[{"uid":"fae4b8ba2bf59564","status":"passed","time":{"start":1742172372241,"stop":1742172398628,"duration":26387}},{"uid":"a3dc6e51d6ac3257","status":"passed","time":{"start":1742159323309,"stop":1742159349766,"duration":26457}},{"uid":"8226bf06acb990a","status":"passed","time":{"start":1742148762492,"stop":1742148789725,"duration":27233}},{"uid":"1c52c772dbec308b","status":"passed","time":{"start":1742137755120,"stop":1742137782135,"duration":27015}},{"uid":"8d896a6bf6902249","status":"passed","time":{"start":1742127340392,"stop":1742127372363,"duration":31971}},{"uid":"cc18c208b5deb6b9","status":"passed","time":{"start":1742116241788,"stop":1742116268201,"duration":26413}},{"uid":"584a64127abcc6dc","status":"passed","time":{"start":1742105625488,"stop":1742105651782,"duration":26294}},{"uid":"e37e400d76726048","status":"passed","time":{"start":1742095515759,"stop":1742095542380,"duration":26621}},{"uid":"6c3f2ece01849849","status":"passed","time":{"start":1742086090582,"stop":1742086122432,"duration":31850}},{"uid":"3e3b9d4390b9f1a9","status":"passed","time":{"start":1742072893263,"stop":1742072920404,"duration":27141}},{"uid":"8d7090b60c3070e1","status":"passed","time":{"start":1742062305355,"stop":1742062331771,"duration":26416}},{"uid":"5e8a90913588bdf5","status":"passed","time":{"start":1742051382438,"stop":1742051410396,"duration":27958}},{"uid":"db930a7a3444e8c2","status":"passed","time":{"start":1742040913414,"stop":1742040939930,"duration":26516}},{"uid":"83a621062176b0c9","status":"passed","time":{"start":1742029783248,"stop":1742029810285,"duration":27037}},{"uid":"856a0e35e54e9038","status":"passed","time":{"start":1742019161677,"stop":1742019188052,"duration":26375}},{"uid":"a9f7ba0d0892d605","status":"passed","time":{"start":1742008754374,"stop":1742008781817,"duration":27443}},{"uid":"9edac4b6a4abb023","status":"passed","time":{"start":1741999330397,"stop":1741999362137,"duration":31740}},{"uid":"e78a4b52649ef0d9","status":"passed","time":{"start":1741986555471,"stop":1741986582787,"duration":27316}},{"uid":"dee9a8787dd8036e","status":"passed","time":{"start":1741976081957,"stop":1741976109346,"duration":27389}},{"uid":"ff186803874b9a77","status":"passed","time":{"start":1741965044426,"stop":1741965068757,"duration":24331}}]},"tags":["TC004","TC000"]},"source":"8bb9a3e59987f47e.json","parameterValues":[]}