{"uid":"8c65dbc17ad021bd","name":"Label a Card","fullName":"tests.regression_ui.test_ui_regression.TestUIRegression#test_label_card","historyId":"81bf587fe9f2db9e87ee2dc06e7308b0","time":{"start":1743641121900,"stop":1743641144189,"duration":22289},"status":"passed","flaky":false,"newFailed":false,"newBroken":false,"newPassed":true,"retriesCount":0,"retriesStatusChange":false,"beforeStages":[{"name":"driver","time":{"start":1743641121573,"stop":1743641121900,"duration":327},"status":"passed","steps":[],"attachments":[],"parameters":[],"shouldDisplayMessage":false,"stepsCount":0,"attachmentsCount":0,"hasContent":false,"attachmentStep":false},{"name":"setup","time":{"start":1743641121900,"stop":1743641121900,"duration":0},"status":"passed","steps":[],"attachments":[],"parameters":[],"shouldDisplayMessage":false,"stepsCount":0,"attachmentsCount":0,"hasContent":false,"attachmentStep":false}],"testStage":{"status":"passed","steps":[{"name":"Log in to Trello account","time":{"start":1743641125901,"stop":1743641132285,"duration":6384},"status":"passed","steps":[{"name":"Navigate to the Trello page and enter valid credentials (email, password, and 6-digits verification code)","time":{"start":1743641125901,"stop":1743641132285,"duration":6384},"status":"passed","steps":[],"attachments":[],"parameters":[],"shouldDisplayMessage":false,"stepsCount":0,"attachmentsCount":0,"hasContent":false,"attachmentStep":false}],"attachments":[],"parameters":[],"shouldDisplayMessage":false,"stepsCount":1,"attachmentsCount":0,"hasContent":true,"attachmentStep":false},{"name":"Open a board and select a card","time":{"start":1743641132285,"stop":1743641137675,"duration":5390},"status":"passed","steps":[],"attachments":[],"parameters":[],"shouldDisplayMessage":false,"stepsCount":0,"attachmentsCount":0,"hasContent":false,"attachmentStep":false},{"name":"Click the card to open and archive it","time":{"start":1743641137675,"stop":1743641144189,"duration":6514},"status":"passed","steps":[],"attachments":[],"parameters":[],"shouldDisplayMessage":false,"stepsCount":0,"attachmentsCount":0,"hasContent":false,"attachmentStep":false}],"attachments":[{"uid":"abd397ac5613fac3","name":"log","source":"abd397ac5613fac3.txt","type":"text/plain","size":360}],"parameters":[],"shouldDisplayMessage":false,"stepsCount":4,"attachmentsCount":1,"hasContent":true,"attachmentStep":false},"afterStages":[{"name":"driver::0","time":{"start":1743641144189,"stop":1743641144262,"duration":73},"status":"passed","steps":[],"attachments":[],"parameters":[],"shouldDisplayMessage":false,"stepsCount":0,"attachmentsCount":0,"hasContent":false,"attachmentStep":false}],"labels":[{"name":"tag","value":"TC007"},{"name":"tag","value":"TC000"},{"name":"parentSuite","value":"tests.regression_ui"},{"name":"suite","value":"test_ui_regression"},{"name":"subSuite","value":"TestUIRegression"},{"name":"host","value":"fv-az797-147"},{"name":"thread","value":"4720-MainThread"},{"name":"framework","value":"pytest"},{"name":"language","value":"cpython3"},{"name":"package","value":"tests.regression_ui.test_ui_regression"},{"name":"resultFormat","value":"allure2"}],"parameters":[],"links":[],"hidden":false,"retry":false,"extra":{"severity":"normal","retries":[],"categories":[],"history":{"statistic":{"failed":0,"broken":80,"skipped":0,"passed":577,"unknown":0,"total":657},"items":[{"uid":"aa1ed4edb2739e84","status":"broken","statusDetails":"selenium.common.exceptions.NoSuchElementException: Message: no such element: Unable to locate element: {\"method\":\"xpath\",\"selector\":\"//*[contains(text(), 'new_card')]\"}\n  (Session info: chrome=135.0.7049.52); For documentation on this error, please visit: https://www.selenium.dev/documentation/webdriver/troubleshooting/errors#no-such-element-exception\nStacktrace:\n#0 0x56005d637ffa <unknown>\n#1 0x56005d0f6970 <unknown>\n#2 0x56005d148385 <unknown>\n#3 0x56005d1485b1 <unknown>\n#4 0x56005d1973c4 <unknown>\n#5 0x56005d16e2bd <unknown>\n#6 0x56005d19470c <unknown>\n#7 0x56005d16e063 <unknown>\n#8 0x56005d13a328 <unknown>\n#9 0x56005d13b491 <unknown>\n#10 0x56005d5ff42b <unknown>\n#11 0x56005d6032ec <unknown>\n#12 0x56005d5e6a22 <unknown>\n#13 0x56005d603e64 <unknown>\n#14 0x56005d5cabef <unknown>\n#15 0x56005d626558 <unknown>\n#16 0x56005d626736 <unknown>\n#17 0x56005d636e76 <unknown>\n#18 0x7fcf7849caa4 <unknown>\n#19 0x7fcf78529c3c <unknown>","time":{"start":1743628321582,"stop":1743628342532,"duration":20950}},{"uid":"c8a50ec6028b1037","status":"passed","time":{"start":1743617784551,"stop":1743617806420,"duration":21869}},{"uid":"69f298f0417c32d4","status":"passed","time":{"start":1743606742668,"stop":1743606765050,"duration":22382}},{"uid":"7dbc879199ac6343","status":"broken","statusDetails":"selenium.common.exceptions.NoSuchElementException: Message: no such element: Unable to locate element: {\"method\":\"xpath\",\"selector\":\"//*[contains(text(), 'new_card')]\"}\n  (Session info: chrome=135.0.7049.52); For documentation on this error, please visit: https://www.selenium.dev/documentation/webdriver/troubleshooting/errors#no-such-element-exception\nStacktrace:\n#0 0x55c78f750ffa <unknown>\n#1 0x55c78f20f970 <unknown>\n#2 0x55c78f261385 <unknown>\n#3 0x55c78f2615b1 <unknown>\n#4 0x55c78f2b03c4 <unknown>\n#5 0x55c78f2872bd <unknown>\n#6 0x55c78f2ad70c <unknown>\n#7 0x55c78f287063 <unknown>\n#8 0x55c78f253328 <unknown>\n#9 0x55c78f254491 <unknown>\n#10 0x55c78f71842b <unknown>\n#11 0x55c78f71c2ec <unknown>\n#12 0x55c78f6ffa22 <unknown>\n#13 0x55c78f71ce64 <unknown>\n#14 0x55c78f6e3bef <unknown>\n#15 0x55c78f73f558 <unknown>\n#16 0x55c78f73f736 <unknown>\n#17 0x55c78f74fe76 <unknown>\n#18 0x7f4a7b09caa4 <unknown>\n#19 0x7f4a7b129c3c <unknown>","time":{"start":1743596477027,"stop":1743596497182,"duration":20155}},{"uid":"cc213292e5c541ad","status":"passed","time":{"start":1743585170804,"stop":1743585192884,"duration":22080}},{"uid":"445a0c7328e37597","status":"passed","time":{"start":1743574550836,"stop":1743574572909,"duration":22073}},{"uid":"1aa1b39cd68b9a43","status":"broken","statusDetails":"selenium.common.exceptions.NoSuchElementException: Message: no such element: Unable to locate element: {\"method\":\"xpath\",\"selector\":\"//*[contains(text(), 'new_card')]\"}\n  (Session info: chrome=135.0.7049.52); For documentation on this error, please visit: https://www.selenium.dev/documentation/webdriver/troubleshooting/errors#no-such-element-exception\nStacktrace:\n#0 0x55a758e09ffa <unknown>\n#1 0x55a7588c8970 <unknown>\n#2 0x55a75891a385 <unknown>\n#3 0x55a75891a5b1 <unknown>\n#4 0x55a7589693c4 <unknown>\n#5 0x55a7589402bd <unknown>\n#6 0x55a75896670c <unknown>\n#7 0x55a758940063 <unknown>\n#8 0x55a75890c328 <unknown>\n#9 0x55a75890d491 <unknown>\n#10 0x55a758dd142b <unknown>\n#11 0x55a758dd52ec <unknown>\n#12 0x55a758db8a22 <unknown>\n#13 0x55a758dd5e64 <unknown>\n#14 0x55a758d9cbef <unknown>\n#15 0x55a758df8558 <unknown>\n#16 0x55a758df8736 <unknown>\n#17 0x55a758e08e76 <unknown>\n#18 0x7f7f21c9caa4 <unknown>\n#19 0x7f7f21d29c3c <unknown>","time":{"start":1743564557074,"stop":1743564577352,"duration":20278}},{"uid":"d994de2eaca434ab","status":"broken","statusDetails":"selenium.common.exceptions.NoSuchElementException: Message: no such element: Unable to locate element: {\"method\":\"xpath\",\"selector\":\"//*[contains(text(), 'new_card')]\"}\n  (Session info: chrome=135.0.7049.52); For documentation on this error, please visit: https://www.selenium.dev/documentation/webdriver/troubleshooting/errors#no-such-element-exception\nStacktrace:\n#0 0x5627cad9bffa <unknown>\n#1 0x5627ca85a970 <unknown>\n#2 0x5627ca8ac385 <unknown>\n#3 0x5627ca8ac5b1 <unknown>\n#4 0x5627ca8fb3c4 <unknown>\n#5 0x5627ca8d22bd <unknown>\n#6 0x5627ca8f870c <unknown>\n#7 0x5627ca8d2063 <unknown>\n#8 0x5627ca89e328 <unknown>\n#9 0x5627ca89f491 <unknown>\n#10 0x5627cad6342b <unknown>\n#11 0x5627cad672ec <unknown>\n#12 0x5627cad4aa22 <unknown>\n#13 0x5627cad67e64 <unknown>\n#14 0x5627cad2ebef <unknown>\n#15 0x5627cad8a558 <unknown>\n#16 0x5627cad8a736 <unknown>\n#17 0x5627cad9ae76 <unknown>\n#18 0x7fe20a09caa4 <unknown>\n#19 0x7fe20a129c3c <unknown>","time":{"start":1743554808048,"stop":1743554828671,"duration":20623}},{"uid":"f1bbcf468b10b83e","status":"broken","statusDetails":"selenium.common.exceptions.NoSuchElementException: Message: no such element: Unable to locate element: {\"method\":\"xpath\",\"selector\":\"//*[contains(text(), 'new_card')]\"}\n  (Session info: chrome=135.0.7049.52); For documentation on this error, please visit: https://www.selenium.dev/documentation/webdriver/troubleshooting/errors#no-such-element-exception\nStacktrace:\n#0 0x5573f327cffa <unknown>\n#1 0x5573f2d3b970 <unknown>\n#2 0x5573f2d8d385 <unknown>\n#3 0x5573f2d8d5b1 <unknown>\n#4 0x5573f2ddc3c4 <unknown>\n#5 0x5573f2db32bd <unknown>\n#6 0x5573f2dd970c <unknown>\n#7 0x5573f2db3063 <unknown>\n#8 0x5573f2d7f328 <unknown>\n#9 0x5573f2d80491 <unknown>\n#10 0x5573f324442b <unknown>\n#11 0x5573f32482ec <unknown>\n#12 0x5573f322ba22 <unknown>\n#13 0x5573f3248e64 <unknown>\n#14 0x5573f320fbef <unknown>\n#15 0x5573f326b558 <unknown>\n#16 0x5573f326b736 <unknown>\n#17 0x5573f327be76 <unknown>\n#18 0x7f061a09caa4 <unknown>\n#19 0x7f061a129c3c <unknown>","time":{"start":1743541921070,"stop":1743541941356,"duration":20286}},{"uid":"d9229e88e317e9c2","status":"broken","statusDetails":"selenium.common.exceptions.NoSuchElementException: Message: no such element: Unable to locate element: {\"method\":\"xpath\",\"selector\":\"//*[contains(text(), 'new_card')]\"}\n  (Session info: chrome=135.0.7049.52); For documentation on this error, please visit: https://www.selenium.dev/documentation/webdriver/troubleshooting/errors#no-such-element-exception\nStacktrace:\n#0 0x55be17eecffa <unknown>\n#1 0x55be179ab970 <unknown>\n#2 0x55be179fd385 <unknown>\n#3 0x55be179fd5b1 <unknown>\n#4 0x55be17a4c3c4 <unknown>\n#5 0x55be17a232bd <unknown>\n#6 0x55be17a4970c <unknown>\n#7 0x55be17a23063 <unknown>\n#8 0x55be179ef328 <unknown>\n#9 0x55be179f0491 <unknown>\n#10 0x55be17eb442b <unknown>\n#11 0x55be17eb82ec <unknown>\n#12 0x55be17e9ba22 <unknown>\n#13 0x55be17eb8e64 <unknown>\n#14 0x55be17e7fbef <unknown>\n#15 0x55be17edb558 <unknown>\n#16 0x55be17edb736 <unknown>\n#17 0x55be17eebe76 <unknown>\n#18 0x7fe2bd49caa4 <unknown>\n#19 0x7fe2bd529c3c <unknown>","time":{"start":1743531315311,"stop":1743531335428,"duration":20117}},{"uid":"7bc7658f5f121e68","status":"broken","statusDetails":"selenium.common.exceptions.NoSuchElementException: Message: no such element: Unable to locate element: {\"method\":\"xpath\",\"selector\":\"//*[contains(text(), 'new_card')]\"}\n  (Session info: chrome=134.0.6998.165); For documentation on this error, please visit: https://www.selenium.dev/documentation/webdriver/troubleshooting/errors#no-such-element-exception\nStacktrace:\n#0 0x55deb4c8da1a <unknown>\n#1 0x55deb4745390 <unknown>\n#2 0x55deb4796c85 <unknown>\n#3 0x55deb4796eb1 <unknown>\n#4 0x55deb47e5d64 <unknown>\n#5 0x55deb47bcbfd <unknown>\n#6 0x55deb47e307b <unknown>\n#7 0x55deb47bc9a3 <unknown>\n#8 0x55deb478860e <unknown>\n#9 0x55deb4789dd1 <unknown>\n#10 0x55deb4c53ddb <unknown>\n#11 0x55deb4c57cbc <unknown>\n#12 0x55deb4c3b392 <unknown>\n#13 0x55deb4c58834 <unknown>\n#14 0x55deb4c1f1ef <unknown>\n#15 0x55deb4c7c038 <unknown>\n#16 0x55deb4c7c216 <unknown>\n#17 0x55deb4c8c896 <unknown>\n#18 0x7f88af29caa4 <unknown>\n#19 0x7f88af329c3c <unknown>","time":{"start":1743520415139,"stop":1743520435900,"duration":20761}},{"uid":"92745f90caa1d9aa","status":"passed","time":{"start":1743509993581,"stop":1743510015459,"duration":21878}},{"uid":"b5efb22e1fd57279","status":"broken","statusDetails":"selenium.common.exceptions.NoSuchElementException: Message: no such element: Unable to locate element: {\"method\":\"xpath\",\"selector\":\"//*[contains(text(), 'new_card')]\"}\n  (Session info: chrome=134.0.6998.165); For documentation on this error, please visit: https://www.selenium.dev/documentation/webdriver/troubleshooting/errors#no-such-element-exception\nStacktrace:\n#0 0x55c956cc5ffa <unknown>\n#1 0x55c956784970 <unknown>\n#2 0x55c9567d6385 <unknown>\n#3 0x55c9567d65b1 <unknown>\n#4 0x55c9568253c4 <unknown>\n#5 0x55c9567fc2bd <unknown>\n#6 0x55c95682270c <unknown>\n#7 0x55c9567fc063 <unknown>\n#8 0x55c9567c8328 <unknown>\n#9 0x55c9567c9491 <unknown>\n#10 0x55c956c8d42b <unknown>\n#11 0x55c956c912ec <unknown>\n#12 0x55c956c74a22 <unknown>\n#13 0x55c956c91e64 <unknown>\n#14 0x55c956c58bef <unknown>\n#15 0x55c956cb4558 <unknown>\n#16 0x55c956cb4736 <unknown>\n#17 0x55c956cc4e76 <unknown>\n#18 0x7ff01869caa4 <unknown>\n#19 0x7ff018729c3c <unknown>","time":{"start":1743498772857,"stop":1743498793168,"duration":20311}},{"uid":"6756969d1cd45047","status":"broken","statusDetails":"selenium.common.exceptions.NoSuchElementException: Message: no such element: Unable to locate element: {\"method\":\"xpath\",\"selector\":\"//*[contains(text(), 'new_card')]\"}\n  (Session info: chrome=134.0.6998.165); For documentation on this error, please visit: https://www.selenium.dev/documentation/webdriver/troubleshooting/errors#no-such-element-exception\nStacktrace:\n#0 0x558a1d815a1a <unknown>\n#1 0x558a1d2cd390 <unknown>\n#2 0x558a1d31ec85 <unknown>\n#3 0x558a1d31eeb1 <unknown>\n#4 0x558a1d36dd64 <unknown>\n#5 0x558a1d344bfd <unknown>\n#6 0x558a1d36b07b <unknown>\n#7 0x558a1d3449a3 <unknown>\n#8 0x558a1d31060e <unknown>\n#9 0x558a1d311dd1 <unknown>\n#10 0x558a1d7dbddb <unknown>\n#11 0x558a1d7dfcbc <unknown>\n#12 0x558a1d7c3392 <unknown>\n#13 0x558a1d7e0834 <unknown>\n#14 0x558a1d7a71ef <unknown>\n#15 0x558a1d804038 <unknown>\n#16 0x558a1d804216 <unknown>\n#17 0x558a1d814896 <unknown>\n#18 0x7f261949caa4 <unknown>\n#19 0x7f2619529c3c <unknown>","time":{"start":1743488236728,"stop":1743488257400,"duration":20672}},{"uid":"7683d63636e5be65","status":"broken","statusDetails":"selenium.common.exceptions.NoSuchElementException: Message: no such element: Unable to locate element: {\"method\":\"xpath\",\"selector\":\"//*[contains(text(), 'new_card')]\"}\n  (Session info: chrome=134.0.6998.165); For documentation on this error, please visit: https://www.selenium.dev/documentation/webdriver/troubleshooting/errors#no-such-element-exception\nStacktrace:\n#0 0x55e5dd206a1a <unknown>\n#1 0x55e5dccbe390 <unknown>\n#2 0x55e5dcd0fc85 <unknown>\n#3 0x55e5dcd0feb1 <unknown>\n#4 0x55e5dcd5ed64 <unknown>\n#5 0x55e5dcd35bfd <unknown>\n#6 0x55e5dcd5c07b <unknown>\n#7 0x55e5dcd359a3 <unknown>\n#8 0x55e5dcd0160e <unknown>\n#9 0x55e5dcd02dd1 <unknown>\n#10 0x55e5dd1ccddb <unknown>\n#11 0x55e5dd1d0cbc <unknown>\n#12 0x55e5dd1b4392 <unknown>\n#13 0x55e5dd1d1834 <unknown>\n#14 0x55e5dd1981ef <unknown>\n#15 0x55e5dd1f5038 <unknown>\n#16 0x55e5dd1f5216 <unknown>\n#17 0x55e5dd205896 <unknown>\n#18 0x7f6b88e9caa4 <unknown>\n#19 0x7f6b88f29c3c <unknown>","time":{"start":1743478822802,"stop":1743478842921,"duration":20119}},{"uid":"acf70b1b03df043a","status":"broken","statusDetails":"selenium.common.exceptions.NoSuchElementException: Message: no such element: Unable to locate element: {\"method\":\"xpath\",\"selector\":\"//*[contains(text(), 'new_card')]\"}\n  (Session info: chrome=134.0.6998.165); For documentation on this error, please visit: https://www.selenium.dev/documentation/webdriver/troubleshooting/errors#no-such-element-exception\nStacktrace:\n#0 0x55a6dddcca1a <unknown>\n#1 0x55a6dd884390 <unknown>\n#2 0x55a6dd8d5c85 <unknown>\n#3 0x55a6dd8d5eb1 <unknown>\n#4 0x55a6dd924d64 <unknown>\n#5 0x55a6dd8fbbfd <unknown>\n#6 0x55a6dd92207b <unknown>\n#7 0x55a6dd8fb9a3 <unknown>\n#8 0x55a6dd8c760e <unknown>\n#9 0x55a6dd8c8dd1 <unknown>\n#10 0x55a6ddd92ddb <unknown>\n#11 0x55a6ddd96cbc <unknown>\n#12 0x55a6ddd7a392 <unknown>\n#13 0x55a6ddd97834 <unknown>\n#14 0x55a6ddd5e1ef <unknown>\n#15 0x55a6dddbb038 <unknown>\n#16 0x55a6dddbb216 <unknown>\n#17 0x55a6dddcb896 <unknown>\n#18 0x7f96a209caa4 <unknown>\n#19 0x7f96a2129c3c <unknown>","time":{"start":1743468841335,"stop":1743468862067,"duration":20732}},{"uid":"9ff0b591c7bc38da","status":"broken","statusDetails":"selenium.common.exceptions.NoSuchElementException: Message: no such element: Unable to locate element: {\"method\":\"xpath\",\"selector\":\"//*[contains(text(), 'new_card')]\"}\n  (Session info: chrome=134.0.6998.165); For documentation on this error, please visit: https://www.selenium.dev/documentation/webdriver/troubleshooting/errors#no-such-element-exception\nStacktrace:\n#0 0x55f7bfa23a1a <unknown>\n#1 0x55f7bf4db390 <unknown>\n#2 0x55f7bf52cc85 <unknown>\n#3 0x55f7bf52ceb1 <unknown>\n#4 0x55f7bf57bd64 <unknown>\n#5 0x55f7bf552bfd <unknown>\n#6 0x55f7bf57907b <unknown>\n#7 0x55f7bf5529a3 <unknown>\n#8 0x55f7bf51e60e <unknown>\n#9 0x55f7bf51fdd1 <unknown>\n#10 0x55f7bf9e9ddb <unknown>\n#11 0x55f7bf9edcbc <unknown>\n#12 0x55f7bf9d1392 <unknown>\n#13 0x55f7bf9ee834 <unknown>\n#14 0x55f7bf9b51ef <unknown>\n#15 0x55f7bfa12038 <unknown>\n#16 0x55f7bfa12216 <unknown>\n#17 0x55f7bfa22896 <unknown>\n#18 0x7fe41929caa4 <unknown>\n#19 0x7fe419329c3c <unknown>","time":{"start":1743455479228,"stop":1743455499897,"duration":20669}},{"uid":"566ee17ec726aa91","status":"broken","statusDetails":"selenium.common.exceptions.NoSuchElementException: Message: no such element: Unable to locate element: {\"method\":\"xpath\",\"selector\":\"//*[contains(text(), 'new_card')]\"}\n  (Session info: chrome=134.0.6998.165); For documentation on this error, please visit: https://www.selenium.dev/documentation/webdriver/troubleshooting/errors#no-such-element-exception\nStacktrace:\n#0 0x55c00ad7affa <unknown>\n#1 0x55c00a839970 <unknown>\n#2 0x55c00a88b385 <unknown>\n#3 0x55c00a88b5b1 <unknown>\n#4 0x55c00a8da3c4 <unknown>\n#5 0x55c00a8b12bd <unknown>\n#6 0x55c00a8d770c <unknown>\n#7 0x55c00a8b1063 <unknown>\n#8 0x55c00a87d328 <unknown>\n#9 0x55c00a87e491 <unknown>\n#10 0x55c00ad4242b <unknown>\n#11 0x55c00ad462ec <unknown>\n#12 0x55c00ad29a22 <unknown>\n#13 0x55c00ad46e64 <unknown>\n#14 0x55c00ad0dbef <unknown>\n#15 0x55c00ad69558 <unknown>\n#16 0x55c00ad69736 <unknown>\n#17 0x55c00ad79e76 <unknown>\n#18 0x7f021269caa4 <unknown>\n#19 0x7f0212729c3c <unknown>","time":{"start":1743444917517,"stop":1743444938201,"duration":20684}},{"uid":"437976b42ac0d830","status":"broken","statusDetails":"selenium.common.exceptions.NoSuchElementException: Message: no such element: Unable to locate element: {\"method\":\"xpath\",\"selector\":\"//*[contains(text(), 'new_card')]\"}\n  (Session info: chrome=134.0.6998.165); For documentation on this error, please visit: https://www.selenium.dev/documentation/webdriver/troubleshooting/errors#no-such-element-exception\nStacktrace:\n#0 0x556ec83d0ffa <unknown>\n#1 0x556ec7e8f970 <unknown>\n#2 0x556ec7ee1385 <unknown>\n#3 0x556ec7ee15b1 <unknown>\n#4 0x556ec7f303c4 <unknown>\n#5 0x556ec7f072bd <unknown>\n#6 0x556ec7f2d70c <unknown>\n#7 0x556ec7f07063 <unknown>\n#8 0x556ec7ed3328 <unknown>\n#9 0x556ec7ed4491 <unknown>\n#10 0x556ec839842b <unknown>\n#11 0x556ec839c2ec <unknown>\n#12 0x556ec837fa22 <unknown>\n#13 0x556ec839ce64 <unknown>\n#14 0x556ec8363bef <unknown>\n#15 0x556ec83bf558 <unknown>\n#16 0x556ec83bf736 <unknown>\n#17 0x556ec83cfe76 <unknown>\n#18 0x7f9b44e9caa4 <unknown>\n#19 0x7f9b44f29c3c <unknown>","time":{"start":1743433940786,"stop":1743433961031,"duration":20245}},{"uid":"8d5e7e234a71a70c","status":"broken","statusDetails":"selenium.common.exceptions.NoSuchElementException: Message: no such element: Unable to locate element: {\"method\":\"xpath\",\"selector\":\"//*[contains(text(), 'new_card')]\"}\n  (Session info: chrome=134.0.6998.165); For documentation on this error, please visit: https://www.selenium.dev/documentation/webdriver/troubleshooting/errors#no-such-element-exception\nStacktrace:\n#0 0x55d21e77bffa <unknown>\n#1 0x55d21e23a970 <unknown>\n#2 0x55d21e28c385 <unknown>\n#3 0x55d21e28c5b1 <unknown>\n#4 0x55d21e2db3c4 <unknown>\n#5 0x55d21e2b22bd <unknown>\n#6 0x55d21e2d870c <unknown>\n#7 0x55d21e2b2063 <unknown>\n#8 0x55d21e27e328 <unknown>\n#9 0x55d21e27f491 <unknown>\n#10 0x55d21e74342b <unknown>\n#11 0x55d21e7472ec <unknown>\n#12 0x55d21e72aa22 <unknown>\n#13 0x55d21e747e64 <unknown>\n#14 0x55d21e70ebef <unknown>\n#15 0x55d21e76a558 <unknown>\n#16 0x55d21e76a736 <unknown>\n#17 0x55d21e77ae76 <unknown>\n#18 0x7f3807a9caa4 <unknown>\n#19 0x7f3807b29c3c <unknown>","time":{"start":1743423634075,"stop":1743423654233,"duration":20158}}]},"tags":["TC007","TC000"]},"source":"8c65dbc17ad021bd.json","parameterValues":[]}