{"uid":"8cbda8b69eda61be","name":"List Creation","fullName":"tests.regression_ui.test_ui_regression.TestUIRegression#test_list_creation","historyId":"49ea7f8ccb833cc0e7e10d54c5c5798b","time":{"start":1742181862705,"stop":1742181883285,"duration":20580},"status":"broken","statusMessage":"selenium.common.exceptions.TimeoutException: Message: \nStacktrace:\n#0 0x56034f94946a <unknown>\n#1 0x56034f402ed0 <unknown>\n#2 0x56034f454935 <unknown>\n#3 0x56034f454b61 <unknown>\n#4 0x56034f4a39d4 <unknown>\n#5 0x56034f47a88d <unknown>\n#6 0x56034f4a0ceb <unknown>\n#7 0x56034f47a633 <unknown>\n#8 0x56034f4461be <unknown>\n#9 0x56034f447981 <unknown>\n#10 0x56034f90f86b <unknown>\n#11 0x56034f91373c <unknown>\n#12 0x56034f8f6f12 <unknown>\n#13 0x56034f9142b4 <unknown>\n#14 0x56034f8db0af <unknown>\n#15 0x56034f937ad8 <unknown>\n#16 0x56034f937cb6 <unknown>\n#17 0x56034f9482e6 <unknown>\n#18 0x7f5f2fe9caa4 <unknown>\n#19 0x7f5f2ff29c3c <unknown>","statusTrace":"self = <tests.regression_ui.test_ui_regression.TestUIRegression object at 0x7f804b1a28a0>\ndriver = <selenium.webdriver.chrome.webdriver.WebDriver (session=\"7689087a695c8cb9a360ff6028e442f6\")>\n\n    @pytest.mark.TC000\n    @pytest.mark.TC003\n    @allure.title('List Creation')\n    def test_list_creation(self, driver):\n        time.sleep(10)\n>       self.test_login(driver)\n\ntests/regression_ui/test_ui_regression.py:119: \n_ _ _ _ _ _ _ _ _ _ _ _ _ _ _ _ _ _ _ _ _ _ _ _ _ _ _ _ _ _ _ _ _ _ _ _ _ _ _ _ \ntests/regression_ui/test_ui_regression.py:62: in test_login\n    el_user_name = WebDriverWait(driver, 10).until(EC.element_to_be_clickable(\n_ _ _ _ _ _ _ _ _ _ _ _ _ _ _ _ _ _ _ _ _ _ _ _ _ _ _ _ _ _ _ _ _ _ _ _ _ _ _ _ \n\nself = <selenium.webdriver.support.wait.WebDriverWait (session=\"7689087a695c8cb9a360ff6028e442f6\")>\nmethod = <function element_to_be_clickable.<locals>._predicate at 0x7f804b0b2700>\nmessage = ''\n\n    def until(self, method: Callable[[D], Union[Literal[False], T]], message: str = \"\") -> T:\n        \"\"\"Calls the method provided with the driver as an argument until the \\\n        return value does not evaluate to ``False``.\n    \n        :param method: callable(WebDriver)\n        :param message: optional message for :exc:`TimeoutException`\n        :returns: the result of the last call to `method`\n        :raises: :exc:`selenium.common.exceptions.TimeoutException` if timeout occurs\n        \"\"\"\n        screen = None\n        stacktrace = None\n    \n        end_time = time.monotonic() + self._timeout\n        while True:\n            try:\n                value = method(self._driver)\n                if value:\n                    return value\n            except self._ignored_exceptions as exc:\n                screen = getattr(exc, \"screen\", None)\n                stacktrace = getattr(exc, \"stacktrace\", None)\n            if time.monotonic() > end_time:\n                break\n            time.sleep(self._poll)\n>       raise TimeoutException(message, screen, stacktrace)\nE       selenium.common.exceptions.TimeoutException: Message: \nE       Stacktrace:\nE       #0 0x56034f94946a <unknown>\nE       #1 0x56034f402ed0 <unknown>\nE       #2 0x56034f454935 <unknown>\nE       #3 0x56034f454b61 <unknown>\nE       #4 0x56034f4a39d4 <unknown>\nE       #5 0x56034f47a88d <unknown>\nE       #6 0x56034f4a0ceb <unknown>\nE       #7 0x56034f47a633 <unknown>\nE       #8 0x56034f4461be <unknown>\nE       #9 0x56034f447981 <unknown>\nE       #10 0x56034f90f86b <unknown>\nE       #11 0x56034f91373c <unknown>\nE       #12 0x56034f8f6f12 <unknown>\nE       #13 0x56034f9142b4 <unknown>\nE       #14 0x56034f8db0af <unknown>\nE       #15 0x56034f937ad8 <unknown>\nE       #16 0x56034f937cb6 <unknown>\nE       #17 0x56034f9482e6 <unknown>\nE       #18 0x7f5f2fe9caa4 <unknown>\nE       #19 0x7f5f2ff29c3c <unknown>\n\n/opt/hostedtoolcache/Python/3.12.5/x64/lib/python3.12/site-packages/selenium/webdriver/support/wait.py:105: TimeoutException","flaky":false,"newFailed":false,"newBroken":true,"newPassed":false,"retriesCount":0,"retriesStatusChange":false,"beforeStages":[{"name":"driver","time":{"start":1742181862377,"stop":1742181862704,"duration":327},"status":"passed","steps":[],"attachments":[],"parameters":[],"shouldDisplayMessage":false,"stepsCount":0,"attachmentsCount":0,"hasContent":false,"attachmentStep":false},{"name":"setup","time":{"start":1742181862704,"stop":1742181862704,"duration":0},"status":"passed","steps":[],"attachments":[],"parameters":[],"shouldDisplayMessage":false,"stepsCount":0,"attachmentsCount":0,"hasContent":false,"attachmentStep":false}],"testStage":{"status":"broken","statusMessage":"selenium.common.exceptions.TimeoutException: Message: \nStacktrace:\n#0 0x56034f94946a <unknown>\n#1 0x56034f402ed0 <unknown>\n#2 0x56034f454935 <unknown>\n#3 0x56034f454b61 <unknown>\n#4 0x56034f4a39d4 <unknown>\n#5 0x56034f47a88d <unknown>\n#6 0x56034f4a0ceb <unknown>\n#7 0x56034f47a633 <unknown>\n#8 0x56034f4461be <unknown>\n#9 0x56034f447981 <unknown>\n#10 0x56034f90f86b <unknown>\n#11 0x56034f91373c <unknown>\n#12 0x56034f8f6f12 <unknown>\n#13 0x56034f9142b4 <unknown>\n#14 0x56034f8db0af <unknown>\n#15 0x56034f937ad8 <unknown>\n#16 0x56034f937cb6 <unknown>\n#17 0x56034f9482e6 <unknown>\n#18 0x7f5f2fe9caa4 <unknown>\n#19 0x7f5f2ff29c3c <unknown>","statusTrace":"self = <tests.regression_ui.test_ui_regression.TestUIRegression object at 0x7f804b1a28a0>\ndriver = <selenium.webdriver.chrome.webdriver.WebDriver (session=\"7689087a695c8cb9a360ff6028e442f6\")>\n\n    @pytest.mark.TC000\n    @pytest.mark.TC003\n    @allure.title('List Creation')\n    def test_list_creation(self, driver):\n        time.sleep(10)\n>       self.test_login(driver)\n\ntests/regression_ui/test_ui_regression.py:119: \n_ _ _ _ _ _ _ _ _ _ _ _ _ _ _ _ _ _ _ _ _ _ _ _ _ _ _ _ _ _ _ _ _ _ _ _ _ _ _ _ \ntests/regression_ui/test_ui_regression.py:62: in test_login\n    el_user_name = WebDriverWait(driver, 10).until(EC.element_to_be_clickable(\n_ _ _ _ _ _ _ _ _ _ _ _ _ _ _ _ _ _ _ _ _ _ _ _ _ _ _ _ _ _ _ _ _ _ _ _ _ _ _ _ \n\nself = <selenium.webdriver.support.wait.WebDriverWait (session=\"7689087a695c8cb9a360ff6028e442f6\")>\nmethod = <function element_to_be_clickable.<locals>._predicate at 0x7f804b0b2700>\nmessage = ''\n\n    def until(self, method: Callable[[D], Union[Literal[False], T]], message: str = \"\") -> T:\n        \"\"\"Calls the method provided with the driver as an argument until the \\\n        return value does not evaluate to ``False``.\n    \n        :param method: callable(WebDriver)\n        :param message: optional message for :exc:`TimeoutException`\n        :returns: the result of the last call to `method`\n        :raises: :exc:`selenium.common.exceptions.TimeoutException` if timeout occurs\n        \"\"\"\n        screen = None\n        stacktrace = None\n    \n        end_time = time.monotonic() + self._timeout\n        while True:\n            try:\n                value = method(self._driver)\n                if value:\n                    return value\n            except self._ignored_exceptions as exc:\n                screen = getattr(exc, \"screen\", None)\n                stacktrace = getattr(exc, \"stacktrace\", None)\n            if time.monotonic() > end_time:\n                break\n            time.sleep(self._poll)\n>       raise TimeoutException(message, screen, stacktrace)\nE       selenium.common.exceptions.TimeoutException: Message: \nE       Stacktrace:\nE       #0 0x56034f94946a <unknown>\nE       #1 0x56034f402ed0 <unknown>\nE       #2 0x56034f454935 <unknown>\nE       #3 0x56034f454b61 <unknown>\nE       #4 0x56034f4a39d4 <unknown>\nE       #5 0x56034f47a88d <unknown>\nE       #6 0x56034f4a0ceb <unknown>\nE       #7 0x56034f47a633 <unknown>\nE       #8 0x56034f4461be <unknown>\nE       #9 0x56034f447981 <unknown>\nE       #10 0x56034f90f86b <unknown>\nE       #11 0x56034f91373c <unknown>\nE       #12 0x56034f8f6f12 <unknown>\nE       #13 0x56034f9142b4 <unknown>\nE       #14 0x56034f8db0af <unknown>\nE       #15 0x56034f937ad8 <unknown>\nE       #16 0x56034f937cb6 <unknown>\nE       #17 0x56034f9482e6 <unknown>\nE       #18 0x7f5f2fe9caa4 <unknown>\nE       #19 0x7f5f2ff29c3c <unknown>\n\n/opt/hostedtoolcache/Python/3.12.5/x64/lib/python3.12/site-packages/selenium/webdriver/support/wait.py:105: TimeoutException","steps":[{"name":"Navigate to the Trello page and enter valid credentials (email, password, and 6-digits verification code)","time":{"start":1742181872705,"stop":1742181883285,"duration":10580},"status":"broken","statusMessage":"selenium.common.exceptions.TimeoutException: Message: \nStacktrace:\n#0 0x56034f94946a <unknown>\n#1 0x56034f402ed0 <unknown>\n#2 0x56034f454935 <unknown>\n#3 0x56034f454b61 <unknown>\n#4 0x56034f4a39d4 <unknown>\n#5 0x56034f47a88d <unknown>\n#6 0x56034f4a0ceb <unknown>\n#7 0x56034f47a633 <unknown>\n#8 0x56034f4461be <unknown>\n#9 0x56034f447981 <unknown>\n#10 0x56034f90f86b <unknown>\n#11 0x56034f91373c <unknown>\n#12 0x56034f8f6f12 <unknown>\n#13 0x56034f9142b4 <unknown>\n#14 0x56034f8db0af <unknown>\n#15 0x56034f937ad8 <unknown>\n#16 0x56034f937cb6 <unknown>\n#17 0x56034f9482e6 <unknown>\n#18 0x7f5f2fe9caa4 <unknown>\n#19 0x7f5f2ff29c3c <unknown>\n\n","statusTrace":"  File \"/home/runner/work/pythonSelenium/pythonSelenium/tests/regression_ui/test_ui_regression.py\", line 62, in test_login\n    el_user_name = WebDriverWait(driver, 10).until(EC.element_to_be_clickable(\n                   ^^^^^^^^^^^^^^^^^^^^^^^^^^^^^^^^^^^^^^^^^^^^^^^^^^^^^^^^^^^\n  File \"/opt/hostedtoolcache/Python/3.12.5/x64/lib/python3.12/site-packages/selenium/webdriver/support/wait.py\", line 105, in until\n    raise TimeoutException(message, screen, stacktrace)\n","steps":[],"attachments":[],"parameters":[],"shouldDisplayMessage":true,"stepsCount":0,"attachmentsCount":0,"hasContent":true,"attachmentStep":false}],"attachments":[],"parameters":[],"shouldDisplayMessage":true,"stepsCount":1,"attachmentsCount":0,"hasContent":true,"attachmentStep":false},"afterStages":[{"name":"driver::0","time":{"start":1742181883299,"stop":1742181883362,"duration":63},"status":"passed","steps":[],"attachments":[],"parameters":[],"shouldDisplayMessage":false,"stepsCount":0,"attachmentsCount":0,"hasContent":false,"attachmentStep":false}],"labels":[{"name":"tag","value":"TC003"},{"name":"tag","value":"TC000"},{"name":"parentSuite","value":"tests.regression_ui"},{"name":"suite","value":"test_ui_regression"},{"name":"subSuite","value":"TestUIRegression"},{"name":"host","value":"fv-az1696-728"},{"name":"thread","value":"4069-MainThread"},{"name":"framework","value":"pytest"},{"name":"language","value":"cpython3"},{"name":"package","value":"tests.regression_ui.test_ui_regression"},{"name":"resultFormat","value":"allure2"}],"parameters":[],"links":[],"hidden":false,"retry":false,"extra":{"severity":"normal","retries":[],"categories":[{"name":"Test defects","matchedStatuses":[]}],"history":{"statistic":{"failed":1,"broken":15,"skipped":0,"passed":513,"unknown":0,"total":529},"items":[{"uid":"6cbabae6c37234ca","status":"passed","time":{"start":1742172338226,"stop":1742172371839,"duration":33613}},{"uid":"129decbd8162b3de","status":"passed","time":{"start":1742159288998,"stop":1742159322886,"duration":33888}},{"uid":"7989fbfcce71dbd","status":"passed","time":{"start":1742148732811,"stop":1742148762107,"duration":29296}},{"uid":"18e67937b5f631c2","status":"passed","time":{"start":1742137720807,"stop":1742137754720,"duration":33913}},{"uid":"6c00bc86110812c5","status":"passed","time":{"start":1742127311794,"stop":1742127340007,"duration":28213}},{"uid":"783f92ade74130cd","status":"passed","time":{"start":1742116213350,"stop":1742116241402,"duration":28052}},{"uid":"3f3a3fbb26a893b6","status":"passed","time":{"start":1742105591394,"stop":1742105625089,"duration":33695}},{"uid":"6009fce743904f6","status":"passed","time":{"start":1742095486959,"stop":1742095515340,"duration":28381}},{"uid":"2820853554a45529","status":"passed","time":{"start":1742086062102,"stop":1742086090202,"duration":28100}},{"uid":"bc5c5661493e8b4d","status":"passed","time":{"start":1742072869813,"stop":1742072892874,"duration":23061}},{"uid":"5b08ddda2e6cd545","status":"passed","time":{"start":1742062271351,"stop":1742062304954,"duration":33603}},{"uid":"5784e89de2c85c7","status":"passed","time":{"start":1742051352855,"stop":1742051382054,"duration":29199}},{"uid":"a7f51ee563f3b922","status":"passed","time":{"start":1742040884820,"stop":1742040913023,"duration":28203}},{"uid":"2bb6656c0b759d5f","status":"passed","time":{"start":1742029749014,"stop":1742029782854,"duration":33840}},{"uid":"3d39a497fc75e64","status":"passed","time":{"start":1742019133001,"stop":1742019161280,"duration":28279}},{"uid":"7ab5f4be3eee3a1f","status":"passed","time":{"start":1742008730944,"stop":1742008753987,"duration":23043}},{"uid":"a420a974e96861bc","status":"passed","time":{"start":1741999301880,"stop":1741999330001,"duration":28121}},{"uid":"a625cbb118fc2cea","status":"passed","time":{"start":1741986520172,"stop":1741986555062,"duration":34890}},{"uid":"73660c39c6bf8ff2","status":"passed","time":{"start":1741976052297,"stop":1741976081554,"duration":29257}},{"uid":"bb475c46d52d19a","status":"passed","time":{"start":1741965009076,"stop":1741965044032,"duration":34956}}]},"tags":["TC003","TC000"]},"source":"8cbda8b69eda61be.json","parameterValues":[]}