{"uid":"8df75715a22a0b6d","name":"Label a Card","fullName":"tests.regression_ui.test_ui_regression.TestUIRegression#test_label_card","historyId":"81bf587fe9f2db9e87ee2dc06e7308b0","time":{"start":1744918482646,"stop":1744918500307,"duration":17661},"status":"broken","statusMessage":"selenium.common.exceptions.TimeoutException: Message: \nStacktrace:\n#0 0x5591e254ed0a <unknown>\n#1 0x5591e1fff5f0 <unknown>\n#2 0x5591e2050a33 <unknown>\n#3 0x5591e2050c21 <unknown>\n#4 0x5591e209f274 <unknown>\n#5 0x5591e207668d <unknown>\n#6 0x5591e209c660 <unknown>\n#7 0x5591e2076433 <unknown>\n#8 0x5591e2042ea3 <unknown>\n#9 0x5591e2043b01 <unknown>\n#10 0x5591e2513b5b <unknown>\n#11 0x5591e2517a41 <unknown>\n#12 0x5591e24fac52 <unknown>\n#13 0x5591e25185b4 <unknown>\n#14 0x5591e24def0f <unknown>\n#15 0x5591e253cdb8 <unknown>\n#16 0x5591e253cf96 <unknown>\n#17 0x5591e254db56 <unknown>\n#18 0x7fc7d629caa4 <unknown>\n#19 0x7fc7d6329c3c <unknown>","statusTrace":"self = <tests.regression_ui.test_ui_regression.TestUIRegression object at 0x7f05f8156810>\ndriver = <selenium.webdriver.chrome.webdriver.WebDriver (session=\"1962ef3870e3bc7bd854a114831083a1\")>\n\n    @pytest.mark.TC000\n    @pytest.mark.TC007\n    @allure.title('Label a Card')\n    def test_label_card(self, driver):\n        time.sleep(4)\n        with allure.step('Log in to Trello account'):\n>           self.test_login(driver)\n\ntests/regression_ui/test_ui_regression.py:223: \n_ _ _ _ _ _ _ _ _ _ _ _ _ _ _ _ _ _ _ _ _ _ _ _ _ _ _ _ _ _ _ _ _ _ _ _ _ _ _ _ \ntests/regression_ui/test_ui_regression.py:75: in test_login\n    el_six_otp_code = WebDriverWait(driver, 10).until(EC.element_to_be_clickable(\n_ _ _ _ _ _ _ _ _ _ _ _ _ _ _ _ _ _ _ _ _ _ _ _ _ _ _ _ _ _ _ _ _ _ _ _ _ _ _ _ \n\nself = <selenium.webdriver.support.wait.WebDriverWait (session=\"1962ef3870e3bc7bd854a114831083a1\")>\nmethod = <function element_to_be_clickable.<locals>._predicate at 0x7f05f8076a20>\nmessage = ''\n\n    def until(self, method: Callable[[D], Union[Literal[False], T]], message: str = \"\") -> T:\n        \"\"\"Calls the method provided with the driver as an argument until the \\\n        return value does not evaluate to ``False``.\n    \n        :param method: callable(WebDriver)\n        :param message: optional message for :exc:`TimeoutException`\n        :returns: the result of the last call to `method`\n        :raises: :exc:`selenium.common.exceptions.TimeoutException` if timeout occurs\n        \"\"\"\n        screen = None\n        stacktrace = None\n    \n        end_time = time.monotonic() + self._timeout\n        while True:\n            try:\n                value = method(self._driver)\n                if value:\n                    return value\n            except self._ignored_exceptions as exc:\n                screen = getattr(exc, \"screen\", None)\n                stacktrace = getattr(exc, \"stacktrace\", None)\n            if time.monotonic() > end_time:\n                break\n            time.sleep(self._poll)\n>       raise TimeoutException(message, screen, stacktrace)\nE       selenium.common.exceptions.TimeoutException: Message: \nE       Stacktrace:\nE       #0 0x5591e254ed0a <unknown>\nE       #1 0x5591e1fff5f0 <unknown>\nE       #2 0x5591e2050a33 <unknown>\nE       #3 0x5591e2050c21 <unknown>\nE       #4 0x5591e209f274 <unknown>\nE       #5 0x5591e207668d <unknown>\nE       #6 0x5591e209c660 <unknown>\nE       #7 0x5591e2076433 <unknown>\nE       #8 0x5591e2042ea3 <unknown>\nE       #9 0x5591e2043b01 <unknown>\nE       #10 0x5591e2513b5b <unknown>\nE       #11 0x5591e2517a41 <unknown>\nE       #12 0x5591e24fac52 <unknown>\nE       #13 0x5591e25185b4 <unknown>\nE       #14 0x5591e24def0f <unknown>\nE       #15 0x5591e253cdb8 <unknown>\nE       #16 0x5591e253cf96 <unknown>\nE       #17 0x5591e254db56 <unknown>\nE       #18 0x7fc7d629caa4 <unknown>\nE       #19 0x7fc7d6329c3c <unknown>\n\n/opt/hostedtoolcache/Python/3.12.5/x64/lib/python3.12/site-packages/selenium/webdriver/support/wait.py:105: TimeoutException","flaky":false,"newFailed":false,"newBroken":false,"newPassed":false,"retriesCount":0,"retriesStatusChange":false,"beforeStages":[{"name":"driver","time":{"start":1744918482329,"stop":1744918482646,"duration":317},"status":"passed","steps":[],"attachments":[],"parameters":[],"shouldDisplayMessage":false,"stepsCount":0,"attachmentsCount":0,"hasContent":false,"attachmentStep":false},{"name":"setup","time":{"start":1744918482646,"stop":1744918482646,"duration":0},"status":"passed","steps":[],"attachments":[],"parameters":[],"shouldDisplayMessage":false,"stepsCount":0,"attachmentsCount":0,"hasContent":false,"attachmentStep":false}],"testStage":{"status":"broken","statusMessage":"selenium.common.exceptions.TimeoutException: Message: \nStacktrace:\n#0 0x5591e254ed0a <unknown>\n#1 0x5591e1fff5f0 <unknown>\n#2 0x5591e2050a33 <unknown>\n#3 0x5591e2050c21 <unknown>\n#4 0x5591e209f274 <unknown>\n#5 0x5591e207668d <unknown>\n#6 0x5591e209c660 <unknown>\n#7 0x5591e2076433 <unknown>\n#8 0x5591e2042ea3 <unknown>\n#9 0x5591e2043b01 <unknown>\n#10 0x5591e2513b5b <unknown>\n#11 0x5591e2517a41 <unknown>\n#12 0x5591e24fac52 <unknown>\n#13 0x5591e25185b4 <unknown>\n#14 0x5591e24def0f <unknown>\n#15 0x5591e253cdb8 <unknown>\n#16 0x5591e253cf96 <unknown>\n#17 0x5591e254db56 <unknown>\n#18 0x7fc7d629caa4 <unknown>\n#19 0x7fc7d6329c3c <unknown>","statusTrace":"self = <tests.regression_ui.test_ui_regression.TestUIRegression object at 0x7f05f8156810>\ndriver = <selenium.webdriver.chrome.webdriver.WebDriver (session=\"1962ef3870e3bc7bd854a114831083a1\")>\n\n    @pytest.mark.TC000\n    @pytest.mark.TC007\n    @allure.title('Label a Card')\n    def test_label_card(self, driver):\n        time.sleep(4)\n        with allure.step('Log in to Trello account'):\n>           self.test_login(driver)\n\ntests/regression_ui/test_ui_regression.py:223: \n_ _ _ _ _ _ _ _ _ _ _ _ _ _ _ _ _ _ _ _ _ _ _ _ _ _ _ _ _ _ _ _ _ _ _ _ _ _ _ _ \ntests/regression_ui/test_ui_regression.py:75: in test_login\n    el_six_otp_code = WebDriverWait(driver, 10).until(EC.element_to_be_clickable(\n_ _ _ _ _ _ _ _ _ _ _ _ _ _ _ _ _ _ _ _ _ _ _ _ _ _ _ _ _ _ _ _ _ _ _ _ _ _ _ _ \n\nself = <selenium.webdriver.support.wait.WebDriverWait (session=\"1962ef3870e3bc7bd854a114831083a1\")>\nmethod = <function element_to_be_clickable.<locals>._predicate at 0x7f05f8076a20>\nmessage = ''\n\n    def until(self, method: Callable[[D], Union[Literal[False], T]], message: str = \"\") -> T:\n        \"\"\"Calls the method provided with the driver as an argument until the \\\n        return value does not evaluate to ``False``.\n    \n        :param method: callable(WebDriver)\n        :param message: optional message for :exc:`TimeoutException`\n        :returns: the result of the last call to `method`\n        :raises: :exc:`selenium.common.exceptions.TimeoutException` if timeout occurs\n        \"\"\"\n        screen = None\n        stacktrace = None\n    \n        end_time = time.monotonic() + self._timeout\n        while True:\n            try:\n                value = method(self._driver)\n                if value:\n                    return value\n            except self._ignored_exceptions as exc:\n                screen = getattr(exc, \"screen\", None)\n                stacktrace = getattr(exc, \"stacktrace\", None)\n            if time.monotonic() > end_time:\n                break\n            time.sleep(self._poll)\n>       raise TimeoutException(message, screen, stacktrace)\nE       selenium.common.exceptions.TimeoutException: Message: \nE       Stacktrace:\nE       #0 0x5591e254ed0a <unknown>\nE       #1 0x5591e1fff5f0 <unknown>\nE       #2 0x5591e2050a33 <unknown>\nE       #3 0x5591e2050c21 <unknown>\nE       #4 0x5591e209f274 <unknown>\nE       #5 0x5591e207668d <unknown>\nE       #6 0x5591e209c660 <unknown>\nE       #7 0x5591e2076433 <unknown>\nE       #8 0x5591e2042ea3 <unknown>\nE       #9 0x5591e2043b01 <unknown>\nE       #10 0x5591e2513b5b <unknown>\nE       #11 0x5591e2517a41 <unknown>\nE       #12 0x5591e24fac52 <unknown>\nE       #13 0x5591e25185b4 <unknown>\nE       #14 0x5591e24def0f <unknown>\nE       #15 0x5591e253cdb8 <unknown>\nE       #16 0x5591e253cf96 <unknown>\nE       #17 0x5591e254db56 <unknown>\nE       #18 0x7fc7d629caa4 <unknown>\nE       #19 0x7fc7d6329c3c <unknown>\n\n/opt/hostedtoolcache/Python/3.12.5/x64/lib/python3.12/site-packages/selenium/webdriver/support/wait.py:105: TimeoutException","steps":[{"name":"Log in to Trello account","time":{"start":1744918486647,"stop":1744918500307,"duration":13660},"status":"broken","statusMessage":"selenium.common.exceptions.TimeoutException: Message: \nStacktrace:\n#0 0x5591e254ed0a <unknown>\n#1 0x5591e1fff5f0 <unknown>\n#2 0x5591e2050a33 <unknown>\n#3 0x5591e2050c21 <unknown>\n#4 0x5591e209f274 <unknown>\n#5 0x5591e207668d <unknown>\n#6 0x5591e209c660 <unknown>\n#7 0x5591e2076433 <unknown>\n#8 0x5591e2042ea3 <unknown>\n#9 0x5591e2043b01 <unknown>\n#10 0x5591e2513b5b <unknown>\n#11 0x5591e2517a41 <unknown>\n#12 0x5591e24fac52 <unknown>\n#13 0x5591e25185b4 <unknown>\n#14 0x5591e24def0f <unknown>\n#15 0x5591e253cdb8 <unknown>\n#16 0x5591e253cf96 <unknown>\n#17 0x5591e254db56 <unknown>\n#18 0x7fc7d629caa4 <unknown>\n#19 0x7fc7d6329c3c <unknown>\n\n","statusTrace":"  File \"/home/runner/work/pythonSelenium/pythonSelenium/tests/regression_ui/test_ui_regression.py\", line 223, in test_label_card\n    self.test_login(driver)\n  File \"/home/runner/work/pythonSelenium/pythonSelenium/tests/regression_ui/test_ui_regression.py\", line 75, in test_login\n    el_six_otp_code = WebDriverWait(driver, 10).until(EC.element_to_be_clickable(\n                      ^^^^^^^^^^^^^^^^^^^^^^^^^^^^^^^^^^^^^^^^^^^^^^^^^^^^^^^^^^^\n  File \"/opt/hostedtoolcache/Python/3.12.5/x64/lib/python3.12/site-packages/selenium/webdriver/support/wait.py\", line 105, in until\n    raise TimeoutException(message, screen, stacktrace)\n","steps":[{"name":"Navigate to the Trello page and enter valid credentials (email, password, and 6-digits verification code)","time":{"start":1744918486647,"stop":1744918500306,"duration":13659},"status":"broken","statusMessage":"selenium.common.exceptions.TimeoutException: Message: \nStacktrace:\n#0 0x5591e254ed0a <unknown>\n#1 0x5591e1fff5f0 <unknown>\n#2 0x5591e2050a33 <unknown>\n#3 0x5591e2050c21 <unknown>\n#4 0x5591e209f274 <unknown>\n#5 0x5591e207668d <unknown>\n#6 0x5591e209c660 <unknown>\n#7 0x5591e2076433 <unknown>\n#8 0x5591e2042ea3 <unknown>\n#9 0x5591e2043b01 <unknown>\n#10 0x5591e2513b5b <unknown>\n#11 0x5591e2517a41 <unknown>\n#12 0x5591e24fac52 <unknown>\n#13 0x5591e25185b4 <unknown>\n#14 0x5591e24def0f <unknown>\n#15 0x5591e253cdb8 <unknown>\n#16 0x5591e253cf96 <unknown>\n#17 0x5591e254db56 <unknown>\n#18 0x7fc7d629caa4 <unknown>\n#19 0x7fc7d6329c3c <unknown>\n\n","statusTrace":"  File \"/home/runner/work/pythonSelenium/pythonSelenium/tests/regression_ui/test_ui_regression.py\", line 75, in test_login\n    el_six_otp_code = WebDriverWait(driver, 10).until(EC.element_to_be_clickable(\n                      ^^^^^^^^^^^^^^^^^^^^^^^^^^^^^^^^^^^^^^^^^^^^^^^^^^^^^^^^^^^\n  File \"/opt/hostedtoolcache/Python/3.12.5/x64/lib/python3.12/site-packages/selenium/webdriver/support/wait.py\", line 105, in until\n    raise TimeoutException(message, screen, stacktrace)\n","steps":[],"attachments":[],"parameters":[],"shouldDisplayMessage":true,"stepsCount":0,"attachmentsCount":0,"hasContent":true,"attachmentStep":false}],"attachments":[],"parameters":[],"shouldDisplayMessage":false,"stepsCount":1,"attachmentsCount":0,"hasContent":true,"attachmentStep":false}],"attachments":[],"parameters":[],"shouldDisplayMessage":true,"stepsCount":2,"attachmentsCount":0,"hasContent":true,"attachmentStep":false},"afterStages":[{"name":"driver::0","time":{"start":1744918500321,"stop":1744918500386,"duration":65},"status":"passed","steps":[],"attachments":[],"parameters":[],"shouldDisplayMessage":false,"stepsCount":0,"attachmentsCount":0,"hasContent":false,"attachmentStep":false}],"labels":[{"name":"tag","value":"TC007"},{"name":"tag","value":"TC000"},{"name":"parentSuite","value":"tests.regression_ui"},{"name":"suite","value":"test_ui_regression"},{"name":"subSuite","value":"TestUIRegression"},{"name":"host","value":"fv-az1910-469"},{"name":"thread","value":"4065-MainThread"},{"name":"framework","value":"pytest"},{"name":"language","value":"cpython3"},{"name":"package","value":"tests.regression_ui.test_ui_regression"},{"name":"resultFormat","value":"allure2"}],"parameters":[],"links":[],"hidden":false,"retry":false,"extra":{"severity":"normal","retries":[],"categories":[{"name":"Test defects","matchedStatuses":[]}],"history":{"statistic":{"failed":0,"broken":112,"skipped":0,"passed":585,"unknown":0,"total":697},"items":[{"uid":"89c8677fa8fca91d","status":"broken","statusDetails":"selenium.common.exceptions.NoSuchElementException: Message: no such element: Unable to locate element: {\"method\":\"xpath\",\"selector\":\"//*[contains(text(), 'new_card')]\"}\n  (Session info: chrome=135.0.7049.52); For documentation on this error, please visit: https://www.selenium.dev/documentation/webdriver/troubleshooting/errors#no-such-element-exception\nStacktrace:\n#0 0x559bdb6d8ffa <unknown>\n#1 0x559bdb197970 <unknown>\n#2 0x559bdb1e9385 <unknown>\n#3 0x559bdb1e95b1 <unknown>\n#4 0x559bdb2383c4 <unknown>\n#5 0x559bdb20f2bd <unknown>\n#6 0x559bdb23570c <unknown>\n#7 0x559bdb20f063 <unknown>\n#8 0x559bdb1db328 <unknown>\n#9 0x559bdb1dc491 <unknown>\n#10 0x559bdb6a042b <unknown>\n#11 0x559bdb6a42ec <unknown>\n#12 0x559bdb687a22 <unknown>\n#13 0x559bdb6a4e64 <unknown>\n#14 0x559bdb66bbef <unknown>\n#15 0x559bdb6c7558 <unknown>\n#16 0x559bdb6c7736 <unknown>\n#17 0x559bdb6d7e76 <unknown>\n#18 0x7fc1cfc9caa4 <unknown>\n#19 0x7fc1cfd29c3c <unknown>","time":{"start":1744060320428,"stop":1744060340816,"duration":20388}},{"uid":"85283b1e953395c4","status":"broken","statusDetails":"selenium.common.exceptions.NoSuchElementException: Message: no such element: Unable to locate element: {\"method\":\"xpath\",\"selector\":\"//*[contains(text(), 'new_card')]\"}\n  (Session info: chrome=135.0.7049.52); For documentation on this error, please visit: https://www.selenium.dev/documentation/webdriver/troubleshooting/errors#no-such-element-exception\nStacktrace:\n#0 0x564fd5b56ffa <unknown>\n#1 0x564fd5615970 <unknown>\n#2 0x564fd5667385 <unknown>\n#3 0x564fd56675b1 <unknown>\n#4 0x564fd56b63c4 <unknown>\n#5 0x564fd568d2bd <unknown>\n#6 0x564fd56b370c <unknown>\n#7 0x564fd568d063 <unknown>\n#8 0x564fd5659328 <unknown>\n#9 0x564fd565a491 <unknown>\n#10 0x564fd5b1e42b <unknown>\n#11 0x564fd5b222ec <unknown>\n#12 0x564fd5b05a22 <unknown>\n#13 0x564fd5b22e64 <unknown>\n#14 0x564fd5ae9bef <unknown>\n#15 0x564fd5b45558 <unknown>\n#16 0x564fd5b45736 <unknown>\n#17 0x564fd5b55e76 <unknown>\n#18 0x7f5d0009caa4 <unknown>\n#19 0x7f5d00129c3c <unknown>","time":{"start":1744049760981,"stop":1744049781383,"duration":20402}},{"uid":"d1591497d728743b","status":"broken","statusDetails":"selenium.common.exceptions.NoSuchElementException: Message: no such element: Unable to locate element: {\"method\":\"xpath\",\"selector\":\"//*[contains(text(), 'new_card')]\"}\n  (Session info: chrome=135.0.7049.52); For documentation on this error, please visit: https://www.selenium.dev/documentation/webdriver/troubleshooting/errors#no-such-element-exception\nStacktrace:\n#0 0x55a95698effa <unknown>\n#1 0x55a95644d970 <unknown>\n#2 0x55a95649f385 <unknown>\n#3 0x55a95649f5b1 <unknown>\n#4 0x55a9564ee3c4 <unknown>\n#5 0x55a9564c52bd <unknown>\n#6 0x55a9564eb70c <unknown>\n#7 0x55a9564c5063 <unknown>\n#8 0x55a956491328 <unknown>\n#9 0x55a956492491 <unknown>\n#10 0x55a95695642b <unknown>\n#11 0x55a95695a2ec <unknown>\n#12 0x55a95693da22 <unknown>\n#13 0x55a95695ae64 <unknown>\n#14 0x55a956921bef <unknown>\n#15 0x55a95697d558 <unknown>\n#16 0x55a95697d736 <unknown>\n#17 0x55a95698de76 <unknown>\n#18 0x7fd8bbc9caa4 <unknown>\n#19 0x7fd8bbd29c3c <unknown>","time":{"start":1744038808786,"stop":1744038829056,"duration":20270}},{"uid":"9ae5c0b66f5c171","status":"broken","statusDetails":"selenium.common.exceptions.NoSuchElementException: Message: no such element: Unable to locate element: {\"method\":\"xpath\",\"selector\":\"//*[contains(text(), 'new_card')]\"}\n  (Session info: chrome=135.0.7049.52); For documentation on this error, please visit: https://www.selenium.dev/documentation/webdriver/troubleshooting/errors#no-such-element-exception\nStacktrace:\n#0 0x564cc04f2ffa <unknown>\n#1 0x564cbffb1970 <unknown>\n#2 0x564cc0003385 <unknown>\n#3 0x564cc00035b1 <unknown>\n#4 0x564cc00523c4 <unknown>\n#5 0x564cc00292bd <unknown>\n#6 0x564cc004f70c <unknown>\n#7 0x564cc0029063 <unknown>\n#8 0x564cbfff5328 <unknown>\n#9 0x564cbfff6491 <unknown>\n#10 0x564cc04ba42b <unknown>\n#11 0x564cc04be2ec <unknown>\n#12 0x564cc04a1a22 <unknown>\n#13 0x564cc04bee64 <unknown>\n#14 0x564cc0485bef <unknown>\n#15 0x564cc04e1558 <unknown>\n#16 0x564cc04e1736 <unknown>\n#17 0x564cc04f1e76 <unknown>\n#18 0x7ff96de9caa4 <unknown>\n#19 0x7ff96df29c3c <unknown>","time":{"start":1744028391337,"stop":1744028411529,"duration":20192}},{"uid":"64955da0859c5d8","status":"broken","statusDetails":"selenium.common.exceptions.NoSuchElementException: Message: no such element: Unable to locate element: {\"method\":\"xpath\",\"selector\":\"//*[contains(text(), 'new_card')]\"}\n  (Session info: chrome=135.0.7049.52); For documentation on this error, please visit: https://www.selenium.dev/documentation/webdriver/troubleshooting/errors#no-such-element-exception\nStacktrace:\n#0 0x563dad3e9ffa <unknown>\n#1 0x563dacea8970 <unknown>\n#2 0x563dacefa385 <unknown>\n#3 0x563dacefa5b1 <unknown>\n#4 0x563dacf493c4 <unknown>\n#5 0x563dacf202bd <unknown>\n#6 0x563dacf4670c <unknown>\n#7 0x563dacf20063 <unknown>\n#8 0x563daceec328 <unknown>\n#9 0x563daceed491 <unknown>\n#10 0x563dad3b142b <unknown>\n#11 0x563dad3b52ec <unknown>\n#12 0x563dad398a22 <unknown>\n#13 0x563dad3b5e64 <unknown>\n#14 0x563dad37cbef <unknown>\n#15 0x563dad3d8558 <unknown>\n#16 0x563dad3d8736 <unknown>\n#17 0x563dad3e8e76 <unknown>\n#18 0x7f086749caa4 <unknown>\n#19 0x7f0867529c3c <unknown>","time":{"start":1744017257453,"stop":1744017278194,"duration":20741}},{"uid":"4d3db869f9cd139b","status":"passed","time":{"start":1744006584090,"stop":1744006606041,"duration":21951}},{"uid":"597d305a2daa72a6","status":"broken","statusDetails":"selenium.common.exceptions.NoSuchElementException: Message: no such element: Unable to locate element: {\"method\":\"xpath\",\"selector\":\"//*[contains(text(), 'new_card')]\"}\n  (Session info: chrome=135.0.7049.52); For documentation on this error, please visit: https://www.selenium.dev/documentation/webdriver/troubleshooting/errors#no-such-element-exception\nStacktrace:\n#0 0x55bed8ec6ffa <unknown>\n#1 0x55bed8985970 <unknown>\n#2 0x55bed89d7385 <unknown>\n#3 0x55bed89d75b1 <unknown>\n#4 0x55bed8a263c4 <unknown>\n#5 0x55bed89fd2bd <unknown>\n#6 0x55bed8a2370c <unknown>\n#7 0x55bed89fd063 <unknown>\n#8 0x55bed89c9328 <unknown>\n#9 0x55bed89ca491 <unknown>\n#10 0x55bed8e8e42b <unknown>\n#11 0x55bed8e922ec <unknown>\n#12 0x55bed8e75a22 <unknown>\n#13 0x55bed8e92e64 <unknown>\n#14 0x55bed8e59bef <unknown>\n#15 0x55bed8eb5558 <unknown>\n#16 0x55bed8eb5736 <unknown>\n#17 0x55bed8ec5e76 <unknown>\n#18 0x7fca7aa9caa4 <unknown>\n#19 0x7fca7ab29c3c <unknown>","time":{"start":1743996764640,"stop":1743996785395,"duration":20755}},{"uid":"83328d03c45dcdc8","status":"passed","time":{"start":1743986850709,"stop":1743986872558,"duration":21849}},{"uid":"40ff1b968dddc585","status":"passed","time":{"start":1743973827981,"stop":1743973849866,"duration":21885}},{"uid":"37bb9ae0641feab9","status":"broken","statusDetails":"selenium.common.exceptions.NoSuchElementException: Message: no such element: Unable to locate element: {\"method\":\"xpath\",\"selector\":\"//*[contains(text(), 'new_card')]\"}\n  (Session info: chrome=135.0.7049.52); For documentation on this error, please visit: https://www.selenium.dev/documentation/webdriver/troubleshooting/errors#no-such-element-exception\nStacktrace:\n#0 0x562829e18ffa <unknown>\n#1 0x5628298d7970 <unknown>\n#2 0x562829929385 <unknown>\n#3 0x5628299295b1 <unknown>\n#4 0x5628299783c4 <unknown>\n#5 0x56282994f2bd <unknown>\n#6 0x56282997570c <unknown>\n#7 0x56282994f063 <unknown>\n#8 0x56282991b328 <unknown>\n#9 0x56282991c491 <unknown>\n#10 0x562829de042b <unknown>\n#11 0x562829de42ec <unknown>\n#12 0x562829dc7a22 <unknown>\n#13 0x562829de4e64 <unknown>\n#14 0x562829dabbef <unknown>\n#15 0x562829e07558 <unknown>\n#16 0x562829e07736 <unknown>\n#17 0x562829e17e76 <unknown>\n#18 0x7f0a5fe9caa4 <unknown>\n#19 0x7f0a5ff29c3c <unknown>","time":{"start":1743963318249,"stop":1743963338345,"duration":20096}},{"uid":"93a3af7a9db56d32","status":"broken","statusDetails":"selenium.common.exceptions.NoSuchElementException: Message: no such element: Unable to locate element: {\"method\":\"xpath\",\"selector\":\"//*[contains(text(), 'new_card')]\"}\n  (Session info: chrome=135.0.7049.52); For documentation on this error, please visit: https://www.selenium.dev/documentation/webdriver/troubleshooting/errors#no-such-element-exception\nStacktrace:\n#0 0x562b6a5fdffa <unknown>\n#1 0x562b6a0bc970 <unknown>\n#2 0x562b6a10e385 <unknown>\n#3 0x562b6a10e5b1 <unknown>\n#4 0x562b6a15d3c4 <unknown>\n#5 0x562b6a1342bd <unknown>\n#6 0x562b6a15a70c <unknown>\n#7 0x562b6a134063 <unknown>\n#8 0x562b6a100328 <unknown>\n#9 0x562b6a101491 <unknown>\n#10 0x562b6a5c542b <unknown>\n#11 0x562b6a5c92ec <unknown>\n#12 0x562b6a5aca22 <unknown>\n#13 0x562b6a5c9e64 <unknown>\n#14 0x562b6a590bef <unknown>\n#15 0x562b6a5ec558 <unknown>\n#16 0x562b6a5ec736 <unknown>\n#17 0x562b6a5fce76 <unknown>\n#18 0x7f889489caa4 <unknown>\n#19 0x7f8894929c3c <unknown>","time":{"start":1743952276398,"stop":1743952296636,"duration":20238}},{"uid":"2ab317bcbb42fdd9","status":"broken","statusDetails":"selenium.common.exceptions.NoSuchElementException: Message: no such element: Unable to locate element: {\"method\":\"xpath\",\"selector\":\"//*[contains(text(), 'new_card')]\"}\n  (Session info: chrome=135.0.7049.52); For documentation on this error, please visit: https://www.selenium.dev/documentation/webdriver/troubleshooting/errors#no-such-element-exception\nStacktrace:\n#0 0x55ca98843ffa <unknown>\n#1 0x55ca98302970 <unknown>\n#2 0x55ca98354385 <unknown>\n#3 0x55ca983545b1 <unknown>\n#4 0x55ca983a33c4 <unknown>\n#5 0x55ca9837a2bd <unknown>\n#6 0x55ca983a070c <unknown>\n#7 0x55ca9837a063 <unknown>\n#8 0x55ca98346328 <unknown>\n#9 0x55ca98347491 <unknown>\n#10 0x55ca9880b42b <unknown>\n#11 0x55ca9880f2ec <unknown>\n#12 0x55ca987f2a22 <unknown>\n#13 0x55ca9880fe64 <unknown>\n#14 0x55ca987d6bef <unknown>\n#15 0x55ca98832558 <unknown>\n#16 0x55ca98832736 <unknown>\n#17 0x55ca98842e76 <unknown>\n#18 0x7f580d09caa4 <unknown>\n#19 0x7f580d129c3c <unknown>","time":{"start":1743941927663,"stop":1743941947790,"duration":20127}},{"uid":"c4874e26d47e7a41","status":"broken","statusDetails":"selenium.common.exceptions.NoSuchElementException: Message: no such element: Unable to locate element: {\"method\":\"xpath\",\"selector\":\"//*[contains(text(), 'new_card')]\"}\n  (Session info: chrome=135.0.7049.52); For documentation on this error, please visit: https://www.selenium.dev/documentation/webdriver/troubleshooting/errors#no-such-element-exception\nStacktrace:\n#0 0x55e1b2ac4ffa <unknown>\n#1 0x55e1b2583970 <unknown>\n#2 0x55e1b25d5385 <unknown>\n#3 0x55e1b25d55b1 <unknown>\n#4 0x55e1b26243c4 <unknown>\n#5 0x55e1b25fb2bd <unknown>\n#6 0x55e1b262170c <unknown>\n#7 0x55e1b25fb063 <unknown>\n#8 0x55e1b25c7328 <unknown>\n#9 0x55e1b25c8491 <unknown>\n#10 0x55e1b2a8c42b <unknown>\n#11 0x55e1b2a902ec <unknown>\n#12 0x55e1b2a73a22 <unknown>\n#13 0x55e1b2a90e64 <unknown>\n#14 0x55e1b2a57bef <unknown>\n#15 0x55e1b2ab3558 <unknown>\n#16 0x55e1b2ab3736 <unknown>\n#17 0x55e1b2ac3e76 <unknown>\n#18 0x7f21db29caa4 <unknown>\n#19 0x7f21db329c3c <unknown>","time":{"start":1743930679736,"stop":1743930699980,"duration":20244}},{"uid":"eca7a15f8b5f1ba9","status":"broken","statusDetails":"selenium.common.exceptions.NoSuchElementException: Message: no such element: Unable to locate element: {\"method\":\"xpath\",\"selector\":\"//*[contains(text(), 'new_card')]\"}\n  (Session info: chrome=135.0.7049.52); For documentation on this error, please visit: https://www.selenium.dev/documentation/webdriver/troubleshooting/errors#no-such-element-exception\nStacktrace:\n#0 0x56058e4c2ffa <unknown>\n#1 0x56058df81970 <unknown>\n#2 0x56058dfd3385 <unknown>\n#3 0x56058dfd35b1 <unknown>\n#4 0x56058e0223c4 <unknown>\n#5 0x56058dff92bd <unknown>\n#6 0x56058e01f70c <unknown>\n#7 0x56058dff9063 <unknown>\n#8 0x56058dfc5328 <unknown>\n#9 0x56058dfc6491 <unknown>\n#10 0x56058e48a42b <unknown>\n#11 0x56058e48e2ec <unknown>\n#12 0x56058e471a22 <unknown>\n#13 0x56058e48ee64 <unknown>\n#14 0x56058e455bef <unknown>\n#15 0x56058e4b1558 <unknown>\n#16 0x56058e4b1736 <unknown>\n#17 0x56058e4c1e76 <unknown>\n#18 0x7fa861e9caa4 <unknown>\n#19 0x7fa861f29c3c <unknown>","time":{"start":1743920144333,"stop":1743920165025,"duration":20692}},{"uid":"fbf2a0fd30568518","status":"broken","statusDetails":"selenium.common.exceptions.NoSuchElementException: Message: no such element: Unable to locate element: {\"method\":\"xpath\",\"selector\":\"//*[contains(text(), 'new_card')]\"}\n  (Session info: chrome=135.0.7049.52); For documentation on this error, please visit: https://www.selenium.dev/documentation/webdriver/troubleshooting/errors#no-such-element-exception\nStacktrace:\n#0 0x55c352194ffa <unknown>\n#1 0x55c351c53970 <unknown>\n#2 0x55c351ca5385 <unknown>\n#3 0x55c351ca55b1 <unknown>\n#4 0x55c351cf43c4 <unknown>\n#5 0x55c351ccb2bd <unknown>\n#6 0x55c351cf170c <unknown>\n#7 0x55c351ccb063 <unknown>\n#8 0x55c351c97328 <unknown>\n#9 0x55c351c98491 <unknown>\n#10 0x55c35215c42b <unknown>\n#11 0x55c3521602ec <unknown>\n#12 0x55c352143a22 <unknown>\n#13 0x55c352160e64 <unknown>\n#14 0x55c352127bef <unknown>\n#15 0x55c352183558 <unknown>\n#16 0x55c352183736 <unknown>\n#17 0x55c352193e76 <unknown>\n#18 0x7f362f29caa4 <unknown>\n#19 0x7f362f329c3c <unknown>","time":{"start":1743910280612,"stop":1743910301233,"duration":20621}},{"uid":"576ce3decf6b2316","status":"broken","statusDetails":"selenium.common.exceptions.NoSuchElementException: Message: no such element: Unable to locate element: {\"method\":\"xpath\",\"selector\":\"//*[contains(text(), 'new_card')]\"}\n  (Session info: chrome=135.0.7049.52); For documentation on this error, please visit: https://www.selenium.dev/documentation/webdriver/troubleshooting/errors#no-such-element-exception\nStacktrace:\n#0 0x55fe3bf9cffa <unknown>\n#1 0x55fe3ba5b970 <unknown>\n#2 0x55fe3baad385 <unknown>\n#3 0x55fe3baad5b1 <unknown>\n#4 0x55fe3bafc3c4 <unknown>\n#5 0x55fe3bad32bd <unknown>\n#6 0x55fe3baf970c <unknown>\n#7 0x55fe3bad3063 <unknown>\n#8 0x55fe3ba9f328 <unknown>\n#9 0x55fe3baa0491 <unknown>\n#10 0x55fe3bf6442b <unknown>\n#11 0x55fe3bf682ec <unknown>\n#12 0x55fe3bf4ba22 <unknown>\n#13 0x55fe3bf68e64 <unknown>\n#14 0x55fe3bf2fbef <unknown>\n#15 0x55fe3bf8b558 <unknown>\n#16 0x55fe3bf8b736 <unknown>\n#17 0x55fe3bf9be76 <unknown>\n#18 0x7f036cc9caa4 <unknown>\n#19 0x7f036cd29c3c <unknown>","time":{"start":1743900647821,"stop":1743900667973,"duration":20152}},{"uid":"24cc52d76831c6ec","status":"broken","statusDetails":"selenium.common.exceptions.ElementClickInterceptedException: Message: element click intercepted: Element <span class=\"CNnougcEO0WaO3 dw6dSeDTUO7W7U YjsahfcWMjpk4W IDeXAnQiLBnlva color-blind-pattern-green MNuX_OT6g8BvrC\" tabindex=\"-1\" aria-label=\"Color: green, title: none\" data-color=\"green\" data-expanded=\"false\" data-testid=\"compact-card-label\"></span> is not clickable at point (596, 176). Other element would receive the click: <div class=\"SHSLu7GBXRGV83\">...</div>\n  (Session info: chrome=135.0.7049.52)\nStacktrace:\n#0 0x556727755ffa <unknown>\n#1 0x556727214970 <unknown>\n#2 0x55672726d1ec <unknown>\n#3 0x55672726b055 <unknown>\n#4 0x5567272686f2 <unknown>\n#5 0x5567272678ca <unknown>\n#6 0x55672725a4cd <unknown>\n#7 0x55672728c292 <unknown>\n#8 0x556727259e4a <unknown>\n#9 0x55672728c45e <unknown>\n#10 0x5567272b270c <unknown>\n#11 0x55672728c063 <unknown>\n#12 0x556727258328 <unknown>\n#13 0x556727259491 <unknown>\n#14 0x55672771d42b <unknown>\n#15 0x5567277212ec <unknown>\n#16 0x556727704a22 <unknown>\n#17 0x556727721e64 <unknown>\n#18 0x5567276e8bef <unknown>\n#19 0x556727744558 <unknown>\n#20 0x556727744736 <unknown>\n#21 0x556727754e76 <unknown>\n#22 0x7fd3bec9caa4 <unknown>\n#23 0x7fd3bed29c3c <unknown>","time":{"start":1743887484362,"stop":1743887504196,"duration":19834}},{"uid":"a2b3625c43ce2b89","status":"passed","time":{"start":1743876812232,"stop":1743876834056,"duration":21824}},{"uid":"b7ae8da86385074a","status":"passed","time":{"start":1743865820093,"stop":1743865841950,"duration":21857}},{"uid":"bb1d85ce17a6079d","status":"broken","statusDetails":"selenium.common.exceptions.NoSuchElementException: Message: no such element: Unable to locate element: {\"method\":\"xpath\",\"selector\":\"//*[contains(text(), 'new_card')]\"}\n  (Session info: chrome=135.0.7049.52); For documentation on this error, please visit: https://www.selenium.dev/documentation/webdriver/troubleshooting/errors#no-such-element-exception\nStacktrace:\n#0 0x55f155f78ffa <unknown>\n#1 0x55f155a37970 <unknown>\n#2 0x55f155a89385 <unknown>\n#3 0x55f155a895b1 <unknown>\n#4 0x55f155ad83c4 <unknown>\n#5 0x55f155aaf2bd <unknown>\n#6 0x55f155ad570c <unknown>\n#7 0x55f155aaf063 <unknown>\n#8 0x55f155a7b328 <unknown>\n#9 0x55f155a7c491 <unknown>\n#10 0x55f155f4042b <unknown>\n#11 0x55f155f442ec <unknown>\n#12 0x55f155f27a22 <unknown>\n#13 0x55f155f44e64 <unknown>\n#14 0x55f155f0bbef <unknown>\n#15 0x55f155f67558 <unknown>\n#16 0x55f155f67736 <unknown>\n#17 0x55f155f77e76 <unknown>\n#18 0x7f484f29caa4 <unknown>\n#19 0x7f484f329c3c <unknown>","time":{"start":1743855442900,"stop":1743855463140,"duration":20240}}]},"tags":["TC007","TC000"]},"source":"8df75715a22a0b6d.json","parameterValues":[]}