{"uid":"901e7874ef3dc637","name":"Drag and drop card from one list to another","fullName":"tests.regression_ui.test_ui_regression.TestUIRegression#test_drag_n_drop_card","historyId":"58c27d4ea8138de64fd4e105da17ea92","time":{"start":1742441008148,"stop":1742441031535,"duration":23387},"status":"broken","statusMessage":"selenium.common.exceptions.TimeoutException: Message: \nStacktrace:\n#0 0x5630ca3c2a1a <unknown>\n#1 0x5630c9e7a390 <unknown>\n#2 0x5630c9ecbc85 <unknown>\n#3 0x5630c9ecbeb1 <unknown>\n#4 0x5630c9f1ad64 <unknown>\n#5 0x5630c9ef1bfd <unknown>\n#6 0x5630c9f1807b <unknown>\n#7 0x5630c9ef19a3 <unknown>\n#8 0x5630c9ebd60e <unknown>\n#9 0x5630c9ebedd1 <unknown>\n#10 0x5630ca388ddb <unknown>\n#11 0x5630ca38ccbc <unknown>\n#12 0x5630ca370392 <unknown>\n#13 0x5630ca38d834 <unknown>\n#14 0x5630ca3541ef <unknown>\n#15 0x5630ca3b1038 <unknown>\n#16 0x5630ca3b1216 <unknown>\n#17 0x5630ca3c1896 <unknown>\n#18 0x7f7a4469caa4 <unknown>\n#19 0x7f7a44729c3c <unknown>","statusTrace":"self = <tests.regression_ui.test_ui_regression.TestUIRegression object at 0x7fecb6c72540>\ndriver = <selenium.webdriver.chrome.webdriver.WebDriver (session=\"4a2ca7686655ddebfe702859e2fb84c8\")>\n\n    @pytest.mark.TC000\n    @pytest.mark.TC005\n    @allure.title('Drag and drop card from one list to another')\n    def test_drag_n_drop_card(self, driver):\n        time.sleep(7)\n        with allure.step('Log in to Trello account'):\n            self.test_login(driver)\n        with allure.step('Drag and drop card from one list to another list'):\n            WebDriverWait(driver, 10).until(EC.element_to_be_clickable((By.XPATH, self.SCC.Board.BOARD_TITLE))).click()\n>           WebDriverWait(driver, 10).until(EC.element_to_be_clickable((By.XPATH, self.SCC.Board.ADD_ANOTHER_LIST_BUTTON))).click()\n\ntests/regression_ui/test_ui_regression.py:171: \n_ _ _ _ _ _ _ _ _ _ _ _ _ _ _ _ _ _ _ _ _ _ _ _ _ _ _ _ _ _ _ _ _ _ _ _ _ _ _ _ \n\nself = <selenium.webdriver.support.wait.WebDriverWait (session=\"4a2ca7686655ddebfe702859e2fb84c8\")>\nmethod = <function element_to_be_clickable.<locals>._predicate at 0x7fecb6b9ef20>\nmessage = ''\n\n    def until(self, method: Callable[[D], Union[Literal[False], T]], message: str = \"\") -> T:\n        \"\"\"Calls the method provided with the driver as an argument until the \\\n        return value does not evaluate to ``False``.\n    \n        :param method: callable(WebDriver)\n        :param message: optional message for :exc:`TimeoutException`\n        :returns: the result of the last call to `method`\n        :raises: :exc:`selenium.common.exceptions.TimeoutException` if timeout occurs\n        \"\"\"\n        screen = None\n        stacktrace = None\n    \n        end_time = time.monotonic() + self._timeout\n        while True:\n            try:\n                value = method(self._driver)\n                if value:\n                    return value\n            except self._ignored_exceptions as exc:\n                screen = getattr(exc, \"screen\", None)\n                stacktrace = getattr(exc, \"stacktrace\", None)\n            if time.monotonic() > end_time:\n                break\n            time.sleep(self._poll)\n>       raise TimeoutException(message, screen, stacktrace)\nE       selenium.common.exceptions.TimeoutException: Message: \nE       Stacktrace:\nE       #0 0x5630ca3c2a1a <unknown>\nE       #1 0x5630c9e7a390 <unknown>\nE       #2 0x5630c9ecbc85 <unknown>\nE       #3 0x5630c9ecbeb1 <unknown>\nE       #4 0x5630c9f1ad64 <unknown>\nE       #5 0x5630c9ef1bfd <unknown>\nE       #6 0x5630c9f1807b <unknown>\nE       #7 0x5630c9ef19a3 <unknown>\nE       #8 0x5630c9ebd60e <unknown>\nE       #9 0x5630c9ebedd1 <unknown>\nE       #10 0x5630ca388ddb <unknown>\nE       #11 0x5630ca38ccbc <unknown>\nE       #12 0x5630ca370392 <unknown>\nE       #13 0x5630ca38d834 <unknown>\nE       #14 0x5630ca3541ef <unknown>\nE       #15 0x5630ca3b1038 <unknown>\nE       #16 0x5630ca3b1216 <unknown>\nE       #17 0x5630ca3c1896 <unknown>\nE       #18 0x7f7a4469caa4 <unknown>\nE       #19 0x7f7a44729c3c <unknown>\n\n/opt/hostedtoolcache/Python/3.12.5/x64/lib/python3.12/site-packages/selenium/webdriver/support/wait.py:105: TimeoutException","flaky":false,"newFailed":false,"newBroken":true,"newPassed":false,"retriesCount":0,"retriesStatusChange":false,"beforeStages":[{"name":"driver","time":{"start":1742441007829,"stop":1742441008148,"duration":319},"status":"passed","steps":[],"attachments":[],"parameters":[],"shouldDisplayMessage":false,"stepsCount":0,"attachmentsCount":0,"hasContent":false,"attachmentStep":false},{"name":"setup","time":{"start":1742441008148,"stop":1742441008148,"duration":0},"status":"passed","steps":[],"attachments":[],"parameters":[],"shouldDisplayMessage":false,"stepsCount":0,"attachmentsCount":0,"hasContent":false,"attachmentStep":false}],"testStage":{"status":"broken","statusMessage":"selenium.common.exceptions.TimeoutException: Message: \nStacktrace:\n#0 0x5630ca3c2a1a <unknown>\n#1 0x5630c9e7a390 <unknown>\n#2 0x5630c9ecbc85 <unknown>\n#3 0x5630c9ecbeb1 <unknown>\n#4 0x5630c9f1ad64 <unknown>\n#5 0x5630c9ef1bfd <unknown>\n#6 0x5630c9f1807b <unknown>\n#7 0x5630c9ef19a3 <unknown>\n#8 0x5630c9ebd60e <unknown>\n#9 0x5630c9ebedd1 <unknown>\n#10 0x5630ca388ddb <unknown>\n#11 0x5630ca38ccbc <unknown>\n#12 0x5630ca370392 <unknown>\n#13 0x5630ca38d834 <unknown>\n#14 0x5630ca3541ef <unknown>\n#15 0x5630ca3b1038 <unknown>\n#16 0x5630ca3b1216 <unknown>\n#17 0x5630ca3c1896 <unknown>\n#18 0x7f7a4469caa4 <unknown>\n#19 0x7f7a44729c3c <unknown>","statusTrace":"self = <tests.regression_ui.test_ui_regression.TestUIRegression object at 0x7fecb6c72540>\ndriver = <selenium.webdriver.chrome.webdriver.WebDriver (session=\"4a2ca7686655ddebfe702859e2fb84c8\")>\n\n    @pytest.mark.TC000\n    @pytest.mark.TC005\n    @allure.title('Drag and drop card from one list to another')\n    def test_drag_n_drop_card(self, driver):\n        time.sleep(7)\n        with allure.step('Log in to Trello account'):\n            self.test_login(driver)\n        with allure.step('Drag and drop card from one list to another list'):\n            WebDriverWait(driver, 10).until(EC.element_to_be_clickable((By.XPATH, self.SCC.Board.BOARD_TITLE))).click()\n>           WebDriverWait(driver, 10).until(EC.element_to_be_clickable((By.XPATH, self.SCC.Board.ADD_ANOTHER_LIST_BUTTON))).click()\n\ntests/regression_ui/test_ui_regression.py:171: \n_ _ _ _ _ _ _ _ _ _ _ _ _ _ _ _ _ _ _ _ _ _ _ _ _ _ _ _ _ _ _ _ _ _ _ _ _ _ _ _ \n\nself = <selenium.webdriver.support.wait.WebDriverWait (session=\"4a2ca7686655ddebfe702859e2fb84c8\")>\nmethod = <function element_to_be_clickable.<locals>._predicate at 0x7fecb6b9ef20>\nmessage = ''\n\n    def until(self, method: Callable[[D], Union[Literal[False], T]], message: str = \"\") -> T:\n        \"\"\"Calls the method provided with the driver as an argument until the \\\n        return value does not evaluate to ``False``.\n    \n        :param method: callable(WebDriver)\n        :param message: optional message for :exc:`TimeoutException`\n        :returns: the result of the last call to `method`\n        :raises: :exc:`selenium.common.exceptions.TimeoutException` if timeout occurs\n        \"\"\"\n        screen = None\n        stacktrace = None\n    \n        end_time = time.monotonic() + self._timeout\n        while True:\n            try:\n                value = method(self._driver)\n                if value:\n                    return value\n            except self._ignored_exceptions as exc:\n                screen = getattr(exc, \"screen\", None)\n                stacktrace = getattr(exc, \"stacktrace\", None)\n            if time.monotonic() > end_time:\n                break\n            time.sleep(self._poll)\n>       raise TimeoutException(message, screen, stacktrace)\nE       selenium.common.exceptions.TimeoutException: Message: \nE       Stacktrace:\nE       #0 0x5630ca3c2a1a <unknown>\nE       #1 0x5630c9e7a390 <unknown>\nE       #2 0x5630c9ecbc85 <unknown>\nE       #3 0x5630c9ecbeb1 <unknown>\nE       #4 0x5630c9f1ad64 <unknown>\nE       #5 0x5630c9ef1bfd <unknown>\nE       #6 0x5630c9f1807b <unknown>\nE       #7 0x5630c9ef19a3 <unknown>\nE       #8 0x5630c9ebd60e <unknown>\nE       #9 0x5630c9ebedd1 <unknown>\nE       #10 0x5630ca388ddb <unknown>\nE       #11 0x5630ca38ccbc <unknown>\nE       #12 0x5630ca370392 <unknown>\nE       #13 0x5630ca38d834 <unknown>\nE       #14 0x5630ca3541ef <unknown>\nE       #15 0x5630ca3b1038 <unknown>\nE       #16 0x5630ca3b1216 <unknown>\nE       #17 0x5630ca3c1896 <unknown>\nE       #18 0x7f7a4469caa4 <unknown>\nE       #19 0x7f7a44729c3c <unknown>\n\n/opt/hostedtoolcache/Python/3.12.5/x64/lib/python3.12/site-packages/selenium/webdriver/support/wait.py:105: TimeoutException","steps":[{"name":"Log in to Trello account","time":{"start":1742441015149,"stop":1742441020953,"duration":5804},"status":"passed","steps":[{"name":"Navigate to the Trello page and enter valid credentials (email, password, and 6-digits verification code)","time":{"start":1742441015149,"stop":1742441020953,"duration":5804},"status":"passed","steps":[],"attachments":[],"parameters":[],"shouldDisplayMessage":false,"stepsCount":0,"attachmentsCount":0,"hasContent":false,"attachmentStep":false}],"attachments":[],"parameters":[],"shouldDisplayMessage":false,"stepsCount":1,"attachmentsCount":0,"hasContent":true,"attachmentStep":false},{"name":"Drag and drop card from one list to another list","time":{"start":1742441020954,"stop":1742441031534,"duration":10580},"status":"broken","statusMessage":"selenium.common.exceptions.TimeoutException: Message: \nStacktrace:\n#0 0x5630ca3c2a1a <unknown>\n#1 0x5630c9e7a390 <unknown>\n#2 0x5630c9ecbc85 <unknown>\n#3 0x5630c9ecbeb1 <unknown>\n#4 0x5630c9f1ad64 <unknown>\n#5 0x5630c9ef1bfd <unknown>\n#6 0x5630c9f1807b <unknown>\n#7 0x5630c9ef19a3 <unknown>\n#8 0x5630c9ebd60e <unknown>\n#9 0x5630c9ebedd1 <unknown>\n#10 0x5630ca388ddb <unknown>\n#11 0x5630ca38ccbc <unknown>\n#12 0x5630ca370392 <unknown>\n#13 0x5630ca38d834 <unknown>\n#14 0x5630ca3541ef <unknown>\n#15 0x5630ca3b1038 <unknown>\n#16 0x5630ca3b1216 <unknown>\n#17 0x5630ca3c1896 <unknown>\n#18 0x7f7a4469caa4 <unknown>\n#19 0x7f7a44729c3c <unknown>\n\n","statusTrace":"  File \"/home/runner/work/pythonSelenium/pythonSelenium/tests/regression_ui/test_ui_regression.py\", line 171, in test_drag_n_drop_card\n    WebDriverWait(driver, 10).until(EC.element_to_be_clickable((By.XPATH, self.SCC.Board.ADD_ANOTHER_LIST_BUTTON))).click()\n    ^^^^^^^^^^^^^^^^^^^^^^^^^^^^^^^^^^^^^^^^^^^^^^^^^^^^^^^^^^^^^^^^^^^^^^^^^^^^^^^^^^^^^^^^^^^^^^^^^^^^^^^^^^^^^^^\n  File \"/opt/hostedtoolcache/Python/3.12.5/x64/lib/python3.12/site-packages/selenium/webdriver/support/wait.py\", line 105, in until\n    raise TimeoutException(message, screen, stacktrace)\n","steps":[],"attachments":[],"parameters":[],"shouldDisplayMessage":true,"stepsCount":0,"attachmentsCount":0,"hasContent":true,"attachmentStep":false}],"attachments":[],"parameters":[],"shouldDisplayMessage":true,"stepsCount":3,"attachmentsCount":0,"hasContent":true,"attachmentStep":false},"afterStages":[{"name":"driver::0","time":{"start":1742441031545,"stop":1742441031614,"duration":69},"status":"passed","steps":[],"attachments":[],"parameters":[],"shouldDisplayMessage":false,"stepsCount":0,"attachmentsCount":0,"hasContent":false,"attachmentStep":false}],"labels":[{"name":"tag","value":"TC005"},{"name":"tag","value":"TC000"},{"name":"parentSuite","value":"tests.regression_ui"},{"name":"suite","value":"test_ui_regression"},{"name":"subSuite","value":"TestUIRegression"},{"name":"host","value":"fv-az802-87"},{"name":"thread","value":"4054-MainThread"},{"name":"framework","value":"pytest"},{"name":"language","value":"cpython3"},{"name":"package","value":"tests.regression_ui.test_ui_regression"},{"name":"resultFormat","value":"allure2"}],"parameters":[],"links":[],"hidden":false,"retry":false,"extra":{"severity":"normal","retries":[],"categories":[{"name":"Test defects","matchedStatuses":[]}],"history":{"statistic":{"failed":6,"broken":28,"skipped":0,"passed":517,"unknown":0,"total":551},"items":[{"uid":"fd6d726b723e1bcf","status":"passed","time":{"start":1742431393254,"stop":1742431423670,"duration":30416}},{"uid":"e37205ad1494295d","status":"broken","statusDetails":"selenium.common.exceptions.NoSuchElementException: Message: no such element: Unable to locate element: {\"method\":\"xpath\",\"selector\":\"//*[contains(text(), 'new_card')]\"}\n  (Session info: chrome=134.0.6998.117); For documentation on this error, please visit: https://www.selenium.dev/documentation/webdriver/troubleshooting/errors#no-such-element-exception\nStacktrace:\n#0 0x56327f567a1a <unknown>\n#1 0x56327f01f390 <unknown>\n#2 0x56327f070c85 <unknown>\n#3 0x56327f070eb1 <unknown>\n#4 0x56327f0bfd64 <unknown>\n#5 0x56327f096bfd <unknown>\n#6 0x56327f0bd07b <unknown>\n#7 0x56327f0969a3 <unknown>\n#8 0x56327f06260e <unknown>\n#9 0x56327f063dd1 <unknown>\n#10 0x56327f52dddb <unknown>\n#11 0x56327f531cbc <unknown>\n#12 0x56327f515392 <unknown>\n#13 0x56327f532834 <unknown>\n#14 0x56327f4f91ef <unknown>\n#15 0x56327f556038 <unknown>\n#16 0x56327f556216 <unknown>\n#17 0x56327f566896 <unknown>\n#18 0x7fa2dda9caa4 <unknown>\n#19 0x7fa2ddb29c3c <unknown>","time":{"start":1742418883247,"stop":1742418900678,"duration":17431}},{"uid":"16154b789501acce","status":"passed","time":{"start":1742408053373,"stop":1742408082568,"duration":29195}},{"uid":"37861637d238baca","status":"broken","statusDetails":"selenium.common.exceptions.TimeoutException: Message: \nStacktrace:\n#0 0x556e3416fa1a <unknown>\n#1 0x556e33c27390 <unknown>\n#2 0x556e33c78c85 <unknown>\n#3 0x556e33c78eb1 <unknown>\n#4 0x556e33cc7d64 <unknown>\n#5 0x556e33c9ebfd <unknown>\n#6 0x556e33cc507b <unknown>\n#7 0x556e33c9e9a3 <unknown>\n#8 0x556e33c6a60e <unknown>\n#9 0x556e33c6bdd1 <unknown>\n#10 0x556e34135ddb <unknown>\n#11 0x556e34139cbc <unknown>\n#12 0x556e3411d392 <unknown>\n#13 0x556e3413a834 <unknown>\n#14 0x556e341011ef <unknown>\n#15 0x556e3415e038 <unknown>\n#16 0x556e3415e216 <unknown>\n#17 0x556e3416e896 <unknown>\n#18 0x7fc8aca9caa4 <unknown>\n#19 0x7fc8acb29c3c <unknown>","time":{"start":1742397070305,"stop":1742397093518,"duration":23213}},{"uid":"fc1cefac696c176e","status":"broken","statusDetails":"selenium.common.exceptions.TimeoutException: Message: \nStacktrace:\n#0 0x55803069a46a <unknown>\n#1 0x558030153ed0 <unknown>\n#2 0x5580301a5935 <unknown>\n#3 0x5580301a5b61 <unknown>\n#4 0x5580301f49d4 <unknown>\n#5 0x5580301cb88d <unknown>\n#6 0x5580301f1ceb <unknown>\n#7 0x5580301cb633 <unknown>\n#8 0x5580301971be <unknown>\n#9 0x558030198981 <unknown>\n#10 0x55803066086b <unknown>\n#11 0x55803066473c <unknown>\n#12 0x558030647f12 <unknown>\n#13 0x5580306652b4 <unknown>\n#14 0x55803062c0af <unknown>\n#15 0x558030688ad8 <unknown>\n#16 0x558030688cb6 <unknown>\n#17 0x5580306992e6 <unknown>\n#18 0x7fc0ea29caa4 <unknown>\n#19 0x7fc0ea329c3c <unknown>","time":{"start":1742386664583,"stop":1742386682203,"duration":17620}},{"uid":"89d161155cbdfa05","status":"broken","statusDetails":"selenium.common.exceptions.TimeoutException: Message: \nStacktrace:\n#0 0x56110cba146a <unknown>\n#1 0x56110c65aed0 <unknown>\n#2 0x56110c6ac935 <unknown>\n#3 0x56110c6acb61 <unknown>\n#4 0x56110c6fb9d4 <unknown>\n#5 0x56110c6d288d <unknown>\n#6 0x56110c6f8ceb <unknown>\n#7 0x56110c6d2633 <unknown>\n#8 0x56110c69e1be <unknown>\n#9 0x56110c69f981 <unknown>\n#10 0x56110cb6786b <unknown>\n#11 0x56110cb6b73c <unknown>\n#12 0x56110cb4ef12 <unknown>\n#13 0x56110cb6c2b4 <unknown>\n#14 0x56110cb330af <unknown>\n#15 0x56110cb8fad8 <unknown>\n#16 0x56110cb8fcb6 <unknown>\n#17 0x56110cba02e6 <unknown>\n#18 0x7f3b8ec9caa4 <unknown>\n#19 0x7f3b8ed29c3c <unknown>","time":{"start":1742375529346,"stop":1742375553502,"duration":24156}},{"uid":"82a82de054cc90f6","status":"broken","statusDetails":"selenium.common.exceptions.NoSuchElementException: Message: no such element: Unable to locate element: {\"method\":\"xpath\",\"selector\":\"//*[contains(text(), 'new_card')]\"}\n  (Session info: chrome=134.0.6998.88); For documentation on this error, please visit: https://www.selenium.dev/documentation/webdriver/troubleshooting/errors#no-such-element-exception\nStacktrace:\n#0 0x557ba750846a <unknown>\n#1 0x557ba6fc1ed0 <unknown>\n#2 0x557ba7013935 <unknown>\n#3 0x557ba7013b61 <unknown>\n#4 0x557ba70629d4 <unknown>\n#5 0x557ba703988d <unknown>\n#6 0x557ba705fceb <unknown>\n#7 0x557ba7039633 <unknown>\n#8 0x557ba70051be <unknown>\n#9 0x557ba7006981 <unknown>\n#10 0x557ba74ce86b <unknown>\n#11 0x557ba74d273c <unknown>\n#12 0x557ba74b5f12 <unknown>\n#13 0x557ba74d32b4 <unknown>\n#14 0x557ba749a0af <unknown>\n#15 0x557ba74f6ad8 <unknown>\n#16 0x557ba74f6cb6 <unknown>\n#17 0x557ba75072e6 <unknown>\n#18 0x7f781ba9caa4 <unknown>\n#19 0x7f781bb29c3c <unknown>","time":{"start":1742364974530,"stop":1742364992000,"duration":17470}},{"uid":"186a614613d8ea1","status":"broken","statusDetails":"selenium.common.exceptions.TimeoutException: Message: \nStacktrace:\n#0 0x55d48f4a346a <unknown>\n#1 0x55d48ef5ced0 <unknown>\n#2 0x55d48efae935 <unknown>\n#3 0x55d48efaeb61 <unknown>\n#4 0x55d48effd9d4 <unknown>\n#5 0x55d48efd488d <unknown>\n#6 0x55d48effaceb <unknown>\n#7 0x55d48efd4633 <unknown>\n#8 0x55d48efa01be <unknown>\n#9 0x55d48efa1981 <unknown>\n#10 0x55d48f46986b <unknown>\n#11 0x55d48f46d73c <unknown>\n#12 0x55d48f450f12 <unknown>\n#13 0x55d48f46e2b4 <unknown>\n#14 0x55d48f4350af <unknown>\n#15 0x55d48f491ad8 <unknown>\n#16 0x55d48f491cb6 <unknown>\n#17 0x55d48f4a22e6 <unknown>\n#18 0x7fda3629caa4 <unknown>\n#19 0x7fda36329c3c <unknown>","time":{"start":1742354695440,"stop":1742354718945,"duration":23505}},{"uid":"9b5bf8294d365136","status":"broken","statusDetails":"selenium.common.exceptions.TimeoutException: Message: \nStacktrace:\n#0 0x55e6be13846a <unknown>\n#1 0x55e6bdbf1ed0 <unknown>\n#2 0x55e6bdc43935 <unknown>\n#3 0x55e6bdc43b61 <unknown>\n#4 0x55e6bdc929d4 <unknown>\n#5 0x55e6bdc6988d <unknown>\n#6 0x55e6bdc8fceb <unknown>\n#7 0x55e6bdc69633 <unknown>\n#8 0x55e6bdc351be <unknown>\n#9 0x55e6bdc36981 <unknown>\n#10 0x55e6be0fe86b <unknown>\n#11 0x55e6be10273c <unknown>\n#12 0x55e6be0e5f12 <unknown>\n#13 0x55e6be1032b4 <unknown>\n#14 0x55e6be0ca0af <unknown>\n#15 0x55e6be126ad8 <unknown>\n#16 0x55e6be126cb6 <unknown>\n#17 0x55e6be1372e6 <unknown>\n#18 0x7fca2e49caa4 <unknown>\n#19 0x7fca2e529c3c <unknown>","time":{"start":1742345154139,"stop":1742345177779,"duration":23640}},{"uid":"f94d90de74f12fd8","status":"broken","statusDetails":"selenium.common.exceptions.NoSuchElementException: Message: no such element: Unable to locate element: {\"method\":\"xpath\",\"selector\":\"//*[contains(text(), 'new_card')]\"}\n  (Session info: chrome=134.0.6998.88); For documentation on this error, please visit: https://www.selenium.dev/documentation/webdriver/troubleshooting/errors#no-such-element-exception\nStacktrace:\n#0 0x555d24eca46a <unknown>\n#1 0x555d24983ed0 <unknown>\n#2 0x555d249d5935 <unknown>\n#3 0x555d249d5b61 <unknown>\n#4 0x555d24a249d4 <unknown>\n#5 0x555d249fb88d <unknown>\n#6 0x555d24a21ceb <unknown>\n#7 0x555d249fb633 <unknown>\n#8 0x555d249c71be <unknown>\n#9 0x555d249c8981 <unknown>\n#10 0x555d24e9086b <unknown>\n#11 0x555d24e9473c <unknown>\n#12 0x555d24e77f12 <unknown>\n#13 0x555d24e952b4 <unknown>\n#14 0x555d24e5c0af <unknown>\n#15 0x555d24eb8ad8 <unknown>\n#16 0x555d24eb8cb6 <unknown>\n#17 0x555d24ec92e6 <unknown>\n#18 0x7f2cf669caa4 <unknown>\n#19 0x7f2cf6729c3c <unknown>","time":{"start":1742332274893,"stop":1742332293434,"duration":18541}},{"uid":"865e8021c923ac99","status":"passed","time":{"start":1742321650739,"stop":1742321680880,"duration":30141}},{"uid":"5a1a95ba9bb374d0","status":"passed","time":{"start":1742310701515,"stop":1742310730706,"duration":29191}},{"uid":"d16e82df613c64f5","status":"passed","time":{"start":1742300349379,"stop":1742300379061,"duration":29682}},{"uid":"c32d277120f23e38","status":"passed","time":{"start":1742289193466,"stop":1742289223419,"duration":29953}},{"uid":"bbd9ab6edab2694a","status":"broken","statusDetails":"selenium.common.exceptions.NoSuchElementException: Message: no such element: Unable to locate element: {\"method\":\"xpath\",\"selector\":\"//*[contains(text(), 'new_card')]\"}\n  (Session info: chrome=134.0.6998.88); For documentation on this error, please visit: https://www.selenium.dev/documentation/webdriver/troubleshooting/errors#no-such-element-exception\nStacktrace:\n#0 0x562faca2b46a <unknown>\n#1 0x562fac4e4ed0 <unknown>\n#2 0x562fac536935 <unknown>\n#3 0x562fac536b61 <unknown>\n#4 0x562fac5859d4 <unknown>\n#5 0x562fac55c88d <unknown>\n#6 0x562fac582ceb <unknown>\n#7 0x562fac55c633 <unknown>\n#8 0x562fac5281be <unknown>\n#9 0x562fac529981 <unknown>\n#10 0x562fac9f186b <unknown>\n#11 0x562fac9f573c <unknown>\n#12 0x562fac9d8f12 <unknown>\n#13 0x562fac9f62b4 <unknown>\n#14 0x562fac9bd0af <unknown>\n#15 0x562faca19ad8 <unknown>\n#16 0x562faca19cb6 <unknown>\n#17 0x562faca2a2e6 <unknown>\n#18 0x7f3d1749caa4 <unknown>\n#19 0x7f3d17529c3c <unknown>","time":{"start":1742278513129,"stop":1742278530558,"duration":17429}},{"uid":"7dda7939487db0f9","status":"passed","time":{"start":1742268281342,"stop":1742268310356,"duration":29014}},{"uid":"bd609bd93769611e","status":"passed","time":{"start":1742258623363,"stop":1742258653248,"duration":29885}},{"uid":"17d38bbb41805939","status":"passed","time":{"start":1742245812683,"stop":1742245842826,"duration":30143}},{"uid":"e5f6ff025affb3aa","status":"passed","time":{"start":1742235252008,"stop":1742235281326,"duration":29318}},{"uid":"dec32b42bdc8a4f3","status":"passed","time":{"start":1742224272996,"stop":1742224302225,"duration":29229}}]},"tags":["TC005","TC000"]},"source":"901e7874ef3dc637.json","parameterValues":[]}