{"uid":"95f2a181ab34e485","name":"Drag and drop card from one list to another","fullName":"tests.regression_ui.test_ui_regression.TestUIRegression#test_drag_n_drop_card","historyId":"58c27d4ea8138de64fd4e105da17ea92","time":{"start":1743444879383,"stop":1743444896729,"duration":17346},"status":"broken","statusMessage":"selenium.common.exceptions.NoSuchElementException: Message: no such element: Unable to locate element: {\"method\":\"xpath\",\"selector\":\"//*[contains(text(), 'new_card')]\"}\n  (Session info: chrome=134.0.6998.165); For documentation on this error, please visit: https://www.selenium.dev/documentation/webdriver/troubleshooting/errors#no-such-element-exception\nStacktrace:\n#0 0x56342750bffa <unknown>\n#1 0x563426fca970 <unknown>\n#2 0x56342701c385 <unknown>\n#3 0x56342701c5b1 <unknown>\n#4 0x56342706b3c4 <unknown>\n#5 0x5634270422bd <unknown>\n#6 0x56342706870c <unknown>\n#7 0x563427042063 <unknown>\n#8 0x56342700e328 <unknown>\n#9 0x56342700f491 <unknown>\n#10 0x5634274d342b <unknown>\n#11 0x5634274d72ec <unknown>\n#12 0x5634274baa22 <unknown>\n#13 0x5634274d7e64 <unknown>\n#14 0x56342749ebef <unknown>\n#15 0x5634274fa558 <unknown>\n#16 0x5634274fa736 <unknown>\n#17 0x56342750ae76 <unknown>\n#18 0x7f86e009caa4 <unknown>\n#19 0x7f86e0129c3c <unknown>","statusTrace":"self = <tests.regression_ui.test_ui_regression.TestUIRegression object at 0x7fedf0e76240>\ndriver = <selenium.webdriver.chrome.webdriver.WebDriver (session=\"502626c0acabb7263a80ac5dd1525a23\")>\n\n    @pytest.mark.TC000\n    @pytest.mark.TC005\n    @allure.title('Drag and drop card from one list to another')\n    def test_drag_n_drop_card(self, driver):\n        time.sleep(7)\n        with allure.step('Log in to Trello account'):\n            self.test_login(driver)\n        with allure.step('Drag and drop card from one list to another list'):\n            WebDriverWait(driver, 10).until(EC.element_to_be_clickable((By.XPATH, self.SCC.Board.BOARD_TITLE))).click()\n            WebDriverWait(driver, 10).until(EC.element_to_be_clickable((By.XPATH, self.SCC.Board.ADD_ANOTHER_LIST_BUTTON))).click()\n            driver.find_element(By.XPATH, self.SCC.Board.ENTER_LIST_NAME_FIELD).send_keys('new_list_2')\n            driver.find_element(By.XPATH, self.SCC.Board.ADD_LIST_SUBMIT_BUTTON).click()\n            time.sleep(3)\n>           source_element = driver.find_element(By.XPATH, self.SCC.List.NEW_CARD_TITLE)\n\ntests/regression_ui/test_ui_regression.py:175: \n_ _ _ _ _ _ _ _ _ _ _ _ _ _ _ _ _ _ _ _ _ _ _ _ _ _ _ _ _ _ _ _ _ _ _ _ _ _ _ _ \n/opt/hostedtoolcache/Python/3.12.5/x64/lib/python3.12/site-packages/selenium/webdriver/remote/webdriver.py:770: in find_element\n    return self.execute(Command.FIND_ELEMENT, {\"using\": by, \"value\": value})[\"value\"]\n/opt/hostedtoolcache/Python/3.12.5/x64/lib/python3.12/site-packages/selenium/webdriver/remote/webdriver.py:384: in execute\n    self.error_handler.check_response(response)\n_ _ _ _ _ _ _ _ _ _ _ _ _ _ _ _ _ _ _ _ _ _ _ _ _ _ _ _ _ _ _ _ _ _ _ _ _ _ _ _ \n\nself = <selenium.webdriver.remote.errorhandler.ErrorHandler object at 0x7fedf0e79580>\nresponse = {'status': 404, 'value': '{\"value\":{\"error\":\"no such element\",\"message\":\"no such element: Unable to locate element: {\\...\\\\n#17 0x56342750ae76 \\\\u003Cunknown>\\\\n#18 0x7f86e009caa4 \\\\u003Cunknown>\\\\n#19 0x7f86e0129c3c \\\\u003Cunknown>\\\\n\"}}'}\n\n    def check_response(self, response: Dict[str, Any]) -> None:\n        \"\"\"Checks that a JSON response from the WebDriver does not have an\n        error.\n    \n        :Args:\n         - response - The JSON response from the WebDriver server as a dictionary\n           object.\n    \n        :Raises: If the response contains an error message.\n        \"\"\"\n        status = response.get(\"status\", None)\n        if not status or status == ErrorCode.SUCCESS:\n            return\n        value = None\n        message = response.get(\"message\", \"\")\n        screen: str = response.get(\"screen\", \"\")\n        stacktrace = None\n        if isinstance(status, int):\n            value_json = response.get(\"value\", None)\n            if value_json and isinstance(value_json, str):\n                import json\n    \n                try:\n                    value = json.loads(value_json)\n                    if len(value) == 1:\n                        value = value[\"value\"]\n                    status = value.get(\"error\", None)\n                    if not status:\n                        status = value.get(\"status\", ErrorCode.UNKNOWN_ERROR)\n                        message = value.get(\"value\") or value.get(\"message\")\n                        if not isinstance(message, str):\n                            value = message\n                            message = message.get(\"message\")\n                    else:\n                        message = value.get(\"message\", None)\n                except ValueError:\n                    pass\n    \n        exception_class: Type[WebDriverException]\n        e = ErrorCode()\n        error_codes = [item for item in dir(e) if not item.startswith(\"__\")]\n        for error_code in error_codes:\n            error_info = getattr(ErrorCode, error_code)\n            if isinstance(error_info, list) and status in error_info:\n                exception_class = getattr(ExceptionMapping, error_code, WebDriverException)\n                break\n        else:\n            exception_class = WebDriverException\n    \n        if not value:\n            value = response[\"value\"]\n        if isinstance(value, str):\n            raise exception_class(value)\n        if message == \"\" and \"message\" in value:\n            message = value[\"message\"]\n    \n        screen = None  # type: ignore[assignment]\n        if \"screen\" in value:\n            screen = value[\"screen\"]\n    \n        stacktrace = None\n        st_value = value.get(\"stackTrace\") or value.get(\"stacktrace\")\n        if st_value:\n            if isinstance(st_value, str):\n                stacktrace = st_value.split(\"\\n\")\n            else:\n                stacktrace = []\n                try:\n                    for frame in st_value:\n                        line = frame.get(\"lineNumber\", \"\")\n                        file = frame.get(\"fileName\", \"<anonymous>\")\n                        if line:\n                            file = f\"{file}:{line}\"\n                        meth = frame.get(\"methodName\", \"<anonymous>\")\n                        if \"className\" in frame:\n                            meth = f\"{frame['className']}.{meth}\"\n                        msg = \"    at %s (%s)\"\n                        msg = msg % (meth, file)\n                        stacktrace.append(msg)\n                except TypeError:\n                    pass\n        if exception_class == UnexpectedAlertPresentException:\n            alert_text = None\n            if \"data\" in value:\n                alert_text = value[\"data\"].get(\"text\")\n            elif \"alert\" in value:\n                alert_text = value[\"alert\"].get(\"text\")\n            raise exception_class(message, screen, stacktrace, alert_text)  # type: ignore[call-arg]  # mypy is not smart enough here\n>       raise exception_class(message, screen, stacktrace)\nE       selenium.common.exceptions.NoSuchElementException: Message: no such element: Unable to locate element: {\"method\":\"xpath\",\"selector\":\"//*[contains(text(), 'new_card')]\"}\nE         (Session info: chrome=134.0.6998.165); For documentation on this error, please visit: https://www.selenium.dev/documentation/webdriver/troubleshooting/errors#no-such-element-exception\nE       Stacktrace:\nE       #0 0x56342750bffa <unknown>\nE       #1 0x563426fca970 <unknown>\nE       #2 0x56342701c385 <unknown>\nE       #3 0x56342701c5b1 <unknown>\nE       #4 0x56342706b3c4 <unknown>\nE       #5 0x5634270422bd <unknown>\nE       #6 0x56342706870c <unknown>\nE       #7 0x563427042063 <unknown>\nE       #8 0x56342700e328 <unknown>\nE       #9 0x56342700f491 <unknown>\nE       #10 0x5634274d342b <unknown>\nE       #11 0x5634274d72ec <unknown>\nE       #12 0x5634274baa22 <unknown>\nE       #13 0x5634274d7e64 <unknown>\nE       #14 0x56342749ebef <unknown>\nE       #15 0x5634274fa558 <unknown>\nE       #16 0x5634274fa736 <unknown>\nE       #17 0x56342750ae76 <unknown>\nE       #18 0x7f86e009caa4 <unknown>\nE       #19 0x7f86e0129c3c <unknown>\n\n/opt/hostedtoolcache/Python/3.12.5/x64/lib/python3.12/site-packages/selenium/webdriver/remote/errorhandler.py:232: NoSuchElementException","flaky":false,"newFailed":false,"newBroken":false,"newPassed":false,"retriesCount":0,"retriesStatusChange":false,"beforeStages":[{"name":"driver","time":{"start":1743444879058,"stop":1743444879382,"duration":324},"status":"passed","steps":[],"attachments":[],"parameters":[],"shouldDisplayMessage":false,"stepsCount":0,"attachmentsCount":0,"hasContent":false,"attachmentStep":false},{"name":"setup","time":{"start":1743444879382,"stop":1743444879382,"duration":0},"status":"passed","steps":[],"attachments":[],"parameters":[],"shouldDisplayMessage":false,"stepsCount":0,"attachmentsCount":0,"hasContent":false,"attachmentStep":false}],"testStage":{"status":"broken","statusMessage":"selenium.common.exceptions.NoSuchElementException: Message: no such element: Unable to locate element: {\"method\":\"xpath\",\"selector\":\"//*[contains(text(), 'new_card')]\"}\n  (Session info: chrome=134.0.6998.165); For documentation on this error, please visit: https://www.selenium.dev/documentation/webdriver/troubleshooting/errors#no-such-element-exception\nStacktrace:\n#0 0x56342750bffa <unknown>\n#1 0x563426fca970 <unknown>\n#2 0x56342701c385 <unknown>\n#3 0x56342701c5b1 <unknown>\n#4 0x56342706b3c4 <unknown>\n#5 0x5634270422bd <unknown>\n#6 0x56342706870c <unknown>\n#7 0x563427042063 <unknown>\n#8 0x56342700e328 <unknown>\n#9 0x56342700f491 <unknown>\n#10 0x5634274d342b <unknown>\n#11 0x5634274d72ec <unknown>\n#12 0x5634274baa22 <unknown>\n#13 0x5634274d7e64 <unknown>\n#14 0x56342749ebef <unknown>\n#15 0x5634274fa558 <unknown>\n#16 0x5634274fa736 <unknown>\n#17 0x56342750ae76 <unknown>\n#18 0x7f86e009caa4 <unknown>\n#19 0x7f86e0129c3c <unknown>","statusTrace":"self = <tests.regression_ui.test_ui_regression.TestUIRegression object at 0x7fedf0e76240>\ndriver = <selenium.webdriver.chrome.webdriver.WebDriver (session=\"502626c0acabb7263a80ac5dd1525a23\")>\n\n    @pytest.mark.TC000\n    @pytest.mark.TC005\n    @allure.title('Drag and drop card from one list to another')\n    def test_drag_n_drop_card(self, driver):\n        time.sleep(7)\n        with allure.step('Log in to Trello account'):\n            self.test_login(driver)\n        with allure.step('Drag and drop card from one list to another list'):\n            WebDriverWait(driver, 10).until(EC.element_to_be_clickable((By.XPATH, self.SCC.Board.BOARD_TITLE))).click()\n            WebDriverWait(driver, 10).until(EC.element_to_be_clickable((By.XPATH, self.SCC.Board.ADD_ANOTHER_LIST_BUTTON))).click()\n            driver.find_element(By.XPATH, self.SCC.Board.ENTER_LIST_NAME_FIELD).send_keys('new_list_2')\n            driver.find_element(By.XPATH, self.SCC.Board.ADD_LIST_SUBMIT_BUTTON).click()\n            time.sleep(3)\n>           source_element = driver.find_element(By.XPATH, self.SCC.List.NEW_CARD_TITLE)\n\ntests/regression_ui/test_ui_regression.py:175: \n_ _ _ _ _ _ _ _ _ _ _ _ _ _ _ _ _ _ _ _ _ _ _ _ _ _ _ _ _ _ _ _ _ _ _ _ _ _ _ _ \n/opt/hostedtoolcache/Python/3.12.5/x64/lib/python3.12/site-packages/selenium/webdriver/remote/webdriver.py:770: in find_element\n    return self.execute(Command.FIND_ELEMENT, {\"using\": by, \"value\": value})[\"value\"]\n/opt/hostedtoolcache/Python/3.12.5/x64/lib/python3.12/site-packages/selenium/webdriver/remote/webdriver.py:384: in execute\n    self.error_handler.check_response(response)\n_ _ _ _ _ _ _ _ _ _ _ _ _ _ _ _ _ _ _ _ _ _ _ _ _ _ _ _ _ _ _ _ _ _ _ _ _ _ _ _ \n\nself = <selenium.webdriver.remote.errorhandler.ErrorHandler object at 0x7fedf0e79580>\nresponse = {'status': 404, 'value': '{\"value\":{\"error\":\"no such element\",\"message\":\"no such element: Unable to locate element: {\\...\\\\n#17 0x56342750ae76 \\\\u003Cunknown>\\\\n#18 0x7f86e009caa4 \\\\u003Cunknown>\\\\n#19 0x7f86e0129c3c \\\\u003Cunknown>\\\\n\"}}'}\n\n    def check_response(self, response: Dict[str, Any]) -> None:\n        \"\"\"Checks that a JSON response from the WebDriver does not have an\n        error.\n    \n        :Args:\n         - response - The JSON response from the WebDriver server as a dictionary\n           object.\n    \n        :Raises: If the response contains an error message.\n        \"\"\"\n        status = response.get(\"status\", None)\n        if not status or status == ErrorCode.SUCCESS:\n            return\n        value = None\n        message = response.get(\"message\", \"\")\n        screen: str = response.get(\"screen\", \"\")\n        stacktrace = None\n        if isinstance(status, int):\n            value_json = response.get(\"value\", None)\n            if value_json and isinstance(value_json, str):\n                import json\n    \n                try:\n                    value = json.loads(value_json)\n                    if len(value) == 1:\n                        value = value[\"value\"]\n                    status = value.get(\"error\", None)\n                    if not status:\n                        status = value.get(\"status\", ErrorCode.UNKNOWN_ERROR)\n                        message = value.get(\"value\") or value.get(\"message\")\n                        if not isinstance(message, str):\n                            value = message\n                            message = message.get(\"message\")\n                    else:\n                        message = value.get(\"message\", None)\n                except ValueError:\n                    pass\n    \n        exception_class: Type[WebDriverException]\n        e = ErrorCode()\n        error_codes = [item for item in dir(e) if not item.startswith(\"__\")]\n        for error_code in error_codes:\n            error_info = getattr(ErrorCode, error_code)\n            if isinstance(error_info, list) and status in error_info:\n                exception_class = getattr(ExceptionMapping, error_code, WebDriverException)\n                break\n        else:\n            exception_class = WebDriverException\n    \n        if not value:\n            value = response[\"value\"]\n        if isinstance(value, str):\n            raise exception_class(value)\n        if message == \"\" and \"message\" in value:\n            message = value[\"message\"]\n    \n        screen = None  # type: ignore[assignment]\n        if \"screen\" in value:\n            screen = value[\"screen\"]\n    \n        stacktrace = None\n        st_value = value.get(\"stackTrace\") or value.get(\"stacktrace\")\n        if st_value:\n            if isinstance(st_value, str):\n                stacktrace = st_value.split(\"\\n\")\n            else:\n                stacktrace = []\n                try:\n                    for frame in st_value:\n                        line = frame.get(\"lineNumber\", \"\")\n                        file = frame.get(\"fileName\", \"<anonymous>\")\n                        if line:\n                            file = f\"{file}:{line}\"\n                        meth = frame.get(\"methodName\", \"<anonymous>\")\n                        if \"className\" in frame:\n                            meth = f\"{frame['className']}.{meth}\"\n                        msg = \"    at %s (%s)\"\n                        msg = msg % (meth, file)\n                        stacktrace.append(msg)\n                except TypeError:\n                    pass\n        if exception_class == UnexpectedAlertPresentException:\n            alert_text = None\n            if \"data\" in value:\n                alert_text = value[\"data\"].get(\"text\")\n            elif \"alert\" in value:\n                alert_text = value[\"alert\"].get(\"text\")\n            raise exception_class(message, screen, stacktrace, alert_text)  # type: ignore[call-arg]  # mypy is not smart enough here\n>       raise exception_class(message, screen, stacktrace)\nE       selenium.common.exceptions.NoSuchElementException: Message: no such element: Unable to locate element: {\"method\":\"xpath\",\"selector\":\"//*[contains(text(), 'new_card')]\"}\nE         (Session info: chrome=134.0.6998.165); For documentation on this error, please visit: https://www.selenium.dev/documentation/webdriver/troubleshooting/errors#no-such-element-exception\nE       Stacktrace:\nE       #0 0x56342750bffa <unknown>\nE       #1 0x563426fca970 <unknown>\nE       #2 0x56342701c385 <unknown>\nE       #3 0x56342701c5b1 <unknown>\nE       #4 0x56342706b3c4 <unknown>\nE       #5 0x5634270422bd <unknown>\nE       #6 0x56342706870c <unknown>\nE       #7 0x563427042063 <unknown>\nE       #8 0x56342700e328 <unknown>\nE       #9 0x56342700f491 <unknown>\nE       #10 0x5634274d342b <unknown>\nE       #11 0x5634274d72ec <unknown>\nE       #12 0x5634274baa22 <unknown>\nE       #13 0x5634274d7e64 <unknown>\nE       #14 0x56342749ebef <unknown>\nE       #15 0x5634274fa558 <unknown>\nE       #16 0x5634274fa736 <unknown>\nE       #17 0x56342750ae76 <unknown>\nE       #18 0x7f86e009caa4 <unknown>\nE       #19 0x7f86e0129c3c <unknown>\n\n/opt/hostedtoolcache/Python/3.12.5/x64/lib/python3.12/site-packages/selenium/webdriver/remote/errorhandler.py:232: NoSuchElementException","steps":[{"name":"Log in to Trello account","time":{"start":1743444886383,"stop":1743444892405,"duration":6022},"status":"passed","steps":[{"name":"Navigate to the Trello page and enter valid credentials (email, password, and 6-digits verification code)","time":{"start":1743444886383,"stop":1743444892405,"duration":6022},"status":"passed","steps":[],"attachments":[],"parameters":[],"shouldDisplayMessage":false,"stepsCount":0,"attachmentsCount":0,"hasContent":false,"attachmentStep":false}],"attachments":[],"parameters":[],"shouldDisplayMessage":false,"stepsCount":1,"attachmentsCount":0,"hasContent":true,"attachmentStep":false},{"name":"Drag and drop card from one list to another list","time":{"start":1743444892405,"stop":1743444896728,"duration":4323},"status":"broken","statusMessage":"selenium.common.exceptions.NoSuchElementException: Message: no such element: Unable to locate element: {\"method\":\"xpath\",\"selector\":\"//*[contains(text(), 'new_card')]\"}\n  (Session info: chrome=134.0.6998.165); For documentation on this error, please visit: https://www.selenium.dev/documentation/webdriver/troubleshooting/errors#no-such-element-exception\nStacktrace:\n#0 0x56342750bffa <unknown>\n#1 0x563426fca970 <unknown>\n#2 0x56342701c385 <unknown>\n#3 0x56342701c5b1 <unknown>\n#4 0x56342706b3c4 <unknown>\n#5 0x5634270422bd <unknown>\n#6 0x56342706870c <unknown>\n#7 0x563427042063 <unknown>\n#8 0x56342700e328 <unknown>\n#9 0x56342700f491 <unknown>\n#10 0x5634274d342b <unknown>\n#11 0x5634274d72ec <unknown>\n#12 0x5634274baa22 <unknown>\n#13 0x5634274d7e64 <unknown>\n#14 0x56342749ebef <unknown>\n#15 0x5634274fa558 <unknown>\n#16 0x5634274fa736 <unknown>\n#17 0x56342750ae76 <unknown>\n#18 0x7f86e009caa4 <unknown>\n#19 0x7f86e0129c3c <unknown>\n\n","statusTrace":"  File \"/home/runner/work/pythonSelenium/pythonSelenium/tests/regression_ui/test_ui_regression.py\", line 175, in test_drag_n_drop_card\n    source_element = driver.find_element(By.XPATH, self.SCC.List.NEW_CARD_TITLE)\n                     ^^^^^^^^^^^^^^^^^^^^^^^^^^^^^^^^^^^^^^^^^^^^^^^^^^^^^^^^^^^\n  File \"/opt/hostedtoolcache/Python/3.12.5/x64/lib/python3.12/site-packages/selenium/webdriver/remote/webdriver.py\", line 770, in find_element\n    return self.execute(Command.FIND_ELEMENT, {\"using\": by, \"value\": value})[\"value\"]\n           ^^^^^^^^^^^^^^^^^^^^^^^^^^^^^^^^^^^^^^^^^^^^^^^^^^^^^^^^^^^^^^^^^\n  File \"/opt/hostedtoolcache/Python/3.12.5/x64/lib/python3.12/site-packages/selenium/webdriver/remote/webdriver.py\", line 384, in execute\n    self.error_handler.check_response(response)\n  File \"/opt/hostedtoolcache/Python/3.12.5/x64/lib/python3.12/site-packages/selenium/webdriver/remote/errorhandler.py\", line 232, in check_response\n    raise exception_class(message, screen, stacktrace)\n","steps":[],"attachments":[],"parameters":[],"shouldDisplayMessage":true,"stepsCount":0,"attachmentsCount":0,"hasContent":true,"attachmentStep":false}],"attachments":[],"parameters":[],"shouldDisplayMessage":true,"stepsCount":3,"attachmentsCount":0,"hasContent":true,"attachmentStep":false},"afterStages":[{"name":"driver::0","time":{"start":1743444896758,"stop":1743444896830,"duration":72},"status":"passed","steps":[],"attachments":[],"parameters":[],"shouldDisplayMessage":false,"stepsCount":0,"attachmentsCount":0,"hasContent":false,"attachmentStep":false}],"labels":[{"name":"tag","value":"TC005"},{"name":"tag","value":"TC000"},{"name":"parentSuite","value":"tests.regression_ui"},{"name":"suite","value":"test_ui_regression"},{"name":"subSuite","value":"TestUIRegression"},{"name":"host","value":"fv-az1326-441"},{"name":"thread","value":"3271-MainThread"},{"name":"framework","value":"pytest"},{"name":"language","value":"cpython3"},{"name":"package","value":"tests.regression_ui.test_ui_regression"},{"name":"resultFormat","value":"allure2"}],"parameters":[],"links":[],"hidden":false,"retry":false,"extra":{"severity":"normal","retries":[],"categories":[{"name":"Test defects","matchedStatuses":[]}],"history":{"statistic":{"failed":6,"broken":71,"skipped":0,"passed":567,"unknown":0,"total":644},"items":[{"uid":"af9e74e0d329d095","status":"broken","statusDetails":"selenium.common.exceptions.NoSuchElementException: Message: no such element: Unable to locate element: {\"method\":\"xpath\",\"selector\":\"//*[contains(text(), 'new_card')]\"}\n  (Session info: chrome=134.0.6998.165); For documentation on this error, please visit: https://www.selenium.dev/documentation/webdriver/troubleshooting/errors#no-such-element-exception\nStacktrace:\n#0 0x56471668fffa <unknown>\n#1 0x56471614e970 <unknown>\n#2 0x5647161a0385 <unknown>\n#3 0x5647161a05b1 <unknown>\n#4 0x5647161ef3c4 <unknown>\n#5 0x5647161c62bd <unknown>\n#6 0x5647161ec70c <unknown>\n#7 0x5647161c6063 <unknown>\n#8 0x564716192328 <unknown>\n#9 0x564716193491 <unknown>\n#10 0x56471665742b <unknown>\n#11 0x56471665b2ec <unknown>\n#12 0x56471663ea22 <unknown>\n#13 0x56471665be64 <unknown>\n#14 0x564716622bef <unknown>\n#15 0x56471667e558 <unknown>\n#16 0x56471667e736 <unknown>\n#17 0x56471668ee76 <unknown>\n#18 0x7f2fc649caa4 <unknown>\n#19 0x7f2fc6529c3c <unknown>","time":{"start":1743433901909,"stop":1743433919180,"duration":17271}},{"uid":"9ddcf2be07682ea7","status":"broken","statusDetails":"selenium.common.exceptions.TimeoutException: Message: \nStacktrace:\n#0 0x560bddb1cffa <unknown>\n#1 0x560bdd5db970 <unknown>\n#2 0x560bdd62d385 <unknown>\n#3 0x560bdd62d5b1 <unknown>\n#4 0x560bdd67c3c4 <unknown>\n#5 0x560bdd6532bd <unknown>\n#6 0x560bdd67970c <unknown>\n#7 0x560bdd653063 <unknown>\n#8 0x560bdd61f328 <unknown>\n#9 0x560bdd620491 <unknown>\n#10 0x560bddae442b <unknown>\n#11 0x560bddae82ec <unknown>\n#12 0x560bddacba22 <unknown>\n#13 0x560bddae8e64 <unknown>\n#14 0x560bddaafbef <unknown>\n#15 0x560bddb0b558 <unknown>\n#16 0x560bddb0b736 <unknown>\n#17 0x560bddb1be76 <unknown>\n#18 0x7f4e9349caa4 <unknown>\n#19 0x7f4e93529c3c <unknown>","time":{"start":1743423568859,"stop":1743423592004,"duration":23145}},{"uid":"6846af1384ca8df1","status":"broken","statusDetails":"selenium.common.exceptions.NoSuchElementException: Message: no such element: Unable to locate element: {\"method\":\"xpath\",\"selector\":\"//*[contains(text(), 'new_card')]\"}\n  (Session info: chrome=134.0.6998.165); For documentation on this error, please visit: https://www.selenium.dev/documentation/webdriver/troubleshooting/errors#no-such-element-exception\nStacktrace:\n#0 0x5638cc414a1a <unknown>\n#1 0x5638cbecc390 <unknown>\n#2 0x5638cbf1dc85 <unknown>\n#3 0x5638cbf1deb1 <unknown>\n#4 0x5638cbf6cd64 <unknown>\n#5 0x5638cbf43bfd <unknown>\n#6 0x5638cbf6a07b <unknown>\n#7 0x5638cbf439a3 <unknown>\n#8 0x5638cbf0f60e <unknown>\n#9 0x5638cbf10dd1 <unknown>\n#10 0x5638cc3daddb <unknown>\n#11 0x5638cc3decbc <unknown>\n#12 0x5638cc3c2392 <unknown>\n#13 0x5638cc3df834 <unknown>\n#14 0x5638cc3a61ef <unknown>\n#15 0x5638cc403038 <unknown>\n#16 0x5638cc403216 <unknown>\n#17 0x5638cc413896 <unknown>\n#18 0x7f976729caa4 <unknown>\n#19 0x7f9767329c3c <unknown>","time":{"start":1743412362364,"stop":1743412379577,"duration":17213}},{"uid":"ae179fe9f2be8153","status":"broken","statusDetails":"selenium.common.exceptions.TimeoutException: Message: \nStacktrace:\n#0 0x5639fc8f4ffa <unknown>\n#1 0x5639fc3b3970 <unknown>\n#2 0x5639fc405385 <unknown>\n#3 0x5639fc4055b1 <unknown>\n#4 0x5639fc4543c4 <unknown>\n#5 0x5639fc42b2bd <unknown>\n#6 0x5639fc45170c <unknown>\n#7 0x5639fc42b063 <unknown>\n#8 0x5639fc3f7328 <unknown>\n#9 0x5639fc3f8491 <unknown>\n#10 0x5639fc8bc42b <unknown>\n#11 0x5639fc8c02ec <unknown>\n#12 0x5639fc8a3a22 <unknown>\n#13 0x5639fc8c0e64 <unknown>\n#14 0x5639fc887bef <unknown>\n#15 0x5639fc8e3558 <unknown>\n#16 0x5639fc8e3736 <unknown>\n#17 0x5639fc8f3e76 <unknown>\n#18 0x7f91b549caa4 <unknown>\n#19 0x7f91b5529c3c <unknown>","time":{"start":1743401779689,"stop":1743401802857,"duration":23168}},{"uid":"1661294791a2f9fb","status":"broken","statusDetails":"selenium.common.exceptions.TimeoutException: Message: \nStacktrace:\n#0 0x5608ade4fa1a <unknown>\n#1 0x5608ad907390 <unknown>\n#2 0x5608ad958c85 <unknown>\n#3 0x5608ad958eb1 <unknown>\n#4 0x5608ad9a7d64 <unknown>\n#5 0x5608ad97ebfd <unknown>\n#6 0x5608ad9a507b <unknown>\n#7 0x5608ad97e9a3 <unknown>\n#8 0x5608ad94a60e <unknown>\n#9 0x5608ad94bdd1 <unknown>\n#10 0x5608ade15ddb <unknown>\n#11 0x5608ade19cbc <unknown>\n#12 0x5608addfd392 <unknown>\n#13 0x5608ade1a834 <unknown>\n#14 0x5608adde11ef <unknown>\n#15 0x5608ade3e038 <unknown>\n#16 0x5608ade3e216 <unknown>\n#17 0x5608ade4e896 <unknown>\n#18 0x7fbf0e29caa4 <unknown>\n#19 0x7fbf0e329c3c <unknown>","time":{"start":1743392001318,"stop":1743392025035,"duration":23717}},{"uid":"533733080a51a3c0","status":"broken","statusDetails":"selenium.common.exceptions.TimeoutException: Message: \nStacktrace:\n#0 0x562c423d5ffa <unknown>\n#1 0x562c41e94970 <unknown>\n#2 0x562c41ee6385 <unknown>\n#3 0x562c41ee65b1 <unknown>\n#4 0x562c41f353c4 <unknown>\n#5 0x562c41f0c2bd <unknown>\n#6 0x562c41f3270c <unknown>\n#7 0x562c41f0c063 <unknown>\n#8 0x562c41ed8328 <unknown>\n#9 0x562c41ed9491 <unknown>\n#10 0x562c4239d42b <unknown>\n#11 0x562c423a12ec <unknown>\n#12 0x562c42384a22 <unknown>\n#13 0x562c423a1e64 <unknown>\n#14 0x562c42368bef <unknown>\n#15 0x562c423c4558 <unknown>\n#16 0x562c423c4736 <unknown>\n#17 0x562c423d4e76 <unknown>\n#18 0x7fd40349caa4 <unknown>\n#19 0x7fd403529c3c <unknown>","time":{"start":1743382110882,"stop":1743382134191,"duration":23309}},{"uid":"b9997b9095c130d0","status":"broken","statusDetails":"selenium.common.exceptions.TimeoutException: Message: \nStacktrace:\n#0 0x55721da6dffa <unknown>\n#1 0x55721d52c970 <unknown>\n#2 0x55721d57e385 <unknown>\n#3 0x55721d57e5b1 <unknown>\n#4 0x55721d5cd3c4 <unknown>\n#5 0x55721d5a42bd <unknown>\n#6 0x55721d5ca70c <unknown>\n#7 0x55721d5a4063 <unknown>\n#8 0x55721d570328 <unknown>\n#9 0x55721d571491 <unknown>\n#10 0x55721da3542b <unknown>\n#11 0x55721da392ec <unknown>\n#12 0x55721da1ca22 <unknown>\n#13 0x55721da39e64 <unknown>\n#14 0x55721da00bef <unknown>\n#15 0x55721da5c558 <unknown>\n#16 0x55721da5c736 <unknown>\n#17 0x55721da6ce76 <unknown>\n#18 0x7f062fa9caa4 <unknown>\n#19 0x7f062fb29c3c <unknown>","time":{"start":1743369058246,"stop":1743369081974,"duration":23728}},{"uid":"b63347361f45c24d","status":"broken","statusDetails":"selenium.common.exceptions.NoSuchElementException: Message: no such element: Unable to locate element: {\"method\":\"xpath\",\"selector\":\"//*[contains(text(), 'new_card')]\"}\n  (Session info: chrome=134.0.6998.165); For documentation on this error, please visit: https://www.selenium.dev/documentation/webdriver/troubleshooting/errors#no-such-element-exception\nStacktrace:\n#0 0x563d755f7ffa <unknown>\n#1 0x563d750b6970 <unknown>\n#2 0x563d75108385 <unknown>\n#3 0x563d751085b1 <unknown>\n#4 0x563d751573c4 <unknown>\n#5 0x563d7512e2bd <unknown>\n#6 0x563d7515470c <unknown>\n#7 0x563d7512e063 <unknown>\n#8 0x563d750fa328 <unknown>\n#9 0x563d750fb491 <unknown>\n#10 0x563d755bf42b <unknown>\n#11 0x563d755c32ec <unknown>\n#12 0x563d755a6a22 <unknown>\n#13 0x563d755c3e64 <unknown>\n#14 0x563d7558abef <unknown>\n#15 0x563d755e6558 <unknown>\n#16 0x563d755e6736 <unknown>\n#17 0x563d755f6e76 <unknown>\n#18 0x7f7f54a9caa4 <unknown>\n#19 0x7f7f54b29c3c <unknown>","time":{"start":1743358359830,"stop":1743358377213,"duration":17383}},{"uid":"4830742b660d0ecc","status":"broken","statusDetails":"selenium.common.exceptions.NoSuchElementException: Message: no such element: Unable to locate element: {\"method\":\"xpath\",\"selector\":\"//*[contains(text(), 'new_card')]\"}\n  (Session info: chrome=134.0.6998.165); For documentation on this error, please visit: https://www.selenium.dev/documentation/webdriver/troubleshooting/errors#no-such-element-exception\nStacktrace:\n#0 0x5595fb99fffa <unknown>\n#1 0x5595fb45e970 <unknown>\n#2 0x5595fb4b0385 <unknown>\n#3 0x5595fb4b05b1 <unknown>\n#4 0x5595fb4ff3c4 <unknown>\n#5 0x5595fb4d62bd <unknown>\n#6 0x5595fb4fc70c <unknown>\n#7 0x5595fb4d6063 <unknown>\n#8 0x5595fb4a2328 <unknown>\n#9 0x5595fb4a3491 <unknown>\n#10 0x5595fb96742b <unknown>\n#11 0x5595fb96b2ec <unknown>\n#12 0x5595fb94ea22 <unknown>\n#13 0x5595fb96be64 <unknown>\n#14 0x5595fb932bef <unknown>\n#15 0x5595fb98e558 <unknown>\n#16 0x5595fb98e736 <unknown>\n#17 0x5595fb99ee76 <unknown>\n#18 0x7f907bc9caa4 <unknown>\n#19 0x7f907bd29c3c <unknown>","time":{"start":1743347409570,"stop":1743347426764,"duration":17194}},{"uid":"b25114cba722ba81","status":"broken","statusDetails":"selenium.common.exceptions.TimeoutException: Message: \nStacktrace:\n#0 0x55eeb568bffa <unknown>\n#1 0x55eeb514a970 <unknown>\n#2 0x55eeb519c385 <unknown>\n#3 0x55eeb519c5b1 <unknown>\n#4 0x55eeb51eb3c4 <unknown>\n#5 0x55eeb51c22bd <unknown>\n#6 0x55eeb51e870c <unknown>\n#7 0x55eeb51c2063 <unknown>\n#8 0x55eeb518e328 <unknown>\n#9 0x55eeb518f491 <unknown>\n#10 0x55eeb565342b <unknown>\n#11 0x55eeb56572ec <unknown>\n#12 0x55eeb563aa22 <unknown>\n#13 0x55eeb5657e64 <unknown>\n#14 0x55eeb561ebef <unknown>\n#15 0x55eeb567a558 <unknown>\n#16 0x55eeb567a736 <unknown>\n#17 0x55eeb568ae76 <unknown>\n#18 0x7fcb8ce9caa4 <unknown>\n#19 0x7fcb8cf29c3c <unknown>","time":{"start":1743337023273,"stop":1743337046507,"duration":23234}},{"uid":"6b3d3b2a7318ce90","status":"broken","statusDetails":"selenium.common.exceptions.NoSuchElementException: Message: no such element: Unable to locate element: {\"method\":\"xpath\",\"selector\":\"//*[contains(text(), 'new_card')]\"}\n  (Session info: chrome=134.0.6998.165); For documentation on this error, please visit: https://www.selenium.dev/documentation/webdriver/troubleshooting/errors#no-such-element-exception\nStacktrace:\n#0 0x55cfc4839a1a <unknown>\n#1 0x55cfc42f1390 <unknown>\n#2 0x55cfc4342c85 <unknown>\n#3 0x55cfc4342eb1 <unknown>\n#4 0x55cfc4391d64 <unknown>\n#5 0x55cfc4368bfd <unknown>\n#6 0x55cfc438f07b <unknown>\n#7 0x55cfc43689a3 <unknown>\n#8 0x55cfc433460e <unknown>\n#9 0x55cfc4335dd1 <unknown>\n#10 0x55cfc47ffddb <unknown>\n#11 0x55cfc4803cbc <unknown>\n#12 0x55cfc47e7392 <unknown>\n#13 0x55cfc4804834 <unknown>\n#14 0x55cfc47cb1ef <unknown>\n#15 0x55cfc4828038 <unknown>\n#16 0x55cfc4828216 <unknown>\n#17 0x55cfc4838896 <unknown>\n#18 0x7fad90c9caa4 <unknown>\n#19 0x7fad90d29c3c <unknown>","time":{"start":1743325842554,"stop":1743325859883,"duration":17329}},{"uid":"c6d06a892343f8f9","status":"broken","statusDetails":"selenium.common.exceptions.TimeoutException: Message: \nStacktrace:\n#0 0x56301bb5cffa <unknown>\n#1 0x56301b61b970 <unknown>\n#2 0x56301b66d385 <unknown>\n#3 0x56301b66d5b1 <unknown>\n#4 0x56301b6bc3c4 <unknown>\n#5 0x56301b6932bd <unknown>\n#6 0x56301b6b970c <unknown>\n#7 0x56301b693063 <unknown>\n#8 0x56301b65f328 <unknown>\n#9 0x56301b660491 <unknown>\n#10 0x56301bb2442b <unknown>\n#11 0x56301bb282ec <unknown>\n#12 0x56301bb0ba22 <unknown>\n#13 0x56301bb28e64 <unknown>\n#14 0x56301baefbef <unknown>\n#15 0x56301bb4b558 <unknown>\n#16 0x56301bb4b736 <unknown>\n#17 0x56301bb5be76 <unknown>\n#18 0x7f6f4449caa4 <unknown>\n#19 0x7f6f44529c3c <unknown>","time":{"start":1743315323077,"stop":1743315346283,"duration":23206}},{"uid":"2a282a3cafccafb6","status":"passed","time":{"start":1743305516065,"stop":1743305534686,"duration":18621}},{"uid":"999dbe055abedfc7","status":"broken","statusDetails":"selenium.common.exceptions.NoSuchElementException: Message: no such element: Unable to locate element: {\"method\":\"xpath\",\"selector\":\"//*[contains(text(), 'new_card')]\"}\n  (Session info: chrome=134.0.6998.165); For documentation on this error, please visit: https://www.selenium.dev/documentation/webdriver/troubleshooting/errors#no-such-element-exception\nStacktrace:\n#0 0x55900b6a1ffa <unknown>\n#1 0x55900b160970 <unknown>\n#2 0x55900b1b2385 <unknown>\n#3 0x55900b1b25b1 <unknown>\n#4 0x55900b2013c4 <unknown>\n#5 0x55900b1d82bd <unknown>\n#6 0x55900b1fe70c <unknown>\n#7 0x55900b1d8063 <unknown>\n#8 0x55900b1a4328 <unknown>\n#9 0x55900b1a5491 <unknown>\n#10 0x55900b66942b <unknown>\n#11 0x55900b66d2ec <unknown>\n#12 0x55900b650a22 <unknown>\n#13 0x55900b66de64 <unknown>\n#14 0x55900b634bef <unknown>\n#15 0x55900b690558 <unknown>\n#16 0x55900b690736 <unknown>\n#17 0x55900b6a0e76 <unknown>\n#18 0x7fd112a9caa4 <unknown>\n#19 0x7fd112b29c3c <unknown>","time":{"start":1743295725081,"stop":1743295742346,"duration":17265}},{"uid":"da142e873f3bf643","status":"broken","statusDetails":"selenium.common.exceptions.NoSuchElementException: Message: no such element: Unable to locate element: {\"method\":\"xpath\",\"selector\":\"//*[contains(text(), 'new_card')]\"}\n  (Session info: chrome=134.0.6998.165); For documentation on this error, please visit: https://www.selenium.dev/documentation/webdriver/troubleshooting/errors#no-such-element-exception\nStacktrace:\n#0 0x55b5e175fa1a <unknown>\n#1 0x55b5e1217390 <unknown>\n#2 0x55b5e1268c85 <unknown>\n#3 0x55b5e1268eb1 <unknown>\n#4 0x55b5e12b7d64 <unknown>\n#5 0x55b5e128ebfd <unknown>\n#6 0x55b5e12b507b <unknown>\n#7 0x55b5e128e9a3 <unknown>\n#8 0x55b5e125a60e <unknown>\n#9 0x55b5e125bdd1 <unknown>\n#10 0x55b5e1725ddb <unknown>\n#11 0x55b5e1729cbc <unknown>\n#12 0x55b5e170d392 <unknown>\n#13 0x55b5e172a834 <unknown>\n#14 0x55b5e16f11ef <unknown>\n#15 0x55b5e174e038 <unknown>\n#16 0x55b5e174e216 <unknown>\n#17 0x55b5e175e896 <unknown>\n#18 0x7ff515c9caa4 <unknown>\n#19 0x7ff515d29c3c <unknown>","time":{"start":1743282643127,"stop":1743282660305,"duration":17178}},{"uid":"6a7d638f6c86146d","status":"broken","statusDetails":"selenium.common.exceptions.TimeoutException: Message: \nStacktrace:\n#0 0x55613d903ffa <unknown>\n#1 0x55613d3c2970 <unknown>\n#2 0x55613d414385 <unknown>\n#3 0x55613d4145b1 <unknown>\n#4 0x55613d4633c4 <unknown>\n#5 0x55613d43a2bd <unknown>\n#6 0x55613d46070c <unknown>\n#7 0x55613d43a063 <unknown>\n#8 0x55613d406328 <unknown>\n#9 0x55613d407491 <unknown>\n#10 0x55613d8cb42b <unknown>\n#11 0x55613d8cf2ec <unknown>\n#12 0x55613d8b2a22 <unknown>\n#13 0x55613d8cfe64 <unknown>\n#14 0x55613d896bef <unknown>\n#15 0x55613d8f2558 <unknown>\n#16 0x55613d8f2736 <unknown>\n#17 0x55613d902e76 <unknown>\n#18 0x7f74dd09caa4 <unknown>\n#19 0x7f74dd129c3c <unknown>","time":{"start":1743271981478,"stop":1743272004864,"duration":23386}},{"uid":"6f25e10519636ed6","status":"passed","time":{"start":1743261058121,"stop":1743261076537,"duration":18416}},{"uid":"f4949044af5317e2","status":"broken","statusDetails":"selenium.common.exceptions.TimeoutException: Message: \nStacktrace:\n#0 0x562adc849ffa <unknown>\n#1 0x562adc308970 <unknown>\n#2 0x562adc35a385 <unknown>\n#3 0x562adc35a5b1 <unknown>\n#4 0x562adc3a93c4 <unknown>\n#5 0x562adc3802bd <unknown>\n#6 0x562adc3a670c <unknown>\n#7 0x562adc380063 <unknown>\n#8 0x562adc34c328 <unknown>\n#9 0x562adc34d491 <unknown>\n#10 0x562adc81142b <unknown>\n#11 0x562adc8152ec <unknown>\n#12 0x562adc7f8a22 <unknown>\n#13 0x562adc815e64 <unknown>\n#14 0x562adc7dcbef <unknown>\n#15 0x562adc838558 <unknown>\n#16 0x562adc838736 <unknown>\n#17 0x562adc848e76 <unknown>\n#18 0x7f522949caa4 <unknown>\n#19 0x7f5229529c3c <unknown>","time":{"start":1743250706126,"stop":1743250730429,"duration":24303}},{"uid":"2c331ff092b61bb4","status":"broken","statusDetails":"selenium.common.exceptions.TimeoutException: Message: \nStacktrace:\n#0 0x55c9b0a21ffa <unknown>\n#1 0x55c9b04e0970 <unknown>\n#2 0x55c9b0532385 <unknown>\n#3 0x55c9b05325b1 <unknown>\n#4 0x55c9b05813c4 <unknown>\n#5 0x55c9b05582bd <unknown>\n#6 0x55c9b057e70c <unknown>\n#7 0x55c9b0558063 <unknown>\n#8 0x55c9b0524328 <unknown>\n#9 0x55c9b0525491 <unknown>\n#10 0x55c9b09e942b <unknown>\n#11 0x55c9b09ed2ec <unknown>\n#12 0x55c9b09d0a22 <unknown>\n#13 0x55c9b09ede64 <unknown>\n#14 0x55c9b09b4bef <unknown>\n#15 0x55c9b0a10558 <unknown>\n#16 0x55c9b0a10736 <unknown>\n#17 0x55c9b0a20e76 <unknown>\n#18 0x7f37b669caa4 <unknown>\n#19 0x7f37b6729c3c <unknown>","time":{"start":1743239483024,"stop":1743239506245,"duration":23221}},{"uid":"b069c651ab7dbfa6","status":"broken","statusDetails":"selenium.common.exceptions.TimeoutException: Message: \nStacktrace:\n#0 0x561221ee8ffa <unknown>\n#1 0x5612219a7970 <unknown>\n#2 0x5612219f9385 <unknown>\n#3 0x5612219f95b1 <unknown>\n#4 0x561221a483c4 <unknown>\n#5 0x561221a1f2bd <unknown>\n#6 0x561221a4570c <unknown>\n#7 0x561221a1f063 <unknown>\n#8 0x5612219eb328 <unknown>\n#9 0x5612219ec491 <unknown>\n#10 0x561221eb042b <unknown>\n#11 0x561221eb42ec <unknown>\n#12 0x561221e97a22 <unknown>\n#13 0x561221eb4e64 <unknown>\n#14 0x561221e7bbef <unknown>\n#15 0x561221ed7558 <unknown>\n#16 0x561221ed7736 <unknown>\n#17 0x561221ee7e76 <unknown>\n#18 0x7f58f649caa4 <unknown>\n#19 0x7f58f6529c3c <unknown>","time":{"start":1743228839580,"stop":1743228862726,"duration":23146}}]},"tags":["TC005","TC000"]},"source":"95f2a181ab34e485.json","parameterValues":[]}