{"uid":"9682238df3586066","name":"Login Functionality","fullName":"tests.regression_ui.test_ui_regression.TestUIRegression#test_login","historyId":"40148fdc4e6f84528498feb65b445c77","time":{"start":1742386590256,"stop":1742386600928,"duration":10672},"status":"broken","statusMessage":"selenium.common.exceptions.TimeoutException: Message: \nStacktrace:\n#0 0x55a9ceea246a <unknown>\n#1 0x55a9ce95bed0 <unknown>\n#2 0x55a9ce9ad935 <unknown>\n#3 0x55a9ce9adb61 <unknown>\n#4 0x55a9ce9fc9d4 <unknown>\n#5 0x55a9ce9d388d <unknown>\n#6 0x55a9ce9f9ceb <unknown>\n#7 0x55a9ce9d3633 <unknown>\n#8 0x55a9ce99f1be <unknown>\n#9 0x55a9ce9a0981 <unknown>\n#10 0x55a9cee6886b <unknown>\n#11 0x55a9cee6c73c <unknown>\n#12 0x55a9cee4ff12 <unknown>\n#13 0x55a9cee6d2b4 <unknown>\n#14 0x55a9cee340af <unknown>\n#15 0x55a9cee90ad8 <unknown>\n#16 0x55a9cee90cb6 <unknown>\n#17 0x55a9ceea12e6 <unknown>\n#18 0x7f00ec89caa4 <unknown>\n#19 0x7f00ec929c3c <unknown>","statusTrace":"self = <tests.regression_ui.test_ui_regression.TestUIRegression object at 0x7f4c425ad280>\ndriver = <selenium.webdriver.chrome.webdriver.WebDriver (session=\"bcc2dc048c10d113f307a0ca52fec4f8\")>\n\n    @pytest.mark.TC000\n    @pytest.mark.TC001\n    @allure.title('Login Functionality')\n    def test_login(self, driver):\n        with allure.step('Navigate to the Trello page and enter valid credentials (email, password, and 6-digits verification code)'):\n            while True:\n                try:\n                    driver.get(self.SCC.URL_LOGIN)\n>                   el_user_name = WebDriverWait(driver, 10).until(EC.element_to_be_clickable(\n                        (By.XPATH, self.SCC.LoginPage.USER_NAME_FIELD)\n                    ))\n\ntests/regression_ui/test_ui_regression.py:62: \n_ _ _ _ _ _ _ _ _ _ _ _ _ _ _ _ _ _ _ _ _ _ _ _ _ _ _ _ _ _ _ _ _ _ _ _ _ _ _ _ \n\nself = <selenium.webdriver.support.wait.WebDriverWait (session=\"bcc2dc048c10d113f307a0ca52fec4f8\")>\nmethod = <function element_to_be_clickable.<locals>._predicate at 0x7f4c427ac720>\nmessage = ''\n\n    def until(self, method: Callable[[D], Union[Literal[False], T]], message: str = \"\") -> T:\n        \"\"\"Calls the method provided with the driver as an argument until the \\\n        return value does not evaluate to ``False``.\n    \n        :param method: callable(WebDriver)\n        :param message: optional message for :exc:`TimeoutException`\n        :returns: the result of the last call to `method`\n        :raises: :exc:`selenium.common.exceptions.TimeoutException` if timeout occurs\n        \"\"\"\n        screen = None\n        stacktrace = None\n    \n        end_time = time.monotonic() + self._timeout\n        while True:\n            try:\n                value = method(self._driver)\n                if value:\n                    return value\n            except self._ignored_exceptions as exc:\n                screen = getattr(exc, \"screen\", None)\n                stacktrace = getattr(exc, \"stacktrace\", None)\n            if time.monotonic() > end_time:\n                break\n            time.sleep(self._poll)\n>       raise TimeoutException(message, screen, stacktrace)\nE       selenium.common.exceptions.TimeoutException: Message: \nE       Stacktrace:\nE       #0 0x55a9ceea246a <unknown>\nE       #1 0x55a9ce95bed0 <unknown>\nE       #2 0x55a9ce9ad935 <unknown>\nE       #3 0x55a9ce9adb61 <unknown>\nE       #4 0x55a9ce9fc9d4 <unknown>\nE       #5 0x55a9ce9d388d <unknown>\nE       #6 0x55a9ce9f9ceb <unknown>\nE       #7 0x55a9ce9d3633 <unknown>\nE       #8 0x55a9ce99f1be <unknown>\nE       #9 0x55a9ce9a0981 <unknown>\nE       #10 0x55a9cee6886b <unknown>\nE       #11 0x55a9cee6c73c <unknown>\nE       #12 0x55a9cee4ff12 <unknown>\nE       #13 0x55a9cee6d2b4 <unknown>\nE       #14 0x55a9cee340af <unknown>\nE       #15 0x55a9cee90ad8 <unknown>\nE       #16 0x55a9cee90cb6 <unknown>\nE       #17 0x55a9ceea12e6 <unknown>\nE       #18 0x7f00ec89caa4 <unknown>\nE       #19 0x7f00ec929c3c <unknown>\n\n/opt/hostedtoolcache/Python/3.12.5/x64/lib/python3.12/site-packages/selenium/webdriver/support/wait.py:105: TimeoutException","flaky":false,"newFailed":false,"newBroken":true,"newPassed":false,"retriesCount":0,"retriesStatusChange":false,"beforeStages":[{"name":"driver","time":{"start":1742386588727,"stop":1742386590255,"duration":1528},"status":"passed","steps":[],"attachments":[],"parameters":[],"shouldDisplayMessage":false,"stepsCount":0,"attachmentsCount":0,"hasContent":false,"attachmentStep":false},{"name":"setup","time":{"start":1742386590255,"stop":1742386590255,"duration":0},"status":"passed","steps":[],"attachments":[],"parameters":[],"shouldDisplayMessage":false,"stepsCount":0,"attachmentsCount":0,"hasContent":false,"attachmentStep":false}],"testStage":{"status":"broken","statusMessage":"selenium.common.exceptions.TimeoutException: Message: \nStacktrace:\n#0 0x55a9ceea246a <unknown>\n#1 0x55a9ce95bed0 <unknown>\n#2 0x55a9ce9ad935 <unknown>\n#3 0x55a9ce9adb61 <unknown>\n#4 0x55a9ce9fc9d4 <unknown>\n#5 0x55a9ce9d388d <unknown>\n#6 0x55a9ce9f9ceb <unknown>\n#7 0x55a9ce9d3633 <unknown>\n#8 0x55a9ce99f1be <unknown>\n#9 0x55a9ce9a0981 <unknown>\n#10 0x55a9cee6886b <unknown>\n#11 0x55a9cee6c73c <unknown>\n#12 0x55a9cee4ff12 <unknown>\n#13 0x55a9cee6d2b4 <unknown>\n#14 0x55a9cee340af <unknown>\n#15 0x55a9cee90ad8 <unknown>\n#16 0x55a9cee90cb6 <unknown>\n#17 0x55a9ceea12e6 <unknown>\n#18 0x7f00ec89caa4 <unknown>\n#19 0x7f00ec929c3c <unknown>","statusTrace":"self = <tests.regression_ui.test_ui_regression.TestUIRegression object at 0x7f4c425ad280>\ndriver = <selenium.webdriver.chrome.webdriver.WebDriver (session=\"bcc2dc048c10d113f307a0ca52fec4f8\")>\n\n    @pytest.mark.TC000\n    @pytest.mark.TC001\n    @allure.title('Login Functionality')\n    def test_login(self, driver):\n        with allure.step('Navigate to the Trello page and enter valid credentials (email, password, and 6-digits verification code)'):\n            while True:\n                try:\n                    driver.get(self.SCC.URL_LOGIN)\n>                   el_user_name = WebDriverWait(driver, 10).until(EC.element_to_be_clickable(\n                        (By.XPATH, self.SCC.LoginPage.USER_NAME_FIELD)\n                    ))\n\ntests/regression_ui/test_ui_regression.py:62: \n_ _ _ _ _ _ _ _ _ _ _ _ _ _ _ _ _ _ _ _ _ _ _ _ _ _ _ _ _ _ _ _ _ _ _ _ _ _ _ _ \n\nself = <selenium.webdriver.support.wait.WebDriverWait (session=\"bcc2dc048c10d113f307a0ca52fec4f8\")>\nmethod = <function element_to_be_clickable.<locals>._predicate at 0x7f4c427ac720>\nmessage = ''\n\n    def until(self, method: Callable[[D], Union[Literal[False], T]], message: str = \"\") -> T:\n        \"\"\"Calls the method provided with the driver as an argument until the \\\n        return value does not evaluate to ``False``.\n    \n        :param method: callable(WebDriver)\n        :param message: optional message for :exc:`TimeoutException`\n        :returns: the result of the last call to `method`\n        :raises: :exc:`selenium.common.exceptions.TimeoutException` if timeout occurs\n        \"\"\"\n        screen = None\n        stacktrace = None\n    \n        end_time = time.monotonic() + self._timeout\n        while True:\n            try:\n                value = method(self._driver)\n                if value:\n                    return value\n            except self._ignored_exceptions as exc:\n                screen = getattr(exc, \"screen\", None)\n                stacktrace = getattr(exc, \"stacktrace\", None)\n            if time.monotonic() > end_time:\n                break\n            time.sleep(self._poll)\n>       raise TimeoutException(message, screen, stacktrace)\nE       selenium.common.exceptions.TimeoutException: Message: \nE       Stacktrace:\nE       #0 0x55a9ceea246a <unknown>\nE       #1 0x55a9ce95bed0 <unknown>\nE       #2 0x55a9ce9ad935 <unknown>\nE       #3 0x55a9ce9adb61 <unknown>\nE       #4 0x55a9ce9fc9d4 <unknown>\nE       #5 0x55a9ce9d388d <unknown>\nE       #6 0x55a9ce9f9ceb <unknown>\nE       #7 0x55a9ce9d3633 <unknown>\nE       #8 0x55a9ce99f1be <unknown>\nE       #9 0x55a9ce9a0981 <unknown>\nE       #10 0x55a9cee6886b <unknown>\nE       #11 0x55a9cee6c73c <unknown>\nE       #12 0x55a9cee4ff12 <unknown>\nE       #13 0x55a9cee6d2b4 <unknown>\nE       #14 0x55a9cee340af <unknown>\nE       #15 0x55a9cee90ad8 <unknown>\nE       #16 0x55a9cee90cb6 <unknown>\nE       #17 0x55a9ceea12e6 <unknown>\nE       #18 0x7f00ec89caa4 <unknown>\nE       #19 0x7f00ec929c3c <unknown>\n\n/opt/hostedtoolcache/Python/3.12.5/x64/lib/python3.12/site-packages/selenium/webdriver/support/wait.py:105: TimeoutException","steps":[{"name":"Navigate to the Trello page and enter valid credentials (email, password, and 6-digits verification code)","time":{"start":1742386590256,"stop":1742386600928,"duration":10672},"status":"broken","statusMessage":"selenium.common.exceptions.TimeoutException: Message: \nStacktrace:\n#0 0x55a9ceea246a <unknown>\n#1 0x55a9ce95bed0 <unknown>\n#2 0x55a9ce9ad935 <unknown>\n#3 0x55a9ce9adb61 <unknown>\n#4 0x55a9ce9fc9d4 <unknown>\n#5 0x55a9ce9d388d <unknown>\n#6 0x55a9ce9f9ceb <unknown>\n#7 0x55a9ce9d3633 <unknown>\n#8 0x55a9ce99f1be <unknown>\n#9 0x55a9ce9a0981 <unknown>\n#10 0x55a9cee6886b <unknown>\n#11 0x55a9cee6c73c <unknown>\n#12 0x55a9cee4ff12 <unknown>\n#13 0x55a9cee6d2b4 <unknown>\n#14 0x55a9cee340af <unknown>\n#15 0x55a9cee90ad8 <unknown>\n#16 0x55a9cee90cb6 <unknown>\n#17 0x55a9ceea12e6 <unknown>\n#18 0x7f00ec89caa4 <unknown>\n#19 0x7f00ec929c3c <unknown>\n\n","statusTrace":"  File \"/home/runner/work/pythonSelenium/pythonSelenium/tests/regression_ui/test_ui_regression.py\", line 62, in test_login\n    el_user_name = WebDriverWait(driver, 10).until(EC.element_to_be_clickable(\n                   ^^^^^^^^^^^^^^^^^^^^^^^^^^^^^^^^^^^^^^^^^^^^^^^^^^^^^^^^^^^\n  File \"/opt/hostedtoolcache/Python/3.12.5/x64/lib/python3.12/site-packages/selenium/webdriver/support/wait.py\", line 105, in until\n    raise TimeoutException(message, screen, stacktrace)\n","steps":[],"attachments":[],"parameters":[],"shouldDisplayMessage":true,"stepsCount":0,"attachmentsCount":0,"hasContent":true,"attachmentStep":false}],"attachments":[],"parameters":[],"shouldDisplayMessage":true,"stepsCount":1,"attachmentsCount":0,"hasContent":true,"attachmentStep":false},"afterStages":[{"name":"driver::0","time":{"start":1742386600962,"stop":1742386601038,"duration":76},"status":"passed","steps":[],"attachments":[],"parameters":[],"shouldDisplayMessage":false,"stepsCount":0,"attachmentsCount":0,"hasContent":false,"attachmentStep":false}],"labels":[{"name":"tag","value":"TC001"},{"name":"tag","value":"TC000"},{"name":"parentSuite","value":"tests.regression_ui"},{"name":"suite","value":"test_ui_regression"},{"name":"subSuite","value":"TestUIRegression"},{"name":"host","value":"fv-az1267-279"},{"name":"thread","value":"4131-MainThread"},{"name":"framework","value":"pytest"},{"name":"language","value":"cpython3"},{"name":"package","value":"tests.regression_ui.test_ui_regression"},{"name":"resultFormat","value":"allure2"}],"parameters":[],"links":[],"hidden":false,"retry":false,"extra":{"severity":"normal","retries":[],"categories":[{"name":"Test defects","matchedStatuses":[]}],"history":{"statistic":{"failed":0,"broken":9,"skipped":0,"passed":546,"unknown":0,"total":555},"items":[{"uid":"69a602be1ff8e22c","status":"passed","time":{"start":1742375442773,"stop":1742375449670,"duration":6897}},{"uid":"9e447ea2bc09507","status":"passed","time":{"start":1742364864746,"stop":1742364871308,"duration":6562}},{"uid":"3633d6d5a78324b4","status":"passed","time":{"start":1742354562176,"stop":1742354568139,"duration":5963}},{"uid":"205bf42e70153c02","status":"passed","time":{"start":1742344955009,"stop":1742344960982,"duration":5973}},{"uid":"bf313ad63e2b7877","status":"passed","time":{"start":1742332158557,"stop":1742332165658,"duration":7101}},{"uid":"2dd9f0e149338e62","status":"passed","time":{"start":1742321566798,"stop":1742321575743,"duration":8945}},{"uid":"b30e233aea1a47a2","status":"passed","time":{"start":1742310618954,"stop":1742310624935,"duration":5981}},{"uid":"2d37f3b65607db35","status":"passed","time":{"start":1742300269968,"stop":1742300276614,"duration":6646}},{"uid":"461c2b0173adccce","status":"passed","time":{"start":1742289091601,"stop":1742289098126,"duration":6525}},{"uid":"cba3fc76de946636","status":"passed","time":{"start":1742278404053,"stop":1742278410024,"duration":5971}},{"uid":"ee98bbe7fca4f53b","status":"passed","time":{"start":1742268193184,"stop":1742268199880,"duration":6696}},{"uid":"db6b8e2c31999540","status":"passed","time":{"start":1742258539015,"stop":1742258545556,"duration":6541}},{"uid":"5b4a8f8492c1aa2","status":"passed","time":{"start":1742245715869,"stop":1742245722425,"duration":6556}},{"uid":"70668c677c622404","status":"passed","time":{"start":1742235175297,"stop":1742235181386,"duration":6089}},{"uid":"9503e76c477da092","status":"passed","time":{"start":1742224179494,"stop":1742224185394,"duration":5900}},{"uid":"a01bb0adb5cf295","status":"passed","time":{"start":1742214029266,"stop":1742214036101,"duration":6835}},{"uid":"e18c688dcef627e4","status":"passed","time":{"start":1742202671884,"stop":1742202680203,"duration":8319}},{"uid":"66a8059ddc984024","status":"passed","time":{"start":1742192024474,"stop":1742192030435,"duration":5961}},{"uid":"c1739676045d1974","status":"broken","statusDetails":"selenium.common.exceptions.TimeoutException: Message: \nStacktrace:\n#0 0x563db6bf846a <unknown>\n#1 0x563db66b1ed0 <unknown>\n#2 0x563db6703935 <unknown>\n#3 0x563db6703b61 <unknown>\n#4 0x563db67529d4 <unknown>\n#5 0x563db672988d <unknown>\n#6 0x563db674fceb <unknown>\n#7 0x563db6729633 <unknown>\n#8 0x563db66f51be <unknown>\n#9 0x563db66f6981 <unknown>\n#10 0x563db6bbe86b <unknown>\n#11 0x563db6bc273c <unknown>\n#12 0x563db6ba5f12 <unknown>\n#13 0x563db6bc32b4 <unknown>\n#14 0x563db6b8a0af <unknown>\n#15 0x563db6be6ad8 <unknown>\n#16 0x563db6be6cb6 <unknown>\n#17 0x563db6bf72e6 <unknown>\n#18 0x7f04c609caa4 <unknown>\n#19 0x7f04c6129c3c <unknown>","time":{"start":1742181830532,"stop":1742181841257,"duration":10725}},{"uid":"a0c0ffbaa7c1bc7a","status":"passed","time":{"start":1742172299735,"stop":1742172306109,"duration":6374}}]},"tags":["TC001","TC000"]},"source":"9682238df3586066.json","parameterValues":[]}