{"uid":"989b7712834e7123","name":"Log out from Trello account","fullName":"tests.regression_ui.test_ui_regression.TestUIRegression#test_log_out","historyId":"9eddea92aa33bc4ffb54b4788932f508","time":{"start":1740561284824,"stop":1740561316939,"duration":32115},"status":"broken","statusMessage":"selenium.common.exceptions.TimeoutException: Message: \nStacktrace:\n#0 0x55a774e6a09a <unknown>\n#1 0x55a7749318b0 <unknown>\n#2 0x55a774982b99 <unknown>\n#3 0x55a774982d21 <unknown>\n#4 0x55a7749d1854 <unknown>\n#5 0x55a7749a89ad <unknown>\n#6 0x55a7749ceb8b <unknown>\n#7 0x55a7749a8753 <unknown>\n#8 0x55a77497438e <unknown>\n#9 0x55a774975b51 <unknown>\n#10 0x55a774e3376b <unknown>\n#11 0x55a774e376f2 <unknown>\n#12 0x55a774e1f8fc <unknown>\n#13 0x55a774e382e4 <unknown>\n#14 0x55a774e039cf <unknown>\n#15 0x55a774e58cd8 <unknown>\n#16 0x55a774e58eb6 <unknown>\n#17 0x55a774e68f16 <unknown>\n#18 0x7fb5af29caa4 <unknown>\n#19 0x7fb5af329c3c <unknown>","statusTrace":"self = <tests.regression_ui.test_ui_regression.TestUIRegression object at 0x7f3cbe0b2720>\ndriver = <selenium.webdriver.chrome.webdriver.WebDriver (session=\"971ab4bdb057615ef1484bdfdfc91df1\")>\n\n    @pytest.mark.TC000\n    @pytest.mark.TC010\n    @allure.title('Log out from Trello account')\n    def test_log_out(self, driver):\n        time.sleep(10)\n        with allure.step('Log in to Trello account'):\n            self.test_login(driver)\n    \n        with allure.step('Log out from Trello account'):\n            WebDriverWait(driver, 10).until(EC.element_to_be_clickable((By.XPATH, self.SCC.Account.ACCOUNT_MENU))).click()\n>           WebDriverWait(driver, 10).until(EC.element_to_be_clickable((By.XPATH, self.SCC.Account.LOG_OU_BUTTON))).click()\n\ntests/regression_ui/test_ui_regression.py:305: \n_ _ _ _ _ _ _ _ _ _ _ _ _ _ _ _ _ _ _ _ _ _ _ _ _ _ _ _ _ _ _ _ _ _ _ _ _ _ _ _ \n\nself = <selenium.webdriver.support.wait.WebDriverWait (session=\"971ab4bdb057615ef1484bdfdfc91df1\")>\nmethod = <function element_to_be_clickable.<locals>._predicate at 0x7f3cbdf7e7a0>\nmessage = ''\n\n    def until(self, method: Callable[[D], Union[Literal[False], T]], message: str = \"\") -> T:\n        \"\"\"Calls the method provided with the driver as an argument until the \\\n        return value does not evaluate to ``False``.\n    \n        :param method: callable(WebDriver)\n        :param message: optional message for :exc:`TimeoutException`\n        :returns: the result of the last call to `method`\n        :raises: :exc:`selenium.common.exceptions.TimeoutException` if timeout occurs\n        \"\"\"\n        screen = None\n        stacktrace = None\n    \n        end_time = time.monotonic() + self._timeout\n        while True:\n            try:\n                value = method(self._driver)\n                if value:\n                    return value\n            except self._ignored_exceptions as exc:\n                screen = getattr(exc, \"screen\", None)\n                stacktrace = getattr(exc, \"stacktrace\", None)\n            if time.monotonic() > end_time:\n                break\n            time.sleep(self._poll)\n>       raise TimeoutException(message, screen, stacktrace)\nE       selenium.common.exceptions.TimeoutException: Message: \nE       Stacktrace:\nE       #0 0x55a774e6a09a <unknown>\nE       #1 0x55a7749318b0 <unknown>\nE       #2 0x55a774982b99 <unknown>\nE       #3 0x55a774982d21 <unknown>\nE       #4 0x55a7749d1854 <unknown>\nE       #5 0x55a7749a89ad <unknown>\nE       #6 0x55a7749ceb8b <unknown>\nE       #7 0x55a7749a8753 <unknown>\nE       #8 0x55a77497438e <unknown>\nE       #9 0x55a774975b51 <unknown>\nE       #10 0x55a774e3376b <unknown>\nE       #11 0x55a774e376f2 <unknown>\nE       #12 0x55a774e1f8fc <unknown>\nE       #13 0x55a774e382e4 <unknown>\nE       #14 0x55a774e039cf <unknown>\nE       #15 0x55a774e58cd8 <unknown>\nE       #16 0x55a774e58eb6 <unknown>\nE       #17 0x55a774e68f16 <unknown>\nE       #18 0x7fb5af29caa4 <unknown>\nE       #19 0x7fb5af329c3c <unknown>\n\n/opt/hostedtoolcache/Python/3.12.5/x64/lib/python3.12/site-packages/selenium/webdriver/support/wait.py:105: TimeoutException","flaky":false,"newFailed":false,"newBroken":true,"newPassed":false,"retriesCount":0,"retriesStatusChange":false,"beforeStages":[{"name":"driver","time":{"start":1740561284498,"stop":1740561284824,"duration":326},"status":"passed","steps":[],"attachments":[],"parameters":[],"shouldDisplayMessage":false,"stepsCount":0,"attachmentsCount":0,"hasContent":false,"attachmentStep":false},{"name":"setup","time":{"start":1740561284824,"stop":1740561284824,"duration":0},"status":"passed","steps":[],"attachments":[],"parameters":[],"shouldDisplayMessage":false,"stepsCount":0,"attachmentsCount":0,"hasContent":false,"attachmentStep":false}],"testStage":{"status":"broken","statusMessage":"selenium.common.exceptions.TimeoutException: Message: \nStacktrace:\n#0 0x55a774e6a09a <unknown>\n#1 0x55a7749318b0 <unknown>\n#2 0x55a774982b99 <unknown>\n#3 0x55a774982d21 <unknown>\n#4 0x55a7749d1854 <unknown>\n#5 0x55a7749a89ad <unknown>\n#6 0x55a7749ceb8b <unknown>\n#7 0x55a7749a8753 <unknown>\n#8 0x55a77497438e <unknown>\n#9 0x55a774975b51 <unknown>\n#10 0x55a774e3376b <unknown>\n#11 0x55a774e376f2 <unknown>\n#12 0x55a774e1f8fc <unknown>\n#13 0x55a774e382e4 <unknown>\n#14 0x55a774e039cf <unknown>\n#15 0x55a774e58cd8 <unknown>\n#16 0x55a774e58eb6 <unknown>\n#17 0x55a774e68f16 <unknown>\n#18 0x7fb5af29caa4 <unknown>\n#19 0x7fb5af329c3c <unknown>","statusTrace":"self = <tests.regression_ui.test_ui_regression.TestUIRegression object at 0x7f3cbe0b2720>\ndriver = <selenium.webdriver.chrome.webdriver.WebDriver (session=\"971ab4bdb057615ef1484bdfdfc91df1\")>\n\n    @pytest.mark.TC000\n    @pytest.mark.TC010\n    @allure.title('Log out from Trello account')\n    def test_log_out(self, driver):\n        time.sleep(10)\n        with allure.step('Log in to Trello account'):\n            self.test_login(driver)\n    \n        with allure.step('Log out from Trello account'):\n            WebDriverWait(driver, 10).until(EC.element_to_be_clickable((By.XPATH, self.SCC.Account.ACCOUNT_MENU))).click()\n>           WebDriverWait(driver, 10).until(EC.element_to_be_clickable((By.XPATH, self.SCC.Account.LOG_OU_BUTTON))).click()\n\ntests/regression_ui/test_ui_regression.py:305: \n_ _ _ _ _ _ _ _ _ _ _ _ _ _ _ _ _ _ _ _ _ _ _ _ _ _ _ _ _ _ _ _ _ _ _ _ _ _ _ _ \n\nself = <selenium.webdriver.support.wait.WebDriverWait (session=\"971ab4bdb057615ef1484bdfdfc91df1\")>\nmethod = <function element_to_be_clickable.<locals>._predicate at 0x7f3cbdf7e7a0>\nmessage = ''\n\n    def until(self, method: Callable[[D], Union[Literal[False], T]], message: str = \"\") -> T:\n        \"\"\"Calls the method provided with the driver as an argument until the \\\n        return value does not evaluate to ``False``.\n    \n        :param method: callable(WebDriver)\n        :param message: optional message for :exc:`TimeoutException`\n        :returns: the result of the last call to `method`\n        :raises: :exc:`selenium.common.exceptions.TimeoutException` if timeout occurs\n        \"\"\"\n        screen = None\n        stacktrace = None\n    \n        end_time = time.monotonic() + self._timeout\n        while True:\n            try:\n                value = method(self._driver)\n                if value:\n                    return value\n            except self._ignored_exceptions as exc:\n                screen = getattr(exc, \"screen\", None)\n                stacktrace = getattr(exc, \"stacktrace\", None)\n            if time.monotonic() > end_time:\n                break\n            time.sleep(self._poll)\n>       raise TimeoutException(message, screen, stacktrace)\nE       selenium.common.exceptions.TimeoutException: Message: \nE       Stacktrace:\nE       #0 0x55a774e6a09a <unknown>\nE       #1 0x55a7749318b0 <unknown>\nE       #2 0x55a774982b99 <unknown>\nE       #3 0x55a774982d21 <unknown>\nE       #4 0x55a7749d1854 <unknown>\nE       #5 0x55a7749a89ad <unknown>\nE       #6 0x55a7749ceb8b <unknown>\nE       #7 0x55a7749a8753 <unknown>\nE       #8 0x55a77497438e <unknown>\nE       #9 0x55a774975b51 <unknown>\nE       #10 0x55a774e3376b <unknown>\nE       #11 0x55a774e376f2 <unknown>\nE       #12 0x55a774e1f8fc <unknown>\nE       #13 0x55a774e382e4 <unknown>\nE       #14 0x55a774e039cf <unknown>\nE       #15 0x55a774e58cd8 <unknown>\nE       #16 0x55a774e58eb6 <unknown>\nE       #17 0x55a774e68f16 <unknown>\nE       #18 0x7fb5af29caa4 <unknown>\nE       #19 0x7fb5af329c3c <unknown>\n\n/opt/hostedtoolcache/Python/3.12.5/x64/lib/python3.12/site-packages/selenium/webdriver/support/wait.py:105: TimeoutException","steps":[{"name":"Log in to Trello account","time":{"start":1740561294825,"stop":1740561306445,"duration":11620},"status":"passed","steps":[{"name":"Navigate to the Trello page and enter valid credentials (email, password, and 6-digits verification code)","time":{"start":1740561294825,"stop":1740561306445,"duration":11620},"status":"passed","steps":[],"attachments":[],"parameters":[],"shouldDisplayMessage":false,"stepsCount":0,"attachmentsCount":0,"hasContent":false,"attachmentStep":false}],"attachments":[],"parameters":[],"shouldDisplayMessage":false,"stepsCount":1,"attachmentsCount":0,"hasContent":true,"attachmentStep":false},{"name":"Log out from Trello account","time":{"start":1740561306445,"stop":1740561316938,"duration":10493},"status":"broken","statusMessage":"selenium.common.exceptions.TimeoutException: Message: \nStacktrace:\n#0 0x55a774e6a09a <unknown>\n#1 0x55a7749318b0 <unknown>\n#2 0x55a774982b99 <unknown>\n#3 0x55a774982d21 <unknown>\n#4 0x55a7749d1854 <unknown>\n#5 0x55a7749a89ad <unknown>\n#6 0x55a7749ceb8b <unknown>\n#7 0x55a7749a8753 <unknown>\n#8 0x55a77497438e <unknown>\n#9 0x55a774975b51 <unknown>\n#10 0x55a774e3376b <unknown>\n#11 0x55a774e376f2 <unknown>\n#12 0x55a774e1f8fc <unknown>\n#13 0x55a774e382e4 <unknown>\n#14 0x55a774e039cf <unknown>\n#15 0x55a774e58cd8 <unknown>\n#16 0x55a774e58eb6 <unknown>\n#17 0x55a774e68f16 <unknown>\n#18 0x7fb5af29caa4 <unknown>\n#19 0x7fb5af329c3c <unknown>\n\n","statusTrace":"  File \"/home/runner/work/pythonSelenium/pythonSelenium/tests/regression_ui/test_ui_regression.py\", line 305, in test_log_out\n    WebDriverWait(driver, 10).until(EC.element_to_be_clickable((By.XPATH, self.SCC.Account.LOG_OU_BUTTON))).click()\n    ^^^^^^^^^^^^^^^^^^^^^^^^^^^^^^^^^^^^^^^^^^^^^^^^^^^^^^^^^^^^^^^^^^^^^^^^^^^^^^^^^^^^^^^^^^^^^^^^^^^^^^^\n  File \"/opt/hostedtoolcache/Python/3.12.5/x64/lib/python3.12/site-packages/selenium/webdriver/support/wait.py\", line 105, in until\n    raise TimeoutException(message, screen, stacktrace)\n","steps":[],"attachments":[],"parameters":[],"shouldDisplayMessage":true,"stepsCount":0,"attachmentsCount":0,"hasContent":true,"attachmentStep":false}],"attachments":[],"parameters":[],"shouldDisplayMessage":true,"stepsCount":3,"attachmentsCount":0,"hasContent":true,"attachmentStep":false},"afterStages":[{"name":"driver::0","time":{"start":1740561316973,"stop":1740561317044,"duration":71},"status":"passed","steps":[],"attachments":[],"parameters":[],"shouldDisplayMessage":false,"stepsCount":0,"attachmentsCount":0,"hasContent":false,"attachmentStep":false}],"labels":[{"name":"tag","value":"TC010"},{"name":"tag","value":"TC000"},{"name":"parentSuite","value":"tests.regression_ui"},{"name":"suite","value":"test_ui_regression"},{"name":"subSuite","value":"TestUIRegression"},{"name":"host","value":"fv-az1912-370"},{"name":"thread","value":"4123-MainThread"},{"name":"framework","value":"pytest"},{"name":"language","value":"cpython3"},{"name":"package","value":"tests.regression_ui.test_ui_regression"},{"name":"resultFormat","value":"allure2"}],"parameters":[],"links":[],"hidden":false,"retry":false,"extra":{"severity":"normal","retries":[],"categories":[{"name":"Test defects","matchedStatuses":[],"flaky":false}],"history":{"statistic":{"failed":0,"broken":9,"skipped":0,"passed":352,"unknown":0,"total":361},"items":[{"uid":"8854c4bf74584e76","status":"passed","time":{"start":1740550668065,"stop":1740550688429,"duration":20364}},{"uid":"f16d5bcc40ba993f","status":"passed","time":{"start":1740540104193,"stop":1740540129121,"duration":24928}},{"uid":"f39204a1be380c10","status":"passed","time":{"start":1740530776765,"stop":1740530798472,"duration":21707}},{"uid":"1acb7f377ad769cf","status":"passed","time":{"start":1740517964333,"stop":1740517989900,"duration":25567}},{"uid":"847678b274da1324","status":"passed","time":{"start":1740507405140,"stop":1740507430347,"duration":25207}},{"uid":"ce4192d18059877","status":"passed","time":{"start":1740496425846,"stop":1740496450827,"duration":24981}},{"uid":"65a4b1de9a7be07e","status":"passed","time":{"start":1740486016436,"stop":1740486041472,"duration":25036}},{"uid":"733be35e3f03093b","status":"passed","time":{"start":1740474826594,"stop":1740474851416,"duration":24822}},{"uid":"4500848b4f53d5be","status":"passed","time":{"start":1740464265275,"stop":1740464290583,"duration":25308}},{"uid":"bf85e49ebeb6e05f","status":"passed","time":{"start":1740453707095,"stop":1740453727531,"duration":20436}},{"uid":"46f5ecf4e34b7113","status":"passed","time":{"start":1740444377700,"stop":1740444397125,"duration":19425}},{"uid":"baa14d3ee4d0ada","status":"passed","time":{"start":1740431507109,"stop":1740431526456,"duration":19347}},{"uid":"d7b7a053bfa078ef","status":"passed","time":{"start":1740420976643,"stop":1740421001580,"duration":24937}},{"uid":"29cb78becac55b7e","status":"passed","time":{"start":1740410061248,"stop":1740410082658,"duration":21410}},{"uid":"d54d25c977f57298","status":"passed","time":{"start":1740399704337,"stop":1740399729295,"duration":24958}},{"uid":"b94fab1be78a3ad3","status":"passed","time":{"start":1740388487463,"stop":1740388507559,"duration":20096}},{"uid":"1830177e1ca56ded","status":"passed","time":{"start":1740377839781,"stop":1740377859080,"duration":19299}},{"uid":"67481fdbfe8462e7","status":"passed","time":{"start":1740367367741,"stop":1740367386970,"duration":19229}},{"uid":"7f774dc93d0edf25","status":"passed","time":{"start":1740358157223,"stop":1740358176586,"duration":19363}},{"uid":"e3a5724329aa2df4","status":"passed","time":{"start":1740345077447,"stop":1740345098688,"duration":21241}}]},"tags":["TC010","TC000"]},"source":"989b7712834e7123.json","parameterValues":[]}