{"uid":"a05409d88a43abeb","name":"Board Creation","fullName":"tests.regression_ui.test_ui_regression.TestUIRegression#test_board_creation","historyId":"7a20b967a411d7d4449c81c8bbcd2d3a","time":{"start":1742181841673,"stop":1742181862299,"duration":20626},"status":"broken","statusMessage":"selenium.common.exceptions.TimeoutException: Message: \nStacktrace:\n#0 0x55abe1ccf46a <unknown>\n#1 0x55abe1788ed0 <unknown>\n#2 0x55abe17da935 <unknown>\n#3 0x55abe17dab61 <unknown>\n#4 0x55abe18299d4 <unknown>\n#5 0x55abe180088d <unknown>\n#6 0x55abe1826ceb <unknown>\n#7 0x55abe1800633 <unknown>\n#8 0x55abe17cc1be <unknown>\n#9 0x55abe17cd981 <unknown>\n#10 0x55abe1c9586b <unknown>\n#11 0x55abe1c9973c <unknown>\n#12 0x55abe1c7cf12 <unknown>\n#13 0x55abe1c9a2b4 <unknown>\n#14 0x55abe1c610af <unknown>\n#15 0x55abe1cbdad8 <unknown>\n#16 0x55abe1cbdcb6 <unknown>\n#17 0x55abe1cce2e6 <unknown>\n#18 0x7f62e489caa4 <unknown>\n#19 0x7f62e4929c3c <unknown>","statusTrace":"self = <tests.regression_ui.test_ui_regression.TestUIRegression object at 0x7f804be19790>\ndriver = <selenium.webdriver.chrome.webdriver.WebDriver (session=\"569850a6b0d553aad1598ebda7d58b9d\")>\n\n    @pytest.mark.TC000\n    @pytest.mark.TC002\n    @allure.title('Board Creation')\n    def test_board_creation(self, driver):\n        time.sleep(10)\n        with allure.step('Log in to Trello'):\n>           self.test_login(driver)\n\ntests/regression_ui/test_ui_regression.py:99: \n_ _ _ _ _ _ _ _ _ _ _ _ _ _ _ _ _ _ _ _ _ _ _ _ _ _ _ _ _ _ _ _ _ _ _ _ _ _ _ _ \ntests/regression_ui/test_ui_regression.py:62: in test_login\n    el_user_name = WebDriverWait(driver, 10).until(EC.element_to_be_clickable(\n_ _ _ _ _ _ _ _ _ _ _ _ _ _ _ _ _ _ _ _ _ _ _ _ _ _ _ _ _ _ _ _ _ _ _ _ _ _ _ _ \n\nself = <selenium.webdriver.support.wait.WebDriverWait (session=\"569850a6b0d553aad1598ebda7d58b9d\")>\nmethod = <function element_to_be_clickable.<locals>._predicate at 0x7f804b0b23e0>\nmessage = ''\n\n    def until(self, method: Callable[[D], Union[Literal[False], T]], message: str = \"\") -> T:\n        \"\"\"Calls the method provided with the driver as an argument until the \\\n        return value does not evaluate to ``False``.\n    \n        :param method: callable(WebDriver)\n        :param message: optional message for :exc:`TimeoutException`\n        :returns: the result of the last call to `method`\n        :raises: :exc:`selenium.common.exceptions.TimeoutException` if timeout occurs\n        \"\"\"\n        screen = None\n        stacktrace = None\n    \n        end_time = time.monotonic() + self._timeout\n        while True:\n            try:\n                value = method(self._driver)\n                if value:\n                    return value\n            except self._ignored_exceptions as exc:\n                screen = getattr(exc, \"screen\", None)\n                stacktrace = getattr(exc, \"stacktrace\", None)\n            if time.monotonic() > end_time:\n                break\n            time.sleep(self._poll)\n>       raise TimeoutException(message, screen, stacktrace)\nE       selenium.common.exceptions.TimeoutException: Message: \nE       Stacktrace:\nE       #0 0x55abe1ccf46a <unknown>\nE       #1 0x55abe1788ed0 <unknown>\nE       #2 0x55abe17da935 <unknown>\nE       #3 0x55abe17dab61 <unknown>\nE       #4 0x55abe18299d4 <unknown>\nE       #5 0x55abe180088d <unknown>\nE       #6 0x55abe1826ceb <unknown>\nE       #7 0x55abe1800633 <unknown>\nE       #8 0x55abe17cc1be <unknown>\nE       #9 0x55abe17cd981 <unknown>\nE       #10 0x55abe1c9586b <unknown>\nE       #11 0x55abe1c9973c <unknown>\nE       #12 0x55abe1c7cf12 <unknown>\nE       #13 0x55abe1c9a2b4 <unknown>\nE       #14 0x55abe1c610af <unknown>\nE       #15 0x55abe1cbdad8 <unknown>\nE       #16 0x55abe1cbdcb6 <unknown>\nE       #17 0x55abe1cce2e6 <unknown>\nE       #18 0x7f62e489caa4 <unknown>\nE       #19 0x7f62e4929c3c <unknown>\n\n/opt/hostedtoolcache/Python/3.12.5/x64/lib/python3.12/site-packages/selenium/webdriver/support/wait.py:105: TimeoutException","flaky":false,"newFailed":false,"newBroken":true,"newPassed":false,"retriesCount":0,"retriesStatusChange":false,"beforeStages":[{"name":"driver","time":{"start":1742181841368,"stop":1742181841672,"duration":304},"status":"passed","steps":[],"attachments":[],"parameters":[],"shouldDisplayMessage":false,"stepsCount":0,"attachmentsCount":0,"hasContent":false,"attachmentStep":false},{"name":"setup","time":{"start":1742181841672,"stop":1742181841672,"duration":0},"status":"passed","steps":[],"attachments":[],"parameters":[],"shouldDisplayMessage":false,"stepsCount":0,"attachmentsCount":0,"hasContent":false,"attachmentStep":false}],"testStage":{"status":"broken","statusMessage":"selenium.common.exceptions.TimeoutException: Message: \nStacktrace:\n#0 0x55abe1ccf46a <unknown>\n#1 0x55abe1788ed0 <unknown>\n#2 0x55abe17da935 <unknown>\n#3 0x55abe17dab61 <unknown>\n#4 0x55abe18299d4 <unknown>\n#5 0x55abe180088d <unknown>\n#6 0x55abe1826ceb <unknown>\n#7 0x55abe1800633 <unknown>\n#8 0x55abe17cc1be <unknown>\n#9 0x55abe17cd981 <unknown>\n#10 0x55abe1c9586b <unknown>\n#11 0x55abe1c9973c <unknown>\n#12 0x55abe1c7cf12 <unknown>\n#13 0x55abe1c9a2b4 <unknown>\n#14 0x55abe1c610af <unknown>\n#15 0x55abe1cbdad8 <unknown>\n#16 0x55abe1cbdcb6 <unknown>\n#17 0x55abe1cce2e6 <unknown>\n#18 0x7f62e489caa4 <unknown>\n#19 0x7f62e4929c3c <unknown>","statusTrace":"self = <tests.regression_ui.test_ui_regression.TestUIRegression object at 0x7f804be19790>\ndriver = <selenium.webdriver.chrome.webdriver.WebDriver (session=\"569850a6b0d553aad1598ebda7d58b9d\")>\n\n    @pytest.mark.TC000\n    @pytest.mark.TC002\n    @allure.title('Board Creation')\n    def test_board_creation(self, driver):\n        time.sleep(10)\n        with allure.step('Log in to Trello'):\n>           self.test_login(driver)\n\ntests/regression_ui/test_ui_regression.py:99: \n_ _ _ _ _ _ _ _ _ _ _ _ _ _ _ _ _ _ _ _ _ _ _ _ _ _ _ _ _ _ _ _ _ _ _ _ _ _ _ _ \ntests/regression_ui/test_ui_regression.py:62: in test_login\n    el_user_name = WebDriverWait(driver, 10).until(EC.element_to_be_clickable(\n_ _ _ _ _ _ _ _ _ _ _ _ _ _ _ _ _ _ _ _ _ _ _ _ _ _ _ _ _ _ _ _ _ _ _ _ _ _ _ _ \n\nself = <selenium.webdriver.support.wait.WebDriverWait (session=\"569850a6b0d553aad1598ebda7d58b9d\")>\nmethod = <function element_to_be_clickable.<locals>._predicate at 0x7f804b0b23e0>\nmessage = ''\n\n    def until(self, method: Callable[[D], Union[Literal[False], T]], message: str = \"\") -> T:\n        \"\"\"Calls the method provided with the driver as an argument until the \\\n        return value does not evaluate to ``False``.\n    \n        :param method: callable(WebDriver)\n        :param message: optional message for :exc:`TimeoutException`\n        :returns: the result of the last call to `method`\n        :raises: :exc:`selenium.common.exceptions.TimeoutException` if timeout occurs\n        \"\"\"\n        screen = None\n        stacktrace = None\n    \n        end_time = time.monotonic() + self._timeout\n        while True:\n            try:\n                value = method(self._driver)\n                if value:\n                    return value\n            except self._ignored_exceptions as exc:\n                screen = getattr(exc, \"screen\", None)\n                stacktrace = getattr(exc, \"stacktrace\", None)\n            if time.monotonic() > end_time:\n                break\n            time.sleep(self._poll)\n>       raise TimeoutException(message, screen, stacktrace)\nE       selenium.common.exceptions.TimeoutException: Message: \nE       Stacktrace:\nE       #0 0x55abe1ccf46a <unknown>\nE       #1 0x55abe1788ed0 <unknown>\nE       #2 0x55abe17da935 <unknown>\nE       #3 0x55abe17dab61 <unknown>\nE       #4 0x55abe18299d4 <unknown>\nE       #5 0x55abe180088d <unknown>\nE       #6 0x55abe1826ceb <unknown>\nE       #7 0x55abe1800633 <unknown>\nE       #8 0x55abe17cc1be <unknown>\nE       #9 0x55abe17cd981 <unknown>\nE       #10 0x55abe1c9586b <unknown>\nE       #11 0x55abe1c9973c <unknown>\nE       #12 0x55abe1c7cf12 <unknown>\nE       #13 0x55abe1c9a2b4 <unknown>\nE       #14 0x55abe1c610af <unknown>\nE       #15 0x55abe1cbdad8 <unknown>\nE       #16 0x55abe1cbdcb6 <unknown>\nE       #17 0x55abe1cce2e6 <unknown>\nE       #18 0x7f62e489caa4 <unknown>\nE       #19 0x7f62e4929c3c <unknown>\n\n/opt/hostedtoolcache/Python/3.12.5/x64/lib/python3.12/site-packages/selenium/webdriver/support/wait.py:105: TimeoutException","steps":[{"name":"Log in to Trello","time":{"start":1742181851673,"stop":1742181862298,"duration":10625},"status":"broken","statusMessage":"selenium.common.exceptions.TimeoutException: Message: \nStacktrace:\n#0 0x55abe1ccf46a <unknown>\n#1 0x55abe1788ed0 <unknown>\n#2 0x55abe17da935 <unknown>\n#3 0x55abe17dab61 <unknown>\n#4 0x55abe18299d4 <unknown>\n#5 0x55abe180088d <unknown>\n#6 0x55abe1826ceb <unknown>\n#7 0x55abe1800633 <unknown>\n#8 0x55abe17cc1be <unknown>\n#9 0x55abe17cd981 <unknown>\n#10 0x55abe1c9586b <unknown>\n#11 0x55abe1c9973c <unknown>\n#12 0x55abe1c7cf12 <unknown>\n#13 0x55abe1c9a2b4 <unknown>\n#14 0x55abe1c610af <unknown>\n#15 0x55abe1cbdad8 <unknown>\n#16 0x55abe1cbdcb6 <unknown>\n#17 0x55abe1cce2e6 <unknown>\n#18 0x7f62e489caa4 <unknown>\n#19 0x7f62e4929c3c <unknown>\n\n","statusTrace":"  File \"/home/runner/work/pythonSelenium/pythonSelenium/tests/regression_ui/test_ui_regression.py\", line 99, in test_board_creation\n    self.test_login(driver)\n  File \"/home/runner/work/pythonSelenium/pythonSelenium/tests/regression_ui/test_ui_regression.py\", line 62, in test_login\n    el_user_name = WebDriverWait(driver, 10).until(EC.element_to_be_clickable(\n                   ^^^^^^^^^^^^^^^^^^^^^^^^^^^^^^^^^^^^^^^^^^^^^^^^^^^^^^^^^^^\n  File \"/opt/hostedtoolcache/Python/3.12.5/x64/lib/python3.12/site-packages/selenium/webdriver/support/wait.py\", line 105, in until\n    raise TimeoutException(message, screen, stacktrace)\n","steps":[{"name":"Navigate to the Trello page and enter valid credentials (email, password, and 6-digits verification code)","time":{"start":1742181851673,"stop":1742181862298,"duration":10625},"status":"broken","statusMessage":"selenium.common.exceptions.TimeoutException: Message: \nStacktrace:\n#0 0x55abe1ccf46a <unknown>\n#1 0x55abe1788ed0 <unknown>\n#2 0x55abe17da935 <unknown>\n#3 0x55abe17dab61 <unknown>\n#4 0x55abe18299d4 <unknown>\n#5 0x55abe180088d <unknown>\n#6 0x55abe1826ceb <unknown>\n#7 0x55abe1800633 <unknown>\n#8 0x55abe17cc1be <unknown>\n#9 0x55abe17cd981 <unknown>\n#10 0x55abe1c9586b <unknown>\n#11 0x55abe1c9973c <unknown>\n#12 0x55abe1c7cf12 <unknown>\n#13 0x55abe1c9a2b4 <unknown>\n#14 0x55abe1c610af <unknown>\n#15 0x55abe1cbdad8 <unknown>\n#16 0x55abe1cbdcb6 <unknown>\n#17 0x55abe1cce2e6 <unknown>\n#18 0x7f62e489caa4 <unknown>\n#19 0x7f62e4929c3c <unknown>\n\n","statusTrace":"  File \"/home/runner/work/pythonSelenium/pythonSelenium/tests/regression_ui/test_ui_regression.py\", line 62, in test_login\n    el_user_name = WebDriverWait(driver, 10).until(EC.element_to_be_clickable(\n                   ^^^^^^^^^^^^^^^^^^^^^^^^^^^^^^^^^^^^^^^^^^^^^^^^^^^^^^^^^^^\n  File \"/opt/hostedtoolcache/Python/3.12.5/x64/lib/python3.12/site-packages/selenium/webdriver/support/wait.py\", line 105, in until\n    raise TimeoutException(message, screen, stacktrace)\n","steps":[],"attachments":[],"parameters":[],"shouldDisplayMessage":true,"stepsCount":0,"attachmentsCount":0,"hasContent":true,"attachmentStep":false}],"attachments":[],"parameters":[],"shouldDisplayMessage":false,"stepsCount":1,"attachmentsCount":0,"hasContent":true,"attachmentStep":false}],"attachments":[],"parameters":[],"shouldDisplayMessage":true,"stepsCount":2,"attachmentsCount":0,"hasContent":true,"attachmentStep":false},"afterStages":[{"name":"driver::0","time":{"start":1742181862312,"stop":1742181862376,"duration":64},"status":"passed","steps":[],"attachments":[],"parameters":[],"shouldDisplayMessage":false,"stepsCount":0,"attachmentsCount":0,"hasContent":false,"attachmentStep":false}],"labels":[{"name":"tag","value":"TC002"},{"name":"tag","value":"TC000"},{"name":"parentSuite","value":"tests.regression_ui"},{"name":"suite","value":"test_ui_regression"},{"name":"subSuite","value":"TestUIRegression"},{"name":"host","value":"fv-az1696-728"},{"name":"thread","value":"4069-MainThread"},{"name":"framework","value":"pytest"},{"name":"language","value":"cpython3"},{"name":"package","value":"tests.regression_ui.test_ui_regression"},{"name":"resultFormat","value":"allure2"}],"parameters":[],"links":[],"hidden":false,"retry":false,"extra":{"severity":"normal","retries":[],"categories":[{"name":"Test defects","matchedStatuses":[]}],"history":{"statistic":{"failed":2,"broken":18,"skipped":0,"passed":511,"unknown":0,"total":531},"items":[{"uid":"d6e7f6fe6ced6483","status":"passed","time":{"start":1742172306517,"stop":1742172337824,"duration":31307}},{"uid":"54667d923c1e0344","status":"passed","time":{"start":1742159268160,"stop":1742159288611,"duration":20451}},{"uid":"4e7b322c7da58d03","status":"passed","time":{"start":1742148704694,"stop":1742148732420,"duration":27726}},{"uid":"8acd7995d096763a","status":"passed","time":{"start":1742137698983,"stop":1742137720399,"duration":21416}},{"uid":"f4fdce6373060335","status":"passed","time":{"start":1742127285432,"stop":1742127311407,"duration":25975}},{"uid":"7bbaa5e229274d58","status":"passed","time":{"start":1742116175653,"stop":1742116212958,"duration":37305}},{"uid":"304d0eab92160cdf","status":"passed","time":{"start":1742105553997,"stop":1742105590992,"duration":36995}},{"uid":"11092ca9a58a3f2b","status":"passed","time":{"start":1742095465643,"stop":1742095486534,"duration":20891}},{"uid":"8306cce087f74eca","status":"passed","time":{"start":1742086024257,"stop":1742086061718,"duration":37461}},{"uid":"b8d7489e82e40896","status":"passed","time":{"start":1742072848062,"stop":1742072869423,"duration":21361}},{"uid":"f8ce0945fd403c44","status":"passed","time":{"start":1742062250942,"stop":1742062270949,"duration":20007}},{"uid":"2c9115fb2d1c403c","status":"passed","time":{"start":1742051320142,"stop":1742051352469,"duration":32327}},{"uid":"5ad03bf68793e79f","status":"passed","time":{"start":1742040864033,"stop":1742040884406,"duration":20373}},{"uid":"109ac3fcf0003088","status":"passed","time":{"start":1742029716810,"stop":1742029748606,"duration":31796}},{"uid":"2f00efe47d9ba7ed","status":"passed","time":{"start":1742019106581,"stop":1742019132601,"duration":26020}},{"uid":"347a5f7e65b3c7b0","status":"passed","time":{"start":1742008709543,"stop":1742008730555,"duration":21012}},{"uid":"33d9849271452276","status":"passed","time":{"start":1741999280913,"stop":1741999301493,"duration":20580}},{"uid":"894e2a6bb4869b88","status":"passed","time":{"start":1741986499372,"stop":1741986519768,"duration":20396}},{"uid":"c5af110868d02ff2","status":"passed","time":{"start":1741976030824,"stop":1741976051907,"duration":21083}},{"uid":"f0a211c92d264ba","status":"passed","time":{"start":1741964974520,"stop":1741965008663,"duration":34143}}]},"tags":["TC002","TC000"]},"source":"a05409d88a43abeb.json","parameterValues":[]}