{"uid":"a0884290cc59cbdc","name":"Board Creation","fullName":"tests.regression_ui.test_ui_regression.TestUIRegression#test_board_creation","historyId":"7a20b967a411d7d4449c81c8bbcd2d3a","time":{"start":1742548292184,"stop":1742548371765,"duration":79581},"status":"broken","statusMessage":"selenium.common.exceptions.TimeoutException: Message: \nStacktrace:\n#0 0x558950b5da1a <unknown>\n#1 0x558950615390 <unknown>\n#2 0x558950666c85 <unknown>\n#3 0x558950666eb1 <unknown>\n#4 0x5589506b5d64 <unknown>\n#5 0x55895068cbfd <unknown>\n#6 0x5589506b307b <unknown>\n#7 0x55895068c9a3 <unknown>\n#8 0x55895065860e <unknown>\n#9 0x558950659dd1 <unknown>\n#10 0x558950b23ddb <unknown>\n#11 0x558950b27cbc <unknown>\n#12 0x558950b0b392 <unknown>\n#13 0x558950b28834 <unknown>\n#14 0x558950aef1ef <unknown>\n#15 0x558950b4c038 <unknown>\n#16 0x558950b4c216 <unknown>\n#17 0x558950b5c896 <unknown>\n#18 0x7f9f3329caa4 <unknown>\n#19 0x7f9f33329c3c <unknown>","statusTrace":"self = <tests.regression_ui.test_ui_regression.TestUIRegression object at 0x7f9df9596360>\ndriver = <selenium.webdriver.chrome.webdriver.WebDriver (session=\"c6b110527a9f81d6846565407c1293f5\")>\n\n    @pytest.mark.TC000\n    @pytest.mark.TC002\n    @allure.title('Board Creation')\n    def test_board_creation(self, driver):\n        time.sleep(10)\n        with allure.step('Log in to Trello'):\n            self.test_login(driver)\n            time.sleep(2)\n        with allure.step('Create a new board'):\n            WebDriverWait(driver, 10).until(EC.element_to_be_clickable((By.XPATH, self.SCC.HomePage.CREATE_BUTTON))).click()\n            WebDriverWait(driver, 10).until(EC.element_to_be_clickable((By.XPATH, self.SCC.HomePage.CREATE_BOARD_BUTTON))).click()\n            WebDriverWait(driver, 10).until(EC.element_to_be_clickable((By.XPATH, self.SCC.HomePage.BLUE_BKG_BUTTON))).click()\n            el_new_board_name = driver.find_element(By.XPATH, self.SCC.HomePage.NEW_BOARD_NAME_FIELD)\n            el_new_board_name.click()\n            el_new_board_name.send_keys('new_board')\n            driver.find_element(By.XPATH, self.SCC.HomePage.CREATE_SUBMIT_BUTTON).click()\n        with allure.step(\"Validating that the new board is created and available in the user's dashboard\"):\n>           el_new_board = WebDriverWait(driver, 60).until(EC.visibility_of_element_located((By.XPATH, \"//h1[contains(text(),'new_board')]\"))).text\n\ntests/regression_ui/test_ui_regression.py:110: \n_ _ _ _ _ _ _ _ _ _ _ _ _ _ _ _ _ _ _ _ _ _ _ _ _ _ _ _ _ _ _ _ _ _ _ _ _ _ _ _ \n\nself = <selenium.webdriver.support.wait.WebDriverWait (session=\"c6b110527a9f81d6846565407c1293f5\")>\nmethod = <function visibility_of_element_located.<locals>._predicate at 0x7f9df94845e0>\nmessage = ''\n\n    def until(self, method: Callable[[D], Union[Literal[False], T]], message: str = \"\") -> T:\n        \"\"\"Calls the method provided with the driver as an argument until the \\\n        return value does not evaluate to ``False``.\n    \n        :param method: callable(WebDriver)\n        :param message: optional message for :exc:`TimeoutException`\n        :returns: the result of the last call to `method`\n        :raises: :exc:`selenium.common.exceptions.TimeoutException` if timeout occurs\n        \"\"\"\n        screen = None\n        stacktrace = None\n    \n        end_time = time.monotonic() + self._timeout\n        while True:\n            try:\n                value = method(self._driver)\n                if value:\n                    return value\n            except self._ignored_exceptions as exc:\n                screen = getattr(exc, \"screen\", None)\n                stacktrace = getattr(exc, \"stacktrace\", None)\n            if time.monotonic() > end_time:\n                break\n            time.sleep(self._poll)\n>       raise TimeoutException(message, screen, stacktrace)\nE       selenium.common.exceptions.TimeoutException: Message: \nE       Stacktrace:\nE       #0 0x558950b5da1a <unknown>\nE       #1 0x558950615390 <unknown>\nE       #2 0x558950666c85 <unknown>\nE       #3 0x558950666eb1 <unknown>\nE       #4 0x5589506b5d64 <unknown>\nE       #5 0x55895068cbfd <unknown>\nE       #6 0x5589506b307b <unknown>\nE       #7 0x55895068c9a3 <unknown>\nE       #8 0x55895065860e <unknown>\nE       #9 0x558950659dd1 <unknown>\nE       #10 0x558950b23ddb <unknown>\nE       #11 0x558950b27cbc <unknown>\nE       #12 0x558950b0b392 <unknown>\nE       #13 0x558950b28834 <unknown>\nE       #14 0x558950aef1ef <unknown>\nE       #15 0x558950b4c038 <unknown>\nE       #16 0x558950b4c216 <unknown>\nE       #17 0x558950b5c896 <unknown>\nE       #18 0x7f9f3329caa4 <unknown>\nE       #19 0x7f9f33329c3c <unknown>\n\n/opt/hostedtoolcache/Python/3.12.5/x64/lib/python3.12/site-packages/selenium/webdriver/support/wait.py:105: TimeoutException","flaky":false,"newFailed":false,"newBroken":true,"newPassed":false,"retriesCount":0,"retriesStatusChange":false,"beforeStages":[{"name":"driver","time":{"start":1742548291844,"stop":1742548292184,"duration":340},"status":"passed","steps":[],"attachments":[],"parameters":[],"shouldDisplayMessage":false,"stepsCount":0,"attachmentsCount":0,"hasContent":false,"attachmentStep":false},{"name":"setup","time":{"start":1742548292184,"stop":1742548292184,"duration":0},"status":"passed","steps":[],"attachments":[],"parameters":[],"shouldDisplayMessage":false,"stepsCount":0,"attachmentsCount":0,"hasContent":false,"attachmentStep":false}],"testStage":{"status":"broken","statusMessage":"selenium.common.exceptions.TimeoutException: Message: \nStacktrace:\n#0 0x558950b5da1a <unknown>\n#1 0x558950615390 <unknown>\n#2 0x558950666c85 <unknown>\n#3 0x558950666eb1 <unknown>\n#4 0x5589506b5d64 <unknown>\n#5 0x55895068cbfd <unknown>\n#6 0x5589506b307b <unknown>\n#7 0x55895068c9a3 <unknown>\n#8 0x55895065860e <unknown>\n#9 0x558950659dd1 <unknown>\n#10 0x558950b23ddb <unknown>\n#11 0x558950b27cbc <unknown>\n#12 0x558950b0b392 <unknown>\n#13 0x558950b28834 <unknown>\n#14 0x558950aef1ef <unknown>\n#15 0x558950b4c038 <unknown>\n#16 0x558950b4c216 <unknown>\n#17 0x558950b5c896 <unknown>\n#18 0x7f9f3329caa4 <unknown>\n#19 0x7f9f33329c3c <unknown>","statusTrace":"self = <tests.regression_ui.test_ui_regression.TestUIRegression object at 0x7f9df9596360>\ndriver = <selenium.webdriver.chrome.webdriver.WebDriver (session=\"c6b110527a9f81d6846565407c1293f5\")>\n\n    @pytest.mark.TC000\n    @pytest.mark.TC002\n    @allure.title('Board Creation')\n    def test_board_creation(self, driver):\n        time.sleep(10)\n        with allure.step('Log in to Trello'):\n            self.test_login(driver)\n            time.sleep(2)\n        with allure.step('Create a new board'):\n            WebDriverWait(driver, 10).until(EC.element_to_be_clickable((By.XPATH, self.SCC.HomePage.CREATE_BUTTON))).click()\n            WebDriverWait(driver, 10).until(EC.element_to_be_clickable((By.XPATH, self.SCC.HomePage.CREATE_BOARD_BUTTON))).click()\n            WebDriverWait(driver, 10).until(EC.element_to_be_clickable((By.XPATH, self.SCC.HomePage.BLUE_BKG_BUTTON))).click()\n            el_new_board_name = driver.find_element(By.XPATH, self.SCC.HomePage.NEW_BOARD_NAME_FIELD)\n            el_new_board_name.click()\n            el_new_board_name.send_keys('new_board')\n            driver.find_element(By.XPATH, self.SCC.HomePage.CREATE_SUBMIT_BUTTON).click()\n        with allure.step(\"Validating that the new board is created and available in the user's dashboard\"):\n>           el_new_board = WebDriverWait(driver, 60).until(EC.visibility_of_element_located((By.XPATH, \"//h1[contains(text(),'new_board')]\"))).text\n\ntests/regression_ui/test_ui_regression.py:110: \n_ _ _ _ _ _ _ _ _ _ _ _ _ _ _ _ _ _ _ _ _ _ _ _ _ _ _ _ _ _ _ _ _ _ _ _ _ _ _ _ \n\nself = <selenium.webdriver.support.wait.WebDriverWait (session=\"c6b110527a9f81d6846565407c1293f5\")>\nmethod = <function visibility_of_element_located.<locals>._predicate at 0x7f9df94845e0>\nmessage = ''\n\n    def until(self, method: Callable[[D], Union[Literal[False], T]], message: str = \"\") -> T:\n        \"\"\"Calls the method provided with the driver as an argument until the \\\n        return value does not evaluate to ``False``.\n    \n        :param method: callable(WebDriver)\n        :param message: optional message for :exc:`TimeoutException`\n        :returns: the result of the last call to `method`\n        :raises: :exc:`selenium.common.exceptions.TimeoutException` if timeout occurs\n        \"\"\"\n        screen = None\n        stacktrace = None\n    \n        end_time = time.monotonic() + self._timeout\n        while True:\n            try:\n                value = method(self._driver)\n                if value:\n                    return value\n            except self._ignored_exceptions as exc:\n                screen = getattr(exc, \"screen\", None)\n                stacktrace = getattr(exc, \"stacktrace\", None)\n            if time.monotonic() > end_time:\n                break\n            time.sleep(self._poll)\n>       raise TimeoutException(message, screen, stacktrace)\nE       selenium.common.exceptions.TimeoutException: Message: \nE       Stacktrace:\nE       #0 0x558950b5da1a <unknown>\nE       #1 0x558950615390 <unknown>\nE       #2 0x558950666c85 <unknown>\nE       #3 0x558950666eb1 <unknown>\nE       #4 0x5589506b5d64 <unknown>\nE       #5 0x55895068cbfd <unknown>\nE       #6 0x5589506b307b <unknown>\nE       #7 0x55895068c9a3 <unknown>\nE       #8 0x55895065860e <unknown>\nE       #9 0x558950659dd1 <unknown>\nE       #10 0x558950b23ddb <unknown>\nE       #11 0x558950b27cbc <unknown>\nE       #12 0x558950b0b392 <unknown>\nE       #13 0x558950b28834 <unknown>\nE       #14 0x558950aef1ef <unknown>\nE       #15 0x558950b4c038 <unknown>\nE       #16 0x558950b4c216 <unknown>\nE       #17 0x558950b5c896 <unknown>\nE       #18 0x7f9f3329caa4 <unknown>\nE       #19 0x7f9f33329c3c <unknown>\n\n/opt/hostedtoolcache/Python/3.12.5/x64/lib/python3.12/site-packages/selenium/webdriver/support/wait.py:105: TimeoutException","steps":[{"name":"Log in to Trello","time":{"start":1742548302185,"stop":1742548310663,"duration":8478},"status":"passed","steps":[{"name":"Navigate to the Trello page and enter valid credentials (email, password, and 6-digits verification code)","time":{"start":1742548302185,"stop":1742548308662,"duration":6477},"status":"passed","steps":[],"attachments":[],"parameters":[],"shouldDisplayMessage":false,"stepsCount":0,"attachmentsCount":0,"hasContent":false,"attachmentStep":false}],"attachments":[],"parameters":[],"shouldDisplayMessage":false,"stepsCount":1,"attachmentsCount":0,"hasContent":true,"attachmentStep":false},{"name":"Create a new board","time":{"start":1742548310663,"stop":1742548311697,"duration":1034},"status":"passed","steps":[],"attachments":[],"parameters":[],"shouldDisplayMessage":false,"stepsCount":0,"attachmentsCount":0,"hasContent":false,"attachmentStep":false},{"name":"Validating that the new board is created and available in the user's dashboard","time":{"start":1742548311697,"stop":1742548371765,"duration":60068},"status":"broken","statusMessage":"selenium.common.exceptions.TimeoutException: Message: \nStacktrace:\n#0 0x558950b5da1a <unknown>\n#1 0x558950615390 <unknown>\n#2 0x558950666c85 <unknown>\n#3 0x558950666eb1 <unknown>\n#4 0x5589506b5d64 <unknown>\n#5 0x55895068cbfd <unknown>\n#6 0x5589506b307b <unknown>\n#7 0x55895068c9a3 <unknown>\n#8 0x55895065860e <unknown>\n#9 0x558950659dd1 <unknown>\n#10 0x558950b23ddb <unknown>\n#11 0x558950b27cbc <unknown>\n#12 0x558950b0b392 <unknown>\n#13 0x558950b28834 <unknown>\n#14 0x558950aef1ef <unknown>\n#15 0x558950b4c038 <unknown>\n#16 0x558950b4c216 <unknown>\n#17 0x558950b5c896 <unknown>\n#18 0x7f9f3329caa4 <unknown>\n#19 0x7f9f33329c3c <unknown>\n\n","statusTrace":"  File \"/home/runner/work/pythonSelenium/pythonSelenium/tests/regression_ui/test_ui_regression.py\", line 110, in test_board_creation\n    el_new_board = WebDriverWait(driver, 60).until(EC.visibility_of_element_located((By.XPATH, \"//h1[contains(text(),'new_board')]\"))).text\n                   ^^^^^^^^^^^^^^^^^^^^^^^^^^^^^^^^^^^^^^^^^^^^^^^^^^^^^^^^^^^^^^^^^^^^^^^^^^^^^^^^^^^^^^^^^^^^^^^^^^^^^^^^^^^^^^^^^^^\n  File \"/opt/hostedtoolcache/Python/3.12.5/x64/lib/python3.12/site-packages/selenium/webdriver/support/wait.py\", line 105, in until\n    raise TimeoutException(message, screen, stacktrace)\n","steps":[],"attachments":[],"parameters":[],"shouldDisplayMessage":true,"stepsCount":0,"attachmentsCount":0,"hasContent":true,"attachmentStep":false}],"attachments":[],"parameters":[],"shouldDisplayMessage":true,"stepsCount":4,"attachmentsCount":0,"hasContent":true,"attachmentStep":false},"afterStages":[{"name":"driver::0","time":{"start":1742548371800,"stop":1742548371885,"duration":85},"status":"passed","steps":[],"attachments":[],"parameters":[],"shouldDisplayMessage":false,"stepsCount":0,"attachmentsCount":0,"hasContent":false,"attachmentStep":false}],"labels":[{"name":"tag","value":"TC002"},{"name":"tag","value":"TC000"},{"name":"parentSuite","value":"tests.regression_ui"},{"name":"suite","value":"test_ui_regression"},{"name":"subSuite","value":"TestUIRegression"},{"name":"host","value":"fv-az1335-371"},{"name":"thread","value":"4177-MainThread"},{"name":"framework","value":"pytest"},{"name":"language","value":"cpython3"},{"name":"package","value":"tests.regression_ui.test_ui_regression"},{"name":"resultFormat","value":"allure2"}],"parameters":[],"links":[],"hidden":false,"retry":false,"extra":{"severity":"normal","retries":[],"categories":[{"name":"Test defects","matchedStatuses":[]}],"history":{"statistic":{"failed":2,"broken":21,"skipped":0,"passed":542,"unknown":0,"total":565},"items":[{"uid":"ba0b00c0fe1b4255","status":"passed","time":{"start":1742537779265,"stop":1742537800420,"duration":21155}},{"uid":"40be909a9e140ed4","status":"passed","time":{"start":1742527421687,"stop":1742527448221,"duration":26534}},{"uid":"a07f41323d70455a","status":"passed","time":{"start":1742517772895,"stop":1742517792761,"duration":19866}},{"uid":"42858a396b2b3a5e","status":"passed","time":{"start":1742504922510,"stop":1742504948807,"duration":26297}},{"uid":"eae8d222713c0fe7","status":"passed","time":{"start":1742494393285,"stop":1742494419972,"duration":26687}},{"uid":"b88314769cab4d48","status":"passed","time":{"start":1742483452553,"stop":1742483473642,"duration":21089}},{"uid":"7d46c4ee7bff549b","status":"passed","time":{"start":1742473031906,"stop":1742473057572,"duration":25666}},{"uid":"b9e7b8478e452908","status":"passed","time":{"start":1742461819917,"stop":1742461839802,"duration":19885}},{"uid":"77d5148e6aa39597","status":"passed","time":{"start":1742451209909,"stop":1742451230672,"duration":20763}},{"uid":"12598002210a8cf6","status":"passed","time":{"start":1742440881402,"stop":1742440901893,"duration":20491}},{"uid":"d5e68a04c5cb337d","status":"passed","time":{"start":1742431321822,"stop":1742431342188,"duration":20366}},{"uid":"6d67cf019096141d","status":"passed","time":{"start":1742418769402,"stop":1742418790079,"duration":20677}},{"uid":"d49b902be096d959","status":"passed","time":{"start":1742407972387,"stop":1742407992282,"duration":19895}},{"uid":"6408bcffc7753f0c","status":"passed","time":{"start":1742396988238,"stop":1742397008567,"duration":20329}},{"uid":"9500e30c73910d66","status":"broken","statusDetails":"selenium.common.exceptions.TimeoutException: Message: \nStacktrace:\n#0 0x563a55e3046a <unknown>\n#1 0x563a558e9ed0 <unknown>\n#2 0x563a5593b935 <unknown>\n#3 0x563a5593bb61 <unknown>\n#4 0x563a5598a9d4 <unknown>\n#5 0x563a5596188d <unknown>\n#6 0x563a55987ceb <unknown>\n#7 0x563a55961633 <unknown>\n#8 0x563a5592d1be <unknown>\n#9 0x563a5592e981 <unknown>\n#10 0x563a55df686b <unknown>\n#11 0x563a55dfa73c <unknown>\n#12 0x563a55dddf12 <unknown>\n#13 0x563a55dfb2b4 <unknown>\n#14 0x563a55dc20af <unknown>\n#15 0x563a55e1ead8 <unknown>\n#16 0x563a55e1ecb6 <unknown>\n#17 0x563a55e2f2e6 <unknown>\n#18 0x7fa4c7a9caa4 <unknown>\n#19 0x7fa4c7b29c3c <unknown>","time":{"start":1742386601360,"stop":1742386621992,"duration":20632}},{"uid":"a5e85e5d572f463","status":"passed","time":{"start":1742375450125,"stop":1742375471707,"duration":21582}},{"uid":"c3487d7a6c646045","status":"passed","time":{"start":1742364871750,"stop":1742364892224,"duration":20474}},{"uid":"c9564a894d03f17b","status":"passed","time":{"start":1742354568541,"stop":1742354589025,"duration":20484}},{"uid":"dd891ddaf7353363","status":"broken","statusDetails":"selenium.common.exceptions.TimeoutException: Message: \nStacktrace:\n#0 0x55716ca0846a <unknown>\n#1 0x55716c4c1ed0 <unknown>\n#2 0x55716c513935 <unknown>\n#3 0x55716c513b61 <unknown>\n#4 0x55716c5629d4 <unknown>\n#5 0x55716c53988d <unknown>\n#6 0x55716c55fceb <unknown>\n#7 0x55716c539633 <unknown>\n#8 0x55716c5051be <unknown>\n#9 0x55716c506981 <unknown>\n#10 0x55716c9ce86b <unknown>\n#11 0x55716c9d273c <unknown>\n#12 0x55716c9b5f12 <unknown>\n#13 0x55716c9d32b4 <unknown>\n#14 0x55716c99a0af <unknown>\n#15 0x55716c9f6ad8 <unknown>\n#16 0x55716c9f6cb6 <unknown>\n#17 0x55716ca072e6 <unknown>\n#18 0x7fdfa149caa4 <unknown>\n#19 0x7fdfa1529c3c <unknown>","time":{"start":1742344961387,"stop":1742345047028,"duration":85641}},{"uid":"ea6d821e90563adb","status":"passed","time":{"start":1742332166044,"stop":1742332186973,"duration":20929}}]},"tags":["TC002","TC000"]},"source":"a0884290cc59cbdc.json","parameterValues":[]}