{"uid":"a1e4f7895afdf958","name":"Archive a card","fullName":"tests.regression_ui.test_ui_regression.TestUIRegression#test_archive_card","historyId":"4151bed777d70c35651f4626d00b86b5","time":{"start":1738898231880,"stop":1738898258917,"duration":27037},"status":"broken","statusMessage":"selenium.common.exceptions.StaleElementReferenceException: Message: stale element reference: stale element not found in the current frame\n  (Session info: chrome=133.0.6943.53); For documentation on this error, please visit: https://www.selenium.dev/documentation/webdriver/troubleshooting/errors#stale-element-reference-exception\nStacktrace:\n#0 0x55d4b294a53a <unknown>\n#1 0x55d4b2445f00 <unknown>\n#2 0x55d4b244c04c <unknown>\n#3 0x55d4b244e578 <unknown>\n#4 0x55d4b244e603 <unknown>\n#5 0x55d4b24978a5 <unknown>\n#6 0x55d4b2489d43 <unknown>\n#7 0x55d4b24ba5a2 <unknown>\n#8 0x55d4b2489758 <unknown>\n#9 0x55d4b24ba76e <unknown>\n#10 0x55d4b24d8f84 <unknown>\n#11 0x55d4b24ba343 <unknown>\n#12 0x55d4b248778a <unknown>\n#13 0x55d4b24889de <unknown>\n#14 0x55d4b29142cb <unknown>\n#15 0x55d4b2918242 <unknown>\n#16 0x55d4b29017ac <unknown>\n#17 0x55d4b2918df7 <unknown>\n#18 0x55d4b28e5b2f <unknown>\n#19 0x55d4b29391a8 <unknown>\n#20 0x55d4b2939370 <unknown>\n#21 0x55d4b29493b6 <unknown>\n#22 0x7fc3ade9ca94 <unknown>\n#23 0x7fc3adf29c3c <unknown>","statusTrace":"self = <tests.regression_ui.test_ui_regression.TestUIRegression object at 0x7f18be872930>\ndriver = <selenium.webdriver.chrome.webdriver.WebDriver (session=\"e05c9df9ae7bc2441d36d02a73781358\")>\n\n    @pytest.mark.TC000\n    @pytest.mark.TC006\n    @allure.title('Archive a card')\n    def test_archive_card(self, driver):\n        time.sleep(5)\n        with allure.step('Log in to Trello account'):\n            self.test_login(driver)\n    \n        with allure.step('Open a board and select a card'):\n            try:\n                WebDriverWait(driver, 30).until(EC.element_to_be_clickable((By.XPATH, self.SCC.Board.BOARD_TITLE))).click()\n                WebDriverWait(driver, 10).until(EC.visibility_of_element_located((By.XPATH, self.SCC.Board.LIST_TITLE))).click()\n                driver.find_element(By.XPATH, self.SCC.List.ADD_A_CARD_BUTTON).click()\n                driver.find_element(By.XPATH, self.SCC.List.CARD_NAME_FIELD).click()\n                time.sleep(1)\n                driver.find_element(By.XPATH, self.SCC.List.CARD_NAME_FIELD).send_keys('new_card')\n                driver.find_element(By.XPATH, self.SCC.List.ADD_CARD_SUBMIT_BUTTOMN).click()\n                time.sleep(2)\n            except Exception as e:\n                log.info(\"An error occurred: \", str(e))\n    \n        with allure.step('Click the card to open and archive it'):\n>           driver.find_element(By.XPATH, self.SCC.List.CARD_TO_ARCHIVE).click()\n\ntests/regression_ui/test_ui_regression.py:206: \n_ _ _ _ _ _ _ _ _ _ _ _ _ _ _ _ _ _ _ _ _ _ _ _ _ _ _ _ _ _ _ _ _ _ _ _ _ _ _ _ \n/opt/hostedtoolcache/Python/3.12.5/x64/lib/python3.12/site-packages/selenium/webdriver/remote/webelement.py:94: in click\n    self._execute(Command.CLICK_ELEMENT)\n/opt/hostedtoolcache/Python/3.12.5/x64/lib/python3.12/site-packages/selenium/webdriver/remote/webelement.py:395: in _execute\n    return self._parent.execute(command, params)\n/opt/hostedtoolcache/Python/3.12.5/x64/lib/python3.12/site-packages/selenium/webdriver/remote/webdriver.py:384: in execute\n    self.error_handler.check_response(response)\n_ _ _ _ _ _ _ _ _ _ _ _ _ _ _ _ _ _ _ _ _ _ _ _ _ _ _ _ _ _ _ _ _ _ _ _ _ _ _ _ \n\nself = <selenium.webdriver.remote.errorhandler.ErrorHandler object at 0x7f18be8c4800>\nresponse = {'status': 404, 'value': '{\"value\":{\"error\":\"stale element reference\",\"message\":\"stale element reference: stale elemen...\\\\n#21 0x55d4b29493b6 \\\\u003Cunknown>\\\\n#22 0x7fc3ade9ca94 \\\\u003Cunknown>\\\\n#23 0x7fc3adf29c3c \\\\u003Cunknown>\\\\n\"}}'}\n\n    def check_response(self, response: Dict[str, Any]) -> None:\n        \"\"\"Checks that a JSON response from the WebDriver does not have an\n        error.\n    \n        :Args:\n         - response - The JSON response from the WebDriver server as a dictionary\n           object.\n    \n        :Raises: If the response contains an error message.\n        \"\"\"\n        status = response.get(\"status\", None)\n        if not status or status == ErrorCode.SUCCESS:\n            return\n        value = None\n        message = response.get(\"message\", \"\")\n        screen: str = response.get(\"screen\", \"\")\n        stacktrace = None\n        if isinstance(status, int):\n            value_json = response.get(\"value\", None)\n            if value_json and isinstance(value_json, str):\n                import json\n    \n                try:\n                    value = json.loads(value_json)\n                    if len(value) == 1:\n                        value = value[\"value\"]\n                    status = value.get(\"error\", None)\n                    if not status:\n                        status = value.get(\"status\", ErrorCode.UNKNOWN_ERROR)\n                        message = value.get(\"value\") or value.get(\"message\")\n                        if not isinstance(message, str):\n                            value = message\n                            message = message.get(\"message\")\n                    else:\n                        message = value.get(\"message\", None)\n                except ValueError:\n                    pass\n    \n        exception_class: Type[WebDriverException]\n        e = ErrorCode()\n        error_codes = [item for item in dir(e) if not item.startswith(\"__\")]\n        for error_code in error_codes:\n            error_info = getattr(ErrorCode, error_code)\n            if isinstance(error_info, list) and status in error_info:\n                exception_class = getattr(ExceptionMapping, error_code, WebDriverException)\n                break\n        else:\n            exception_class = WebDriverException\n    \n        if not value:\n            value = response[\"value\"]\n        if isinstance(value, str):\n            raise exception_class(value)\n        if message == \"\" and \"message\" in value:\n            message = value[\"message\"]\n    \n        screen = None  # type: ignore[assignment]\n        if \"screen\" in value:\n            screen = value[\"screen\"]\n    \n        stacktrace = None\n        st_value = value.get(\"stackTrace\") or value.get(\"stacktrace\")\n        if st_value:\n            if isinstance(st_value, str):\n                stacktrace = st_value.split(\"\\n\")\n            else:\n                stacktrace = []\n                try:\n                    for frame in st_value:\n                        line = frame.get(\"lineNumber\", \"\")\n                        file = frame.get(\"fileName\", \"<anonymous>\")\n                        if line:\n                            file = f\"{file}:{line}\"\n                        meth = frame.get(\"methodName\", \"<anonymous>\")\n                        if \"className\" in frame:\n                            meth = f\"{frame['className']}.{meth}\"\n                        msg = \"    at %s (%s)\"\n                        msg = msg % (meth, file)\n                        stacktrace.append(msg)\n                except TypeError:\n                    pass\n        if exception_class == UnexpectedAlertPresentException:\n            alert_text = None\n            if \"data\" in value:\n                alert_text = value[\"data\"].get(\"text\")\n            elif \"alert\" in value:\n                alert_text = value[\"alert\"].get(\"text\")\n            raise exception_class(message, screen, stacktrace, alert_text)  # type: ignore[call-arg]  # mypy is not smart enough here\n>       raise exception_class(message, screen, stacktrace)\nE       selenium.common.exceptions.StaleElementReferenceException: Message: stale element reference: stale element not found in the current frame\nE         (Session info: chrome=133.0.6943.53); For documentation on this error, please visit: https://www.selenium.dev/documentation/webdriver/troubleshooting/errors#stale-element-reference-exception\nE       Stacktrace:\nE       #0 0x55d4b294a53a <unknown>\nE       #1 0x55d4b2445f00 <unknown>\nE       #2 0x55d4b244c04c <unknown>\nE       #3 0x55d4b244e578 <unknown>\nE       #4 0x55d4b244e603 <unknown>\nE       #5 0x55d4b24978a5 <unknown>\nE       #6 0x55d4b2489d43 <unknown>\nE       #7 0x55d4b24ba5a2 <unknown>\nE       #8 0x55d4b2489758 <unknown>\nE       #9 0x55d4b24ba76e <unknown>\nE       #10 0x55d4b24d8f84 <unknown>\nE       #11 0x55d4b24ba343 <unknown>\nE       #12 0x55d4b248778a <unknown>\nE       #13 0x55d4b24889de <unknown>\nE       #14 0x55d4b29142cb <unknown>\nE       #15 0x55d4b2918242 <unknown>\nE       #16 0x55d4b29017ac <unknown>\nE       #17 0x55d4b2918df7 <unknown>\nE       #18 0x55d4b28e5b2f <unknown>\nE       #19 0x55d4b29391a8 <unknown>\nE       #20 0x55d4b2939370 <unknown>\nE       #21 0x55d4b29493b6 <unknown>\nE       #22 0x7fc3ade9ca94 <unknown>\nE       #23 0x7fc3adf29c3c <unknown>\n\n/opt/hostedtoolcache/Python/3.12.5/x64/lib/python3.12/site-packages/selenium/webdriver/remote/errorhandler.py:232: StaleElementReferenceException","flaky":true,"newFailed":false,"newBroken":true,"newPassed":false,"retriesCount":0,"retriesStatusChange":false,"beforeStages":[{"name":"driver","time":{"start":1738898231564,"stop":1738898231879,"duration":315},"status":"passed","steps":[],"attachments":[],"parameters":[],"shouldDisplayMessage":false,"stepsCount":0,"attachmentsCount":0,"hasContent":false,"attachmentStep":false},{"name":"setup","time":{"start":1738898231880,"stop":1738898231880,"duration":0},"status":"passed","steps":[],"attachments":[],"parameters":[],"shouldDisplayMessage":false,"stepsCount":0,"attachmentsCount":0,"hasContent":false,"attachmentStep":false}],"testStage":{"status":"broken","statusMessage":"selenium.common.exceptions.StaleElementReferenceException: Message: stale element reference: stale element not found in the current frame\n  (Session info: chrome=133.0.6943.53); For documentation on this error, please visit: https://www.selenium.dev/documentation/webdriver/troubleshooting/errors#stale-element-reference-exception\nStacktrace:\n#0 0x55d4b294a53a <unknown>\n#1 0x55d4b2445f00 <unknown>\n#2 0x55d4b244c04c <unknown>\n#3 0x55d4b244e578 <unknown>\n#4 0x55d4b244e603 <unknown>\n#5 0x55d4b24978a5 <unknown>\n#6 0x55d4b2489d43 <unknown>\n#7 0x55d4b24ba5a2 <unknown>\n#8 0x55d4b2489758 <unknown>\n#9 0x55d4b24ba76e <unknown>\n#10 0x55d4b24d8f84 <unknown>\n#11 0x55d4b24ba343 <unknown>\n#12 0x55d4b248778a <unknown>\n#13 0x55d4b24889de <unknown>\n#14 0x55d4b29142cb <unknown>\n#15 0x55d4b2918242 <unknown>\n#16 0x55d4b29017ac <unknown>\n#17 0x55d4b2918df7 <unknown>\n#18 0x55d4b28e5b2f <unknown>\n#19 0x55d4b29391a8 <unknown>\n#20 0x55d4b2939370 <unknown>\n#21 0x55d4b29493b6 <unknown>\n#22 0x7fc3ade9ca94 <unknown>\n#23 0x7fc3adf29c3c <unknown>","statusTrace":"self = <tests.regression_ui.test_ui_regression.TestUIRegression object at 0x7f18be872930>\ndriver = <selenium.webdriver.chrome.webdriver.WebDriver (session=\"e05c9df9ae7bc2441d36d02a73781358\")>\n\n    @pytest.mark.TC000\n    @pytest.mark.TC006\n    @allure.title('Archive a card')\n    def test_archive_card(self, driver):\n        time.sleep(5)\n        with allure.step('Log in to Trello account'):\n            self.test_login(driver)\n    \n        with allure.step('Open a board and select a card'):\n            try:\n                WebDriverWait(driver, 30).until(EC.element_to_be_clickable((By.XPATH, self.SCC.Board.BOARD_TITLE))).click()\n                WebDriverWait(driver, 10).until(EC.visibility_of_element_located((By.XPATH, self.SCC.Board.LIST_TITLE))).click()\n                driver.find_element(By.XPATH, self.SCC.List.ADD_A_CARD_BUTTON).click()\n                driver.find_element(By.XPATH, self.SCC.List.CARD_NAME_FIELD).click()\n                time.sleep(1)\n                driver.find_element(By.XPATH, self.SCC.List.CARD_NAME_FIELD).send_keys('new_card')\n                driver.find_element(By.XPATH, self.SCC.List.ADD_CARD_SUBMIT_BUTTOMN).click()\n                time.sleep(2)\n            except Exception as e:\n                log.info(\"An error occurred: \", str(e))\n    \n        with allure.step('Click the card to open and archive it'):\n>           driver.find_element(By.XPATH, self.SCC.List.CARD_TO_ARCHIVE).click()\n\ntests/regression_ui/test_ui_regression.py:206: \n_ _ _ _ _ _ _ _ _ _ _ _ _ _ _ _ _ _ _ _ _ _ _ _ _ _ _ _ _ _ _ _ _ _ _ _ _ _ _ _ \n/opt/hostedtoolcache/Python/3.12.5/x64/lib/python3.12/site-packages/selenium/webdriver/remote/webelement.py:94: in click\n    self._execute(Command.CLICK_ELEMENT)\n/opt/hostedtoolcache/Python/3.12.5/x64/lib/python3.12/site-packages/selenium/webdriver/remote/webelement.py:395: in _execute\n    return self._parent.execute(command, params)\n/opt/hostedtoolcache/Python/3.12.5/x64/lib/python3.12/site-packages/selenium/webdriver/remote/webdriver.py:384: in execute\n    self.error_handler.check_response(response)\n_ _ _ _ _ _ _ _ _ _ _ _ _ _ _ _ _ _ _ _ _ _ _ _ _ _ _ _ _ _ _ _ _ _ _ _ _ _ _ _ \n\nself = <selenium.webdriver.remote.errorhandler.ErrorHandler object at 0x7f18be8c4800>\nresponse = {'status': 404, 'value': '{\"value\":{\"error\":\"stale element reference\",\"message\":\"stale element reference: stale elemen...\\\\n#21 0x55d4b29493b6 \\\\u003Cunknown>\\\\n#22 0x7fc3ade9ca94 \\\\u003Cunknown>\\\\n#23 0x7fc3adf29c3c \\\\u003Cunknown>\\\\n\"}}'}\n\n    def check_response(self, response: Dict[str, Any]) -> None:\n        \"\"\"Checks that a JSON response from the WebDriver does not have an\n        error.\n    \n        :Args:\n         - response - The JSON response from the WebDriver server as a dictionary\n           object.\n    \n        :Raises: If the response contains an error message.\n        \"\"\"\n        status = response.get(\"status\", None)\n        if not status or status == ErrorCode.SUCCESS:\n            return\n        value = None\n        message = response.get(\"message\", \"\")\n        screen: str = response.get(\"screen\", \"\")\n        stacktrace = None\n        if isinstance(status, int):\n            value_json = response.get(\"value\", None)\n            if value_json and isinstance(value_json, str):\n                import json\n    \n                try:\n                    value = json.loads(value_json)\n                    if len(value) == 1:\n                        value = value[\"value\"]\n                    status = value.get(\"error\", None)\n                    if not status:\n                        status = value.get(\"status\", ErrorCode.UNKNOWN_ERROR)\n                        message = value.get(\"value\") or value.get(\"message\")\n                        if not isinstance(message, str):\n                            value = message\n                            message = message.get(\"message\")\n                    else:\n                        message = value.get(\"message\", None)\n                except ValueError:\n                    pass\n    \n        exception_class: Type[WebDriverException]\n        e = ErrorCode()\n        error_codes = [item for item in dir(e) if not item.startswith(\"__\")]\n        for error_code in error_codes:\n            error_info = getattr(ErrorCode, error_code)\n            if isinstance(error_info, list) and status in error_info:\n                exception_class = getattr(ExceptionMapping, error_code, WebDriverException)\n                break\n        else:\n            exception_class = WebDriverException\n    \n        if not value:\n            value = response[\"value\"]\n        if isinstance(value, str):\n            raise exception_class(value)\n        if message == \"\" and \"message\" in value:\n            message = value[\"message\"]\n    \n        screen = None  # type: ignore[assignment]\n        if \"screen\" in value:\n            screen = value[\"screen\"]\n    \n        stacktrace = None\n        st_value = value.get(\"stackTrace\") or value.get(\"stacktrace\")\n        if st_value:\n            if isinstance(st_value, str):\n                stacktrace = st_value.split(\"\\n\")\n            else:\n                stacktrace = []\n                try:\n                    for frame in st_value:\n                        line = frame.get(\"lineNumber\", \"\")\n                        file = frame.get(\"fileName\", \"<anonymous>\")\n                        if line:\n                            file = f\"{file}:{line}\"\n                        meth = frame.get(\"methodName\", \"<anonymous>\")\n                        if \"className\" in frame:\n                            meth = f\"{frame['className']}.{meth}\"\n                        msg = \"    at %s (%s)\"\n                        msg = msg % (meth, file)\n                        stacktrace.append(msg)\n                except TypeError:\n                    pass\n        if exception_class == UnexpectedAlertPresentException:\n            alert_text = None\n            if \"data\" in value:\n                alert_text = value[\"data\"].get(\"text\")\n            elif \"alert\" in value:\n                alert_text = value[\"alert\"].get(\"text\")\n            raise exception_class(message, screen, stacktrace, alert_text)  # type: ignore[call-arg]  # mypy is not smart enough here\n>       raise exception_class(message, screen, stacktrace)\nE       selenium.common.exceptions.StaleElementReferenceException: Message: stale element reference: stale element not found in the current frame\nE         (Session info: chrome=133.0.6943.53); For documentation on this error, please visit: https://www.selenium.dev/documentation/webdriver/troubleshooting/errors#stale-element-reference-exception\nE       Stacktrace:\nE       #0 0x55d4b294a53a <unknown>\nE       #1 0x55d4b2445f00 <unknown>\nE       #2 0x55d4b244c04c <unknown>\nE       #3 0x55d4b244e578 <unknown>\nE       #4 0x55d4b244e603 <unknown>\nE       #5 0x55d4b24978a5 <unknown>\nE       #6 0x55d4b2489d43 <unknown>\nE       #7 0x55d4b24ba5a2 <unknown>\nE       #8 0x55d4b2489758 <unknown>\nE       #9 0x55d4b24ba76e <unknown>\nE       #10 0x55d4b24d8f84 <unknown>\nE       #11 0x55d4b24ba343 <unknown>\nE       #12 0x55d4b248778a <unknown>\nE       #13 0x55d4b24889de <unknown>\nE       #14 0x55d4b29142cb <unknown>\nE       #15 0x55d4b2918242 <unknown>\nE       #16 0x55d4b29017ac <unknown>\nE       #17 0x55d4b2918df7 <unknown>\nE       #18 0x55d4b28e5b2f <unknown>\nE       #19 0x55d4b29391a8 <unknown>\nE       #20 0x55d4b2939370 <unknown>\nE       #21 0x55d4b29493b6 <unknown>\nE       #22 0x7fc3ade9ca94 <unknown>\nE       #23 0x7fc3adf29c3c <unknown>\n\n/opt/hostedtoolcache/Python/3.12.5/x64/lib/python3.12/site-packages/selenium/webdriver/remote/errorhandler.py:232: StaleElementReferenceException","steps":[{"name":"Log in to Trello account","time":{"start":1738898236880,"stop":1738898254060,"duration":17180},"status":"passed","steps":[{"name":"Navigate to the Trello page and enter valid credentials (email, password, and 6-digits verification code)","time":{"start":1738898236880,"stop":1738898254060,"duration":17180},"status":"passed","steps":[],"attachments":[],"parameters":[],"shouldDisplayMessage":false,"stepsCount":0,"attachmentsCount":0,"hasContent":false,"attachmentStep":false}],"attachments":[],"parameters":[],"shouldDisplayMessage":false,"stepsCount":1,"attachmentsCount":0,"hasContent":true,"attachmentStep":false},{"name":"Open a board and select a card","time":{"start":1738898254060,"stop":1738898258860,"duration":4800},"status":"passed","steps":[],"attachments":[],"parameters":[],"shouldDisplayMessage":false,"stepsCount":0,"attachmentsCount":0,"hasContent":false,"attachmentStep":false},{"name":"Click the card to open and archive it","time":{"start":1738898258860,"stop":1738898258916,"duration":56},"status":"broken","statusMessage":"selenium.common.exceptions.StaleElementReferenceException: Message: stale element reference: stale element not found in the current frame\n  (Session info: chrome=133.0.6943.53); For documentation on this error, please visit: https://www.selenium.dev/documentation/webdriver/troubleshooting/errors#stale-element-reference-exception\nStacktrace:\n#0 0x55d4b294a53a <unknown>\n#1 0x55d4b2445f00 <unknown>\n#2 0x55d4b244c04c <unknown>\n#3 0x55d4b244e578 <unknown>\n#4 0x55d4b244e603 <unknown>\n#5 0x55d4b24978a5 <unknown>\n#6 0x55d4b2489d43 <unknown>\n#7 0x55d4b24ba5a2 <unknown>\n#8 0x55d4b2489758 <unknown>\n#9 0x55d4b24ba76e <unknown>\n#10 0x55d4b24d8f84 <unknown>\n#11 0x55d4b24ba343 <unknown>\n#12 0x55d4b248778a <unknown>\n#13 0x55d4b24889de <unknown>\n#14 0x55d4b29142cb <unknown>\n#15 0x55d4b2918242 <unknown>\n#16 0x55d4b29017ac <unknown>\n#17 0x55d4b2918df7 <unknown>\n#18 0x55d4b28e5b2f <unknown>\n#19 0x55d4b29391a8 <unknown>\n#20 0x55d4b2939370 <unknown>\n#21 0x55d4b29493b6 <unknown>\n#22 0x7fc3ade9ca94 <unknown>\n#23 0x7fc3adf29c3c <unknown>\n\n","statusTrace":"  File \"/home/runner/work/pythonSelenium/pythonSelenium/tests/regression_ui/test_ui_regression.py\", line 206, in test_archive_card\n    driver.find_element(By.XPATH, self.SCC.List.CARD_TO_ARCHIVE).click()\n  File \"/opt/hostedtoolcache/Python/3.12.5/x64/lib/python3.12/site-packages/selenium/webdriver/remote/webelement.py\", line 94, in click\n    self._execute(Command.CLICK_ELEMENT)\n  File \"/opt/hostedtoolcache/Python/3.12.5/x64/lib/python3.12/site-packages/selenium/webdriver/remote/webelement.py\", line 395, in _execute\n    return self._parent.execute(command, params)\n           ^^^^^^^^^^^^^^^^^^^^^^^^^^^^^^^^^^^^^\n  File \"/opt/hostedtoolcache/Python/3.12.5/x64/lib/python3.12/site-packages/selenium/webdriver/remote/webdriver.py\", line 384, in execute\n    self.error_handler.check_response(response)\n  File \"/opt/hostedtoolcache/Python/3.12.5/x64/lib/python3.12/site-packages/selenium/webdriver/remote/errorhandler.py\", line 232, in check_response\n    raise exception_class(message, screen, stacktrace)\n","steps":[],"attachments":[],"parameters":[],"shouldDisplayMessage":true,"stepsCount":0,"attachmentsCount":0,"hasContent":true,"attachmentStep":false}],"attachments":[{"uid":"4bfc6e2facb3349e","name":"log","source":"4bfc6e2facb3349e.txt","type":"text/plain","size":360}],"parameters":[],"shouldDisplayMessage":true,"stepsCount":4,"attachmentsCount":1,"hasContent":true,"attachmentStep":false},"afterStages":[{"name":"driver::0","time":{"start":1738898258977,"stop":1738898259054,"duration":77},"status":"passed","steps":[],"attachments":[],"parameters":[],"shouldDisplayMessage":false,"stepsCount":0,"attachmentsCount":0,"hasContent":false,"attachmentStep":false}],"labels":[{"name":"tag","value":"TC006"},{"name":"tag","value":"TC000"},{"name":"parentSuite","value":"tests.regression_ui"},{"name":"suite","value":"test_ui_regression"},{"name":"subSuite","value":"TestUIRegression"},{"name":"host","value":"fv-az1690-951"},{"name":"thread","value":"4070-MainThread"},{"name":"framework","value":"pytest"},{"name":"language","value":"cpython3"},{"name":"package","value":"tests.regression_ui.test_ui_regression"},{"name":"resultFormat","value":"allure2"}],"parameters":[],"links":[],"hidden":false,"retry":false,"extra":{"severity":"normal","retries":[],"categories":[{"name":"Test defects","matchedStatuses":[],"flaky":false}],"history":{"statistic":{"failed":12,"broken":23,"skipped":0,"passed":185,"unknown":0,"total":220},"items":[{"uid":"62478dd5c7e724c2","status":"passed","time":{"start":1738888904323,"stop":1738888935791,"duration":31468}},{"uid":"7ac1586346983943","status":"passed","time":{"start":1738876210737,"stop":1738876243642,"duration":32905}},{"uid":"9438d2f49de3062e","status":"passed","time":{"start":1738865620595,"stop":1738865658432,"duration":37837}},{"uid":"e1fac54bb7341f4b","status":"passed","time":{"start":1738854672895,"stop":1738854705995,"duration":33100}},{"uid":"6f95edfc02b05ec7","status":"failed","statusDetails":"AssertionError: assert 1 == 0","time":{"start":1738844349630,"stop":1738844389783,"duration":40153}},{"uid":"6d50f83e84221b1","status":"passed","time":{"start":1738833102692,"stop":1738833134962,"duration":32270}},{"uid":"dfc1e64d316c6b","status":"passed","time":{"start":1738822480300,"stop":1738822517564,"duration":37264}},{"uid":"3c0d24149ca511d1","status":"passed","time":{"start":1738811683572,"stop":1738811716856,"duration":33284}},{"uid":"25c8815f5dac18ad","status":"passed","time":{"start":1738802533488,"stop":1738802566065,"duration":32577}},{"uid":"d07b0027ac4f9cda","status":"passed","time":{"start":1738789812889,"stop":1738789844948,"duration":32059}},{"uid":"82d9ecb40881ba34","status":"passed","time":{"start":1738779253822,"stop":1738779286529,"duration":32707}},{"uid":"dd9cc6ebd27238a3","status":"passed","time":{"start":1738768274042,"stop":1738768306685,"duration":32643}},{"uid":"ae759662521466d5","status":"passed","time":{"start":1738757893070,"stop":1738757925668,"duration":32598}},{"uid":"68e9ea73a8a2248d","status":"passed","time":{"start":1738746700849,"stop":1738746732353,"duration":31504}},{"uid":"664fe80c0af5ab4d","status":"passed","time":{"start":1738736079267,"stop":1738736117528,"duration":38261}},{"uid":"a303ee19f3618da6","status":"passed","time":{"start":1738725372060,"stop":1738725403641,"duration":31581}},{"uid":"cf831655a4f5b122","status":"passed","time":{"start":1738716311570,"stop":1738716344765,"duration":33195}},{"uid":"95feeea9cb2eafc","status":"broken","statusDetails":"selenium.common.exceptions.SessionNotCreatedException: Message: session not created: probably user data directory is already in use, please specify a unique value for --user-data-dir argument, or don't use --user-data-dir\nStacktrace:\n#0 0x563d8c884dca <unknown>\n#1 0x563d8c37b3f0 <unknown>\n#2 0x563d8c3b247a <unknown>\n#3 0x563d8c3ae9b6 <unknown>\n#4 0x563d8c3fbca6 <unknown>\n#5 0x563d8c3fb2f6 <unknown>\n#6 0x563d8c3ef833 <unknown>\n#7 0x563d8c3bc5a0 <unknown>\n#8 0x563d8c3bdece <unknown>\n#9 0x563d8c84ebdb <unknown>\n#10 0x563d8c852b67 <unknown>\n#11 0x563d8c83a3bc <unknown>\n#12 0x563d8c853727 <unknown>\n#13 0x563d8c81e74f <unknown>\n#14 0x563d8c873938 <unknown>\n#15 0x563d8c873b00 <unknown>\n#16 0x563d8c883c46 <unknown>\n#17 0x7f1e2e49ca94 <unknown>\n#18 0x7f1e2e529c3c <unknown>","time":{"start":1738703279657,"stop":1738703279657,"duration":0}},{"uid":"f3c6499d0b08574d","status":"broken","statusDetails":"selenium.common.exceptions.NoSuchElementException: Message: no such element: Unable to locate element: {\"method\":\"xpath\",\"selector\":\"//*[contains(text(), 'new_card')]\"}\n  (Session info: chrome=133.0.6943.53); For documentation on this error, please visit: https://www.selenium.dev/documentation/webdriver/troubleshooting/errors#no-such-element-exception\nStacktrace:\n#0 0x5613ff7acdca <unknown>\n#1 0x5613ff2a33f0 <unknown>\n#2 0x5613ff2f310c <unknown>\n#3 0x5613ff2f3331 <unknown>\n#4 0x5613ff339154 <unknown>\n#5 0x5613ff317abd <unknown>\n#6 0x5613ff3364b3 <unknown>\n#7 0x5613ff317833 <unknown>\n#8 0x5613ff2e45a0 <unknown>\n#9 0x5613ff2e5ece <unknown>\n#10 0x5613ff776bdb <unknown>\n#11 0x5613ff77ab67 <unknown>\n#12 0x5613ff7623bc <unknown>\n#13 0x5613ff77b727 <unknown>\n#14 0x5613ff74674f <unknown>\n#15 0x5613ff79b938 <unknown>\n#16 0x5613ff79bb00 <unknown>\n#17 0x5613ff7abc46 <unknown>\n#18 0x7ff6d109ca94 <unknown>\n#19 0x7ff6d1129c3c <unknown>","time":{"start":1738697762274,"stop":1738697804831,"duration":42557}},{"uid":"18da10d0b666239d","status":"broken","statusDetails":"selenium.common.exceptions.NoSuchElementException: Message: no such element: Unable to locate element: {\"method\":\"xpath\",\"selector\":\"//*[contains(text(), 'new_card')]\"}\n  (Session info: chrome=133.0.6943.53); For documentation on this error, please visit: https://www.selenium.dev/documentation/webdriver/troubleshooting/errors#no-such-element-exception\nStacktrace:\n#0 0x55aced4dedca <unknown>\n#1 0x55acecfd53f0 <unknown>\n#2 0x55aced02510c <unknown>\n#3 0x55aced025331 <unknown>\n#4 0x55aced06b154 <unknown>\n#5 0x55aced049abd <unknown>\n#6 0x55aced0684b3 <unknown>\n#7 0x55aced049833 <unknown>\n#8 0x55aced0165a0 <unknown>\n#9 0x55aced017ece <unknown>\n#10 0x55aced4a8bdb <unknown>\n#11 0x55aced4acb67 <unknown>\n#12 0x55aced4943bc <unknown>\n#13 0x55aced4ad727 <unknown>\n#14 0x55aced47874f <unknown>\n#15 0x55aced4cd938 <unknown>\n#16 0x55aced4cdb00 <unknown>\n#17 0x55aced4ddc46 <unknown>\n#18 0x7ff88389ca94 <unknown>\n#19 0x7ff883929c3c <unknown>","time":{"start":1738692901395,"stop":1738692943787,"duration":42392}}]},"tags":["TC006","TC000"]},"source":"a1e4f7895afdf958.json","parameterValues":[]}