{"uid":"a29399567467847a","name":"Archive a card","fullName":"tests.regression_ui.test_ui_regression.TestUIRegression#test_archive_card","historyId":"4151bed777d70c35651f4626d00b86b5","time":{"start":1743801029609,"stop":1743801049211,"duration":19602},"status":"passed","flaky":false,"newFailed":false,"newBroken":false,"newPassed":true,"retriesCount":0,"retriesStatusChange":false,"beforeStages":[{"name":"driver","time":{"start":1743801029280,"stop":1743801029609,"duration":329},"status":"passed","steps":[],"attachments":[],"parameters":[],"shouldDisplayMessage":false,"stepsCount":0,"attachmentsCount":0,"hasContent":false,"attachmentStep":false},{"name":"setup","time":{"start":1743801029609,"stop":1743801029609,"duration":0},"status":"passed","steps":[],"attachments":[],"parameters":[],"shouldDisplayMessage":false,"stepsCount":0,"attachmentsCount":0,"hasContent":false,"attachmentStep":false}],"testStage":{"status":"passed","steps":[{"name":"Log in to Trello account","time":{"start":1743801034609,"stop":1743801040516,"duration":5907},"status":"passed","steps":[{"name":"Navigate to the Trello page and enter valid credentials (email, password, and 6-digits verification code)","time":{"start":1743801034610,"stop":1743801040516,"duration":5906},"status":"passed","steps":[],"attachments":[],"parameters":[],"shouldDisplayMessage":false,"stepsCount":0,"attachmentsCount":0,"hasContent":false,"attachmentStep":false}],"attachments":[],"parameters":[],"shouldDisplayMessage":false,"stepsCount":1,"attachmentsCount":0,"hasContent":true,"attachmentStep":false},{"name":"Open a board and select a card","time":{"start":1743801040516,"stop":1743801044934,"duration":4418},"status":"passed","steps":[],"attachments":[],"parameters":[],"shouldDisplayMessage":false,"stepsCount":0,"attachmentsCount":0,"hasContent":false,"attachmentStep":false},{"name":"Click the card to open and archive it","time":{"start":1743801044934,"stop":1743801046202,"duration":1268},"status":"passed","steps":[],"attachments":[],"parameters":[],"shouldDisplayMessage":false,"stepsCount":0,"attachmentsCount":0,"hasContent":false,"attachmentStep":false},{"name":"Verify that the card is archived and the list is empty","time":{"start":1743801046202,"stop":1743801049211,"duration":3009},"status":"passed","steps":[],"attachments":[],"parameters":[],"shouldDisplayMessage":false,"stepsCount":0,"attachmentsCount":0,"hasContent":false,"attachmentStep":false}],"attachments":[{"uid":"91f492f01e097d04","name":"log","source":"91f492f01e097d04.txt","type":"text/plain","size":360}],"parameters":[],"shouldDisplayMessage":false,"stepsCount":5,"attachmentsCount":1,"hasContent":true,"attachmentStep":false},"afterStages":[{"name":"driver::0","time":{"start":1743801049212,"stop":1743801049283,"duration":71},"status":"passed","steps":[],"attachments":[],"parameters":[],"shouldDisplayMessage":false,"stepsCount":0,"attachmentsCount":0,"hasContent":false,"attachmentStep":false}],"labels":[{"name":"tag","value":"TC006"},{"name":"tag","value":"TC000"},{"name":"parentSuite","value":"tests.regression_ui"},{"name":"suite","value":"test_ui_regression"},{"name":"subSuite","value":"TestUIRegression"},{"name":"host","value":"fv-az1911-6"},{"name":"thread","value":"4719-MainThread"},{"name":"framework","value":"pytest"},{"name":"language","value":"cpython3"},{"name":"package","value":"tests.regression_ui.test_ui_regression"},{"name":"resultFormat","value":"allure2"}],"parameters":[],"links":[],"hidden":false,"retry":false,"extra":{"severity":"normal","retries":[],"categories":[],"history":{"statistic":{"failed":22,"broken":89,"skipped":0,"passed":562,"unknown":0,"total":673},"items":[{"uid":"522c985b6e60b53f","status":"broken","statusDetails":"selenium.common.exceptions.NoSuchElementException: Message: no such element: Unable to locate element: {\"method\":\"xpath\",\"selector\":\"//*[contains(text(), 'new_card')]\"}\n  (Session info: chrome=135.0.7049.52); For documentation on this error, please visit: https://www.selenium.dev/documentation/webdriver/troubleshooting/errors#no-such-element-exception\nStacktrace:\n#0 0x55efa33abffa <unknown>\n#1 0x55efa2e6a970 <unknown>\n#2 0x55efa2ebc385 <unknown>\n#3 0x55efa2ebc5b1 <unknown>\n#4 0x55efa2f0b3c4 <unknown>\n#5 0x55efa2ee22bd <unknown>\n#6 0x55efa2f0870c <unknown>\n#7 0x55efa2ee2063 <unknown>\n#8 0x55efa2eae328 <unknown>\n#9 0x55efa2eaf491 <unknown>\n#10 0x55efa337342b <unknown>\n#11 0x55efa33772ec <unknown>\n#12 0x55efa335aa22 <unknown>\n#13 0x55efa3377e64 <unknown>\n#14 0x55efa333ebef <unknown>\n#15 0x55efa339a558 <unknown>\n#16 0x55efa339a736 <unknown>\n#17 0x55efa33aae76 <unknown>\n#18 0x7f808129caa4 <unknown>\n#19 0x7f8081329c3c <unknown>","time":{"start":1743790526206,"stop":1743790567865,"duration":41659}},{"uid":"617906c58d56d8d8","status":"broken","statusDetails":"selenium.common.exceptions.NoSuchElementException: Message: no such element: Unable to locate element: {\"method\":\"xpath\",\"selector\":\"//*[contains(text(), 'new_card')]\"}\n  (Session info: chrome=135.0.7049.52); For documentation on this error, please visit: https://www.selenium.dev/documentation/webdriver/troubleshooting/errors#no-such-element-exception\nStacktrace:\n#0 0x556a6c1feffa <unknown>\n#1 0x556a6bcbd970 <unknown>\n#2 0x556a6bd0f385 <unknown>\n#3 0x556a6bd0f5b1 <unknown>\n#4 0x556a6bd5e3c4 <unknown>\n#5 0x556a6bd352bd <unknown>\n#6 0x556a6bd5b70c <unknown>\n#7 0x556a6bd35063 <unknown>\n#8 0x556a6bd01328 <unknown>\n#9 0x556a6bd02491 <unknown>\n#10 0x556a6c1c642b <unknown>\n#11 0x556a6c1ca2ec <unknown>\n#12 0x556a6c1ada22 <unknown>\n#13 0x556a6c1cae64 <unknown>\n#14 0x556a6c191bef <unknown>\n#15 0x556a6c1ed558 <unknown>\n#16 0x556a6c1ed736 <unknown>\n#17 0x556a6c1fde76 <unknown>\n#18 0x7fd53f89caa4 <unknown>\n#19 0x7fd53f929c3c <unknown>","time":{"start":1743779534257,"stop":1743779575500,"duration":41243}},{"uid":"8f1e0230c99cd644","status":"broken","statusDetails":"selenium.common.exceptions.NoSuchElementException: Message: no such element: Unable to locate element: {\"method\":\"xpath\",\"selector\":\"//*[contains(text(), 'new_card')]\"}\n  (Session info: chrome=135.0.7049.52); For documentation on this error, please visit: https://www.selenium.dev/documentation/webdriver/troubleshooting/errors#no-such-element-exception\nStacktrace:\n#0 0x55bff9cc2ffa <unknown>\n#1 0x55bff9781970 <unknown>\n#2 0x55bff97d3385 <unknown>\n#3 0x55bff97d35b1 <unknown>\n#4 0x55bff98223c4 <unknown>\n#5 0x55bff97f92bd <unknown>\n#6 0x55bff981f70c <unknown>\n#7 0x55bff97f9063 <unknown>\n#8 0x55bff97c5328 <unknown>\n#9 0x55bff97c6491 <unknown>\n#10 0x55bff9c8a42b <unknown>\n#11 0x55bff9c8e2ec <unknown>\n#12 0x55bff9c71a22 <unknown>\n#13 0x55bff9c8ee64 <unknown>\n#14 0x55bff9c55bef <unknown>\n#15 0x55bff9cb1558 <unknown>\n#16 0x55bff9cb1736 <unknown>\n#17 0x55bff9cc1e76 <unknown>\n#18 0x7fd0db69caa4 <unknown>\n#19 0x7fd0db729c3c <unknown>","time":{"start":1743769166290,"stop":1743769188609,"duration":22319}},{"uid":"f22636033200fb25","status":"broken","statusDetails":"selenium.common.exceptions.NoSuchElementException: Message: no such element: Unable to locate element: {\"method\":\"xpath\",\"selector\":\"//*[contains(text(), 'new_card')]\"}\n  (Session info: chrome=135.0.7049.52); For documentation on this error, please visit: https://www.selenium.dev/documentation/webdriver/troubleshooting/errors#no-such-element-exception\nStacktrace:\n#0 0x56290986fffa <unknown>\n#1 0x56290932e970 <unknown>\n#2 0x562909380385 <unknown>\n#3 0x5629093805b1 <unknown>\n#4 0x5629093cf3c4 <unknown>\n#5 0x5629093a62bd <unknown>\n#6 0x5629093cc70c <unknown>\n#7 0x5629093a6063 <unknown>\n#8 0x562909372328 <unknown>\n#9 0x562909373491 <unknown>\n#10 0x56290983742b <unknown>\n#11 0x56290983b2ec <unknown>\n#12 0x56290981ea22 <unknown>\n#13 0x56290983be64 <unknown>\n#14 0x562909802bef <unknown>\n#15 0x56290985e558 <unknown>\n#16 0x56290985e736 <unknown>\n#17 0x56290986ee76 <unknown>\n#18 0x7f837949caa4 <unknown>\n#19 0x7f8379529c3c <unknown>","time":{"start":1743757973373,"stop":1743758014546,"duration":41173}},{"uid":"627a9b71412f2425","status":"broken","statusDetails":"selenium.common.exceptions.NoSuchElementException: Message: no such element: Unable to locate element: {\"method\":\"xpath\",\"selector\":\"//*[contains(text(), 'new_card')]\"}\n  (Session info: chrome=135.0.7049.52); For documentation on this error, please visit: https://www.selenium.dev/documentation/webdriver/troubleshooting/errors#no-such-element-exception\nStacktrace:\n#0 0x55c8db61affa <unknown>\n#1 0x55c8db0d9970 <unknown>\n#2 0x55c8db12b385 <unknown>\n#3 0x55c8db12b5b1 <unknown>\n#4 0x55c8db17a3c4 <unknown>\n#5 0x55c8db1512bd <unknown>\n#6 0x55c8db17770c <unknown>\n#7 0x55c8db151063 <unknown>\n#8 0x55c8db11d328 <unknown>\n#9 0x55c8db11e491 <unknown>\n#10 0x55c8db5e242b <unknown>\n#11 0x55c8db5e62ec <unknown>\n#12 0x55c8db5c9a22 <unknown>\n#13 0x55c8db5e6e64 <unknown>\n#14 0x55c8db5adbef <unknown>\n#15 0x55c8db609558 <unknown>\n#16 0x55c8db609736 <unknown>\n#17 0x55c8db619e76 <unknown>\n#18 0x7fe96389caa4 <unknown>\n#19 0x7fe963929c3c <unknown>","time":{"start":1743747379127,"stop":1743747420405,"duration":41278}},{"uid":"8310adc9eb18a3ed","status":"passed","time":{"start":1743737309640,"stop":1743737329109,"duration":19469}},{"uid":"8a11bb9bc6c4715","status":"broken","statusDetails":"selenium.common.exceptions.NoSuchElementException: Message: no such element: Unable to locate element: {\"method\":\"xpath\",\"selector\":\"//*[contains(text(), 'new_card')]\"}\n  (Session info: chrome=135.0.7049.52); For documentation on this error, please visit: https://www.selenium.dev/documentation/webdriver/troubleshooting/errors#no-such-element-exception\nStacktrace:\n#0 0x55ae231c7ffa <unknown>\n#1 0x55ae22c86970 <unknown>\n#2 0x55ae22cd8385 <unknown>\n#3 0x55ae22cd85b1 <unknown>\n#4 0x55ae22d273c4 <unknown>\n#5 0x55ae22cfe2bd <unknown>\n#6 0x55ae22d2470c <unknown>\n#7 0x55ae22cfe063 <unknown>\n#8 0x55ae22cca328 <unknown>\n#9 0x55ae22ccb491 <unknown>\n#10 0x55ae2318f42b <unknown>\n#11 0x55ae231932ec <unknown>\n#12 0x55ae23176a22 <unknown>\n#13 0x55ae23193e64 <unknown>\n#14 0x55ae2315abef <unknown>\n#15 0x55ae231b6558 <unknown>\n#16 0x55ae231b6736 <unknown>\n#17 0x55ae231c6e76 <unknown>\n#18 0x7f537449caa4 <unknown>\n#19 0x7f5374529c3c <unknown>","time":{"start":1743727636601,"stop":1743727678333,"duration":41732}},{"uid":"45cad8192ee788a2","status":"broken","statusDetails":"selenium.common.exceptions.NoSuchElementException: Message: no such element: Unable to locate element: {\"method\":\"xpath\",\"selector\":\"//*[contains(text(), 'new_card')]\"}\n  (Session info: chrome=135.0.7049.52); For documentation on this error, please visit: https://www.selenium.dev/documentation/webdriver/troubleshooting/errors#no-such-element-exception\nStacktrace:\n#0 0x55fe5ddd4a1a <unknown>\n#1 0x55fe5d88c390 <unknown>\n#2 0x55fe5d8ddc85 <unknown>\n#3 0x55fe5d8ddeb1 <unknown>\n#4 0x55fe5d92cd64 <unknown>\n#5 0x55fe5d903bfd <unknown>\n#6 0x55fe5d92a07b <unknown>\n#7 0x55fe5d9039a3 <unknown>\n#8 0x55fe5d8cf60e <unknown>\n#9 0x55fe5d8d0dd1 <unknown>\n#10 0x55fe5dd9addb <unknown>\n#11 0x55fe5dd9ecbc <unknown>\n#12 0x55fe5dd82392 <unknown>\n#13 0x55fe5dd9f834 <unknown>\n#14 0x55fe5dd661ef <unknown>\n#15 0x55fe5ddc3038 <unknown>\n#16 0x55fe5ddc3216 <unknown>\n#17 0x55fe5ddd3896 <unknown>\n#18 0x7efc2c69caa4 <unknown>\n#19 0x7efc2c729c3c <unknown>","time":{"start":1743714684852,"stop":1743714726033,"duration":41181}},{"uid":"ccfad89ebf23bebe","status":"broken","statusDetails":"selenium.common.exceptions.NoSuchElementException: Message: no such element: Unable to locate element: {\"method\":\"xpath\",\"selector\":\"//*[contains(text(), 'new_card')]\"}\n  (Session info: chrome=135.0.7049.52); For documentation on this error, please visit: https://www.selenium.dev/documentation/webdriver/troubleshooting/errors#no-such-element-exception\nStacktrace:\n#0 0x55a7c8a07ffa <unknown>\n#1 0x55a7c84c6970 <unknown>\n#2 0x55a7c8518385 <unknown>\n#3 0x55a7c85185b1 <unknown>\n#4 0x55a7c85673c4 <unknown>\n#5 0x55a7c853e2bd <unknown>\n#6 0x55a7c856470c <unknown>\n#7 0x55a7c853e063 <unknown>\n#8 0x55a7c850a328 <unknown>\n#9 0x55a7c850b491 <unknown>\n#10 0x55a7c89cf42b <unknown>\n#11 0x55a7c89d32ec <unknown>\n#12 0x55a7c89b6a22 <unknown>\n#13 0x55a7c89d3e64 <unknown>\n#14 0x55a7c899abef <unknown>\n#15 0x55a7c89f6558 <unknown>\n#16 0x55a7c89f6736 <unknown>\n#17 0x55a7c8a06e76 <unknown>\n#18 0x7faa5f09caa4 <unknown>\n#19 0x7faa5f129c3c <unknown>","time":{"start":1743704144265,"stop":1743704185583,"duration":41318}},{"uid":"8fd516337d2a6491","status":"broken","statusDetails":"selenium.common.exceptions.NoSuchElementException: Message: no such element: Unable to locate element: {\"method\":\"xpath\",\"selector\":\"//*[contains(text(), 'new_card')]\"}\n  (Session info: chrome=135.0.7049.52); For documentation on this error, please visit: https://www.selenium.dev/documentation/webdriver/troubleshooting/errors#no-such-element-exception\nStacktrace:\n#0 0x55999afeda1a <unknown>\n#1 0x55999aaa5390 <unknown>\n#2 0x55999aaf6c85 <unknown>\n#3 0x55999aaf6eb1 <unknown>\n#4 0x55999ab45d64 <unknown>\n#5 0x55999ab1cbfd <unknown>\n#6 0x55999ab4307b <unknown>\n#7 0x55999ab1c9a3 <unknown>\n#8 0x55999aae860e <unknown>\n#9 0x55999aae9dd1 <unknown>\n#10 0x55999afb3ddb <unknown>\n#11 0x55999afb7cbc <unknown>\n#12 0x55999af9b392 <unknown>\n#13 0x55999afb8834 <unknown>\n#14 0x55999af7f1ef <unknown>\n#15 0x55999afdc038 <unknown>\n#16 0x55999afdc216 <unknown>\n#17 0x55999afec896 <unknown>\n#18 0x7fd618a9caa4 <unknown>\n#19 0x7fd618b29c3c <unknown>","time":{"start":1743693143226,"stop":1743693165091,"duration":21865}},{"uid":"ff0266a7ba36dcd","status":"broken","statusDetails":"selenium.common.exceptions.NoSuchElementException: Message: no such element: Unable to locate element: {\"method\":\"xpath\",\"selector\":\"//*[contains(text(), 'new_card')]\"}\n  (Session info: chrome=135.0.7049.52); For documentation on this error, please visit: https://www.selenium.dev/documentation/webdriver/troubleshooting/errors#no-such-element-exception\nStacktrace:\n#0 0x5556e4e3effa <unknown>\n#1 0x5556e48fd970 <unknown>\n#2 0x5556e494f385 <unknown>\n#3 0x5556e494f5b1 <unknown>\n#4 0x5556e499e3c4 <unknown>\n#5 0x5556e49752bd <unknown>\n#6 0x5556e499b70c <unknown>\n#7 0x5556e4975063 <unknown>\n#8 0x5556e4941328 <unknown>\n#9 0x5556e4942491 <unknown>\n#10 0x5556e4e0642b <unknown>\n#11 0x5556e4e0a2ec <unknown>\n#12 0x5556e4deda22 <unknown>\n#13 0x5556e4e0ae64 <unknown>\n#14 0x5556e4dd1bef <unknown>\n#15 0x5556e4e2d558 <unknown>\n#16 0x5556e4e2d736 <unknown>\n#17 0x5556e4e3de76 <unknown>\n#18 0x7f8c76c9caa4 <unknown>\n#19 0x7f8c76d29c3c <unknown>","time":{"start":1743683063458,"stop":1743683105183,"duration":41725}},{"uid":"bdf5b7678296b026","status":"passed","time":{"start":1743671552733,"stop":1743671572888,"duration":20155}},{"uid":"c04cd8d0755c946f","status":"broken","statusDetails":"selenium.common.exceptions.NoSuchElementException: Message: no such element: Unable to locate element: {\"method\":\"xpath\",\"selector\":\"//*[contains(text(), 'new_card')]\"}\n  (Session info: chrome=135.0.7049.52); For documentation on this error, please visit: https://www.selenium.dev/documentation/webdriver/troubleshooting/errors#no-such-element-exception\nStacktrace:\n#0 0x5585c193aa1a <unknown>\n#1 0x5585c13f2390 <unknown>\n#2 0x5585c1443c85 <unknown>\n#3 0x5585c1443eb1 <unknown>\n#4 0x5585c1492d64 <unknown>\n#5 0x5585c1469bfd <unknown>\n#6 0x5585c149007b <unknown>\n#7 0x5585c14699a3 <unknown>\n#8 0x5585c143560e <unknown>\n#9 0x5585c1436dd1 <unknown>\n#10 0x5585c1900ddb <unknown>\n#11 0x5585c1904cbc <unknown>\n#12 0x5585c18e8392 <unknown>\n#13 0x5585c1905834 <unknown>\n#14 0x5585c18cc1ef <unknown>\n#15 0x5585c1929038 <unknown>\n#16 0x5585c1929216 <unknown>\n#17 0x5585c1939896 <unknown>\n#18 0x7f589189caa4 <unknown>\n#19 0x7f5891929c3c <unknown>","time":{"start":1743660975102,"stop":1743661016273,"duration":41171}},{"uid":"326710c7eec6fa6e","status":"passed","time":{"start":1743650881330,"stop":1743650902320,"duration":20990}},{"uid":"65afd819a708c2bd","status":"broken","statusDetails":"selenium.common.exceptions.NoSuchElementException: Message: no such element: Unable to locate element: {\"method\":\"xpath\",\"selector\":\"//*[contains(text(), 'new_card')]\"}\n  (Session info: chrome=135.0.7049.52); For documentation on this error, please visit: https://www.selenium.dev/documentation/webdriver/troubleshooting/errors#no-such-element-exception\nStacktrace:\n#0 0x55bc7dbf2ffa <unknown>\n#1 0x55bc7d6b1970 <unknown>\n#2 0x55bc7d703385 <unknown>\n#3 0x55bc7d7035b1 <unknown>\n#4 0x55bc7d7523c4 <unknown>\n#5 0x55bc7d7292bd <unknown>\n#6 0x55bc7d74f70c <unknown>\n#7 0x55bc7d729063 <unknown>\n#8 0x55bc7d6f5328 <unknown>\n#9 0x55bc7d6f6491 <unknown>\n#10 0x55bc7dbba42b <unknown>\n#11 0x55bc7dbbe2ec <unknown>\n#12 0x55bc7dba1a22 <unknown>\n#13 0x55bc7dbbee64 <unknown>\n#14 0x55bc7db85bef <unknown>\n#15 0x55bc7dbe1558 <unknown>\n#16 0x55bc7dbe1736 <unknown>\n#17 0x55bc7dbf1e76 <unknown>\n#18 0x7f73e029caa4 <unknown>\n#19 0x7f73e0329c3c <unknown>","time":{"start":1743641079822,"stop":1743641121476,"duration":41654}},{"uid":"62148815004fd5ac","status":"broken","statusDetails":"selenium.common.exceptions.NoSuchElementException: Message: no such element: Unable to locate element: {\"method\":\"xpath\",\"selector\":\"//*[contains(text(), 'new_card')]\"}\n  (Session info: chrome=135.0.7049.52); For documentation on this error, please visit: https://www.selenium.dev/documentation/webdriver/troubleshooting/errors#no-such-element-exception\nStacktrace:\n#0 0x55b51fc1dffa <unknown>\n#1 0x55b51f6dc970 <unknown>\n#2 0x55b51f72e385 <unknown>\n#3 0x55b51f72e5b1 <unknown>\n#4 0x55b51f77d3c4 <unknown>\n#5 0x55b51f7542bd <unknown>\n#6 0x55b51f77a70c <unknown>\n#7 0x55b51f754063 <unknown>\n#8 0x55b51f720328 <unknown>\n#9 0x55b51f721491 <unknown>\n#10 0x55b51fbe542b <unknown>\n#11 0x55b51fbe92ec <unknown>\n#12 0x55b51fbcca22 <unknown>\n#13 0x55b51fbe9e64 <unknown>\n#14 0x55b51fbb0bef <unknown>\n#15 0x55b51fc0c558 <unknown>\n#16 0x55b51fc0c736 <unknown>\n#17 0x55b51fc1ce76 <unknown>\n#18 0x7feb0589caa4 <unknown>\n#19 0x7feb05929c3c <unknown>","time":{"start":1743628279784,"stop":1743628321135,"duration":41351}},{"uid":"62c3794b0aa5da88","status":"passed","time":{"start":1743617763475,"stop":1743617784135,"duration":20660}},{"uid":"606587e7ba280aa4","status":"broken","statusDetails":"selenium.common.exceptions.NoSuchElementException: Message: no such element: Unable to locate element: {\"method\":\"xpath\",\"selector\":\"//*[contains(text(), 'new_card')]\"}\n  (Session info: chrome=135.0.7049.52); For documentation on this error, please visit: https://www.selenium.dev/documentation/webdriver/troubleshooting/errors#no-such-element-exception\nStacktrace:\n#0 0x55d40dedcffa <unknown>\n#1 0x55d40d99b970 <unknown>\n#2 0x55d40d9ed385 <unknown>\n#3 0x55d40d9ed5b1 <unknown>\n#4 0x55d40da3c3c4 <unknown>\n#5 0x55d40da132bd <unknown>\n#6 0x55d40da3970c <unknown>\n#7 0x55d40da13063 <unknown>\n#8 0x55d40d9df328 <unknown>\n#9 0x55d40d9e0491 <unknown>\n#10 0x55d40dea442b <unknown>\n#11 0x55d40dea82ec <unknown>\n#12 0x55d40de8ba22 <unknown>\n#13 0x55d40dea8e64 <unknown>\n#14 0x55d40de6fbef <unknown>\n#15 0x55d40decb558 <unknown>\n#16 0x55d40decb736 <unknown>\n#17 0x55d40dedbe76 <unknown>\n#18 0x7f183989caa4 <unknown>\n#19 0x7f1839929c3c <unknown>","time":{"start":1743606699617,"stop":1743606742254,"duration":42637}},{"uid":"d447f521764cae4f","status":"broken","statusDetails":"selenium.common.exceptions.NoSuchElementException: Message: no such element: Unable to locate element: {\"method\":\"xpath\",\"selector\":\"//*[contains(text(), 'new_card')]\"}\n  (Session info: chrome=135.0.7049.52); For documentation on this error, please visit: https://www.selenium.dev/documentation/webdriver/troubleshooting/errors#no-such-element-exception\nStacktrace:\n#0 0x559aa276cffa <unknown>\n#1 0x559aa222b970 <unknown>\n#2 0x559aa227d385 <unknown>\n#3 0x559aa227d5b1 <unknown>\n#4 0x559aa22cc3c4 <unknown>\n#5 0x559aa22a32bd <unknown>\n#6 0x559aa22c970c <unknown>\n#7 0x559aa22a3063 <unknown>\n#8 0x559aa226f328 <unknown>\n#9 0x559aa2270491 <unknown>\n#10 0x559aa273442b <unknown>\n#11 0x559aa27382ec <unknown>\n#12 0x559aa271ba22 <unknown>\n#13 0x559aa2738e64 <unknown>\n#14 0x559aa26ffbef <unknown>\n#15 0x559aa275b558 <unknown>\n#16 0x559aa275b736 <unknown>\n#17 0x559aa276be76 <unknown>\n#18 0x7f90eb09caa4 <unknown>\n#19 0x7f90eb129c3c <unknown>","time":{"start":1743596455301,"stop":1743596476605,"duration":21304}},{"uid":"3c6b7f690345ae7b","status":"broken","statusDetails":"selenium.common.exceptions.NoSuchElementException: Message: no such element: Unable to locate element: {\"method\":\"xpath\",\"selector\":\"//*[contains(text(), 'new_card')]\"}\n  (Session info: chrome=135.0.7049.52); For documentation on this error, please visit: https://www.selenium.dev/documentation/webdriver/troubleshooting/errors#no-such-element-exception\nStacktrace:\n#0 0x5593a3866ffa <unknown>\n#1 0x5593a3325970 <unknown>\n#2 0x5593a3377385 <unknown>\n#3 0x5593a33775b1 <unknown>\n#4 0x5593a33c63c4 <unknown>\n#5 0x5593a339d2bd <unknown>\n#6 0x5593a33c370c <unknown>\n#7 0x5593a339d063 <unknown>\n#8 0x5593a3369328 <unknown>\n#9 0x5593a336a491 <unknown>\n#10 0x5593a382e42b <unknown>\n#11 0x5593a38322ec <unknown>\n#12 0x5593a3815a22 <unknown>\n#13 0x5593a3832e64 <unknown>\n#14 0x5593a37f9bef <unknown>\n#15 0x5593a3855558 <unknown>\n#16 0x5593a3855736 <unknown>\n#17 0x5593a3865e76 <unknown>\n#18 0x7fa924a9caa4 <unknown>\n#19 0x7fa924b29c3c <unknown>","time":{"start":1743585129254,"stop":1743585170381,"duration":41127}}]},"tags":["TC006","TC000"]},"source":"a29399567467847a.json","parameterValues":[]}