{"uid":"a7bc707ab5a0fd37","name":"Drag and drop card from one list to another","fullName":"tests.regression_ui.test_ui_regression.TestUIRegression#test_drag_n_drop_card","historyId":"58c27d4ea8138de64fd4e105da17ea92","time":{"start":1743779510638,"stop":1743779533815,"duration":23177},"status":"broken","statusMessage":"selenium.common.exceptions.TimeoutException: Message: \nStacktrace:\n#0 0x560186c36ffa <unknown>\n#1 0x5601866f5970 <unknown>\n#2 0x560186747385 <unknown>\n#3 0x5601867475b1 <unknown>\n#4 0x5601867963c4 <unknown>\n#5 0x56018676d2bd <unknown>\n#6 0x56018679370c <unknown>\n#7 0x56018676d063 <unknown>\n#8 0x560186739328 <unknown>\n#9 0x56018673a491 <unknown>\n#10 0x560186bfe42b <unknown>\n#11 0x560186c022ec <unknown>\n#12 0x560186be5a22 <unknown>\n#13 0x560186c02e64 <unknown>\n#14 0x560186bc9bef <unknown>\n#15 0x560186c25558 <unknown>\n#16 0x560186c25736 <unknown>\n#17 0x560186c35e76 <unknown>\n#18 0x7f348349caa4 <unknown>\n#19 0x7f3483529c3c <unknown>","statusTrace":"self = <tests.regression_ui.test_ui_regression.TestUIRegression object at 0x7f300fca6840>\ndriver = <selenium.webdriver.chrome.webdriver.WebDriver (session=\"8df5c31e9606e9fc2fc6da1f3982662a\")>\n\n    @pytest.mark.TC000\n    @pytest.mark.TC005\n    @allure.title('Drag and drop card from one list to another')\n    def test_drag_n_drop_card(self, driver):\n        time.sleep(7)\n        with allure.step('Log in to Trello account'):\n            self.test_login(driver)\n        with allure.step('Drag and drop card from one list to another list'):\n>           WebDriverWait(driver, 10).until(EC.element_to_be_clickable((By.XPATH, self.SCC.Board.BOARD_TITLE))).click()\n\ntests/regression_ui/test_ui_regression.py:170: \n_ _ _ _ _ _ _ _ _ _ _ _ _ _ _ _ _ _ _ _ _ _ _ _ _ _ _ _ _ _ _ _ _ _ _ _ _ _ _ _ \n\nself = <selenium.webdriver.support.wait.WebDriverWait (session=\"8df5c31e9606e9fc2fc6da1f3982662a\")>\nmethod = <function element_to_be_clickable.<locals>._predicate at 0x7f300fbcf060>\nmessage = ''\n\n    def until(self, method: Callable[[D], Union[Literal[False], T]], message: str = \"\") -> T:\n        \"\"\"Calls the method provided with the driver as an argument until the \\\n        return value does not evaluate to ``False``.\n    \n        :param method: callable(WebDriver)\n        :param message: optional message for :exc:`TimeoutException`\n        :returns: the result of the last call to `method`\n        :raises: :exc:`selenium.common.exceptions.TimeoutException` if timeout occurs\n        \"\"\"\n        screen = None\n        stacktrace = None\n    \n        end_time = time.monotonic() + self._timeout\n        while True:\n            try:\n                value = method(self._driver)\n                if value:\n                    return value\n            except self._ignored_exceptions as exc:\n                screen = getattr(exc, \"screen\", None)\n                stacktrace = getattr(exc, \"stacktrace\", None)\n            if time.monotonic() > end_time:\n                break\n            time.sleep(self._poll)\n>       raise TimeoutException(message, screen, stacktrace)\nE       selenium.common.exceptions.TimeoutException: Message: \nE       Stacktrace:\nE       #0 0x560186c36ffa <unknown>\nE       #1 0x5601866f5970 <unknown>\nE       #2 0x560186747385 <unknown>\nE       #3 0x5601867475b1 <unknown>\nE       #4 0x5601867963c4 <unknown>\nE       #5 0x56018676d2bd <unknown>\nE       #6 0x56018679370c <unknown>\nE       #7 0x56018676d063 <unknown>\nE       #8 0x560186739328 <unknown>\nE       #9 0x56018673a491 <unknown>\nE       #10 0x560186bfe42b <unknown>\nE       #11 0x560186c022ec <unknown>\nE       #12 0x560186be5a22 <unknown>\nE       #13 0x560186c02e64 <unknown>\nE       #14 0x560186bc9bef <unknown>\nE       #15 0x560186c25558 <unknown>\nE       #16 0x560186c25736 <unknown>\nE       #17 0x560186c35e76 <unknown>\nE       #18 0x7f348349caa4 <unknown>\nE       #19 0x7f3483529c3c <unknown>\n\n/opt/hostedtoolcache/Python/3.12.5/x64/lib/python3.12/site-packages/selenium/webdriver/support/wait.py:105: TimeoutException","flaky":false,"newFailed":false,"newBroken":false,"newPassed":false,"retriesCount":0,"retriesStatusChange":false,"beforeStages":[{"name":"driver","time":{"start":1743779510285,"stop":1743779510638,"duration":353},"status":"passed","steps":[],"attachments":[],"parameters":[],"shouldDisplayMessage":false,"stepsCount":0,"attachmentsCount":0,"hasContent":false,"attachmentStep":false},{"name":"setup","time":{"start":1743779510638,"stop":1743779510638,"duration":0},"status":"passed","steps":[],"attachments":[],"parameters":[],"shouldDisplayMessage":false,"stepsCount":0,"attachmentsCount":0,"hasContent":false,"attachmentStep":false}],"testStage":{"status":"broken","statusMessage":"selenium.common.exceptions.TimeoutException: Message: \nStacktrace:\n#0 0x560186c36ffa <unknown>\n#1 0x5601866f5970 <unknown>\n#2 0x560186747385 <unknown>\n#3 0x5601867475b1 <unknown>\n#4 0x5601867963c4 <unknown>\n#5 0x56018676d2bd <unknown>\n#6 0x56018679370c <unknown>\n#7 0x56018676d063 <unknown>\n#8 0x560186739328 <unknown>\n#9 0x56018673a491 <unknown>\n#10 0x560186bfe42b <unknown>\n#11 0x560186c022ec <unknown>\n#12 0x560186be5a22 <unknown>\n#13 0x560186c02e64 <unknown>\n#14 0x560186bc9bef <unknown>\n#15 0x560186c25558 <unknown>\n#16 0x560186c25736 <unknown>\n#17 0x560186c35e76 <unknown>\n#18 0x7f348349caa4 <unknown>\n#19 0x7f3483529c3c <unknown>","statusTrace":"self = <tests.regression_ui.test_ui_regression.TestUIRegression object at 0x7f300fca6840>\ndriver = <selenium.webdriver.chrome.webdriver.WebDriver (session=\"8df5c31e9606e9fc2fc6da1f3982662a\")>\n\n    @pytest.mark.TC000\n    @pytest.mark.TC005\n    @allure.title('Drag and drop card from one list to another')\n    def test_drag_n_drop_card(self, driver):\n        time.sleep(7)\n        with allure.step('Log in to Trello account'):\n            self.test_login(driver)\n        with allure.step('Drag and drop card from one list to another list'):\n>           WebDriverWait(driver, 10).until(EC.element_to_be_clickable((By.XPATH, self.SCC.Board.BOARD_TITLE))).click()\n\ntests/regression_ui/test_ui_regression.py:170: \n_ _ _ _ _ _ _ _ _ _ _ _ _ _ _ _ _ _ _ _ _ _ _ _ _ _ _ _ _ _ _ _ _ _ _ _ _ _ _ _ \n\nself = <selenium.webdriver.support.wait.WebDriverWait (session=\"8df5c31e9606e9fc2fc6da1f3982662a\")>\nmethod = <function element_to_be_clickable.<locals>._predicate at 0x7f300fbcf060>\nmessage = ''\n\n    def until(self, method: Callable[[D], Union[Literal[False], T]], message: str = \"\") -> T:\n        \"\"\"Calls the method provided with the driver as an argument until the \\\n        return value does not evaluate to ``False``.\n    \n        :param method: callable(WebDriver)\n        :param message: optional message for :exc:`TimeoutException`\n        :returns: the result of the last call to `method`\n        :raises: :exc:`selenium.common.exceptions.TimeoutException` if timeout occurs\n        \"\"\"\n        screen = None\n        stacktrace = None\n    \n        end_time = time.monotonic() + self._timeout\n        while True:\n            try:\n                value = method(self._driver)\n                if value:\n                    return value\n            except self._ignored_exceptions as exc:\n                screen = getattr(exc, \"screen\", None)\n                stacktrace = getattr(exc, \"stacktrace\", None)\n            if time.monotonic() > end_time:\n                break\n            time.sleep(self._poll)\n>       raise TimeoutException(message, screen, stacktrace)\nE       selenium.common.exceptions.TimeoutException: Message: \nE       Stacktrace:\nE       #0 0x560186c36ffa <unknown>\nE       #1 0x5601866f5970 <unknown>\nE       #2 0x560186747385 <unknown>\nE       #3 0x5601867475b1 <unknown>\nE       #4 0x5601867963c4 <unknown>\nE       #5 0x56018676d2bd <unknown>\nE       #6 0x56018679370c <unknown>\nE       #7 0x56018676d063 <unknown>\nE       #8 0x560186739328 <unknown>\nE       #9 0x56018673a491 <unknown>\nE       #10 0x560186bfe42b <unknown>\nE       #11 0x560186c022ec <unknown>\nE       #12 0x560186be5a22 <unknown>\nE       #13 0x560186c02e64 <unknown>\nE       #14 0x560186bc9bef <unknown>\nE       #15 0x560186c25558 <unknown>\nE       #16 0x560186c25736 <unknown>\nE       #17 0x560186c35e76 <unknown>\nE       #18 0x7f348349caa4 <unknown>\nE       #19 0x7f3483529c3c <unknown>\n\n/opt/hostedtoolcache/Python/3.12.5/x64/lib/python3.12/site-packages/selenium/webdriver/support/wait.py:105: TimeoutException","steps":[{"name":"Log in to Trello account","time":{"start":1743779517639,"stop":1743779523516,"duration":5877},"status":"passed","steps":[{"name":"Navigate to the Trello page and enter valid credentials (email, password, and 6-digits verification code)","time":{"start":1743779517639,"stop":1743779523516,"duration":5877},"status":"passed","steps":[],"attachments":[],"parameters":[],"shouldDisplayMessage":false,"stepsCount":0,"attachmentsCount":0,"hasContent":false,"attachmentStep":false}],"attachments":[],"parameters":[],"shouldDisplayMessage":false,"stepsCount":1,"attachmentsCount":0,"hasContent":true,"attachmentStep":false},{"name":"Drag and drop card from one list to another list","time":{"start":1743779523516,"stop":1743779533814,"duration":10298},"status":"broken","statusMessage":"selenium.common.exceptions.TimeoutException: Message: \nStacktrace:\n#0 0x560186c36ffa <unknown>\n#1 0x5601866f5970 <unknown>\n#2 0x560186747385 <unknown>\n#3 0x5601867475b1 <unknown>\n#4 0x5601867963c4 <unknown>\n#5 0x56018676d2bd <unknown>\n#6 0x56018679370c <unknown>\n#7 0x56018676d063 <unknown>\n#8 0x560186739328 <unknown>\n#9 0x56018673a491 <unknown>\n#10 0x560186bfe42b <unknown>\n#11 0x560186c022ec <unknown>\n#12 0x560186be5a22 <unknown>\n#13 0x560186c02e64 <unknown>\n#14 0x560186bc9bef <unknown>\n#15 0x560186c25558 <unknown>\n#16 0x560186c25736 <unknown>\n#17 0x560186c35e76 <unknown>\n#18 0x7f348349caa4 <unknown>\n#19 0x7f3483529c3c <unknown>\n\n","statusTrace":"  File \"/home/runner/work/pythonSelenium/pythonSelenium/tests/regression_ui/test_ui_regression.py\", line 170, in test_drag_n_drop_card\n    WebDriverWait(driver, 10).until(EC.element_to_be_clickable((By.XPATH, self.SCC.Board.BOARD_TITLE))).click()\n    ^^^^^^^^^^^^^^^^^^^^^^^^^^^^^^^^^^^^^^^^^^^^^^^^^^^^^^^^^^^^^^^^^^^^^^^^^^^^^^^^^^^^^^^^^^^^^^^^^^^\n  File \"/opt/hostedtoolcache/Python/3.12.5/x64/lib/python3.12/site-packages/selenium/webdriver/support/wait.py\", line 105, in until\n    raise TimeoutException(message, screen, stacktrace)\n","steps":[],"attachments":[],"parameters":[],"shouldDisplayMessage":true,"stepsCount":0,"attachmentsCount":0,"hasContent":true,"attachmentStep":false}],"attachments":[{"uid":"dd74a8f412666c88","name":"log","source":"dd74a8f412666c88.txt","type":"text/plain","size":360}],"parameters":[],"shouldDisplayMessage":true,"stepsCount":3,"attachmentsCount":1,"hasContent":true,"attachmentStep":false},"afterStages":[{"name":"driver::0","time":{"start":1743779533832,"stop":1743779533900,"duration":68},"status":"passed","steps":[],"attachments":[],"parameters":[],"shouldDisplayMessage":false,"stepsCount":0,"attachmentsCount":0,"hasContent":false,"attachmentStep":false}],"labels":[{"name":"tag","value":"TC005"},{"name":"tag","value":"TC000"},{"name":"parentSuite","value":"tests.regression_ui"},{"name":"suite","value":"test_ui_regression"},{"name":"subSuite","value":"TestUIRegression"},{"name":"host","value":"fv-az807-850"},{"name":"thread","value":"4803-MainThread"},{"name":"framework","value":"pytest"},{"name":"language","value":"cpython3"},{"name":"package","value":"tests.regression_ui.test_ui_regression"},{"name":"resultFormat","value":"allure2"}],"parameters":[],"links":[],"hidden":false,"retry":false,"extra":{"severity":"normal","retries":[],"categories":[{"name":"Test defects","matchedStatuses":[]}],"history":{"statistic":{"failed":6,"broken":97,"skipped":0,"passed":572,"unknown":0,"total":675},"items":[{"uid":"51e031e5b5169de1","status":"broken","statusDetails":"selenium.common.exceptions.TimeoutException: Message: \nStacktrace:\n#0 0x55de4b009ffa <unknown>\n#1 0x55de4aac8970 <unknown>\n#2 0x55de4ab1a385 <unknown>\n#3 0x55de4ab1a5b1 <unknown>\n#4 0x55de4ab693c4 <unknown>\n#5 0x55de4ab402bd <unknown>\n#6 0x55de4ab6670c <unknown>\n#7 0x55de4ab40063 <unknown>\n#8 0x55de4ab0c328 <unknown>\n#9 0x55de4ab0d491 <unknown>\n#10 0x55de4afd142b <unknown>\n#11 0x55de4afd52ec <unknown>\n#12 0x55de4afb8a22 <unknown>\n#13 0x55de4afd5e64 <unknown>\n#14 0x55de4af9cbef <unknown>\n#15 0x55de4aff8558 <unknown>\n#16 0x55de4aff8736 <unknown>\n#17 0x55de4b008e76 <unknown>\n#18 0x7f8a4aa9caa4 <unknown>\n#19 0x7f8a4ab29c3c <unknown>","time":{"start":1743769142096,"stop":1743769165890,"duration":23794}},{"uid":"6db5821210b85b4f","status":"broken","statusDetails":"selenium.common.exceptions.TimeoutException: Message: \nStacktrace:\n#0 0x55eeaa0e2ffa <unknown>\n#1 0x55eea9ba1970 <unknown>\n#2 0x55eea9bf3385 <unknown>\n#3 0x55eea9bf35b1 <unknown>\n#4 0x55eea9c423c4 <unknown>\n#5 0x55eea9c192bd <unknown>\n#6 0x55eea9c3f70c <unknown>\n#7 0x55eea9c19063 <unknown>\n#8 0x55eea9be5328 <unknown>\n#9 0x55eea9be6491 <unknown>\n#10 0x55eeaa0aa42b <unknown>\n#11 0x55eeaa0ae2ec <unknown>\n#12 0x55eeaa091a22 <unknown>\n#13 0x55eeaa0aee64 <unknown>\n#14 0x55eeaa075bef <unknown>\n#15 0x55eeaa0d1558 <unknown>\n#16 0x55eeaa0d1736 <unknown>\n#17 0x55eeaa0e1e76 <unknown>\n#18 0x7f7869a9caa4 <unknown>\n#19 0x7f7869b29c3c <unknown>","time":{"start":1743757949877,"stop":1743757972965,"duration":23088}},{"uid":"742dfb3ff16fd6ab","status":"broken","statusDetails":"selenium.common.exceptions.TimeoutException: Message: \nStacktrace:\n#0 0x559491b50ffa <unknown>\n#1 0x55949160f970 <unknown>\n#2 0x559491661385 <unknown>\n#3 0x5594916615b1 <unknown>\n#4 0x5594916b03c4 <unknown>\n#5 0x5594916872bd <unknown>\n#6 0x5594916ad70c <unknown>\n#7 0x559491687063 <unknown>\n#8 0x559491653328 <unknown>\n#9 0x559491654491 <unknown>\n#10 0x559491b1842b <unknown>\n#11 0x559491b1c2ec <unknown>\n#12 0x559491affa22 <unknown>\n#13 0x559491b1ce64 <unknown>\n#14 0x559491ae3bef <unknown>\n#15 0x559491b3f558 <unknown>\n#16 0x559491b3f736 <unknown>\n#17 0x559491b4fe76 <unknown>\n#18 0x7ffba9c9caa4 <unknown>\n#19 0x7ffba9d29c3c <unknown>","time":{"start":1743747355606,"stop":1743747378711,"duration":23105}},{"uid":"388095283552aba","status":"broken","statusDetails":"selenium.common.exceptions.NoSuchElementException: Message: no such element: Unable to locate element: {\"method\":\"xpath\",\"selector\":\"//*[contains(text(), 'new_card')]\"}\n  (Session info: chrome=135.0.7049.52); For documentation on this error, please visit: https://www.selenium.dev/documentation/webdriver/troubleshooting/errors#no-such-element-exception\nStacktrace:\n#0 0x55f503ac1ffa <unknown>\n#1 0x55f503580970 <unknown>\n#2 0x55f5035d2385 <unknown>\n#3 0x55f5035d25b1 <unknown>\n#4 0x55f5036213c4 <unknown>\n#5 0x55f5035f82bd <unknown>\n#6 0x55f50361e70c <unknown>\n#7 0x55f5035f8063 <unknown>\n#8 0x55f5035c4328 <unknown>\n#9 0x55f5035c5491 <unknown>\n#10 0x55f503a8942b <unknown>\n#11 0x55f503a8d2ec <unknown>\n#12 0x55f503a70a22 <unknown>\n#13 0x55f503a8de64 <unknown>\n#14 0x55f503a54bef <unknown>\n#15 0x55f503ab0558 <unknown>\n#16 0x55f503ab0736 <unknown>\n#17 0x55f503ac0e76 <unknown>\n#18 0x7eff1b49caa4 <unknown>\n#19 0x7eff1b529c3c <unknown>","time":{"start":1743737292047,"stop":1743737309206,"duration":17159}},{"uid":"ec386f3e14f97f08","status":"broken","statusDetails":"selenium.common.exceptions.TimeoutException: Message: \nStacktrace:\n#0 0x55f2031b2ffa <unknown>\n#1 0x55f202c71970 <unknown>\n#2 0x55f202cc3385 <unknown>\n#3 0x55f202cc35b1 <unknown>\n#4 0x55f202d123c4 <unknown>\n#5 0x55f202ce92bd <unknown>\n#6 0x55f202d0f70c <unknown>\n#7 0x55f202ce9063 <unknown>\n#8 0x55f202cb5328 <unknown>\n#9 0x55f202cb6491 <unknown>\n#10 0x55f20317a42b <unknown>\n#11 0x55f20317e2ec <unknown>\n#12 0x55f203161a22 <unknown>\n#13 0x55f20317ee64 <unknown>\n#14 0x55f203145bef <unknown>\n#15 0x55f2031a1558 <unknown>\n#16 0x55f2031a1736 <unknown>\n#17 0x55f2031b1e76 <unknown>\n#18 0x7f212589caa4 <unknown>\n#19 0x7f2125929c3c <unknown>","time":{"start":1743727612537,"stop":1743727636192,"duration":23655}},{"uid":"11836cb2ec5e6769","status":"broken","statusDetails":"selenium.common.exceptions.TimeoutException: Message: \nStacktrace:\n#0 0x56091b932a1a <unknown>\n#1 0x56091b3ea390 <unknown>\n#2 0x56091b43bc85 <unknown>\n#3 0x56091b43beb1 <unknown>\n#4 0x56091b48ad64 <unknown>\n#5 0x56091b461bfd <unknown>\n#6 0x56091b48807b <unknown>\n#7 0x56091b4619a3 <unknown>\n#8 0x56091b42d60e <unknown>\n#9 0x56091b42edd1 <unknown>\n#10 0x56091b8f8ddb <unknown>\n#11 0x56091b8fccbc <unknown>\n#12 0x56091b8e0392 <unknown>\n#13 0x56091b8fd834 <unknown>\n#14 0x56091b8c41ef <unknown>\n#15 0x56091b921038 <unknown>\n#16 0x56091b921216 <unknown>\n#17 0x56091b931896 <unknown>\n#18 0x7f5688e9caa4 <unknown>\n#19 0x7f5688f29c3c <unknown>","time":{"start":1743714661262,"stop":1743714684356,"duration":23094}},{"uid":"8fd08d733362a45a","status":"broken","statusDetails":"selenium.common.exceptions.TimeoutException: Message: \nStacktrace:\n#0 0x5632c4194ffa <unknown>\n#1 0x5632c3c53970 <unknown>\n#2 0x5632c3ca5385 <unknown>\n#3 0x5632c3ca55b1 <unknown>\n#4 0x5632c3cf43c4 <unknown>\n#5 0x5632c3ccb2bd <unknown>\n#6 0x5632c3cf170c <unknown>\n#7 0x5632c3ccb063 <unknown>\n#8 0x5632c3c97328 <unknown>\n#9 0x5632c3c98491 <unknown>\n#10 0x5632c415c42b <unknown>\n#11 0x5632c41602ec <unknown>\n#12 0x5632c4143a22 <unknown>\n#13 0x5632c4160e64 <unknown>\n#14 0x5632c4127bef <unknown>\n#15 0x5632c4183558 <unknown>\n#16 0x5632c4183736 <unknown>\n#17 0x5632c4193e76 <unknown>\n#18 0x7fa867c9caa4 <unknown>\n#19 0x7fa867d29c3c <unknown>","time":{"start":1743704120634,"stop":1743704143849,"duration":23215}},{"uid":"4067b5a7d376b302","status":"broken","statusDetails":"selenium.common.exceptions.TimeoutException: Message: \nStacktrace:\n#0 0x55d1a106ba1a <unknown>\n#1 0x55d1a0b23390 <unknown>\n#2 0x55d1a0b74c85 <unknown>\n#3 0x55d1a0b74eb1 <unknown>\n#4 0x55d1a0bc3d64 <unknown>\n#5 0x55d1a0b9abfd <unknown>\n#6 0x55d1a0bc107b <unknown>\n#7 0x55d1a0b9a9a3 <unknown>\n#8 0x55d1a0b6660e <unknown>\n#9 0x55d1a0b67dd1 <unknown>\n#10 0x55d1a1031ddb <unknown>\n#11 0x55d1a1035cbc <unknown>\n#12 0x55d1a1019392 <unknown>\n#13 0x55d1a1036834 <unknown>\n#14 0x55d1a0ffd1ef <unknown>\n#15 0x55d1a105a038 <unknown>\n#16 0x55d1a105a216 <unknown>\n#17 0x55d1a106a896 <unknown>\n#18 0x7f96ed49caa4 <unknown>\n#19 0x7f96ed529c3c <unknown>","time":{"start":1743693118962,"stop":1743693142811,"duration":23849}},{"uid":"f06ecbfa40222cbb","status":"broken","statusDetails":"selenium.common.exceptions.TimeoutException: Message: \nStacktrace:\n#0 0x559db82e9ffa <unknown>\n#1 0x559db7da8970 <unknown>\n#2 0x559db7dfa385 <unknown>\n#3 0x559db7dfa5b1 <unknown>\n#4 0x559db7e493c4 <unknown>\n#5 0x559db7e202bd <unknown>\n#6 0x559db7e4670c <unknown>\n#7 0x559db7e20063 <unknown>\n#8 0x559db7dec328 <unknown>\n#9 0x559db7ded491 <unknown>\n#10 0x559db82b142b <unknown>\n#11 0x559db82b52ec <unknown>\n#12 0x559db8298a22 <unknown>\n#13 0x559db82b5e64 <unknown>\n#14 0x559db827cbef <unknown>\n#15 0x559db82d8558 <unknown>\n#16 0x559db82d8736 <unknown>\n#17 0x559db82e8e76 <unknown>\n#18 0x7fd94c69caa4 <unknown>\n#19 0x7fd94c729c3c <unknown>","time":{"start":1743683039847,"stop":1743683063037,"duration":23190}},{"uid":"65556d373acc35d1","status":"broken","statusDetails":"selenium.common.exceptions.NoSuchElementException: Message: no such element: Unable to locate element: {\"method\":\"xpath\",\"selector\":\"//*[contains(text(), 'new_card')]\"}\n  (Session info: chrome=135.0.7049.52); For documentation on this error, please visit: https://www.selenium.dev/documentation/webdriver/troubleshooting/errors#no-such-element-exception\nStacktrace:\n#0 0x5615a4e62ffa <unknown>\n#1 0x5615a4921970 <unknown>\n#2 0x5615a4973385 <unknown>\n#3 0x5615a49735b1 <unknown>\n#4 0x5615a49c23c4 <unknown>\n#5 0x5615a49992bd <unknown>\n#6 0x5615a49bf70c <unknown>\n#7 0x5615a4999063 <unknown>\n#8 0x5615a4965328 <unknown>\n#9 0x5615a4966491 <unknown>\n#10 0x5615a4e2a42b <unknown>\n#11 0x5615a4e2e2ec <unknown>\n#12 0x5615a4e11a22 <unknown>\n#13 0x5615a4e2ee64 <unknown>\n#14 0x5615a4df5bef <unknown>\n#15 0x5615a4e51558 <unknown>\n#16 0x5615a4e51736 <unknown>\n#17 0x5615a4e61e76 <unknown>\n#18 0x7f7024e9caa4 <unknown>\n#19 0x7f7024f29c3c <unknown>","time":{"start":1743671534999,"stop":1743671552314,"duration":17315}},{"uid":"9dc90d06e58b778f","status":"passed","time":{"start":1743660956991,"stop":1743660974691,"duration":17700}},{"uid":"592ecce46fc95abe","status":"broken","statusDetails":"selenium.common.exceptions.NoSuchElementException: Message: no such element: Unable to locate element: {\"method\":\"xpath\",\"selector\":\"//*[contains(text(), 'new_card')]\"}\n  (Session info: chrome=135.0.7049.52); For documentation on this error, please visit: https://www.selenium.dev/documentation/webdriver/troubleshooting/errors#no-such-element-exception\nStacktrace:\n#0 0x5644e7857ffa <unknown>\n#1 0x5644e7316970 <unknown>\n#2 0x5644e7368385 <unknown>\n#3 0x5644e73685b1 <unknown>\n#4 0x5644e73b73c4 <unknown>\n#5 0x5644e738e2bd <unknown>\n#6 0x5644e73b470c <unknown>\n#7 0x5644e738e063 <unknown>\n#8 0x5644e735a328 <unknown>\n#9 0x5644e735b491 <unknown>\n#10 0x5644e781f42b <unknown>\n#11 0x5644e78232ec <unknown>\n#12 0x5644e7806a22 <unknown>\n#13 0x5644e7823e64 <unknown>\n#14 0x5644e77eabef <unknown>\n#15 0x5644e7846558 <unknown>\n#16 0x5644e7846736 <unknown>\n#17 0x5644e7856e76 <unknown>\n#18 0x7f49c449caa4 <unknown>\n#19 0x7f49c4529c3c <unknown>","time":{"start":1743650863177,"stop":1743650880918,"duration":17741}},{"uid":"5b75cc4124ee6dd","status":"passed","time":{"start":1743641061127,"stop":1743641079424,"duration":18297}},{"uid":"288afaefbf69a09d","status":"broken","statusDetails":"selenium.common.exceptions.TimeoutException: Message: \nStacktrace:\n#0 0x55e9f841bffa <unknown>\n#1 0x55e9f7eda970 <unknown>\n#2 0x55e9f7f2c385 <unknown>\n#3 0x55e9f7f2c5b1 <unknown>\n#4 0x55e9f7f7b3c4 <unknown>\n#5 0x55e9f7f522bd <unknown>\n#6 0x55e9f7f7870c <unknown>\n#7 0x55e9f7f52063 <unknown>\n#8 0x55e9f7f1e328 <unknown>\n#9 0x55e9f7f1f491 <unknown>\n#10 0x55e9f83e342b <unknown>\n#11 0x55e9f83e72ec <unknown>\n#12 0x55e9f83caa22 <unknown>\n#13 0x55e9f83e7e64 <unknown>\n#14 0x55e9f83aebef <unknown>\n#15 0x55e9f840a558 <unknown>\n#16 0x55e9f840a736 <unknown>\n#17 0x55e9f841ae76 <unknown>\n#18 0x7fc590a9caa4 <unknown>\n#19 0x7fc590b29c3c <unknown>","time":{"start":1743628256075,"stop":1743628279359,"duration":23284}},{"uid":"db984467ea4fd3bf","status":"broken","statusDetails":"selenium.common.exceptions.NoSuchElementException: Message: no such element: Unable to locate element: {\"method\":\"xpath\",\"selector\":\"//*[contains(text(), 'new_card')]\"}\n  (Session info: chrome=135.0.7049.52); For documentation on this error, please visit: https://www.selenium.dev/documentation/webdriver/troubleshooting/errors#no-such-element-exception\nStacktrace:\n#0 0x55f8b702dffa <unknown>\n#1 0x55f8b6aec970 <unknown>\n#2 0x55f8b6b3e385 <unknown>\n#3 0x55f8b6b3e5b1 <unknown>\n#4 0x55f8b6b8d3c4 <unknown>\n#5 0x55f8b6b642bd <unknown>\n#6 0x55f8b6b8a70c <unknown>\n#7 0x55f8b6b64063 <unknown>\n#8 0x55f8b6b30328 <unknown>\n#9 0x55f8b6b31491 <unknown>\n#10 0x55f8b6ff542b <unknown>\n#11 0x55f8b6ff92ec <unknown>\n#12 0x55f8b6fdca22 <unknown>\n#13 0x55f8b6ff9e64 <unknown>\n#14 0x55f8b6fc0bef <unknown>\n#15 0x55f8b701c558 <unknown>\n#16 0x55f8b701c736 <unknown>\n#17 0x55f8b702ce76 <unknown>\n#18 0x7ffa1769caa4 <unknown>\n#19 0x7ffa17729c3c <unknown>","time":{"start":1743617745843,"stop":1743617763052,"duration":17209}},{"uid":"2f899dd4930504ec","status":"passed","time":{"start":1743606680373,"stop":1743606699205,"duration":18832}},{"uid":"fb1fa9a198e89adc","status":"broken","statusDetails":"selenium.common.exceptions.TimeoutException: Message: \nStacktrace:\n#0 0x55ea6403dffa <unknown>\n#1 0x55ea63afc970 <unknown>\n#2 0x55ea63b4e385 <unknown>\n#3 0x55ea63b4e5b1 <unknown>\n#4 0x55ea63b9d3c4 <unknown>\n#5 0x55ea63b742bd <unknown>\n#6 0x55ea63b9a70c <unknown>\n#7 0x55ea63b74063 <unknown>\n#8 0x55ea63b40328 <unknown>\n#9 0x55ea63b41491 <unknown>\n#10 0x55ea6400542b <unknown>\n#11 0x55ea640092ec <unknown>\n#12 0x55ea63feca22 <unknown>\n#13 0x55ea64009e64 <unknown>\n#14 0x55ea63fd0bef <unknown>\n#15 0x55ea6402c558 <unknown>\n#16 0x55ea6402c736 <unknown>\n#17 0x55ea6403ce76 <unknown>\n#18 0x7f660ea9caa4 <unknown>\n#19 0x7f660eb29c3c <unknown>","time":{"start":1743596431673,"stop":1743596454900,"duration":23227}},{"uid":"953f5c0429853795","status":"passed","time":{"start":1743585111065,"stop":1743585128860,"duration":17795}},{"uid":"d5510453a7cdcd4f","status":"passed","time":{"start":1743574490917,"stop":1743574508780,"duration":17863}},{"uid":"93824e276c89ac63","status":"broken","statusDetails":"selenium.common.exceptions.TimeoutException: Message: \nStacktrace:\n#0 0x55e8246afffa <unknown>\n#1 0x55e82416e970 <unknown>\n#2 0x55e8241c0385 <unknown>\n#3 0x55e8241c05b1 <unknown>\n#4 0x55e82420f3c4 <unknown>\n#5 0x55e8241e62bd <unknown>\n#6 0x55e82420c70c <unknown>\n#7 0x55e8241e6063 <unknown>\n#8 0x55e8241b2328 <unknown>\n#9 0x55e8241b3491 <unknown>\n#10 0x55e82467742b <unknown>\n#11 0x55e82467b2ec <unknown>\n#12 0x55e82465ea22 <unknown>\n#13 0x55e82467be64 <unknown>\n#14 0x55e824642bef <unknown>\n#15 0x55e82469e558 <unknown>\n#16 0x55e82469e736 <unknown>\n#17 0x55e8246aee76 <unknown>\n#18 0x7fafe449caa4 <unknown>\n#19 0x7fafe4529c3c <unknown>","time":{"start":1743564511456,"stop":1743564534701,"duration":23245}}]},"tags":["TC005","TC000"]},"source":"a7bc707ab5a0fd37.json","parameterValues":[]}