{"uid":"a92d840dbfaa7152","name":"Drag and drop card from one list to another","fullName":"tests.regression_ui.test_ui_regression.TestUIRegression#test_drag_n_drop_card","historyId":"58c27d4ea8138de64fd4e105da17ea92","time":{"start":1736792513399,"stop":1736792547954,"duration":34555},"status":"broken","statusMessage":"TypeError: not all arguments converted during string formatting","statusTrace":"self = <tests.regression_ui.test_ui_regression.TestUIRegression object at 0x7fd67cbaa570>\ndriver = <selenium.webdriver.chrome.webdriver.WebDriver (session=\"d7dc2d8f043808591eb54f8dd5551eb9\")>\n\n    @pytest.mark.TC000\n    @pytest.mark.TC001\n    @allure.title('Login Functionality')\n    def test_login(self, driver):\n        with allure.step('Navigate to the Trello login page'):\n            driver.get(self.SCC.URL_LOGIN)\n            time.sleep(3)\n        with allure.step('Enter valid credentials (email, password, and 6-digits verification code)'):\n            try:\n                el_user_name = WebDriverWait(driver, 60).until(EC.element_to_be_clickable(\n                    (By.XPATH, self.SCC.LoginPage.USER_NAME_FIELD)\n                ))\n                el_user_name.click()\n                el_user_name.send_keys(USER_EMAIL)\n    \n                driver.find_element(By.XPATH, self.SCC.LoginPage.CONTINUE_BUTTON).click()\n                el_password = WebDriverWait(driver, 60).until(EC.element_to_be_clickable(\n                    (By.XPATH, self.SCC.LoginPage.PASSWORD_FIELD)\n                ))\n                el_password.click()\n                el_password.send_keys(USER_PASSWORD)\n    \n                driver.find_element(By.XPATH, self.SCC.LoginPage.LOGIN_BUTTON).click()\n                time.sleep(3)\n                el_six_otp_code = WebDriverWait(driver, 60).until(EC.element_to_be_clickable(\n                    (By.XPATH, self.SCC.LoginPage.SIX_OTP_CODE_FIELD)\n                ))\n                el_six_otp_code.click()\n                el_six_otp_code.send_keys(self.otp_auth())\n                time.sleep(10)\n>               WebDriverWait(driver, 10).until(EC.url_matches(self.SCC.HOME_URL))\n\ntests/regression_ui/test_ui_regression.py:84: \n_ _ _ _ _ _ _ _ _ _ _ _ _ _ _ _ _ _ _ _ _ _ _ _ _ _ _ _ _ _ _ _ _ _ _ _ _ _ _ _ \n\nself = <selenium.webdriver.support.wait.WebDriverWait (session=\"d7dc2d8f043808591eb54f8dd5551eb9\")>\nmethod = <function url_matches.<locals>._predicate at 0x7fd67c95f1a0>\nmessage = ''\n\n    def until(self, method: Callable[[D], Union[Literal[False], T]], message: str = \"\") -> T:\n        \"\"\"Calls the method provided with the driver as an argument until the \\\n        return value does not evaluate to ``False``.\n    \n        :param method: callable(WebDriver)\n        :param message: optional message for :exc:`TimeoutException`\n        :returns: the result of the last call to `method`\n        :raises: :exc:`selenium.common.exceptions.TimeoutException` if timeout occurs\n        \"\"\"\n        screen = None\n        stacktrace = None\n    \n        end_time = time.monotonic() + self._timeout\n        while True:\n            try:\n                value = method(self._driver)\n                if value:\n                    return value\n            except self._ignored_exceptions as exc:\n                screen = getattr(exc, \"screen\", None)\n                stacktrace = getattr(exc, \"stacktrace\", None)\n            if time.monotonic() > end_time:\n                break\n            time.sleep(self._poll)\n>       raise TimeoutException(message, screen, stacktrace)\nE       selenium.common.exceptions.TimeoutException: Message:\n\n/opt/hostedtoolcache/Python/3.12.5/x64/lib/python3.12/site-packages/selenium/webdriver/support/wait.py:105: TimeoutException\n\nDuring handling of the above exception, another exception occurred:\n\nself = <tests.regression_ui.test_ui_regression.TestUIRegression object at 0x7fd67cbaa570>\ndriver = <selenium.webdriver.chrome.webdriver.WebDriver (session=\"d7dc2d8f043808591eb54f8dd5551eb9\")>\n\n    @pytest.mark.TC000\n    @pytest.mark.TC005\n    @allure.title('Drag and drop card from one list to another')\n    def test_drag_n_drop_card(self, driver):\n        time.sleep(7)\n        with allure.step('Log in to Trello account'):\n>           self.test_login(driver)\n\ntests/regression_ui/test_ui_regression.py:166: \n_ _ _ _ _ _ _ _ _ _ _ _ _ _ _ _ _ _ _ _ _ _ _ _ _ _ _ _ _ _ _ _ _ _ _ _ _ _ _ _ \ntests/regression_ui/test_ui_regression.py:88: in test_login\n    log.info(\"An error occurred: \", str(e))\n/opt/hostedtoolcache/Python/3.12.5/x64/lib/python3.12/logging/__init__.py:2216: in info\n    root.info(msg, *args, **kwargs)\n/opt/hostedtoolcache/Python/3.12.5/x64/lib/python3.12/logging/__init__.py:1539: in info\n    self._log(INFO, msg, args, **kwargs)\n/opt/hostedtoolcache/Python/3.12.5/x64/lib/python3.12/logging/__init__.py:1684: in _log\n    self.handle(record)\n/opt/hostedtoolcache/Python/3.12.5/x64/lib/python3.12/logging/__init__.py:1700: in handle\n    self.callHandlers(record)\n/opt/hostedtoolcache/Python/3.12.5/x64/lib/python3.12/logging/__init__.py:1762: in callHandlers\n    hdlr.handle(record)\n/opt/hostedtoolcache/Python/3.12.5/x64/lib/python3.12/logging/__init__.py:1028: in handle\n    self.emit(record)\n/opt/hostedtoolcache/Python/3.12.5/x64/lib/python3.12/site-packages/_pytest/logging.py:386: in emit\n    super().emit(record)\n/opt/hostedtoolcache/Python/3.12.5/x64/lib/python3.12/logging/__init__.py:1168: in emit\n    self.handleError(record)\n/opt/hostedtoolcache/Python/3.12.5/x64/lib/python3.12/logging/__init__.py:1160: in emit\n    msg = self.format(record)\n/opt/hostedtoolcache/Python/3.12.5/x64/lib/python3.12/logging/__init__.py:999: in format\n    return fmt.format(record)\n/opt/hostedtoolcache/Python/3.12.5/x64/lib/python3.12/site-packages/_pytest/logging.py:139: in format\n    return super().format(record)\n/opt/hostedtoolcache/Python/3.12.5/x64/lib/python3.12/logging/__init__.py:703: in format\n    record.message = record.getMessage()\n_ _ _ _ _ _ _ _ _ _ _ _ _ _ _ _ _ _ _ _ _ _ _ _ _ _ _ _ _ _ _ _ _ _ _ _ _ _ _ _ \n\nself = <LogRecord: root, 20, /home/runner/work/pythonSelenium/pythonSelenium/tests/regression_ui/test_ui_regression.py, 88, \"An error occurred: \">\n\n    def getMessage(self):\n        \"\"\"\n        Return the message for this LogRecord.\n    \n        Return the message for this LogRecord after merging any user-supplied\n        arguments with the message.\n        \"\"\"\n        msg = str(self.msg)\n        if self.args:\n>           msg = msg % self.args\nE           TypeError: not all arguments converted during string formatting\n\n/opt/hostedtoolcache/Python/3.12.5/x64/lib/python3.12/logging/__init__.py:392: TypeError","flaky":false,"newFailed":false,"newBroken":true,"newPassed":false,"retriesCount":0,"retriesStatusChange":false,"beforeStages":[{"name":"driver","time":{"start":1736792513142,"stop":1736792513398,"duration":256},"status":"passed","steps":[],"attachments":[],"parameters":[],"shouldDisplayMessage":false,"stepsCount":0,"attachmentsCount":0,"hasContent":false,"attachmentStep":false},{"name":"setup","time":{"start":1736792513398,"stop":1736792513398,"duration":0},"status":"passed","steps":[],"attachments":[],"parameters":[],"shouldDisplayMessage":false,"stepsCount":0,"attachmentsCount":0,"hasContent":false,"attachmentStep":false}],"testStage":{"status":"broken","statusMessage":"TypeError: not all arguments converted during string formatting","statusTrace":"self = <tests.regression_ui.test_ui_regression.TestUIRegression object at 0x7fd67cbaa570>\ndriver = <selenium.webdriver.chrome.webdriver.WebDriver (session=\"d7dc2d8f043808591eb54f8dd5551eb9\")>\n\n    @pytest.mark.TC000\n    @pytest.mark.TC001\n    @allure.title('Login Functionality')\n    def test_login(self, driver):\n        with allure.step('Navigate to the Trello login page'):\n            driver.get(self.SCC.URL_LOGIN)\n            time.sleep(3)\n        with allure.step('Enter valid credentials (email, password, and 6-digits verification code)'):\n            try:\n                el_user_name = WebDriverWait(driver, 60).until(EC.element_to_be_clickable(\n                    (By.XPATH, self.SCC.LoginPage.USER_NAME_FIELD)\n                ))\n                el_user_name.click()\n                el_user_name.send_keys(USER_EMAIL)\n    \n                driver.find_element(By.XPATH, self.SCC.LoginPage.CONTINUE_BUTTON).click()\n                el_password = WebDriverWait(driver, 60).until(EC.element_to_be_clickable(\n                    (By.XPATH, self.SCC.LoginPage.PASSWORD_FIELD)\n                ))\n                el_password.click()\n                el_password.send_keys(USER_PASSWORD)\n    \n                driver.find_element(By.XPATH, self.SCC.LoginPage.LOGIN_BUTTON).click()\n                time.sleep(3)\n                el_six_otp_code = WebDriverWait(driver, 60).until(EC.element_to_be_clickable(\n                    (By.XPATH, self.SCC.LoginPage.SIX_OTP_CODE_FIELD)\n                ))\n                el_six_otp_code.click()\n                el_six_otp_code.send_keys(self.otp_auth())\n                time.sleep(10)\n>               WebDriverWait(driver, 10).until(EC.url_matches(self.SCC.HOME_URL))\n\ntests/regression_ui/test_ui_regression.py:84: \n_ _ _ _ _ _ _ _ _ _ _ _ _ _ _ _ _ _ _ _ _ _ _ _ _ _ _ _ _ _ _ _ _ _ _ _ _ _ _ _ \n\nself = <selenium.webdriver.support.wait.WebDriverWait (session=\"d7dc2d8f043808591eb54f8dd5551eb9\")>\nmethod = <function url_matches.<locals>._predicate at 0x7fd67c95f1a0>\nmessage = ''\n\n    def until(self, method: Callable[[D], Union[Literal[False], T]], message: str = \"\") -> T:\n        \"\"\"Calls the method provided with the driver as an argument until the \\\n        return value does not evaluate to ``False``.\n    \n        :param method: callable(WebDriver)\n        :param message: optional message for :exc:`TimeoutException`\n        :returns: the result of the last call to `method`\n        :raises: :exc:`selenium.common.exceptions.TimeoutException` if timeout occurs\n        \"\"\"\n        screen = None\n        stacktrace = None\n    \n        end_time = time.monotonic() + self._timeout\n        while True:\n            try:\n                value = method(self._driver)\n                if value:\n                    return value\n            except self._ignored_exceptions as exc:\n                screen = getattr(exc, \"screen\", None)\n                stacktrace = getattr(exc, \"stacktrace\", None)\n            if time.monotonic() > end_time:\n                break\n            time.sleep(self._poll)\n>       raise TimeoutException(message, screen, stacktrace)\nE       selenium.common.exceptions.TimeoutException: Message:\n\n/opt/hostedtoolcache/Python/3.12.5/x64/lib/python3.12/site-packages/selenium/webdriver/support/wait.py:105: TimeoutException\n\nDuring handling of the above exception, another exception occurred:\n\nself = <tests.regression_ui.test_ui_regression.TestUIRegression object at 0x7fd67cbaa570>\ndriver = <selenium.webdriver.chrome.webdriver.WebDriver (session=\"d7dc2d8f043808591eb54f8dd5551eb9\")>\n\n    @pytest.mark.TC000\n    @pytest.mark.TC005\n    @allure.title('Drag and drop card from one list to another')\n    def test_drag_n_drop_card(self, driver):\n        time.sleep(7)\n        with allure.step('Log in to Trello account'):\n>           self.test_login(driver)\n\ntests/regression_ui/test_ui_regression.py:166: \n_ _ _ _ _ _ _ _ _ _ _ _ _ _ _ _ _ _ _ _ _ _ _ _ _ _ _ _ _ _ _ _ _ _ _ _ _ _ _ _ \ntests/regression_ui/test_ui_regression.py:88: in test_login\n    log.info(\"An error occurred: \", str(e))\n/opt/hostedtoolcache/Python/3.12.5/x64/lib/python3.12/logging/__init__.py:2216: in info\n    root.info(msg, *args, **kwargs)\n/opt/hostedtoolcache/Python/3.12.5/x64/lib/python3.12/logging/__init__.py:1539: in info\n    self._log(INFO, msg, args, **kwargs)\n/opt/hostedtoolcache/Python/3.12.5/x64/lib/python3.12/logging/__init__.py:1684: in _log\n    self.handle(record)\n/opt/hostedtoolcache/Python/3.12.5/x64/lib/python3.12/logging/__init__.py:1700: in handle\n    self.callHandlers(record)\n/opt/hostedtoolcache/Python/3.12.5/x64/lib/python3.12/logging/__init__.py:1762: in callHandlers\n    hdlr.handle(record)\n/opt/hostedtoolcache/Python/3.12.5/x64/lib/python3.12/logging/__init__.py:1028: in handle\n    self.emit(record)\n/opt/hostedtoolcache/Python/3.12.5/x64/lib/python3.12/site-packages/_pytest/logging.py:386: in emit\n    super().emit(record)\n/opt/hostedtoolcache/Python/3.12.5/x64/lib/python3.12/logging/__init__.py:1168: in emit\n    self.handleError(record)\n/opt/hostedtoolcache/Python/3.12.5/x64/lib/python3.12/logging/__init__.py:1160: in emit\n    msg = self.format(record)\n/opt/hostedtoolcache/Python/3.12.5/x64/lib/python3.12/logging/__init__.py:999: in format\n    return fmt.format(record)\n/opt/hostedtoolcache/Python/3.12.5/x64/lib/python3.12/site-packages/_pytest/logging.py:139: in format\n    return super().format(record)\n/opt/hostedtoolcache/Python/3.12.5/x64/lib/python3.12/logging/__init__.py:703: in format\n    record.message = record.getMessage()\n_ _ _ _ _ _ _ _ _ _ _ _ _ _ _ _ _ _ _ _ _ _ _ _ _ _ _ _ _ _ _ _ _ _ _ _ _ _ _ _ \n\nself = <LogRecord: root, 20, /home/runner/work/pythonSelenium/pythonSelenium/tests/regression_ui/test_ui_regression.py, 88, \"An error occurred: \">\n\n    def getMessage(self):\n        \"\"\"\n        Return the message for this LogRecord.\n    \n        Return the message for this LogRecord after merging any user-supplied\n        arguments with the message.\n        \"\"\"\n        msg = str(self.msg)\n        if self.args:\n>           msg = msg % self.args\nE           TypeError: not all arguments converted during string formatting\n\n/opt/hostedtoolcache/Python/3.12.5/x64/lib/python3.12/logging/__init__.py:392: TypeError","steps":[{"name":"Log in to Trello account","time":{"start":1736792520399,"stop":1736792547952,"duration":27553},"status":"broken","statusMessage":"TypeError: not all arguments converted during string formatting\n","statusTrace":"  File \"/home/runner/work/pythonSelenium/pythonSelenium/tests/regression_ui/test_ui_regression.py\", line 166, in test_drag_n_drop_card\n    self.test_login(driver)\n  File \"/home/runner/work/pythonSelenium/pythonSelenium/tests/regression_ui/test_ui_regression.py\", line 88, in test_login\n    log.info(\"An error occurred: \", str(e))\n  File \"/opt/hostedtoolcache/Python/3.12.5/x64/lib/python3.12/logging/__init__.py\", line 2216, in info\n    root.info(msg, *args, **kwargs)\n  File \"/opt/hostedtoolcache/Python/3.12.5/x64/lib/python3.12/logging/__init__.py\", line 1539, in info\n    self._log(INFO, msg, args, **kwargs)\n  File \"/opt/hostedtoolcache/Python/3.12.5/x64/lib/python3.12/logging/__init__.py\", line 1684, in _log\n    self.handle(record)\n  File \"/opt/hostedtoolcache/Python/3.12.5/x64/lib/python3.12/logging/__init__.py\", line 1700, in handle\n    self.callHandlers(record)\n  File \"/opt/hostedtoolcache/Python/3.12.5/x64/lib/python3.12/logging/__init__.py\", line 1762, in callHandlers\n    hdlr.handle(record)\n  File \"/opt/hostedtoolcache/Python/3.12.5/x64/lib/python3.12/logging/__init__.py\", line 1028, in handle\n    self.emit(record)\n  File \"/opt/hostedtoolcache/Python/3.12.5/x64/lib/python3.12/site-packages/_pytest/logging.py\", line 386, in emit\n    super().emit(record)\n  File \"/opt/hostedtoolcache/Python/3.12.5/x64/lib/python3.12/logging/__init__.py\", line 1168, in emit\n    self.handleError(record)\n  File \"/opt/hostedtoolcache/Python/3.12.5/x64/lib/python3.12/logging/__init__.py\", line 1160, in emit\n    msg = self.format(record)\n          ^^^^^^^^^^^^^^^^^^^\n  File \"/opt/hostedtoolcache/Python/3.12.5/x64/lib/python3.12/logging/__init__.py\", line 999, in format\n    return fmt.format(record)\n           ^^^^^^^^^^^^^^^^^^\n  File \"/opt/hostedtoolcache/Python/3.12.5/x64/lib/python3.12/site-packages/_pytest/logging.py\", line 139, in format\n    return super().format(record)\n           ^^^^^^^^^^^^^^^^^^^^^^\n  File \"/opt/hostedtoolcache/Python/3.12.5/x64/lib/python3.12/logging/__init__.py\", line 703, in format\n    record.message = record.getMessage()\n                     ^^^^^^^^^^^^^^^^^^^\n  File \"/opt/hostedtoolcache/Python/3.12.5/x64/lib/python3.12/logging/__init__.py\", line 392, in getMessage\n    msg = msg % self.args\n          ~~~~^~~~~~~~~~~\n","steps":[{"name":"Navigate to the Trello login page","time":{"start":1736792520399,"stop":1736792523731,"duration":3332},"status":"passed","steps":[],"attachments":[],"parameters":[],"shouldDisplayMessage":false,"stepsCount":0,"attachmentsCount":0,"hasContent":false,"attachmentStep":false},{"name":"Enter valid credentials (email, password, and 6-digits verification code)","time":{"start":1736792523731,"stop":1736792547951,"duration":24220},"status":"broken","statusMessage":"TypeError: not all arguments converted during string formatting\n","statusTrace":"  File \"/home/runner/work/pythonSelenium/pythonSelenium/tests/regression_ui/test_ui_regression.py\", line 88, in test_login\n    log.info(\"An error occurred: \", str(e))\n  File \"/opt/hostedtoolcache/Python/3.12.5/x64/lib/python3.12/logging/__init__.py\", line 2216, in info\n    root.info(msg, *args, **kwargs)\n  File \"/opt/hostedtoolcache/Python/3.12.5/x64/lib/python3.12/logging/__init__.py\", line 1539, in info\n    self._log(INFO, msg, args, **kwargs)\n  File \"/opt/hostedtoolcache/Python/3.12.5/x64/lib/python3.12/logging/__init__.py\", line 1684, in _log\n    self.handle(record)\n  File \"/opt/hostedtoolcache/Python/3.12.5/x64/lib/python3.12/logging/__init__.py\", line 1700, in handle\n    self.callHandlers(record)\n  File \"/opt/hostedtoolcache/Python/3.12.5/x64/lib/python3.12/logging/__init__.py\", line 1762, in callHandlers\n    hdlr.handle(record)\n  File \"/opt/hostedtoolcache/Python/3.12.5/x64/lib/python3.12/logging/__init__.py\", line 1028, in handle\n    self.emit(record)\n  File \"/opt/hostedtoolcache/Python/3.12.5/x64/lib/python3.12/site-packages/_pytest/logging.py\", line 386, in emit\n    super().emit(record)\n  File \"/opt/hostedtoolcache/Python/3.12.5/x64/lib/python3.12/logging/__init__.py\", line 1168, in emit\n    self.handleError(record)\n  File \"/opt/hostedtoolcache/Python/3.12.5/x64/lib/python3.12/logging/__init__.py\", line 1160, in emit\n    msg = self.format(record)\n          ^^^^^^^^^^^^^^^^^^^\n  File \"/opt/hostedtoolcache/Python/3.12.5/x64/lib/python3.12/logging/__init__.py\", line 999, in format\n    return fmt.format(record)\n           ^^^^^^^^^^^^^^^^^^\n  File \"/opt/hostedtoolcache/Python/3.12.5/x64/lib/python3.12/site-packages/_pytest/logging.py\", line 139, in format\n    return super().format(record)\n           ^^^^^^^^^^^^^^^^^^^^^^\n  File \"/opt/hostedtoolcache/Python/3.12.5/x64/lib/python3.12/logging/__init__.py\", line 703, in format\n    record.message = record.getMessage()\n                     ^^^^^^^^^^^^^^^^^^^\n  File \"/opt/hostedtoolcache/Python/3.12.5/x64/lib/python3.12/logging/__init__.py\", line 392, in getMessage\n    msg = msg % self.args\n          ~~~~^~~~~~~~~~~\n","steps":[],"attachments":[],"parameters":[],"shouldDisplayMessage":true,"stepsCount":0,"attachmentsCount":0,"hasContent":true,"attachmentStep":false}],"attachments":[],"parameters":[],"shouldDisplayMessage":false,"stepsCount":2,"attachmentsCount":0,"hasContent":true,"attachmentStep":false}],"attachments":[{"uid":"ac98dd814b9d81b8","name":"log","source":"ac98dd814b9d81b8.txt","type":"text/plain","size":63297}],"parameters":[],"shouldDisplayMessage":true,"stepsCount":3,"attachmentsCount":1,"hasContent":true,"attachmentStep":false},"afterStages":[{"name":"driver::0","time":{"start":1736792548084,"stop":1736792548156,"duration":72},"status":"passed","steps":[],"attachments":[],"parameters":[],"shouldDisplayMessage":false,"stepsCount":0,"attachmentsCount":0,"hasContent":false,"attachmentStep":false}],"labels":[{"name":"tag","value":"TC005"},{"name":"tag","value":"TC000"},{"name":"parentSuite","value":"tests.regression_ui"},{"name":"suite","value":"test_ui_regression"},{"name":"subSuite","value":"TestUIRegression"},{"name":"host","value":"fv-az1672-836"},{"name":"thread","value":"3624-MainThread"},{"name":"framework","value":"pytest"},{"name":"language","value":"cpython3"},{"name":"package","value":"tests.regression_ui.test_ui_regression"},{"name":"resultFormat","value":"allure2"}],"parameters":[],"links":[],"hidden":false,"retry":false,"extra":{"severity":"normal","retries":[],"categories":[{"name":"Test defects","matchedStatuses":[],"flaky":false}],"history":{"statistic":{"failed":1,"broken":9,"skipped":0,"passed":76,"unknown":0,"total":86},"items":[{"uid":"b3f48197b49e67e3","status":"passed","time":{"start":1736730582661,"stop":1736730612791,"duration":30130}},{"uid":"83afafd112a0326c","status":"passed","time":{"start":1736705944183,"stop":1736705974229,"duration":30046}},{"uid":"ed55a26e04f1bb8b","status":"passed","time":{"start":1736644354517,"stop":1736644384544,"duration":30027}},{"uid":"cbcf5c5fc354738b","status":"passed","time":{"start":1736619546306,"stop":1736619576348,"duration":30042}},{"uid":"f97b256962cda23a","status":"passed","time":{"start":1736557544415,"stop":1736557574510,"duration":30095}},{"uid":"51b089df4e1d75d5","status":"passed","time":{"start":1736533233887,"stop":1736533263907,"duration":30020}},{"uid":"94b15ce1b9247561","status":"passed","time":{"start":1736471231012,"stop":1736471261096,"duration":30084}},{"uid":"e2b8c9d5b9fdbd48","status":"passed","time":{"start":1736446966783,"stop":1736446996980,"duration":30197}},{"uid":"4d3cac36fa894a32","status":"passed","time":{"start":1736384706809,"stop":1736384736923,"duration":30114}},{"uid":"c10a324cd323860d","status":"passed","time":{"start":1736360438523,"stop":1736360468827,"duration":30304}},{"uid":"993d6a0aaea6f101","status":"passed","time":{"start":1736298328480,"stop":1736298358568,"duration":30088}},{"uid":"9f7bc5d770375cae","status":"passed","time":{"start":1736274057908,"stop":1736274088039,"duration":30131}},{"uid":"6930450084bc8a47","status":"passed","time":{"start":1736211943683,"stop":1736211973801,"duration":30118}},{"uid":"74c35df66cefcb95","status":"passed","time":{"start":1736187645494,"stop":1736187675546,"duration":30052}},{"uid":"934d617c0a8c16aa","status":"passed","time":{"start":1736125689358,"stop":1736125719455,"duration":30097}},{"uid":"a602f6fd75bf0a5b","status":"passed","time":{"start":1736101112157,"stop":1736101142350,"duration":30193}},{"uid":"fc7881ebd3a93233","status":"passed","time":{"start":1736039415340,"stop":1736039445475,"duration":30135}},{"uid":"2e76a6c859fd53c4","status":"passed","time":{"start":1736014740546,"stop":1736014770693,"duration":30147}},{"uid":"1ffdb38e2753ad6d","status":"passed","time":{"start":1735952646485,"stop":1735952676355,"duration":29870}},{"uid":"6297057b5da708e3","status":"passed","time":{"start":1735928492039,"stop":1735928522195,"duration":30156}}]},"tags":["TC005","TC000"]},"source":"a92d840dbfaa7152.json","parameterValues":[]}