{"uid":"ac92c900fb2d8ec6","name":"Archive a card","fullName":"tests.regression_ui.test_ui_regression.TestUIRegression#test_archive_card","historyId":"4151bed777d70c35651f4626d00b86b5","time":{"start":1742959582048,"stop":1742959604050,"duration":22002},"status":"broken","statusMessage":"selenium.common.exceptions.NoSuchElementException: Message: no such element: Unable to locate element: {\"method\":\"xpath\",\"selector\":\"//*[contains(text(), 'new_card')]\"}\n  (Session info: chrome=134.0.6998.165); For documentation on this error, please visit: https://www.selenium.dev/documentation/webdriver/troubleshooting/errors#no-such-element-exception\nStacktrace:\n#0 0x55f2237ada1a <unknown>\n#1 0x55f223265390 <unknown>\n#2 0x55f2232b6c85 <unknown>\n#3 0x55f2232b6eb1 <unknown>\n#4 0x55f223305d64 <unknown>\n#5 0x55f2232dcbfd <unknown>\n#6 0x55f22330307b <unknown>\n#7 0x55f2232dc9a3 <unknown>\n#8 0x55f2232a860e <unknown>\n#9 0x55f2232a9dd1 <unknown>\n#10 0x55f223773ddb <unknown>\n#11 0x55f223777cbc <unknown>\n#12 0x55f22375b392 <unknown>\n#13 0x55f223778834 <unknown>\n#14 0x55f22373f1ef <unknown>\n#15 0x55f22379c038 <unknown>\n#16 0x55f22379c216 <unknown>\n#17 0x55f2237ac896 <unknown>\n#18 0x7fc3b8e9caa4 <unknown>\n#19 0x7fc3b8f29c3c <unknown>","statusTrace":"self = <tests.regression_ui.test_ui_regression.TestUIRegression object at 0x7f15696ae780>\ndriver = <selenium.webdriver.chrome.webdriver.WebDriver (session=\"d8a49b23d55b28b13db3c88c77f00ab4\")>\n\n    @pytest.mark.TC000\n    @pytest.mark.TC006\n    @allure.title('Archive a card')\n    def test_archive_card(self, driver):\n        time.sleep(5)\n        with allure.step('Log in to Trello account'):\n            self.test_login(driver)\n    \n        with allure.step('Open a board and select a card'):\n            try:\n                WebDriverWait(driver, 30).until(EC.element_to_be_clickable((By.XPATH, self.SCC.Board.BOARD_TITLE))).click()\n                WebDriverWait(driver, 10).until(EC.visibility_of_element_located((By.XPATH, self.SCC.Board.LIST_TITLE))).click()\n                driver.find_element(By.XPATH, self.SCC.List.ADD_A_CARD_BUTTON).click()\n                driver.find_element(By.XPATH, self.SCC.List.CARD_NAME_FIELD).click()\n                time.sleep(1)\n                driver.find_element(By.XPATH, self.SCC.List.CARD_NAME_FIELD).send_keys('new_card')\n                driver.find_element(By.XPATH, self.SCC.List.ADD_CARD_SUBMIT_BUTTOMN).click()\n                time.sleep(2)\n            except Exception as e:\n                log.info(\"An error occurred: \", str(e))\n    \n        with allure.step('Click the card to open and archive it'):\n>           driver.find_element(By.XPATH, self.SCC.List.CARD_TO_ARCHIVE).click()\n\ntests/regression_ui/test_ui_regression.py:206: \n_ _ _ _ _ _ _ _ _ _ _ _ _ _ _ _ _ _ _ _ _ _ _ _ _ _ _ _ _ _ _ _ _ _ _ _ _ _ _ _ \n/opt/hostedtoolcache/Python/3.12.5/x64/lib/python3.12/site-packages/selenium/webdriver/remote/webdriver.py:770: in find_element\n    return self.execute(Command.FIND_ELEMENT, {\"using\": by, \"value\": value})[\"value\"]\n/opt/hostedtoolcache/Python/3.12.5/x64/lib/python3.12/site-packages/selenium/webdriver/remote/webdriver.py:384: in execute\n    self.error_handler.check_response(response)\n_ _ _ _ _ _ _ _ _ _ _ _ _ _ _ _ _ _ _ _ _ _ _ _ _ _ _ _ _ _ _ _ _ _ _ _ _ _ _ _ \n\nself = <selenium.webdriver.remote.errorhandler.ErrorHandler object at 0x7f15696b5400>\nresponse = {'status': 404, 'value': '{\"value\":{\"error\":\"no such element\",\"message\":\"no such element: Unable to locate element: {\\...\\\\n#17 0x55f2237ac896 \\\\u003Cunknown>\\\\n#18 0x7fc3b8e9caa4 \\\\u003Cunknown>\\\\n#19 0x7fc3b8f29c3c \\\\u003Cunknown>\\\\n\"}}'}\n\n    def check_response(self, response: Dict[str, Any]) -> None:\n        \"\"\"Checks that a JSON response from the WebDriver does not have an\n        error.\n    \n        :Args:\n         - response - The JSON response from the WebDriver server as a dictionary\n           object.\n    \n        :Raises: If the response contains an error message.\n        \"\"\"\n        status = response.get(\"status\", None)\n        if not status or status == ErrorCode.SUCCESS:\n            return\n        value = None\n        message = response.get(\"message\", \"\")\n        screen: str = response.get(\"screen\", \"\")\n        stacktrace = None\n        if isinstance(status, int):\n            value_json = response.get(\"value\", None)\n            if value_json and isinstance(value_json, str):\n                import json\n    \n                try:\n                    value = json.loads(value_json)\n                    if len(value) == 1:\n                        value = value[\"value\"]\n                    status = value.get(\"error\", None)\n                    if not status:\n                        status = value.get(\"status\", ErrorCode.UNKNOWN_ERROR)\n                        message = value.get(\"value\") or value.get(\"message\")\n                        if not isinstance(message, str):\n                            value = message\n                            message = message.get(\"message\")\n                    else:\n                        message = value.get(\"message\", None)\n                except ValueError:\n                    pass\n    \n        exception_class: Type[WebDriverException]\n        e = ErrorCode()\n        error_codes = [item for item in dir(e) if not item.startswith(\"__\")]\n        for error_code in error_codes:\n            error_info = getattr(ErrorCode, error_code)\n            if isinstance(error_info, list) and status in error_info:\n                exception_class = getattr(ExceptionMapping, error_code, WebDriverException)\n                break\n        else:\n            exception_class = WebDriverException\n    \n        if not value:\n            value = response[\"value\"]\n        if isinstance(value, str):\n            raise exception_class(value)\n        if message == \"\" and \"message\" in value:\n            message = value[\"message\"]\n    \n        screen = None  # type: ignore[assignment]\n        if \"screen\" in value:\n            screen = value[\"screen\"]\n    \n        stacktrace = None\n        st_value = value.get(\"stackTrace\") or value.get(\"stacktrace\")\n        if st_value:\n            if isinstance(st_value, str):\n                stacktrace = st_value.split(\"\\n\")\n            else:\n                stacktrace = []\n                try:\n                    for frame in st_value:\n                        line = frame.get(\"lineNumber\", \"\")\n                        file = frame.get(\"fileName\", \"<anonymous>\")\n                        if line:\n                            file = f\"{file}:{line}\"\n                        meth = frame.get(\"methodName\", \"<anonymous>\")\n                        if \"className\" in frame:\n                            meth = f\"{frame['className']}.{meth}\"\n                        msg = \"    at %s (%s)\"\n                        msg = msg % (meth, file)\n                        stacktrace.append(msg)\n                except TypeError:\n                    pass\n        if exception_class == UnexpectedAlertPresentException:\n            alert_text = None\n            if \"data\" in value:\n                alert_text = value[\"data\"].get(\"text\")\n            elif \"alert\" in value:\n                alert_text = value[\"alert\"].get(\"text\")\n            raise exception_class(message, screen, stacktrace, alert_text)  # type: ignore[call-arg]  # mypy is not smart enough here\n>       raise exception_class(message, screen, stacktrace)\nE       selenium.common.exceptions.NoSuchElementException: Message: no such element: Unable to locate element: {\"method\":\"xpath\",\"selector\":\"//*[contains(text(), 'new_card')]\"}\nE         (Session info: chrome=134.0.6998.165); For documentation on this error, please visit: https://www.selenium.dev/documentation/webdriver/troubleshooting/errors#no-such-element-exception\nE       Stacktrace:\nE       #0 0x55f2237ada1a <unknown>\nE       #1 0x55f223265390 <unknown>\nE       #2 0x55f2232b6c85 <unknown>\nE       #3 0x55f2232b6eb1 <unknown>\nE       #4 0x55f223305d64 <unknown>\nE       #5 0x55f2232dcbfd <unknown>\nE       #6 0x55f22330307b <unknown>\nE       #7 0x55f2232dc9a3 <unknown>\nE       #8 0x55f2232a860e <unknown>\nE       #9 0x55f2232a9dd1 <unknown>\nE       #10 0x55f223773ddb <unknown>\nE       #11 0x55f223777cbc <unknown>\nE       #12 0x55f22375b392 <unknown>\nE       #13 0x55f223778834 <unknown>\nE       #14 0x55f22373f1ef <unknown>\nE       #15 0x55f22379c038 <unknown>\nE       #16 0x55f22379c216 <unknown>\nE       #17 0x55f2237ac896 <unknown>\nE       #18 0x7fc3b8e9caa4 <unknown>\nE       #19 0x7fc3b8f29c3c <unknown>\n\n/opt/hostedtoolcache/Python/3.12.5/x64/lib/python3.12/site-packages/selenium/webdriver/remote/errorhandler.py:232: NoSuchElementException","flaky":false,"newFailed":false,"newBroken":true,"newPassed":false,"retriesCount":0,"retriesStatusChange":false,"beforeStages":[{"name":"driver","time":{"start":1742959581733,"stop":1742959582047,"duration":314},"status":"passed","steps":[],"attachments":[],"parameters":[],"shouldDisplayMessage":false,"stepsCount":0,"attachmentsCount":0,"hasContent":false,"attachmentStep":false},{"name":"setup","time":{"start":1742959582048,"stop":1742959582048,"duration":0},"status":"passed","steps":[],"attachments":[],"parameters":[],"shouldDisplayMessage":false,"stepsCount":0,"attachmentsCount":0,"hasContent":false,"attachmentStep":false}],"testStage":{"status":"broken","statusMessage":"selenium.common.exceptions.NoSuchElementException: Message: no such element: Unable to locate element: {\"method\":\"xpath\",\"selector\":\"//*[contains(text(), 'new_card')]\"}\n  (Session info: chrome=134.0.6998.165); For documentation on this error, please visit: https://www.selenium.dev/documentation/webdriver/troubleshooting/errors#no-such-element-exception\nStacktrace:\n#0 0x55f2237ada1a <unknown>\n#1 0x55f223265390 <unknown>\n#2 0x55f2232b6c85 <unknown>\n#3 0x55f2232b6eb1 <unknown>\n#4 0x55f223305d64 <unknown>\n#5 0x55f2232dcbfd <unknown>\n#6 0x55f22330307b <unknown>\n#7 0x55f2232dc9a3 <unknown>\n#8 0x55f2232a860e <unknown>\n#9 0x55f2232a9dd1 <unknown>\n#10 0x55f223773ddb <unknown>\n#11 0x55f223777cbc <unknown>\n#12 0x55f22375b392 <unknown>\n#13 0x55f223778834 <unknown>\n#14 0x55f22373f1ef <unknown>\n#15 0x55f22379c038 <unknown>\n#16 0x55f22379c216 <unknown>\n#17 0x55f2237ac896 <unknown>\n#18 0x7fc3b8e9caa4 <unknown>\n#19 0x7fc3b8f29c3c <unknown>","statusTrace":"self = <tests.regression_ui.test_ui_regression.TestUIRegression object at 0x7f15696ae780>\ndriver = <selenium.webdriver.chrome.webdriver.WebDriver (session=\"d8a49b23d55b28b13db3c88c77f00ab4\")>\n\n    @pytest.mark.TC000\n    @pytest.mark.TC006\n    @allure.title('Archive a card')\n    def test_archive_card(self, driver):\n        time.sleep(5)\n        with allure.step('Log in to Trello account'):\n            self.test_login(driver)\n    \n        with allure.step('Open a board and select a card'):\n            try:\n                WebDriverWait(driver, 30).until(EC.element_to_be_clickable((By.XPATH, self.SCC.Board.BOARD_TITLE))).click()\n                WebDriverWait(driver, 10).until(EC.visibility_of_element_located((By.XPATH, self.SCC.Board.LIST_TITLE))).click()\n                driver.find_element(By.XPATH, self.SCC.List.ADD_A_CARD_BUTTON).click()\n                driver.find_element(By.XPATH, self.SCC.List.CARD_NAME_FIELD).click()\n                time.sleep(1)\n                driver.find_element(By.XPATH, self.SCC.List.CARD_NAME_FIELD).send_keys('new_card')\n                driver.find_element(By.XPATH, self.SCC.List.ADD_CARD_SUBMIT_BUTTOMN).click()\n                time.sleep(2)\n            except Exception as e:\n                log.info(\"An error occurred: \", str(e))\n    \n        with allure.step('Click the card to open and archive it'):\n>           driver.find_element(By.XPATH, self.SCC.List.CARD_TO_ARCHIVE).click()\n\ntests/regression_ui/test_ui_regression.py:206: \n_ _ _ _ _ _ _ _ _ _ _ _ _ _ _ _ _ _ _ _ _ _ _ _ _ _ _ _ _ _ _ _ _ _ _ _ _ _ _ _ \n/opt/hostedtoolcache/Python/3.12.5/x64/lib/python3.12/site-packages/selenium/webdriver/remote/webdriver.py:770: in find_element\n    return self.execute(Command.FIND_ELEMENT, {\"using\": by, \"value\": value})[\"value\"]\n/opt/hostedtoolcache/Python/3.12.5/x64/lib/python3.12/site-packages/selenium/webdriver/remote/webdriver.py:384: in execute\n    self.error_handler.check_response(response)\n_ _ _ _ _ _ _ _ _ _ _ _ _ _ _ _ _ _ _ _ _ _ _ _ _ _ _ _ _ _ _ _ _ _ _ _ _ _ _ _ \n\nself = <selenium.webdriver.remote.errorhandler.ErrorHandler object at 0x7f15696b5400>\nresponse = {'status': 404, 'value': '{\"value\":{\"error\":\"no such element\",\"message\":\"no such element: Unable to locate element: {\\...\\\\n#17 0x55f2237ac896 \\\\u003Cunknown>\\\\n#18 0x7fc3b8e9caa4 \\\\u003Cunknown>\\\\n#19 0x7fc3b8f29c3c \\\\u003Cunknown>\\\\n\"}}'}\n\n    def check_response(self, response: Dict[str, Any]) -> None:\n        \"\"\"Checks that a JSON response from the WebDriver does not have an\n        error.\n    \n        :Args:\n         - response - The JSON response from the WebDriver server as a dictionary\n           object.\n    \n        :Raises: If the response contains an error message.\n        \"\"\"\n        status = response.get(\"status\", None)\n        if not status or status == ErrorCode.SUCCESS:\n            return\n        value = None\n        message = response.get(\"message\", \"\")\n        screen: str = response.get(\"screen\", \"\")\n        stacktrace = None\n        if isinstance(status, int):\n            value_json = response.get(\"value\", None)\n            if value_json and isinstance(value_json, str):\n                import json\n    \n                try:\n                    value = json.loads(value_json)\n                    if len(value) == 1:\n                        value = value[\"value\"]\n                    status = value.get(\"error\", None)\n                    if not status:\n                        status = value.get(\"status\", ErrorCode.UNKNOWN_ERROR)\n                        message = value.get(\"value\") or value.get(\"message\")\n                        if not isinstance(message, str):\n                            value = message\n                            message = message.get(\"message\")\n                    else:\n                        message = value.get(\"message\", None)\n                except ValueError:\n                    pass\n    \n        exception_class: Type[WebDriverException]\n        e = ErrorCode()\n        error_codes = [item for item in dir(e) if not item.startswith(\"__\")]\n        for error_code in error_codes:\n            error_info = getattr(ErrorCode, error_code)\n            if isinstance(error_info, list) and status in error_info:\n                exception_class = getattr(ExceptionMapping, error_code, WebDriverException)\n                break\n        else:\n            exception_class = WebDriverException\n    \n        if not value:\n            value = response[\"value\"]\n        if isinstance(value, str):\n            raise exception_class(value)\n        if message == \"\" and \"message\" in value:\n            message = value[\"message\"]\n    \n        screen = None  # type: ignore[assignment]\n        if \"screen\" in value:\n            screen = value[\"screen\"]\n    \n        stacktrace = None\n        st_value = value.get(\"stackTrace\") or value.get(\"stacktrace\")\n        if st_value:\n            if isinstance(st_value, str):\n                stacktrace = st_value.split(\"\\n\")\n            else:\n                stacktrace = []\n                try:\n                    for frame in st_value:\n                        line = frame.get(\"lineNumber\", \"\")\n                        file = frame.get(\"fileName\", \"<anonymous>\")\n                        if line:\n                            file = f\"{file}:{line}\"\n                        meth = frame.get(\"methodName\", \"<anonymous>\")\n                        if \"className\" in frame:\n                            meth = f\"{frame['className']}.{meth}\"\n                        msg = \"    at %s (%s)\"\n                        msg = msg % (meth, file)\n                        stacktrace.append(msg)\n                except TypeError:\n                    pass\n        if exception_class == UnexpectedAlertPresentException:\n            alert_text = None\n            if \"data\" in value:\n                alert_text = value[\"data\"].get(\"text\")\n            elif \"alert\" in value:\n                alert_text = value[\"alert\"].get(\"text\")\n            raise exception_class(message, screen, stacktrace, alert_text)  # type: ignore[call-arg]  # mypy is not smart enough here\n>       raise exception_class(message, screen, stacktrace)\nE       selenium.common.exceptions.NoSuchElementException: Message: no such element: Unable to locate element: {\"method\":\"xpath\",\"selector\":\"//*[contains(text(), 'new_card')]\"}\nE         (Session info: chrome=134.0.6998.165); For documentation on this error, please visit: https://www.selenium.dev/documentation/webdriver/troubleshooting/errors#no-such-element-exception\nE       Stacktrace:\nE       #0 0x55f2237ada1a <unknown>\nE       #1 0x55f223265390 <unknown>\nE       #2 0x55f2232b6c85 <unknown>\nE       #3 0x55f2232b6eb1 <unknown>\nE       #4 0x55f223305d64 <unknown>\nE       #5 0x55f2232dcbfd <unknown>\nE       #6 0x55f22330307b <unknown>\nE       #7 0x55f2232dc9a3 <unknown>\nE       #8 0x55f2232a860e <unknown>\nE       #9 0x55f2232a9dd1 <unknown>\nE       #10 0x55f223773ddb <unknown>\nE       #11 0x55f223777cbc <unknown>\nE       #12 0x55f22375b392 <unknown>\nE       #13 0x55f223778834 <unknown>\nE       #14 0x55f22373f1ef <unknown>\nE       #15 0x55f22379c038 <unknown>\nE       #16 0x55f22379c216 <unknown>\nE       #17 0x55f2237ac896 <unknown>\nE       #18 0x7fc3b8e9caa4 <unknown>\nE       #19 0x7fc3b8f29c3c <unknown>\n\n/opt/hostedtoolcache/Python/3.12.5/x64/lib/python3.12/site-packages/selenium/webdriver/remote/errorhandler.py:232: NoSuchElementException","steps":[{"name":"Log in to Trello account","time":{"start":1742959587048,"stop":1742959593683,"duration":6635},"status":"passed","steps":[{"name":"Navigate to the Trello page and enter valid credentials (email, password, and 6-digits verification code)","time":{"start":1742959587048,"stop":1742959593683,"duration":6635},"status":"passed","steps":[],"attachments":[],"parameters":[],"shouldDisplayMessage":false,"stepsCount":0,"attachmentsCount":0,"hasContent":false,"attachmentStep":false}],"attachments":[],"parameters":[],"shouldDisplayMessage":false,"stepsCount":1,"attachmentsCount":0,"hasContent":true,"attachmentStep":false},{"name":"Open a board and select a card","time":{"start":1742959593683,"stop":1742959604034,"duration":10351},"status":"passed","steps":[],"attachments":[],"parameters":[],"shouldDisplayMessage":false,"stepsCount":0,"attachmentsCount":0,"hasContent":false,"attachmentStep":false},{"name":"Click the card to open and archive it","time":{"start":1742959604035,"stop":1742959604050,"duration":15},"status":"broken","statusMessage":"selenium.common.exceptions.NoSuchElementException: Message: no such element: Unable to locate element: {\"method\":\"xpath\",\"selector\":\"//*[contains(text(), 'new_card')]\"}\n  (Session info: chrome=134.0.6998.165); For documentation on this error, please visit: https://www.selenium.dev/documentation/webdriver/troubleshooting/errors#no-such-element-exception\nStacktrace:\n#0 0x55f2237ada1a <unknown>\n#1 0x55f223265390 <unknown>\n#2 0x55f2232b6c85 <unknown>\n#3 0x55f2232b6eb1 <unknown>\n#4 0x55f223305d64 <unknown>\n#5 0x55f2232dcbfd <unknown>\n#6 0x55f22330307b <unknown>\n#7 0x55f2232dc9a3 <unknown>\n#8 0x55f2232a860e <unknown>\n#9 0x55f2232a9dd1 <unknown>\n#10 0x55f223773ddb <unknown>\n#11 0x55f223777cbc <unknown>\n#12 0x55f22375b392 <unknown>\n#13 0x55f223778834 <unknown>\n#14 0x55f22373f1ef <unknown>\n#15 0x55f22379c038 <unknown>\n#16 0x55f22379c216 <unknown>\n#17 0x55f2237ac896 <unknown>\n#18 0x7fc3b8e9caa4 <unknown>\n#19 0x7fc3b8f29c3c <unknown>\n\n","statusTrace":"  File \"/home/runner/work/pythonSelenium/pythonSelenium/tests/regression_ui/test_ui_regression.py\", line 206, in test_archive_card\n    driver.find_element(By.XPATH, self.SCC.List.CARD_TO_ARCHIVE).click()\n    ^^^^^^^^^^^^^^^^^^^^^^^^^^^^^^^^^^^^^^^^^^^^^^^^^^^^^^^^^^^^\n  File \"/opt/hostedtoolcache/Python/3.12.5/x64/lib/python3.12/site-packages/selenium/webdriver/remote/webdriver.py\", line 770, in find_element\n    return self.execute(Command.FIND_ELEMENT, {\"using\": by, \"value\": value})[\"value\"]\n           ^^^^^^^^^^^^^^^^^^^^^^^^^^^^^^^^^^^^^^^^^^^^^^^^^^^^^^^^^^^^^^^^^\n  File \"/opt/hostedtoolcache/Python/3.12.5/x64/lib/python3.12/site-packages/selenium/webdriver/remote/webdriver.py\", line 384, in execute\n    self.error_handler.check_response(response)\n  File \"/opt/hostedtoolcache/Python/3.12.5/x64/lib/python3.12/site-packages/selenium/webdriver/remote/errorhandler.py\", line 232, in check_response\n    raise exception_class(message, screen, stacktrace)\n","steps":[],"attachments":[],"parameters":[],"shouldDisplayMessage":true,"stepsCount":0,"attachmentsCount":0,"hasContent":true,"attachmentStep":false}],"attachments":[],"parameters":[],"shouldDisplayMessage":true,"stepsCount":4,"attachmentsCount":0,"hasContent":true,"attachmentStep":false},"afterStages":[{"name":"driver::0","time":{"start":1742959604082,"stop":1742959604152,"duration":70},"status":"passed","steps":[],"attachments":[],"parameters":[],"shouldDisplayMessage":false,"stepsCount":0,"attachmentsCount":0,"hasContent":false,"attachmentStep":false}],"labels":[{"name":"tag","value":"TC006"},{"name":"tag","value":"TC000"},{"name":"parentSuite","value":"tests.regression_ui"},{"name":"suite","value":"test_ui_regression"},{"name":"subSuite","value":"TestUIRegression"},{"name":"host","value":"fv-az1991-467"},{"name":"thread","value":"4106-MainThread"},{"name":"framework","value":"pytest"},{"name":"language","value":"cpython3"},{"name":"package","value":"tests.regression_ui.test_ui_regression"},{"name":"resultFormat","value":"allure2"}],"parameters":[],"links":[],"hidden":false,"retry":false,"extra":{"severity":"normal","retries":[],"categories":[{"name":"Test defects","matchedStatuses":[]}],"history":{"statistic":{"failed":19,"broken":37,"skipped":0,"passed":539,"unknown":0,"total":595},"items":[{"uid":"e268c562d62e4532","status":"passed","time":{"start":1742949939543,"stop":1742949976713,"duration":37170}},{"uid":"9410a292c24df53","status":"passed","time":{"start":1742937011581,"stop":1742937042902,"duration":31321}},{"uid":"c9e5cef2cc717063","status":"passed","time":{"start":1742926512624,"stop":1742926543354,"duration":30730}},{"uid":"3a692e056a02520b","status":"passed","time":{"start":1742915502681,"stop":1742915534873,"duration":32192}},{"uid":"de45e8cce28c4013","status":"passed","time":{"start":1742905148713,"stop":1742905185408,"duration":36695}},{"uid":"9d5c6af198d2d636","status":"passed","time":{"start":1742893930133,"stop":1742893966360,"duration":36227}},{"uid":"549b3df46ff9ef1e","status":"passed","time":{"start":1742883339838,"stop":1742883376174,"duration":36336}},{"uid":"3355b07ccf4ffef7","status":"passed","time":{"start":1742873230527,"stop":1742873269173,"duration":38646}},{"uid":"d3d45d4b9f54585e","status":"passed","time":{"start":1742863510430,"stop":1742863547555,"duration":37125}},{"uid":"f5a1530ae8f996cd","status":"passed","time":{"start":1742850643499,"stop":1742850674323,"duration":30824}},{"uid":"47974631039d8bbc","status":"passed","time":{"start":1742840112538,"stop":1742840143812,"duration":31274}},{"uid":"cca2dc4286e0c2a3","status":"passed","time":{"start":1742829132129,"stop":1742829163517,"duration":31388}},{"uid":"d8216b37c7196db7","status":"passed","time":{"start":1742818842959,"stop":1742818874083,"duration":31124}},{"uid":"fe8aba3a85a803a0","status":"passed","time":{"start":1742807651966,"stop":1742807683330,"duration":31364}},{"uid":"4ad34e5b416c3802","status":"passed","time":{"start":1742796999355,"stop":1742797035936,"duration":36581}},{"uid":"afe6b42fb1f07e4b","status":"passed","time":{"start":1742787072507,"stop":1742787103690,"duration":31183}},{"uid":"cdebe1ede6c302e8","status":"passed","time":{"start":1742777353661,"stop":1742777385542,"duration":31881}},{"uid":"4368a837d7fe3d99","status":"passed","time":{"start":1742764244308,"stop":1742764276070,"duration":31762}},{"uid":"83559ddbca76f098","status":"broken","statusDetails":"selenium.common.exceptions.TimeoutException: Message: \nStacktrace:\n#0 0x5615e9848a1a <unknown>\n#1 0x5615e9300390 <unknown>\n#2 0x5615e9351c85 <unknown>\n#3 0x5615e9351eb1 <unknown>\n#4 0x5615e93a0d64 <unknown>\n#5 0x5615e9377bfd <unknown>\n#6 0x5615e939e07b <unknown>\n#7 0x5615e93779a3 <unknown>\n#8 0x5615e934360e <unknown>\n#9 0x5615e9344dd1 <unknown>\n#10 0x5615e980eddb <unknown>\n#11 0x5615e9812cbc <unknown>\n#12 0x5615e97f6392 <unknown>\n#13 0x5615e9813834 <unknown>\n#14 0x5615e97da1ef <unknown>\n#15 0x5615e9837038 <unknown>\n#16 0x5615e9837216 <unknown>\n#17 0x5615e9847896 <unknown>\n#18 0x7fad7ac9caa4 <unknown>\n#19 0x7fad7ad29c3c <unknown>","time":{"start":1742753539870,"stop":1742753555502,"duration":15632}},{"uid":"17fabeee7360c1a","status":"passed","time":{"start":1742742613553,"stop":1742742645376,"duration":31823}}]},"tags":["TC006","TC000"]},"source":"ac92c900fb2d8ec6.json","parameterValues":[]}