{"uid":"acc153c501813321","name":"Archive a card","fullName":"tests.regression_ui.test_ui_regression.TestUIRegression#test_archive_card","historyId":"4151bed777d70c35651f4626d00b86b5","time":{"start":1743554787622,"stop":1743554807659,"duration":20037},"status":"passed","flaky":false,"newFailed":false,"newBroken":false,"newPassed":true,"retriesCount":0,"retriesStatusChange":false,"beforeStages":[{"name":"driver","time":{"start":1743554787295,"stop":1743554787621,"duration":326},"status":"passed","steps":[],"attachments":[],"parameters":[],"shouldDisplayMessage":false,"stepsCount":0,"attachmentsCount":0,"hasContent":false,"attachmentStep":false},{"name":"setup","time":{"start":1743554787621,"stop":1743554787621,"duration":0},"status":"passed","steps":[],"attachments":[],"parameters":[],"shouldDisplayMessage":false,"stepsCount":0,"attachmentsCount":0,"hasContent":false,"attachmentStep":false}],"testStage":{"status":"passed","steps":[{"name":"Log in to Trello account","time":{"start":1743554792622,"stop":1743554798937,"duration":6315},"status":"passed","steps":[{"name":"Navigate to the Trello page and enter valid credentials (email, password, and 6-digits verification code)","time":{"start":1743554792622,"stop":1743554798937,"duration":6315},"status":"passed","steps":[],"attachments":[],"parameters":[],"shouldDisplayMessage":false,"stepsCount":0,"attachmentsCount":0,"hasContent":false,"attachmentStep":false}],"attachments":[],"parameters":[],"shouldDisplayMessage":false,"stepsCount":1,"attachmentsCount":0,"hasContent":true,"attachmentStep":false},{"name":"Open a board and select a card","time":{"start":1743554798937,"stop":1743554803297,"duration":4360},"status":"passed","steps":[],"attachments":[],"parameters":[],"shouldDisplayMessage":false,"stepsCount":0,"attachmentsCount":0,"hasContent":false,"attachmentStep":false},{"name":"Click the card to open and archive it","time":{"start":1743554803297,"stop":1743554804650,"duration":1353},"status":"passed","steps":[],"attachments":[],"parameters":[],"shouldDisplayMessage":false,"stepsCount":0,"attachmentsCount":0,"hasContent":false,"attachmentStep":false},{"name":"Verify that the card is archived and the list is empty","time":{"start":1743554804650,"stop":1743554807659,"duration":3009},"status":"passed","steps":[],"attachments":[],"parameters":[],"shouldDisplayMessage":false,"stepsCount":0,"attachmentsCount":0,"hasContent":false,"attachmentStep":false}],"attachments":[{"uid":"3cebc145b4f063fc","name":"log","source":"3cebc145b4f063fc.txt","type":"text/plain","size":360}],"parameters":[],"shouldDisplayMessage":false,"stepsCount":5,"attachmentsCount":1,"hasContent":true,"attachmentStep":false},"afterStages":[{"name":"driver::0","time":{"start":1743554807660,"stop":1743554807731,"duration":71},"status":"passed","steps":[],"attachments":[],"parameters":[],"shouldDisplayMessage":false,"stepsCount":0,"attachmentsCount":0,"hasContent":false,"attachmentStep":false}],"labels":[{"name":"tag","value":"TC006"},{"name":"tag","value":"TC000"},{"name":"parentSuite","value":"tests.regression_ui"},{"name":"suite","value":"test_ui_regression"},{"name":"subSuite","value":"TestUIRegression"},{"name":"host","value":"fv-az1701-984"},{"name":"thread","value":"4694-MainThread"},{"name":"framework","value":"pytest"},{"name":"language","value":"cpython3"},{"name":"package","value":"tests.regression_ui.test_ui_regression"},{"name":"resultFormat","value":"allure2"}],"parameters":[],"links":[],"hidden":false,"retry":false,"extra":{"severity":"normal","retries":[],"categories":[],"history":{"statistic":{"failed":22,"broken":71,"skipped":0,"passed":557,"unknown":0,"total":650},"items":[{"uid":"cf3f5d846034d0fc","status":"broken","statusDetails":"selenium.common.exceptions.NoSuchElementException: Message: no such element: Unable to locate element: {\"method\":\"xpath\",\"selector\":\"//*[contains(text(), 'new_card')]\"}\n  (Session info: chrome=135.0.7049.52); For documentation on this error, please visit: https://www.selenium.dev/documentation/webdriver/troubleshooting/errors#no-such-element-exception\nStacktrace:\n#0 0x560de403cffa <unknown>\n#1 0x560de3afb970 <unknown>\n#2 0x560de3b4d385 <unknown>\n#3 0x560de3b4d5b1 <unknown>\n#4 0x560de3b9c3c4 <unknown>\n#5 0x560de3b732bd <unknown>\n#6 0x560de3b9970c <unknown>\n#7 0x560de3b73063 <unknown>\n#8 0x560de3b3f328 <unknown>\n#9 0x560de3b40491 <unknown>\n#10 0x560de400442b <unknown>\n#11 0x560de40082ec <unknown>\n#12 0x560de3feba22 <unknown>\n#13 0x560de4008e64 <unknown>\n#14 0x560de3fcfbef <unknown>\n#15 0x560de402b558 <unknown>\n#16 0x560de402b736 <unknown>\n#17 0x560de403be76 <unknown>\n#18 0x7f4e9309caa4 <unknown>\n#19 0x7f4e93129c3c <unknown>","time":{"start":1743541879431,"stop":1743541920648,"duration":41217}},{"uid":"476ca732397d4e12","status":"broken","statusDetails":"selenium.common.exceptions.NoSuchElementException: Message: no such element: Unable to locate element: {\"method\":\"xpath\",\"selector\":\"//*[contains(text(), 'new_card')]\"}\n  (Session info: chrome=135.0.7049.52); For documentation on this error, please visit: https://www.selenium.dev/documentation/webdriver/troubleshooting/errors#no-such-element-exception\nStacktrace:\n#0 0x55d1845e1ffa <unknown>\n#1 0x55d1840a0970 <unknown>\n#2 0x55d1840f2385 <unknown>\n#3 0x55d1840f25b1 <unknown>\n#4 0x55d1841413c4 <unknown>\n#5 0x55d1841182bd <unknown>\n#6 0x55d18413e70c <unknown>\n#7 0x55d184118063 <unknown>\n#8 0x55d1840e4328 <unknown>\n#9 0x55d1840e5491 <unknown>\n#10 0x55d1845a942b <unknown>\n#11 0x55d1845ad2ec <unknown>\n#12 0x55d184590a22 <unknown>\n#13 0x55d1845ade64 <unknown>\n#14 0x55d184574bef <unknown>\n#15 0x55d1845d0558 <unknown>\n#16 0x55d1845d0736 <unknown>\n#17 0x55d1845e0e76 <unknown>\n#18 0x7fc978a9caa4 <unknown>\n#19 0x7fc978b29c3c <unknown>","time":{"start":1743531293578,"stop":1743531314889,"duration":21311}},{"uid":"6032239cd506820f","status":"broken","statusDetails":"selenium.common.exceptions.NoSuchElementException: Message: no such element: Unable to locate element: {\"method\":\"xpath\",\"selector\":\"//*[contains(text(), 'new_card')]\"}\n  (Session info: chrome=134.0.6998.165); For documentation on this error, please visit: https://www.selenium.dev/documentation/webdriver/troubleshooting/errors#no-such-element-exception\nStacktrace:\n#0 0x55b564c03a1a <unknown>\n#1 0x55b5646bb390 <unknown>\n#2 0x55b56470cc85 <unknown>\n#3 0x55b56470ceb1 <unknown>\n#4 0x55b56475bd64 <unknown>\n#5 0x55b564732bfd <unknown>\n#6 0x55b56475907b <unknown>\n#7 0x55b5647329a3 <unknown>\n#8 0x55b5646fe60e <unknown>\n#9 0x55b5646ffdd1 <unknown>\n#10 0x55b564bc9ddb <unknown>\n#11 0x55b564bcdcbc <unknown>\n#12 0x55b564bb1392 <unknown>\n#13 0x55b564bce834 <unknown>\n#14 0x55b564b951ef <unknown>\n#15 0x55b564bf2038 <unknown>\n#16 0x55b564bf2216 <unknown>\n#17 0x55b564c02896 <unknown>\n#18 0x7f4b2a69caa4 <unknown>\n#19 0x7f4b2a729c3c <unknown>","time":{"start":1743520373464,"stop":1743520414719,"duration":41255}},{"uid":"354f672be2eee9d0","status":"passed","time":{"start":1743509973298,"stop":1743509993177,"duration":19879}},{"uid":"eef79bd1269505f3","status":"passed","time":{"start":1743498751980,"stop":1743498772460,"duration":20480}},{"uid":"168a38a43c37f29f","status":"broken","statusDetails":"selenium.common.exceptions.NoSuchElementException: Message: no such element: Unable to locate element: {\"method\":\"xpath\",\"selector\":\"//*[contains(text(), 'new_card')]\"}\n  (Session info: chrome=134.0.6998.165); For documentation on this error, please visit: https://www.selenium.dev/documentation/webdriver/troubleshooting/errors#no-such-element-exception\nStacktrace:\n#0 0x555e6211da1a <unknown>\n#1 0x555e61bd5390 <unknown>\n#2 0x555e61c26c85 <unknown>\n#3 0x555e61c26eb1 <unknown>\n#4 0x555e61c75d64 <unknown>\n#5 0x555e61c4cbfd <unknown>\n#6 0x555e61c7307b <unknown>\n#7 0x555e61c4c9a3 <unknown>\n#8 0x555e61c1860e <unknown>\n#9 0x555e61c19dd1 <unknown>\n#10 0x555e620e3ddb <unknown>\n#11 0x555e620e7cbc <unknown>\n#12 0x555e620cb392 <unknown>\n#13 0x555e620e8834 <unknown>\n#14 0x555e620af1ef <unknown>\n#15 0x555e6210c038 <unknown>\n#16 0x555e6210c216 <unknown>\n#17 0x555e6211c896 <unknown>\n#18 0x7fdf1189caa4 <unknown>\n#19 0x7fdf11929c3c <unknown>","time":{"start":1743488214369,"stop":1743488236305,"duration":21936}},{"uid":"4b5e7972075d20c3","status":"broken","statusDetails":"selenium.common.exceptions.NoSuchElementException: Message: no such element: Unable to locate element: {\"method\":\"xpath\",\"selector\":\"//*[contains(text(), 'new_card')]\"}\n  (Session info: chrome=134.0.6998.165); For documentation on this error, please visit: https://www.selenium.dev/documentation/webdriver/troubleshooting/errors#no-such-element-exception\nStacktrace:\n#0 0x561262976a1a <unknown>\n#1 0x56126242e390 <unknown>\n#2 0x56126247fc85 <unknown>\n#3 0x56126247feb1 <unknown>\n#4 0x5612624ced64 <unknown>\n#5 0x5612624a5bfd <unknown>\n#6 0x5612624cc07b <unknown>\n#7 0x5612624a59a3 <unknown>\n#8 0x56126247160e <unknown>\n#9 0x561262472dd1 <unknown>\n#10 0x56126293cddb <unknown>\n#11 0x561262940cbc <unknown>\n#12 0x561262924392 <unknown>\n#13 0x561262941834 <unknown>\n#14 0x5612629081ef <unknown>\n#15 0x561262965038 <unknown>\n#16 0x561262965216 <unknown>\n#17 0x561262975896 <unknown>\n#18 0x7fac8f69caa4 <unknown>\n#19 0x7fac8f729c3c <unknown>","time":{"start":1743478781251,"stop":1743478822386,"duration":41135}},{"uid":"f1dd49d0b48909cb","status":"broken","statusDetails":"selenium.common.exceptions.NoSuchElementException: Message: no such element: Unable to locate element: {\"method\":\"xpath\",\"selector\":\"//*[contains(text(), 'new_card')]\"}\n  (Session info: chrome=134.0.6998.165); For documentation on this error, please visit: https://www.selenium.dev/documentation/webdriver/troubleshooting/errors#no-such-element-exception\nStacktrace:\n#0 0x563deedd2a1a <unknown>\n#1 0x563dee88a390 <unknown>\n#2 0x563dee8dbc85 <unknown>\n#3 0x563dee8dbeb1 <unknown>\n#4 0x563dee92ad64 <unknown>\n#5 0x563dee901bfd <unknown>\n#6 0x563dee92807b <unknown>\n#7 0x563dee9019a3 <unknown>\n#8 0x563dee8cd60e <unknown>\n#9 0x563dee8cedd1 <unknown>\n#10 0x563deed98ddb <unknown>\n#11 0x563deed9ccbc <unknown>\n#12 0x563deed80392 <unknown>\n#13 0x563deed9d834 <unknown>\n#14 0x563deed641ef <unknown>\n#15 0x563deedc1038 <unknown>\n#16 0x563deedc1216 <unknown>\n#17 0x563deedd1896 <unknown>\n#18 0x7febd129caa4 <unknown>\n#19 0x7febd1329c3c <unknown>","time":{"start":1743468799123,"stop":1743468840893,"duration":41770}},{"uid":"db937c71bbe93ce2","status":"passed","time":{"start":1743455458024,"stop":1743455478839,"duration":20815}},{"uid":"9cbf88328341b7d4","status":"passed","time":{"start":1743444897164,"stop":1743444917113,"duration":19949}},{"uid":"33703ead26fc5622","status":"passed","time":{"start":1743433919621,"stop":1743433940348,"duration":20727}},{"uid":"fcc361040191b412","status":"broken","statusDetails":"selenium.common.exceptions.NoSuchElementException: Message: no such element: Unable to locate element: {\"method\":\"xpath\",\"selector\":\"//*[contains(text(), 'new_card')]\"}\n  (Session info: chrome=134.0.6998.165); For documentation on this error, please visit: https://www.selenium.dev/documentation/webdriver/troubleshooting/errors#no-such-element-exception\nStacktrace:\n#0 0x55b2def92ffa <unknown>\n#1 0x55b2dea51970 <unknown>\n#2 0x55b2deaa3385 <unknown>\n#3 0x55b2deaa35b1 <unknown>\n#4 0x55b2deaf23c4 <unknown>\n#5 0x55b2deac92bd <unknown>\n#6 0x55b2deaef70c <unknown>\n#7 0x55b2deac9063 <unknown>\n#8 0x55b2dea95328 <unknown>\n#9 0x55b2dea96491 <unknown>\n#10 0x55b2def5a42b <unknown>\n#11 0x55b2def5e2ec <unknown>\n#12 0x55b2def41a22 <unknown>\n#13 0x55b2def5ee64 <unknown>\n#14 0x55b2def25bef <unknown>\n#15 0x55b2def81558 <unknown>\n#16 0x55b2def81736 <unknown>\n#17 0x55b2def91e76 <unknown>\n#18 0x7f5902c9caa4 <unknown>\n#19 0x7f5902d29c3c <unknown>","time":{"start":1743423592414,"stop":1743423633633,"duration":41219}},{"uid":"c6feb8ac1786d757","status":"passed","time":{"start":1743412379990,"stop":1743412400047,"duration":20057}},{"uid":"3777e8b590031b4e","status":"broken","statusDetails":"selenium.common.exceptions.NoSuchElementException: Message: no such element: Unable to locate element: {\"method\":\"xpath\",\"selector\":\"//*[contains(text(), 'new_card')]\"}\n  (Session info: chrome=134.0.6998.165); For documentation on this error, please visit: https://www.selenium.dev/documentation/webdriver/troubleshooting/errors#no-such-element-exception\nStacktrace:\n#0 0x56342c0baffa <unknown>\n#1 0x56342bb79970 <unknown>\n#2 0x56342bbcb385 <unknown>\n#3 0x56342bbcb5b1 <unknown>\n#4 0x56342bc1a3c4 <unknown>\n#5 0x56342bbf12bd <unknown>\n#6 0x56342bc1770c <unknown>\n#7 0x56342bbf1063 <unknown>\n#8 0x56342bbbd328 <unknown>\n#9 0x56342bbbe491 <unknown>\n#10 0x56342c08242b <unknown>\n#11 0x56342c0862ec <unknown>\n#12 0x56342c069a22 <unknown>\n#13 0x56342c086e64 <unknown>\n#14 0x56342c04dbef <unknown>\n#15 0x56342c0a9558 <unknown>\n#16 0x56342c0a9736 <unknown>\n#17 0x56342c0b9e76 <unknown>\n#18 0x7ff473c9caa4 <unknown>\n#19 0x7ff473d29c3c <unknown>","time":{"start":1743401803265,"stop":1743401844526,"duration":41261}},{"uid":"8864729ae1f27b05","status":"broken","statusDetails":"selenium.common.exceptions.NoSuchElementException: Message: no such element: Unable to locate element: {\"method\":\"xpath\",\"selector\":\"//*[contains(text(), 'new_card')]\"}\n  (Session info: chrome=134.0.6998.165); For documentation on this error, please visit: https://www.selenium.dev/documentation/webdriver/troubleshooting/errors#no-such-element-exception\nStacktrace:\n#0 0x55c6f44c0a1a <unknown>\n#1 0x55c6f3f78390 <unknown>\n#2 0x55c6f3fc9c85 <unknown>\n#3 0x55c6f3fc9eb1 <unknown>\n#4 0x55c6f4018d64 <unknown>\n#5 0x55c6f3fefbfd <unknown>\n#6 0x55c6f401607b <unknown>\n#7 0x55c6f3fef9a3 <unknown>\n#8 0x55c6f3fbb60e <unknown>\n#9 0x55c6f3fbcdd1 <unknown>\n#10 0x55c6f4486ddb <unknown>\n#11 0x55c6f448acbc <unknown>\n#12 0x55c6f446e392 <unknown>\n#13 0x55c6f448b834 <unknown>\n#14 0x55c6f44521ef <unknown>\n#15 0x55c6f44af038 <unknown>\n#16 0x55c6f44af216 <unknown>\n#17 0x55c6f44bf896 <unknown>\n#18 0x7fbb1b89caa4 <unknown>\n#19 0x7fbb1b929c3c <unknown>","time":{"start":1743392025443,"stop":1743392067236,"duration":41793}},{"uid":"f0dcb2824174bbb2","status":"broken","statusDetails":"selenium.common.exceptions.NoSuchElementException: Message: no such element: Unable to locate element: {\"method\":\"xpath\",\"selector\":\"//*[contains(text(), 'new_card')]\"}\n  (Session info: chrome=134.0.6998.165); For documentation on this error, please visit: https://www.selenium.dev/documentation/webdriver/troubleshooting/errors#no-such-element-exception\nStacktrace:\n#0 0x5624ef959ffa <unknown>\n#1 0x5624ef418970 <unknown>\n#2 0x5624ef46a385 <unknown>\n#3 0x5624ef46a5b1 <unknown>\n#4 0x5624ef4b93c4 <unknown>\n#5 0x5624ef4902bd <unknown>\n#6 0x5624ef4b670c <unknown>\n#7 0x5624ef490063 <unknown>\n#8 0x5624ef45c328 <unknown>\n#9 0x5624ef45d491 <unknown>\n#10 0x5624ef92142b <unknown>\n#11 0x5624ef9252ec <unknown>\n#12 0x5624ef908a22 <unknown>\n#13 0x5624ef925e64 <unknown>\n#14 0x5624ef8ecbef <unknown>\n#15 0x5624ef948558 <unknown>\n#16 0x5624ef948736 <unknown>\n#17 0x5624ef958e76 <unknown>\n#18 0x7f42e709caa4 <unknown>\n#19 0x7f42e7129c3c <unknown>","time":{"start":1743382134606,"stop":1743382175923,"duration":41317}},{"uid":"5599df151ae748c9","status":"broken","statusDetails":"selenium.common.exceptions.NoSuchElementException: Message: no such element: Unable to locate element: {\"method\":\"xpath\",\"selector\":\"//*[contains(text(), 'new_card')]\"}\n  (Session info: chrome=134.0.6998.165); For documentation on this error, please visit: https://www.selenium.dev/documentation/webdriver/troubleshooting/errors#no-such-element-exception\nStacktrace:\n#0 0x561ca8f50ffa <unknown>\n#1 0x561ca8a0f970 <unknown>\n#2 0x561ca8a61385 <unknown>\n#3 0x561ca8a615b1 <unknown>\n#4 0x561ca8ab03c4 <unknown>\n#5 0x561ca8a872bd <unknown>\n#6 0x561ca8aad70c <unknown>\n#7 0x561ca8a87063 <unknown>\n#8 0x561ca8a53328 <unknown>\n#9 0x561ca8a54491 <unknown>\n#10 0x561ca8f1842b <unknown>\n#11 0x561ca8f1c2ec <unknown>\n#12 0x561ca8effa22 <unknown>\n#13 0x561ca8f1ce64 <unknown>\n#14 0x561ca8ee3bef <unknown>\n#15 0x561ca8f3f558 <unknown>\n#16 0x561ca8f3f736 <unknown>\n#17 0x561ca8f4fe76 <unknown>\n#18 0x7fe5ff29caa4 <unknown>\n#19 0x7fe5ff329c3c <unknown>","time":{"start":1743369082380,"stop":1743369124186,"duration":41806}},{"uid":"ccb600b6fad7b706","status":"passed","time":{"start":1743358377656,"stop":1743358397604,"duration":19948}},{"uid":"250c4db8364c79d","status":"passed","time":{"start":1743347427190,"stop":1743347447435,"duration":20245}},{"uid":"a5da1f13a1b269c8","status":"broken","statusDetails":"selenium.common.exceptions.NoSuchElementException: Message: no such element: Unable to locate element: {\"method\":\"xpath\",\"selector\":\"//*[contains(text(), 'new_card')]\"}\n  (Session info: chrome=134.0.6998.165); For documentation on this error, please visit: https://www.selenium.dev/documentation/webdriver/troubleshooting/errors#no-such-element-exception\nStacktrace:\n#0 0x55ab98716ffa <unknown>\n#1 0x55ab981d5970 <unknown>\n#2 0x55ab98227385 <unknown>\n#3 0x55ab982275b1 <unknown>\n#4 0x55ab982763c4 <unknown>\n#5 0x55ab9824d2bd <unknown>\n#6 0x55ab9827370c <unknown>\n#7 0x55ab9824d063 <unknown>\n#8 0x55ab98219328 <unknown>\n#9 0x55ab9821a491 <unknown>\n#10 0x55ab986de42b <unknown>\n#11 0x55ab986e22ec <unknown>\n#12 0x55ab986c5a22 <unknown>\n#13 0x55ab986e2e64 <unknown>\n#14 0x55ab986a9bef <unknown>\n#15 0x55ab98705558 <unknown>\n#16 0x55ab98705736 <unknown>\n#17 0x55ab98715e76 <unknown>\n#18 0x7f52c969caa4 <unknown>\n#19 0x7f52c9729c3c <unknown>","time":{"start":1743337046919,"stop":1743337068239,"duration":21320}}]},"tags":["TC006","TC000"]},"source":"acc153c501813321.json","parameterValues":[]}