{"uid":"ae0f4d505220ef65","name":"Archive a card","fullName":"tests.regression_ui.test_ui_regression.TestUIRegression#test_archive_card","historyId":"4151bed777d70c35651f4626d00b86b5","time":{"start":1744006542596,"stop":1744006583656,"duration":41060},"status":"broken","statusMessage":"selenium.common.exceptions.NoSuchElementException: Message: no such element: Unable to locate element: {\"method\":\"xpath\",\"selector\":\"//*[contains(text(), 'new_card')]\"}\n  (Session info: chrome=135.0.7049.52); For documentation on this error, please visit: https://www.selenium.dev/documentation/webdriver/troubleshooting/errors#no-such-element-exception\nStacktrace:\n#0 0x5624c0ea4ffa <unknown>\n#1 0x5624c0963970 <unknown>\n#2 0x5624c09b5385 <unknown>\n#3 0x5624c09b55b1 <unknown>\n#4 0x5624c0a043c4 <unknown>\n#5 0x5624c09db2bd <unknown>\n#6 0x5624c0a0170c <unknown>\n#7 0x5624c09db063 <unknown>\n#8 0x5624c09a7328 <unknown>\n#9 0x5624c09a8491 <unknown>\n#10 0x5624c0e6c42b <unknown>\n#11 0x5624c0e702ec <unknown>\n#12 0x5624c0e53a22 <unknown>\n#13 0x5624c0e70e64 <unknown>\n#14 0x5624c0e37bef <unknown>\n#15 0x5624c0e93558 <unknown>\n#16 0x5624c0e93736 <unknown>\n#17 0x5624c0ea3e76 <unknown>\n#18 0x7fd4b1a9caa4 <unknown>\n#19 0x7fd4b1b29c3c <unknown>","statusTrace":"self = <tests.regression_ui.test_ui_regression.TestUIRegression object at 0x7f79b6ba2a50>\ndriver = <selenium.webdriver.chrome.webdriver.WebDriver (session=\"97985b8fe549b40db142e5c01b11840b\")>\n\n    @pytest.mark.TC000\n    @pytest.mark.TC006\n    @allure.title('Archive a card')\n    def test_archive_card(self, driver):\n        time.sleep(5)\n        with allure.step('Log in to Trello account'):\n            self.test_login(driver)\n    \n        with allure.step('Open a board and select a card'):\n            try:\n                WebDriverWait(driver, 30).until(EC.element_to_be_clickable((By.XPATH, self.SCC.Board.BOARD_TITLE))).click()\n                WebDriverWait(driver, 10).until(EC.visibility_of_element_located((By.XPATH, self.SCC.Board.LIST_TITLE))).click()\n                driver.find_element(By.XPATH, self.SCC.List.ADD_A_CARD_BUTTON).click()\n                driver.find_element(By.XPATH, self.SCC.List.CARD_NAME_FIELD).click()\n                time.sleep(1)\n                driver.find_element(By.XPATH, self.SCC.List.CARD_NAME_FIELD).send_keys('new_card')\n                driver.find_element(By.XPATH, self.SCC.List.ADD_CARD_SUBMIT_BUTTOMN).click()\n                time.sleep(2)\n            except Exception as e:\n                log.info(\"An error occurred: \", str(e))\n    \n        with allure.step('Click the card to open and archive it'):\n>           driver.find_element(By.XPATH, self.SCC.List.CARD_TO_ARCHIVE).click()\n\ntests/regression_ui/test_ui_regression.py:206: \n_ _ _ _ _ _ _ _ _ _ _ _ _ _ _ _ _ _ _ _ _ _ _ _ _ _ _ _ _ _ _ _ _ _ _ _ _ _ _ _ \n/opt/hostedtoolcache/Python/3.12.5/x64/lib/python3.12/site-packages/selenium/webdriver/remote/webdriver.py:770: in find_element\n    return self.execute(Command.FIND_ELEMENT, {\"using\": by, \"value\": value})[\"value\"]\n/opt/hostedtoolcache/Python/3.12.5/x64/lib/python3.12/site-packages/selenium/webdriver/remote/webdriver.py:384: in execute\n    self.error_handler.check_response(response)\n_ _ _ _ _ _ _ _ _ _ _ _ _ _ _ _ _ _ _ _ _ _ _ _ _ _ _ _ _ _ _ _ _ _ _ _ _ _ _ _ \n\nself = <selenium.webdriver.remote.errorhandler.ErrorHandler object at 0x7f79b6bf6bd0>\nresponse = {'status': 404, 'value': '{\"value\":{\"error\":\"no such element\",\"message\":\"no such element: Unable to locate element: {\\...\\\\n#17 0x5624c0ea3e76 \\\\u003Cunknown>\\\\n#18 0x7fd4b1a9caa4 \\\\u003Cunknown>\\\\n#19 0x7fd4b1b29c3c \\\\u003Cunknown>\\\\n\"}}'}\n\n    def check_response(self, response: Dict[str, Any]) -> None:\n        \"\"\"Checks that a JSON response from the WebDriver does not have an\n        error.\n    \n        :Args:\n         - response - The JSON response from the WebDriver server as a dictionary\n           object.\n    \n        :Raises: If the response contains an error message.\n        \"\"\"\n        status = response.get(\"status\", None)\n        if not status or status == ErrorCode.SUCCESS:\n            return\n        value = None\n        message = response.get(\"message\", \"\")\n        screen: str = response.get(\"screen\", \"\")\n        stacktrace = None\n        if isinstance(status, int):\n            value_json = response.get(\"value\", None)\n            if value_json and isinstance(value_json, str):\n                import json\n    \n                try:\n                    value = json.loads(value_json)\n                    if len(value) == 1:\n                        value = value[\"value\"]\n                    status = value.get(\"error\", None)\n                    if not status:\n                        status = value.get(\"status\", ErrorCode.UNKNOWN_ERROR)\n                        message = value.get(\"value\") or value.get(\"message\")\n                        if not isinstance(message, str):\n                            value = message\n                            message = message.get(\"message\")\n                    else:\n                        message = value.get(\"message\", None)\n                except ValueError:\n                    pass\n    \n        exception_class: Type[WebDriverException]\n        e = ErrorCode()\n        error_codes = [item for item in dir(e) if not item.startswith(\"__\")]\n        for error_code in error_codes:\n            error_info = getattr(ErrorCode, error_code)\n            if isinstance(error_info, list) and status in error_info:\n                exception_class = getattr(ExceptionMapping, error_code, WebDriverException)\n                break\n        else:\n            exception_class = WebDriverException\n    \n        if not value:\n            value = response[\"value\"]\n        if isinstance(value, str):\n            raise exception_class(value)\n        if message == \"\" and \"message\" in value:\n            message = value[\"message\"]\n    \n        screen = None  # type: ignore[assignment]\n        if \"screen\" in value:\n            screen = value[\"screen\"]\n    \n        stacktrace = None\n        st_value = value.get(\"stackTrace\") or value.get(\"stacktrace\")\n        if st_value:\n            if isinstance(st_value, str):\n                stacktrace = st_value.split(\"\\n\")\n            else:\n                stacktrace = []\n                try:\n                    for frame in st_value:\n                        line = frame.get(\"lineNumber\", \"\")\n                        file = frame.get(\"fileName\", \"<anonymous>\")\n                        if line:\n                            file = f\"{file}:{line}\"\n                        meth = frame.get(\"methodName\", \"<anonymous>\")\n                        if \"className\" in frame:\n                            meth = f\"{frame['className']}.{meth}\"\n                        msg = \"    at %s (%s)\"\n                        msg = msg % (meth, file)\n                        stacktrace.append(msg)\n                except TypeError:\n                    pass\n        if exception_class == UnexpectedAlertPresentException:\n            alert_text = None\n            if \"data\" in value:\n                alert_text = value[\"data\"].get(\"text\")\n            elif \"alert\" in value:\n                alert_text = value[\"alert\"].get(\"text\")\n            raise exception_class(message, screen, stacktrace, alert_text)  # type: ignore[call-arg]  # mypy is not smart enough here\n>       raise exception_class(message, screen, stacktrace)\nE       selenium.common.exceptions.NoSuchElementException: Message: no such element: Unable to locate element: {\"method\":\"xpath\",\"selector\":\"//*[contains(text(), 'new_card')]\"}\nE         (Session info: chrome=135.0.7049.52); For documentation on this error, please visit: https://www.selenium.dev/documentation/webdriver/troubleshooting/errors#no-such-element-exception\nE       Stacktrace:\nE       #0 0x5624c0ea4ffa <unknown>\nE       #1 0x5624c0963970 <unknown>\nE       #2 0x5624c09b5385 <unknown>\nE       #3 0x5624c09b55b1 <unknown>\nE       #4 0x5624c0a043c4 <unknown>\nE       #5 0x5624c09db2bd <unknown>\nE       #6 0x5624c0a0170c <unknown>\nE       #7 0x5624c09db063 <unknown>\nE       #8 0x5624c09a7328 <unknown>\nE       #9 0x5624c09a8491 <unknown>\nE       #10 0x5624c0e6c42b <unknown>\nE       #11 0x5624c0e702ec <unknown>\nE       #12 0x5624c0e53a22 <unknown>\nE       #13 0x5624c0e70e64 <unknown>\nE       #14 0x5624c0e37bef <unknown>\nE       #15 0x5624c0e93558 <unknown>\nE       #16 0x5624c0e93736 <unknown>\nE       #17 0x5624c0ea3e76 <unknown>\nE       #18 0x7fd4b1a9caa4 <unknown>\nE       #19 0x7fd4b1b29c3c <unknown>\n\n/opt/hostedtoolcache/Python/3.12.5/x64/lib/python3.12/site-packages/selenium/webdriver/remote/errorhandler.py:232: NoSuchElementException","flaky":false,"newFailed":false,"newBroken":false,"newPassed":false,"retriesCount":0,"retriesStatusChange":false,"beforeStages":[{"name":"driver","time":{"start":1744006542268,"stop":1744006542596,"duration":328},"status":"passed","steps":[],"attachments":[],"parameters":[],"shouldDisplayMessage":false,"stepsCount":0,"attachmentsCount":0,"hasContent":false,"attachmentStep":false},{"name":"setup","time":{"start":1744006542596,"stop":1744006542596,"duration":0},"status":"passed","steps":[],"attachments":[],"parameters":[],"shouldDisplayMessage":false,"stepsCount":0,"attachmentsCount":0,"hasContent":false,"attachmentStep":false}],"testStage":{"status":"broken","statusMessage":"selenium.common.exceptions.NoSuchElementException: Message: no such element: Unable to locate element: {\"method\":\"xpath\",\"selector\":\"//*[contains(text(), 'new_card')]\"}\n  (Session info: chrome=135.0.7049.52); For documentation on this error, please visit: https://www.selenium.dev/documentation/webdriver/troubleshooting/errors#no-such-element-exception\nStacktrace:\n#0 0x5624c0ea4ffa <unknown>\n#1 0x5624c0963970 <unknown>\n#2 0x5624c09b5385 <unknown>\n#3 0x5624c09b55b1 <unknown>\n#4 0x5624c0a043c4 <unknown>\n#5 0x5624c09db2bd <unknown>\n#6 0x5624c0a0170c <unknown>\n#7 0x5624c09db063 <unknown>\n#8 0x5624c09a7328 <unknown>\n#9 0x5624c09a8491 <unknown>\n#10 0x5624c0e6c42b <unknown>\n#11 0x5624c0e702ec <unknown>\n#12 0x5624c0e53a22 <unknown>\n#13 0x5624c0e70e64 <unknown>\n#14 0x5624c0e37bef <unknown>\n#15 0x5624c0e93558 <unknown>\n#16 0x5624c0e93736 <unknown>\n#17 0x5624c0ea3e76 <unknown>\n#18 0x7fd4b1a9caa4 <unknown>\n#19 0x7fd4b1b29c3c <unknown>","statusTrace":"self = <tests.regression_ui.test_ui_regression.TestUIRegression object at 0x7f79b6ba2a50>\ndriver = <selenium.webdriver.chrome.webdriver.WebDriver (session=\"97985b8fe549b40db142e5c01b11840b\")>\n\n    @pytest.mark.TC000\n    @pytest.mark.TC006\n    @allure.title('Archive a card')\n    def test_archive_card(self, driver):\n        time.sleep(5)\n        with allure.step('Log in to Trello account'):\n            self.test_login(driver)\n    \n        with allure.step('Open a board and select a card'):\n            try:\n                WebDriverWait(driver, 30).until(EC.element_to_be_clickable((By.XPATH, self.SCC.Board.BOARD_TITLE))).click()\n                WebDriverWait(driver, 10).until(EC.visibility_of_element_located((By.XPATH, self.SCC.Board.LIST_TITLE))).click()\n                driver.find_element(By.XPATH, self.SCC.List.ADD_A_CARD_BUTTON).click()\n                driver.find_element(By.XPATH, self.SCC.List.CARD_NAME_FIELD).click()\n                time.sleep(1)\n                driver.find_element(By.XPATH, self.SCC.List.CARD_NAME_FIELD).send_keys('new_card')\n                driver.find_element(By.XPATH, self.SCC.List.ADD_CARD_SUBMIT_BUTTOMN).click()\n                time.sleep(2)\n            except Exception as e:\n                log.info(\"An error occurred: \", str(e))\n    \n        with allure.step('Click the card to open and archive it'):\n>           driver.find_element(By.XPATH, self.SCC.List.CARD_TO_ARCHIVE).click()\n\ntests/regression_ui/test_ui_regression.py:206: \n_ _ _ _ _ _ _ _ _ _ _ _ _ _ _ _ _ _ _ _ _ _ _ _ _ _ _ _ _ _ _ _ _ _ _ _ _ _ _ _ \n/opt/hostedtoolcache/Python/3.12.5/x64/lib/python3.12/site-packages/selenium/webdriver/remote/webdriver.py:770: in find_element\n    return self.execute(Command.FIND_ELEMENT, {\"using\": by, \"value\": value})[\"value\"]\n/opt/hostedtoolcache/Python/3.12.5/x64/lib/python3.12/site-packages/selenium/webdriver/remote/webdriver.py:384: in execute\n    self.error_handler.check_response(response)\n_ _ _ _ _ _ _ _ _ _ _ _ _ _ _ _ _ _ _ _ _ _ _ _ _ _ _ _ _ _ _ _ _ _ _ _ _ _ _ _ \n\nself = <selenium.webdriver.remote.errorhandler.ErrorHandler object at 0x7f79b6bf6bd0>\nresponse = {'status': 404, 'value': '{\"value\":{\"error\":\"no such element\",\"message\":\"no such element: Unable to locate element: {\\...\\\\n#17 0x5624c0ea3e76 \\\\u003Cunknown>\\\\n#18 0x7fd4b1a9caa4 \\\\u003Cunknown>\\\\n#19 0x7fd4b1b29c3c \\\\u003Cunknown>\\\\n\"}}'}\n\n    def check_response(self, response: Dict[str, Any]) -> None:\n        \"\"\"Checks that a JSON response from the WebDriver does not have an\n        error.\n    \n        :Args:\n         - response - The JSON response from the WebDriver server as a dictionary\n           object.\n    \n        :Raises: If the response contains an error message.\n        \"\"\"\n        status = response.get(\"status\", None)\n        if not status or status == ErrorCode.SUCCESS:\n            return\n        value = None\n        message = response.get(\"message\", \"\")\n        screen: str = response.get(\"screen\", \"\")\n        stacktrace = None\n        if isinstance(status, int):\n            value_json = response.get(\"value\", None)\n            if value_json and isinstance(value_json, str):\n                import json\n    \n                try:\n                    value = json.loads(value_json)\n                    if len(value) == 1:\n                        value = value[\"value\"]\n                    status = value.get(\"error\", None)\n                    if not status:\n                        status = value.get(\"status\", ErrorCode.UNKNOWN_ERROR)\n                        message = value.get(\"value\") or value.get(\"message\")\n                        if not isinstance(message, str):\n                            value = message\n                            message = message.get(\"message\")\n                    else:\n                        message = value.get(\"message\", None)\n                except ValueError:\n                    pass\n    \n        exception_class: Type[WebDriverException]\n        e = ErrorCode()\n        error_codes = [item for item in dir(e) if not item.startswith(\"__\")]\n        for error_code in error_codes:\n            error_info = getattr(ErrorCode, error_code)\n            if isinstance(error_info, list) and status in error_info:\n                exception_class = getattr(ExceptionMapping, error_code, WebDriverException)\n                break\n        else:\n            exception_class = WebDriverException\n    \n        if not value:\n            value = response[\"value\"]\n        if isinstance(value, str):\n            raise exception_class(value)\n        if message == \"\" and \"message\" in value:\n            message = value[\"message\"]\n    \n        screen = None  # type: ignore[assignment]\n        if \"screen\" in value:\n            screen = value[\"screen\"]\n    \n        stacktrace = None\n        st_value = value.get(\"stackTrace\") or value.get(\"stacktrace\")\n        if st_value:\n            if isinstance(st_value, str):\n                stacktrace = st_value.split(\"\\n\")\n            else:\n                stacktrace = []\n                try:\n                    for frame in st_value:\n                        line = frame.get(\"lineNumber\", \"\")\n                        file = frame.get(\"fileName\", \"<anonymous>\")\n                        if line:\n                            file = f\"{file}:{line}\"\n                        meth = frame.get(\"methodName\", \"<anonymous>\")\n                        if \"className\" in frame:\n                            meth = f\"{frame['className']}.{meth}\"\n                        msg = \"    at %s (%s)\"\n                        msg = msg % (meth, file)\n                        stacktrace.append(msg)\n                except TypeError:\n                    pass\n        if exception_class == UnexpectedAlertPresentException:\n            alert_text = None\n            if \"data\" in value:\n                alert_text = value[\"data\"].get(\"text\")\n            elif \"alert\" in value:\n                alert_text = value[\"alert\"].get(\"text\")\n            raise exception_class(message, screen, stacktrace, alert_text)  # type: ignore[call-arg]  # mypy is not smart enough here\n>       raise exception_class(message, screen, stacktrace)\nE       selenium.common.exceptions.NoSuchElementException: Message: no such element: Unable to locate element: {\"method\":\"xpath\",\"selector\":\"//*[contains(text(), 'new_card')]\"}\nE         (Session info: chrome=135.0.7049.52); For documentation on this error, please visit: https://www.selenium.dev/documentation/webdriver/troubleshooting/errors#no-such-element-exception\nE       Stacktrace:\nE       #0 0x5624c0ea4ffa <unknown>\nE       #1 0x5624c0963970 <unknown>\nE       #2 0x5624c09b5385 <unknown>\nE       #3 0x5624c09b55b1 <unknown>\nE       #4 0x5624c0a043c4 <unknown>\nE       #5 0x5624c09db2bd <unknown>\nE       #6 0x5624c0a0170c <unknown>\nE       #7 0x5624c09db063 <unknown>\nE       #8 0x5624c09a7328 <unknown>\nE       #9 0x5624c09a8491 <unknown>\nE       #10 0x5624c0e6c42b <unknown>\nE       #11 0x5624c0e702ec <unknown>\nE       #12 0x5624c0e53a22 <unknown>\nE       #13 0x5624c0e70e64 <unknown>\nE       #14 0x5624c0e37bef <unknown>\nE       #15 0x5624c0e93558 <unknown>\nE       #16 0x5624c0e93736 <unknown>\nE       #17 0x5624c0ea3e76 <unknown>\nE       #18 0x7fd4b1a9caa4 <unknown>\nE       #19 0x7fd4b1b29c3c <unknown>\n\n/opt/hostedtoolcache/Python/3.12.5/x64/lib/python3.12/site-packages/selenium/webdriver/remote/errorhandler.py:232: NoSuchElementException","steps":[{"name":"Log in to Trello account","time":{"start":1744006547596,"stop":1744006553417,"duration":5821},"status":"passed","steps":[{"name":"Navigate to the Trello page and enter valid credentials (email, password, and 6-digits verification code)","time":{"start":1744006547597,"stop":1744006553417,"duration":5820},"status":"passed","steps":[],"attachments":[],"parameters":[],"shouldDisplayMessage":false,"stepsCount":0,"attachmentsCount":0,"hasContent":false,"attachmentStep":false}],"attachments":[],"parameters":[],"shouldDisplayMessage":false,"stepsCount":1,"attachmentsCount":0,"hasContent":true,"attachmentStep":false},{"name":"Open a board and select a card","time":{"start":1744006553417,"stop":1744006583641,"duration":30224},"status":"passed","steps":[],"attachments":[],"parameters":[],"shouldDisplayMessage":false,"stepsCount":0,"attachmentsCount":0,"hasContent":false,"attachmentStep":false},{"name":"Click the card to open and archive it","time":{"start":1744006583641,"stop":1744006583655,"duration":14},"status":"broken","statusMessage":"selenium.common.exceptions.NoSuchElementException: Message: no such element: Unable to locate element: {\"method\":\"xpath\",\"selector\":\"//*[contains(text(), 'new_card')]\"}\n  (Session info: chrome=135.0.7049.52); For documentation on this error, please visit: https://www.selenium.dev/documentation/webdriver/troubleshooting/errors#no-such-element-exception\nStacktrace:\n#0 0x5624c0ea4ffa <unknown>\n#1 0x5624c0963970 <unknown>\n#2 0x5624c09b5385 <unknown>\n#3 0x5624c09b55b1 <unknown>\n#4 0x5624c0a043c4 <unknown>\n#5 0x5624c09db2bd <unknown>\n#6 0x5624c0a0170c <unknown>\n#7 0x5624c09db063 <unknown>\n#8 0x5624c09a7328 <unknown>\n#9 0x5624c09a8491 <unknown>\n#10 0x5624c0e6c42b <unknown>\n#11 0x5624c0e702ec <unknown>\n#12 0x5624c0e53a22 <unknown>\n#13 0x5624c0e70e64 <unknown>\n#14 0x5624c0e37bef <unknown>\n#15 0x5624c0e93558 <unknown>\n#16 0x5624c0e93736 <unknown>\n#17 0x5624c0ea3e76 <unknown>\n#18 0x7fd4b1a9caa4 <unknown>\n#19 0x7fd4b1b29c3c <unknown>\n\n","statusTrace":"  File \"/home/runner/work/pythonSelenium/pythonSelenium/tests/regression_ui/test_ui_regression.py\", line 206, in test_archive_card\n    driver.find_element(By.XPATH, self.SCC.List.CARD_TO_ARCHIVE).click()\n    ^^^^^^^^^^^^^^^^^^^^^^^^^^^^^^^^^^^^^^^^^^^^^^^^^^^^^^^^^^^^\n  File \"/opt/hostedtoolcache/Python/3.12.5/x64/lib/python3.12/site-packages/selenium/webdriver/remote/webdriver.py\", line 770, in find_element\n    return self.execute(Command.FIND_ELEMENT, {\"using\": by, \"value\": value})[\"value\"]\n           ^^^^^^^^^^^^^^^^^^^^^^^^^^^^^^^^^^^^^^^^^^^^^^^^^^^^^^^^^^^^^^^^^\n  File \"/opt/hostedtoolcache/Python/3.12.5/x64/lib/python3.12/site-packages/selenium/webdriver/remote/webdriver.py\", line 384, in execute\n    self.error_handler.check_response(response)\n  File \"/opt/hostedtoolcache/Python/3.12.5/x64/lib/python3.12/site-packages/selenium/webdriver/remote/errorhandler.py\", line 232, in check_response\n    raise exception_class(message, screen, stacktrace)\n","steps":[],"attachments":[],"parameters":[],"shouldDisplayMessage":true,"stepsCount":0,"attachmentsCount":0,"hasContent":true,"attachmentStep":false}],"attachments":[{"uid":"4393281aee1bfd66","name":"log","source":"4393281aee1bfd66.txt","type":"text/plain","size":360}],"parameters":[],"shouldDisplayMessage":true,"stepsCount":4,"attachmentsCount":1,"hasContent":true,"attachmentStep":false},"afterStages":[{"name":"driver::0","time":{"start":1744006583685,"stop":1744006583752,"duration":67},"status":"passed","steps":[],"attachments":[],"parameters":[],"shouldDisplayMessage":false,"stepsCount":0,"attachmentsCount":0,"hasContent":false,"attachmentStep":false}],"labels":[{"name":"tag","value":"TC006"},{"name":"tag","value":"TC000"},{"name":"parentSuite","value":"tests.regression_ui"},{"name":"suite","value":"test_ui_regression"},{"name":"subSuite","value":"TestUIRegression"},{"name":"host","value":"fv-az1391-720"},{"name":"thread","value":"4699-MainThread"},{"name":"framework","value":"pytest"},{"name":"language","value":"cpython3"},{"name":"package","value":"tests.regression_ui.test_ui_regression"},{"name":"resultFormat","value":"allure2"}],"parameters":[],"links":[],"hidden":false,"retry":false,"extra":{"severity":"normal","retries":[],"categories":[{"name":"Test defects","matchedStatuses":[]}],"history":{"statistic":{"failed":23,"broken":103,"skipped":0,"passed":566,"unknown":0,"total":692},"items":[{"uid":"3ff3a8845323be1d","status":"broken","statusDetails":"selenium.common.exceptions.NoSuchElementException: Message: no such element: Unable to locate element: {\"method\":\"xpath\",\"selector\":\"//*[contains(text(), 'new_card')]\"}\n  (Session info: chrome=135.0.7049.52); For documentation on this error, please visit: https://www.selenium.dev/documentation/webdriver/troubleshooting/errors#no-such-element-exception\nStacktrace:\n#0 0x56455dcfdffa <unknown>\n#1 0x56455d7bc970 <unknown>\n#2 0x56455d80e385 <unknown>\n#3 0x56455d80e5b1 <unknown>\n#4 0x56455d85d3c4 <unknown>\n#5 0x56455d8342bd <unknown>\n#6 0x56455d85a70c <unknown>\n#7 0x56455d834063 <unknown>\n#8 0x56455d800328 <unknown>\n#9 0x56455d801491 <unknown>\n#10 0x56455dcc542b <unknown>\n#11 0x56455dcc92ec <unknown>\n#12 0x56455dcaca22 <unknown>\n#13 0x56455dcc9e64 <unknown>\n#14 0x56455dc90bef <unknown>\n#15 0x56455dcec558 <unknown>\n#16 0x56455dcec736 <unknown>\n#17 0x56455dcfce76 <unknown>\n#18 0x7f125609caa4 <unknown>\n#19 0x7f1256129c3c <unknown>","time":{"start":1743996742329,"stop":1743996764209,"duration":21880}},{"uid":"250e312150b43210","status":"broken","statusDetails":"selenium.common.exceptions.NoSuchElementException: Message: no such element: Unable to locate element: {\"method\":\"xpath\",\"selector\":\"//*[contains(text(), 'new_card')]\"}\n  (Session info: chrome=135.0.7049.52); For documentation on this error, please visit: https://www.selenium.dev/documentation/webdriver/troubleshooting/errors#no-such-element-exception\nStacktrace:\n#0 0x560988459ffa <unknown>\n#1 0x560987f18970 <unknown>\n#2 0x560987f6a385 <unknown>\n#3 0x560987f6a5b1 <unknown>\n#4 0x560987fb93c4 <unknown>\n#5 0x560987f902bd <unknown>\n#6 0x560987fb670c <unknown>\n#7 0x560987f90063 <unknown>\n#8 0x560987f5c328 <unknown>\n#9 0x560987f5d491 <unknown>\n#10 0x56098842142b <unknown>\n#11 0x5609884252ec <unknown>\n#12 0x560988408a22 <unknown>\n#13 0x560988425e64 <unknown>\n#14 0x5609883ecbef <unknown>\n#15 0x560988448558 <unknown>\n#16 0x560988448736 <unknown>\n#17 0x560988458e76 <unknown>\n#18 0x7fc8f8c9caa4 <unknown>\n#19 0x7fc8f8d29c3c <unknown>","time":{"start":1743986808584,"stop":1743986850299,"duration":41715}},{"uid":"2102165d2108699f","status":"broken","statusDetails":"selenium.common.exceptions.NoSuchElementException: Message: no such element: Unable to locate element: {\"method\":\"xpath\",\"selector\":\"//*[contains(text(), 'new_card')]\"}\n  (Session info: chrome=135.0.7049.52); For documentation on this error, please visit: https://www.selenium.dev/documentation/webdriver/troubleshooting/errors#no-such-element-exception\nStacktrace:\n#0 0x55a7ba334ffa <unknown>\n#1 0x55a7b9df3970 <unknown>\n#2 0x55a7b9e45385 <unknown>\n#3 0x55a7b9e455b1 <unknown>\n#4 0x55a7b9e943c4 <unknown>\n#5 0x55a7b9e6b2bd <unknown>\n#6 0x55a7b9e9170c <unknown>\n#7 0x55a7b9e6b063 <unknown>\n#8 0x55a7b9e37328 <unknown>\n#9 0x55a7b9e38491 <unknown>\n#10 0x55a7ba2fc42b <unknown>\n#11 0x55a7ba3002ec <unknown>\n#12 0x55a7ba2e3a22 <unknown>\n#13 0x55a7ba300e64 <unknown>\n#14 0x55a7ba2c7bef <unknown>\n#15 0x55a7ba323558 <unknown>\n#16 0x55a7ba323736 <unknown>\n#17 0x55a7ba333e76 <unknown>\n#18 0x7fdf8209caa4 <unknown>\n#19 0x7fdf82129c3c <unknown>","time":{"start":1743973786330,"stop":1743973827554,"duration":41224}},{"uid":"2507d428c3693339","status":"broken","statusDetails":"selenium.common.exceptions.NoSuchElementException: Message: no such element: Unable to locate element: {\"method\":\"xpath\",\"selector\":\"//*[contains(text(), 'new_card')]\"}\n  (Session info: chrome=135.0.7049.52); For documentation on this error, please visit: https://www.selenium.dev/documentation/webdriver/troubleshooting/errors#no-such-element-exception\nStacktrace:\n#0 0x558b7bd76ffa <unknown>\n#1 0x558b7b835970 <unknown>\n#2 0x558b7b887385 <unknown>\n#3 0x558b7b8875b1 <unknown>\n#4 0x558b7b8d63c4 <unknown>\n#5 0x558b7b8ad2bd <unknown>\n#6 0x558b7b8d370c <unknown>\n#7 0x558b7b8ad063 <unknown>\n#8 0x558b7b879328 <unknown>\n#9 0x558b7b87a491 <unknown>\n#10 0x558b7bd3e42b <unknown>\n#11 0x558b7bd422ec <unknown>\n#12 0x558b7bd25a22 <unknown>\n#13 0x558b7bd42e64 <unknown>\n#14 0x558b7bd09bef <unknown>\n#15 0x558b7bd65558 <unknown>\n#16 0x558b7bd65736 <unknown>\n#17 0x558b7bd75e76 <unknown>\n#18 0x7f3608a9caa4 <unknown>\n#19 0x7f3608b29c3c <unknown>","time":{"start":1743963296346,"stop":1743963317819,"duration":21473}},{"uid":"20ec08c1972f6f9b","status":"broken","statusDetails":"selenium.common.exceptions.NoSuchElementException: Message: no such element: Unable to locate element: {\"method\":\"xpath\",\"selector\":\"//*[contains(text(), 'new_card')]\"}\n  (Session info: chrome=135.0.7049.52); For documentation on this error, please visit: https://www.selenium.dev/documentation/webdriver/troubleshooting/errors#no-such-element-exception\nStacktrace:\n#0 0x56186e0b6ffa <unknown>\n#1 0x56186db75970 <unknown>\n#2 0x56186dbc7385 <unknown>\n#3 0x56186dbc75b1 <unknown>\n#4 0x56186dc163c4 <unknown>\n#5 0x56186dbed2bd <unknown>\n#6 0x56186dc1370c <unknown>\n#7 0x56186dbed063 <unknown>\n#8 0x56186dbb9328 <unknown>\n#9 0x56186dbba491 <unknown>\n#10 0x56186e07e42b <unknown>\n#11 0x56186e0822ec <unknown>\n#12 0x56186e065a22 <unknown>\n#13 0x56186e082e64 <unknown>\n#14 0x56186e049bef <unknown>\n#15 0x56186e0a5558 <unknown>\n#16 0x56186e0a5736 <unknown>\n#17 0x56186e0b5e76 <unknown>\n#18 0x7f129009caa4 <unknown>\n#19 0x7f1290129c3c <unknown>","time":{"start":1743952254598,"stop":1743952275972,"duration":21374}},{"uid":"3575f73c9042b4c7","status":"passed","time":{"start":1743941907612,"stop":1743941927266,"duration":19654}},{"uid":"f4260176b1f31759","status":"passed","time":{"start":1743930659554,"stop":1743930679333,"duration":19779}},{"uid":"40e73b82150025c2","status":"broken","statusDetails":"selenium.common.exceptions.NoSuchElementException: Message: no such element: Unable to locate element: {\"method\":\"xpath\",\"selector\":\"//*[contains(text(), 'new_card')]\"}\n  (Session info: chrome=135.0.7049.52); For documentation on this error, please visit: https://www.selenium.dev/documentation/webdriver/troubleshooting/errors#no-such-element-exception\nStacktrace:\n#0 0x5636977d2ffa <unknown>\n#1 0x563697291970 <unknown>\n#2 0x5636972e3385 <unknown>\n#3 0x5636972e35b1 <unknown>\n#4 0x5636973323c4 <unknown>\n#5 0x5636973092bd <unknown>\n#6 0x56369732f70c <unknown>\n#7 0x563697309063 <unknown>\n#8 0x5636972d5328 <unknown>\n#9 0x5636972d6491 <unknown>\n#10 0x56369779a42b <unknown>\n#11 0x56369779e2ec <unknown>\n#12 0x563697781a22 <unknown>\n#13 0x56369779ee64 <unknown>\n#14 0x563697765bef <unknown>\n#15 0x5636977c1558 <unknown>\n#16 0x5636977c1736 <unknown>\n#17 0x5636977d1e76 <unknown>\n#18 0x7f837889caa4 <unknown>\n#19 0x7f8378929c3c <unknown>","time":{"start":1743920121950,"stop":1743920143907,"duration":21957}},{"uid":"e41511dee66e39f0","status":"passed","time":{"start":1743910258265,"stop":1743910280211,"duration":21946}},{"uid":"dcf6c66ee884ceff","status":"broken","statusDetails":"selenium.common.exceptions.NoSuchElementException: Message: no such element: Unable to locate element: {\"method\":\"xpath\",\"selector\":\"//*[contains(text(), 'new_card')]\"}\n  (Session info: chrome=135.0.7049.52); For documentation on this error, please visit: https://www.selenium.dev/documentation/webdriver/troubleshooting/errors#no-such-element-exception\nStacktrace:\n#0 0x56468ca1bffa <unknown>\n#1 0x56468c4da970 <unknown>\n#2 0x56468c52c385 <unknown>\n#3 0x56468c52c5b1 <unknown>\n#4 0x56468c57b3c4 <unknown>\n#5 0x56468c5522bd <unknown>\n#6 0x56468c57870c <unknown>\n#7 0x56468c552063 <unknown>\n#8 0x56468c51e328 <unknown>\n#9 0x56468c51f491 <unknown>\n#10 0x56468c9e342b <unknown>\n#11 0x56468c9e72ec <unknown>\n#12 0x56468c9caa22 <unknown>\n#13 0x56468c9e7e64 <unknown>\n#14 0x56468c9aebef <unknown>\n#15 0x56468ca0a558 <unknown>\n#16 0x56468ca0a736 <unknown>\n#17 0x56468ca1ae76 <unknown>\n#18 0x7fa00869caa4 <unknown>\n#19 0x7fa008729c3c <unknown>","time":{"start":1743900626021,"stop":1743900647382,"duration":21361}},{"uid":"2e51e6eaddc8cbb5","status":"broken","statusDetails":"selenium.common.exceptions.NoSuchElementException: Message: no such element: Unable to locate element: {\"method\":\"xpath\",\"selector\":\"//*[contains(text(), 'new_card')]\"}\n  (Session info: chrome=135.0.7049.52); For documentation on this error, please visit: https://www.selenium.dev/documentation/webdriver/troubleshooting/errors#no-such-element-exception\nStacktrace:\n#0 0x55664306fffa <unknown>\n#1 0x556642b2e970 <unknown>\n#2 0x556642b80385 <unknown>\n#3 0x556642b805b1 <unknown>\n#4 0x556642bcf3c4 <unknown>\n#5 0x556642ba62bd <unknown>\n#6 0x556642bcc70c <unknown>\n#7 0x556642ba6063 <unknown>\n#8 0x556642b72328 <unknown>\n#9 0x556642b73491 <unknown>\n#10 0x55664303742b <unknown>\n#11 0x55664303b2ec <unknown>\n#12 0x55664301ea22 <unknown>\n#13 0x55664303be64 <unknown>\n#14 0x556643002bef <unknown>\n#15 0x55664305e558 <unknown>\n#16 0x55664305e736 <unknown>\n#17 0x55664306ee76 <unknown>\n#18 0x7f3fa929caa4 <unknown>\n#19 0x7f3fa9329c3c <unknown>","time":{"start":1743887442040,"stop":1743887483952,"duration":41912}},{"uid":"9f28c3d77da88a1e","status":"failed","statusDetails":"AssertionError: assert 1 == 0","time":{"start":1743876792270,"stop":1743876811822,"duration":19552}},{"uid":"d16fdd67ddf11ca0","status":"broken","statusDetails":"selenium.common.exceptions.NoSuchElementException: Message: no such element: Unable to locate element: {\"method\":\"xpath\",\"selector\":\"//*[contains(text(), 'new_card')]\"}\n  (Session info: chrome=135.0.7049.52); For documentation on this error, please visit: https://www.selenium.dev/documentation/webdriver/troubleshooting/errors#no-such-element-exception\nStacktrace:\n#0 0x55c555a0fffa <unknown>\n#1 0x55c5554ce970 <unknown>\n#2 0x55c555520385 <unknown>\n#3 0x55c5555205b1 <unknown>\n#4 0x55c55556f3c4 <unknown>\n#5 0x55c5555462bd <unknown>\n#6 0x55c55556c70c <unknown>\n#7 0x55c555546063 <unknown>\n#8 0x55c555512328 <unknown>\n#9 0x55c555513491 <unknown>\n#10 0x55c5559d742b <unknown>\n#11 0x55c5559db2ec <unknown>\n#12 0x55c5559bea22 <unknown>\n#13 0x55c5559dbe64 <unknown>\n#14 0x55c5559a2bef <unknown>\n#15 0x55c5559fe558 <unknown>\n#16 0x55c5559fe736 <unknown>\n#17 0x55c555a0ee76 <unknown>\n#18 0x7f865ca9caa4 <unknown>\n#19 0x7f865cb29c3c <unknown>","time":{"start":1743865778590,"stop":1743865819672,"duration":41082}},{"uid":"3f681f2782642b47","status":"passed","time":{"start":1743855422840,"stop":1743855442505,"duration":19665}},{"uid":"81db5fc1014bf4df","status":"broken","statusDetails":"selenium.common.exceptions.NoSuchElementException: Message: no such element: Unable to locate element: {\"method\":\"xpath\",\"selector\":\"//*[contains(text(), 'new_card')]\"}\n  (Session info: chrome=135.0.7049.52); For documentation on this error, please visit: https://www.selenium.dev/documentation/webdriver/troubleshooting/errors#no-such-element-exception\nStacktrace:\n#0 0x556a971c4ffa <unknown>\n#1 0x556a96c83970 <unknown>\n#2 0x556a96cd5385 <unknown>\n#3 0x556a96cd55b1 <unknown>\n#4 0x556a96d243c4 <unknown>\n#5 0x556a96cfb2bd <unknown>\n#6 0x556a96d2170c <unknown>\n#7 0x556a96cfb063 <unknown>\n#8 0x556a96cc7328 <unknown>\n#9 0x556a96cc8491 <unknown>\n#10 0x556a9718c42b <unknown>\n#11 0x556a971902ec <unknown>\n#12 0x556a97173a22 <unknown>\n#13 0x556a97190e64 <unknown>\n#14 0x556a97157bef <unknown>\n#15 0x556a971b3558 <unknown>\n#16 0x556a971b3736 <unknown>\n#17 0x556a971c3e76 <unknown>\n#18 0x7f9f0b89caa4 <unknown>\n#19 0x7f9f0b929c3c <unknown>","time":{"start":1743844370463,"stop":1743844411899,"duration":41436}},{"uid":"478c4c6704ecb380","status":"broken","statusDetails":"selenium.common.exceptions.NoSuchElementException: Message: no such element: Unable to locate element: {\"method\":\"xpath\",\"selector\":\"//*[contains(text(), 'new_card')]\"}\n  (Session info: chrome=135.0.7049.52); For documentation on this error, please visit: https://www.selenium.dev/documentation/webdriver/troubleshooting/errors#no-such-element-exception\nStacktrace:\n#0 0x55b792168ffa <unknown>\n#1 0x55b791c27970 <unknown>\n#2 0x55b791c79385 <unknown>\n#3 0x55b791c795b1 <unknown>\n#4 0x55b791cc83c4 <unknown>\n#5 0x55b791c9f2bd <unknown>\n#6 0x55b791cc570c <unknown>\n#7 0x55b791c9f063 <unknown>\n#8 0x55b791c6b328 <unknown>\n#9 0x55b791c6c491 <unknown>\n#10 0x55b79213042b <unknown>\n#11 0x55b7921342ec <unknown>\n#12 0x55b792117a22 <unknown>\n#13 0x55b792134e64 <unknown>\n#14 0x55b7920fbbef <unknown>\n#15 0x55b792157558 <unknown>\n#16 0x55b792157736 <unknown>\n#17 0x55b792167e76 <unknown>\n#18 0x7f961569caa4 <unknown>\n#19 0x7f9615729c3c <unknown>","time":{"start":1743833689661,"stop":1743833730942,"duration":41281}},{"uid":"98c583773fe130bb","status":"broken","statusDetails":"selenium.common.exceptions.NoSuchElementException: Message: no such element: Unable to locate element: {\"method\":\"xpath\",\"selector\":\"//*[contains(text(), 'new_card')]\"}\n  (Session info: chrome=135.0.7049.52); For documentation on this error, please visit: https://www.selenium.dev/documentation/webdriver/troubleshooting/errors#no-such-element-exception\nStacktrace:\n#0 0x5571ed6f0ffa <unknown>\n#1 0x5571ed1af970 <unknown>\n#2 0x5571ed201385 <unknown>\n#3 0x5571ed2015b1 <unknown>\n#4 0x5571ed2503c4 <unknown>\n#5 0x5571ed2272bd <unknown>\n#6 0x5571ed24d70c <unknown>\n#7 0x5571ed227063 <unknown>\n#8 0x5571ed1f3328 <unknown>\n#9 0x5571ed1f4491 <unknown>\n#10 0x5571ed6b842b <unknown>\n#11 0x5571ed6bc2ec <unknown>\n#12 0x5571ed69fa22 <unknown>\n#13 0x5571ed6bce64 <unknown>\n#14 0x5571ed683bef <unknown>\n#15 0x5571ed6df558 <unknown>\n#16 0x5571ed6df736 <unknown>\n#17 0x5571ed6efe76 <unknown>\n#18 0x7fa34629caa4 <unknown>\n#19 0x7fa346329c3c <unknown>","time":{"start":1743823644217,"stop":1743823666695,"duration":22478}},{"uid":"fd927b99e775a0ab","status":"broken","statusDetails":"selenium.common.exceptions.NoSuchElementException: Message: no such element: Unable to locate element: {\"method\":\"xpath\",\"selector\":\"//*[contains(text(), 'new_card')]\"}\n  (Session info: chrome=135.0.7049.52); For documentation on this error, please visit: https://www.selenium.dev/documentation/webdriver/troubleshooting/errors#no-such-element-exception\nStacktrace:\n#0 0x557779261ffa <unknown>\n#1 0x557778d20970 <unknown>\n#2 0x557778d72385 <unknown>\n#3 0x557778d725b1 <unknown>\n#4 0x557778dc13c4 <unknown>\n#5 0x557778d982bd <unknown>\n#6 0x557778dbe70c <unknown>\n#7 0x557778d98063 <unknown>\n#8 0x557778d64328 <unknown>\n#9 0x557778d65491 <unknown>\n#10 0x55777922942b <unknown>\n#11 0x55777922d2ec <unknown>\n#12 0x557779210a22 <unknown>\n#13 0x55777922de64 <unknown>\n#14 0x5577791f4bef <unknown>\n#15 0x557779250558 <unknown>\n#16 0x557779250736 <unknown>\n#17 0x557779260e76 <unknown>\n#18 0x7f005389caa4 <unknown>\n#19 0x7f0053929c3c <unknown>","time":{"start":1743813946870,"stop":1743813988563,"duration":41693}},{"uid":"a29399567467847a","status":"passed","time":{"start":1743801029609,"stop":1743801049211,"duration":19602}},{"uid":"522c985b6e60b53f","status":"broken","statusDetails":"selenium.common.exceptions.NoSuchElementException: Message: no such element: Unable to locate element: {\"method\":\"xpath\",\"selector\":\"//*[contains(text(), 'new_card')]\"}\n  (Session info: chrome=135.0.7049.52); For documentation on this error, please visit: https://www.selenium.dev/documentation/webdriver/troubleshooting/errors#no-such-element-exception\nStacktrace:\n#0 0x55efa33abffa <unknown>\n#1 0x55efa2e6a970 <unknown>\n#2 0x55efa2ebc385 <unknown>\n#3 0x55efa2ebc5b1 <unknown>\n#4 0x55efa2f0b3c4 <unknown>\n#5 0x55efa2ee22bd <unknown>\n#6 0x55efa2f0870c <unknown>\n#7 0x55efa2ee2063 <unknown>\n#8 0x55efa2eae328 <unknown>\n#9 0x55efa2eaf491 <unknown>\n#10 0x55efa337342b <unknown>\n#11 0x55efa33772ec <unknown>\n#12 0x55efa335aa22 <unknown>\n#13 0x55efa3377e64 <unknown>\n#14 0x55efa333ebef <unknown>\n#15 0x55efa339a558 <unknown>\n#16 0x55efa339a736 <unknown>\n#17 0x55efa33aae76 <unknown>\n#18 0x7f808129caa4 <unknown>\n#19 0x7f8081329c3c <unknown>","time":{"start":1743790526206,"stop":1743790567865,"duration":41659}}]},"tags":["TC006","TC000"]},"source":"ae0f4d505220ef65.json","parameterValues":[]}