{"uid":"b7ae8da86385074a","name":"Label a Card","fullName":"tests.regression_ui.test_ui_regression.TestUIRegression#test_label_card","historyId":"81bf587fe9f2db9e87ee2dc06e7308b0","time":{"start":1743865820093,"stop":1743865841950,"duration":21857},"status":"passed","flaky":false,"newFailed":false,"newBroken":false,"newPassed":true,"retriesCount":0,"retriesStatusChange":false,"beforeStages":[{"name":"driver","time":{"start":1743865819769,"stop":1743865820092,"duration":323},"status":"passed","steps":[],"attachments":[],"parameters":[],"shouldDisplayMessage":false,"stepsCount":0,"attachmentsCount":0,"hasContent":false,"attachmentStep":false},{"name":"setup","time":{"start":1743865820092,"stop":1743865820092,"duration":0},"status":"passed","steps":[],"attachments":[],"parameters":[],"shouldDisplayMessage":false,"stepsCount":0,"attachmentsCount":0,"hasContent":false,"attachmentStep":false}],"testStage":{"status":"passed","steps":[{"name":"Log in to Trello account","time":{"start":1743865824093,"stop":1743865830132,"duration":6039},"status":"passed","steps":[{"name":"Navigate to the Trello page and enter valid credentials (email, password, and 6-digits verification code)","time":{"start":1743865824093,"stop":1743865830132,"duration":6039},"status":"passed","steps":[],"attachments":[],"parameters":[],"shouldDisplayMessage":false,"stepsCount":0,"attachmentsCount":0,"hasContent":false,"attachmentStep":false}],"attachments":[],"parameters":[],"shouldDisplayMessage":false,"stepsCount":1,"attachmentsCount":0,"hasContent":true,"attachmentStep":false},{"name":"Open a board and select a card","time":{"start":1743865830132,"stop":1743865835583,"duration":5451},"status":"passed","steps":[],"attachments":[],"parameters":[],"shouldDisplayMessage":false,"stepsCount":0,"attachmentsCount":0,"hasContent":false,"attachmentStep":false},{"name":"Click the card to open and archive it","time":{"start":1743865835583,"stop":1743865841950,"duration":6367},"status":"passed","steps":[],"attachments":[],"parameters":[],"shouldDisplayMessage":false,"stepsCount":0,"attachmentsCount":0,"hasContent":false,"attachmentStep":false}],"attachments":[{"uid":"7099a581de407ddf","name":"log","source":"7099a581de407ddf.txt","type":"text/plain","size":360}],"parameters":[],"shouldDisplayMessage":false,"stepsCount":4,"attachmentsCount":1,"hasContent":true,"attachmentStep":false},"afterStages":[{"name":"driver::0","time":{"start":1743865841951,"stop":1743865842022,"duration":71},"status":"passed","steps":[],"attachments":[],"parameters":[],"shouldDisplayMessage":false,"stepsCount":0,"attachmentsCount":0,"hasContent":false,"attachmentStep":false}],"labels":[{"name":"tag","value":"TC007"},{"name":"tag","value":"TC000"},{"name":"parentSuite","value":"tests.regression_ui"},{"name":"suite","value":"test_ui_regression"},{"name":"subSuite","value":"TestUIRegression"},{"name":"host","value":"fv-az813-998"},{"name":"thread","value":"4670-MainThread"},{"name":"framework","value":"pytest"},{"name":"language","value":"cpython3"},{"name":"package","value":"tests.regression_ui.test_ui_regression"},{"name":"resultFormat","value":"allure2"}],"parameters":[],"links":[],"hidden":false,"retry":false,"extra":{"severity":"normal","retries":[],"categories":[],"history":{"statistic":{"failed":0,"broken":97,"skipped":0,"passed":581,"unknown":0,"total":678},"items":[{"uid":"bb1d85ce17a6079d","status":"broken","statusDetails":"selenium.common.exceptions.NoSuchElementException: Message: no such element: Unable to locate element: {\"method\":\"xpath\",\"selector\":\"//*[contains(text(), 'new_card')]\"}\n  (Session info: chrome=135.0.7049.52); For documentation on this error, please visit: https://www.selenium.dev/documentation/webdriver/troubleshooting/errors#no-such-element-exception\nStacktrace:\n#0 0x55f155f78ffa <unknown>\n#1 0x55f155a37970 <unknown>\n#2 0x55f155a89385 <unknown>\n#3 0x55f155a895b1 <unknown>\n#4 0x55f155ad83c4 <unknown>\n#5 0x55f155aaf2bd <unknown>\n#6 0x55f155ad570c <unknown>\n#7 0x55f155aaf063 <unknown>\n#8 0x55f155a7b328 <unknown>\n#9 0x55f155a7c491 <unknown>\n#10 0x55f155f4042b <unknown>\n#11 0x55f155f442ec <unknown>\n#12 0x55f155f27a22 <unknown>\n#13 0x55f155f44e64 <unknown>\n#14 0x55f155f0bbef <unknown>\n#15 0x55f155f67558 <unknown>\n#16 0x55f155f67736 <unknown>\n#17 0x55f155f77e76 <unknown>\n#18 0x7f484f29caa4 <unknown>\n#19 0x7f484f329c3c <unknown>","time":{"start":1743855442900,"stop":1743855463140,"duration":20240}},{"uid":"ed51867ad6b1ca8f","status":"broken","statusDetails":"selenium.common.exceptions.NoSuchElementException: Message: no such element: Unable to locate element: {\"method\":\"xpath\",\"selector\":\"//*[contains(text(), 'new_card')]\"}\n  (Session info: chrome=135.0.7049.52); For documentation on this error, please visit: https://www.selenium.dev/documentation/webdriver/troubleshooting/errors#no-such-element-exception\nStacktrace:\n#0 0x556109045ffa <unknown>\n#1 0x556108b04970 <unknown>\n#2 0x556108b56385 <unknown>\n#3 0x556108b565b1 <unknown>\n#4 0x556108ba53c4 <unknown>\n#5 0x556108b7c2bd <unknown>\n#6 0x556108ba270c <unknown>\n#7 0x556108b7c063 <unknown>\n#8 0x556108b48328 <unknown>\n#9 0x556108b49491 <unknown>\n#10 0x55610900d42b <unknown>\n#11 0x5561090112ec <unknown>\n#12 0x556108ff4a22 <unknown>\n#13 0x556109011e64 <unknown>\n#14 0x556108fd8bef <unknown>\n#15 0x556109034558 <unknown>\n#16 0x556109034736 <unknown>\n#17 0x556109044e76 <unknown>\n#18 0x7f2233a9caa4 <unknown>\n#19 0x7f2233b29c3c <unknown>","time":{"start":1743844412340,"stop":1743844432778,"duration":20438}},{"uid":"29e5ad7ae80831dc","status":"broken","statusDetails":"selenium.common.exceptions.NoSuchElementException: Message: no such element: Unable to locate element: {\"method\":\"xpath\",\"selector\":\"//*[contains(text(), 'new_card')]\"}\n  (Session info: chrome=135.0.7049.52); For documentation on this error, please visit: https://www.selenium.dev/documentation/webdriver/troubleshooting/errors#no-such-element-exception\nStacktrace:\n#0 0x55b884247ffa <unknown>\n#1 0x55b883d06970 <unknown>\n#2 0x55b883d58385 <unknown>\n#3 0x55b883d585b1 <unknown>\n#4 0x55b883da73c4 <unknown>\n#5 0x55b883d7e2bd <unknown>\n#6 0x55b883da470c <unknown>\n#7 0x55b883d7e063 <unknown>\n#8 0x55b883d4a328 <unknown>\n#9 0x55b883d4b491 <unknown>\n#10 0x55b88420f42b <unknown>\n#11 0x55b8842132ec <unknown>\n#12 0x55b8841f6a22 <unknown>\n#13 0x55b884213e64 <unknown>\n#14 0x55b8841dabef <unknown>\n#15 0x55b884236558 <unknown>\n#16 0x55b884236736 <unknown>\n#17 0x55b884246e76 <unknown>\n#18 0x7fb63d49caa4 <unknown>\n#19 0x7fb63d529c3c <unknown>","time":{"start":1743833731375,"stop":1743833752262,"duration":20887}},{"uid":"3281e5bdded5746c","status":"broken","statusDetails":"selenium.common.exceptions.NoSuchElementException: Message: no such element: Unable to locate element: {\"method\":\"xpath\",\"selector\":\"//*[contains(text(), 'new_card')]\"}\n  (Session info: chrome=135.0.7049.52); For documentation on this error, please visit: https://www.selenium.dev/documentation/webdriver/troubleshooting/errors#no-such-element-exception\nStacktrace:\n#0 0x55f17a9b2ffa <unknown>\n#1 0x55f17a471970 <unknown>\n#2 0x55f17a4c3385 <unknown>\n#3 0x55f17a4c35b1 <unknown>\n#4 0x55f17a5123c4 <unknown>\n#5 0x55f17a4e92bd <unknown>\n#6 0x55f17a50f70c <unknown>\n#7 0x55f17a4e9063 <unknown>\n#8 0x55f17a4b5328 <unknown>\n#9 0x55f17a4b6491 <unknown>\n#10 0x55f17a97a42b <unknown>\n#11 0x55f17a97e2ec <unknown>\n#12 0x55f17a961a22 <unknown>\n#13 0x55f17a97ee64 <unknown>\n#14 0x55f17a945bef <unknown>\n#15 0x55f17a9a1558 <unknown>\n#16 0x55f17a9a1736 <unknown>\n#17 0x55f17a9b1e76 <unknown>\n#18 0x7f24c3a9caa4 <unknown>\n#19 0x7f24c3b29c3c <unknown>","time":{"start":1743823667147,"stop":1743823687902,"duration":20755}},{"uid":"92e88d5248f6ba8d","status":"broken","statusDetails":"selenium.common.exceptions.NoSuchElementException: Message: no such element: Unable to locate element: {\"method\":\"xpath\",\"selector\":\"//*[contains(text(), 'new_card')]\"}\n  (Session info: chrome=135.0.7049.52); For documentation on this error, please visit: https://www.selenium.dev/documentation/webdriver/troubleshooting/errors#no-such-element-exception\nStacktrace:\n#0 0x561d23c26ffa <unknown>\n#1 0x561d236e5970 <unknown>\n#2 0x561d23737385 <unknown>\n#3 0x561d237375b1 <unknown>\n#4 0x561d237863c4 <unknown>\n#5 0x561d2375d2bd <unknown>\n#6 0x561d2378370c <unknown>\n#7 0x561d2375d063 <unknown>\n#8 0x561d23729328 <unknown>\n#9 0x561d2372a491 <unknown>\n#10 0x561d23bee42b <unknown>\n#11 0x561d23bf22ec <unknown>\n#12 0x561d23bd5a22 <unknown>\n#13 0x561d23bf2e64 <unknown>\n#14 0x561d23bb9bef <unknown>\n#15 0x561d23c15558 <unknown>\n#16 0x561d23c15736 <unknown>\n#17 0x561d23c25e76 <unknown>\n#18 0x7f98f489caa4 <unknown>\n#19 0x7f98f4929c3c <unknown>","time":{"start":1743813988988,"stop":1743814009727,"duration":20739}},{"uid":"5cdfd2b47ae7557a","status":"broken","statusDetails":"selenium.common.exceptions.NoSuchElementException: Message: no such element: Unable to locate element: {\"method\":\"xpath\",\"selector\":\"//*[contains(text(), 'new_card')]\"}\n  (Session info: chrome=135.0.7049.52); For documentation on this error, please visit: https://www.selenium.dev/documentation/webdriver/troubleshooting/errors#no-such-element-exception\nStacktrace:\n#0 0x55cde4ff9ffa <unknown>\n#1 0x55cde4ab8970 <unknown>\n#2 0x55cde4b0a385 <unknown>\n#3 0x55cde4b0a5b1 <unknown>\n#4 0x55cde4b593c4 <unknown>\n#5 0x55cde4b302bd <unknown>\n#6 0x55cde4b5670c <unknown>\n#7 0x55cde4b30063 <unknown>\n#8 0x55cde4afc328 <unknown>\n#9 0x55cde4afd491 <unknown>\n#10 0x55cde4fc142b <unknown>\n#11 0x55cde4fc52ec <unknown>\n#12 0x55cde4fa8a22 <unknown>\n#13 0x55cde4fc5e64 <unknown>\n#14 0x55cde4f8cbef <unknown>\n#15 0x55cde4fe8558 <unknown>\n#16 0x55cde4fe8736 <unknown>\n#17 0x55cde4ff8e76 <unknown>\n#18 0x7fc5c329caa4 <unknown>\n#19 0x7fc5c3329c3c <unknown>","time":{"start":1743801049598,"stop":1743801069727,"duration":20129}},{"uid":"316a73a959efc78d","status":"broken","statusDetails":"selenium.common.exceptions.NoSuchElementException: Message: no such element: Unable to locate element: {\"method\":\"xpath\",\"selector\":\"//*[contains(text(), 'new_card')]\"}\n  (Session info: chrome=135.0.7049.52); For documentation on this error, please visit: https://www.selenium.dev/documentation/webdriver/troubleshooting/errors#no-such-element-exception\nStacktrace:\n#0 0x56419a2dcffa <unknown>\n#1 0x564199d9b970 <unknown>\n#2 0x564199ded385 <unknown>\n#3 0x564199ded5b1 <unknown>\n#4 0x564199e3c3c4 <unknown>\n#5 0x564199e132bd <unknown>\n#6 0x564199e3970c <unknown>\n#7 0x564199e13063 <unknown>\n#8 0x564199ddf328 <unknown>\n#9 0x564199de0491 <unknown>\n#10 0x56419a2a442b <unknown>\n#11 0x56419a2a82ec <unknown>\n#12 0x56419a28ba22 <unknown>\n#13 0x56419a2a8e64 <unknown>\n#14 0x56419a26fbef <unknown>\n#15 0x56419a2cb558 <unknown>\n#16 0x56419a2cb736 <unknown>\n#17 0x56419a2dbe76 <unknown>\n#18 0x7f5bbb49caa4 <unknown>\n#19 0x7f5bbb529c3c <unknown>","time":{"start":1743790568291,"stop":1743790588968,"duration":20677}},{"uid":"8b7f4f0d895bf52","status":"broken","statusDetails":"selenium.common.exceptions.NoSuchElementException: Message: no such element: Unable to locate element: {\"method\":\"xpath\",\"selector\":\"//*[contains(text(), 'new_card')]\"}\n  (Session info: chrome=135.0.7049.52); For documentation on this error, please visit: https://www.selenium.dev/documentation/webdriver/troubleshooting/errors#no-such-element-exception\nStacktrace:\n#0 0x561341d71ffa <unknown>\n#1 0x561341830970 <unknown>\n#2 0x561341882385 <unknown>\n#3 0x5613418825b1 <unknown>\n#4 0x5613418d13c4 <unknown>\n#5 0x5613418a82bd <unknown>\n#6 0x5613418ce70c <unknown>\n#7 0x5613418a8063 <unknown>\n#8 0x561341874328 <unknown>\n#9 0x561341875491 <unknown>\n#10 0x561341d3942b <unknown>\n#11 0x561341d3d2ec <unknown>\n#12 0x561341d20a22 <unknown>\n#13 0x561341d3de64 <unknown>\n#14 0x561341d04bef <unknown>\n#15 0x561341d60558 <unknown>\n#16 0x561341d60736 <unknown>\n#17 0x561341d70e76 <unknown>\n#18 0x7f40d089caa4 <unknown>\n#19 0x7f40d0929c3c <unknown>","time":{"start":1743779575955,"stop":1743779596200,"duration":20245}},{"uid":"41da1bb9fdde5430","status":"broken","statusDetails":"selenium.common.exceptions.NoSuchElementException: Message: no such element: Unable to locate element: {\"method\":\"xpath\",\"selector\":\"//*[contains(text(), 'new_card')]\"}\n  (Session info: chrome=135.0.7049.52); For documentation on this error, please visit: https://www.selenium.dev/documentation/webdriver/troubleshooting/errors#no-such-element-exception\nStacktrace:\n#0 0x562aed980ffa <unknown>\n#1 0x562aed43f970 <unknown>\n#2 0x562aed491385 <unknown>\n#3 0x562aed4915b1 <unknown>\n#4 0x562aed4e03c4 <unknown>\n#5 0x562aed4b72bd <unknown>\n#6 0x562aed4dd70c <unknown>\n#7 0x562aed4b7063 <unknown>\n#8 0x562aed483328 <unknown>\n#9 0x562aed484491 <unknown>\n#10 0x562aed94842b <unknown>\n#11 0x562aed94c2ec <unknown>\n#12 0x562aed92fa22 <unknown>\n#13 0x562aed94ce64 <unknown>\n#14 0x562aed913bef <unknown>\n#15 0x562aed96f558 <unknown>\n#16 0x562aed96f736 <unknown>\n#17 0x562aed97fe76 <unknown>\n#18 0x7f91ef09caa4 <unknown>\n#19 0x7f91ef129c3c <unknown>","time":{"start":1743769189040,"stop":1743769209752,"duration":20712}},{"uid":"47914c1c52c3d1e9","status":"broken","statusDetails":"selenium.common.exceptions.NoSuchElementException: Message: no such element: Unable to locate element: {\"method\":\"xpath\",\"selector\":\"//*[contains(text(), 'new_card')]\"}\n  (Session info: chrome=135.0.7049.52); For documentation on this error, please visit: https://www.selenium.dev/documentation/webdriver/troubleshooting/errors#no-such-element-exception\nStacktrace:\n#0 0x557237861ffa <unknown>\n#1 0x557237320970 <unknown>\n#2 0x557237372385 <unknown>\n#3 0x5572373725b1 <unknown>\n#4 0x5572373c13c4 <unknown>\n#5 0x5572373982bd <unknown>\n#6 0x5572373be70c <unknown>\n#7 0x557237398063 <unknown>\n#8 0x557237364328 <unknown>\n#9 0x557237365491 <unknown>\n#10 0x55723782942b <unknown>\n#11 0x55723782d2ec <unknown>\n#12 0x557237810a22 <unknown>\n#13 0x55723782de64 <unknown>\n#14 0x5572377f4bef <unknown>\n#15 0x557237850558 <unknown>\n#16 0x557237850736 <unknown>\n#17 0x557237860e76 <unknown>\n#18 0x7fa75de9caa4 <unknown>\n#19 0x7fa75df29c3c <unknown>","time":{"start":1743758014968,"stop":1743758035154,"duration":20186}},{"uid":"1228f279b7f297a6","status":"broken","statusDetails":"selenium.common.exceptions.NoSuchElementException: Message: no such element: Unable to locate element: {\"method\":\"xpath\",\"selector\":\"//*[contains(text(), 'new_card')]\"}\n  (Session info: chrome=135.0.7049.52); For documentation on this error, please visit: https://www.selenium.dev/documentation/webdriver/troubleshooting/errors#no-such-element-exception\nStacktrace:\n#0 0x558858fa4ffa <unknown>\n#1 0x558858a63970 <unknown>\n#2 0x558858ab5385 <unknown>\n#3 0x558858ab55b1 <unknown>\n#4 0x558858b043c4 <unknown>\n#5 0x558858adb2bd <unknown>\n#6 0x558858b0170c <unknown>\n#7 0x558858adb063 <unknown>\n#8 0x558858aa7328 <unknown>\n#9 0x558858aa8491 <unknown>\n#10 0x558858f6c42b <unknown>\n#11 0x558858f702ec <unknown>\n#12 0x558858f53a22 <unknown>\n#13 0x558858f70e64 <unknown>\n#14 0x558858f37bef <unknown>\n#15 0x558858f93558 <unknown>\n#16 0x558858f93736 <unknown>\n#17 0x558858fa3e76 <unknown>\n#18 0x7f4ff189caa4 <unknown>\n#19 0x7f4ff1929c3c <unknown>","time":{"start":1743747420837,"stop":1743747441012,"duration":20175}},{"uid":"aaa50b7bf16a8e29","status":"broken","statusDetails":"selenium.common.exceptions.NoSuchElementException: Message: no such element: Unable to locate element: {\"method\":\"xpath\",\"selector\":\"//*[contains(text(), 'new_card')]\"}\n  (Session info: chrome=135.0.7049.52); For documentation on this error, please visit: https://www.selenium.dev/documentation/webdriver/troubleshooting/errors#no-such-element-exception\nStacktrace:\n#0 0x56384e298ffa <unknown>\n#1 0x56384dd57970 <unknown>\n#2 0x56384dda9385 <unknown>\n#3 0x56384dda95b1 <unknown>\n#4 0x56384ddf83c4 <unknown>\n#5 0x56384ddcf2bd <unknown>\n#6 0x56384ddf570c <unknown>\n#7 0x56384ddcf063 <unknown>\n#8 0x56384dd9b328 <unknown>\n#9 0x56384dd9c491 <unknown>\n#10 0x56384e26042b <unknown>\n#11 0x56384e2642ec <unknown>\n#12 0x56384e247a22 <unknown>\n#13 0x56384e264e64 <unknown>\n#14 0x56384e22bbef <unknown>\n#15 0x56384e287558 <unknown>\n#16 0x56384e287736 <unknown>\n#17 0x56384e297e76 <unknown>\n#18 0x7f8997c9caa4 <unknown>\n#19 0x7f8997d29c3c <unknown>","time":{"start":1743737329503,"stop":1743737349594,"duration":20091}},{"uid":"938cb6d1ce285151","status":"broken","statusDetails":"selenium.common.exceptions.NoSuchElementException: Message: no such element: Unable to locate element: {\"method\":\"xpath\",\"selector\":\"//*[contains(text(), 'new_card')]\"}\n  (Session info: chrome=135.0.7049.52); For documentation on this error, please visit: https://www.selenium.dev/documentation/webdriver/troubleshooting/errors#no-such-element-exception\nStacktrace:\n#0 0x55870d6fcffa <unknown>\n#1 0x55870d1bb970 <unknown>\n#2 0x55870d20d385 <unknown>\n#3 0x55870d20d5b1 <unknown>\n#4 0x55870d25c3c4 <unknown>\n#5 0x55870d2332bd <unknown>\n#6 0x55870d25970c <unknown>\n#7 0x55870d233063 <unknown>\n#8 0x55870d1ff328 <unknown>\n#9 0x55870d200491 <unknown>\n#10 0x55870d6c442b <unknown>\n#11 0x55870d6c82ec <unknown>\n#12 0x55870d6aba22 <unknown>\n#13 0x55870d6c8e64 <unknown>\n#14 0x55870d68fbef <unknown>\n#15 0x55870d6eb558 <unknown>\n#16 0x55870d6eb736 <unknown>\n#17 0x55870d6fbe76 <unknown>\n#18 0x7f9d6ac9caa4 <unknown>\n#19 0x7f9d6ad29c3c <unknown>","time":{"start":1743727678756,"stop":1743727698990,"duration":20234}},{"uid":"7828ff612eb8bdca","status":"broken","statusDetails":"selenium.common.exceptions.NoSuchElementException: Message: no such element: Unable to locate element: {\"method\":\"xpath\",\"selector\":\"//*[contains(text(), 'new_card')]\"}\n  (Session info: chrome=135.0.7049.52); For documentation on this error, please visit: https://www.selenium.dev/documentation/webdriver/troubleshooting/errors#no-such-element-exception\nStacktrace:\n#0 0x5560041e1a1a <unknown>\n#1 0x556003c99390 <unknown>\n#2 0x556003ceac85 <unknown>\n#3 0x556003ceaeb1 <unknown>\n#4 0x556003d39d64 <unknown>\n#5 0x556003d10bfd <unknown>\n#6 0x556003d3707b <unknown>\n#7 0x556003d109a3 <unknown>\n#8 0x556003cdc60e <unknown>\n#9 0x556003cdddd1 <unknown>\n#10 0x5560041a7ddb <unknown>\n#11 0x5560041abcbc <unknown>\n#12 0x55600418f392 <unknown>\n#13 0x5560041ac834 <unknown>\n#14 0x5560041731ef <unknown>\n#15 0x5560041d0038 <unknown>\n#16 0x5560041d0216 <unknown>\n#17 0x5560041e0896 <unknown>\n#18 0x7efca509caa4 <unknown>\n#19 0x7efca5129c3c <unknown>","time":{"start":1743714726465,"stop":1743714746726,"duration":20261}},{"uid":"af443ab8d9d2e1d4","status":"broken","statusDetails":"selenium.common.exceptions.NoSuchElementException: Message: no such element: Unable to locate element: {\"method\":\"xpath\",\"selector\":\"//*[contains(text(), 'new_card')]\"}\n  (Session info: chrome=135.0.7049.52); For documentation on this error, please visit: https://www.selenium.dev/documentation/webdriver/troubleshooting/errors#no-such-element-exception\nStacktrace:\n#0 0x557146c39ffa <unknown>\n#1 0x5571466f8970 <unknown>\n#2 0x55714674a385 <unknown>\n#3 0x55714674a5b1 <unknown>\n#4 0x5571467993c4 <unknown>\n#5 0x5571467702bd <unknown>\n#6 0x55714679670c <unknown>\n#7 0x557146770063 <unknown>\n#8 0x55714673c328 <unknown>\n#9 0x55714673d491 <unknown>\n#10 0x557146c0142b <unknown>\n#11 0x557146c052ec <unknown>\n#12 0x557146be8a22 <unknown>\n#13 0x557146c05e64 <unknown>\n#14 0x557146bccbef <unknown>\n#15 0x557146c28558 <unknown>\n#16 0x557146c28736 <unknown>\n#17 0x557146c38e76 <unknown>\n#18 0x7f598609caa4 <unknown>\n#19 0x7f5986129c3c <unknown>","time":{"start":1743704186028,"stop":1743704206843,"duration":20815}},{"uid":"9e474d8e637d36dd","status":"broken","statusDetails":"selenium.common.exceptions.NoSuchElementException: Message: no such element: Unable to locate element: {\"method\":\"xpath\",\"selector\":\"//*[contains(text(), 'new_card')]\"}\n  (Session info: chrome=135.0.7049.52); For documentation on this error, please visit: https://www.selenium.dev/documentation/webdriver/troubleshooting/errors#no-such-element-exception\nStacktrace:\n#0 0x55a1fec00a1a <unknown>\n#1 0x55a1fe6b8390 <unknown>\n#2 0x55a1fe709c85 <unknown>\n#3 0x55a1fe709eb1 <unknown>\n#4 0x55a1fe758d64 <unknown>\n#5 0x55a1fe72fbfd <unknown>\n#6 0x55a1fe75607b <unknown>\n#7 0x55a1fe72f9a3 <unknown>\n#8 0x55a1fe6fb60e <unknown>\n#9 0x55a1fe6fcdd1 <unknown>\n#10 0x55a1febc6ddb <unknown>\n#11 0x55a1febcacbc <unknown>\n#12 0x55a1febae392 <unknown>\n#13 0x55a1febcb834 <unknown>\n#14 0x55a1feb921ef <unknown>\n#15 0x55a1febef038 <unknown>\n#16 0x55a1febef216 <unknown>\n#17 0x55a1febff896 <unknown>\n#18 0x7f722289caa4 <unknown>\n#19 0x7f7222929c3c <unknown>","time":{"start":1743693165523,"stop":1743693186252,"duration":20729}},{"uid":"64397bdf4bce8bff","status":"broken","statusDetails":"selenium.common.exceptions.NoSuchElementException: Message: no such element: Unable to locate element: {\"method\":\"xpath\",\"selector\":\"//*[contains(text(), 'new_card')]\"}\n  (Session info: chrome=135.0.7049.52); For documentation on this error, please visit: https://www.selenium.dev/documentation/webdriver/troubleshooting/errors#no-such-element-exception\nStacktrace:\n#0 0x563566e07ffa <unknown>\n#1 0x5635668c6970 <unknown>\n#2 0x563566918385 <unknown>\n#3 0x5635669185b1 <unknown>\n#4 0x5635669673c4 <unknown>\n#5 0x56356693e2bd <unknown>\n#6 0x56356696470c <unknown>\n#7 0x56356693e063 <unknown>\n#8 0x56356690a328 <unknown>\n#9 0x56356690b491 <unknown>\n#10 0x563566dcf42b <unknown>\n#11 0x563566dd32ec <unknown>\n#12 0x563566db6a22 <unknown>\n#13 0x563566dd3e64 <unknown>\n#14 0x563566d9abef <unknown>\n#15 0x563566df6558 <unknown>\n#16 0x563566df6736 <unknown>\n#17 0x563566e06e76 <unknown>\n#18 0x7f8b7ee9caa4 <unknown>\n#19 0x7f8b7ef29c3c <unknown>","time":{"start":1743683105632,"stop":1743683126348,"duration":20716}},{"uid":"be5ef5f7124f3eea","status":"passed","time":{"start":1743671573281,"stop":1743671594984,"duration":21703}},{"uid":"8f87de48a61ac835","status":"passed","time":{"start":1743661016692,"stop":1743661038544,"duration":21852}},{"uid":"b93b0a982ca261d3","status":"passed","time":{"start":1743650902717,"stop":1743650924946,"duration":22229}}]},"tags":["TC007","TC000"]},"source":"b7ae8da86385074a.json","parameterValues":[]}