{"uid":"bea2e597fe4c4073","name":"Drag and drop card from one list to another","fullName":"tests.regression_ui.test_ui_regression.TestUIRegression#test_drag_n_drop_card","historyId":"58c27d4ea8138de64fd4e105da17ea92","time":{"start":1733890504137,"stop":1733890533844,"duration":29707},"status":"broken","statusMessage":"selenium.common.exceptions.NoSuchElementException: Message: no such element: Unable to locate element: {\"method\":\"xpath\",\"selector\":\"//*[contains(text(), 'new_card')]\"}\n  (Session info: chrome=131.0.6778.139); For documentation on this error, please visit: https://www.selenium.dev/documentation/webdriver/troubleshooting/errors#no-such-element-exception\nStacktrace:\n#0 0x55623297d31a <unknown>\n#1 0x5562324936e0 <unknown>\n#2 0x5562324e23e6 <unknown>\n#3 0x5562324e2681 <unknown>\n#4 0x556232527b04 <unknown>\n#5 0x55623250648d <unknown>\n#6 0x556232524ed7 <unknown>\n#7 0x556232506203 <unknown>\n#8 0x5562324d4cc0 <unknown>\n#9 0x5562324d5c9e <unknown>\n#10 0x55623294ad0b <unknown>\n#11 0x55623294ec92 <unknown>\n#12 0x556232937b3c <unknown>\n#13 0x55623294f807 <unknown>\n#14 0x55623291d0df <unknown>\n#15 0x55623296c578 <unknown>\n#16 0x55623296c740 <unknown>\n#17 0x55623297c196 <unknown>\n#18 0x7fc2c4a94ac3 <unknown>","statusTrace":"self = <tests.regression_ui.test_ui_regression.TestUIRegression object at 0x7fb691677c70>\ndriver = <selenium.webdriver.chrome.webdriver.WebDriver (session=\"380f0188b36dde464f32df864c335d31\")>\n\n    @pytest.mark.TC000\n    @pytest.mark.TC005\n    @allure.title('Drag and drop card from one list to another')\n    def test_drag_n_drop_card(self, driver):\n        time.sleep(7)\n        with allure.step('Log in to Trello account'):\n            self.test_login(driver)\n        with allure.step('Drag and drop card from one list to another list'):\n            WebDriverWait(driver, 10).until(EC.element_to_be_clickable((By.XPATH, self.SCC.Board.BOARD_TITLE))).click()\n            WebDriverWait(driver, 10).until(EC.element_to_be_clickable((By.XPATH, self.SCC.Board.ADD_ANOTHER_LIST_BUTTON))).click()\n            driver.find_element(By.XPATH, self.SCC.Board.ENTER_LIST_NAME_FIELD).send_keys('new_list_2')\n            driver.find_element(By.XPATH, self.SCC.Board.ADD_LIST_SUBMIT_BUTTON).click()\n            time.sleep(3)\n>           source_element = driver.find_element(By.XPATH, self.SCC.List.NEW_CARD_TITLE)\n\ntests/regression_ui/test_ui_regression.py:159: \n_ _ _ _ _ _ _ _ _ _ _ _ _ _ _ _ _ _ _ _ _ _ _ _ _ _ _ _ _ _ _ _ _ _ _ _ _ _ _ _ \n/opt/hostedtoolcache/Python/3.8.18/x64/lib/python3.8/site-packages/selenium/webdriver/remote/webdriver.py:770: in find_element\n    return self.execute(Command.FIND_ELEMENT, {\"using\": by, \"value\": value})[\"value\"]\n/opt/hostedtoolcache/Python/3.8.18/x64/lib/python3.8/site-packages/selenium/webdriver/remote/webdriver.py:384: in execute\n    self.error_handler.check_response(response)\n_ _ _ _ _ _ _ _ _ _ _ _ _ _ _ _ _ _ _ _ _ _ _ _ _ _ _ _ _ _ _ _ _ _ _ _ _ _ _ _ \n\nself = <selenium.webdriver.remote.errorhandler.ErrorHandler object at 0x7fb691416c70>\nresponse = {'status': 404, 'value': '{\"value\":{\"error\":\"no such element\",\"message\":\"no such element: Unable to locate element: {\\...\\\\n#16 0x55623296c740 \\\\u003Cunknown>\\\\n#17 0x55623297c196 \\\\u003Cunknown>\\\\n#18 0x7fc2c4a94ac3 \\\\u003Cunknown>\\\\n\"}}'}\n\n    def check_response(self, response: Dict[str, Any]) -> None:\n        \"\"\"Checks that a JSON response from the WebDriver does not have an\n        error.\n    \n        :Args:\n         - response - The JSON response from the WebDriver server as a dictionary\n           object.\n    \n        :Raises: If the response contains an error message.\n        \"\"\"\n        status = response.get(\"status\", None)\n        if not status or status == ErrorCode.SUCCESS:\n            return\n        value = None\n        message = response.get(\"message\", \"\")\n        screen: str = response.get(\"screen\", \"\")\n        stacktrace = None\n        if isinstance(status, int):\n            value_json = response.get(\"value\", None)\n            if value_json and isinstance(value_json, str):\n                import json\n    \n                try:\n                    value = json.loads(value_json)\n                    if len(value) == 1:\n                        value = value[\"value\"]\n                    status = value.get(\"error\", None)\n                    if not status:\n                        status = value.get(\"status\", ErrorCode.UNKNOWN_ERROR)\n                        message = value.get(\"value\") or value.get(\"message\")\n                        if not isinstance(message, str):\n                            value = message\n                            message = message.get(\"message\")\n                    else:\n                        message = value.get(\"message\", None)\n                except ValueError:\n                    pass\n    \n        exception_class: Type[WebDriverException]\n        e = ErrorCode()\n        error_codes = [item for item in dir(e) if not item.startswith(\"__\")]\n        for error_code in error_codes:\n            error_info = getattr(ErrorCode, error_code)\n            if isinstance(error_info, list) and status in error_info:\n                exception_class = getattr(ExceptionMapping, error_code, WebDriverException)\n                break\n        else:\n            exception_class = WebDriverException\n    \n        if not value:\n            value = response[\"value\"]\n        if isinstance(value, str):\n            raise exception_class(value)\n        if message == \"\" and \"message\" in value:\n            message = value[\"message\"]\n    \n        screen = None  # type: ignore[assignment]\n        if \"screen\" in value:\n            screen = value[\"screen\"]\n    \n        stacktrace = None\n        st_value = value.get(\"stackTrace\") or value.get(\"stacktrace\")\n        if st_value:\n            if isinstance(st_value, str):\n                stacktrace = st_value.split(\"\\n\")\n            else:\n                stacktrace = []\n                try:\n                    for frame in st_value:\n                        line = frame.get(\"lineNumber\", \"\")\n                        file = frame.get(\"fileName\", \"<anonymous>\")\n                        if line:\n                            file = f\"{file}:{line}\"\n                        meth = frame.get(\"methodName\", \"<anonymous>\")\n                        if \"className\" in frame:\n                            meth = f\"{frame['className']}.{meth}\"\n                        msg = \"    at %s (%s)\"\n                        msg = msg % (meth, file)\n                        stacktrace.append(msg)\n                except TypeError:\n                    pass\n        if exception_class == UnexpectedAlertPresentException:\n            alert_text = None\n            if \"data\" in value:\n                alert_text = value[\"data\"].get(\"text\")\n            elif \"alert\" in value:\n                alert_text = value[\"alert\"].get(\"text\")\n            raise exception_class(message, screen, stacktrace, alert_text)  # type: ignore[call-arg]  # mypy is not smart enough here\n>       raise exception_class(message, screen, stacktrace)\nE       selenium.common.exceptions.NoSuchElementException: Message: no such element: Unable to locate element: {\"method\":\"xpath\",\"selector\":\"//*[contains(text(), 'new_card')]\"}\nE         (Session info: chrome=131.0.6778.139); For documentation on this error, please visit: https://www.selenium.dev/documentation/webdriver/troubleshooting/errors#no-such-element-exception\nE       Stacktrace:\nE       #0 0x55623297d31a <unknown>\nE       #1 0x5562324936e0 <unknown>\nE       #2 0x5562324e23e6 <unknown>\nE       #3 0x5562324e2681 <unknown>\nE       #4 0x556232527b04 <unknown>\nE       #5 0x55623250648d <unknown>\nE       #6 0x556232524ed7 <unknown>\nE       #7 0x556232506203 <unknown>\nE       #8 0x5562324d4cc0 <unknown>\nE       #9 0x5562324d5c9e <unknown>\nE       #10 0x55623294ad0b <unknown>\nE       #11 0x55623294ec92 <unknown>\nE       #12 0x556232937b3c <unknown>\nE       #13 0x55623294f807 <unknown>\nE       #14 0x55623291d0df <unknown>\nE       #15 0x55623296c578 <unknown>\nE       #16 0x55623296c740 <unknown>\nE       #17 0x55623297c196 <unknown>\nE       #18 0x7fc2c4a94ac3 <unknown>\n\n/opt/hostedtoolcache/Python/3.8.18/x64/lib/python3.8/site-packages/selenium/webdriver/remote/errorhandler.py:232: NoSuchElementException","flaky":false,"newFailed":false,"newBroken":false,"newPassed":false,"retriesCount":0,"retriesStatusChange":false,"beforeStages":[{"name":"driver","time":{"start":1733890503863,"stop":1733890504136,"duration":273},"status":"passed","steps":[],"attachments":[],"parameters":[],"stepsCount":0,"shouldDisplayMessage":false,"attachmentsCount":0,"hasContent":false,"attachmentStep":false},{"name":"setup","time":{"start":1733890504136,"stop":1733890504136,"duration":0},"status":"passed","steps":[],"attachments":[],"parameters":[],"stepsCount":0,"shouldDisplayMessage":false,"attachmentsCount":0,"hasContent":false,"attachmentStep":false}],"testStage":{"status":"broken","statusMessage":"selenium.common.exceptions.NoSuchElementException: Message: no such element: Unable to locate element: {\"method\":\"xpath\",\"selector\":\"//*[contains(text(), 'new_card')]\"}\n  (Session info: chrome=131.0.6778.139); For documentation on this error, please visit: https://www.selenium.dev/documentation/webdriver/troubleshooting/errors#no-such-element-exception\nStacktrace:\n#0 0x55623297d31a <unknown>\n#1 0x5562324936e0 <unknown>\n#2 0x5562324e23e6 <unknown>\n#3 0x5562324e2681 <unknown>\n#4 0x556232527b04 <unknown>\n#5 0x55623250648d <unknown>\n#6 0x556232524ed7 <unknown>\n#7 0x556232506203 <unknown>\n#8 0x5562324d4cc0 <unknown>\n#9 0x5562324d5c9e <unknown>\n#10 0x55623294ad0b <unknown>\n#11 0x55623294ec92 <unknown>\n#12 0x556232937b3c <unknown>\n#13 0x55623294f807 <unknown>\n#14 0x55623291d0df <unknown>\n#15 0x55623296c578 <unknown>\n#16 0x55623296c740 <unknown>\n#17 0x55623297c196 <unknown>\n#18 0x7fc2c4a94ac3 <unknown>","statusTrace":"self = <tests.regression_ui.test_ui_regression.TestUIRegression object at 0x7fb691677c70>\ndriver = <selenium.webdriver.chrome.webdriver.WebDriver (session=\"380f0188b36dde464f32df864c335d31\")>\n\n    @pytest.mark.TC000\n    @pytest.mark.TC005\n    @allure.title('Drag and drop card from one list to another')\n    def test_drag_n_drop_card(self, driver):\n        time.sleep(7)\n        with allure.step('Log in to Trello account'):\n            self.test_login(driver)\n        with allure.step('Drag and drop card from one list to another list'):\n            WebDriverWait(driver, 10).until(EC.element_to_be_clickable((By.XPATH, self.SCC.Board.BOARD_TITLE))).click()\n            WebDriverWait(driver, 10).until(EC.element_to_be_clickable((By.XPATH, self.SCC.Board.ADD_ANOTHER_LIST_BUTTON))).click()\n            driver.find_element(By.XPATH, self.SCC.Board.ENTER_LIST_NAME_FIELD).send_keys('new_list_2')\n            driver.find_element(By.XPATH, self.SCC.Board.ADD_LIST_SUBMIT_BUTTON).click()\n            time.sleep(3)\n>           source_element = driver.find_element(By.XPATH, self.SCC.List.NEW_CARD_TITLE)\n\ntests/regression_ui/test_ui_regression.py:159: \n_ _ _ _ _ _ _ _ _ _ _ _ _ _ _ _ _ _ _ _ _ _ _ _ _ _ _ _ _ _ _ _ _ _ _ _ _ _ _ _ \n/opt/hostedtoolcache/Python/3.8.18/x64/lib/python3.8/site-packages/selenium/webdriver/remote/webdriver.py:770: in find_element\n    return self.execute(Command.FIND_ELEMENT, {\"using\": by, \"value\": value})[\"value\"]\n/opt/hostedtoolcache/Python/3.8.18/x64/lib/python3.8/site-packages/selenium/webdriver/remote/webdriver.py:384: in execute\n    self.error_handler.check_response(response)\n_ _ _ _ _ _ _ _ _ _ _ _ _ _ _ _ _ _ _ _ _ _ _ _ _ _ _ _ _ _ _ _ _ _ _ _ _ _ _ _ \n\nself = <selenium.webdriver.remote.errorhandler.ErrorHandler object at 0x7fb691416c70>\nresponse = {'status': 404, 'value': '{\"value\":{\"error\":\"no such element\",\"message\":\"no such element: Unable to locate element: {\\...\\\\n#16 0x55623296c740 \\\\u003Cunknown>\\\\n#17 0x55623297c196 \\\\u003Cunknown>\\\\n#18 0x7fc2c4a94ac3 \\\\u003Cunknown>\\\\n\"}}'}\n\n    def check_response(self, response: Dict[str, Any]) -> None:\n        \"\"\"Checks that a JSON response from the WebDriver does not have an\n        error.\n    \n        :Args:\n         - response - The JSON response from the WebDriver server as a dictionary\n           object.\n    \n        :Raises: If the response contains an error message.\n        \"\"\"\n        status = response.get(\"status\", None)\n        if not status or status == ErrorCode.SUCCESS:\n            return\n        value = None\n        message = response.get(\"message\", \"\")\n        screen: str = response.get(\"screen\", \"\")\n        stacktrace = None\n        if isinstance(status, int):\n            value_json = response.get(\"value\", None)\n            if value_json and isinstance(value_json, str):\n                import json\n    \n                try:\n                    value = json.loads(value_json)\n                    if len(value) == 1:\n                        value = value[\"value\"]\n                    status = value.get(\"error\", None)\n                    if not status:\n                        status = value.get(\"status\", ErrorCode.UNKNOWN_ERROR)\n                        message = value.get(\"value\") or value.get(\"message\")\n                        if not isinstance(message, str):\n                            value = message\n                            message = message.get(\"message\")\n                    else:\n                        message = value.get(\"message\", None)\n                except ValueError:\n                    pass\n    \n        exception_class: Type[WebDriverException]\n        e = ErrorCode()\n        error_codes = [item for item in dir(e) if not item.startswith(\"__\")]\n        for error_code in error_codes:\n            error_info = getattr(ErrorCode, error_code)\n            if isinstance(error_info, list) and status in error_info:\n                exception_class = getattr(ExceptionMapping, error_code, WebDriverException)\n                break\n        else:\n            exception_class = WebDriverException\n    \n        if not value:\n            value = response[\"value\"]\n        if isinstance(value, str):\n            raise exception_class(value)\n        if message == \"\" and \"message\" in value:\n            message = value[\"message\"]\n    \n        screen = None  # type: ignore[assignment]\n        if \"screen\" in value:\n            screen = value[\"screen\"]\n    \n        stacktrace = None\n        st_value = value.get(\"stackTrace\") or value.get(\"stacktrace\")\n        if st_value:\n            if isinstance(st_value, str):\n                stacktrace = st_value.split(\"\\n\")\n            else:\n                stacktrace = []\n                try:\n                    for frame in st_value:\n                        line = frame.get(\"lineNumber\", \"\")\n                        file = frame.get(\"fileName\", \"<anonymous>\")\n                        if line:\n                            file = f\"{file}:{line}\"\n                        meth = frame.get(\"methodName\", \"<anonymous>\")\n                        if \"className\" in frame:\n                            meth = f\"{frame['className']}.{meth}\"\n                        msg = \"    at %s (%s)\"\n                        msg = msg % (meth, file)\n                        stacktrace.append(msg)\n                except TypeError:\n                    pass\n        if exception_class == UnexpectedAlertPresentException:\n            alert_text = None\n            if \"data\" in value:\n                alert_text = value[\"data\"].get(\"text\")\n            elif \"alert\" in value:\n                alert_text = value[\"alert\"].get(\"text\")\n            raise exception_class(message, screen, stacktrace, alert_text)  # type: ignore[call-arg]  # mypy is not smart enough here\n>       raise exception_class(message, screen, stacktrace)\nE       selenium.common.exceptions.NoSuchElementException: Message: no such element: Unable to locate element: {\"method\":\"xpath\",\"selector\":\"//*[contains(text(), 'new_card')]\"}\nE         (Session info: chrome=131.0.6778.139); For documentation on this error, please visit: https://www.selenium.dev/documentation/webdriver/troubleshooting/errors#no-such-element-exception\nE       Stacktrace:\nE       #0 0x55623297d31a <unknown>\nE       #1 0x5562324936e0 <unknown>\nE       #2 0x5562324e23e6 <unknown>\nE       #3 0x5562324e2681 <unknown>\nE       #4 0x556232527b04 <unknown>\nE       #5 0x55623250648d <unknown>\nE       #6 0x556232524ed7 <unknown>\nE       #7 0x556232506203 <unknown>\nE       #8 0x5562324d4cc0 <unknown>\nE       #9 0x5562324d5c9e <unknown>\nE       #10 0x55623294ad0b <unknown>\nE       #11 0x55623294ec92 <unknown>\nE       #12 0x556232937b3c <unknown>\nE       #13 0x55623294f807 <unknown>\nE       #14 0x55623291d0df <unknown>\nE       #15 0x55623296c578 <unknown>\nE       #16 0x55623296c740 <unknown>\nE       #17 0x55623297c196 <unknown>\nE       #18 0x7fc2c4a94ac3 <unknown>\n\n/opt/hostedtoolcache/Python/3.8.18/x64/lib/python3.8/site-packages/selenium/webdriver/remote/errorhandler.py:232: NoSuchElementException","steps":[{"name":"Log in to Trello account","time":{"start":1733890511145,"stop":1733890528636,"duration":17491},"status":"passed","steps":[{"name":"Navigate to the Trello login page","time":{"start":1733890511145,"stop":1733890514509,"duration":3364},"status":"passed","steps":[],"attachments":[],"parameters":[],"stepsCount":0,"shouldDisplayMessage":false,"attachmentsCount":0,"hasContent":false,"attachmentStep":false},{"name":"Enter valid credentials (email, password, and 6-digits verification code)","time":{"start":1733890514509,"stop":1733890528636,"duration":14127},"status":"passed","steps":[],"attachments":[],"parameters":[],"stepsCount":0,"shouldDisplayMessage":false,"attachmentsCount":0,"hasContent":false,"attachmentStep":false}],"attachments":[],"parameters":[],"stepsCount":2,"shouldDisplayMessage":false,"attachmentsCount":0,"hasContent":true,"attachmentStep":false},{"name":"Drag and drop card from one list to another list","time":{"start":1733890528636,"stop":1733890533844,"duration":5208},"status":"broken","statusMessage":"selenium.common.exceptions.NoSuchElementException: Message: no such element: Unable to locate element: {\"method\":\"xpath\",\"selector\":\"//*[contains(text(), 'new_card')]\"}\n  (Session info: chrome=131.0.6778.139); For documentation on this error, please visit: https://www.selenium.dev/documentation/webdriver/troubleshooting/errors#no-such-element-exception\nStacktrace:\n#0 0x55623297d31a <unknown>\n#1 0x5562324936e0 <unknown>\n#2 0x5562324e23e6 <unknown>\n#3 0x5562324e2681 <unknown>\n#4 0x556232527b04 <unknown>\n#5 0x55623250648d <unknown>\n#6 0x556232524ed7 <unknown>\n#7 0x556232506203 <unknown>\n#8 0x5562324d4cc0 <unknown>\n#9 0x5562324d5c9e <unknown>\n#10 0x55623294ad0b <unknown>\n#11 0x55623294ec92 <unknown>\n#12 0x556232937b3c <unknown>\n#13 0x55623294f807 <unknown>\n#14 0x55623291d0df <unknown>\n#15 0x55623296c578 <unknown>\n#16 0x55623296c740 <unknown>\n#17 0x55623297c196 <unknown>\n#18 0x7fc2c4a94ac3 <unknown>\n\n","statusTrace":"  File \"/home/runner/work/pythonSelenium/pythonSelenium/tests/regression_ui/test_ui_regression.py\", line 159, in test_drag_n_drop_card\n    source_element = driver.find_element(By.XPATH, self.SCC.List.NEW_CARD_TITLE)\n  File \"/opt/hostedtoolcache/Python/3.8.18/x64/lib/python3.8/site-packages/selenium/webdriver/remote/webdriver.py\", line 770, in find_element\n    return self.execute(Command.FIND_ELEMENT, {\"using\": by, \"value\": value})[\"value\"]\n  File \"/opt/hostedtoolcache/Python/3.8.18/x64/lib/python3.8/site-packages/selenium/webdriver/remote/webdriver.py\", line 384, in execute\n    self.error_handler.check_response(response)\n  File \"/opt/hostedtoolcache/Python/3.8.18/x64/lib/python3.8/site-packages/selenium/webdriver/remote/errorhandler.py\", line 232, in check_response\n    raise exception_class(message, screen, stacktrace)\n","steps":[],"attachments":[],"parameters":[],"stepsCount":0,"shouldDisplayMessage":true,"attachmentsCount":0,"hasContent":true,"attachmentStep":false}],"attachments":[{"uid":"44da6375862c29ef","name":"log","source":"44da6375862c29ef.txt","type":"text/plain","size":38388}],"parameters":[],"stepsCount":4,"shouldDisplayMessage":true,"attachmentsCount":1,"hasContent":true,"attachmentStep":false},"afterStages":[{"name":"driver::0","time":{"start":1733890533872,"stop":1733890533947,"duration":75},"status":"passed","steps":[],"attachments":[],"parameters":[],"stepsCount":0,"shouldDisplayMessage":false,"attachmentsCount":0,"hasContent":false,"attachmentStep":false}],"labels":[{"name":"tag","value":"TC005"},{"name":"tag","value":"TC000"},{"name":"parentSuite","value":"tests.regression_ui"},{"name":"suite","value":"test_ui_regression"},{"name":"subSuite","value":"TestUIRegression"},{"name":"host","value":"fv-az1391-541"},{"name":"thread","value":"3134-MainThread"},{"name":"framework","value":"pytest"},{"name":"language","value":"cpython3"},{"name":"package","value":"tests.regression_ui.test_ui_regression"},{"name":"resultFormat","value":"allure2"}],"parameters":[],"links":[],"hidden":false,"retry":false,"extra":{"severity":"normal","retries":[],"categories":[{"name":"Test defects","matchedStatuses":[],"flaky":false}],"history":{"statistic":{"failed":0,"broken":5,"skipped":0,"passed":7,"unknown":0,"total":12},"items":[{"uid":"73438c47b7e95492","status":"broken","statusDetails":"selenium.common.exceptions.NoSuchElementException: Message: no such element: Unable to locate element: {\"method\":\"xpath\",\"selector\":\"//*[contains(text(), 'new_card')]\"}\n  (Session info: chrome=131.0.6778.139); For documentation on this error, please visit: https://www.selenium.dev/documentation/webdriver/troubleshooting/errors#no-such-element-exception\nStacktrace:\n#0 0x564ef32cc31a <unknown>\n#1 0x564ef2de26e0 <unknown>\n#2 0x564ef2e313e6 <unknown>\n#3 0x564ef2e31681 <unknown>\n#4 0x564ef2e76b04 <unknown>\n#5 0x564ef2e5548d <unknown>\n#6 0x564ef2e73ed7 <unknown>\n#7 0x564ef2e55203 <unknown>\n#8 0x564ef2e23cc0 <unknown>\n#9 0x564ef2e24c9e <unknown>\n#10 0x564ef3299d0b <unknown>\n#11 0x564ef329dc92 <unknown>\n#12 0x564ef3286b3c <unknown>\n#13 0x564ef329e807 <unknown>\n#14 0x564ef326c0df <unknown>\n#15 0x564ef32bb578 <unknown>\n#16 0x564ef32bb740 <unknown>\n#17 0x564ef32cb196 <unknown>\n#18 0x7fd438c94ac3 <unknown>","time":{"start":1733889882357,"stop":1733889912076,"duration":29719}},{"uid":"f71a3d68a7173f38","status":"broken","statusDetails":"selenium.common.exceptions.NoSuchElementException: Message: no such element: Unable to locate element: {\"method\":\"xpath\",\"selector\":\"//*[contains(text(), 'new_card')]\"}\n  (Session info: chrome=131.0.6778.139); For documentation on this error, please visit: https://www.selenium.dev/documentation/webdriver/troubleshooting/errors#no-such-element-exception\nStacktrace:\n#0 0x55a402bbd31a <unknown>\n#1 0x55a4026d36e0 <unknown>\n#2 0x55a4027223e6 <unknown>\n#3 0x55a402722681 <unknown>\n#4 0x55a402767b04 <unknown>\n#5 0x55a40274648d <unknown>\n#6 0x55a402764ed7 <unknown>\n#7 0x55a402746203 <unknown>\n#8 0x55a402714cc0 <unknown>\n#9 0x55a402715c9e <unknown>\n#10 0x55a402b8ad0b <unknown>\n#11 0x55a402b8ec92 <unknown>\n#12 0x55a402b77b3c <unknown>\n#13 0x55a402b8f807 <unknown>\n#14 0x55a402b5d0df <unknown>\n#15 0x55a402bac578 <unknown>\n#16 0x55a402bac740 <unknown>\n#17 0x55a402bbc196 <unknown>\n#18 0x7f9065294ac3 <unknown>","time":{"start":1733888739225,"stop":1733888768930,"duration":29705}},{"uid":"afbde19d008fd3cf","status":"passed","time":{"start":1733843255435,"stop":1733843285745,"duration":30310}},{"uid":"153cb6770e966dc4","status":"broken","statusDetails":"selenium.common.exceptions.NoSuchElementException: Message: no such element: Unable to locate element: {\"method\":\"xpath\",\"selector\":\"//*[contains(text(), 'new_card')]\"}\n  (Session info: chrome=131.0.6778.108); For documentation on this error, please visit: https://www.selenium.dev/documentation/webdriver/troubleshooting/errors#no-such-element-exception\nStacktrace:\n#0 0x55fb7754931a <unknown>\n#1 0x55fb7705f6e0 <unknown>\n#2 0x55fb770ae3e6 <unknown>\n#3 0x55fb770ae681 <unknown>\n#4 0x55fb770f3b04 <unknown>\n#5 0x55fb770d248d <unknown>\n#6 0x55fb770f0ed7 <unknown>\n#7 0x55fb770d2203 <unknown>\n#8 0x55fb770a0cc0 <unknown>\n#9 0x55fb770a1c9e <unknown>\n#10 0x55fb77516d0b <unknown>\n#11 0x55fb7751ac92 <unknown>\n#12 0x55fb77503b3c <unknown>\n#13 0x55fb7751b807 <unknown>\n#14 0x55fb774e90df <unknown>\n#15 0x55fb77538578 <unknown>\n#16 0x55fb77538740 <unknown>\n#17 0x55fb77548196 <unknown>\n#18 0x7f6ef7a94ac3 <unknown>","time":{"start":1733842751382,"stop":1733842781058,"duration":29676}},{"uid":"27fbf6620d5e5dc2","status":"broken","statusDetails":"selenium.common.exceptions.NoSuchElementException: Message: no such element: Unable to locate element: {\"method\":\"xpath\",\"selector\":\"//*[contains(text(), 'new_card')]\"}\n  (Session info: chrome=131.0.6778.108); For documentation on this error, please visit: https://www.selenium.dev/documentation/webdriver/troubleshooting/errors#no-such-element-exception\nStacktrace:\n#0 0x556a1c6f631a <unknown>\n#1 0x556a1c20c6e0 <unknown>\n#2 0x556a1c25b3e6 <unknown>\n#3 0x556a1c25b681 <unknown>\n#4 0x556a1c2a0b04 <unknown>\n#5 0x556a1c27f48d <unknown>\n#6 0x556a1c29ded7 <unknown>\n#7 0x556a1c27f203 <unknown>\n#8 0x556a1c24dcc0 <unknown>\n#9 0x556a1c24ec9e <unknown>\n#10 0x556a1c6c3d0b <unknown>\n#11 0x556a1c6c7c92 <unknown>\n#12 0x556a1c6b0b3c <unknown>\n#13 0x556a1c6c8807 <unknown>\n#14 0x556a1c6960df <unknown>\n#15 0x556a1c6e5578 <unknown>\n#16 0x556a1c6e5740 <unknown>\n#17 0x556a1c6f5196 <unknown>\n#18 0x7f8446294ac3 <unknown>","time":{"start":1733841904840,"stop":1733841934419,"duration":29579}},{"uid":"cdc6f2925d2ba893","status":"passed","time":{"start":1733840293211,"stop":1733840323583,"duration":30372}},{"uid":"3ed9750ecea9ccea","status":"passed","time":{"start":1733797232787,"stop":1733797260652,"duration":27865}},{"uid":"6ca9049d3fd96655","status":"passed","time":{"start":1733586114242,"stop":1733586142109,"duration":27867}},{"uid":"9eac1f43fcda4f08","status":"passed","time":{"start":1733548565202,"stop":1733548593173,"duration":27971}},{"uid":"c26c622a843b3188","status":"passed","time":{"start":1733548321762,"stop":1733548349635,"duration":27873}},{"uid":"2ff1c5e8894a3f34","status":"passed","time":{"start":1733547892289,"stop":1733547920692,"duration":28403}}]},"tags":["TC005","TC000"]},"source":"bea2e597fe4c4073.json","parameterValues":[]}