{"uid":"c026bea1d2bbaad0","name":"Search functionality","fullName":"tests.regression_ui.test_ui_regression.TestUIRegression#test_search_board","historyId":"766b65706e8d60f73b889e81b955260d","time":{"start":1742386713649,"stop":1742386729279,"duration":15630},"status":"broken","statusMessage":"selenium.common.exceptions.TimeoutException: Message: \nStacktrace:\n#0 0x556d8764f46a <unknown>\n#1 0x556d87108ed0 <unknown>\n#2 0x556d8715a935 <unknown>\n#3 0x556d8715ab61 <unknown>\n#4 0x556d871a99d4 <unknown>\n#5 0x556d8718088d <unknown>\n#6 0x556d871a6ceb <unknown>\n#7 0x556d87180633 <unknown>\n#8 0x556d8714c1be <unknown>\n#9 0x556d8714d981 <unknown>\n#10 0x556d8761586b <unknown>\n#11 0x556d8761973c <unknown>\n#12 0x556d875fcf12 <unknown>\n#13 0x556d8761a2b4 <unknown>\n#14 0x556d875e10af <unknown>\n#15 0x556d8763dad8 <unknown>\n#16 0x556d8763dcb6 <unknown>\n#17 0x556d8764e2e6 <unknown>\n#18 0x7f0a9aa9caa4 <unknown>\n#19 0x7f0a9ab29c3c <unknown>","statusTrace":"self = <tests.regression_ui.test_ui_regression.TestUIRegression object at 0x7f4c424a6b40>\ndriver = <selenium.webdriver.chrome.webdriver.WebDriver (session=\"c5ec33f6c2ea6afa746f9e5a19769d7f\")>\n\n    @pytest.mark.TC000\n    @pytest.mark.TC008\n    @allure.title('Search functionality')\n    def test_search_board(self, driver):\n        time.sleep(5)\n        with allure.step('Log in to Trello account'):\n>           self.test_login(driver)\n\ntests/regression_ui/test_ui_regression.py:255: \n_ _ _ _ _ _ _ _ _ _ _ _ _ _ _ _ _ _ _ _ _ _ _ _ _ _ _ _ _ _ _ _ _ _ _ _ _ _ _ _ \ntests/regression_ui/test_ui_regression.py:62: in test_login\n    el_user_name = WebDriverWait(driver, 10).until(EC.element_to_be_clickable(\n_ _ _ _ _ _ _ _ _ _ _ _ _ _ _ _ _ _ _ _ _ _ _ _ _ _ _ _ _ _ _ _ _ _ _ _ _ _ _ _ \n\nself = <selenium.webdriver.support.wait.WebDriverWait (session=\"c5ec33f6c2ea6afa746f9e5a19769d7f\")>\nmethod = <function element_to_be_clickable.<locals>._predicate at 0x7f4c423c36a0>\nmessage = ''\n\n    def until(self, method: Callable[[D], Union[Literal[False], T]], message: str = \"\") -> T:\n        \"\"\"Calls the method provided with the driver as an argument until the \\\n        return value does not evaluate to ``False``.\n    \n        :param method: callable(WebDriver)\n        :param message: optional message for :exc:`TimeoutException`\n        :returns: the result of the last call to `method`\n        :raises: :exc:`selenium.common.exceptions.TimeoutException` if timeout occurs\n        \"\"\"\n        screen = None\n        stacktrace = None\n    \n        end_time = time.monotonic() + self._timeout\n        while True:\n            try:\n                value = method(self._driver)\n                if value:\n                    return value\n            except self._ignored_exceptions as exc:\n                screen = getattr(exc, \"screen\", None)\n                stacktrace = getattr(exc, \"stacktrace\", None)\n            if time.monotonic() > end_time:\n                break\n            time.sleep(self._poll)\n>       raise TimeoutException(message, screen, stacktrace)\nE       selenium.common.exceptions.TimeoutException: Message: \nE       Stacktrace:\nE       #0 0x556d8764f46a <unknown>\nE       #1 0x556d87108ed0 <unknown>\nE       #2 0x556d8715a935 <unknown>\nE       #3 0x556d8715ab61 <unknown>\nE       #4 0x556d871a99d4 <unknown>\nE       #5 0x556d8718088d <unknown>\nE       #6 0x556d871a6ceb <unknown>\nE       #7 0x556d87180633 <unknown>\nE       #8 0x556d8714c1be <unknown>\nE       #9 0x556d8714d981 <unknown>\nE       #10 0x556d8761586b <unknown>\nE       #11 0x556d8761973c <unknown>\nE       #12 0x556d875fcf12 <unknown>\nE       #13 0x556d8761a2b4 <unknown>\nE       #14 0x556d875e10af <unknown>\nE       #15 0x556d8763dad8 <unknown>\nE       #16 0x556d8763dcb6 <unknown>\nE       #17 0x556d8764e2e6 <unknown>\nE       #18 0x7f0a9aa9caa4 <unknown>\nE       #19 0x7f0a9ab29c3c <unknown>\n\n/opt/hostedtoolcache/Python/3.12.5/x64/lib/python3.12/site-packages/selenium/webdriver/support/wait.py:105: TimeoutException","flaky":false,"newFailed":false,"newBroken":false,"newPassed":false,"retriesCount":0,"retriesStatusChange":false,"beforeStages":[{"name":"driver","time":{"start":1742386713327,"stop":1742386713648,"duration":321},"status":"passed","steps":[],"attachments":[],"parameters":[],"shouldDisplayMessage":false,"stepsCount":0,"attachmentsCount":0,"hasContent":false,"attachmentStep":false},{"name":"setup","time":{"start":1742386713648,"stop":1742386713648,"duration":0},"status":"passed","steps":[],"attachments":[],"parameters":[],"shouldDisplayMessage":false,"stepsCount":0,"attachmentsCount":0,"hasContent":false,"attachmentStep":false}],"testStage":{"status":"broken","statusMessage":"selenium.common.exceptions.TimeoutException: Message: \nStacktrace:\n#0 0x556d8764f46a <unknown>\n#1 0x556d87108ed0 <unknown>\n#2 0x556d8715a935 <unknown>\n#3 0x556d8715ab61 <unknown>\n#4 0x556d871a99d4 <unknown>\n#5 0x556d8718088d <unknown>\n#6 0x556d871a6ceb <unknown>\n#7 0x556d87180633 <unknown>\n#8 0x556d8714c1be <unknown>\n#9 0x556d8714d981 <unknown>\n#10 0x556d8761586b <unknown>\n#11 0x556d8761973c <unknown>\n#12 0x556d875fcf12 <unknown>\n#13 0x556d8761a2b4 <unknown>\n#14 0x556d875e10af <unknown>\n#15 0x556d8763dad8 <unknown>\n#16 0x556d8763dcb6 <unknown>\n#17 0x556d8764e2e6 <unknown>\n#18 0x7f0a9aa9caa4 <unknown>\n#19 0x7f0a9ab29c3c <unknown>","statusTrace":"self = <tests.regression_ui.test_ui_regression.TestUIRegression object at 0x7f4c424a6b40>\ndriver = <selenium.webdriver.chrome.webdriver.WebDriver (session=\"c5ec33f6c2ea6afa746f9e5a19769d7f\")>\n\n    @pytest.mark.TC000\n    @pytest.mark.TC008\n    @allure.title('Search functionality')\n    def test_search_board(self, driver):\n        time.sleep(5)\n        with allure.step('Log in to Trello account'):\n>           self.test_login(driver)\n\ntests/regression_ui/test_ui_regression.py:255: \n_ _ _ _ _ _ _ _ _ _ _ _ _ _ _ _ _ _ _ _ _ _ _ _ _ _ _ _ _ _ _ _ _ _ _ _ _ _ _ _ \ntests/regression_ui/test_ui_regression.py:62: in test_login\n    el_user_name = WebDriverWait(driver, 10).until(EC.element_to_be_clickable(\n_ _ _ _ _ _ _ _ _ _ _ _ _ _ _ _ _ _ _ _ _ _ _ _ _ _ _ _ _ _ _ _ _ _ _ _ _ _ _ _ \n\nself = <selenium.webdriver.support.wait.WebDriverWait (session=\"c5ec33f6c2ea6afa746f9e5a19769d7f\")>\nmethod = <function element_to_be_clickable.<locals>._predicate at 0x7f4c423c36a0>\nmessage = ''\n\n    def until(self, method: Callable[[D], Union[Literal[False], T]], message: str = \"\") -> T:\n        \"\"\"Calls the method provided with the driver as an argument until the \\\n        return value does not evaluate to ``False``.\n    \n        :param method: callable(WebDriver)\n        :param message: optional message for :exc:`TimeoutException`\n        :returns: the result of the last call to `method`\n        :raises: :exc:`selenium.common.exceptions.TimeoutException` if timeout occurs\n        \"\"\"\n        screen = None\n        stacktrace = None\n    \n        end_time = time.monotonic() + self._timeout\n        while True:\n            try:\n                value = method(self._driver)\n                if value:\n                    return value\n            except self._ignored_exceptions as exc:\n                screen = getattr(exc, \"screen\", None)\n                stacktrace = getattr(exc, \"stacktrace\", None)\n            if time.monotonic() > end_time:\n                break\n            time.sleep(self._poll)\n>       raise TimeoutException(message, screen, stacktrace)\nE       selenium.common.exceptions.TimeoutException: Message: \nE       Stacktrace:\nE       #0 0x556d8764f46a <unknown>\nE       #1 0x556d87108ed0 <unknown>\nE       #2 0x556d8715a935 <unknown>\nE       #3 0x556d8715ab61 <unknown>\nE       #4 0x556d871a99d4 <unknown>\nE       #5 0x556d8718088d <unknown>\nE       #6 0x556d871a6ceb <unknown>\nE       #7 0x556d87180633 <unknown>\nE       #8 0x556d8714c1be <unknown>\nE       #9 0x556d8714d981 <unknown>\nE       #10 0x556d8761586b <unknown>\nE       #11 0x556d8761973c <unknown>\nE       #12 0x556d875fcf12 <unknown>\nE       #13 0x556d8761a2b4 <unknown>\nE       #14 0x556d875e10af <unknown>\nE       #15 0x556d8763dad8 <unknown>\nE       #16 0x556d8763dcb6 <unknown>\nE       #17 0x556d8764e2e6 <unknown>\nE       #18 0x7f0a9aa9caa4 <unknown>\nE       #19 0x7f0a9ab29c3c <unknown>\n\n/opt/hostedtoolcache/Python/3.12.5/x64/lib/python3.12/site-packages/selenium/webdriver/support/wait.py:105: TimeoutException","steps":[{"name":"Log in to Trello account","time":{"start":1742386718649,"stop":1742386729279,"duration":10630},"status":"broken","statusMessage":"selenium.common.exceptions.TimeoutException: Message: \nStacktrace:\n#0 0x556d8764f46a <unknown>\n#1 0x556d87108ed0 <unknown>\n#2 0x556d8715a935 <unknown>\n#3 0x556d8715ab61 <unknown>\n#4 0x556d871a99d4 <unknown>\n#5 0x556d8718088d <unknown>\n#6 0x556d871a6ceb <unknown>\n#7 0x556d87180633 <unknown>\n#8 0x556d8714c1be <unknown>\n#9 0x556d8714d981 <unknown>\n#10 0x556d8761586b <unknown>\n#11 0x556d8761973c <unknown>\n#12 0x556d875fcf12 <unknown>\n#13 0x556d8761a2b4 <unknown>\n#14 0x556d875e10af <unknown>\n#15 0x556d8763dad8 <unknown>\n#16 0x556d8763dcb6 <unknown>\n#17 0x556d8764e2e6 <unknown>\n#18 0x7f0a9aa9caa4 <unknown>\n#19 0x7f0a9ab29c3c <unknown>\n\n","statusTrace":"  File \"/home/runner/work/pythonSelenium/pythonSelenium/tests/regression_ui/test_ui_regression.py\", line 255, in test_search_board\n    self.test_login(driver)\n  File \"/home/runner/work/pythonSelenium/pythonSelenium/tests/regression_ui/test_ui_regression.py\", line 62, in test_login\n    el_user_name = WebDriverWait(driver, 10).until(EC.element_to_be_clickable(\n                   ^^^^^^^^^^^^^^^^^^^^^^^^^^^^^^^^^^^^^^^^^^^^^^^^^^^^^^^^^^^\n  File \"/opt/hostedtoolcache/Python/3.12.5/x64/lib/python3.12/site-packages/selenium/webdriver/support/wait.py\", line 105, in until\n    raise TimeoutException(message, screen, stacktrace)\n","steps":[{"name":"Navigate to the Trello page and enter valid credentials (email, password, and 6-digits verification code)","time":{"start":1742386718649,"stop":1742386729279,"duration":10630},"status":"broken","statusMessage":"selenium.common.exceptions.TimeoutException: Message: \nStacktrace:\n#0 0x556d8764f46a <unknown>\n#1 0x556d87108ed0 <unknown>\n#2 0x556d8715a935 <unknown>\n#3 0x556d8715ab61 <unknown>\n#4 0x556d871a99d4 <unknown>\n#5 0x556d8718088d <unknown>\n#6 0x556d871a6ceb <unknown>\n#7 0x556d87180633 <unknown>\n#8 0x556d8714c1be <unknown>\n#9 0x556d8714d981 <unknown>\n#10 0x556d8761586b <unknown>\n#11 0x556d8761973c <unknown>\n#12 0x556d875fcf12 <unknown>\n#13 0x556d8761a2b4 <unknown>\n#14 0x556d875e10af <unknown>\n#15 0x556d8763dad8 <unknown>\n#16 0x556d8763dcb6 <unknown>\n#17 0x556d8764e2e6 <unknown>\n#18 0x7f0a9aa9caa4 <unknown>\n#19 0x7f0a9ab29c3c <unknown>\n\n","statusTrace":"  File \"/home/runner/work/pythonSelenium/pythonSelenium/tests/regression_ui/test_ui_regression.py\", line 62, in test_login\n    el_user_name = WebDriverWait(driver, 10).until(EC.element_to_be_clickable(\n                   ^^^^^^^^^^^^^^^^^^^^^^^^^^^^^^^^^^^^^^^^^^^^^^^^^^^^^^^^^^^\n  File \"/opt/hostedtoolcache/Python/3.12.5/x64/lib/python3.12/site-packages/selenium/webdriver/support/wait.py\", line 105, in until\n    raise TimeoutException(message, screen, stacktrace)\n","steps":[],"attachments":[],"parameters":[],"shouldDisplayMessage":true,"stepsCount":0,"attachmentsCount":0,"hasContent":true,"attachmentStep":false}],"attachments":[],"parameters":[],"shouldDisplayMessage":false,"stepsCount":1,"attachmentsCount":0,"hasContent":true,"attachmentStep":false}],"attachments":[],"parameters":[],"shouldDisplayMessage":true,"stepsCount":2,"attachmentsCount":0,"hasContent":true,"attachmentStep":false},"afterStages":[{"name":"driver::0","time":{"start":1742386729293,"stop":1742386729357,"duration":64},"status":"passed","steps":[],"attachments":[],"parameters":[],"shouldDisplayMessage":false,"stepsCount":0,"attachmentsCount":0,"hasContent":false,"attachmentStep":false}],"labels":[{"name":"tag","value":"TC008"},{"name":"tag","value":"TC000"},{"name":"parentSuite","value":"tests.regression_ui"},{"name":"suite","value":"test_ui_regression"},{"name":"subSuite","value":"TestUIRegression"},{"name":"host","value":"fv-az1267-279"},{"name":"thread","value":"4131-MainThread"},{"name":"framework","value":"pytest"},{"name":"language","value":"cpython3"},{"name":"package","value":"tests.regression_ui.test_ui_regression"},{"name":"resultFormat","value":"allure2"}],"parameters":[],"links":[],"hidden":false,"retry":false,"extra":{"severity":"normal","retries":[],"categories":[{"name":"Test defects","matchedStatuses":[]}],"history":{"statistic":{"failed":0,"broken":11,"skipped":0,"passed":519,"unknown":0,"total":530},"items":[{"uid":"85d25914b1fc3f9a","status":"broken","statusDetails":"selenium.common.exceptions.TimeoutException: Message: \nStacktrace:\n#0 0x55e740ae246a <unknown>\n#1 0x55e74059bed0 <unknown>\n#2 0x55e7405ed935 <unknown>\n#3 0x55e7405edb61 <unknown>\n#4 0x55e74063c9d4 <unknown>\n#5 0x55e74061388d <unknown>\n#6 0x55e740639ceb <unknown>\n#7 0x55e740613633 <unknown>\n#8 0x55e7405df1be <unknown>\n#9 0x55e7405e0981 <unknown>\n#10 0x55e740aa886b <unknown>\n#11 0x55e740aac73c <unknown>\n#12 0x55e740a8ff12 <unknown>\n#13 0x55e740aad2b4 <unknown>\n#14 0x55e740a740af <unknown>\n#15 0x55e740ad0ad8 <unknown>\n#16 0x55e740ad0cb6 <unknown>\n#17 0x55e740ae12e6 <unknown>\n#18 0x7f041389caa4 <unknown>\n#19 0x7f0413929c3c <unknown>","time":{"start":1742375599371,"stop":1742375621092,"duration":21721}},{"uid":"7978142ff6bef47e","status":"passed","time":{"start":1742365040655,"stop":1742365059750,"duration":19095}},{"uid":"189577426b22d252","status":"passed","time":{"start":1742354778932,"stop":1742354797913,"duration":18981}},{"uid":"c756d931c0a7028a","status":"passed","time":{"start":1742345247435,"stop":1742345261546,"duration":14111}},{"uid":"316d79046245b4aa","status":"broken","statusDetails":"selenium.common.exceptions.TimeoutException: Message: \nStacktrace:\n#0 0x55c3e12e246a <unknown>\n#1 0x55c3e0d9bed0 <unknown>\n#2 0x55c3e0ded935 <unknown>\n#3 0x55c3e0dedb61 <unknown>\n#4 0x55c3e0e3c9d4 <unknown>\n#5 0x55c3e0e1388d <unknown>\n#6 0x55c3e0e39ceb <unknown>\n#7 0x55c3e0e13633 <unknown>\n#8 0x55c3e0ddf1be <unknown>\n#9 0x55c3e0de0981 <unknown>\n#10 0x55c3e12a886b <unknown>\n#11 0x55c3e12ac73c <unknown>\n#12 0x55c3e128ff12 <unknown>\n#13 0x55c3e12ad2b4 <unknown>\n#14 0x55c3e12740af <unknown>\n#15 0x55c3e12d0ad8 <unknown>\n#16 0x55c3e12d0cb6 <unknown>\n#17 0x55c3e12e12e6 <unknown>\n#18 0x7f1e4a89caa4 <unknown>\n#19 0x7f1e4a929c3c <unknown>","time":{"start":1742332340569,"stop":1742332362282,"duration":21713}},{"uid":"63d70b317afe6777","status":"passed","time":{"start":1742321749394,"stop":1742321769619,"duration":20225}},{"uid":"112b56b543ebffc9","status":"broken","statusDetails":"selenium.common.exceptions.TimeoutException: Message: \nStacktrace:\n#0 0x561768a6446a <unknown>\n#1 0x56176851ded0 <unknown>\n#2 0x56176856f935 <unknown>\n#3 0x56176856fb61 <unknown>\n#4 0x5617685be9d4 <unknown>\n#5 0x56176859588d <unknown>\n#6 0x5617685bbceb <unknown>\n#7 0x561768595633 <unknown>\n#8 0x5617685611be <unknown>\n#9 0x561768562981 <unknown>\n#10 0x561768a2a86b <unknown>\n#11 0x561768a2e73c <unknown>\n#12 0x561768a11f12 <unknown>\n#13 0x561768a2f2b4 <unknown>\n#14 0x5617689f60af <unknown>\n#15 0x561768a52ad8 <unknown>\n#16 0x561768a52cb6 <unknown>\n#17 0x561768a632e6 <unknown>\n#18 0x7f7163e9caa4 <unknown>\n#19 0x7f7163f29c3c <unknown>","time":{"start":1742310795916,"stop":1742310817109,"duration":21193}},{"uid":"3295644d9f6614d7","status":"passed","time":{"start":1742300446727,"stop":1742300466396,"duration":19669}},{"uid":"7c46b7938a779cec","status":"passed","time":{"start":1742289277677,"stop":1742289291819,"duration":14142}},{"uid":"9f2f574e8499958f","status":"passed","time":{"start":1742278580057,"stop":1742278598938,"duration":18881}},{"uid":"3f65b5fe3efaadb3","status":"passed","time":{"start":1742268375968,"stop":1742268400405,"duration":24437}},{"uid":"1c95dc88fa55413e","status":"passed","time":{"start":1742258720743,"stop":1742258740346,"duration":19603}},{"uid":"45b1b686ca18730c","status":"passed","time":{"start":1742245910544,"stop":1742245930019,"duration":19475}},{"uid":"39c14af7e7d85fb9","status":"passed","time":{"start":1742235347419,"stop":1742235366381,"duration":18962}},{"uid":"a2fda6d57e5c0af4","status":"passed","time":{"start":1742224367474,"stop":1742224386544,"duration":19070}},{"uid":"b7706273f067e4ed","status":"passed","time":{"start":1742214226470,"stop":1742214251013,"duration":24543}},{"uid":"f2a77ca5a84376cf","status":"passed","time":{"start":1742202857592,"stop":1742202877306,"duration":19714}},{"uid":"be9aeef428763846","status":"passed","time":{"start":1742192207848,"stop":1742192226955,"duration":19107}},{"uid":"2b2b6d240dc2cf0f","status":"broken","statusDetails":"selenium.common.exceptions.TimeoutException: Message: \nStacktrace:\n#0 0x55c0485f146a <unknown>\n#1 0x55c0480aaed0 <unknown>\n#2 0x55c0480fc935 <unknown>\n#3 0x55c0480fcb61 <unknown>\n#4 0x55c04814b9d4 <unknown>\n#5 0x55c04812288d <unknown>\n#6 0x55c048148ceb <unknown>\n#7 0x55c048122633 <unknown>\n#8 0x55c0480ee1be <unknown>\n#9 0x55c0480ef981 <unknown>\n#10 0x55c0485b786b <unknown>\n#11 0x55c0485bb73c <unknown>\n#12 0x55c04859ef12 <unknown>\n#13 0x55c0485bc2b4 <unknown>\n#14 0x55c0485830af <unknown>\n#15 0x55c0485dfad8 <unknown>\n#16 0x55c0485dfcb6 <unknown>\n#17 0x55c0485f02e6 <unknown>\n#18 0x7f3c8d49caa4 <unknown>\n#19 0x7f3c8d529c3c <unknown>","time":{"start":1742181954042,"stop":1742181969631,"duration":15589}},{"uid":"599a251795965600","status":"passed","time":{"start":1742172499499,"stop":1742172518557,"duration":19058}}]},"tags":["TC008","TC000"]},"source":"c026bea1d2bbaad0.json","parameterValues":[]}