{"uid":"c10e3a30c836ed5d","name":"Archive a card","fullName":"tests.regression_ui.test_ui_regression.TestUIRegression#test_archive_card","historyId":"4151bed777d70c35651f4626d00b86b5","time":{"start":1742441031933,"stop":1742441073119,"duration":41186},"status":"broken","statusMessage":"selenium.common.exceptions.NoSuchElementException: Message: no such element: Unable to locate element: {\"method\":\"xpath\",\"selector\":\"//*[contains(text(), 'new_card')]\"}\n  (Session info: chrome=134.0.6998.117); For documentation on this error, please visit: https://www.selenium.dev/documentation/webdriver/troubleshooting/errors#no-such-element-exception\nStacktrace:\n#0 0x56511f95fa1a <unknown>\n#1 0x56511f417390 <unknown>\n#2 0x56511f468c85 <unknown>\n#3 0x56511f468eb1 <unknown>\n#4 0x56511f4b7d64 <unknown>\n#5 0x56511f48ebfd <unknown>\n#6 0x56511f4b507b <unknown>\n#7 0x56511f48e9a3 <unknown>\n#8 0x56511f45a60e <unknown>\n#9 0x56511f45bdd1 <unknown>\n#10 0x56511f925ddb <unknown>\n#11 0x56511f929cbc <unknown>\n#12 0x56511f90d392 <unknown>\n#13 0x56511f92a834 <unknown>\n#14 0x56511f8f11ef <unknown>\n#15 0x56511f94e038 <unknown>\n#16 0x56511f94e216 <unknown>\n#17 0x56511f95e896 <unknown>\n#18 0x7f8ff1c9caa4 <unknown>\n#19 0x7f8ff1d29c3c <unknown>","statusTrace":"self = <tests.regression_ui.test_ui_regression.TestUIRegression object at 0x7fecb6c72690>\ndriver = <selenium.webdriver.chrome.webdriver.WebDriver (session=\"2b7ee2d3cc1d31c6d1581003e620525d\")>\n\n    @pytest.mark.TC000\n    @pytest.mark.TC006\n    @allure.title('Archive a card')\n    def test_archive_card(self, driver):\n        time.sleep(5)\n        with allure.step('Log in to Trello account'):\n            self.test_login(driver)\n    \n        with allure.step('Open a board and select a card'):\n            try:\n                WebDriverWait(driver, 30).until(EC.element_to_be_clickable((By.XPATH, self.SCC.Board.BOARD_TITLE))).click()\n                WebDriverWait(driver, 10).until(EC.visibility_of_element_located((By.XPATH, self.SCC.Board.LIST_TITLE))).click()\n                driver.find_element(By.XPATH, self.SCC.List.ADD_A_CARD_BUTTON).click()\n                driver.find_element(By.XPATH, self.SCC.List.CARD_NAME_FIELD).click()\n                time.sleep(1)\n                driver.find_element(By.XPATH, self.SCC.List.CARD_NAME_FIELD).send_keys('new_card')\n                driver.find_element(By.XPATH, self.SCC.List.ADD_CARD_SUBMIT_BUTTOMN).click()\n                time.sleep(2)\n            except Exception as e:\n                log.info(\"An error occurred: \", str(e))\n    \n        with allure.step('Click the card to open and archive it'):\n>           driver.find_element(By.XPATH, self.SCC.List.CARD_TO_ARCHIVE).click()\n\ntests/regression_ui/test_ui_regression.py:206: \n_ _ _ _ _ _ _ _ _ _ _ _ _ _ _ _ _ _ _ _ _ _ _ _ _ _ _ _ _ _ _ _ _ _ _ _ _ _ _ _ \n/opt/hostedtoolcache/Python/3.12.5/x64/lib/python3.12/site-packages/selenium/webdriver/remote/webdriver.py:770: in find_element\n    return self.execute(Command.FIND_ELEMENT, {\"using\": by, \"value\": value})[\"value\"]\n/opt/hostedtoolcache/Python/3.12.5/x64/lib/python3.12/site-packages/selenium/webdriver/remote/webdriver.py:384: in execute\n    self.error_handler.check_response(response)\n_ _ _ _ _ _ _ _ _ _ _ _ _ _ _ _ _ _ _ _ _ _ _ _ _ _ _ _ _ _ _ _ _ _ _ _ _ _ _ _ \n\nself = <selenium.webdriver.remote.errorhandler.ErrorHandler object at 0x7fecb6cc8fb0>\nresponse = {'status': 404, 'value': '{\"value\":{\"error\":\"no such element\",\"message\":\"no such element: Unable to locate element: {\\...\\\\n#17 0x56511f95e896 \\\\u003Cunknown>\\\\n#18 0x7f8ff1c9caa4 \\\\u003Cunknown>\\\\n#19 0x7f8ff1d29c3c \\\\u003Cunknown>\\\\n\"}}'}\n\n    def check_response(self, response: Dict[str, Any]) -> None:\n        \"\"\"Checks that a JSON response from the WebDriver does not have an\n        error.\n    \n        :Args:\n         - response - The JSON response from the WebDriver server as a dictionary\n           object.\n    \n        :Raises: If the response contains an error message.\n        \"\"\"\n        status = response.get(\"status\", None)\n        if not status or status == ErrorCode.SUCCESS:\n            return\n        value = None\n        message = response.get(\"message\", \"\")\n        screen: str = response.get(\"screen\", \"\")\n        stacktrace = None\n        if isinstance(status, int):\n            value_json = response.get(\"value\", None)\n            if value_json and isinstance(value_json, str):\n                import json\n    \n                try:\n                    value = json.loads(value_json)\n                    if len(value) == 1:\n                        value = value[\"value\"]\n                    status = value.get(\"error\", None)\n                    if not status:\n                        status = value.get(\"status\", ErrorCode.UNKNOWN_ERROR)\n                        message = value.get(\"value\") or value.get(\"message\")\n                        if not isinstance(message, str):\n                            value = message\n                            message = message.get(\"message\")\n                    else:\n                        message = value.get(\"message\", None)\n                except ValueError:\n                    pass\n    \n        exception_class: Type[WebDriverException]\n        e = ErrorCode()\n        error_codes = [item for item in dir(e) if not item.startswith(\"__\")]\n        for error_code in error_codes:\n            error_info = getattr(ErrorCode, error_code)\n            if isinstance(error_info, list) and status in error_info:\n                exception_class = getattr(ExceptionMapping, error_code, WebDriverException)\n                break\n        else:\n            exception_class = WebDriverException\n    \n        if not value:\n            value = response[\"value\"]\n        if isinstance(value, str):\n            raise exception_class(value)\n        if message == \"\" and \"message\" in value:\n            message = value[\"message\"]\n    \n        screen = None  # type: ignore[assignment]\n        if \"screen\" in value:\n            screen = value[\"screen\"]\n    \n        stacktrace = None\n        st_value = value.get(\"stackTrace\") or value.get(\"stacktrace\")\n        if st_value:\n            if isinstance(st_value, str):\n                stacktrace = st_value.split(\"\\n\")\n            else:\n                stacktrace = []\n                try:\n                    for frame in st_value:\n                        line = frame.get(\"lineNumber\", \"\")\n                        file = frame.get(\"fileName\", \"<anonymous>\")\n                        if line:\n                            file = f\"{file}:{line}\"\n                        meth = frame.get(\"methodName\", \"<anonymous>\")\n                        if \"className\" in frame:\n                            meth = f\"{frame['className']}.{meth}\"\n                        msg = \"    at %s (%s)\"\n                        msg = msg % (meth, file)\n                        stacktrace.append(msg)\n                except TypeError:\n                    pass\n        if exception_class == UnexpectedAlertPresentException:\n            alert_text = None\n            if \"data\" in value:\n                alert_text = value[\"data\"].get(\"text\")\n            elif \"alert\" in value:\n                alert_text = value[\"alert\"].get(\"text\")\n            raise exception_class(message, screen, stacktrace, alert_text)  # type: ignore[call-arg]  # mypy is not smart enough here\n>       raise exception_class(message, screen, stacktrace)\nE       selenium.common.exceptions.NoSuchElementException: Message: no such element: Unable to locate element: {\"method\":\"xpath\",\"selector\":\"//*[contains(text(), 'new_card')]\"}\nE         (Session info: chrome=134.0.6998.117); For documentation on this error, please visit: https://www.selenium.dev/documentation/webdriver/troubleshooting/errors#no-such-element-exception\nE       Stacktrace:\nE       #0 0x56511f95fa1a <unknown>\nE       #1 0x56511f417390 <unknown>\nE       #2 0x56511f468c85 <unknown>\nE       #3 0x56511f468eb1 <unknown>\nE       #4 0x56511f4b7d64 <unknown>\nE       #5 0x56511f48ebfd <unknown>\nE       #6 0x56511f4b507b <unknown>\nE       #7 0x56511f48e9a3 <unknown>\nE       #8 0x56511f45a60e <unknown>\nE       #9 0x56511f45bdd1 <unknown>\nE       #10 0x56511f925ddb <unknown>\nE       #11 0x56511f929cbc <unknown>\nE       #12 0x56511f90d392 <unknown>\nE       #13 0x56511f92a834 <unknown>\nE       #14 0x56511f8f11ef <unknown>\nE       #15 0x56511f94e038 <unknown>\nE       #16 0x56511f94e216 <unknown>\nE       #17 0x56511f95e896 <unknown>\nE       #18 0x7f8ff1c9caa4 <unknown>\nE       #19 0x7f8ff1d29c3c <unknown>\n\n/opt/hostedtoolcache/Python/3.12.5/x64/lib/python3.12/site-packages/selenium/webdriver/remote/errorhandler.py:232: NoSuchElementException","flaky":true,"newFailed":false,"newBroken":true,"newPassed":false,"retriesCount":0,"retriesStatusChange":false,"beforeStages":[{"name":"driver","time":{"start":1742441031616,"stop":1742441031933,"duration":317},"status":"passed","steps":[],"attachments":[],"parameters":[],"shouldDisplayMessage":false,"stepsCount":0,"attachmentsCount":0,"hasContent":false,"attachmentStep":false},{"name":"setup","time":{"start":1742441031933,"stop":1742441031933,"duration":0},"status":"passed","steps":[],"attachments":[],"parameters":[],"shouldDisplayMessage":false,"stepsCount":0,"attachmentsCount":0,"hasContent":false,"attachmentStep":false}],"testStage":{"status":"broken","statusMessage":"selenium.common.exceptions.NoSuchElementException: Message: no such element: Unable to locate element: {\"method\":\"xpath\",\"selector\":\"//*[contains(text(), 'new_card')]\"}\n  (Session info: chrome=134.0.6998.117); For documentation on this error, please visit: https://www.selenium.dev/documentation/webdriver/troubleshooting/errors#no-such-element-exception\nStacktrace:\n#0 0x56511f95fa1a <unknown>\n#1 0x56511f417390 <unknown>\n#2 0x56511f468c85 <unknown>\n#3 0x56511f468eb1 <unknown>\n#4 0x56511f4b7d64 <unknown>\n#5 0x56511f48ebfd <unknown>\n#6 0x56511f4b507b <unknown>\n#7 0x56511f48e9a3 <unknown>\n#8 0x56511f45a60e <unknown>\n#9 0x56511f45bdd1 <unknown>\n#10 0x56511f925ddb <unknown>\n#11 0x56511f929cbc <unknown>\n#12 0x56511f90d392 <unknown>\n#13 0x56511f92a834 <unknown>\n#14 0x56511f8f11ef <unknown>\n#15 0x56511f94e038 <unknown>\n#16 0x56511f94e216 <unknown>\n#17 0x56511f95e896 <unknown>\n#18 0x7f8ff1c9caa4 <unknown>\n#19 0x7f8ff1d29c3c <unknown>","statusTrace":"self = <tests.regression_ui.test_ui_regression.TestUIRegression object at 0x7fecb6c72690>\ndriver = <selenium.webdriver.chrome.webdriver.WebDriver (session=\"2b7ee2d3cc1d31c6d1581003e620525d\")>\n\n    @pytest.mark.TC000\n    @pytest.mark.TC006\n    @allure.title('Archive a card')\n    def test_archive_card(self, driver):\n        time.sleep(5)\n        with allure.step('Log in to Trello account'):\n            self.test_login(driver)\n    \n        with allure.step('Open a board and select a card'):\n            try:\n                WebDriverWait(driver, 30).until(EC.element_to_be_clickable((By.XPATH, self.SCC.Board.BOARD_TITLE))).click()\n                WebDriverWait(driver, 10).until(EC.visibility_of_element_located((By.XPATH, self.SCC.Board.LIST_TITLE))).click()\n                driver.find_element(By.XPATH, self.SCC.List.ADD_A_CARD_BUTTON).click()\n                driver.find_element(By.XPATH, self.SCC.List.CARD_NAME_FIELD).click()\n                time.sleep(1)\n                driver.find_element(By.XPATH, self.SCC.List.CARD_NAME_FIELD).send_keys('new_card')\n                driver.find_element(By.XPATH, self.SCC.List.ADD_CARD_SUBMIT_BUTTOMN).click()\n                time.sleep(2)\n            except Exception as e:\n                log.info(\"An error occurred: \", str(e))\n    \n        with allure.step('Click the card to open and archive it'):\n>           driver.find_element(By.XPATH, self.SCC.List.CARD_TO_ARCHIVE).click()\n\ntests/regression_ui/test_ui_regression.py:206: \n_ _ _ _ _ _ _ _ _ _ _ _ _ _ _ _ _ _ _ _ _ _ _ _ _ _ _ _ _ _ _ _ _ _ _ _ _ _ _ _ \n/opt/hostedtoolcache/Python/3.12.5/x64/lib/python3.12/site-packages/selenium/webdriver/remote/webdriver.py:770: in find_element\n    return self.execute(Command.FIND_ELEMENT, {\"using\": by, \"value\": value})[\"value\"]\n/opt/hostedtoolcache/Python/3.12.5/x64/lib/python3.12/site-packages/selenium/webdriver/remote/webdriver.py:384: in execute\n    self.error_handler.check_response(response)\n_ _ _ _ _ _ _ _ _ _ _ _ _ _ _ _ _ _ _ _ _ _ _ _ _ _ _ _ _ _ _ _ _ _ _ _ _ _ _ _ \n\nself = <selenium.webdriver.remote.errorhandler.ErrorHandler object at 0x7fecb6cc8fb0>\nresponse = {'status': 404, 'value': '{\"value\":{\"error\":\"no such element\",\"message\":\"no such element: Unable to locate element: {\\...\\\\n#17 0x56511f95e896 \\\\u003Cunknown>\\\\n#18 0x7f8ff1c9caa4 \\\\u003Cunknown>\\\\n#19 0x7f8ff1d29c3c \\\\u003Cunknown>\\\\n\"}}'}\n\n    def check_response(self, response: Dict[str, Any]) -> None:\n        \"\"\"Checks that a JSON response from the WebDriver does not have an\n        error.\n    \n        :Args:\n         - response - The JSON response from the WebDriver server as a dictionary\n           object.\n    \n        :Raises: If the response contains an error message.\n        \"\"\"\n        status = response.get(\"status\", None)\n        if not status or status == ErrorCode.SUCCESS:\n            return\n        value = None\n        message = response.get(\"message\", \"\")\n        screen: str = response.get(\"screen\", \"\")\n        stacktrace = None\n        if isinstance(status, int):\n            value_json = response.get(\"value\", None)\n            if value_json and isinstance(value_json, str):\n                import json\n    \n                try:\n                    value = json.loads(value_json)\n                    if len(value) == 1:\n                        value = value[\"value\"]\n                    status = value.get(\"error\", None)\n                    if not status:\n                        status = value.get(\"status\", ErrorCode.UNKNOWN_ERROR)\n                        message = value.get(\"value\") or value.get(\"message\")\n                        if not isinstance(message, str):\n                            value = message\n                            message = message.get(\"message\")\n                    else:\n                        message = value.get(\"message\", None)\n                except ValueError:\n                    pass\n    \n        exception_class: Type[WebDriverException]\n        e = ErrorCode()\n        error_codes = [item for item in dir(e) if not item.startswith(\"__\")]\n        for error_code in error_codes:\n            error_info = getattr(ErrorCode, error_code)\n            if isinstance(error_info, list) and status in error_info:\n                exception_class = getattr(ExceptionMapping, error_code, WebDriverException)\n                break\n        else:\n            exception_class = WebDriverException\n    \n        if not value:\n            value = response[\"value\"]\n        if isinstance(value, str):\n            raise exception_class(value)\n        if message == \"\" and \"message\" in value:\n            message = value[\"message\"]\n    \n        screen = None  # type: ignore[assignment]\n        if \"screen\" in value:\n            screen = value[\"screen\"]\n    \n        stacktrace = None\n        st_value = value.get(\"stackTrace\") or value.get(\"stacktrace\")\n        if st_value:\n            if isinstance(st_value, str):\n                stacktrace = st_value.split(\"\\n\")\n            else:\n                stacktrace = []\n                try:\n                    for frame in st_value:\n                        line = frame.get(\"lineNumber\", \"\")\n                        file = frame.get(\"fileName\", \"<anonymous>\")\n                        if line:\n                            file = f\"{file}:{line}\"\n                        meth = frame.get(\"methodName\", \"<anonymous>\")\n                        if \"className\" in frame:\n                            meth = f\"{frame['className']}.{meth}\"\n                        msg = \"    at %s (%s)\"\n                        msg = msg % (meth, file)\n                        stacktrace.append(msg)\n                except TypeError:\n                    pass\n        if exception_class == UnexpectedAlertPresentException:\n            alert_text = None\n            if \"data\" in value:\n                alert_text = value[\"data\"].get(\"text\")\n            elif \"alert\" in value:\n                alert_text = value[\"alert\"].get(\"text\")\n            raise exception_class(message, screen, stacktrace, alert_text)  # type: ignore[call-arg]  # mypy is not smart enough here\n>       raise exception_class(message, screen, stacktrace)\nE       selenium.common.exceptions.NoSuchElementException: Message: no such element: Unable to locate element: {\"method\":\"xpath\",\"selector\":\"//*[contains(text(), 'new_card')]\"}\nE         (Session info: chrome=134.0.6998.117); For documentation on this error, please visit: https://www.selenium.dev/documentation/webdriver/troubleshooting/errors#no-such-element-exception\nE       Stacktrace:\nE       #0 0x56511f95fa1a <unknown>\nE       #1 0x56511f417390 <unknown>\nE       #2 0x56511f468c85 <unknown>\nE       #3 0x56511f468eb1 <unknown>\nE       #4 0x56511f4b7d64 <unknown>\nE       #5 0x56511f48ebfd <unknown>\nE       #6 0x56511f4b507b <unknown>\nE       #7 0x56511f48e9a3 <unknown>\nE       #8 0x56511f45a60e <unknown>\nE       #9 0x56511f45bdd1 <unknown>\nE       #10 0x56511f925ddb <unknown>\nE       #11 0x56511f929cbc <unknown>\nE       #12 0x56511f90d392 <unknown>\nE       #13 0x56511f92a834 <unknown>\nE       #14 0x56511f8f11ef <unknown>\nE       #15 0x56511f94e038 <unknown>\nE       #16 0x56511f94e216 <unknown>\nE       #17 0x56511f95e896 <unknown>\nE       #18 0x7f8ff1c9caa4 <unknown>\nE       #19 0x7f8ff1d29c3c <unknown>\n\n/opt/hostedtoolcache/Python/3.12.5/x64/lib/python3.12/site-packages/selenium/webdriver/remote/errorhandler.py:232: NoSuchElementException","steps":[{"name":"Log in to Trello account","time":{"start":1742441036934,"stop":1742441042839,"duration":5905},"status":"passed","steps":[{"name":"Navigate to the Trello page and enter valid credentials (email, password, and 6-digits verification code)","time":{"start":1742441036934,"stop":1742441042839,"duration":5905},"status":"passed","steps":[],"attachments":[],"parameters":[],"shouldDisplayMessage":false,"stepsCount":0,"attachmentsCount":0,"hasContent":false,"attachmentStep":false}],"attachments":[],"parameters":[],"shouldDisplayMessage":false,"stepsCount":1,"attachmentsCount":0,"hasContent":true,"attachmentStep":false},{"name":"Open a board and select a card","time":{"start":1742441042839,"stop":1742441073103,"duration":30264},"status":"passed","steps":[],"attachments":[],"parameters":[],"shouldDisplayMessage":false,"stepsCount":0,"attachmentsCount":0,"hasContent":false,"attachmentStep":false},{"name":"Click the card to open and archive it","time":{"start":1742441073103,"stop":1742441073118,"duration":15},"status":"broken","statusMessage":"selenium.common.exceptions.NoSuchElementException: Message: no such element: Unable to locate element: {\"method\":\"xpath\",\"selector\":\"//*[contains(text(), 'new_card')]\"}\n  (Session info: chrome=134.0.6998.117); For documentation on this error, please visit: https://www.selenium.dev/documentation/webdriver/troubleshooting/errors#no-such-element-exception\nStacktrace:\n#0 0x56511f95fa1a <unknown>\n#1 0x56511f417390 <unknown>\n#2 0x56511f468c85 <unknown>\n#3 0x56511f468eb1 <unknown>\n#4 0x56511f4b7d64 <unknown>\n#5 0x56511f48ebfd <unknown>\n#6 0x56511f4b507b <unknown>\n#7 0x56511f48e9a3 <unknown>\n#8 0x56511f45a60e <unknown>\n#9 0x56511f45bdd1 <unknown>\n#10 0x56511f925ddb <unknown>\n#11 0x56511f929cbc <unknown>\n#12 0x56511f90d392 <unknown>\n#13 0x56511f92a834 <unknown>\n#14 0x56511f8f11ef <unknown>\n#15 0x56511f94e038 <unknown>\n#16 0x56511f94e216 <unknown>\n#17 0x56511f95e896 <unknown>\n#18 0x7f8ff1c9caa4 <unknown>\n#19 0x7f8ff1d29c3c <unknown>\n\n","statusTrace":"  File \"/home/runner/work/pythonSelenium/pythonSelenium/tests/regression_ui/test_ui_regression.py\", line 206, in test_archive_card\n    driver.find_element(By.XPATH, self.SCC.List.CARD_TO_ARCHIVE).click()\n    ^^^^^^^^^^^^^^^^^^^^^^^^^^^^^^^^^^^^^^^^^^^^^^^^^^^^^^^^^^^^\n  File \"/opt/hostedtoolcache/Python/3.12.5/x64/lib/python3.12/site-packages/selenium/webdriver/remote/webdriver.py\", line 770, in find_element\n    return self.execute(Command.FIND_ELEMENT, {\"using\": by, \"value\": value})[\"value\"]\n           ^^^^^^^^^^^^^^^^^^^^^^^^^^^^^^^^^^^^^^^^^^^^^^^^^^^^^^^^^^^^^^^^^\n  File \"/opt/hostedtoolcache/Python/3.12.5/x64/lib/python3.12/site-packages/selenium/webdriver/remote/webdriver.py\", line 384, in execute\n    self.error_handler.check_response(response)\n  File \"/opt/hostedtoolcache/Python/3.12.5/x64/lib/python3.12/site-packages/selenium/webdriver/remote/errorhandler.py\", line 232, in check_response\n    raise exception_class(message, screen, stacktrace)\n","steps":[],"attachments":[],"parameters":[],"shouldDisplayMessage":true,"stepsCount":0,"attachmentsCount":0,"hasContent":true,"attachmentStep":false}],"attachments":[],"parameters":[],"shouldDisplayMessage":true,"stepsCount":4,"attachmentsCount":0,"hasContent":true,"attachmentStep":false},"afterStages":[{"name":"driver::0","time":{"start":1742441073150,"stop":1742441073217,"duration":67},"status":"passed","steps":[],"attachments":[],"parameters":[],"shouldDisplayMessage":false,"stepsCount":0,"attachmentsCount":0,"hasContent":false,"attachmentStep":false}],"labels":[{"name":"tag","value":"TC006"},{"name":"tag","value":"TC000"},{"name":"parentSuite","value":"tests.regression_ui"},{"name":"suite","value":"test_ui_regression"},{"name":"subSuite","value":"TestUIRegression"},{"name":"host","value":"fv-az802-87"},{"name":"thread","value":"4054-MainThread"},{"name":"framework","value":"pytest"},{"name":"language","value":"cpython3"},{"name":"package","value":"tests.regression_ui.test_ui_regression"},{"name":"resultFormat","value":"allure2"}],"parameters":[],"links":[],"hidden":false,"retry":false,"extra":{"severity":"normal","retries":[],"categories":[{"name":"Test defects","matchedStatuses":[]}],"history":{"statistic":{"failed":19,"broken":34,"skipped":0,"passed":494,"unknown":0,"total":547},"items":[{"uid":"3f9b81571e106ba8","status":"passed","time":{"start":1742431424117,"stop":1742431455949,"duration":31832}},{"uid":"9a38fc8b569bea14","status":"passed","time":{"start":1742418901096,"stop":1742418921522,"duration":20426}},{"uid":"f99b9765e4d567ec","status":"broken","statusDetails":"selenium.common.exceptions.NoSuchElementException: Message: no such element: Unable to locate element: {\"method\":\"xpath\",\"selector\":\"//*[contains(text(), 'new_card')]\"}\n  (Session info: chrome=134.0.6998.88); For documentation on this error, please visit: https://www.selenium.dev/documentation/webdriver/troubleshooting/errors#no-such-element-exception\nStacktrace:\n#0 0x55e1e4a82a1a <unknown>\n#1 0x55e1e453a390 <unknown>\n#2 0x55e1e458bc85 <unknown>\n#3 0x55e1e458beb1 <unknown>\n#4 0x55e1e45dad64 <unknown>\n#5 0x55e1e45b1bfd <unknown>\n#6 0x55e1e45d807b <unknown>\n#7 0x55e1e45b19a3 <unknown>\n#8 0x55e1e457d60e <unknown>\n#9 0x55e1e457edd1 <unknown>\n#10 0x55e1e4a48ddb <unknown>\n#11 0x55e1e4a4ccbc <unknown>\n#12 0x55e1e4a30392 <unknown>\n#13 0x55e1e4a4d834 <unknown>\n#14 0x55e1e4a141ef <unknown>\n#15 0x55e1e4a71038 <unknown>\n#16 0x55e1e4a71216 <unknown>\n#17 0x55e1e4a81896 <unknown>\n#18 0x7fc3d769caa4 <unknown>\n#19 0x7fc3d7729c3c <unknown>","time":{"start":1742408082954,"stop":1742408124077,"duration":41123}},{"uid":"273ff87580783f4d","status":"failed","statusDetails":"AssertionError: assert 1 == 0","time":{"start":1742397093945,"stop":1742397113896,"duration":19951}},{"uid":"62fe346e030c931a","status":"broken","statusDetails":"selenium.common.exceptions.TimeoutException: Message: \nStacktrace:\n#0 0x555d2089c46a <unknown>\n#1 0x555d20355ed0 <unknown>\n#2 0x555d203a7935 <unknown>\n#3 0x555d203a7b61 <unknown>\n#4 0x555d203f69d4 <unknown>\n#5 0x555d203cd88d <unknown>\n#6 0x555d203f3ceb <unknown>\n#7 0x555d203cd633 <unknown>\n#8 0x555d203991be <unknown>\n#9 0x555d2039a981 <unknown>\n#10 0x555d2086286b <unknown>\n#11 0x555d2086673c <unknown>\n#12 0x555d20849f12 <unknown>\n#13 0x555d208672b4 <unknown>\n#14 0x555d2082e0af <unknown>\n#15 0x555d2088aad8 <unknown>\n#16 0x555d2088acb6 <unknown>\n#17 0x555d2089b2e6 <unknown>\n#18 0x7fd5a649caa4 <unknown>\n#19 0x7fd5a6529c3c <unknown>","time":{"start":1742386682595,"stop":1742386698227,"duration":15632}},{"uid":"b6c7d8998d313c70","status":"failed","statusDetails":"AssertionError: assert 1 == 0","time":{"start":1742375553944,"stop":1742375575343,"duration":21399}},{"uid":"ea3c8ca8fe843521","status":"passed","time":{"start":1742364992420,"stop":1742365012389,"duration":19969}},{"uid":"67062865bec7b158","status":"broken","statusDetails":"selenium.common.exceptions.NoSuchElementException: Message: no such element: Unable to locate element: {\"method\":\"xpath\",\"selector\":\"//*[contains(text(), 'new_card')]\"}\n  (Session info: chrome=134.0.6998.88); For documentation on this error, please visit: https://www.selenium.dev/documentation/webdriver/troubleshooting/errors#no-such-element-exception\nStacktrace:\n#0 0x556e31efa46a <unknown>\n#1 0x556e319b3ed0 <unknown>\n#2 0x556e31a05935 <unknown>\n#3 0x556e31a05b61 <unknown>\n#4 0x556e31a549d4 <unknown>\n#5 0x556e31a2b88d <unknown>\n#6 0x556e31a51ceb <unknown>\n#7 0x556e31a2b633 <unknown>\n#8 0x556e319f71be <unknown>\n#9 0x556e319f8981 <unknown>\n#10 0x556e31ec086b <unknown>\n#11 0x556e31ec473c <unknown>\n#12 0x556e31ea7f12 <unknown>\n#13 0x556e31ec52b4 <unknown>\n#14 0x556e31e8c0af <unknown>\n#15 0x556e31ee8ad8 <unknown>\n#16 0x556e31ee8cb6 <unknown>\n#17 0x556e31ef92e6 <unknown>\n#18 0x7fe624e9caa4 <unknown>\n#19 0x7fe624f29c3c <unknown>","time":{"start":1742354719350,"stop":1742354746429,"duration":27079}},{"uid":"dc49cebe6f5d0db7","status":"broken","statusDetails":"selenium.common.exceptions.NoSuchElementException: Message: no such element: Unable to locate element: {\"method\":\"xpath\",\"selector\":\"//*[contains(text(), 'new_card')]\"}\n  (Session info: chrome=134.0.6998.88); For documentation on this error, please visit: https://www.selenium.dev/documentation/webdriver/troubleshooting/errors#no-such-element-exception\nStacktrace:\n#0 0x55835f55746a <unknown>\n#1 0x55835f010ed0 <unknown>\n#2 0x55835f062935 <unknown>\n#3 0x55835f062b61 <unknown>\n#4 0x55835f0b19d4 <unknown>\n#5 0x55835f08888d <unknown>\n#6 0x55835f0aeceb <unknown>\n#7 0x55835f088633 <unknown>\n#8 0x55835f0541be <unknown>\n#9 0x55835f055981 <unknown>\n#10 0x55835f51d86b <unknown>\n#11 0x55835f52173c <unknown>\n#12 0x55835f504f12 <unknown>\n#13 0x55835f5222b4 <unknown>\n#14 0x55835f4e90af <unknown>\n#15 0x55835f545ad8 <unknown>\n#16 0x55835f545cb6 <unknown>\n#17 0x55835f5562e6 <unknown>\n#18 0x7f3534a9caa4 <unknown>\n#19 0x7f3534b29c3c <unknown>","time":{"start":1742345178184,"stop":1742345225777,"duration":47593}},{"uid":"835f1348c0c3bd10","status":"passed","time":{"start":1742332293858,"stop":1742332315424,"duration":21566}},{"uid":"c42af6fe8ea580ac","status":"passed","time":{"start":1742321681299,"stop":1742321714008,"duration":32709}},{"uid":"f19dea73ca92db67","status":"passed","time":{"start":1742310731103,"stop":1742310762012,"duration":30909}},{"uid":"d5ff92790775e2f9","status":"passed","time":{"start":1742300379452,"stop":1742300417752,"duration":38300}},{"uid":"cd05e2a3c2522ae9","status":"passed","time":{"start":1742289223817,"stop":1742289256123,"duration":32306}},{"uid":"cadf5946ac84f95c","status":"passed","time":{"start":1742278530970,"stop":1742278551847,"duration":20877}},{"uid":"73b1a77e19e1ddf0","status":"failed","statusDetails":"AssertionError: assert 1 == 0","time":{"start":1742268310753,"stop":1742268347693,"duration":36940}},{"uid":"722a34cd48e107e5","status":"passed","time":{"start":1742258653646,"stop":1742258685464,"duration":31818}},{"uid":"66eb7afa6befc2f8","status":"failed","statusDetails":"AssertionError: assert 1 == 0","time":{"start":1742245843215,"stop":1742245876004,"duration":32789}},{"uid":"399f7affb1876809","status":"passed","time":{"start":1742235281737,"stop":1742235313243,"duration":31506}},{"uid":"5964f71377f423fd","status":"passed","time":{"start":1742224302625,"stop":1742224333515,"duration":30890}}]},"tags":["TC006","TC000"]},"source":"c10e3a30c836ed5d.json","parameterValues":[]}