{"uid":"c1739676045d1974","name":"Login Functionality","fullName":"tests.regression_ui.test_ui_regression.TestUIRegression#test_login","historyId":"40148fdc4e6f84528498feb65b445c77","time":{"start":1742181830532,"stop":1742181841257,"duration":10725},"status":"broken","statusMessage":"selenium.common.exceptions.TimeoutException: Message: \nStacktrace:\n#0 0x563db6bf846a <unknown>\n#1 0x563db66b1ed0 <unknown>\n#2 0x563db6703935 <unknown>\n#3 0x563db6703b61 <unknown>\n#4 0x563db67529d4 <unknown>\n#5 0x563db672988d <unknown>\n#6 0x563db674fceb <unknown>\n#7 0x563db6729633 <unknown>\n#8 0x563db66f51be <unknown>\n#9 0x563db66f6981 <unknown>\n#10 0x563db6bbe86b <unknown>\n#11 0x563db6bc273c <unknown>\n#12 0x563db6ba5f12 <unknown>\n#13 0x563db6bc32b4 <unknown>\n#14 0x563db6b8a0af <unknown>\n#15 0x563db6be6ad8 <unknown>\n#16 0x563db6be6cb6 <unknown>\n#17 0x563db6bf72e6 <unknown>\n#18 0x7f04c609caa4 <unknown>\n#19 0x7f04c6129c3c <unknown>","statusTrace":"self = <tests.regression_ui.test_ui_regression.TestUIRegression object at 0x7f804b328ad0>\ndriver = <selenium.webdriver.chrome.webdriver.WebDriver (session=\"0fc73a0945764e08d21b7d403070f535\")>\n\n    @pytest.mark.TC000\n    @pytest.mark.TC001\n    @allure.title('Login Functionality')\n    def test_login(self, driver):\n        with allure.step('Navigate to the Trello page and enter valid credentials (email, password, and 6-digits verification code)'):\n            while True:\n                try:\n                    driver.get(self.SCC.URL_LOGIN)\n>                   el_user_name = WebDriverWait(driver, 10).until(EC.element_to_be_clickable(\n                        (By.XPATH, self.SCC.LoginPage.USER_NAME_FIELD)\n                    ))\n\ntests/regression_ui/test_ui_regression.py:62: \n_ _ _ _ _ _ _ _ _ _ _ _ _ _ _ _ _ _ _ _ _ _ _ _ _ _ _ _ _ _ _ _ _ _ _ _ _ _ _ _ \n\nself = <selenium.webdriver.support.wait.WebDriverWait (session=\"0fc73a0945764e08d21b7d403070f535\")>\nmethod = <function element_to_be_clickable.<locals>._predicate at 0x7f804b4a0720>\nmessage = ''\n\n    def until(self, method: Callable[[D], Union[Literal[False], T]], message: str = \"\") -> T:\n        \"\"\"Calls the method provided with the driver as an argument until the \\\n        return value does not evaluate to ``False``.\n    \n        :param method: callable(WebDriver)\n        :param message: optional message for :exc:`TimeoutException`\n        :returns: the result of the last call to `method`\n        :raises: :exc:`selenium.common.exceptions.TimeoutException` if timeout occurs\n        \"\"\"\n        screen = None\n        stacktrace = None\n    \n        end_time = time.monotonic() + self._timeout\n        while True:\n            try:\n                value = method(self._driver)\n                if value:\n                    return value\n            except self._ignored_exceptions as exc:\n                screen = getattr(exc, \"screen\", None)\n                stacktrace = getattr(exc, \"stacktrace\", None)\n            if time.monotonic() > end_time:\n                break\n            time.sleep(self._poll)\n>       raise TimeoutException(message, screen, stacktrace)\nE       selenium.common.exceptions.TimeoutException: Message: \nE       Stacktrace:\nE       #0 0x563db6bf846a <unknown>\nE       #1 0x563db66b1ed0 <unknown>\nE       #2 0x563db6703935 <unknown>\nE       #3 0x563db6703b61 <unknown>\nE       #4 0x563db67529d4 <unknown>\nE       #5 0x563db672988d <unknown>\nE       #6 0x563db674fceb <unknown>\nE       #7 0x563db6729633 <unknown>\nE       #8 0x563db66f51be <unknown>\nE       #9 0x563db66f6981 <unknown>\nE       #10 0x563db6bbe86b <unknown>\nE       #11 0x563db6bc273c <unknown>\nE       #12 0x563db6ba5f12 <unknown>\nE       #13 0x563db6bc32b4 <unknown>\nE       #14 0x563db6b8a0af <unknown>\nE       #15 0x563db6be6ad8 <unknown>\nE       #16 0x563db6be6cb6 <unknown>\nE       #17 0x563db6bf72e6 <unknown>\nE       #18 0x7f04c609caa4 <unknown>\nE       #19 0x7f04c6129c3c <unknown>\n\n/opt/hostedtoolcache/Python/3.12.5/x64/lib/python3.12/site-packages/selenium/webdriver/support/wait.py:105: TimeoutException","flaky":false,"newFailed":false,"newBroken":true,"newPassed":false,"retriesCount":0,"retriesStatusChange":false,"beforeStages":[{"name":"driver","time":{"start":1742181829950,"stop":1742181830531,"duration":581},"status":"passed","steps":[],"attachments":[],"parameters":[],"shouldDisplayMessage":false,"stepsCount":0,"attachmentsCount":0,"hasContent":false,"attachmentStep":false},{"name":"setup","time":{"start":1742181830531,"stop":1742181830531,"duration":0},"status":"passed","steps":[],"attachments":[],"parameters":[],"shouldDisplayMessage":false,"stepsCount":0,"attachmentsCount":0,"hasContent":false,"attachmentStep":false}],"testStage":{"status":"broken","statusMessage":"selenium.common.exceptions.TimeoutException: Message: \nStacktrace:\n#0 0x563db6bf846a <unknown>\n#1 0x563db66b1ed0 <unknown>\n#2 0x563db6703935 <unknown>\n#3 0x563db6703b61 <unknown>\n#4 0x563db67529d4 <unknown>\n#5 0x563db672988d <unknown>\n#6 0x563db674fceb <unknown>\n#7 0x563db6729633 <unknown>\n#8 0x563db66f51be <unknown>\n#9 0x563db66f6981 <unknown>\n#10 0x563db6bbe86b <unknown>\n#11 0x563db6bc273c <unknown>\n#12 0x563db6ba5f12 <unknown>\n#13 0x563db6bc32b4 <unknown>\n#14 0x563db6b8a0af <unknown>\n#15 0x563db6be6ad8 <unknown>\n#16 0x563db6be6cb6 <unknown>\n#17 0x563db6bf72e6 <unknown>\n#18 0x7f04c609caa4 <unknown>\n#19 0x7f04c6129c3c <unknown>","statusTrace":"self = <tests.regression_ui.test_ui_regression.TestUIRegression object at 0x7f804b328ad0>\ndriver = <selenium.webdriver.chrome.webdriver.WebDriver (session=\"0fc73a0945764e08d21b7d403070f535\")>\n\n    @pytest.mark.TC000\n    @pytest.mark.TC001\n    @allure.title('Login Functionality')\n    def test_login(self, driver):\n        with allure.step('Navigate to the Trello page and enter valid credentials (email, password, and 6-digits verification code)'):\n            while True:\n                try:\n                    driver.get(self.SCC.URL_LOGIN)\n>                   el_user_name = WebDriverWait(driver, 10).until(EC.element_to_be_clickable(\n                        (By.XPATH, self.SCC.LoginPage.USER_NAME_FIELD)\n                    ))\n\ntests/regression_ui/test_ui_regression.py:62: \n_ _ _ _ _ _ _ _ _ _ _ _ _ _ _ _ _ _ _ _ _ _ _ _ _ _ _ _ _ _ _ _ _ _ _ _ _ _ _ _ \n\nself = <selenium.webdriver.support.wait.WebDriverWait (session=\"0fc73a0945764e08d21b7d403070f535\")>\nmethod = <function element_to_be_clickable.<locals>._predicate at 0x7f804b4a0720>\nmessage = ''\n\n    def until(self, method: Callable[[D], Union[Literal[False], T]], message: str = \"\") -> T:\n        \"\"\"Calls the method provided with the driver as an argument until the \\\n        return value does not evaluate to ``False``.\n    \n        :param method: callable(WebDriver)\n        :param message: optional message for :exc:`TimeoutException`\n        :returns: the result of the last call to `method`\n        :raises: :exc:`selenium.common.exceptions.TimeoutException` if timeout occurs\n        \"\"\"\n        screen = None\n        stacktrace = None\n    \n        end_time = time.monotonic() + self._timeout\n        while True:\n            try:\n                value = method(self._driver)\n                if value:\n                    return value\n            except self._ignored_exceptions as exc:\n                screen = getattr(exc, \"screen\", None)\n                stacktrace = getattr(exc, \"stacktrace\", None)\n            if time.monotonic() > end_time:\n                break\n            time.sleep(self._poll)\n>       raise TimeoutException(message, screen, stacktrace)\nE       selenium.common.exceptions.TimeoutException: Message: \nE       Stacktrace:\nE       #0 0x563db6bf846a <unknown>\nE       #1 0x563db66b1ed0 <unknown>\nE       #2 0x563db6703935 <unknown>\nE       #3 0x563db6703b61 <unknown>\nE       #4 0x563db67529d4 <unknown>\nE       #5 0x563db672988d <unknown>\nE       #6 0x563db674fceb <unknown>\nE       #7 0x563db6729633 <unknown>\nE       #8 0x563db66f51be <unknown>\nE       #9 0x563db66f6981 <unknown>\nE       #10 0x563db6bbe86b <unknown>\nE       #11 0x563db6bc273c <unknown>\nE       #12 0x563db6ba5f12 <unknown>\nE       #13 0x563db6bc32b4 <unknown>\nE       #14 0x563db6b8a0af <unknown>\nE       #15 0x563db6be6ad8 <unknown>\nE       #16 0x563db6be6cb6 <unknown>\nE       #17 0x563db6bf72e6 <unknown>\nE       #18 0x7f04c609caa4 <unknown>\nE       #19 0x7f04c6129c3c <unknown>\n\n/opt/hostedtoolcache/Python/3.12.5/x64/lib/python3.12/site-packages/selenium/webdriver/support/wait.py:105: TimeoutException","steps":[{"name":"Navigate to the Trello page and enter valid credentials (email, password, and 6-digits verification code)","time":{"start":1742181830532,"stop":1742181841257,"duration":10725},"status":"broken","statusMessage":"selenium.common.exceptions.TimeoutException: Message: \nStacktrace:\n#0 0x563db6bf846a <unknown>\n#1 0x563db66b1ed0 <unknown>\n#2 0x563db6703935 <unknown>\n#3 0x563db6703b61 <unknown>\n#4 0x563db67529d4 <unknown>\n#5 0x563db672988d <unknown>\n#6 0x563db674fceb <unknown>\n#7 0x563db6729633 <unknown>\n#8 0x563db66f51be <unknown>\n#9 0x563db66f6981 <unknown>\n#10 0x563db6bbe86b <unknown>\n#11 0x563db6bc273c <unknown>\n#12 0x563db6ba5f12 <unknown>\n#13 0x563db6bc32b4 <unknown>\n#14 0x563db6b8a0af <unknown>\n#15 0x563db6be6ad8 <unknown>\n#16 0x563db6be6cb6 <unknown>\n#17 0x563db6bf72e6 <unknown>\n#18 0x7f04c609caa4 <unknown>\n#19 0x7f04c6129c3c <unknown>\n\n","statusTrace":"  File \"/home/runner/work/pythonSelenium/pythonSelenium/tests/regression_ui/test_ui_regression.py\", line 62, in test_login\n    el_user_name = WebDriverWait(driver, 10).until(EC.element_to_be_clickable(\n                   ^^^^^^^^^^^^^^^^^^^^^^^^^^^^^^^^^^^^^^^^^^^^^^^^^^^^^^^^^^^\n  File \"/opt/hostedtoolcache/Python/3.12.5/x64/lib/python3.12/site-packages/selenium/webdriver/support/wait.py\", line 105, in until\n    raise TimeoutException(message, screen, stacktrace)\n","steps":[],"attachments":[],"parameters":[],"shouldDisplayMessage":true,"stepsCount":0,"attachmentsCount":0,"hasContent":true,"attachmentStep":false}],"attachments":[],"parameters":[],"shouldDisplayMessage":true,"stepsCount":1,"attachmentsCount":0,"hasContent":true,"attachmentStep":false},"afterStages":[{"name":"driver::0","time":{"start":1742181841291,"stop":1742181841367,"duration":76},"status":"passed","steps":[],"attachments":[],"parameters":[],"shouldDisplayMessage":false,"stepsCount":0,"attachmentsCount":0,"hasContent":false,"attachmentStep":false}],"labels":[{"name":"tag","value":"TC001"},{"name":"tag","value":"TC000"},{"name":"parentSuite","value":"tests.regression_ui"},{"name":"suite","value":"test_ui_regression"},{"name":"subSuite","value":"TestUIRegression"},{"name":"host","value":"fv-az1696-728"},{"name":"thread","value":"4069-MainThread"},{"name":"framework","value":"pytest"},{"name":"language","value":"cpython3"},{"name":"package","value":"tests.regression_ui.test_ui_regression"},{"name":"resultFormat","value":"allure2"}],"parameters":[],"links":[],"hidden":false,"retry":false,"extra":{"severity":"normal","retries":[],"categories":[{"name":"Test defects","matchedStatuses":[]}],"history":{"statistic":{"failed":0,"broken":8,"skipped":0,"passed":528,"unknown":0,"total":536},"items":[{"uid":"a0c0ffbaa7c1bc7a","status":"passed","time":{"start":1742172299735,"stop":1742172306109,"duration":6374}},{"uid":"2d16c4563773f10b","status":"passed","time":{"start":1742159261647,"stop":1742159267750,"duration":6103}},{"uid":"b0083d50d69b69f2","status":"passed","time":{"start":1742148697823,"stop":1742148704307,"duration":6484}},{"uid":"5202edbf51bf4c04","status":"passed","time":{"start":1742137691738,"stop":1742137698577,"duration":6839}},{"uid":"ce38324e441c0a8","status":"passed","time":{"start":1742127279051,"stop":1742127285037,"duration":5986}},{"uid":"c288b99741363d4c","status":"passed","time":{"start":1742116168500,"stop":1742116175260,"duration":6760}},{"uid":"41336c6f4eb46028","status":"passed","time":{"start":1742105546977,"stop":1742105553599,"duration":6622}},{"uid":"d8c5e8fe09dd839c","status":"passed","time":{"start":1742095459032,"stop":1742095465177,"duration":6145}},{"uid":"d05f790caf0a81eb","status":"passed","time":{"start":1742086017201,"stop":1742086023872,"duration":6671}},{"uid":"1335b199ed5f60c0","status":"passed","time":{"start":1742072840520,"stop":1742072847660,"duration":7140}},{"uid":"ed92207d0324eaab","status":"passed","time":{"start":1742062244415,"stop":1742062250554,"duration":6139}},{"uid":"84d24da1c5f45a80","status":"passed","time":{"start":1742051313231,"stop":1742051319755,"duration":6524}},{"uid":"f6efe13f93a6824e","status":"passed","time":{"start":1742040857454,"stop":1742040863578,"duration":6124}},{"uid":"f1941db5d37465d2","status":"passed","time":{"start":1742029710175,"stop":1742029716410,"duration":6235}},{"uid":"a80ff1f94f28c2c1","status":"passed","time":{"start":1742019100218,"stop":1742019106189,"duration":5971}},{"uid":"dc265c88417e4448","status":"passed","time":{"start":1742008702429,"stop":1742008709152,"duration":6723}},{"uid":"59fdf00713728886","status":"passed","time":{"start":1741999274362,"stop":1741999280515,"duration":6153}},{"uid":"54f59c420682ff4e","status":"passed","time":{"start":1741986491996,"stop":1741986498972,"duration":6976}},{"uid":"5a9b261db555aad","status":"passed","time":{"start":1741976023067,"stop":1741976030406,"duration":7339}},{"uid":"715602a55c04c67c","status":"passed","time":{"start":1741964967074,"stop":1741964974088,"duration":7014}}]},"tags":["TC001","TC000"]},"source":"c1739676045d1974.json","parameterValues":[]}