{"uid":"c8f9568a2a692456","name":"Archive a card","fullName":"tests.regression_ui.test_ui_regression.TestUIRegression#test_archive_card","historyId":"4151bed777d70c35651f4626d00b86b5","time":{"start":1738217858355,"stop":1738217890304,"duration":31949},"status":"failed","statusMessage":"AssertionError: assert 2 == 0","statusTrace":"self = <tests.regression_ui.test_ui_regression.TestUIRegression object at 0x7f4eb8ba66c0>\ndriver = <selenium.webdriver.chrome.webdriver.WebDriver (session=\"b8a1f477bab9aaf01777eb78a8024d7d\")>\n\n    @pytest.mark.TC000\n    @pytest.mark.TC006\n    @allure.title('Archive a card')\n    def test_archive_card(self, driver):\n        time.sleep(5)\n        with allure.step('Log in to Trello account'):\n            self.test_login(driver)\n    \n        with allure.step('Open a board and select a card'):\n            try:\n                WebDriverWait(driver, 30).until(EC.element_to_be_clickable((By.XPATH, self.SCC.Board.BOARD_TITLE))).click()\n                WebDriverWait(driver, 10).until(EC.visibility_of_element_located((By.XPATH, self.SCC.Board.LIST_TITLE))).click()\n                driver.find_element(By.XPATH, self.SCC.List.ADD_A_CARD_BUTTON).click()\n                driver.find_element(By.XPATH, self.SCC.List.CARD_NAME_FIELD).click()\n                time.sleep(1)\n                driver.find_element(By.XPATH, self.SCC.List.CARD_NAME_FIELD).send_keys('new_card')\n                driver.find_element(By.XPATH, self.SCC.List.ADD_CARD_SUBMIT_BUTTOMN).click()\n                time.sleep(2)\n            except Exception as e:\n                log.info(\"An error occurred: \", str(e))\n    \n        with allure.step('Click the card to open and archive it'):\n            driver.find_element(By.XPATH, self.SCC.List.CARD_TO_ARCHIVE).click()\n            WebDriverWait(driver, 10).until(EC.element_to_be_clickable((By.XPATH, self.SCC.List.ARCHIVE_BUTTON))).click()\n            WebDriverWait(driver, 10).until(EC.element_to_be_clickable((By.XPATH, self.SCC.List.DELETE_BUTTON))).click()\n            WebDriverWait(driver, 10).until(EC.element_to_be_clickable((By.XPATH, self.SCC.List.DELETE_CONFIRM_BUTTON))).click()\n    \n        with allure.step('Verify that the card is archived and the list is empty'):\n            time.sleep(3)\n            element = driver.find_elements(By.XPATH, self.SCC.List.ALL_CARDS_ON_FIRST_LIST)\n            el_qty = len(element)\n>           assert el_qty == 0\nE           assert 2 == 0\n\ntests/regression_ui/test_ui_regression.py:213: AssertionError","flaky":false,"newFailed":true,"newBroken":false,"newPassed":false,"retriesCount":0,"retriesStatusChange":false,"beforeStages":[{"name":"driver","time":{"start":1738217858108,"stop":1738217858355,"duration":247},"status":"passed","steps":[],"attachments":[],"parameters":[],"shouldDisplayMessage":false,"stepsCount":0,"attachmentsCount":0,"hasContent":false,"attachmentStep":false},{"name":"setup","time":{"start":1738217858355,"stop":1738217858355,"duration":0},"status":"passed","steps":[],"attachments":[],"parameters":[],"shouldDisplayMessage":false,"stepsCount":0,"attachmentsCount":0,"hasContent":false,"attachmentStep":false}],"testStage":{"status":"failed","statusMessage":"AssertionError: assert 2 == 0","statusTrace":"self = <tests.regression_ui.test_ui_regression.TestUIRegression object at 0x7f4eb8ba66c0>\ndriver = <selenium.webdriver.chrome.webdriver.WebDriver (session=\"b8a1f477bab9aaf01777eb78a8024d7d\")>\n\n    @pytest.mark.TC000\n    @pytest.mark.TC006\n    @allure.title('Archive a card')\n    def test_archive_card(self, driver):\n        time.sleep(5)\n        with allure.step('Log in to Trello account'):\n            self.test_login(driver)\n    \n        with allure.step('Open a board and select a card'):\n            try:\n                WebDriverWait(driver, 30).until(EC.element_to_be_clickable((By.XPATH, self.SCC.Board.BOARD_TITLE))).click()\n                WebDriverWait(driver, 10).until(EC.visibility_of_element_located((By.XPATH, self.SCC.Board.LIST_TITLE))).click()\n                driver.find_element(By.XPATH, self.SCC.List.ADD_A_CARD_BUTTON).click()\n                driver.find_element(By.XPATH, self.SCC.List.CARD_NAME_FIELD).click()\n                time.sleep(1)\n                driver.find_element(By.XPATH, self.SCC.List.CARD_NAME_FIELD).send_keys('new_card')\n                driver.find_element(By.XPATH, self.SCC.List.ADD_CARD_SUBMIT_BUTTOMN).click()\n                time.sleep(2)\n            except Exception as e:\n                log.info(\"An error occurred: \", str(e))\n    \n        with allure.step('Click the card to open and archive it'):\n            driver.find_element(By.XPATH, self.SCC.List.CARD_TO_ARCHIVE).click()\n            WebDriverWait(driver, 10).until(EC.element_to_be_clickable((By.XPATH, self.SCC.List.ARCHIVE_BUTTON))).click()\n            WebDriverWait(driver, 10).until(EC.element_to_be_clickable((By.XPATH, self.SCC.List.DELETE_BUTTON))).click()\n            WebDriverWait(driver, 10).until(EC.element_to_be_clickable((By.XPATH, self.SCC.List.DELETE_CONFIRM_BUTTON))).click()\n    \n        with allure.step('Verify that the card is archived and the list is empty'):\n            time.sleep(3)\n            element = driver.find_elements(By.XPATH, self.SCC.List.ALL_CARDS_ON_FIRST_LIST)\n            el_qty = len(element)\n>           assert el_qty == 0\nE           assert 2 == 0\n\ntests/regression_ui/test_ui_regression.py:213: AssertionError","steps":[{"name":"Log in to Trello account","time":{"start":1738217863355,"stop":1738217880817,"duration":17462},"status":"passed","steps":[{"name":"Navigate to the Trello login page","time":{"start":1738217863356,"stop":1738217866715,"duration":3359},"status":"passed","steps":[],"attachments":[],"parameters":[],"shouldDisplayMessage":false,"stepsCount":0,"attachmentsCount":0,"hasContent":false,"attachmentStep":false},{"name":"Enter valid credentials (email, password, and 6-digits verification code)","time":{"start":1738217866715,"stop":1738217880817,"duration":14102},"status":"passed","steps":[],"attachments":[],"parameters":[],"shouldDisplayMessage":false,"stepsCount":0,"attachmentsCount":0,"hasContent":false,"attachmentStep":false}],"attachments":[],"parameters":[],"shouldDisplayMessage":false,"stepsCount":2,"attachmentsCount":0,"hasContent":true,"attachmentStep":false},{"name":"Open a board and select a card","time":{"start":1738217880817,"stop":1738217885796,"duration":4979},"status":"passed","steps":[],"attachments":[],"parameters":[],"shouldDisplayMessage":false,"stepsCount":0,"attachmentsCount":0,"hasContent":false,"attachmentStep":false},{"name":"Click the card to open and archive it","time":{"start":1738217885796,"stop":1738217887294,"duration":1498},"status":"passed","steps":[],"attachments":[],"parameters":[],"shouldDisplayMessage":false,"stepsCount":0,"attachmentsCount":0,"hasContent":false,"attachmentStep":false},{"name":"Verify that the card is archived and the list is empty","time":{"start":1738217887294,"stop":1738217890304,"duration":3010},"status":"failed","statusMessage":"AssertionError: assert 2 == 0\n","statusTrace":"  File \"/home/runner/work/pythonSelenium/pythonSelenium/tests/regression_ui/test_ui_regression.py\", line 213, in test_archive_card\n    assert el_qty == 0\n","steps":[],"attachments":[],"parameters":[],"shouldDisplayMessage":true,"stepsCount":0,"attachmentsCount":0,"hasContent":true,"attachmentStep":false}],"attachments":[],"parameters":[],"shouldDisplayMessage":true,"stepsCount":6,"attachmentsCount":0,"hasContent":true,"attachmentStep":false},"afterStages":[{"name":"driver::0","time":{"start":1738217890313,"stop":1738217890394,"duration":81},"status":"passed","steps":[],"attachments":[],"parameters":[],"shouldDisplayMessage":false,"stepsCount":0,"attachmentsCount":0,"hasContent":false,"attachmentStep":false}],"labels":[{"name":"tag","value":"TC006"},{"name":"tag","value":"TC000"},{"name":"parentSuite","value":"tests.regression_ui"},{"name":"suite","value":"test_ui_regression"},{"name":"subSuite","value":"TestUIRegression"},{"name":"host","value":"fv-az1338-766"},{"name":"thread","value":"4059-MainThread"},{"name":"framework","value":"pytest"},{"name":"language","value":"cpython3"},{"name":"package","value":"tests.regression_ui.test_ui_regression"},{"name":"resultFormat","value":"allure2"}],"parameters":[],"links":[],"hidden":false,"retry":false,"extra":{"severity":"normal","retries":[],"categories":[{"name":"Product defects","matchedStatuses":[],"flaky":false}],"history":{"statistic":{"failed":7,"broken":19,"skipped":0,"passed":131,"unknown":0,"total":157},"items":[{"uid":"e153ac37d050f88f","status":"passed","time":{"start":1738198015465,"stop":1738198047200,"duration":31735}},{"uid":"9d9a8353f86beb8b","status":"passed","time":{"start":1738185156493,"stop":1738185188676,"duration":32183}},{"uid":"632b84b7fd473b1d","status":"passed","time":{"start":1738174589726,"stop":1738174621569,"duration":31843}},{"uid":"e5739a4abd10f760","status":"broken","statusDetails":"selenium.common.exceptions.NoSuchElementException: Message: no such element: Unable to locate element: {\"method\":\"xpath\",\"selector\":\"//*[contains(text(), 'new_card')]\"}\n  (Session info: chrome=132.0.6834.159); For documentation on this error, please visit: https://www.selenium.dev/documentation/webdriver/troubleshooting/errors#no-such-element-exception\nStacktrace:\n#0 0x556097cfadca <unknown>\n#1 0x5560977f13f0 <unknown>\n#2 0x55609784110c <unknown>\n#3 0x556097841331 <unknown>\n#4 0x556097887154 <unknown>\n#5 0x556097865abd <unknown>\n#6 0x5560978844b3 <unknown>\n#7 0x556097865833 <unknown>\n#8 0x5560978325a0 <unknown>\n#9 0x556097833ece <unknown>\n#10 0x556097cc4bdb <unknown>\n#11 0x556097cc8b67 <unknown>\n#12 0x556097cb03bc <unknown>\n#13 0x556097cc9727 <unknown>\n#14 0x556097c9474f <unknown>\n#15 0x556097ce9938 <unknown>\n#16 0x556097ce9b00 <unknown>\n#17 0x556097cf9c46 <unknown>\n#18 0x7f67d7a9ca94 <unknown>\n#19 0x7f67d7b29c3c <unknown>","time":{"start":1738163565922,"stop":1738163628717,"duration":62795}},{"uid":"7c0a65ae7e77b9b","status":"broken","statusDetails":"selenium.common.exceptions.NoSuchElementException: Message: no such element: Unable to locate element: {\"method\":\"xpath\",\"selector\":\"//*[contains(text(), 'new_card')]\"}\n  (Session info: chrome=132.0.6834.159); For documentation on this error, please visit: https://www.selenium.dev/documentation/webdriver/troubleshooting/errors#no-such-element-exception\nStacktrace:\n#0 0x56457a067dca <unknown>\n#1 0x564579b5e3f0 <unknown>\n#2 0x564579bae10c <unknown>\n#3 0x564579bae331 <unknown>\n#4 0x564579bf4154 <unknown>\n#5 0x564579bd2abd <unknown>\n#6 0x564579bf14b3 <unknown>\n#7 0x564579bd2833 <unknown>\n#8 0x564579b9f5a0 <unknown>\n#9 0x564579ba0ece <unknown>\n#10 0x56457a031bdb <unknown>\n#11 0x56457a035b67 <unknown>\n#12 0x56457a01d3bc <unknown>\n#13 0x56457a036727 <unknown>\n#14 0x56457a00174f <unknown>\n#15 0x56457a056938 <unknown>\n#16 0x56457a056b00 <unknown>\n#17 0x56457a066c46 <unknown>\n#18 0x7f1650a9ca94 <unknown>\n#19 0x7f1650b29c3c <unknown>","time":{"start":1738153246801,"stop":1738153309578,"duration":62777}},{"uid":"69582437b8922408","status":"passed","time":{"start":1738141994075,"stop":1738142025817,"duration":31742}},{"uid":"b644f8d1174e95e4","status":"passed","time":{"start":1738131462168,"stop":1738131493832,"duration":31664}},{"uid":"3b18b379555d86cd","status":"passed","time":{"start":1738120483983,"stop":1738120515886,"duration":31903}},{"uid":"9164c2a8d405053a","status":"failed","statusDetails":"AssertionError: assert 2 == 0","time":{"start":1738111688493,"stop":1738111720578,"duration":32085}},{"uid":"efcbdb4b089dd1d5","status":"passed","time":{"start":1738098695840,"stop":1738098727633,"duration":31793}},{"uid":"ebd3e83c913c6f53","status":"passed","time":{"start":1738088174897,"stop":1738088206446,"duration":31549}},{"uid":"90dcbe6854f990fb","status":"passed","time":{"start":1738077204187,"stop":1738077235997,"duration":31810}},{"uid":"9df48ea571a95a86","status":"passed","time":{"start":1738066826199,"stop":1738066857882,"duration":31683}},{"uid":"29cb892a4a4505a1","status":"passed","time":{"start":1738055613348,"stop":1738055645164,"duration":31816}},{"uid":"8d1d50c379ee0621","status":"passed","time":{"start":1738045051338,"stop":1738045082986,"duration":31648}},{"uid":"eb2456eb026ba73c","status":"passed","time":{"start":1738034069306,"stop":1738034100947,"duration":31641}},{"uid":"c6bb1dfcbc074ca1","status":"passed","time":{"start":1738025273757,"stop":1738025305502,"duration":31745}},{"uid":"cd837ffd52ec8da4","status":"passed","time":{"start":1738012323422,"stop":1738012355103,"duration":31681}},{"uid":"46bb2c638b4e06af","status":"passed","time":{"start":1738001815604,"stop":1738001847345,"duration":31741}},{"uid":"81d21452997cc58f","status":"passed","time":{"start":1737990752192,"stop":1737990783829,"duration":31637}}]},"tags":["TC006","TC000"]},"source":"c8f9568a2a692456.json","parameterValues":[]}