{"uid":"ca53abfeda534d4a","name":"Archive a card","fullName":"tests.regression_ui.test_ui_regression.TestUIRegression#test_archive_card","historyId":"4151bed777d70c35651f4626d00b86b5","time":{"start":1738379889648,"stop":1738379921961,"duration":32313},"status":"failed","statusMessage":"AssertionError: assert 3 == 0","statusTrace":"self = <tests.regression_ui.test_ui_regression.TestUIRegression object at 0x7fa6cd09e360>\ndriver = <selenium.webdriver.chrome.webdriver.WebDriver (session=\"fc4df944cbc07578903dbc9a1fec8a35\")>\n\n    @pytest.mark.TC000\n    @pytest.mark.TC006\n    @allure.title('Archive a card')\n    def test_archive_card(self, driver):\n        time.sleep(5)\n        with allure.step('Log in to Trello account'):\n            self.test_login(driver)\n    \n        with allure.step('Open a board and select a card'):\n            try:\n                WebDriverWait(driver, 30).until(EC.element_to_be_clickable((By.XPATH, self.SCC.Board.BOARD_TITLE))).click()\n                WebDriverWait(driver, 10).until(EC.visibility_of_element_located((By.XPATH, self.SCC.Board.LIST_TITLE))).click()\n                driver.find_element(By.XPATH, self.SCC.List.ADD_A_CARD_BUTTON).click()\n                driver.find_element(By.XPATH, self.SCC.List.CARD_NAME_FIELD).click()\n                time.sleep(1)\n                driver.find_element(By.XPATH, self.SCC.List.CARD_NAME_FIELD).send_keys('new_card')\n                driver.find_element(By.XPATH, self.SCC.List.ADD_CARD_SUBMIT_BUTTOMN).click()\n                time.sleep(2)\n            except Exception as e:\n                log.info(\"An error occurred: \", str(e))\n    \n        with allure.step('Click the card to open and archive it'):\n            driver.find_element(By.XPATH, self.SCC.List.CARD_TO_ARCHIVE).click()\n            WebDriverWait(driver, 10).until(EC.element_to_be_clickable((By.XPATH, self.SCC.List.ARCHIVE_BUTTON))).click()\n            WebDriverWait(driver, 10).until(EC.element_to_be_clickable((By.XPATH, self.SCC.List.DELETE_BUTTON))).click()\n            WebDriverWait(driver, 10).until(EC.element_to_be_clickable((By.XPATH, self.SCC.List.DELETE_CONFIRM_BUTTON))).click()\n    \n        with allure.step('Verify that the card is archived and the list is empty'):\n            time.sleep(3)\n            element = driver.find_elements(By.XPATH, self.SCC.List.ALL_CARDS_ON_FIRST_LIST)\n            el_qty = len(element)\n>           assert el_qty == 0\nE           assert 3 == 0\n\ntests/regression_ui/test_ui_regression.py:213: AssertionError","flaky":true,"newFailed":true,"newBroken":false,"newPassed":false,"retriesCount":0,"retriesStatusChange":false,"beforeStages":[{"name":"driver","time":{"start":1738379889388,"stop":1738379889647,"duration":259},"status":"passed","steps":[],"attachments":[],"parameters":[],"shouldDisplayMessage":false,"stepsCount":0,"attachmentsCount":0,"hasContent":false,"attachmentStep":false},{"name":"setup","time":{"start":1738379889647,"stop":1738379889647,"duration":0},"status":"passed","steps":[],"attachments":[],"parameters":[],"shouldDisplayMessage":false,"stepsCount":0,"attachmentsCount":0,"hasContent":false,"attachmentStep":false}],"testStage":{"status":"failed","statusMessage":"AssertionError: assert 3 == 0","statusTrace":"self = <tests.regression_ui.test_ui_regression.TestUIRegression object at 0x7fa6cd09e360>\ndriver = <selenium.webdriver.chrome.webdriver.WebDriver (session=\"fc4df944cbc07578903dbc9a1fec8a35\")>\n\n    @pytest.mark.TC000\n    @pytest.mark.TC006\n    @allure.title('Archive a card')\n    def test_archive_card(self, driver):\n        time.sleep(5)\n        with allure.step('Log in to Trello account'):\n            self.test_login(driver)\n    \n        with allure.step('Open a board and select a card'):\n            try:\n                WebDriverWait(driver, 30).until(EC.element_to_be_clickable((By.XPATH, self.SCC.Board.BOARD_TITLE))).click()\n                WebDriverWait(driver, 10).until(EC.visibility_of_element_located((By.XPATH, self.SCC.Board.LIST_TITLE))).click()\n                driver.find_element(By.XPATH, self.SCC.List.ADD_A_CARD_BUTTON).click()\n                driver.find_element(By.XPATH, self.SCC.List.CARD_NAME_FIELD).click()\n                time.sleep(1)\n                driver.find_element(By.XPATH, self.SCC.List.CARD_NAME_FIELD).send_keys('new_card')\n                driver.find_element(By.XPATH, self.SCC.List.ADD_CARD_SUBMIT_BUTTOMN).click()\n                time.sleep(2)\n            except Exception as e:\n                log.info(\"An error occurred: \", str(e))\n    \n        with allure.step('Click the card to open and archive it'):\n            driver.find_element(By.XPATH, self.SCC.List.CARD_TO_ARCHIVE).click()\n            WebDriverWait(driver, 10).until(EC.element_to_be_clickable((By.XPATH, self.SCC.List.ARCHIVE_BUTTON))).click()\n            WebDriverWait(driver, 10).until(EC.element_to_be_clickable((By.XPATH, self.SCC.List.DELETE_BUTTON))).click()\n            WebDriverWait(driver, 10).until(EC.element_to_be_clickable((By.XPATH, self.SCC.List.DELETE_CONFIRM_BUTTON))).click()\n    \n        with allure.step('Verify that the card is archived and the list is empty'):\n            time.sleep(3)\n            element = driver.find_elements(By.XPATH, self.SCC.List.ALL_CARDS_ON_FIRST_LIST)\n            el_qty = len(element)\n>           assert el_qty == 0\nE           assert 3 == 0\n\ntests/regression_ui/test_ui_regression.py:213: AssertionError","steps":[{"name":"Log in to Trello account","time":{"start":1738379894648,"stop":1738379912183,"duration":17535},"status":"passed","steps":[{"name":"Navigate to the Trello login page","time":{"start":1738379894648,"stop":1738379898024,"duration":3376},"status":"passed","steps":[],"attachments":[],"parameters":[],"shouldDisplayMessage":false,"stepsCount":0,"attachmentsCount":0,"hasContent":false,"attachmentStep":false},{"name":"Enter valid credentials (email, password, and 6-digits verification code)","time":{"start":1738379898024,"stop":1738379912183,"duration":14159},"status":"passed","steps":[],"attachments":[],"parameters":[],"shouldDisplayMessage":false,"stepsCount":0,"attachmentsCount":0,"hasContent":false,"attachmentStep":false}],"attachments":[],"parameters":[],"shouldDisplayMessage":false,"stepsCount":2,"attachmentsCount":0,"hasContent":true,"attachmentStep":false},{"name":"Open a board and select a card","time":{"start":1738379912183,"stop":1738379917215,"duration":5032},"status":"passed","steps":[],"attachments":[],"parameters":[],"shouldDisplayMessage":false,"stepsCount":0,"attachmentsCount":0,"hasContent":false,"attachmentStep":false},{"name":"Click the card to open and archive it","time":{"start":1738379917215,"stop":1738379918950,"duration":1735},"status":"passed","steps":[],"attachments":[],"parameters":[],"shouldDisplayMessage":false,"stepsCount":0,"attachmentsCount":0,"hasContent":false,"attachmentStep":false},{"name":"Verify that the card is archived and the list is empty","time":{"start":1738379918950,"stop":1738379921961,"duration":3011},"status":"failed","statusMessage":"AssertionError: assert 3 == 0\n","statusTrace":"  File \"/home/runner/work/pythonSelenium/pythonSelenium/tests/regression_ui/test_ui_regression.py\", line 213, in test_archive_card\n    assert el_qty == 0\n","steps":[],"attachments":[],"parameters":[],"shouldDisplayMessage":true,"stepsCount":0,"attachmentsCount":0,"hasContent":true,"attachmentStep":false}],"attachments":[],"parameters":[],"shouldDisplayMessage":true,"stepsCount":6,"attachmentsCount":0,"hasContent":true,"attachmentStep":false},"afterStages":[{"name":"driver::0","time":{"start":1738379921970,"stop":1738379922053,"duration":83},"status":"passed","steps":[],"attachments":[],"parameters":[],"shouldDisplayMessage":false,"stepsCount":0,"attachmentsCount":0,"hasContent":false,"attachmentStep":false}],"labels":[{"name":"tag","value":"TC006"},{"name":"tag","value":"TC000"},{"name":"parentSuite","value":"tests.regression_ui"},{"name":"suite","value":"test_ui_regression"},{"name":"subSuite","value":"TestUIRegression"},{"name":"host","value":"fv-az1912-295"},{"name":"thread","value":"4071-MainThread"},{"name":"framework","value":"pytest"},{"name":"language","value":"cpython3"},{"name":"package","value":"tests.regression_ui.test_ui_regression"},{"name":"resultFormat","value":"allure2"}],"parameters":[],"links":[],"hidden":false,"retry":false,"extra":{"severity":"normal","retries":[],"categories":[{"name":"Product defects","matchedStatuses":[],"flaky":false}],"history":{"statistic":{"failed":10,"broken":19,"skipped":0,"passed":143,"unknown":0,"total":172},"items":[{"uid":"4e868a4cb5e22da9","status":"passed","time":{"start":1738371097456,"stop":1738371128995,"duration":31539}},{"uid":"86da0f63b8beb7e1","status":"failed","statusDetails":"AssertionError: assert 1 == 0","time":{"start":1738357899094,"stop":1738357930702,"duration":31608}},{"uid":"9b7cdcb541076da3","status":"passed","time":{"start":1738347344643,"stop":1738347376316,"duration":31673}},{"uid":"ee6b0a130fe7c31c","status":"passed","time":{"start":1738336420959,"stop":1738336452598,"duration":31639}},{"uid":"134c99b5ea0f0d4e","status":"passed","time":{"start":1738326104956,"stop":1738326136703,"duration":31747}},{"uid":"bece6d7f85c07cd8","status":"passed","time":{"start":1738314784536,"stop":1738314816217,"duration":31681}},{"uid":"7e0a888dd75381a0","status":"passed","time":{"start":1738304202404,"stop":1738304234101,"duration":31697}},{"uid":"3c76b2998d0c5305","status":"passed","time":{"start":1738293241685,"stop":1738293273307,"duration":31622}},{"uid":"5463163a9f69216f","status":"passed","time":{"start":1738284478072,"stop":1738284509866,"duration":31794}},{"uid":"f8fd7864346b8dc","status":"failed","statusDetails":"AssertionError: assert 1 == 0","time":{"start":1738271520697,"stop":1738271552543,"duration":31846}},{"uid":"f2f4988fe9451a4e","status":"passed","time":{"start":1738260964000,"stop":1738260995879,"duration":31879}},{"uid":"18634b7fd45d52eb","status":"passed","time":{"start":1738250033001,"stop":1738250064589,"duration":31588}},{"uid":"b9885c88fb3cb6c4","status":"passed","time":{"start":1738239652674,"stop":1738239684327,"duration":31653}},{"uid":"f7f0f149c2fde498","status":"passed","time":{"start":1738228393343,"stop":1738228425014,"duration":31671}},{"uid":"c8f9568a2a692456","status":"failed","statusDetails":"AssertionError: assert 2 == 0","time":{"start":1738217858355,"stop":1738217890304,"duration":31949}},{"uid":"e153ac37d050f88f","status":"passed","time":{"start":1738198015465,"stop":1738198047200,"duration":31735}},{"uid":"9d9a8353f86beb8b","status":"passed","time":{"start":1738185156493,"stop":1738185188676,"duration":32183}},{"uid":"632b84b7fd473b1d","status":"passed","time":{"start":1738174589726,"stop":1738174621569,"duration":31843}},{"uid":"e5739a4abd10f760","status":"broken","statusDetails":"selenium.common.exceptions.NoSuchElementException: Message: no such element: Unable to locate element: {\"method\":\"xpath\",\"selector\":\"//*[contains(text(), 'new_card')]\"}\n  (Session info: chrome=132.0.6834.159); For documentation on this error, please visit: https://www.selenium.dev/documentation/webdriver/troubleshooting/errors#no-such-element-exception\nStacktrace:\n#0 0x556097cfadca <unknown>\n#1 0x5560977f13f0 <unknown>\n#2 0x55609784110c <unknown>\n#3 0x556097841331 <unknown>\n#4 0x556097887154 <unknown>\n#5 0x556097865abd <unknown>\n#6 0x5560978844b3 <unknown>\n#7 0x556097865833 <unknown>\n#8 0x5560978325a0 <unknown>\n#9 0x556097833ece <unknown>\n#10 0x556097cc4bdb <unknown>\n#11 0x556097cc8b67 <unknown>\n#12 0x556097cb03bc <unknown>\n#13 0x556097cc9727 <unknown>\n#14 0x556097c9474f <unknown>\n#15 0x556097ce9938 <unknown>\n#16 0x556097ce9b00 <unknown>\n#17 0x556097cf9c46 <unknown>\n#18 0x7f67d7a9ca94 <unknown>\n#19 0x7f67d7b29c3c <unknown>","time":{"start":1738163565922,"stop":1738163628717,"duration":62795}},{"uid":"7c0a65ae7e77b9b","status":"broken","statusDetails":"selenium.common.exceptions.NoSuchElementException: Message: no such element: Unable to locate element: {\"method\":\"xpath\",\"selector\":\"//*[contains(text(), 'new_card')]\"}\n  (Session info: chrome=132.0.6834.159); For documentation on this error, please visit: https://www.selenium.dev/documentation/webdriver/troubleshooting/errors#no-such-element-exception\nStacktrace:\n#0 0x56457a067dca <unknown>\n#1 0x564579b5e3f0 <unknown>\n#2 0x564579bae10c <unknown>\n#3 0x564579bae331 <unknown>\n#4 0x564579bf4154 <unknown>\n#5 0x564579bd2abd <unknown>\n#6 0x564579bf14b3 <unknown>\n#7 0x564579bd2833 <unknown>\n#8 0x564579b9f5a0 <unknown>\n#9 0x564579ba0ece <unknown>\n#10 0x56457a031bdb <unknown>\n#11 0x56457a035b67 <unknown>\n#12 0x56457a01d3bc <unknown>\n#13 0x56457a036727 <unknown>\n#14 0x56457a00174f <unknown>\n#15 0x56457a056938 <unknown>\n#16 0x56457a056b00 <unknown>\n#17 0x56457a066c46 <unknown>\n#18 0x7f1650a9ca94 <unknown>\n#19 0x7f1650b29c3c <unknown>","time":{"start":1738153246801,"stop":1738153309578,"duration":62777}}]},"tags":["TC006","TC000"]},"source":"ca53abfeda534d4a.json","parameterValues":[]}