{"uid":"cf3f5d846034d0fc","name":"Archive a card","fullName":"tests.regression_ui.test_ui_regression.TestUIRegression#test_archive_card","historyId":"4151bed777d70c35651f4626d00b86b5","time":{"start":1743541879431,"stop":1743541920648,"duration":41217},"status":"broken","statusMessage":"selenium.common.exceptions.NoSuchElementException: Message: no such element: Unable to locate element: {\"method\":\"xpath\",\"selector\":\"//*[contains(text(), 'new_card')]\"}\n  (Session info: chrome=135.0.7049.52); For documentation on this error, please visit: https://www.selenium.dev/documentation/webdriver/troubleshooting/errors#no-such-element-exception\nStacktrace:\n#0 0x560de403cffa <unknown>\n#1 0x560de3afb970 <unknown>\n#2 0x560de3b4d385 <unknown>\n#3 0x560de3b4d5b1 <unknown>\n#4 0x560de3b9c3c4 <unknown>\n#5 0x560de3b732bd <unknown>\n#6 0x560de3b9970c <unknown>\n#7 0x560de3b73063 <unknown>\n#8 0x560de3b3f328 <unknown>\n#9 0x560de3b40491 <unknown>\n#10 0x560de400442b <unknown>\n#11 0x560de40082ec <unknown>\n#12 0x560de3feba22 <unknown>\n#13 0x560de4008e64 <unknown>\n#14 0x560de3fcfbef <unknown>\n#15 0x560de402b558 <unknown>\n#16 0x560de402b736 <unknown>\n#17 0x560de403be76 <unknown>\n#18 0x7f4e9309caa4 <unknown>\n#19 0x7f4e93129c3c <unknown>","statusTrace":"self = <tests.regression_ui.test_ui_regression.TestUIRegression object at 0x7f879309a5d0>\ndriver = <selenium.webdriver.chrome.webdriver.WebDriver (session=\"58ed974bcf79044230cd365f40044410\")>\n\n    @pytest.mark.TC000\n    @pytest.mark.TC006\n    @allure.title('Archive a card')\n    def test_archive_card(self, driver):\n        time.sleep(5)\n        with allure.step('Log in to Trello account'):\n            self.test_login(driver)\n    \n        with allure.step('Open a board and select a card'):\n            try:\n                WebDriverWait(driver, 30).until(EC.element_to_be_clickable((By.XPATH, self.SCC.Board.BOARD_TITLE))).click()\n                WebDriverWait(driver, 10).until(EC.visibility_of_element_located((By.XPATH, self.SCC.Board.LIST_TITLE))).click()\n                driver.find_element(By.XPATH, self.SCC.List.ADD_A_CARD_BUTTON).click()\n                driver.find_element(By.XPATH, self.SCC.List.CARD_NAME_FIELD).click()\n                time.sleep(1)\n                driver.find_element(By.XPATH, self.SCC.List.CARD_NAME_FIELD).send_keys('new_card')\n                driver.find_element(By.XPATH, self.SCC.List.ADD_CARD_SUBMIT_BUTTOMN).click()\n                time.sleep(2)\n            except Exception as e:\n                log.info(\"An error occurred: \", str(e))\n    \n        with allure.step('Click the card to open and archive it'):\n>           driver.find_element(By.XPATH, self.SCC.List.CARD_TO_ARCHIVE).click()\n\ntests/regression_ui/test_ui_regression.py:206: \n_ _ _ _ _ _ _ _ _ _ _ _ _ _ _ _ _ _ _ _ _ _ _ _ _ _ _ _ _ _ _ _ _ _ _ _ _ _ _ _ \n/opt/hostedtoolcache/Python/3.12.5/x64/lib/python3.12/site-packages/selenium/webdriver/remote/webdriver.py:770: in find_element\n    return self.execute(Command.FIND_ELEMENT, {\"using\": by, \"value\": value})[\"value\"]\n/opt/hostedtoolcache/Python/3.12.5/x64/lib/python3.12/site-packages/selenium/webdriver/remote/webdriver.py:384: in execute\n    self.error_handler.check_response(response)\n_ _ _ _ _ _ _ _ _ _ _ _ _ _ _ _ _ _ _ _ _ _ _ _ _ _ _ _ _ _ _ _ _ _ _ _ _ _ _ _ \n\nself = <selenium.webdriver.remote.errorhandler.ErrorHandler object at 0x7f87930a1160>\nresponse = {'status': 404, 'value': '{\"value\":{\"error\":\"no such element\",\"message\":\"no such element: Unable to locate element: {\\...\\\\n#17 0x560de403be76 \\\\u003Cunknown>\\\\n#18 0x7f4e9309caa4 \\\\u003Cunknown>\\\\n#19 0x7f4e93129c3c \\\\u003Cunknown>\\\\n\"}}'}\n\n    def check_response(self, response: Dict[str, Any]) -> None:\n        \"\"\"Checks that a JSON response from the WebDriver does not have an\n        error.\n    \n        :Args:\n         - response - The JSON response from the WebDriver server as a dictionary\n           object.\n    \n        :Raises: If the response contains an error message.\n        \"\"\"\n        status = response.get(\"status\", None)\n        if not status or status == ErrorCode.SUCCESS:\n            return\n        value = None\n        message = response.get(\"message\", \"\")\n        screen: str = response.get(\"screen\", \"\")\n        stacktrace = None\n        if isinstance(status, int):\n            value_json = response.get(\"value\", None)\n            if value_json and isinstance(value_json, str):\n                import json\n    \n                try:\n                    value = json.loads(value_json)\n                    if len(value) == 1:\n                        value = value[\"value\"]\n                    status = value.get(\"error\", None)\n                    if not status:\n                        status = value.get(\"status\", ErrorCode.UNKNOWN_ERROR)\n                        message = value.get(\"value\") or value.get(\"message\")\n                        if not isinstance(message, str):\n                            value = message\n                            message = message.get(\"message\")\n                    else:\n                        message = value.get(\"message\", None)\n                except ValueError:\n                    pass\n    \n        exception_class: Type[WebDriverException]\n        e = ErrorCode()\n        error_codes = [item for item in dir(e) if not item.startswith(\"__\")]\n        for error_code in error_codes:\n            error_info = getattr(ErrorCode, error_code)\n            if isinstance(error_info, list) and status in error_info:\n                exception_class = getattr(ExceptionMapping, error_code, WebDriverException)\n                break\n        else:\n            exception_class = WebDriverException\n    \n        if not value:\n            value = response[\"value\"]\n        if isinstance(value, str):\n            raise exception_class(value)\n        if message == \"\" and \"message\" in value:\n            message = value[\"message\"]\n    \n        screen = None  # type: ignore[assignment]\n        if \"screen\" in value:\n            screen = value[\"screen\"]\n    \n        stacktrace = None\n        st_value = value.get(\"stackTrace\") or value.get(\"stacktrace\")\n        if st_value:\n            if isinstance(st_value, str):\n                stacktrace = st_value.split(\"\\n\")\n            else:\n                stacktrace = []\n                try:\n                    for frame in st_value:\n                        line = frame.get(\"lineNumber\", \"\")\n                        file = frame.get(\"fileName\", \"<anonymous>\")\n                        if line:\n                            file = f\"{file}:{line}\"\n                        meth = frame.get(\"methodName\", \"<anonymous>\")\n                        if \"className\" in frame:\n                            meth = f\"{frame['className']}.{meth}\"\n                        msg = \"    at %s (%s)\"\n                        msg = msg % (meth, file)\n                        stacktrace.append(msg)\n                except TypeError:\n                    pass\n        if exception_class == UnexpectedAlertPresentException:\n            alert_text = None\n            if \"data\" in value:\n                alert_text = value[\"data\"].get(\"text\")\n            elif \"alert\" in value:\n                alert_text = value[\"alert\"].get(\"text\")\n            raise exception_class(message, screen, stacktrace, alert_text)  # type: ignore[call-arg]  # mypy is not smart enough here\n>       raise exception_class(message, screen, stacktrace)\nE       selenium.common.exceptions.NoSuchElementException: Message: no such element: Unable to locate element: {\"method\":\"xpath\",\"selector\":\"//*[contains(text(), 'new_card')]\"}\nE         (Session info: chrome=135.0.7049.52); For documentation on this error, please visit: https://www.selenium.dev/documentation/webdriver/troubleshooting/errors#no-such-element-exception\nE       Stacktrace:\nE       #0 0x560de403cffa <unknown>\nE       #1 0x560de3afb970 <unknown>\nE       #2 0x560de3b4d385 <unknown>\nE       #3 0x560de3b4d5b1 <unknown>\nE       #4 0x560de3b9c3c4 <unknown>\nE       #5 0x560de3b732bd <unknown>\nE       #6 0x560de3b9970c <unknown>\nE       #7 0x560de3b73063 <unknown>\nE       #8 0x560de3b3f328 <unknown>\nE       #9 0x560de3b40491 <unknown>\nE       #10 0x560de400442b <unknown>\nE       #11 0x560de40082ec <unknown>\nE       #12 0x560de3feba22 <unknown>\nE       #13 0x560de4008e64 <unknown>\nE       #14 0x560de3fcfbef <unknown>\nE       #15 0x560de402b558 <unknown>\nE       #16 0x560de402b736 <unknown>\nE       #17 0x560de403be76 <unknown>\nE       #18 0x7f4e9309caa4 <unknown>\nE       #19 0x7f4e93129c3c <unknown>\n\n/opt/hostedtoolcache/Python/3.12.5/x64/lib/python3.12/site-packages/selenium/webdriver/remote/errorhandler.py:232: NoSuchElementException","flaky":false,"newFailed":false,"newBroken":false,"newPassed":false,"retriesCount":0,"retriesStatusChange":false,"beforeStages":[{"name":"driver","time":{"start":1743541879105,"stop":1743541879431,"duration":326},"status":"passed","steps":[],"attachments":[],"parameters":[],"shouldDisplayMessage":false,"stepsCount":0,"attachmentsCount":0,"hasContent":false,"attachmentStep":false},{"name":"setup","time":{"start":1743541879431,"stop":1743541879431,"duration":0},"status":"passed","steps":[],"attachments":[],"parameters":[],"shouldDisplayMessage":false,"stepsCount":0,"attachmentsCount":0,"hasContent":false,"attachmentStep":false}],"testStage":{"status":"broken","statusMessage":"selenium.common.exceptions.NoSuchElementException: Message: no such element: Unable to locate element: {\"method\":\"xpath\",\"selector\":\"//*[contains(text(), 'new_card')]\"}\n  (Session info: chrome=135.0.7049.52); For documentation on this error, please visit: https://www.selenium.dev/documentation/webdriver/troubleshooting/errors#no-such-element-exception\nStacktrace:\n#0 0x560de403cffa <unknown>\n#1 0x560de3afb970 <unknown>\n#2 0x560de3b4d385 <unknown>\n#3 0x560de3b4d5b1 <unknown>\n#4 0x560de3b9c3c4 <unknown>\n#5 0x560de3b732bd <unknown>\n#6 0x560de3b9970c <unknown>\n#7 0x560de3b73063 <unknown>\n#8 0x560de3b3f328 <unknown>\n#9 0x560de3b40491 <unknown>\n#10 0x560de400442b <unknown>\n#11 0x560de40082ec <unknown>\n#12 0x560de3feba22 <unknown>\n#13 0x560de4008e64 <unknown>\n#14 0x560de3fcfbef <unknown>\n#15 0x560de402b558 <unknown>\n#16 0x560de402b736 <unknown>\n#17 0x560de403be76 <unknown>\n#18 0x7f4e9309caa4 <unknown>\n#19 0x7f4e93129c3c <unknown>","statusTrace":"self = <tests.regression_ui.test_ui_regression.TestUIRegression object at 0x7f879309a5d0>\ndriver = <selenium.webdriver.chrome.webdriver.WebDriver (session=\"58ed974bcf79044230cd365f40044410\")>\n\n    @pytest.mark.TC000\n    @pytest.mark.TC006\n    @allure.title('Archive a card')\n    def test_archive_card(self, driver):\n        time.sleep(5)\n        with allure.step('Log in to Trello account'):\n            self.test_login(driver)\n    \n        with allure.step('Open a board and select a card'):\n            try:\n                WebDriverWait(driver, 30).until(EC.element_to_be_clickable((By.XPATH, self.SCC.Board.BOARD_TITLE))).click()\n                WebDriverWait(driver, 10).until(EC.visibility_of_element_located((By.XPATH, self.SCC.Board.LIST_TITLE))).click()\n                driver.find_element(By.XPATH, self.SCC.List.ADD_A_CARD_BUTTON).click()\n                driver.find_element(By.XPATH, self.SCC.List.CARD_NAME_FIELD).click()\n                time.sleep(1)\n                driver.find_element(By.XPATH, self.SCC.List.CARD_NAME_FIELD).send_keys('new_card')\n                driver.find_element(By.XPATH, self.SCC.List.ADD_CARD_SUBMIT_BUTTOMN).click()\n                time.sleep(2)\n            except Exception as e:\n                log.info(\"An error occurred: \", str(e))\n    \n        with allure.step('Click the card to open and archive it'):\n>           driver.find_element(By.XPATH, self.SCC.List.CARD_TO_ARCHIVE).click()\n\ntests/regression_ui/test_ui_regression.py:206: \n_ _ _ _ _ _ _ _ _ _ _ _ _ _ _ _ _ _ _ _ _ _ _ _ _ _ _ _ _ _ _ _ _ _ _ _ _ _ _ _ \n/opt/hostedtoolcache/Python/3.12.5/x64/lib/python3.12/site-packages/selenium/webdriver/remote/webdriver.py:770: in find_element\n    return self.execute(Command.FIND_ELEMENT, {\"using\": by, \"value\": value})[\"value\"]\n/opt/hostedtoolcache/Python/3.12.5/x64/lib/python3.12/site-packages/selenium/webdriver/remote/webdriver.py:384: in execute\n    self.error_handler.check_response(response)\n_ _ _ _ _ _ _ _ _ _ _ _ _ _ _ _ _ _ _ _ _ _ _ _ _ _ _ _ _ _ _ _ _ _ _ _ _ _ _ _ \n\nself = <selenium.webdriver.remote.errorhandler.ErrorHandler object at 0x7f87930a1160>\nresponse = {'status': 404, 'value': '{\"value\":{\"error\":\"no such element\",\"message\":\"no such element: Unable to locate element: {\\...\\\\n#17 0x560de403be76 \\\\u003Cunknown>\\\\n#18 0x7f4e9309caa4 \\\\u003Cunknown>\\\\n#19 0x7f4e93129c3c \\\\u003Cunknown>\\\\n\"}}'}\n\n    def check_response(self, response: Dict[str, Any]) -> None:\n        \"\"\"Checks that a JSON response from the WebDriver does not have an\n        error.\n    \n        :Args:\n         - response - The JSON response from the WebDriver server as a dictionary\n           object.\n    \n        :Raises: If the response contains an error message.\n        \"\"\"\n        status = response.get(\"status\", None)\n        if not status or status == ErrorCode.SUCCESS:\n            return\n        value = None\n        message = response.get(\"message\", \"\")\n        screen: str = response.get(\"screen\", \"\")\n        stacktrace = None\n        if isinstance(status, int):\n            value_json = response.get(\"value\", None)\n            if value_json and isinstance(value_json, str):\n                import json\n    \n                try:\n                    value = json.loads(value_json)\n                    if len(value) == 1:\n                        value = value[\"value\"]\n                    status = value.get(\"error\", None)\n                    if not status:\n                        status = value.get(\"status\", ErrorCode.UNKNOWN_ERROR)\n                        message = value.get(\"value\") or value.get(\"message\")\n                        if not isinstance(message, str):\n                            value = message\n                            message = message.get(\"message\")\n                    else:\n                        message = value.get(\"message\", None)\n                except ValueError:\n                    pass\n    \n        exception_class: Type[WebDriverException]\n        e = ErrorCode()\n        error_codes = [item for item in dir(e) if not item.startswith(\"__\")]\n        for error_code in error_codes:\n            error_info = getattr(ErrorCode, error_code)\n            if isinstance(error_info, list) and status in error_info:\n                exception_class = getattr(ExceptionMapping, error_code, WebDriverException)\n                break\n        else:\n            exception_class = WebDriverException\n    \n        if not value:\n            value = response[\"value\"]\n        if isinstance(value, str):\n            raise exception_class(value)\n        if message == \"\" and \"message\" in value:\n            message = value[\"message\"]\n    \n        screen = None  # type: ignore[assignment]\n        if \"screen\" in value:\n            screen = value[\"screen\"]\n    \n        stacktrace = None\n        st_value = value.get(\"stackTrace\") or value.get(\"stacktrace\")\n        if st_value:\n            if isinstance(st_value, str):\n                stacktrace = st_value.split(\"\\n\")\n            else:\n                stacktrace = []\n                try:\n                    for frame in st_value:\n                        line = frame.get(\"lineNumber\", \"\")\n                        file = frame.get(\"fileName\", \"<anonymous>\")\n                        if line:\n                            file = f\"{file}:{line}\"\n                        meth = frame.get(\"methodName\", \"<anonymous>\")\n                        if \"className\" in frame:\n                            meth = f\"{frame['className']}.{meth}\"\n                        msg = \"    at %s (%s)\"\n                        msg = msg % (meth, file)\n                        stacktrace.append(msg)\n                except TypeError:\n                    pass\n        if exception_class == UnexpectedAlertPresentException:\n            alert_text = None\n            if \"data\" in value:\n                alert_text = value[\"data\"].get(\"text\")\n            elif \"alert\" in value:\n                alert_text = value[\"alert\"].get(\"text\")\n            raise exception_class(message, screen, stacktrace, alert_text)  # type: ignore[call-arg]  # mypy is not smart enough here\n>       raise exception_class(message, screen, stacktrace)\nE       selenium.common.exceptions.NoSuchElementException: Message: no such element: Unable to locate element: {\"method\":\"xpath\",\"selector\":\"//*[contains(text(), 'new_card')]\"}\nE         (Session info: chrome=135.0.7049.52); For documentation on this error, please visit: https://www.selenium.dev/documentation/webdriver/troubleshooting/errors#no-such-element-exception\nE       Stacktrace:\nE       #0 0x560de403cffa <unknown>\nE       #1 0x560de3afb970 <unknown>\nE       #2 0x560de3b4d385 <unknown>\nE       #3 0x560de3b4d5b1 <unknown>\nE       #4 0x560de3b9c3c4 <unknown>\nE       #5 0x560de3b732bd <unknown>\nE       #6 0x560de3b9970c <unknown>\nE       #7 0x560de3b73063 <unknown>\nE       #8 0x560de3b3f328 <unknown>\nE       #9 0x560de3b40491 <unknown>\nE       #10 0x560de400442b <unknown>\nE       #11 0x560de40082ec <unknown>\nE       #12 0x560de3feba22 <unknown>\nE       #13 0x560de4008e64 <unknown>\nE       #14 0x560de3fcfbef <unknown>\nE       #15 0x560de402b558 <unknown>\nE       #16 0x560de402b736 <unknown>\nE       #17 0x560de403be76 <unknown>\nE       #18 0x7f4e9309caa4 <unknown>\nE       #19 0x7f4e93129c3c <unknown>\n\n/opt/hostedtoolcache/Python/3.12.5/x64/lib/python3.12/site-packages/selenium/webdriver/remote/errorhandler.py:232: NoSuchElementException","steps":[{"name":"Log in to Trello account","time":{"start":1743541884432,"stop":1743541890334,"duration":5902},"status":"passed","steps":[{"name":"Navigate to the Trello page and enter valid credentials (email, password, and 6-digits verification code)","time":{"start":1743541884432,"stop":1743541890334,"duration":5902},"status":"passed","steps":[],"attachments":[],"parameters":[],"shouldDisplayMessage":false,"stepsCount":0,"attachmentsCount":0,"hasContent":false,"attachmentStep":false}],"attachments":[],"parameters":[],"shouldDisplayMessage":false,"stepsCount":1,"attachmentsCount":0,"hasContent":true,"attachmentStep":false},{"name":"Open a board and select a card","time":{"start":1743541890334,"stop":1743541920633,"duration":30299},"status":"passed","steps":[],"attachments":[],"parameters":[],"shouldDisplayMessage":false,"stepsCount":0,"attachmentsCount":0,"hasContent":false,"attachmentStep":false},{"name":"Click the card to open and archive it","time":{"start":1743541920633,"stop":1743541920648,"duration":15},"status":"broken","statusMessage":"selenium.common.exceptions.NoSuchElementException: Message: no such element: Unable to locate element: {\"method\":\"xpath\",\"selector\":\"//*[contains(text(), 'new_card')]\"}\n  (Session info: chrome=135.0.7049.52); For documentation on this error, please visit: https://www.selenium.dev/documentation/webdriver/troubleshooting/errors#no-such-element-exception\nStacktrace:\n#0 0x560de403cffa <unknown>\n#1 0x560de3afb970 <unknown>\n#2 0x560de3b4d385 <unknown>\n#3 0x560de3b4d5b1 <unknown>\n#4 0x560de3b9c3c4 <unknown>\n#5 0x560de3b732bd <unknown>\n#6 0x560de3b9970c <unknown>\n#7 0x560de3b73063 <unknown>\n#8 0x560de3b3f328 <unknown>\n#9 0x560de3b40491 <unknown>\n#10 0x560de400442b <unknown>\n#11 0x560de40082ec <unknown>\n#12 0x560de3feba22 <unknown>\n#13 0x560de4008e64 <unknown>\n#14 0x560de3fcfbef <unknown>\n#15 0x560de402b558 <unknown>\n#16 0x560de402b736 <unknown>\n#17 0x560de403be76 <unknown>\n#18 0x7f4e9309caa4 <unknown>\n#19 0x7f4e93129c3c <unknown>\n\n","statusTrace":"  File \"/home/runner/work/pythonSelenium/pythonSelenium/tests/regression_ui/test_ui_regression.py\", line 206, in test_archive_card\n    driver.find_element(By.XPATH, self.SCC.List.CARD_TO_ARCHIVE).click()\n    ^^^^^^^^^^^^^^^^^^^^^^^^^^^^^^^^^^^^^^^^^^^^^^^^^^^^^^^^^^^^\n  File \"/opt/hostedtoolcache/Python/3.12.5/x64/lib/python3.12/site-packages/selenium/webdriver/remote/webdriver.py\", line 770, in find_element\n    return self.execute(Command.FIND_ELEMENT, {\"using\": by, \"value\": value})[\"value\"]\n           ^^^^^^^^^^^^^^^^^^^^^^^^^^^^^^^^^^^^^^^^^^^^^^^^^^^^^^^^^^^^^^^^^\n  File \"/opt/hostedtoolcache/Python/3.12.5/x64/lib/python3.12/site-packages/selenium/webdriver/remote/webdriver.py\", line 384, in execute\n    self.error_handler.check_response(response)\n  File \"/opt/hostedtoolcache/Python/3.12.5/x64/lib/python3.12/site-packages/selenium/webdriver/remote/errorhandler.py\", line 232, in check_response\n    raise exception_class(message, screen, stacktrace)\n","steps":[],"attachments":[],"parameters":[],"shouldDisplayMessage":true,"stepsCount":0,"attachmentsCount":0,"hasContent":true,"attachmentStep":false}],"attachments":[{"uid":"d50d727b06643291","name":"log","source":"d50d727b06643291.txt","type":"text/plain","size":360}],"parameters":[],"shouldDisplayMessage":true,"stepsCount":4,"attachmentsCount":1,"hasContent":true,"attachmentStep":false},"afterStages":[{"name":"driver::0","time":{"start":1743541920681,"stop":1743541920750,"duration":69},"status":"passed","steps":[],"attachments":[],"parameters":[],"shouldDisplayMessage":false,"stepsCount":0,"attachmentsCount":0,"hasContent":false,"attachmentStep":false}],"labels":[{"name":"tag","value":"TC006"},{"name":"tag","value":"TC000"},{"name":"parentSuite","value":"tests.regression_ui"},{"name":"suite","value":"test_ui_regression"},{"name":"subSuite","value":"TestUIRegression"},{"name":"host","value":"fv-az1694-247"},{"name":"thread","value":"4650-MainThread"},{"name":"framework","value":"pytest"},{"name":"language","value":"cpython3"},{"name":"package","value":"tests.regression_ui.test_ui_regression"},{"name":"resultFormat","value":"allure2"}],"parameters":[],"links":[],"hidden":false,"retry":false,"extra":{"severity":"normal","retries":[],"categories":[{"name":"Test defects","matchedStatuses":[]}],"history":{"statistic":{"failed":22,"broken":71,"skipped":0,"passed":556,"unknown":0,"total":649},"items":[{"uid":"476ca732397d4e12","status":"broken","statusDetails":"selenium.common.exceptions.NoSuchElementException: Message: no such element: Unable to locate element: {\"method\":\"xpath\",\"selector\":\"//*[contains(text(), 'new_card')]\"}\n  (Session info: chrome=135.0.7049.52); For documentation on this error, please visit: https://www.selenium.dev/documentation/webdriver/troubleshooting/errors#no-such-element-exception\nStacktrace:\n#0 0x55d1845e1ffa <unknown>\n#1 0x55d1840a0970 <unknown>\n#2 0x55d1840f2385 <unknown>\n#3 0x55d1840f25b1 <unknown>\n#4 0x55d1841413c4 <unknown>\n#5 0x55d1841182bd <unknown>\n#6 0x55d18413e70c <unknown>\n#7 0x55d184118063 <unknown>\n#8 0x55d1840e4328 <unknown>\n#9 0x55d1840e5491 <unknown>\n#10 0x55d1845a942b <unknown>\n#11 0x55d1845ad2ec <unknown>\n#12 0x55d184590a22 <unknown>\n#13 0x55d1845ade64 <unknown>\n#14 0x55d184574bef <unknown>\n#15 0x55d1845d0558 <unknown>\n#16 0x55d1845d0736 <unknown>\n#17 0x55d1845e0e76 <unknown>\n#18 0x7fc978a9caa4 <unknown>\n#19 0x7fc978b29c3c <unknown>","time":{"start":1743531293578,"stop":1743531314889,"duration":21311}},{"uid":"6032239cd506820f","status":"broken","statusDetails":"selenium.common.exceptions.NoSuchElementException: Message: no such element: Unable to locate element: {\"method\":\"xpath\",\"selector\":\"//*[contains(text(), 'new_card')]\"}\n  (Session info: chrome=134.0.6998.165); For documentation on this error, please visit: https://www.selenium.dev/documentation/webdriver/troubleshooting/errors#no-such-element-exception\nStacktrace:\n#0 0x55b564c03a1a <unknown>\n#1 0x55b5646bb390 <unknown>\n#2 0x55b56470cc85 <unknown>\n#3 0x55b56470ceb1 <unknown>\n#4 0x55b56475bd64 <unknown>\n#5 0x55b564732bfd <unknown>\n#6 0x55b56475907b <unknown>\n#7 0x55b5647329a3 <unknown>\n#8 0x55b5646fe60e <unknown>\n#9 0x55b5646ffdd1 <unknown>\n#10 0x55b564bc9ddb <unknown>\n#11 0x55b564bcdcbc <unknown>\n#12 0x55b564bb1392 <unknown>\n#13 0x55b564bce834 <unknown>\n#14 0x55b564b951ef <unknown>\n#15 0x55b564bf2038 <unknown>\n#16 0x55b564bf2216 <unknown>\n#17 0x55b564c02896 <unknown>\n#18 0x7f4b2a69caa4 <unknown>\n#19 0x7f4b2a729c3c <unknown>","time":{"start":1743520373464,"stop":1743520414719,"duration":41255}},{"uid":"354f672be2eee9d0","status":"passed","time":{"start":1743509973298,"stop":1743509993177,"duration":19879}},{"uid":"eef79bd1269505f3","status":"passed","time":{"start":1743498751980,"stop":1743498772460,"duration":20480}},{"uid":"168a38a43c37f29f","status":"broken","statusDetails":"selenium.common.exceptions.NoSuchElementException: Message: no such element: Unable to locate element: {\"method\":\"xpath\",\"selector\":\"//*[contains(text(), 'new_card')]\"}\n  (Session info: chrome=134.0.6998.165); For documentation on this error, please visit: https://www.selenium.dev/documentation/webdriver/troubleshooting/errors#no-such-element-exception\nStacktrace:\n#0 0x555e6211da1a <unknown>\n#1 0x555e61bd5390 <unknown>\n#2 0x555e61c26c85 <unknown>\n#3 0x555e61c26eb1 <unknown>\n#4 0x555e61c75d64 <unknown>\n#5 0x555e61c4cbfd <unknown>\n#6 0x555e61c7307b <unknown>\n#7 0x555e61c4c9a3 <unknown>\n#8 0x555e61c1860e <unknown>\n#9 0x555e61c19dd1 <unknown>\n#10 0x555e620e3ddb <unknown>\n#11 0x555e620e7cbc <unknown>\n#12 0x555e620cb392 <unknown>\n#13 0x555e620e8834 <unknown>\n#14 0x555e620af1ef <unknown>\n#15 0x555e6210c038 <unknown>\n#16 0x555e6210c216 <unknown>\n#17 0x555e6211c896 <unknown>\n#18 0x7fdf1189caa4 <unknown>\n#19 0x7fdf11929c3c <unknown>","time":{"start":1743488214369,"stop":1743488236305,"duration":21936}},{"uid":"4b5e7972075d20c3","status":"broken","statusDetails":"selenium.common.exceptions.NoSuchElementException: Message: no such element: Unable to locate element: {\"method\":\"xpath\",\"selector\":\"//*[contains(text(), 'new_card')]\"}\n  (Session info: chrome=134.0.6998.165); For documentation on this error, please visit: https://www.selenium.dev/documentation/webdriver/troubleshooting/errors#no-such-element-exception\nStacktrace:\n#0 0x561262976a1a <unknown>\n#1 0x56126242e390 <unknown>\n#2 0x56126247fc85 <unknown>\n#3 0x56126247feb1 <unknown>\n#4 0x5612624ced64 <unknown>\n#5 0x5612624a5bfd <unknown>\n#6 0x5612624cc07b <unknown>\n#7 0x5612624a59a3 <unknown>\n#8 0x56126247160e <unknown>\n#9 0x561262472dd1 <unknown>\n#10 0x56126293cddb <unknown>\n#11 0x561262940cbc <unknown>\n#12 0x561262924392 <unknown>\n#13 0x561262941834 <unknown>\n#14 0x5612629081ef <unknown>\n#15 0x561262965038 <unknown>\n#16 0x561262965216 <unknown>\n#17 0x561262975896 <unknown>\n#18 0x7fac8f69caa4 <unknown>\n#19 0x7fac8f729c3c <unknown>","time":{"start":1743478781251,"stop":1743478822386,"duration":41135}},{"uid":"f1dd49d0b48909cb","status":"broken","statusDetails":"selenium.common.exceptions.NoSuchElementException: Message: no such element: Unable to locate element: {\"method\":\"xpath\",\"selector\":\"//*[contains(text(), 'new_card')]\"}\n  (Session info: chrome=134.0.6998.165); For documentation on this error, please visit: https://www.selenium.dev/documentation/webdriver/troubleshooting/errors#no-such-element-exception\nStacktrace:\n#0 0x563deedd2a1a <unknown>\n#1 0x563dee88a390 <unknown>\n#2 0x563dee8dbc85 <unknown>\n#3 0x563dee8dbeb1 <unknown>\n#4 0x563dee92ad64 <unknown>\n#5 0x563dee901bfd <unknown>\n#6 0x563dee92807b <unknown>\n#7 0x563dee9019a3 <unknown>\n#8 0x563dee8cd60e <unknown>\n#9 0x563dee8cedd1 <unknown>\n#10 0x563deed98ddb <unknown>\n#11 0x563deed9ccbc <unknown>\n#12 0x563deed80392 <unknown>\n#13 0x563deed9d834 <unknown>\n#14 0x563deed641ef <unknown>\n#15 0x563deedc1038 <unknown>\n#16 0x563deedc1216 <unknown>\n#17 0x563deedd1896 <unknown>\n#18 0x7febd129caa4 <unknown>\n#19 0x7febd1329c3c <unknown>","time":{"start":1743468799123,"stop":1743468840893,"duration":41770}},{"uid":"db937c71bbe93ce2","status":"passed","time":{"start":1743455458024,"stop":1743455478839,"duration":20815}},{"uid":"9cbf88328341b7d4","status":"passed","time":{"start":1743444897164,"stop":1743444917113,"duration":19949}},{"uid":"33703ead26fc5622","status":"passed","time":{"start":1743433919621,"stop":1743433940348,"duration":20727}},{"uid":"fcc361040191b412","status":"broken","statusDetails":"selenium.common.exceptions.NoSuchElementException: Message: no such element: Unable to locate element: {\"method\":\"xpath\",\"selector\":\"//*[contains(text(), 'new_card')]\"}\n  (Session info: chrome=134.0.6998.165); For documentation on this error, please visit: https://www.selenium.dev/documentation/webdriver/troubleshooting/errors#no-such-element-exception\nStacktrace:\n#0 0x55b2def92ffa <unknown>\n#1 0x55b2dea51970 <unknown>\n#2 0x55b2deaa3385 <unknown>\n#3 0x55b2deaa35b1 <unknown>\n#4 0x55b2deaf23c4 <unknown>\n#5 0x55b2deac92bd <unknown>\n#6 0x55b2deaef70c <unknown>\n#7 0x55b2deac9063 <unknown>\n#8 0x55b2dea95328 <unknown>\n#9 0x55b2dea96491 <unknown>\n#10 0x55b2def5a42b <unknown>\n#11 0x55b2def5e2ec <unknown>\n#12 0x55b2def41a22 <unknown>\n#13 0x55b2def5ee64 <unknown>\n#14 0x55b2def25bef <unknown>\n#15 0x55b2def81558 <unknown>\n#16 0x55b2def81736 <unknown>\n#17 0x55b2def91e76 <unknown>\n#18 0x7f5902c9caa4 <unknown>\n#19 0x7f5902d29c3c <unknown>","time":{"start":1743423592414,"stop":1743423633633,"duration":41219}},{"uid":"c6feb8ac1786d757","status":"passed","time":{"start":1743412379990,"stop":1743412400047,"duration":20057}},{"uid":"3777e8b590031b4e","status":"broken","statusDetails":"selenium.common.exceptions.NoSuchElementException: Message: no such element: Unable to locate element: {\"method\":\"xpath\",\"selector\":\"//*[contains(text(), 'new_card')]\"}\n  (Session info: chrome=134.0.6998.165); For documentation on this error, please visit: https://www.selenium.dev/documentation/webdriver/troubleshooting/errors#no-such-element-exception\nStacktrace:\n#0 0x56342c0baffa <unknown>\n#1 0x56342bb79970 <unknown>\n#2 0x56342bbcb385 <unknown>\n#3 0x56342bbcb5b1 <unknown>\n#4 0x56342bc1a3c4 <unknown>\n#5 0x56342bbf12bd <unknown>\n#6 0x56342bc1770c <unknown>\n#7 0x56342bbf1063 <unknown>\n#8 0x56342bbbd328 <unknown>\n#9 0x56342bbbe491 <unknown>\n#10 0x56342c08242b <unknown>\n#11 0x56342c0862ec <unknown>\n#12 0x56342c069a22 <unknown>\n#13 0x56342c086e64 <unknown>\n#14 0x56342c04dbef <unknown>\n#15 0x56342c0a9558 <unknown>\n#16 0x56342c0a9736 <unknown>\n#17 0x56342c0b9e76 <unknown>\n#18 0x7ff473c9caa4 <unknown>\n#19 0x7ff473d29c3c <unknown>","time":{"start":1743401803265,"stop":1743401844526,"duration":41261}},{"uid":"8864729ae1f27b05","status":"broken","statusDetails":"selenium.common.exceptions.NoSuchElementException: Message: no such element: Unable to locate element: {\"method\":\"xpath\",\"selector\":\"//*[contains(text(), 'new_card')]\"}\n  (Session info: chrome=134.0.6998.165); For documentation on this error, please visit: https://www.selenium.dev/documentation/webdriver/troubleshooting/errors#no-such-element-exception\nStacktrace:\n#0 0x55c6f44c0a1a <unknown>\n#1 0x55c6f3f78390 <unknown>\n#2 0x55c6f3fc9c85 <unknown>\n#3 0x55c6f3fc9eb1 <unknown>\n#4 0x55c6f4018d64 <unknown>\n#5 0x55c6f3fefbfd <unknown>\n#6 0x55c6f401607b <unknown>\n#7 0x55c6f3fef9a3 <unknown>\n#8 0x55c6f3fbb60e <unknown>\n#9 0x55c6f3fbcdd1 <unknown>\n#10 0x55c6f4486ddb <unknown>\n#11 0x55c6f448acbc <unknown>\n#12 0x55c6f446e392 <unknown>\n#13 0x55c6f448b834 <unknown>\n#14 0x55c6f44521ef <unknown>\n#15 0x55c6f44af038 <unknown>\n#16 0x55c6f44af216 <unknown>\n#17 0x55c6f44bf896 <unknown>\n#18 0x7fbb1b89caa4 <unknown>\n#19 0x7fbb1b929c3c <unknown>","time":{"start":1743392025443,"stop":1743392067236,"duration":41793}},{"uid":"f0dcb2824174bbb2","status":"broken","statusDetails":"selenium.common.exceptions.NoSuchElementException: Message: no such element: Unable to locate element: {\"method\":\"xpath\",\"selector\":\"//*[contains(text(), 'new_card')]\"}\n  (Session info: chrome=134.0.6998.165); For documentation on this error, please visit: https://www.selenium.dev/documentation/webdriver/troubleshooting/errors#no-such-element-exception\nStacktrace:\n#0 0x5624ef959ffa <unknown>\n#1 0x5624ef418970 <unknown>\n#2 0x5624ef46a385 <unknown>\n#3 0x5624ef46a5b1 <unknown>\n#4 0x5624ef4b93c4 <unknown>\n#5 0x5624ef4902bd <unknown>\n#6 0x5624ef4b670c <unknown>\n#7 0x5624ef490063 <unknown>\n#8 0x5624ef45c328 <unknown>\n#9 0x5624ef45d491 <unknown>\n#10 0x5624ef92142b <unknown>\n#11 0x5624ef9252ec <unknown>\n#12 0x5624ef908a22 <unknown>\n#13 0x5624ef925e64 <unknown>\n#14 0x5624ef8ecbef <unknown>\n#15 0x5624ef948558 <unknown>\n#16 0x5624ef948736 <unknown>\n#17 0x5624ef958e76 <unknown>\n#18 0x7f42e709caa4 <unknown>\n#19 0x7f42e7129c3c <unknown>","time":{"start":1743382134606,"stop":1743382175923,"duration":41317}},{"uid":"5599df151ae748c9","status":"broken","statusDetails":"selenium.common.exceptions.NoSuchElementException: Message: no such element: Unable to locate element: {\"method\":\"xpath\",\"selector\":\"//*[contains(text(), 'new_card')]\"}\n  (Session info: chrome=134.0.6998.165); For documentation on this error, please visit: https://www.selenium.dev/documentation/webdriver/troubleshooting/errors#no-such-element-exception\nStacktrace:\n#0 0x561ca8f50ffa <unknown>\n#1 0x561ca8a0f970 <unknown>\n#2 0x561ca8a61385 <unknown>\n#3 0x561ca8a615b1 <unknown>\n#4 0x561ca8ab03c4 <unknown>\n#5 0x561ca8a872bd <unknown>\n#6 0x561ca8aad70c <unknown>\n#7 0x561ca8a87063 <unknown>\n#8 0x561ca8a53328 <unknown>\n#9 0x561ca8a54491 <unknown>\n#10 0x561ca8f1842b <unknown>\n#11 0x561ca8f1c2ec <unknown>\n#12 0x561ca8effa22 <unknown>\n#13 0x561ca8f1ce64 <unknown>\n#14 0x561ca8ee3bef <unknown>\n#15 0x561ca8f3f558 <unknown>\n#16 0x561ca8f3f736 <unknown>\n#17 0x561ca8f4fe76 <unknown>\n#18 0x7fe5ff29caa4 <unknown>\n#19 0x7fe5ff329c3c <unknown>","time":{"start":1743369082380,"stop":1743369124186,"duration":41806}},{"uid":"ccb600b6fad7b706","status":"passed","time":{"start":1743358377656,"stop":1743358397604,"duration":19948}},{"uid":"250c4db8364c79d","status":"passed","time":{"start":1743347427190,"stop":1743347447435,"duration":20245}},{"uid":"a5da1f13a1b269c8","status":"broken","statusDetails":"selenium.common.exceptions.NoSuchElementException: Message: no such element: Unable to locate element: {\"method\":\"xpath\",\"selector\":\"//*[contains(text(), 'new_card')]\"}\n  (Session info: chrome=134.0.6998.165); For documentation on this error, please visit: https://www.selenium.dev/documentation/webdriver/troubleshooting/errors#no-such-element-exception\nStacktrace:\n#0 0x55ab98716ffa <unknown>\n#1 0x55ab981d5970 <unknown>\n#2 0x55ab98227385 <unknown>\n#3 0x55ab982275b1 <unknown>\n#4 0x55ab982763c4 <unknown>\n#5 0x55ab9824d2bd <unknown>\n#6 0x55ab9827370c <unknown>\n#7 0x55ab9824d063 <unknown>\n#8 0x55ab98219328 <unknown>\n#9 0x55ab9821a491 <unknown>\n#10 0x55ab986de42b <unknown>\n#11 0x55ab986e22ec <unknown>\n#12 0x55ab986c5a22 <unknown>\n#13 0x55ab986e2e64 <unknown>\n#14 0x55ab986a9bef <unknown>\n#15 0x55ab98705558 <unknown>\n#16 0x55ab98705736 <unknown>\n#17 0x55ab98715e76 <unknown>\n#18 0x7f52c969caa4 <unknown>\n#19 0x7f52c9729c3c <unknown>","time":{"start":1743337046919,"stop":1743337068239,"duration":21320}},{"uid":"4e43c980e4f3d79b","status":"passed","time":{"start":1743325860304,"stop":1743325880401,"duration":20097}}]},"tags":["TC006","TC000"]},"source":"cf3f5d846034d0fc.json","parameterValues":[]}