{"uid":"d08fb7009c7140c3","name":"Label a Card","fullName":"tests.regression_ui.test_ui_regression.TestUIRegression#test_label_card","historyId":"81bf587fe9f2db9e87ee2dc06e7308b0","time":{"start":1740885699770,"stop":1740885714251,"duration":14481},"status":"broken","statusMessage":"selenium.common.exceptions.TimeoutException: Message: \nStacktrace:\n#0 0x55578432bbea <unknown>\n#1 0x555783dc97d0 <unknown>\n#2 0x555783e1acc0 <unknown>\n#3 0x555783e1ae41 <unknown>\n#4 0x555783e69984 <unknown>\n#5 0x555783e40abd <unknown>\n#6 0x555783e66d0c <unknown>\n#7 0x555783e40863 <unknown>\n#8 0x555783e0cac8 <unknown>\n#9 0x555783e0dc31 <unknown>\n#10 0x5557842f518b <unknown>\n#11 0x5557842f9112 <unknown>\n#12 0x5557842e204c <unknown>\n#13 0x5557842f9d04 <unknown>\n#14 0x5557842c64bf <unknown>\n#15 0x55578431a528 <unknown>\n#16 0x55578431a6f9 <unknown>\n#17 0x55578432aa66 <unknown>\n#18 0x7ff2b989caa4 <unknown>\n#19 0x7ff2b9929c3c <unknown>","statusTrace":"self = <tests.regression_ui.test_ui_regression.TestUIRegression object at 0x7f6644cb2900>\ndriver = <selenium.webdriver.chrome.webdriver.WebDriver (session=\"6b0b4262203cf078e5964693f05665bb\")>\n\n    @pytest.mark.TC000\n    @pytest.mark.TC007\n    @allure.title('Label a Card')\n    def test_label_card(self, driver):\n        time.sleep(4)\n        with allure.step('Log in to Trello account'):\n>           self.test_login(driver)\n\ntests/regression_ui/test_ui_regression.py:223: \n_ _ _ _ _ _ _ _ _ _ _ _ _ _ _ _ _ _ _ _ _ _ _ _ _ _ _ _ _ _ _ _ _ _ _ _ _ _ _ _ \ntests/regression_ui/test_ui_regression.py:62: in test_login\n    el_user_name = WebDriverWait(driver, 10).until(EC.element_to_be_clickable(\n_ _ _ _ _ _ _ _ _ _ _ _ _ _ _ _ _ _ _ _ _ _ _ _ _ _ _ _ _ _ _ _ _ _ _ _ _ _ _ _ \n\nself = <selenium.webdriver.support.wait.WebDriverWait (session=\"6b0b4262203cf078e5964693f05665bb\")>\nmethod = <function element_to_be_clickable.<locals>._predicate at 0x7f6644bcaac0>\nmessage = ''\n\n    def until(self, method: Callable[[D], Union[Literal[False], T]], message: str = \"\") -> T:\n        \"\"\"Calls the method provided with the driver as an argument until the \\\n        return value does not evaluate to ``False``.\n    \n        :param method: callable(WebDriver)\n        :param message: optional message for :exc:`TimeoutException`\n        :returns: the result of the last call to `method`\n        :raises: :exc:`selenium.common.exceptions.TimeoutException` if timeout occurs\n        \"\"\"\n        screen = None\n        stacktrace = None\n    \n        end_time = time.monotonic() + self._timeout\n        while True:\n            try:\n                value = method(self._driver)\n                if value:\n                    return value\n            except self._ignored_exceptions as exc:\n                screen = getattr(exc, \"screen\", None)\n                stacktrace = getattr(exc, \"stacktrace\", None)\n            if time.monotonic() > end_time:\n                break\n            time.sleep(self._poll)\n>       raise TimeoutException(message, screen, stacktrace)\nE       selenium.common.exceptions.TimeoutException: Message: \nE       Stacktrace:\nE       #0 0x55578432bbea <unknown>\nE       #1 0x555783dc97d0 <unknown>\nE       #2 0x555783e1acc0 <unknown>\nE       #3 0x555783e1ae41 <unknown>\nE       #4 0x555783e69984 <unknown>\nE       #5 0x555783e40abd <unknown>\nE       #6 0x555783e66d0c <unknown>\nE       #7 0x555783e40863 <unknown>\nE       #8 0x555783e0cac8 <unknown>\nE       #9 0x555783e0dc31 <unknown>\nE       #10 0x5557842f518b <unknown>\nE       #11 0x5557842f9112 <unknown>\nE       #12 0x5557842e204c <unknown>\nE       #13 0x5557842f9d04 <unknown>\nE       #14 0x5557842c64bf <unknown>\nE       #15 0x55578431a528 <unknown>\nE       #16 0x55578431a6f9 <unknown>\nE       #17 0x55578432aa66 <unknown>\nE       #18 0x7ff2b989caa4 <unknown>\nE       #19 0x7ff2b9929c3c <unknown>\n\n/opt/hostedtoolcache/Python/3.12.5/x64/lib/python3.12/site-packages/selenium/webdriver/support/wait.py:105: TimeoutException","flaky":false,"newFailed":false,"newBroken":false,"newPassed":false,"retriesCount":0,"retriesStatusChange":false,"beforeStages":[{"name":"driver","time":{"start":1740885699445,"stop":1740885699770,"duration":325},"status":"passed","steps":[],"attachments":[],"parameters":[],"shouldDisplayMessage":false,"stepsCount":0,"attachmentsCount":0,"hasContent":false,"attachmentStep":false},{"name":"setup","time":{"start":1740885699770,"stop":1740885699770,"duration":0},"status":"passed","steps":[],"attachments":[],"parameters":[],"shouldDisplayMessage":false,"stepsCount":0,"attachmentsCount":0,"hasContent":false,"attachmentStep":false}],"testStage":{"status":"broken","statusMessage":"selenium.common.exceptions.TimeoutException: Message: \nStacktrace:\n#0 0x55578432bbea <unknown>\n#1 0x555783dc97d0 <unknown>\n#2 0x555783e1acc0 <unknown>\n#3 0x555783e1ae41 <unknown>\n#4 0x555783e69984 <unknown>\n#5 0x555783e40abd <unknown>\n#6 0x555783e66d0c <unknown>\n#7 0x555783e40863 <unknown>\n#8 0x555783e0cac8 <unknown>\n#9 0x555783e0dc31 <unknown>\n#10 0x5557842f518b <unknown>\n#11 0x5557842f9112 <unknown>\n#12 0x5557842e204c <unknown>\n#13 0x5557842f9d04 <unknown>\n#14 0x5557842c64bf <unknown>\n#15 0x55578431a528 <unknown>\n#16 0x55578431a6f9 <unknown>\n#17 0x55578432aa66 <unknown>\n#18 0x7ff2b989caa4 <unknown>\n#19 0x7ff2b9929c3c <unknown>","statusTrace":"self = <tests.regression_ui.test_ui_regression.TestUIRegression object at 0x7f6644cb2900>\ndriver = <selenium.webdriver.chrome.webdriver.WebDriver (session=\"6b0b4262203cf078e5964693f05665bb\")>\n\n    @pytest.mark.TC000\n    @pytest.mark.TC007\n    @allure.title('Label a Card')\n    def test_label_card(self, driver):\n        time.sleep(4)\n        with allure.step('Log in to Trello account'):\n>           self.test_login(driver)\n\ntests/regression_ui/test_ui_regression.py:223: \n_ _ _ _ _ _ _ _ _ _ _ _ _ _ _ _ _ _ _ _ _ _ _ _ _ _ _ _ _ _ _ _ _ _ _ _ _ _ _ _ \ntests/regression_ui/test_ui_regression.py:62: in test_login\n    el_user_name = WebDriverWait(driver, 10).until(EC.element_to_be_clickable(\n_ _ _ _ _ _ _ _ _ _ _ _ _ _ _ _ _ _ _ _ _ _ _ _ _ _ _ _ _ _ _ _ _ _ _ _ _ _ _ _ \n\nself = <selenium.webdriver.support.wait.WebDriverWait (session=\"6b0b4262203cf078e5964693f05665bb\")>\nmethod = <function element_to_be_clickable.<locals>._predicate at 0x7f6644bcaac0>\nmessage = ''\n\n    def until(self, method: Callable[[D], Union[Literal[False], T]], message: str = \"\") -> T:\n        \"\"\"Calls the method provided with the driver as an argument until the \\\n        return value does not evaluate to ``False``.\n    \n        :param method: callable(WebDriver)\n        :param message: optional message for :exc:`TimeoutException`\n        :returns: the result of the last call to `method`\n        :raises: :exc:`selenium.common.exceptions.TimeoutException` if timeout occurs\n        \"\"\"\n        screen = None\n        stacktrace = None\n    \n        end_time = time.monotonic() + self._timeout\n        while True:\n            try:\n                value = method(self._driver)\n                if value:\n                    return value\n            except self._ignored_exceptions as exc:\n                screen = getattr(exc, \"screen\", None)\n                stacktrace = getattr(exc, \"stacktrace\", None)\n            if time.monotonic() > end_time:\n                break\n            time.sleep(self._poll)\n>       raise TimeoutException(message, screen, stacktrace)\nE       selenium.common.exceptions.TimeoutException: Message: \nE       Stacktrace:\nE       #0 0x55578432bbea <unknown>\nE       #1 0x555783dc97d0 <unknown>\nE       #2 0x555783e1acc0 <unknown>\nE       #3 0x555783e1ae41 <unknown>\nE       #4 0x555783e69984 <unknown>\nE       #5 0x555783e40abd <unknown>\nE       #6 0x555783e66d0c <unknown>\nE       #7 0x555783e40863 <unknown>\nE       #8 0x555783e0cac8 <unknown>\nE       #9 0x555783e0dc31 <unknown>\nE       #10 0x5557842f518b <unknown>\nE       #11 0x5557842f9112 <unknown>\nE       #12 0x5557842e204c <unknown>\nE       #13 0x5557842f9d04 <unknown>\nE       #14 0x5557842c64bf <unknown>\nE       #15 0x55578431a528 <unknown>\nE       #16 0x55578431a6f9 <unknown>\nE       #17 0x55578432aa66 <unknown>\nE       #18 0x7ff2b989caa4 <unknown>\nE       #19 0x7ff2b9929c3c <unknown>\n\n/opt/hostedtoolcache/Python/3.12.5/x64/lib/python3.12/site-packages/selenium/webdriver/support/wait.py:105: TimeoutException","steps":[{"name":"Log in to Trello account","time":{"start":1740885703771,"stop":1740885714250,"duration":10479},"status":"broken","statusMessage":"selenium.common.exceptions.TimeoutException: Message: \nStacktrace:\n#0 0x55578432bbea <unknown>\n#1 0x555783dc97d0 <unknown>\n#2 0x555783e1acc0 <unknown>\n#3 0x555783e1ae41 <unknown>\n#4 0x555783e69984 <unknown>\n#5 0x555783e40abd <unknown>\n#6 0x555783e66d0c <unknown>\n#7 0x555783e40863 <unknown>\n#8 0x555783e0cac8 <unknown>\n#9 0x555783e0dc31 <unknown>\n#10 0x5557842f518b <unknown>\n#11 0x5557842f9112 <unknown>\n#12 0x5557842e204c <unknown>\n#13 0x5557842f9d04 <unknown>\n#14 0x5557842c64bf <unknown>\n#15 0x55578431a528 <unknown>\n#16 0x55578431a6f9 <unknown>\n#17 0x55578432aa66 <unknown>\n#18 0x7ff2b989caa4 <unknown>\n#19 0x7ff2b9929c3c <unknown>\n\n","statusTrace":"  File \"/home/runner/work/pythonSelenium/pythonSelenium/tests/regression_ui/test_ui_regression.py\", line 223, in test_label_card\n    self.test_login(driver)\n  File \"/home/runner/work/pythonSelenium/pythonSelenium/tests/regression_ui/test_ui_regression.py\", line 62, in test_login\n    el_user_name = WebDriverWait(driver, 10).until(EC.element_to_be_clickable(\n                   ^^^^^^^^^^^^^^^^^^^^^^^^^^^^^^^^^^^^^^^^^^^^^^^^^^^^^^^^^^^\n  File \"/opt/hostedtoolcache/Python/3.12.5/x64/lib/python3.12/site-packages/selenium/webdriver/support/wait.py\", line 105, in until\n    raise TimeoutException(message, screen, stacktrace)\n","steps":[{"name":"Navigate to the Trello page and enter valid credentials (email, password, and 6-digits verification code)","time":{"start":1740885703771,"stop":1740885714250,"duration":10479},"status":"broken","statusMessage":"selenium.common.exceptions.TimeoutException: Message: \nStacktrace:\n#0 0x55578432bbea <unknown>\n#1 0x555783dc97d0 <unknown>\n#2 0x555783e1acc0 <unknown>\n#3 0x555783e1ae41 <unknown>\n#4 0x555783e69984 <unknown>\n#5 0x555783e40abd <unknown>\n#6 0x555783e66d0c <unknown>\n#7 0x555783e40863 <unknown>\n#8 0x555783e0cac8 <unknown>\n#9 0x555783e0dc31 <unknown>\n#10 0x5557842f518b <unknown>\n#11 0x5557842f9112 <unknown>\n#12 0x5557842e204c <unknown>\n#13 0x5557842f9d04 <unknown>\n#14 0x5557842c64bf <unknown>\n#15 0x55578431a528 <unknown>\n#16 0x55578431a6f9 <unknown>\n#17 0x55578432aa66 <unknown>\n#18 0x7ff2b989caa4 <unknown>\n#19 0x7ff2b9929c3c <unknown>\n\n","statusTrace":"  File \"/home/runner/work/pythonSelenium/pythonSelenium/tests/regression_ui/test_ui_regression.py\", line 62, in test_login\n    el_user_name = WebDriverWait(driver, 10).until(EC.element_to_be_clickable(\n                   ^^^^^^^^^^^^^^^^^^^^^^^^^^^^^^^^^^^^^^^^^^^^^^^^^^^^^^^^^^^\n  File \"/opt/hostedtoolcache/Python/3.12.5/x64/lib/python3.12/site-packages/selenium/webdriver/support/wait.py\", line 105, in until\n    raise TimeoutException(message, screen, stacktrace)\n","steps":[],"attachments":[],"parameters":[],"shouldDisplayMessage":true,"stepsCount":0,"attachmentsCount":0,"hasContent":true,"attachmentStep":false}],"attachments":[],"parameters":[],"shouldDisplayMessage":false,"stepsCount":1,"attachmentsCount":0,"hasContent":true,"attachmentStep":false}],"attachments":[],"parameters":[],"shouldDisplayMessage":true,"stepsCount":2,"attachmentsCount":0,"hasContent":true,"attachmentStep":false},"afterStages":[{"name":"driver::0","time":{"start":1740885714264,"stop":1740885714330,"duration":66},"status":"passed","steps":[],"attachments":[],"parameters":[],"shouldDisplayMessage":false,"stepsCount":0,"attachmentsCount":0,"hasContent":false,"attachmentStep":false}],"labels":[{"name":"tag","value":"TC007"},{"name":"tag","value":"TC000"},{"name":"parentSuite","value":"tests.regression_ui"},{"name":"suite","value":"test_ui_regression"},{"name":"subSuite","value":"TestUIRegression"},{"name":"host","value":"fv-az1680-624"},{"name":"thread","value":"4686-MainThread"},{"name":"framework","value":"pytest"},{"name":"language","value":"cpython3"},{"name":"package","value":"tests.regression_ui.test_ui_regression"},{"name":"resultFormat","value":"allure2"}],"parameters":[],"links":[],"hidden":false,"retry":false,"extra":{"severity":"normal","retries":[],"categories":[{"name":"Test defects","matchedStatuses":[],"flaky":false}],"history":{"statistic":{"failed":0,"broken":19,"skipped":0,"passed":384,"unknown":0,"total":403},"items":[{"uid":"171aa408536af3c0","status":"broken","statusDetails":"selenium.common.exceptions.TimeoutException: Message: \nStacktrace:\n#0 0x55cc0fd50bea <unknown>\n#1 0x55cc0f7ee7d0 <unknown>\n#2 0x55cc0f83fcc0 <unknown>\n#3 0x55cc0f83fe41 <unknown>\n#4 0x55cc0f88e984 <unknown>\n#5 0x55cc0f865abd <unknown>\n#6 0x55cc0f88bd0c <unknown>\n#7 0x55cc0f865863 <unknown>\n#8 0x55cc0f831ac8 <unknown>\n#9 0x55cc0f832c31 <unknown>\n#10 0x55cc0fd1a18b <unknown>\n#11 0x55cc0fd1e112 <unknown>\n#12 0x55cc0fd0704c <unknown>\n#13 0x55cc0fd1ed04 <unknown>\n#14 0x55cc0fceb4bf <unknown>\n#15 0x55cc0fd3f528 <unknown>\n#16 0x55cc0fd3f6f9 <unknown>\n#17 0x55cc0fd4fa66 <unknown>\n#18 0x7f57c169caa4 <unknown>\n#19 0x7f57c1729c3c <unknown>","time":{"start":1740876366320,"stop":1740876380788,"duration":14468}},{"uid":"57eb6cfd345ff2b4","status":"passed","time":{"start":1740863384709,"stop":1740863418507,"duration":33798}},{"uid":"397360283f8d1176","status":"passed","time":{"start":1740852795200,"stop":1740852829818,"duration":34618}},{"uid":"b1159fbd7cdd4bd5","status":"passed","time":{"start":1740841937713,"stop":1740841965797,"duration":28084}},{"uid":"c011b77f87c9486e","status":"passed","time":{"start":1740831465075,"stop":1740831498348,"duration":33273}},{"uid":"90b1b91bf7ed28ea","status":"passed","time":{"start":1740820305713,"stop":1740820340597,"duration":34884}},{"uid":"41e66e734f4755fe","status":"passed","time":{"start":1740809657743,"stop":1740809685452,"duration":27709}},{"uid":"50141469588e4cff","status":"passed","time":{"start":1740799546708,"stop":1740799580145,"duration":33437}},{"uid":"dc92d0f21b5f0c7e","status":"passed","time":{"start":1740790097390,"stop":1740790130752,"duration":33362}},{"uid":"a682eed039dc8857","status":"passed","time":{"start":1740777047329,"stop":1740777080464,"duration":33135}},{"uid":"f7698909a92ba02f","status":"passed","time":{"start":1740766483911,"stop":1740766518050,"duration":34139}},{"uid":"3e4e0162fd9147b2","status":"passed","time":{"start":1740755535409,"stop":1740755568822,"duration":33413}},{"uid":"1d74119573d72e1d","status":"passed","time":{"start":1740745097511,"stop":1740745130729,"duration":33218}},{"uid":"28346241a8d2dfd4","status":"passed","time":{"start":1740733937004,"stop":1740733965607,"duration":28603}},{"uid":"49c4b32ddf221798","status":"passed","time":{"start":1740723312937,"stop":1740723346446,"duration":33509}},{"uid":"7a4614f891cefea2","status":"passed","time":{"start":1740712843458,"stop":1740712876842,"duration":33384}},{"uid":"bfd25fb27d4d113b","status":"passed","time":{"start":1740703514369,"stop":1740703547717,"duration":33348}},{"uid":"8b7764d45ac7b761","status":"passed","time":{"start":1740690675434,"stop":1740690708782,"duration":33348}},{"uid":"e4c81e46826ad1fa","status":"passed","time":{"start":1740680084157,"stop":1740680117465,"duration":33308}},{"uid":"52a339289ebad7c8","status":"passed","time":{"start":1740669165557,"stop":1740669200490,"duration":34933}}]},"tags":["TC007","TC000"]},"source":"d08fb7009c7140c3.json","parameterValues":[]}