{"uid":"d2adfdd9feba6fa4","name":"Drag and drop card from one list to another","fullName":"tests.regression_ui.test_ui_regression.TestUIRegression#test_drag_n_drop_card","historyId":"58c27d4ea8138de64fd4e105da17ea92","time":{"start":1734113697163,"stop":1734113749831,"duration":52668},"status":"broken","statusMessage":"selenium.common.exceptions.TimeoutException: Message: \nStacktrace:\n#0 0x559859e8f31a <unknown>\n#1 0x5598599a56e0 <unknown>\n#2 0x5598599f43e6 <unknown>\n#3 0x5598599f4681 <unknown>\n#4 0x559859a39b04 <unknown>\n#5 0x559859a1848d <unknown>\n#6 0x559859a36ed7 <unknown>\n#7 0x559859a18203 <unknown>\n#8 0x5598599e6cc0 <unknown>\n#9 0x5598599e7c9e <unknown>\n#10 0x559859e5cd0b <unknown>\n#11 0x559859e60c92 <unknown>\n#12 0x559859e49b3c <unknown>\n#13 0x559859e61807 <unknown>\n#14 0x559859e2f0df <unknown>\n#15 0x559859e7e578 <unknown>\n#16 0x559859e7e740 <unknown>\n#17 0x559859e8e196 <unknown>\n#18 0x7feaee094ac3 <unknown>","statusTrace":"self = <tests.regression_ui.test_ui_regression.TestUIRegression object at 0x7f6098e18e80>\ndriver = <selenium.webdriver.chrome.webdriver.WebDriver (session=\"64c732a3f06b5a5b8226877e49f6c5f4\")>\n\n    @pytest.mark.TC000\n    @pytest.mark.TC005\n    @allure.title('Drag and drop card from one list to another')\n    def test_drag_n_drop_card(self, driver):\n        time.sleep(7)\n        with allure.step('Log in to Trello account'):\n            self.test_login(driver)\n        with allure.step('Drag and drop card from one list to another list'):\n>           WebDriverWait(driver, 10).until(EC.element_to_be_clickable((By.XPATH, self.SCC.Board.BOARD_TITLE))).click()\n\ntests/regression_ui/test_ui_regression.py:168: \n_ _ _ _ _ _ _ _ _ _ _ _ _ _ _ _ _ _ _ _ _ _ _ _ _ _ _ _ _ _ _ _ _ _ _ _ _ _ _ _ \n\nself = <selenium.webdriver.support.wait.WebDriverWait (session=\"64c732a3f06b5a5b8226877e49f6c5f4\")>\nmethod = <function element_to_be_clickable.<locals>._predicate at 0x7f6097af5280>\nmessage = ''\n\n    def until(self, method: Callable[[D], Union[Literal[False], T]], message: str = \"\") -> T:\n        \"\"\"Calls the method provided with the driver as an argument until the \\\n        return value does not evaluate to ``False``.\n    \n        :param method: callable(WebDriver)\n        :param message: optional message for :exc:`TimeoutException`\n        :returns: the result of the last call to `method`\n        :raises: :exc:`selenium.common.exceptions.TimeoutException` if timeout occurs\n        \"\"\"\n        screen = None\n        stacktrace = None\n    \n        end_time = time.monotonic() + self._timeout\n        while True:\n            try:\n                value = method(self._driver)\n                if value:\n                    return value\n            except self._ignored_exceptions as exc:\n                screen = getattr(exc, \"screen\", None)\n                stacktrace = getattr(exc, \"stacktrace\", None)\n            if time.monotonic() > end_time:\n                break\n            time.sleep(self._poll)\n>       raise TimeoutException(message, screen, stacktrace)\nE       selenium.common.exceptions.TimeoutException: Message: \nE       Stacktrace:\nE       #0 0x559859e8f31a <unknown>\nE       #1 0x5598599a56e0 <unknown>\nE       #2 0x5598599f43e6 <unknown>\nE       #3 0x5598599f4681 <unknown>\nE       #4 0x559859a39b04 <unknown>\nE       #5 0x559859a1848d <unknown>\nE       #6 0x559859a36ed7 <unknown>\nE       #7 0x559859a18203 <unknown>\nE       #8 0x5598599e6cc0 <unknown>\nE       #9 0x5598599e7c9e <unknown>\nE       #10 0x559859e5cd0b <unknown>\nE       #11 0x559859e60c92 <unknown>\nE       #12 0x559859e49b3c <unknown>\nE       #13 0x559859e61807 <unknown>\nE       #14 0x559859e2f0df <unknown>\nE       #15 0x559859e7e578 <unknown>\nE       #16 0x559859e7e740 <unknown>\nE       #17 0x559859e8e196 <unknown>\nE       #18 0x7feaee094ac3 <unknown>\n\n/opt/hostedtoolcache/Python/3.8.18/x64/lib/python3.8/site-packages/selenium/webdriver/support/wait.py:105: TimeoutException","flaky":false,"newFailed":false,"newBroken":true,"newPassed":false,"retriesCount":0,"retriesStatusChange":false,"beforeStages":[{"name":"driver","time":{"start":1734113696891,"stop":1734113697161,"duration":270},"status":"passed","steps":[],"attachments":[],"parameters":[],"stepsCount":0,"shouldDisplayMessage":false,"attachmentsCount":0,"hasContent":false,"attachmentStep":false},{"name":"setup","time":{"start":1734113697161,"stop":1734113697162,"duration":1},"status":"passed","steps":[],"attachments":[],"parameters":[],"stepsCount":0,"shouldDisplayMessage":false,"attachmentsCount":0,"hasContent":false,"attachmentStep":false}],"testStage":{"status":"broken","statusMessage":"selenium.common.exceptions.TimeoutException: Message: \nStacktrace:\n#0 0x559859e8f31a <unknown>\n#1 0x5598599a56e0 <unknown>\n#2 0x5598599f43e6 <unknown>\n#3 0x5598599f4681 <unknown>\n#4 0x559859a39b04 <unknown>\n#5 0x559859a1848d <unknown>\n#6 0x559859a36ed7 <unknown>\n#7 0x559859a18203 <unknown>\n#8 0x5598599e6cc0 <unknown>\n#9 0x5598599e7c9e <unknown>\n#10 0x559859e5cd0b <unknown>\n#11 0x559859e60c92 <unknown>\n#12 0x559859e49b3c <unknown>\n#13 0x559859e61807 <unknown>\n#14 0x559859e2f0df <unknown>\n#15 0x559859e7e578 <unknown>\n#16 0x559859e7e740 <unknown>\n#17 0x559859e8e196 <unknown>\n#18 0x7feaee094ac3 <unknown>","statusTrace":"self = <tests.regression_ui.test_ui_regression.TestUIRegression object at 0x7f6098e18e80>\ndriver = <selenium.webdriver.chrome.webdriver.WebDriver (session=\"64c732a3f06b5a5b8226877e49f6c5f4\")>\n\n    @pytest.mark.TC000\n    @pytest.mark.TC005\n    @allure.title('Drag and drop card from one list to another')\n    def test_drag_n_drop_card(self, driver):\n        time.sleep(7)\n        with allure.step('Log in to Trello account'):\n            self.test_login(driver)\n        with allure.step('Drag and drop card from one list to another list'):\n>           WebDriverWait(driver, 10).until(EC.element_to_be_clickable((By.XPATH, self.SCC.Board.BOARD_TITLE))).click()\n\ntests/regression_ui/test_ui_regression.py:168: \n_ _ _ _ _ _ _ _ _ _ _ _ _ _ _ _ _ _ _ _ _ _ _ _ _ _ _ _ _ _ _ _ _ _ _ _ _ _ _ _ \n\nself = <selenium.webdriver.support.wait.WebDriverWait (session=\"64c732a3f06b5a5b8226877e49f6c5f4\")>\nmethod = <function element_to_be_clickable.<locals>._predicate at 0x7f6097af5280>\nmessage = ''\n\n    def until(self, method: Callable[[D], Union[Literal[False], T]], message: str = \"\") -> T:\n        \"\"\"Calls the method provided with the driver as an argument until the \\\n        return value does not evaluate to ``False``.\n    \n        :param method: callable(WebDriver)\n        :param message: optional message for :exc:`TimeoutException`\n        :returns: the result of the last call to `method`\n        :raises: :exc:`selenium.common.exceptions.TimeoutException` if timeout occurs\n        \"\"\"\n        screen = None\n        stacktrace = None\n    \n        end_time = time.monotonic() + self._timeout\n        while True:\n            try:\n                value = method(self._driver)\n                if value:\n                    return value\n            except self._ignored_exceptions as exc:\n                screen = getattr(exc, \"screen\", None)\n                stacktrace = getattr(exc, \"stacktrace\", None)\n            if time.monotonic() > end_time:\n                break\n            time.sleep(self._poll)\n>       raise TimeoutException(message, screen, stacktrace)\nE       selenium.common.exceptions.TimeoutException: Message: \nE       Stacktrace:\nE       #0 0x559859e8f31a <unknown>\nE       #1 0x5598599a56e0 <unknown>\nE       #2 0x5598599f43e6 <unknown>\nE       #3 0x5598599f4681 <unknown>\nE       #4 0x559859a39b04 <unknown>\nE       #5 0x559859a1848d <unknown>\nE       #6 0x559859a36ed7 <unknown>\nE       #7 0x559859a18203 <unknown>\nE       #8 0x5598599e6cc0 <unknown>\nE       #9 0x5598599e7c9e <unknown>\nE       #10 0x559859e5cd0b <unknown>\nE       #11 0x559859e60c92 <unknown>\nE       #12 0x559859e49b3c <unknown>\nE       #13 0x559859e61807 <unknown>\nE       #14 0x559859e2f0df <unknown>\nE       #15 0x559859e7e578 <unknown>\nE       #16 0x559859e7e740 <unknown>\nE       #17 0x559859e8e196 <unknown>\nE       #18 0x7feaee094ac3 <unknown>\n\n/opt/hostedtoolcache/Python/3.8.18/x64/lib/python3.8/site-packages/selenium/webdriver/support/wait.py:105: TimeoutException","steps":[{"name":"Log in to Trello account","time":{"start":1734113704170,"stop":1734113739486,"duration":35316},"status":"passed","steps":[{"name":"Navigate to the Trello login page","time":{"start":1734113704170,"stop":1734113707451,"duration":3281},"status":"passed","steps":[],"attachments":[],"parameters":[],"stepsCount":0,"shouldDisplayMessage":false,"attachmentsCount":0,"hasContent":false,"attachmentStep":false},{"name":"Enter valid credentials (email, password, and 6-digits verification code)","time":{"start":1734113707451,"stop":1734113739486,"duration":32035},"status":"passed","steps":[],"attachments":[],"parameters":[],"stepsCount":0,"shouldDisplayMessage":false,"attachmentsCount":0,"hasContent":false,"attachmentStep":false}],"attachments":[],"parameters":[],"stepsCount":2,"shouldDisplayMessage":false,"attachmentsCount":0,"hasContent":true,"attachmentStep":false},{"name":"Drag and drop card from one list to another list","time":{"start":1734113739486,"stop":1734113749830,"duration":10344},"status":"broken","statusMessage":"selenium.common.exceptions.TimeoutException: Message: \nStacktrace:\n#0 0x559859e8f31a <unknown>\n#1 0x5598599a56e0 <unknown>\n#2 0x5598599f43e6 <unknown>\n#3 0x5598599f4681 <unknown>\n#4 0x559859a39b04 <unknown>\n#5 0x559859a1848d <unknown>\n#6 0x559859a36ed7 <unknown>\n#7 0x559859a18203 <unknown>\n#8 0x5598599e6cc0 <unknown>\n#9 0x5598599e7c9e <unknown>\n#10 0x559859e5cd0b <unknown>\n#11 0x559859e60c92 <unknown>\n#12 0x559859e49b3c <unknown>\n#13 0x559859e61807 <unknown>\n#14 0x559859e2f0df <unknown>\n#15 0x559859e7e578 <unknown>\n#16 0x559859e7e740 <unknown>\n#17 0x559859e8e196 <unknown>\n#18 0x7feaee094ac3 <unknown>\n\n","statusTrace":"  File \"/home/runner/work/pythonSelenium/pythonSelenium/tests/regression_ui/test_ui_regression.py\", line 168, in test_drag_n_drop_card\n    WebDriverWait(driver, 10).until(EC.element_to_be_clickable((By.XPATH, self.SCC.Board.BOARD_TITLE))).click()\n  File \"/opt/hostedtoolcache/Python/3.8.18/x64/lib/python3.8/site-packages/selenium/webdriver/support/wait.py\", line 105, in until\n    raise TimeoutException(message, screen, stacktrace)\n","steps":[],"attachments":[],"parameters":[],"stepsCount":0,"shouldDisplayMessage":true,"attachmentsCount":0,"hasContent":true,"attachmentStep":false}],"attachments":[{"uid":"2eada62a0ff7c758","name":"log","source":"2eada62a0ff7c758.txt","type":"text/plain","size":119209}],"parameters":[],"stepsCount":4,"shouldDisplayMessage":true,"attachmentsCount":1,"hasContent":true,"attachmentStep":false},"afterStages":[{"name":"driver::0","time":{"start":1734113749841,"stop":1734113749916,"duration":75},"status":"passed","steps":[],"attachments":[],"parameters":[],"stepsCount":0,"shouldDisplayMessage":false,"attachmentsCount":0,"hasContent":false,"attachmentStep":false}],"labels":[{"name":"tag","value":"TC005"},{"name":"tag","value":"TC000"},{"name":"parentSuite","value":"tests.regression_ui"},{"name":"suite","value":"test_ui_regression"},{"name":"subSuite","value":"TestUIRegression"},{"name":"host","value":"fv-az1756-422"},{"name":"thread","value":"2849-MainThread"},{"name":"framework","value":"pytest"},{"name":"language","value":"cpython3"},{"name":"package","value":"tests.regression_ui.test_ui_regression"},{"name":"resultFormat","value":"allure2"}],"parameters":[],"links":[],"hidden":false,"retry":false,"extra":{"severity":"normal","retries":[],"categories":[{"name":"Test defects","matchedStatuses":[],"flaky":false}],"history":{"statistic":{"failed":0,"broken":6,"skipped":0,"passed":17,"unknown":0,"total":23},"items":[{"uid":"f7a1644cb9436635","status":"passed","time":{"start":1734050860376,"stop":1734050890660,"duration":30284}},{"uid":"2ebf221c7a6de23f","status":"passed","time":{"start":1734027457230,"stop":1734027487602,"duration":30372}},{"uid":"8f0c4b250af0056c","status":"passed","time":{"start":1733973827957,"stop":1733973858243,"duration":30286}},{"uid":"2969764b1dedd2ea","status":"passed","time":{"start":1733972693839,"stop":1733972724206,"duration":30367}},{"uid":"9d1a355e4661da26","status":"passed","time":{"start":1733971728210,"stop":1733971758553,"duration":30343}},{"uid":"6631560d10ac6ea8","status":"passed","time":{"start":1733970474000,"stop":1733970504493,"duration":30493}},{"uid":"b53fcb4772f3314a","status":"passed","time":{"start":1733963373210,"stop":1733963404021,"duration":30811}},{"uid":"c67eb4dc3c2a9aae","status":"passed","time":{"start":1733932645122,"stop":1733932675979,"duration":30857}},{"uid":"8818901738086322","status":"passed","time":{"start":1733891486880,"stop":1733891517227,"duration":30347}},{"uid":"52faaabaa5c8223","status":"passed","time":{"start":1733891042705,"stop":1733891072993,"duration":30288}},{"uid":"bea2e597fe4c4073","status":"broken","statusDetails":"selenium.common.exceptions.NoSuchElementException: Message: no such element: Unable to locate element: {\"method\":\"xpath\",\"selector\":\"//*[contains(text(), 'new_card')]\"}\n  (Session info: chrome=131.0.6778.139); For documentation on this error, please visit: https://www.selenium.dev/documentation/webdriver/troubleshooting/errors#no-such-element-exception\nStacktrace:\n#0 0x55623297d31a <unknown>\n#1 0x5562324936e0 <unknown>\n#2 0x5562324e23e6 <unknown>\n#3 0x5562324e2681 <unknown>\n#4 0x556232527b04 <unknown>\n#5 0x55623250648d <unknown>\n#6 0x556232524ed7 <unknown>\n#7 0x556232506203 <unknown>\n#8 0x5562324d4cc0 <unknown>\n#9 0x5562324d5c9e <unknown>\n#10 0x55623294ad0b <unknown>\n#11 0x55623294ec92 <unknown>\n#12 0x556232937b3c <unknown>\n#13 0x55623294f807 <unknown>\n#14 0x55623291d0df <unknown>\n#15 0x55623296c578 <unknown>\n#16 0x55623296c740 <unknown>\n#17 0x55623297c196 <unknown>\n#18 0x7fc2c4a94ac3 <unknown>","time":{"start":1733890504137,"stop":1733890533844,"duration":29707}},{"uid":"73438c47b7e95492","status":"broken","statusDetails":"selenium.common.exceptions.NoSuchElementException: Message: no such element: Unable to locate element: {\"method\":\"xpath\",\"selector\":\"//*[contains(text(), 'new_card')]\"}\n  (Session info: chrome=131.0.6778.139); For documentation on this error, please visit: https://www.selenium.dev/documentation/webdriver/troubleshooting/errors#no-such-element-exception\nStacktrace:\n#0 0x564ef32cc31a <unknown>\n#1 0x564ef2de26e0 <unknown>\n#2 0x564ef2e313e6 <unknown>\n#3 0x564ef2e31681 <unknown>\n#4 0x564ef2e76b04 <unknown>\n#5 0x564ef2e5548d <unknown>\n#6 0x564ef2e73ed7 <unknown>\n#7 0x564ef2e55203 <unknown>\n#8 0x564ef2e23cc0 <unknown>\n#9 0x564ef2e24c9e <unknown>\n#10 0x564ef3299d0b <unknown>\n#11 0x564ef329dc92 <unknown>\n#12 0x564ef3286b3c <unknown>\n#13 0x564ef329e807 <unknown>\n#14 0x564ef326c0df <unknown>\n#15 0x564ef32bb578 <unknown>\n#16 0x564ef32bb740 <unknown>\n#17 0x564ef32cb196 <unknown>\n#18 0x7fd438c94ac3 <unknown>","time":{"start":1733889882357,"stop":1733889912076,"duration":29719}},{"uid":"f71a3d68a7173f38","status":"broken","statusDetails":"selenium.common.exceptions.NoSuchElementException: Message: no such element: Unable to locate element: {\"method\":\"xpath\",\"selector\":\"//*[contains(text(), 'new_card')]\"}\n  (Session info: chrome=131.0.6778.139); For documentation on this error, please visit: https://www.selenium.dev/documentation/webdriver/troubleshooting/errors#no-such-element-exception\nStacktrace:\n#0 0x55a402bbd31a <unknown>\n#1 0x55a4026d36e0 <unknown>\n#2 0x55a4027223e6 <unknown>\n#3 0x55a402722681 <unknown>\n#4 0x55a402767b04 <unknown>\n#5 0x55a40274648d <unknown>\n#6 0x55a402764ed7 <unknown>\n#7 0x55a402746203 <unknown>\n#8 0x55a402714cc0 <unknown>\n#9 0x55a402715c9e <unknown>\n#10 0x55a402b8ad0b <unknown>\n#11 0x55a402b8ec92 <unknown>\n#12 0x55a402b77b3c <unknown>\n#13 0x55a402b8f807 <unknown>\n#14 0x55a402b5d0df <unknown>\n#15 0x55a402bac578 <unknown>\n#16 0x55a402bac740 <unknown>\n#17 0x55a402bbc196 <unknown>\n#18 0x7f9065294ac3 <unknown>","time":{"start":1733888739225,"stop":1733888768930,"duration":29705}},{"uid":"afbde19d008fd3cf","status":"passed","time":{"start":1733843255435,"stop":1733843285745,"duration":30310}},{"uid":"153cb6770e966dc4","status":"broken","statusDetails":"selenium.common.exceptions.NoSuchElementException: Message: no such element: Unable to locate element: {\"method\":\"xpath\",\"selector\":\"//*[contains(text(), 'new_card')]\"}\n  (Session info: chrome=131.0.6778.108); For documentation on this error, please visit: https://www.selenium.dev/documentation/webdriver/troubleshooting/errors#no-such-element-exception\nStacktrace:\n#0 0x55fb7754931a <unknown>\n#1 0x55fb7705f6e0 <unknown>\n#2 0x55fb770ae3e6 <unknown>\n#3 0x55fb770ae681 <unknown>\n#4 0x55fb770f3b04 <unknown>\n#5 0x55fb770d248d <unknown>\n#6 0x55fb770f0ed7 <unknown>\n#7 0x55fb770d2203 <unknown>\n#8 0x55fb770a0cc0 <unknown>\n#9 0x55fb770a1c9e <unknown>\n#10 0x55fb77516d0b <unknown>\n#11 0x55fb7751ac92 <unknown>\n#12 0x55fb77503b3c <unknown>\n#13 0x55fb7751b807 <unknown>\n#14 0x55fb774e90df <unknown>\n#15 0x55fb77538578 <unknown>\n#16 0x55fb77538740 <unknown>\n#17 0x55fb77548196 <unknown>\n#18 0x7f6ef7a94ac3 <unknown>","time":{"start":1733842751382,"stop":1733842781058,"duration":29676}},{"uid":"27fbf6620d5e5dc2","status":"broken","statusDetails":"selenium.common.exceptions.NoSuchElementException: Message: no such element: Unable to locate element: {\"method\":\"xpath\",\"selector\":\"//*[contains(text(), 'new_card')]\"}\n  (Session info: chrome=131.0.6778.108); For documentation on this error, please visit: https://www.selenium.dev/documentation/webdriver/troubleshooting/errors#no-such-element-exception\nStacktrace:\n#0 0x556a1c6f631a <unknown>\n#1 0x556a1c20c6e0 <unknown>\n#2 0x556a1c25b3e6 <unknown>\n#3 0x556a1c25b681 <unknown>\n#4 0x556a1c2a0b04 <unknown>\n#5 0x556a1c27f48d <unknown>\n#6 0x556a1c29ded7 <unknown>\n#7 0x556a1c27f203 <unknown>\n#8 0x556a1c24dcc0 <unknown>\n#9 0x556a1c24ec9e <unknown>\n#10 0x556a1c6c3d0b <unknown>\n#11 0x556a1c6c7c92 <unknown>\n#12 0x556a1c6b0b3c <unknown>\n#13 0x556a1c6c8807 <unknown>\n#14 0x556a1c6960df <unknown>\n#15 0x556a1c6e5578 <unknown>\n#16 0x556a1c6e5740 <unknown>\n#17 0x556a1c6f5196 <unknown>\n#18 0x7f8446294ac3 <unknown>","time":{"start":1733841904840,"stop":1733841934419,"duration":29579}},{"uid":"cdc6f2925d2ba893","status":"passed","time":{"start":1733840293211,"stop":1733840323583,"duration":30372}},{"uid":"3ed9750ecea9ccea","status":"passed","time":{"start":1733797232787,"stop":1733797260652,"duration":27865}},{"uid":"6ca9049d3fd96655","status":"passed","time":{"start":1733586114242,"stop":1733586142109,"duration":27867}},{"uid":"9eac1f43fcda4f08","status":"passed","time":{"start":1733548565202,"stop":1733548593173,"duration":27971}}]},"tags":["TC005","TC000"]},"source":"d2adfdd9feba6fa4.json","parameterValues":[]}