{"uid":"d88a7bc67ca1310c","name":"Drag and drop card from one list to another","fullName":"tests.regression_ui.test_ui_regression.TestUIRegression#test_drag_n_drop_card","historyId":"58c27d4ea8138de64fd4e105da17ea92","time":{"start":1742753521840,"stop":1742753539473,"duration":17633},"status":"broken","statusMessage":"selenium.common.exceptions.TimeoutException: Message: \nStacktrace:\n#0 0x55cdc5f9fa1a <unknown>\n#1 0x55cdc5a57390 <unknown>\n#2 0x55cdc5aa8c85 <unknown>\n#3 0x55cdc5aa8eb1 <unknown>\n#4 0x55cdc5af7d64 <unknown>\n#5 0x55cdc5acebfd <unknown>\n#6 0x55cdc5af507b <unknown>\n#7 0x55cdc5ace9a3 <unknown>\n#8 0x55cdc5a9a60e <unknown>\n#9 0x55cdc5a9bdd1 <unknown>\n#10 0x55cdc5f65ddb <unknown>\n#11 0x55cdc5f69cbc <unknown>\n#12 0x55cdc5f4d392 <unknown>\n#13 0x55cdc5f6a834 <unknown>\n#14 0x55cdc5f311ef <unknown>\n#15 0x55cdc5f8e038 <unknown>\n#16 0x55cdc5f8e216 <unknown>\n#17 0x55cdc5f9e896 <unknown>\n#18 0x7fc04c29caa4 <unknown>\n#19 0x7fc04c329c3c <unknown>","statusTrace":"self = <tests.regression_ui.test_ui_regression.TestUIRegression object at 0x7f9211cb2480>\ndriver = <selenium.webdriver.chrome.webdriver.WebDriver (session=\"e38c5ef2fc072d190931891a842797c0\")>\n\n    @pytest.mark.TC000\n    @pytest.mark.TC005\n    @allure.title('Drag and drop card from one list to another')\n    def test_drag_n_drop_card(self, driver):\n        time.sleep(7)\n        with allure.step('Log in to Trello account'):\n>           self.test_login(driver)\n\ntests/regression_ui/test_ui_regression.py:168: \n_ _ _ _ _ _ _ _ _ _ _ _ _ _ _ _ _ _ _ _ _ _ _ _ _ _ _ _ _ _ _ _ _ _ _ _ _ _ _ _ \ntests/regression_ui/test_ui_regression.py:62: in test_login\n    el_user_name = WebDriverWait(driver, 10).until(EC.element_to_be_clickable(\n_ _ _ _ _ _ _ _ _ _ _ _ _ _ _ _ _ _ _ _ _ _ _ _ _ _ _ _ _ _ _ _ _ _ _ _ _ _ _ _ \n\nself = <selenium.webdriver.support.wait.WebDriverWait (session=\"e38c5ef2fc072d190931891a842797c0\")>\nmethod = <function element_to_be_clickable.<locals>._predicate at 0x7f9211bc9b20>\nmessage = ''\n\n    def until(self, method: Callable[[D], Union[Literal[False], T]], message: str = \"\") -> T:\n        \"\"\"Calls the method provided with the driver as an argument until the \\\n        return value does not evaluate to ``False``.\n    \n        :param method: callable(WebDriver)\n        :param message: optional message for :exc:`TimeoutException`\n        :returns: the result of the last call to `method`\n        :raises: :exc:`selenium.common.exceptions.TimeoutException` if timeout occurs\n        \"\"\"\n        screen = None\n        stacktrace = None\n    \n        end_time = time.monotonic() + self._timeout\n        while True:\n            try:\n                value = method(self._driver)\n                if value:\n                    return value\n            except self._ignored_exceptions as exc:\n                screen = getattr(exc, \"screen\", None)\n                stacktrace = getattr(exc, \"stacktrace\", None)\n            if time.monotonic() > end_time:\n                break\n            time.sleep(self._poll)\n>       raise TimeoutException(message, screen, stacktrace)\nE       selenium.common.exceptions.TimeoutException: Message: \nE       Stacktrace:\nE       #0 0x55cdc5f9fa1a <unknown>\nE       #1 0x55cdc5a57390 <unknown>\nE       #2 0x55cdc5aa8c85 <unknown>\nE       #3 0x55cdc5aa8eb1 <unknown>\nE       #4 0x55cdc5af7d64 <unknown>\nE       #5 0x55cdc5acebfd <unknown>\nE       #6 0x55cdc5af507b <unknown>\nE       #7 0x55cdc5ace9a3 <unknown>\nE       #8 0x55cdc5a9a60e <unknown>\nE       #9 0x55cdc5a9bdd1 <unknown>\nE       #10 0x55cdc5f65ddb <unknown>\nE       #11 0x55cdc5f69cbc <unknown>\nE       #12 0x55cdc5f4d392 <unknown>\nE       #13 0x55cdc5f6a834 <unknown>\nE       #14 0x55cdc5f311ef <unknown>\nE       #15 0x55cdc5f8e038 <unknown>\nE       #16 0x55cdc5f8e216 <unknown>\nE       #17 0x55cdc5f9e896 <unknown>\nE       #18 0x7fc04c29caa4 <unknown>\nE       #19 0x7fc04c329c3c <unknown>\n\n/opt/hostedtoolcache/Python/3.12.5/x64/lib/python3.12/site-packages/selenium/webdriver/support/wait.py:105: TimeoutException","flaky":false,"newFailed":false,"newBroken":true,"newPassed":false,"retriesCount":0,"retriesStatusChange":false,"beforeStages":[{"name":"driver","time":{"start":1742753521528,"stop":1742753521840,"duration":312},"status":"passed","steps":[],"attachments":[],"parameters":[],"shouldDisplayMessage":false,"stepsCount":0,"attachmentsCount":0,"hasContent":false,"attachmentStep":false},{"name":"setup","time":{"start":1742753521840,"stop":1742753521840,"duration":0},"status":"passed","steps":[],"attachments":[],"parameters":[],"shouldDisplayMessage":false,"stepsCount":0,"attachmentsCount":0,"hasContent":false,"attachmentStep":false}],"testStage":{"status":"broken","statusMessage":"selenium.common.exceptions.TimeoutException: Message: \nStacktrace:\n#0 0x55cdc5f9fa1a <unknown>\n#1 0x55cdc5a57390 <unknown>\n#2 0x55cdc5aa8c85 <unknown>\n#3 0x55cdc5aa8eb1 <unknown>\n#4 0x55cdc5af7d64 <unknown>\n#5 0x55cdc5acebfd <unknown>\n#6 0x55cdc5af507b <unknown>\n#7 0x55cdc5ace9a3 <unknown>\n#8 0x55cdc5a9a60e <unknown>\n#9 0x55cdc5a9bdd1 <unknown>\n#10 0x55cdc5f65ddb <unknown>\n#11 0x55cdc5f69cbc <unknown>\n#12 0x55cdc5f4d392 <unknown>\n#13 0x55cdc5f6a834 <unknown>\n#14 0x55cdc5f311ef <unknown>\n#15 0x55cdc5f8e038 <unknown>\n#16 0x55cdc5f8e216 <unknown>\n#17 0x55cdc5f9e896 <unknown>\n#18 0x7fc04c29caa4 <unknown>\n#19 0x7fc04c329c3c <unknown>","statusTrace":"self = <tests.regression_ui.test_ui_regression.TestUIRegression object at 0x7f9211cb2480>\ndriver = <selenium.webdriver.chrome.webdriver.WebDriver (session=\"e38c5ef2fc072d190931891a842797c0\")>\n\n    @pytest.mark.TC000\n    @pytest.mark.TC005\n    @allure.title('Drag and drop card from one list to another')\n    def test_drag_n_drop_card(self, driver):\n        time.sleep(7)\n        with allure.step('Log in to Trello account'):\n>           self.test_login(driver)\n\ntests/regression_ui/test_ui_regression.py:168: \n_ _ _ _ _ _ _ _ _ _ _ _ _ _ _ _ _ _ _ _ _ _ _ _ _ _ _ _ _ _ _ _ _ _ _ _ _ _ _ _ \ntests/regression_ui/test_ui_regression.py:62: in test_login\n    el_user_name = WebDriverWait(driver, 10).until(EC.element_to_be_clickable(\n_ _ _ _ _ _ _ _ _ _ _ _ _ _ _ _ _ _ _ _ _ _ _ _ _ _ _ _ _ _ _ _ _ _ _ _ _ _ _ _ \n\nself = <selenium.webdriver.support.wait.WebDriverWait (session=\"e38c5ef2fc072d190931891a842797c0\")>\nmethod = <function element_to_be_clickable.<locals>._predicate at 0x7f9211bc9b20>\nmessage = ''\n\n    def until(self, method: Callable[[D], Union[Literal[False], T]], message: str = \"\") -> T:\n        \"\"\"Calls the method provided with the driver as an argument until the \\\n        return value does not evaluate to ``False``.\n    \n        :param method: callable(WebDriver)\n        :param message: optional message for :exc:`TimeoutException`\n        :returns: the result of the last call to `method`\n        :raises: :exc:`selenium.common.exceptions.TimeoutException` if timeout occurs\n        \"\"\"\n        screen = None\n        stacktrace = None\n    \n        end_time = time.monotonic() + self._timeout\n        while True:\n            try:\n                value = method(self._driver)\n                if value:\n                    return value\n            except self._ignored_exceptions as exc:\n                screen = getattr(exc, \"screen\", None)\n                stacktrace = getattr(exc, \"stacktrace\", None)\n            if time.monotonic() > end_time:\n                break\n            time.sleep(self._poll)\n>       raise TimeoutException(message, screen, stacktrace)\nE       selenium.common.exceptions.TimeoutException: Message: \nE       Stacktrace:\nE       #0 0x55cdc5f9fa1a <unknown>\nE       #1 0x55cdc5a57390 <unknown>\nE       #2 0x55cdc5aa8c85 <unknown>\nE       #3 0x55cdc5aa8eb1 <unknown>\nE       #4 0x55cdc5af7d64 <unknown>\nE       #5 0x55cdc5acebfd <unknown>\nE       #6 0x55cdc5af507b <unknown>\nE       #7 0x55cdc5ace9a3 <unknown>\nE       #8 0x55cdc5a9a60e <unknown>\nE       #9 0x55cdc5a9bdd1 <unknown>\nE       #10 0x55cdc5f65ddb <unknown>\nE       #11 0x55cdc5f69cbc <unknown>\nE       #12 0x55cdc5f4d392 <unknown>\nE       #13 0x55cdc5f6a834 <unknown>\nE       #14 0x55cdc5f311ef <unknown>\nE       #15 0x55cdc5f8e038 <unknown>\nE       #16 0x55cdc5f8e216 <unknown>\nE       #17 0x55cdc5f9e896 <unknown>\nE       #18 0x7fc04c29caa4 <unknown>\nE       #19 0x7fc04c329c3c <unknown>\n\n/opt/hostedtoolcache/Python/3.12.5/x64/lib/python3.12/site-packages/selenium/webdriver/support/wait.py:105: TimeoutException","steps":[{"name":"Log in to Trello account","time":{"start":1742753528840,"stop":1742753539473,"duration":10633},"status":"broken","statusMessage":"selenium.common.exceptions.TimeoutException: Message: \nStacktrace:\n#0 0x55cdc5f9fa1a <unknown>\n#1 0x55cdc5a57390 <unknown>\n#2 0x55cdc5aa8c85 <unknown>\n#3 0x55cdc5aa8eb1 <unknown>\n#4 0x55cdc5af7d64 <unknown>\n#5 0x55cdc5acebfd <unknown>\n#6 0x55cdc5af507b <unknown>\n#7 0x55cdc5ace9a3 <unknown>\n#8 0x55cdc5a9a60e <unknown>\n#9 0x55cdc5a9bdd1 <unknown>\n#10 0x55cdc5f65ddb <unknown>\n#11 0x55cdc5f69cbc <unknown>\n#12 0x55cdc5f4d392 <unknown>\n#13 0x55cdc5f6a834 <unknown>\n#14 0x55cdc5f311ef <unknown>\n#15 0x55cdc5f8e038 <unknown>\n#16 0x55cdc5f8e216 <unknown>\n#17 0x55cdc5f9e896 <unknown>\n#18 0x7fc04c29caa4 <unknown>\n#19 0x7fc04c329c3c <unknown>\n\n","statusTrace":"  File \"/home/runner/work/pythonSelenium/pythonSelenium/tests/regression_ui/test_ui_regression.py\", line 168, in test_drag_n_drop_card\n    self.test_login(driver)\n  File \"/home/runner/work/pythonSelenium/pythonSelenium/tests/regression_ui/test_ui_regression.py\", line 62, in test_login\n    el_user_name = WebDriverWait(driver, 10).until(EC.element_to_be_clickable(\n                   ^^^^^^^^^^^^^^^^^^^^^^^^^^^^^^^^^^^^^^^^^^^^^^^^^^^^^^^^^^^\n  File \"/opt/hostedtoolcache/Python/3.12.5/x64/lib/python3.12/site-packages/selenium/webdriver/support/wait.py\", line 105, in until\n    raise TimeoutException(message, screen, stacktrace)\n","steps":[{"name":"Navigate to the Trello page and enter valid credentials (email, password, and 6-digits verification code)","time":{"start":1742753528841,"stop":1742753539473,"duration":10632},"status":"broken","statusMessage":"selenium.common.exceptions.TimeoutException: Message: \nStacktrace:\n#0 0x55cdc5f9fa1a <unknown>\n#1 0x55cdc5a57390 <unknown>\n#2 0x55cdc5aa8c85 <unknown>\n#3 0x55cdc5aa8eb1 <unknown>\n#4 0x55cdc5af7d64 <unknown>\n#5 0x55cdc5acebfd <unknown>\n#6 0x55cdc5af507b <unknown>\n#7 0x55cdc5ace9a3 <unknown>\n#8 0x55cdc5a9a60e <unknown>\n#9 0x55cdc5a9bdd1 <unknown>\n#10 0x55cdc5f65ddb <unknown>\n#11 0x55cdc5f69cbc <unknown>\n#12 0x55cdc5f4d392 <unknown>\n#13 0x55cdc5f6a834 <unknown>\n#14 0x55cdc5f311ef <unknown>\n#15 0x55cdc5f8e038 <unknown>\n#16 0x55cdc5f8e216 <unknown>\n#17 0x55cdc5f9e896 <unknown>\n#18 0x7fc04c29caa4 <unknown>\n#19 0x7fc04c329c3c <unknown>\n\n","statusTrace":"  File \"/home/runner/work/pythonSelenium/pythonSelenium/tests/regression_ui/test_ui_regression.py\", line 62, in test_login\n    el_user_name = WebDriverWait(driver, 10).until(EC.element_to_be_clickable(\n                   ^^^^^^^^^^^^^^^^^^^^^^^^^^^^^^^^^^^^^^^^^^^^^^^^^^^^^^^^^^^\n  File \"/opt/hostedtoolcache/Python/3.12.5/x64/lib/python3.12/site-packages/selenium/webdriver/support/wait.py\", line 105, in until\n    raise TimeoutException(message, screen, stacktrace)\n","steps":[],"attachments":[],"parameters":[],"shouldDisplayMessage":true,"stepsCount":0,"attachmentsCount":0,"hasContent":true,"attachmentStep":false}],"attachments":[],"parameters":[],"shouldDisplayMessage":false,"stepsCount":1,"attachmentsCount":0,"hasContent":true,"attachmentStep":false}],"attachments":[],"parameters":[],"shouldDisplayMessage":true,"stepsCount":2,"attachmentsCount":0,"hasContent":true,"attachmentStep":false},"afterStages":[{"name":"driver::0","time":{"start":1742753539490,"stop":1742753539553,"duration":63},"status":"passed","steps":[],"attachments":[],"parameters":[],"shouldDisplayMessage":false,"stepsCount":0,"attachmentsCount":0,"hasContent":false,"attachmentStep":false}],"labels":[{"name":"tag","value":"TC005"},{"name":"tag","value":"TC000"},{"name":"parentSuite","value":"tests.regression_ui"},{"name":"suite","value":"test_ui_regression"},{"name":"subSuite","value":"TestUIRegression"},{"name":"host","value":"fv-az1369-199"},{"name":"thread","value":"4147-MainThread"},{"name":"framework","value":"pytest"},{"name":"language","value":"cpython3"},{"name":"package","value":"tests.regression_ui.test_ui_regression"},{"name":"resultFormat","value":"allure2"}],"parameters":[],"links":[],"hidden":false,"retry":false,"extra":{"severity":"normal","retries":[],"categories":[{"name":"Test defects","matchedStatuses":[]}],"history":{"statistic":{"failed":6,"broken":31,"skipped":0,"passed":543,"unknown":0,"total":580},"items":[{"uid":"781ea4566bae6411","status":"passed","time":{"start":1742742582129,"stop":1742742613152,"duration":31023}},{"uid":"9bfa785c0d405553","status":"passed","time":{"start":1742732202933,"stop":1742732232692,"duration":29759}},{"uid":"74446c87baa9316a","status":"passed","time":{"start":1742721009283,"stop":1742721038300,"duration":29017}},{"uid":"950c9767eb7adc67","status":"passed","time":{"start":1742710392176,"stop":1742710421411,"duration":29235}},{"uid":"2772ec422e486d70","status":"passed","time":{"start":1742700491580,"stop":1742700521304,"duration":29724}},{"uid":"b6c7dcd07e80b259","status":"passed","time":{"start":1742690860252,"stop":1742690889400,"duration":29148}},{"uid":"da55accfd0e13627","status":"passed","time":{"start":1742677752696,"stop":1742677781829,"duration":29133}},{"uid":"35270bd4f7fb8e26","status":"passed","time":{"start":1742667158541,"stop":1742667193304,"duration":34763}},{"uid":"885bd049d8096f02","status":"passed","time":{"start":1742656152954,"stop":1742656182004,"duration":29050}},{"uid":"48c1dc9833709bf5","status":"passed","time":{"start":1742645800941,"stop":1742645830693,"duration":29752}},{"uid":"6e9dd0c7e410398d","status":"passed","time":{"start":1742634609348,"stop":1742634639134,"duration":29786}},{"uid":"10a67eb034c9b64f","status":"passed","time":{"start":1742624078868,"stop":1742624113759,"duration":34891}},{"uid":"7faa70bb21014df","status":"passed","time":{"start":1742613854169,"stop":1742613879337,"duration":25168}},{"uid":"977449cea6955a00","status":"passed","time":{"start":1742604159907,"stop":1742604189047,"duration":29140}},{"uid":"247536e42ef45ed5","status":"passed","time":{"start":1742591378158,"stop":1742591413498,"duration":35340}},{"uid":"c9d31fd50081253b","status":"broken","statusDetails":"selenium.common.exceptions.TimeoutException: Message: \nStacktrace:\n#0 0x55810f286a1a <unknown>\n#1 0x55810ed3e390 <unknown>\n#2 0x55810ed8fc85 <unknown>\n#3 0x55810ed8feb1 <unknown>\n#4 0x55810edded64 <unknown>\n#5 0x55810edb5bfd <unknown>\n#6 0x55810eddc07b <unknown>\n#7 0x55810edb59a3 <unknown>\n#8 0x55810ed8160e <unknown>\n#9 0x55810ed82dd1 <unknown>\n#10 0x55810f24cddb <unknown>\n#11 0x55810f250cbc <unknown>\n#12 0x55810f234392 <unknown>\n#13 0x55810f251834 <unknown>\n#14 0x55810f2181ef <unknown>\n#15 0x55810f275038 <unknown>\n#16 0x55810f275216 <unknown>\n#17 0x55810f285896 <unknown>\n#18 0x7fb891e9caa4 <unknown>\n#19 0x7fb891f29c3c <unknown>","time":{"start":1742580937771,"stop":1742580961568,"duration":23797}},{"uid":"dcb92f54f7375530","status":"passed","time":{"start":1742569871622,"stop":1742569900714,"duration":29092}},{"uid":"cbdfa20f74163d48","status":"passed","time":{"start":1742559463128,"stop":1742559492572,"duration":29444}},{"uid":"1e817911bc890325","status":"passed","time":{"start":1742548418217,"stop":1742548454370,"duration":36153}},{"uid":"2b4d05549c0e1d67","status":"passed","time":{"start":1742537862359,"stop":1742537892220,"duration":29861}}]},"tags":["TC005","TC000"]},"source":"d88a7bc67ca1310c.json","parameterValues":[]}