{"uid":"da142e873f3bf643","name":"Drag and drop card from one list to another","fullName":"tests.regression_ui.test_ui_regression.TestUIRegression#test_drag_n_drop_card","historyId":"58c27d4ea8138de64fd4e105da17ea92","time":{"start":1743282643127,"stop":1743282660305,"duration":17178},"status":"broken","statusMessage":"selenium.common.exceptions.NoSuchElementException: Message: no such element: Unable to locate element: {\"method\":\"xpath\",\"selector\":\"//*[contains(text(), 'new_card')]\"}\n  (Session info: chrome=134.0.6998.165); For documentation on this error, please visit: https://www.selenium.dev/documentation/webdriver/troubleshooting/errors#no-such-element-exception\nStacktrace:\n#0 0x55b5e175fa1a <unknown>\n#1 0x55b5e1217390 <unknown>\n#2 0x55b5e1268c85 <unknown>\n#3 0x55b5e1268eb1 <unknown>\n#4 0x55b5e12b7d64 <unknown>\n#5 0x55b5e128ebfd <unknown>\n#6 0x55b5e12b507b <unknown>\n#7 0x55b5e128e9a3 <unknown>\n#8 0x55b5e125a60e <unknown>\n#9 0x55b5e125bdd1 <unknown>\n#10 0x55b5e1725ddb <unknown>\n#11 0x55b5e1729cbc <unknown>\n#12 0x55b5e170d392 <unknown>\n#13 0x55b5e172a834 <unknown>\n#14 0x55b5e16f11ef <unknown>\n#15 0x55b5e174e038 <unknown>\n#16 0x55b5e174e216 <unknown>\n#17 0x55b5e175e896 <unknown>\n#18 0x7ff515c9caa4 <unknown>\n#19 0x7ff515d29c3c <unknown>","statusTrace":"self = <tests.regression_ui.test_ui_regression.TestUIRegression object at 0x7f7478556750>\ndriver = <selenium.webdriver.chrome.webdriver.WebDriver (session=\"23d675f6383a753a4c68423e1144d200\")>\n\n    @pytest.mark.TC000\n    @pytest.mark.TC005\n    @allure.title('Drag and drop card from one list to another')\n    def test_drag_n_drop_card(self, driver):\n        time.sleep(7)\n        with allure.step('Log in to Trello account'):\n            self.test_login(driver)\n        with allure.step('Drag and drop card from one list to another list'):\n            WebDriverWait(driver, 10).until(EC.element_to_be_clickable((By.XPATH, self.SCC.Board.BOARD_TITLE))).click()\n            WebDriverWait(driver, 10).until(EC.element_to_be_clickable((By.XPATH, self.SCC.Board.ADD_ANOTHER_LIST_BUTTON))).click()\n            driver.find_element(By.XPATH, self.SCC.Board.ENTER_LIST_NAME_FIELD).send_keys('new_list_2')\n            driver.find_element(By.XPATH, self.SCC.Board.ADD_LIST_SUBMIT_BUTTON).click()\n            time.sleep(3)\n>           source_element = driver.find_element(By.XPATH, self.SCC.List.NEW_CARD_TITLE)\n\ntests/regression_ui/test_ui_regression.py:175: \n_ _ _ _ _ _ _ _ _ _ _ _ _ _ _ _ _ _ _ _ _ _ _ _ _ _ _ _ _ _ _ _ _ _ _ _ _ _ _ _ \n/opt/hostedtoolcache/Python/3.12.5/x64/lib/python3.12/site-packages/selenium/webdriver/remote/webdriver.py:770: in find_element\n    return self.execute(Command.FIND_ELEMENT, {\"using\": by, \"value\": value})[\"value\"]\n/opt/hostedtoolcache/Python/3.12.5/x64/lib/python3.12/site-packages/selenium/webdriver/remote/webdriver.py:384: in execute\n    self.error_handler.check_response(response)\n_ _ _ _ _ _ _ _ _ _ _ _ _ _ _ _ _ _ _ _ _ _ _ _ _ _ _ _ _ _ _ _ _ _ _ _ _ _ _ _ \n\nself = <selenium.webdriver.remote.errorhandler.ErrorHandler object at 0x7f7478559460>\nresponse = {'status': 404, 'value': '{\"value\":{\"error\":\"no such element\",\"message\":\"no such element: Unable to locate element: {\\...\\\\n#17 0x55b5e175e896 \\\\u003Cunknown>\\\\n#18 0x7ff515c9caa4 \\\\u003Cunknown>\\\\n#19 0x7ff515d29c3c \\\\u003Cunknown>\\\\n\"}}'}\n\n    def check_response(self, response: Dict[str, Any]) -> None:\n        \"\"\"Checks that a JSON response from the WebDriver does not have an\n        error.\n    \n        :Args:\n         - response - The JSON response from the WebDriver server as a dictionary\n           object.\n    \n        :Raises: If the response contains an error message.\n        \"\"\"\n        status = response.get(\"status\", None)\n        if not status or status == ErrorCode.SUCCESS:\n            return\n        value = None\n        message = response.get(\"message\", \"\")\n        screen: str = response.get(\"screen\", \"\")\n        stacktrace = None\n        if isinstance(status, int):\n            value_json = response.get(\"value\", None)\n            if value_json and isinstance(value_json, str):\n                import json\n    \n                try:\n                    value = json.loads(value_json)\n                    if len(value) == 1:\n                        value = value[\"value\"]\n                    status = value.get(\"error\", None)\n                    if not status:\n                        status = value.get(\"status\", ErrorCode.UNKNOWN_ERROR)\n                        message = value.get(\"value\") or value.get(\"message\")\n                        if not isinstance(message, str):\n                            value = message\n                            message = message.get(\"message\")\n                    else:\n                        message = value.get(\"message\", None)\n                except ValueError:\n                    pass\n    \n        exception_class: Type[WebDriverException]\n        e = ErrorCode()\n        error_codes = [item for item in dir(e) if not item.startswith(\"__\")]\n        for error_code in error_codes:\n            error_info = getattr(ErrorCode, error_code)\n            if isinstance(error_info, list) and status in error_info:\n                exception_class = getattr(ExceptionMapping, error_code, WebDriverException)\n                break\n        else:\n            exception_class = WebDriverException\n    \n        if not value:\n            value = response[\"value\"]\n        if isinstance(value, str):\n            raise exception_class(value)\n        if message == \"\" and \"message\" in value:\n            message = value[\"message\"]\n    \n        screen = None  # type: ignore[assignment]\n        if \"screen\" in value:\n            screen = value[\"screen\"]\n    \n        stacktrace = None\n        st_value = value.get(\"stackTrace\") or value.get(\"stacktrace\")\n        if st_value:\n            if isinstance(st_value, str):\n                stacktrace = st_value.split(\"\\n\")\n            else:\n                stacktrace = []\n                try:\n                    for frame in st_value:\n                        line = frame.get(\"lineNumber\", \"\")\n                        file = frame.get(\"fileName\", \"<anonymous>\")\n                        if line:\n                            file = f\"{file}:{line}\"\n                        meth = frame.get(\"methodName\", \"<anonymous>\")\n                        if \"className\" in frame:\n                            meth = f\"{frame['className']}.{meth}\"\n                        msg = \"    at %s (%s)\"\n                        msg = msg % (meth, file)\n                        stacktrace.append(msg)\n                except TypeError:\n                    pass\n        if exception_class == UnexpectedAlertPresentException:\n            alert_text = None\n            if \"data\" in value:\n                alert_text = value[\"data\"].get(\"text\")\n            elif \"alert\" in value:\n                alert_text = value[\"alert\"].get(\"text\")\n            raise exception_class(message, screen, stacktrace, alert_text)  # type: ignore[call-arg]  # mypy is not smart enough here\n>       raise exception_class(message, screen, stacktrace)\nE       selenium.common.exceptions.NoSuchElementException: Message: no such element: Unable to locate element: {\"method\":\"xpath\",\"selector\":\"//*[contains(text(), 'new_card')]\"}\nE         (Session info: chrome=134.0.6998.165); For documentation on this error, please visit: https://www.selenium.dev/documentation/webdriver/troubleshooting/errors#no-such-element-exception\nE       Stacktrace:\nE       #0 0x55b5e175fa1a <unknown>\nE       #1 0x55b5e1217390 <unknown>\nE       #2 0x55b5e1268c85 <unknown>\nE       #3 0x55b5e1268eb1 <unknown>\nE       #4 0x55b5e12b7d64 <unknown>\nE       #5 0x55b5e128ebfd <unknown>\nE       #6 0x55b5e12b507b <unknown>\nE       #7 0x55b5e128e9a3 <unknown>\nE       #8 0x55b5e125a60e <unknown>\nE       #9 0x55b5e125bdd1 <unknown>\nE       #10 0x55b5e1725ddb <unknown>\nE       #11 0x55b5e1729cbc <unknown>\nE       #12 0x55b5e170d392 <unknown>\nE       #13 0x55b5e172a834 <unknown>\nE       #14 0x55b5e16f11ef <unknown>\nE       #15 0x55b5e174e038 <unknown>\nE       #16 0x55b5e174e216 <unknown>\nE       #17 0x55b5e175e896 <unknown>\nE       #18 0x7ff515c9caa4 <unknown>\nE       #19 0x7ff515d29c3c <unknown>\n\n/opt/hostedtoolcache/Python/3.12.5/x64/lib/python3.12/site-packages/selenium/webdriver/remote/errorhandler.py:232: NoSuchElementException","flaky":false,"newFailed":false,"newBroken":false,"newPassed":false,"retriesCount":0,"retriesStatusChange":false,"beforeStages":[{"name":"driver","time":{"start":1743282642800,"stop":1743282643126,"duration":326},"status":"passed","steps":[],"attachments":[],"parameters":[],"shouldDisplayMessage":false,"stepsCount":0,"attachmentsCount":0,"hasContent":false,"attachmentStep":false},{"name":"setup","time":{"start":1743282643126,"stop":1743282643126,"duration":0},"status":"passed","steps":[],"attachments":[],"parameters":[],"shouldDisplayMessage":false,"stepsCount":0,"attachmentsCount":0,"hasContent":false,"attachmentStep":false}],"testStage":{"status":"broken","statusMessage":"selenium.common.exceptions.NoSuchElementException: Message: no such element: Unable to locate element: {\"method\":\"xpath\",\"selector\":\"//*[contains(text(), 'new_card')]\"}\n  (Session info: chrome=134.0.6998.165); For documentation on this error, please visit: https://www.selenium.dev/documentation/webdriver/troubleshooting/errors#no-such-element-exception\nStacktrace:\n#0 0x55b5e175fa1a <unknown>\n#1 0x55b5e1217390 <unknown>\n#2 0x55b5e1268c85 <unknown>\n#3 0x55b5e1268eb1 <unknown>\n#4 0x55b5e12b7d64 <unknown>\n#5 0x55b5e128ebfd <unknown>\n#6 0x55b5e12b507b <unknown>\n#7 0x55b5e128e9a3 <unknown>\n#8 0x55b5e125a60e <unknown>\n#9 0x55b5e125bdd1 <unknown>\n#10 0x55b5e1725ddb <unknown>\n#11 0x55b5e1729cbc <unknown>\n#12 0x55b5e170d392 <unknown>\n#13 0x55b5e172a834 <unknown>\n#14 0x55b5e16f11ef <unknown>\n#15 0x55b5e174e038 <unknown>\n#16 0x55b5e174e216 <unknown>\n#17 0x55b5e175e896 <unknown>\n#18 0x7ff515c9caa4 <unknown>\n#19 0x7ff515d29c3c <unknown>","statusTrace":"self = <tests.regression_ui.test_ui_regression.TestUIRegression object at 0x7f7478556750>\ndriver = <selenium.webdriver.chrome.webdriver.WebDriver (session=\"23d675f6383a753a4c68423e1144d200\")>\n\n    @pytest.mark.TC000\n    @pytest.mark.TC005\n    @allure.title('Drag and drop card from one list to another')\n    def test_drag_n_drop_card(self, driver):\n        time.sleep(7)\n        with allure.step('Log in to Trello account'):\n            self.test_login(driver)\n        with allure.step('Drag and drop card from one list to another list'):\n            WebDriverWait(driver, 10).until(EC.element_to_be_clickable((By.XPATH, self.SCC.Board.BOARD_TITLE))).click()\n            WebDriverWait(driver, 10).until(EC.element_to_be_clickable((By.XPATH, self.SCC.Board.ADD_ANOTHER_LIST_BUTTON))).click()\n            driver.find_element(By.XPATH, self.SCC.Board.ENTER_LIST_NAME_FIELD).send_keys('new_list_2')\n            driver.find_element(By.XPATH, self.SCC.Board.ADD_LIST_SUBMIT_BUTTON).click()\n            time.sleep(3)\n>           source_element = driver.find_element(By.XPATH, self.SCC.List.NEW_CARD_TITLE)\n\ntests/regression_ui/test_ui_regression.py:175: \n_ _ _ _ _ _ _ _ _ _ _ _ _ _ _ _ _ _ _ _ _ _ _ _ _ _ _ _ _ _ _ _ _ _ _ _ _ _ _ _ \n/opt/hostedtoolcache/Python/3.12.5/x64/lib/python3.12/site-packages/selenium/webdriver/remote/webdriver.py:770: in find_element\n    return self.execute(Command.FIND_ELEMENT, {\"using\": by, \"value\": value})[\"value\"]\n/opt/hostedtoolcache/Python/3.12.5/x64/lib/python3.12/site-packages/selenium/webdriver/remote/webdriver.py:384: in execute\n    self.error_handler.check_response(response)\n_ _ _ _ _ _ _ _ _ _ _ _ _ _ _ _ _ _ _ _ _ _ _ _ _ _ _ _ _ _ _ _ _ _ _ _ _ _ _ _ \n\nself = <selenium.webdriver.remote.errorhandler.ErrorHandler object at 0x7f7478559460>\nresponse = {'status': 404, 'value': '{\"value\":{\"error\":\"no such element\",\"message\":\"no such element: Unable to locate element: {\\...\\\\n#17 0x55b5e175e896 \\\\u003Cunknown>\\\\n#18 0x7ff515c9caa4 \\\\u003Cunknown>\\\\n#19 0x7ff515d29c3c \\\\u003Cunknown>\\\\n\"}}'}\n\n    def check_response(self, response: Dict[str, Any]) -> None:\n        \"\"\"Checks that a JSON response from the WebDriver does not have an\n        error.\n    \n        :Args:\n         - response - The JSON response from the WebDriver server as a dictionary\n           object.\n    \n        :Raises: If the response contains an error message.\n        \"\"\"\n        status = response.get(\"status\", None)\n        if not status or status == ErrorCode.SUCCESS:\n            return\n        value = None\n        message = response.get(\"message\", \"\")\n        screen: str = response.get(\"screen\", \"\")\n        stacktrace = None\n        if isinstance(status, int):\n            value_json = response.get(\"value\", None)\n            if value_json and isinstance(value_json, str):\n                import json\n    \n                try:\n                    value = json.loads(value_json)\n                    if len(value) == 1:\n                        value = value[\"value\"]\n                    status = value.get(\"error\", None)\n                    if not status:\n                        status = value.get(\"status\", ErrorCode.UNKNOWN_ERROR)\n                        message = value.get(\"value\") or value.get(\"message\")\n                        if not isinstance(message, str):\n                            value = message\n                            message = message.get(\"message\")\n                    else:\n                        message = value.get(\"message\", None)\n                except ValueError:\n                    pass\n    \n        exception_class: Type[WebDriverException]\n        e = ErrorCode()\n        error_codes = [item for item in dir(e) if not item.startswith(\"__\")]\n        for error_code in error_codes:\n            error_info = getattr(ErrorCode, error_code)\n            if isinstance(error_info, list) and status in error_info:\n                exception_class = getattr(ExceptionMapping, error_code, WebDriverException)\n                break\n        else:\n            exception_class = WebDriverException\n    \n        if not value:\n            value = response[\"value\"]\n        if isinstance(value, str):\n            raise exception_class(value)\n        if message == \"\" and \"message\" in value:\n            message = value[\"message\"]\n    \n        screen = None  # type: ignore[assignment]\n        if \"screen\" in value:\n            screen = value[\"screen\"]\n    \n        stacktrace = None\n        st_value = value.get(\"stackTrace\") or value.get(\"stacktrace\")\n        if st_value:\n            if isinstance(st_value, str):\n                stacktrace = st_value.split(\"\\n\")\n            else:\n                stacktrace = []\n                try:\n                    for frame in st_value:\n                        line = frame.get(\"lineNumber\", \"\")\n                        file = frame.get(\"fileName\", \"<anonymous>\")\n                        if line:\n                            file = f\"{file}:{line}\"\n                        meth = frame.get(\"methodName\", \"<anonymous>\")\n                        if \"className\" in frame:\n                            meth = f\"{frame['className']}.{meth}\"\n                        msg = \"    at %s (%s)\"\n                        msg = msg % (meth, file)\n                        stacktrace.append(msg)\n                except TypeError:\n                    pass\n        if exception_class == UnexpectedAlertPresentException:\n            alert_text = None\n            if \"data\" in value:\n                alert_text = value[\"data\"].get(\"text\")\n            elif \"alert\" in value:\n                alert_text = value[\"alert\"].get(\"text\")\n            raise exception_class(message, screen, stacktrace, alert_text)  # type: ignore[call-arg]  # mypy is not smart enough here\n>       raise exception_class(message, screen, stacktrace)\nE       selenium.common.exceptions.NoSuchElementException: Message: no such element: Unable to locate element: {\"method\":\"xpath\",\"selector\":\"//*[contains(text(), 'new_card')]\"}\nE         (Session info: chrome=134.0.6998.165); For documentation on this error, please visit: https://www.selenium.dev/documentation/webdriver/troubleshooting/errors#no-such-element-exception\nE       Stacktrace:\nE       #0 0x55b5e175fa1a <unknown>\nE       #1 0x55b5e1217390 <unknown>\nE       #2 0x55b5e1268c85 <unknown>\nE       #3 0x55b5e1268eb1 <unknown>\nE       #4 0x55b5e12b7d64 <unknown>\nE       #5 0x55b5e128ebfd <unknown>\nE       #6 0x55b5e12b507b <unknown>\nE       #7 0x55b5e128e9a3 <unknown>\nE       #8 0x55b5e125a60e <unknown>\nE       #9 0x55b5e125bdd1 <unknown>\nE       #10 0x55b5e1725ddb <unknown>\nE       #11 0x55b5e1729cbc <unknown>\nE       #12 0x55b5e170d392 <unknown>\nE       #13 0x55b5e172a834 <unknown>\nE       #14 0x55b5e16f11ef <unknown>\nE       #15 0x55b5e174e038 <unknown>\nE       #16 0x55b5e174e216 <unknown>\nE       #17 0x55b5e175e896 <unknown>\nE       #18 0x7ff515c9caa4 <unknown>\nE       #19 0x7ff515d29c3c <unknown>\n\n/opt/hostedtoolcache/Python/3.12.5/x64/lib/python3.12/site-packages/selenium/webdriver/remote/errorhandler.py:232: NoSuchElementException","steps":[{"name":"Log in to Trello account","time":{"start":1743282650127,"stop":1743282655978,"duration":5851},"status":"passed","steps":[{"name":"Navigate to the Trello page and enter valid credentials (email, password, and 6-digits verification code)","time":{"start":1743282650127,"stop":1743282655977,"duration":5850},"status":"passed","steps":[],"attachments":[],"parameters":[],"shouldDisplayMessage":false,"stepsCount":0,"attachmentsCount":0,"hasContent":false,"attachmentStep":false}],"attachments":[],"parameters":[],"shouldDisplayMessage":false,"stepsCount":1,"attachmentsCount":0,"hasContent":true,"attachmentStep":false},{"name":"Drag and drop card from one list to another list","time":{"start":1743282655978,"stop":1743282660304,"duration":4326},"status":"broken","statusMessage":"selenium.common.exceptions.NoSuchElementException: Message: no such element: Unable to locate element: {\"method\":\"xpath\",\"selector\":\"//*[contains(text(), 'new_card')]\"}\n  (Session info: chrome=134.0.6998.165); For documentation on this error, please visit: https://www.selenium.dev/documentation/webdriver/troubleshooting/errors#no-such-element-exception\nStacktrace:\n#0 0x55b5e175fa1a <unknown>\n#1 0x55b5e1217390 <unknown>\n#2 0x55b5e1268c85 <unknown>\n#3 0x55b5e1268eb1 <unknown>\n#4 0x55b5e12b7d64 <unknown>\n#5 0x55b5e128ebfd <unknown>\n#6 0x55b5e12b507b <unknown>\n#7 0x55b5e128e9a3 <unknown>\n#8 0x55b5e125a60e <unknown>\n#9 0x55b5e125bdd1 <unknown>\n#10 0x55b5e1725ddb <unknown>\n#11 0x55b5e1729cbc <unknown>\n#12 0x55b5e170d392 <unknown>\n#13 0x55b5e172a834 <unknown>\n#14 0x55b5e16f11ef <unknown>\n#15 0x55b5e174e038 <unknown>\n#16 0x55b5e174e216 <unknown>\n#17 0x55b5e175e896 <unknown>\n#18 0x7ff515c9caa4 <unknown>\n#19 0x7ff515d29c3c <unknown>\n\n","statusTrace":"  File \"/home/runner/work/pythonSelenium/pythonSelenium/tests/regression_ui/test_ui_regression.py\", line 175, in test_drag_n_drop_card\n    source_element = driver.find_element(By.XPATH, self.SCC.List.NEW_CARD_TITLE)\n                     ^^^^^^^^^^^^^^^^^^^^^^^^^^^^^^^^^^^^^^^^^^^^^^^^^^^^^^^^^^^\n  File \"/opt/hostedtoolcache/Python/3.12.5/x64/lib/python3.12/site-packages/selenium/webdriver/remote/webdriver.py\", line 770, in find_element\n    return self.execute(Command.FIND_ELEMENT, {\"using\": by, \"value\": value})[\"value\"]\n           ^^^^^^^^^^^^^^^^^^^^^^^^^^^^^^^^^^^^^^^^^^^^^^^^^^^^^^^^^^^^^^^^^\n  File \"/opt/hostedtoolcache/Python/3.12.5/x64/lib/python3.12/site-packages/selenium/webdriver/remote/webdriver.py\", line 384, in execute\n    self.error_handler.check_response(response)\n  File \"/opt/hostedtoolcache/Python/3.12.5/x64/lib/python3.12/site-packages/selenium/webdriver/remote/errorhandler.py\", line 232, in check_response\n    raise exception_class(message, screen, stacktrace)\n","steps":[],"attachments":[],"parameters":[],"shouldDisplayMessage":true,"stepsCount":0,"attachmentsCount":0,"hasContent":true,"attachmentStep":false}],"attachments":[],"parameters":[],"shouldDisplayMessage":true,"stepsCount":3,"attachmentsCount":0,"hasContent":true,"attachmentStep":false},"afterStages":[{"name":"driver::0","time":{"start":1743282660334,"stop":1743282660404,"duration":70},"status":"passed","steps":[],"attachments":[],"parameters":[],"shouldDisplayMessage":false,"stepsCount":0,"attachmentsCount":0,"hasContent":false,"attachmentStep":false}],"labels":[{"name":"tag","value":"TC005"},{"name":"tag","value":"TC000"},{"name":"parentSuite","value":"tests.regression_ui"},{"name":"suite","value":"test_ui_regression"},{"name":"subSuite","value":"TestUIRegression"},{"name":"host","value":"fv-az1120-17"},{"name":"thread","value":"4087-MainThread"},{"name":"framework","value":"pytest"},{"name":"language","value":"cpython3"},{"name":"package","value":"tests.regression_ui.test_ui_regression"},{"name":"resultFormat","value":"allure2"}],"parameters":[],"links":[],"hidden":false,"retry":false,"extra":{"severity":"normal","retries":[],"categories":[{"name":"Test defects","matchedStatuses":[]}],"history":{"statistic":{"failed":6,"broken":57,"skipped":0,"passed":566,"unknown":0,"total":629},"items":[{"uid":"6a7d638f6c86146d","status":"broken","statusDetails":"selenium.common.exceptions.TimeoutException: Message: \nStacktrace:\n#0 0x55613d903ffa <unknown>\n#1 0x55613d3c2970 <unknown>\n#2 0x55613d414385 <unknown>\n#3 0x55613d4145b1 <unknown>\n#4 0x55613d4633c4 <unknown>\n#5 0x55613d43a2bd <unknown>\n#6 0x55613d46070c <unknown>\n#7 0x55613d43a063 <unknown>\n#8 0x55613d406328 <unknown>\n#9 0x55613d407491 <unknown>\n#10 0x55613d8cb42b <unknown>\n#11 0x55613d8cf2ec <unknown>\n#12 0x55613d8b2a22 <unknown>\n#13 0x55613d8cfe64 <unknown>\n#14 0x55613d896bef <unknown>\n#15 0x55613d8f2558 <unknown>\n#16 0x55613d8f2736 <unknown>\n#17 0x55613d902e76 <unknown>\n#18 0x7f74dd09caa4 <unknown>\n#19 0x7f74dd129c3c <unknown>","time":{"start":1743271981478,"stop":1743272004864,"duration":23386}},{"uid":"6f25e10519636ed6","status":"passed","time":{"start":1743261058121,"stop":1743261076537,"duration":18416}},{"uid":"f4949044af5317e2","status":"broken","statusDetails":"selenium.common.exceptions.TimeoutException: Message: \nStacktrace:\n#0 0x562adc849ffa <unknown>\n#1 0x562adc308970 <unknown>\n#2 0x562adc35a385 <unknown>\n#3 0x562adc35a5b1 <unknown>\n#4 0x562adc3a93c4 <unknown>\n#5 0x562adc3802bd <unknown>\n#6 0x562adc3a670c <unknown>\n#7 0x562adc380063 <unknown>\n#8 0x562adc34c328 <unknown>\n#9 0x562adc34d491 <unknown>\n#10 0x562adc81142b <unknown>\n#11 0x562adc8152ec <unknown>\n#12 0x562adc7f8a22 <unknown>\n#13 0x562adc815e64 <unknown>\n#14 0x562adc7dcbef <unknown>\n#15 0x562adc838558 <unknown>\n#16 0x562adc838736 <unknown>\n#17 0x562adc848e76 <unknown>\n#18 0x7f522949caa4 <unknown>\n#19 0x7f5229529c3c <unknown>","time":{"start":1743250706126,"stop":1743250730429,"duration":24303}},{"uid":"2c331ff092b61bb4","status":"broken","statusDetails":"selenium.common.exceptions.TimeoutException: Message: \nStacktrace:\n#0 0x55c9b0a21ffa <unknown>\n#1 0x55c9b04e0970 <unknown>\n#2 0x55c9b0532385 <unknown>\n#3 0x55c9b05325b1 <unknown>\n#4 0x55c9b05813c4 <unknown>\n#5 0x55c9b05582bd <unknown>\n#6 0x55c9b057e70c <unknown>\n#7 0x55c9b0558063 <unknown>\n#8 0x55c9b0524328 <unknown>\n#9 0x55c9b0525491 <unknown>\n#10 0x55c9b09e942b <unknown>\n#11 0x55c9b09ed2ec <unknown>\n#12 0x55c9b09d0a22 <unknown>\n#13 0x55c9b09ede64 <unknown>\n#14 0x55c9b09b4bef <unknown>\n#15 0x55c9b0a10558 <unknown>\n#16 0x55c9b0a10736 <unknown>\n#17 0x55c9b0a20e76 <unknown>\n#18 0x7f37b669caa4 <unknown>\n#19 0x7f37b6729c3c <unknown>","time":{"start":1743239483024,"stop":1743239506245,"duration":23221}},{"uid":"b069c651ab7dbfa6","status":"broken","statusDetails":"selenium.common.exceptions.TimeoutException: Message: \nStacktrace:\n#0 0x561221ee8ffa <unknown>\n#1 0x5612219a7970 <unknown>\n#2 0x5612219f9385 <unknown>\n#3 0x5612219f95b1 <unknown>\n#4 0x561221a483c4 <unknown>\n#5 0x561221a1f2bd <unknown>\n#6 0x561221a4570c <unknown>\n#7 0x561221a1f063 <unknown>\n#8 0x5612219eb328 <unknown>\n#9 0x5612219ec491 <unknown>\n#10 0x561221eb042b <unknown>\n#11 0x561221eb42ec <unknown>\n#12 0x561221e97a22 <unknown>\n#13 0x561221eb4e64 <unknown>\n#14 0x561221e7bbef <unknown>\n#15 0x561221ed7558 <unknown>\n#16 0x561221ed7736 <unknown>\n#17 0x561221ee7e76 <unknown>\n#18 0x7f58f649caa4 <unknown>\n#19 0x7f58f6529c3c <unknown>","time":{"start":1743228839580,"stop":1743228862726,"duration":23146}},{"uid":"b8198c384dbab659","status":"broken","statusDetails":"selenium.common.exceptions.NoSuchElementException: Message: no such element: Unable to locate element: {\"method\":\"xpath\",\"selector\":\"//*[contains(text(), 'new_card')]\"}\n  (Session info: chrome=134.0.6998.165); For documentation on this error, please visit: https://www.selenium.dev/documentation/webdriver/troubleshooting/errors#no-such-element-exception\nStacktrace:\n#0 0x5565e9a97ffa <unknown>\n#1 0x5565e9556970 <unknown>\n#2 0x5565e95a8385 <unknown>\n#3 0x5565e95a85b1 <unknown>\n#4 0x5565e95f73c4 <unknown>\n#5 0x5565e95ce2bd <unknown>\n#6 0x5565e95f470c <unknown>\n#7 0x5565e95ce063 <unknown>\n#8 0x5565e959a328 <unknown>\n#9 0x5565e959b491 <unknown>\n#10 0x5565e9a5f42b <unknown>\n#11 0x5565e9a632ec <unknown>\n#12 0x5565e9a46a22 <unknown>\n#13 0x5565e9a63e64 <unknown>\n#14 0x5565e9a2abef <unknown>\n#15 0x5565e9a86558 <unknown>\n#16 0x5565e9a86736 <unknown>\n#17 0x5565e9a96e76 <unknown>\n#18 0x7fbe1c69caa4 <unknown>\n#19 0x7fbe1c729c3c <unknown>","time":{"start":1743218621604,"stop":1743218638749,"duration":17145}},{"uid":"10bbd49041450d95","status":"broken","statusDetails":"selenium.common.exceptions.TimeoutException: Message: \nStacktrace:\n#0 0x55d9ea043ffa <unknown>\n#1 0x55d9e9b02970 <unknown>\n#2 0x55d9e9b54385 <unknown>\n#3 0x55d9e9b545b1 <unknown>\n#4 0x55d9e9ba33c4 <unknown>\n#5 0x55d9e9b7a2bd <unknown>\n#6 0x55d9e9ba070c <unknown>\n#7 0x55d9e9b7a063 <unknown>\n#8 0x55d9e9b46328 <unknown>\n#9 0x55d9e9b47491 <unknown>\n#10 0x55d9ea00b42b <unknown>\n#11 0x55d9ea00f2ec <unknown>\n#12 0x55d9e9ff2a22 <unknown>\n#13 0x55d9ea00fe64 <unknown>\n#14 0x55d9e9fd6bef <unknown>\n#15 0x55d9ea032558 <unknown>\n#16 0x55d9ea032736 <unknown>\n#17 0x55d9ea042e76 <unknown>\n#18 0x7fcd8d29caa4 <unknown>\n#19 0x7fcd8d329c3c <unknown>","time":{"start":1743209064564,"stop":1743209088319,"duration":23755}},{"uid":"6a62eb9bbd7ec2d5","status":"broken","statusDetails":"selenium.common.exceptions.TimeoutException: Message: \nStacktrace:\n#0 0x560cfa540ffa <unknown>\n#1 0x560cf9fff970 <unknown>\n#2 0x560cfa051385 <unknown>\n#3 0x560cfa0515b1 <unknown>\n#4 0x560cfa0a03c4 <unknown>\n#5 0x560cfa0772bd <unknown>\n#6 0x560cfa09d70c <unknown>\n#7 0x560cfa077063 <unknown>\n#8 0x560cfa043328 <unknown>\n#9 0x560cfa044491 <unknown>\n#10 0x560cfa50842b <unknown>\n#11 0x560cfa50c2ec <unknown>\n#12 0x560cfa4efa22 <unknown>\n#13 0x560cfa50ce64 <unknown>\n#14 0x560cfa4d3bef <unknown>\n#15 0x560cfa52f558 <unknown>\n#16 0x560cfa52f736 <unknown>\n#17 0x560cfa53fe76 <unknown>\n#18 0x7f236749caa4 <unknown>\n#19 0x7f2367529c3c <unknown>","time":{"start":1743196225141,"stop":1743196248267,"duration":23126}},{"uid":"a2580cf16f98ecef","status":"broken","statusDetails":"selenium.common.exceptions.TimeoutException: Message: \nStacktrace:\n#0 0x563860d16ffa <unknown>\n#1 0x5638607d5970 <unknown>\n#2 0x563860827385 <unknown>\n#3 0x5638608275b1 <unknown>\n#4 0x5638608763c4 <unknown>\n#5 0x56386084d2bd <unknown>\n#6 0x56386087370c <unknown>\n#7 0x56386084d063 <unknown>\n#8 0x563860819328 <unknown>\n#9 0x56386081a491 <unknown>\n#10 0x563860cde42b <unknown>\n#11 0x563860ce22ec <unknown>\n#12 0x563860cc5a22 <unknown>\n#13 0x563860ce2e64 <unknown>\n#14 0x563860ca9bef <unknown>\n#15 0x563860d05558 <unknown>\n#16 0x563860d05736 <unknown>\n#17 0x563860d15e76 <unknown>\n#18 0x7f377109caa4 <unknown>\n#19 0x7f3771129c3c <unknown>","time":{"start":1743185721954,"stop":1743185745082,"duration":23128}},{"uid":"ffd6c1113a76a2a7","status":"broken","statusDetails":"selenium.common.exceptions.TimeoutException: Message: \nStacktrace:\n#0 0x560b2c13fffa <unknown>\n#1 0x560b2bbfe970 <unknown>\n#2 0x560b2bc50385 <unknown>\n#3 0x560b2bc505b1 <unknown>\n#4 0x560b2bc9f3c4 <unknown>\n#5 0x560b2bc762bd <unknown>\n#6 0x560b2bc9c70c <unknown>\n#7 0x560b2bc76063 <unknown>\n#8 0x560b2bc42328 <unknown>\n#9 0x560b2bc43491 <unknown>\n#10 0x560b2c10742b <unknown>\n#11 0x560b2c10b2ec <unknown>\n#12 0x560b2c0eea22 <unknown>\n#13 0x560b2c10be64 <unknown>\n#14 0x560b2c0d2bef <unknown>\n#15 0x560b2c12e558 <unknown>\n#16 0x560b2c12e736 <unknown>\n#17 0x560b2c13ee76 <unknown>\n#18 0x7f521f09caa4 <unknown>\n#19 0x7f521f129c3c <unknown>","time":{"start":1743174711407,"stop":1743174735171,"duration":23764}},{"uid":"270785de9e09fc8a","status":"broken","statusDetails":"selenium.common.exceptions.NoSuchElementException: Message: no such element: Unable to locate element: {\"method\":\"xpath\",\"selector\":\"//*[contains(text(), 'new_card')]\"}\n  (Session info: chrome=134.0.6998.165); For documentation on this error, please visit: https://www.selenium.dev/documentation/webdriver/troubleshooting/errors#no-such-element-exception\nStacktrace:\n#0 0x55a14ec65a1a <unknown>\n#1 0x55a14e71d390 <unknown>\n#2 0x55a14e76ec85 <unknown>\n#3 0x55a14e76eeb1 <unknown>\n#4 0x55a14e7bdd64 <unknown>\n#5 0x55a14e794bfd <unknown>\n#6 0x55a14e7bb07b <unknown>\n#7 0x55a14e7949a3 <unknown>\n#8 0x55a14e76060e <unknown>\n#9 0x55a14e761dd1 <unknown>\n#10 0x55a14ec2bddb <unknown>\n#11 0x55a14ec2fcbc <unknown>\n#12 0x55a14ec13392 <unknown>\n#13 0x55a14ec30834 <unknown>\n#14 0x55a14ebf71ef <unknown>\n#15 0x55a14ec54038 <unknown>\n#16 0x55a14ec54216 <unknown>\n#17 0x55a14ec64896 <unknown>\n#18 0x7feee149caa4 <unknown>\n#19 0x7feee1529c3c <unknown>","time":{"start":1743164294031,"stop":1743164311339,"duration":17308}},{"uid":"80b0b487e74372f9","status":"broken","statusDetails":"selenium.common.exceptions.TimeoutException: Message: \nStacktrace:\n#0 0x562063a63ffa <unknown>\n#1 0x562063522970 <unknown>\n#2 0x562063574385 <unknown>\n#3 0x5620635745b1 <unknown>\n#4 0x5620635c33c4 <unknown>\n#5 0x56206359a2bd <unknown>\n#6 0x5620635c070c <unknown>\n#7 0x56206359a063 <unknown>\n#8 0x562063566328 <unknown>\n#9 0x562063567491 <unknown>\n#10 0x562063a2b42b <unknown>\n#11 0x562063a2f2ec <unknown>\n#12 0x562063a12a22 <unknown>\n#13 0x562063a2fe64 <unknown>\n#14 0x5620639f6bef <unknown>\n#15 0x562063a52558 <unknown>\n#16 0x562063a52736 <unknown>\n#17 0x562063a62e76 <unknown>\n#18 0x7f2ccd89caa4 <unknown>\n#19 0x7f2ccd929c3c <unknown>","time":{"start":1743153208896,"stop":1743153232071,"duration":23175}},{"uid":"9395d6f9f5c765c9","status":"broken","statusDetails":"selenium.common.exceptions.TimeoutException: Message: \nStacktrace:\n#0 0x563703947ffa <unknown>\n#1 0x563703406970 <unknown>\n#2 0x563703458385 <unknown>\n#3 0x5637034585b1 <unknown>\n#4 0x5637034a73c4 <unknown>\n#5 0x56370347e2bd <unknown>\n#6 0x5637034a470c <unknown>\n#7 0x56370347e063 <unknown>\n#8 0x56370344a328 <unknown>\n#9 0x56370344b491 <unknown>\n#10 0x56370390f42b <unknown>\n#11 0x5637039132ec <unknown>\n#12 0x5637038f6a22 <unknown>\n#13 0x563703913e64 <unknown>\n#14 0x5637038dabef <unknown>\n#15 0x563703936558 <unknown>\n#16 0x563703936736 <unknown>\n#17 0x563703946e76 <unknown>\n#18 0x7f50a429caa4 <unknown>\n#19 0x7f50a4329c3c <unknown>","time":{"start":1743142550010,"stop":1743142574085,"duration":24075}},{"uid":"5ca822fda19d014a","status":"broken","statusDetails":"selenium.common.exceptions.NoSuchElementException: Message: no such element: Unable to locate element: {\"method\":\"xpath\",\"selector\":\"//*[contains(text(), 'new_card')]\"}\n  (Session info: chrome=134.0.6998.165); For documentation on this error, please visit: https://www.selenium.dev/documentation/webdriver/troubleshooting/errors#no-such-element-exception\nStacktrace:\n#0 0x55e618af3ffa <unknown>\n#1 0x55e6185b2970 <unknown>\n#2 0x55e618604385 <unknown>\n#3 0x55e6186045b1 <unknown>\n#4 0x55e6186533c4 <unknown>\n#5 0x55e61862a2bd <unknown>\n#6 0x55e61865070c <unknown>\n#7 0x55e61862a063 <unknown>\n#8 0x55e6185f6328 <unknown>\n#9 0x55e6185f7491 <unknown>\n#10 0x55e618abb42b <unknown>\n#11 0x55e618abf2ec <unknown>\n#12 0x55e618aa2a22 <unknown>\n#13 0x55e618abfe64 <unknown>\n#14 0x55e618a86bef <unknown>\n#15 0x55e618ae2558 <unknown>\n#16 0x55e618ae2736 <unknown>\n#17 0x55e618af2e76 <unknown>\n#18 0x7fac42c9caa4 <unknown>\n#19 0x7fac42d29c3c <unknown>","time":{"start":1743132435116,"stop":1743132452403,"duration":17287}},{"uid":"6490c171dd3bb804","status":"broken","statusDetails":"selenium.common.exceptions.TimeoutException: Message: \nStacktrace:\n#0 0x55fbcd7d1a1a <unknown>\n#1 0x55fbcd289390 <unknown>\n#2 0x55fbcd2dac85 <unknown>\n#3 0x55fbcd2daeb1 <unknown>\n#4 0x55fbcd329d64 <unknown>\n#5 0x55fbcd300bfd <unknown>\n#6 0x55fbcd32707b <unknown>\n#7 0x55fbcd3009a3 <unknown>\n#8 0x55fbcd2cc60e <unknown>\n#9 0x55fbcd2cddd1 <unknown>\n#10 0x55fbcd797ddb <unknown>\n#11 0x55fbcd79bcbc <unknown>\n#12 0x55fbcd77f392 <unknown>\n#13 0x55fbcd79c834 <unknown>\n#14 0x55fbcd7631ef <unknown>\n#15 0x55fbcd7c0038 <unknown>\n#16 0x55fbcd7c0216 <unknown>\n#17 0x55fbcd7d0896 <unknown>\n#18 0x7ff45869caa4 <unknown>\n#19 0x7ff458729c3c <unknown>","time":{"start":1743122693697,"stop":1743122716934,"duration":23237}},{"uid":"97c26bf8eaa026e3","status":"broken","statusDetails":"selenium.common.exceptions.TimeoutException: Message: \nStacktrace:\n#0 0x56057b9cea1a <unknown>\n#1 0x56057b486390 <unknown>\n#2 0x56057b4d7c85 <unknown>\n#3 0x56057b4d7eb1 <unknown>\n#4 0x56057b526d64 <unknown>\n#5 0x56057b4fdbfd <unknown>\n#6 0x56057b52407b <unknown>\n#7 0x56057b4fd9a3 <unknown>\n#8 0x56057b4c960e <unknown>\n#9 0x56057b4cadd1 <unknown>\n#10 0x56057b994ddb <unknown>\n#11 0x56057b998cbc <unknown>\n#12 0x56057b97c392 <unknown>\n#13 0x56057b999834 <unknown>\n#14 0x56057b9601ef <unknown>\n#15 0x56057b9bd038 <unknown>\n#16 0x56057b9bd216 <unknown>\n#17 0x56057b9cd896 <unknown>\n#18 0x7f00ed89caa4 <unknown>\n#19 0x7f00ed929c3c <unknown>","time":{"start":1743109862485,"stop":1743109886297,"duration":23812}},{"uid":"a7ee48dcda83c75c","status":"broken","statusDetails":"selenium.common.exceptions.TimeoutException: Message: \nStacktrace:\n#0 0x55ffd01b4ffa <unknown>\n#1 0x55ffcfc73970 <unknown>\n#2 0x55ffcfcc5385 <unknown>\n#3 0x55ffcfcc55b1 <unknown>\n#4 0x55ffcfd143c4 <unknown>\n#5 0x55ffcfceb2bd <unknown>\n#6 0x55ffcfd1170c <unknown>\n#7 0x55ffcfceb063 <unknown>\n#8 0x55ffcfcb7328 <unknown>\n#9 0x55ffcfcb8491 <unknown>\n#10 0x55ffd017c42b <unknown>\n#11 0x55ffd01802ec <unknown>\n#12 0x55ffd0163a22 <unknown>\n#13 0x55ffd0180e64 <unknown>\n#14 0x55ffd0147bef <unknown>\n#15 0x55ffd01a3558 <unknown>\n#16 0x55ffd01a3736 <unknown>\n#17 0x55ffd01b3e76 <unknown>\n#18 0x7fc0e2c9caa4 <unknown>\n#19 0x7fc0e2d29c3c <unknown>","time":{"start":1743099299461,"stop":1743099323323,"duration":23862}},{"uid":"9b990dcd0aeab9d1","status":"passed","time":{"start":1743088285176,"stop":1743088303116,"duration":17940}},{"uid":"701178a764b1b4f3","status":"broken","statusDetails":"selenium.common.exceptions.TimeoutException: Message: \nStacktrace:\n#0 0x555cb3d10a1a <unknown>\n#1 0x555cb37c8390 <unknown>\n#2 0x555cb3819c85 <unknown>\n#3 0x555cb3819eb1 <unknown>\n#4 0x555cb3868d64 <unknown>\n#5 0x555cb383fbfd <unknown>\n#6 0x555cb386607b <unknown>\n#7 0x555cb383f9a3 <unknown>\n#8 0x555cb380b60e <unknown>\n#9 0x555cb380cdd1 <unknown>\n#10 0x555cb3cd6ddb <unknown>\n#11 0x555cb3cdacbc <unknown>\n#12 0x555cb3cbe392 <unknown>\n#13 0x555cb3cdb834 <unknown>\n#14 0x555cb3ca21ef <unknown>\n#15 0x555cb3cff038 <unknown>\n#16 0x555cb3cff216 <unknown>\n#17 0x555cb3d0f896 <unknown>\n#18 0x7f59e249caa4 <unknown>\n#19 0x7f59e2529c3c <unknown>","time":{"start":1743078027541,"stop":1743078052005,"duration":24464}},{"uid":"70257f53b887a5a3","status":"passed","time":{"start":1743066685365,"stop":1743066703233,"duration":17868}}]},"tags":["TC005","TC000"]},"source":"da142e873f3bf643.json","parameterValues":[]}