{"uid":"dc49cebe6f5d0db7","name":"Archive a card","fullName":"tests.regression_ui.test_ui_regression.TestUIRegression#test_archive_card","historyId":"4151bed777d70c35651f4626d00b86b5","time":{"start":1742345178184,"stop":1742345225777,"duration":47593},"status":"broken","statusMessage":"selenium.common.exceptions.NoSuchElementException: Message: no such element: Unable to locate element: {\"method\":\"xpath\",\"selector\":\"//*[contains(text(), 'new_card')]\"}\n  (Session info: chrome=134.0.6998.88); For documentation on this error, please visit: https://www.selenium.dev/documentation/webdriver/troubleshooting/errors#no-such-element-exception\nStacktrace:\n#0 0x55835f55746a <unknown>\n#1 0x55835f010ed0 <unknown>\n#2 0x55835f062935 <unknown>\n#3 0x55835f062b61 <unknown>\n#4 0x55835f0b19d4 <unknown>\n#5 0x55835f08888d <unknown>\n#6 0x55835f0aeceb <unknown>\n#7 0x55835f088633 <unknown>\n#8 0x55835f0541be <unknown>\n#9 0x55835f055981 <unknown>\n#10 0x55835f51d86b <unknown>\n#11 0x55835f52173c <unknown>\n#12 0x55835f504f12 <unknown>\n#13 0x55835f5222b4 <unknown>\n#14 0x55835f4e90af <unknown>\n#15 0x55835f545ad8 <unknown>\n#16 0x55835f545cb6 <unknown>\n#17 0x55835f5562e6 <unknown>\n#18 0x7f3534a9caa4 <unknown>\n#19 0x7f3534b29c3c <unknown>","statusTrace":"self = <tests.regression_ui.test_ui_regression.TestUIRegression object at 0x7f1c4a0a6750>\ndriver = <selenium.webdriver.chrome.webdriver.WebDriver (session=\"613a016ff13e3d6d824a49b599b22b88\")>\n\n    @pytest.mark.TC000\n    @pytest.mark.TC006\n    @allure.title('Archive a card')\n    def test_archive_card(self, driver):\n        time.sleep(5)\n        with allure.step('Log in to Trello account'):\n            self.test_login(driver)\n    \n        with allure.step('Open a board and select a card'):\n            try:\n                WebDriverWait(driver, 30).until(EC.element_to_be_clickable((By.XPATH, self.SCC.Board.BOARD_TITLE))).click()\n                WebDriverWait(driver, 10).until(EC.visibility_of_element_located((By.XPATH, self.SCC.Board.LIST_TITLE))).click()\n                driver.find_element(By.XPATH, self.SCC.List.ADD_A_CARD_BUTTON).click()\n                driver.find_element(By.XPATH, self.SCC.List.CARD_NAME_FIELD).click()\n                time.sleep(1)\n                driver.find_element(By.XPATH, self.SCC.List.CARD_NAME_FIELD).send_keys('new_card')\n                driver.find_element(By.XPATH, self.SCC.List.ADD_CARD_SUBMIT_BUTTOMN).click()\n                time.sleep(2)\n            except Exception as e:\n                log.info(\"An error occurred: \", str(e))\n    \n        with allure.step('Click the card to open and archive it'):\n>           driver.find_element(By.XPATH, self.SCC.List.CARD_TO_ARCHIVE).click()\n\ntests/regression_ui/test_ui_regression.py:206: \n_ _ _ _ _ _ _ _ _ _ _ _ _ _ _ _ _ _ _ _ _ _ _ _ _ _ _ _ _ _ _ _ _ _ _ _ _ _ _ _ \n/opt/hostedtoolcache/Python/3.12.5/x64/lib/python3.12/site-packages/selenium/webdriver/remote/webdriver.py:770: in find_element\n    return self.execute(Command.FIND_ELEMENT, {\"using\": by, \"value\": value})[\"value\"]\n/opt/hostedtoolcache/Python/3.12.5/x64/lib/python3.12/site-packages/selenium/webdriver/remote/webdriver.py:384: in execute\n    self.error_handler.check_response(response)\n_ _ _ _ _ _ _ _ _ _ _ _ _ _ _ _ _ _ _ _ _ _ _ _ _ _ _ _ _ _ _ _ _ _ _ _ _ _ _ _ \n\nself = <selenium.webdriver.remote.errorhandler.ErrorHandler object at 0x7f1c4a0fe060>\nresponse = {'status': 404, 'value': '{\"value\":{\"error\":\"no such element\",\"message\":\"no such element: Unable to locate element: {\\...\\\\n#17 0x55835f5562e6 \\\\u003Cunknown>\\\\n#18 0x7f3534a9caa4 \\\\u003Cunknown>\\\\n#19 0x7f3534b29c3c \\\\u003Cunknown>\\\\n\"}}'}\n\n    def check_response(self, response: Dict[str, Any]) -> None:\n        \"\"\"Checks that a JSON response from the WebDriver does not have an\n        error.\n    \n        :Args:\n         - response - The JSON response from the WebDriver server as a dictionary\n           object.\n    \n        :Raises: If the response contains an error message.\n        \"\"\"\n        status = response.get(\"status\", None)\n        if not status or status == ErrorCode.SUCCESS:\n            return\n        value = None\n        message = response.get(\"message\", \"\")\n        screen: str = response.get(\"screen\", \"\")\n        stacktrace = None\n        if isinstance(status, int):\n            value_json = response.get(\"value\", None)\n            if value_json and isinstance(value_json, str):\n                import json\n    \n                try:\n                    value = json.loads(value_json)\n                    if len(value) == 1:\n                        value = value[\"value\"]\n                    status = value.get(\"error\", None)\n                    if not status:\n                        status = value.get(\"status\", ErrorCode.UNKNOWN_ERROR)\n                        message = value.get(\"value\") or value.get(\"message\")\n                        if not isinstance(message, str):\n                            value = message\n                            message = message.get(\"message\")\n                    else:\n                        message = value.get(\"message\", None)\n                except ValueError:\n                    pass\n    \n        exception_class: Type[WebDriverException]\n        e = ErrorCode()\n        error_codes = [item for item in dir(e) if not item.startswith(\"__\")]\n        for error_code in error_codes:\n            error_info = getattr(ErrorCode, error_code)\n            if isinstance(error_info, list) and status in error_info:\n                exception_class = getattr(ExceptionMapping, error_code, WebDriverException)\n                break\n        else:\n            exception_class = WebDriverException\n    \n        if not value:\n            value = response[\"value\"]\n        if isinstance(value, str):\n            raise exception_class(value)\n        if message == \"\" and \"message\" in value:\n            message = value[\"message\"]\n    \n        screen = None  # type: ignore[assignment]\n        if \"screen\" in value:\n            screen = value[\"screen\"]\n    \n        stacktrace = None\n        st_value = value.get(\"stackTrace\") or value.get(\"stacktrace\")\n        if st_value:\n            if isinstance(st_value, str):\n                stacktrace = st_value.split(\"\\n\")\n            else:\n                stacktrace = []\n                try:\n                    for frame in st_value:\n                        line = frame.get(\"lineNumber\", \"\")\n                        file = frame.get(\"fileName\", \"<anonymous>\")\n                        if line:\n                            file = f\"{file}:{line}\"\n                        meth = frame.get(\"methodName\", \"<anonymous>\")\n                        if \"className\" in frame:\n                            meth = f\"{frame['className']}.{meth}\"\n                        msg = \"    at %s (%s)\"\n                        msg = msg % (meth, file)\n                        stacktrace.append(msg)\n                except TypeError:\n                    pass\n        if exception_class == UnexpectedAlertPresentException:\n            alert_text = None\n            if \"data\" in value:\n                alert_text = value[\"data\"].get(\"text\")\n            elif \"alert\" in value:\n                alert_text = value[\"alert\"].get(\"text\")\n            raise exception_class(message, screen, stacktrace, alert_text)  # type: ignore[call-arg]  # mypy is not smart enough here\n>       raise exception_class(message, screen, stacktrace)\nE       selenium.common.exceptions.NoSuchElementException: Message: no such element: Unable to locate element: {\"method\":\"xpath\",\"selector\":\"//*[contains(text(), 'new_card')]\"}\nE         (Session info: chrome=134.0.6998.88); For documentation on this error, please visit: https://www.selenium.dev/documentation/webdriver/troubleshooting/errors#no-such-element-exception\nE       Stacktrace:\nE       #0 0x55835f55746a <unknown>\nE       #1 0x55835f010ed0 <unknown>\nE       #2 0x55835f062935 <unknown>\nE       #3 0x55835f062b61 <unknown>\nE       #4 0x55835f0b19d4 <unknown>\nE       #5 0x55835f08888d <unknown>\nE       #6 0x55835f0aeceb <unknown>\nE       #7 0x55835f088633 <unknown>\nE       #8 0x55835f0541be <unknown>\nE       #9 0x55835f055981 <unknown>\nE       #10 0x55835f51d86b <unknown>\nE       #11 0x55835f52173c <unknown>\nE       #12 0x55835f504f12 <unknown>\nE       #13 0x55835f5222b4 <unknown>\nE       #14 0x55835f4e90af <unknown>\nE       #15 0x55835f545ad8 <unknown>\nE       #16 0x55835f545cb6 <unknown>\nE       #17 0x55835f5562e6 <unknown>\nE       #18 0x7f3534a9caa4 <unknown>\nE       #19 0x7f3534b29c3c <unknown>\n\n/opt/hostedtoolcache/Python/3.12.5/x64/lib/python3.12/site-packages/selenium/webdriver/remote/errorhandler.py:232: NoSuchElementException","flaky":false,"newFailed":false,"newBroken":true,"newPassed":false,"retriesCount":0,"retriesStatusChange":false,"beforeStages":[{"name":"driver","time":{"start":1742345177860,"stop":1742345178183,"duration":323},"status":"passed","steps":[],"attachments":[],"parameters":[],"shouldDisplayMessage":false,"stepsCount":0,"attachmentsCount":0,"hasContent":false,"attachmentStep":false},{"name":"setup","time":{"start":1742345178183,"stop":1742345178183,"duration":0},"status":"passed","steps":[],"attachments":[],"parameters":[],"shouldDisplayMessage":false,"stepsCount":0,"attachmentsCount":0,"hasContent":false,"attachmentStep":false}],"testStage":{"status":"broken","statusMessage":"selenium.common.exceptions.NoSuchElementException: Message: no such element: Unable to locate element: {\"method\":\"xpath\",\"selector\":\"//*[contains(text(), 'new_card')]\"}\n  (Session info: chrome=134.0.6998.88); For documentation on this error, please visit: https://www.selenium.dev/documentation/webdriver/troubleshooting/errors#no-such-element-exception\nStacktrace:\n#0 0x55835f55746a <unknown>\n#1 0x55835f010ed0 <unknown>\n#2 0x55835f062935 <unknown>\n#3 0x55835f062b61 <unknown>\n#4 0x55835f0b19d4 <unknown>\n#5 0x55835f08888d <unknown>\n#6 0x55835f0aeceb <unknown>\n#7 0x55835f088633 <unknown>\n#8 0x55835f0541be <unknown>\n#9 0x55835f055981 <unknown>\n#10 0x55835f51d86b <unknown>\n#11 0x55835f52173c <unknown>\n#12 0x55835f504f12 <unknown>\n#13 0x55835f5222b4 <unknown>\n#14 0x55835f4e90af <unknown>\n#15 0x55835f545ad8 <unknown>\n#16 0x55835f545cb6 <unknown>\n#17 0x55835f5562e6 <unknown>\n#18 0x7f3534a9caa4 <unknown>\n#19 0x7f3534b29c3c <unknown>","statusTrace":"self = <tests.regression_ui.test_ui_regression.TestUIRegression object at 0x7f1c4a0a6750>\ndriver = <selenium.webdriver.chrome.webdriver.WebDriver (session=\"613a016ff13e3d6d824a49b599b22b88\")>\n\n    @pytest.mark.TC000\n    @pytest.mark.TC006\n    @allure.title('Archive a card')\n    def test_archive_card(self, driver):\n        time.sleep(5)\n        with allure.step('Log in to Trello account'):\n            self.test_login(driver)\n    \n        with allure.step('Open a board and select a card'):\n            try:\n                WebDriverWait(driver, 30).until(EC.element_to_be_clickable((By.XPATH, self.SCC.Board.BOARD_TITLE))).click()\n                WebDriverWait(driver, 10).until(EC.visibility_of_element_located((By.XPATH, self.SCC.Board.LIST_TITLE))).click()\n                driver.find_element(By.XPATH, self.SCC.List.ADD_A_CARD_BUTTON).click()\n                driver.find_element(By.XPATH, self.SCC.List.CARD_NAME_FIELD).click()\n                time.sleep(1)\n                driver.find_element(By.XPATH, self.SCC.List.CARD_NAME_FIELD).send_keys('new_card')\n                driver.find_element(By.XPATH, self.SCC.List.ADD_CARD_SUBMIT_BUTTOMN).click()\n                time.sleep(2)\n            except Exception as e:\n                log.info(\"An error occurred: \", str(e))\n    \n        with allure.step('Click the card to open and archive it'):\n>           driver.find_element(By.XPATH, self.SCC.List.CARD_TO_ARCHIVE).click()\n\ntests/regression_ui/test_ui_regression.py:206: \n_ _ _ _ _ _ _ _ _ _ _ _ _ _ _ _ _ _ _ _ _ _ _ _ _ _ _ _ _ _ _ _ _ _ _ _ _ _ _ _ \n/opt/hostedtoolcache/Python/3.12.5/x64/lib/python3.12/site-packages/selenium/webdriver/remote/webdriver.py:770: in find_element\n    return self.execute(Command.FIND_ELEMENT, {\"using\": by, \"value\": value})[\"value\"]\n/opt/hostedtoolcache/Python/3.12.5/x64/lib/python3.12/site-packages/selenium/webdriver/remote/webdriver.py:384: in execute\n    self.error_handler.check_response(response)\n_ _ _ _ _ _ _ _ _ _ _ _ _ _ _ _ _ _ _ _ _ _ _ _ _ _ _ _ _ _ _ _ _ _ _ _ _ _ _ _ \n\nself = <selenium.webdriver.remote.errorhandler.ErrorHandler object at 0x7f1c4a0fe060>\nresponse = {'status': 404, 'value': '{\"value\":{\"error\":\"no such element\",\"message\":\"no such element: Unable to locate element: {\\...\\\\n#17 0x55835f5562e6 \\\\u003Cunknown>\\\\n#18 0x7f3534a9caa4 \\\\u003Cunknown>\\\\n#19 0x7f3534b29c3c \\\\u003Cunknown>\\\\n\"}}'}\n\n    def check_response(self, response: Dict[str, Any]) -> None:\n        \"\"\"Checks that a JSON response from the WebDriver does not have an\n        error.\n    \n        :Args:\n         - response - The JSON response from the WebDriver server as a dictionary\n           object.\n    \n        :Raises: If the response contains an error message.\n        \"\"\"\n        status = response.get(\"status\", None)\n        if not status or status == ErrorCode.SUCCESS:\n            return\n        value = None\n        message = response.get(\"message\", \"\")\n        screen: str = response.get(\"screen\", \"\")\n        stacktrace = None\n        if isinstance(status, int):\n            value_json = response.get(\"value\", None)\n            if value_json and isinstance(value_json, str):\n                import json\n    \n                try:\n                    value = json.loads(value_json)\n                    if len(value) == 1:\n                        value = value[\"value\"]\n                    status = value.get(\"error\", None)\n                    if not status:\n                        status = value.get(\"status\", ErrorCode.UNKNOWN_ERROR)\n                        message = value.get(\"value\") or value.get(\"message\")\n                        if not isinstance(message, str):\n                            value = message\n                            message = message.get(\"message\")\n                    else:\n                        message = value.get(\"message\", None)\n                except ValueError:\n                    pass\n    \n        exception_class: Type[WebDriverException]\n        e = ErrorCode()\n        error_codes = [item for item in dir(e) if not item.startswith(\"__\")]\n        for error_code in error_codes:\n            error_info = getattr(ErrorCode, error_code)\n            if isinstance(error_info, list) and status in error_info:\n                exception_class = getattr(ExceptionMapping, error_code, WebDriverException)\n                break\n        else:\n            exception_class = WebDriverException\n    \n        if not value:\n            value = response[\"value\"]\n        if isinstance(value, str):\n            raise exception_class(value)\n        if message == \"\" and \"message\" in value:\n            message = value[\"message\"]\n    \n        screen = None  # type: ignore[assignment]\n        if \"screen\" in value:\n            screen = value[\"screen\"]\n    \n        stacktrace = None\n        st_value = value.get(\"stackTrace\") or value.get(\"stacktrace\")\n        if st_value:\n            if isinstance(st_value, str):\n                stacktrace = st_value.split(\"\\n\")\n            else:\n                stacktrace = []\n                try:\n                    for frame in st_value:\n                        line = frame.get(\"lineNumber\", \"\")\n                        file = frame.get(\"fileName\", \"<anonymous>\")\n                        if line:\n                            file = f\"{file}:{line}\"\n                        meth = frame.get(\"methodName\", \"<anonymous>\")\n                        if \"className\" in frame:\n                            meth = f\"{frame['className']}.{meth}\"\n                        msg = \"    at %s (%s)\"\n                        msg = msg % (meth, file)\n                        stacktrace.append(msg)\n                except TypeError:\n                    pass\n        if exception_class == UnexpectedAlertPresentException:\n            alert_text = None\n            if \"data\" in value:\n                alert_text = value[\"data\"].get(\"text\")\n            elif \"alert\" in value:\n                alert_text = value[\"alert\"].get(\"text\")\n            raise exception_class(message, screen, stacktrace, alert_text)  # type: ignore[call-arg]  # mypy is not smart enough here\n>       raise exception_class(message, screen, stacktrace)\nE       selenium.common.exceptions.NoSuchElementException: Message: no such element: Unable to locate element: {\"method\":\"xpath\",\"selector\":\"//*[contains(text(), 'new_card')]\"}\nE         (Session info: chrome=134.0.6998.88); For documentation on this error, please visit: https://www.selenium.dev/documentation/webdriver/troubleshooting/errors#no-such-element-exception\nE       Stacktrace:\nE       #0 0x55835f55746a <unknown>\nE       #1 0x55835f010ed0 <unknown>\nE       #2 0x55835f062935 <unknown>\nE       #3 0x55835f062b61 <unknown>\nE       #4 0x55835f0b19d4 <unknown>\nE       #5 0x55835f08888d <unknown>\nE       #6 0x55835f0aeceb <unknown>\nE       #7 0x55835f088633 <unknown>\nE       #8 0x55835f0541be <unknown>\nE       #9 0x55835f055981 <unknown>\nE       #10 0x55835f51d86b <unknown>\nE       #11 0x55835f52173c <unknown>\nE       #12 0x55835f504f12 <unknown>\nE       #13 0x55835f5222b4 <unknown>\nE       #14 0x55835f4e90af <unknown>\nE       #15 0x55835f545ad8 <unknown>\nE       #16 0x55835f545cb6 <unknown>\nE       #17 0x55835f5562e6 <unknown>\nE       #18 0x7f3534a9caa4 <unknown>\nE       #19 0x7f3534b29c3c <unknown>\n\n/opt/hostedtoolcache/Python/3.12.5/x64/lib/python3.12/site-packages/selenium/webdriver/remote/errorhandler.py:232: NoSuchElementException","steps":[{"name":"Log in to Trello account","time":{"start":1742345183184,"stop":1742345195502,"duration":12318},"status":"passed","steps":[{"name":"Navigate to the Trello page and enter valid credentials (email, password, and 6-digits verification code)","time":{"start":1742345183184,"stop":1742345195502,"duration":12318},"status":"passed","steps":[],"attachments":[],"parameters":[],"shouldDisplayMessage":false,"stepsCount":0,"attachmentsCount":0,"hasContent":false,"attachmentStep":false}],"attachments":[],"parameters":[],"shouldDisplayMessage":false,"stepsCount":1,"attachmentsCount":0,"hasContent":true,"attachmentStep":false},{"name":"Open a board and select a card","time":{"start":1742345195502,"stop":1742345225761,"duration":30259},"status":"passed","steps":[],"attachments":[],"parameters":[],"shouldDisplayMessage":false,"stepsCount":0,"attachmentsCount":0,"hasContent":false,"attachmentStep":false},{"name":"Click the card to open and archive it","time":{"start":1742345225761,"stop":1742345225776,"duration":15},"status":"broken","statusMessage":"selenium.common.exceptions.NoSuchElementException: Message: no such element: Unable to locate element: {\"method\":\"xpath\",\"selector\":\"//*[contains(text(), 'new_card')]\"}\n  (Session info: chrome=134.0.6998.88); For documentation on this error, please visit: https://www.selenium.dev/documentation/webdriver/troubleshooting/errors#no-such-element-exception\nStacktrace:\n#0 0x55835f55746a <unknown>\n#1 0x55835f010ed0 <unknown>\n#2 0x55835f062935 <unknown>\n#3 0x55835f062b61 <unknown>\n#4 0x55835f0b19d4 <unknown>\n#5 0x55835f08888d <unknown>\n#6 0x55835f0aeceb <unknown>\n#7 0x55835f088633 <unknown>\n#8 0x55835f0541be <unknown>\n#9 0x55835f055981 <unknown>\n#10 0x55835f51d86b <unknown>\n#11 0x55835f52173c <unknown>\n#12 0x55835f504f12 <unknown>\n#13 0x55835f5222b4 <unknown>\n#14 0x55835f4e90af <unknown>\n#15 0x55835f545ad8 <unknown>\n#16 0x55835f545cb6 <unknown>\n#17 0x55835f5562e6 <unknown>\n#18 0x7f3534a9caa4 <unknown>\n#19 0x7f3534b29c3c <unknown>\n\n","statusTrace":"  File \"/home/runner/work/pythonSelenium/pythonSelenium/tests/regression_ui/test_ui_regression.py\", line 206, in test_archive_card\n    driver.find_element(By.XPATH, self.SCC.List.CARD_TO_ARCHIVE).click()\n    ^^^^^^^^^^^^^^^^^^^^^^^^^^^^^^^^^^^^^^^^^^^^^^^^^^^^^^^^^^^^\n  File \"/opt/hostedtoolcache/Python/3.12.5/x64/lib/python3.12/site-packages/selenium/webdriver/remote/webdriver.py\", line 770, in find_element\n    return self.execute(Command.FIND_ELEMENT, {\"using\": by, \"value\": value})[\"value\"]\n           ^^^^^^^^^^^^^^^^^^^^^^^^^^^^^^^^^^^^^^^^^^^^^^^^^^^^^^^^^^^^^^^^^\n  File \"/opt/hostedtoolcache/Python/3.12.5/x64/lib/python3.12/site-packages/selenium/webdriver/remote/webdriver.py\", line 384, in execute\n    self.error_handler.check_response(response)\n  File \"/opt/hostedtoolcache/Python/3.12.5/x64/lib/python3.12/site-packages/selenium/webdriver/remote/errorhandler.py\", line 232, in check_response\n    raise exception_class(message, screen, stacktrace)\n","steps":[],"attachments":[],"parameters":[],"shouldDisplayMessage":true,"stepsCount":0,"attachmentsCount":0,"hasContent":true,"attachmentStep":false}],"attachments":[],"parameters":[],"shouldDisplayMessage":true,"stepsCount":4,"attachmentsCount":0,"hasContent":true,"attachmentStep":false},"afterStages":[{"name":"driver::0","time":{"start":1742345225810,"stop":1742345225880,"duration":70},"status":"passed","steps":[],"attachments":[],"parameters":[],"shouldDisplayMessage":false,"stepsCount":0,"attachmentsCount":0,"hasContent":false,"attachmentStep":false}],"labels":[{"name":"tag","value":"TC006"},{"name":"tag","value":"TC000"},{"name":"parentSuite","value":"tests.regression_ui"},{"name":"suite","value":"test_ui_regression"},{"name":"subSuite","value":"TestUIRegression"},{"name":"host","value":"fv-az1774-429"},{"name":"thread","value":"4058-MainThread"},{"name":"framework","value":"pytest"},{"name":"language","value":"cpython3"},{"name":"package","value":"tests.regression_ui.test_ui_regression"},{"name":"resultFormat","value":"allure2"}],"parameters":[],"links":[],"hidden":false,"retry":false,"extra":{"severity":"normal","retries":[],"categories":[{"name":"Test defects","matchedStatuses":[]}],"history":{"statistic":{"failed":17,"broken":30,"skipped":0,"passed":491,"unknown":0,"total":538},"items":[{"uid":"835f1348c0c3bd10","status":"passed","time":{"start":1742332293858,"stop":1742332315424,"duration":21566}},{"uid":"c42af6fe8ea580ac","status":"passed","time":{"start":1742321681299,"stop":1742321714008,"duration":32709}},{"uid":"f19dea73ca92db67","status":"passed","time":{"start":1742310731103,"stop":1742310762012,"duration":30909}},{"uid":"d5ff92790775e2f9","status":"passed","time":{"start":1742300379452,"stop":1742300417752,"duration":38300}},{"uid":"cd05e2a3c2522ae9","status":"passed","time":{"start":1742289223817,"stop":1742289256123,"duration":32306}},{"uid":"cadf5946ac84f95c","status":"passed","time":{"start":1742278530970,"stop":1742278551847,"duration":20877}},{"uid":"73b1a77e19e1ddf0","status":"failed","statusDetails":"AssertionError: assert 1 == 0","time":{"start":1742268310753,"stop":1742268347693,"duration":36940}},{"uid":"722a34cd48e107e5","status":"passed","time":{"start":1742258653646,"stop":1742258685464,"duration":31818}},{"uid":"66eb7afa6befc2f8","status":"failed","statusDetails":"AssertionError: assert 1 == 0","time":{"start":1742245843215,"stop":1742245876004,"duration":32789}},{"uid":"399f7affb1876809","status":"passed","time":{"start":1742235281737,"stop":1742235313243,"duration":31506}},{"uid":"5964f71377f423fd","status":"passed","time":{"start":1742224302625,"stop":1742224333515,"duration":30890}},{"uid":"b83984fe58d53f6","status":"passed","time":{"start":1742214159247,"stop":1742214196431,"duration":37184}},{"uid":"c81fd6ff644b8676","status":"passed","time":{"start":1742202790946,"stop":1742202823070,"duration":32124}},{"uid":"8008ef90db5b89f6","status":"passed","time":{"start":1742192142346,"stop":1742192173831,"duration":31485}},{"uid":"2cc78207e54d1084","status":"broken","statusDetails":"selenium.common.exceptions.TimeoutException: Message: \nStacktrace:\n#0 0x561cbd09246a <unknown>\n#1 0x561cbcb4bed0 <unknown>\n#2 0x561cbcb9d935 <unknown>\n#3 0x561cbcb9db61 <unknown>\n#4 0x561cbcbec9d4 <unknown>\n#5 0x561cbcbc388d <unknown>\n#6 0x561cbcbe9ceb <unknown>\n#7 0x561cbcbc3633 <unknown>\n#8 0x561cbcb8f1be <unknown>\n#9 0x561cbcb90981 <unknown>\n#10 0x561cbd05886b <unknown>\n#11 0x561cbd05c73c <unknown>\n#12 0x561cbd03ff12 <unknown>\n#13 0x561cbd05d2b4 <unknown>\n#14 0x561cbd0240af <unknown>\n#15 0x561cbd080ad8 <unknown>\n#16 0x561cbd080cb6 <unknown>\n#17 0x561cbd0912e6 <unknown>\n#18 0x7ff3aa29caa4 <unknown>\n#19 0x7ff3aa329c3c <unknown>","time":{"start":1742181922915,"stop":1742181938621,"duration":15706}},{"uid":"b51a8875fe73651c","status":"passed","time":{"start":1742172434212,"stop":1742172465386,"duration":31174}},{"uid":"12fda48316ff0a51","status":"passed","time":{"start":1742159380505,"stop":1742159417917,"duration":37412}},{"uid":"7a52ae3fdf8e953b","status":"passed","time":{"start":1742148821006,"stop":1742148853962,"duration":32956}},{"uid":"7b57e7e89696868a","status":"passed","time":{"start":1742137812701,"stop":1742137844161,"duration":31460}},{"uid":"7f89b4250553af7b","status":"passed","time":{"start":1742127402587,"stop":1742127433932,"duration":31345}}]},"tags":["TC006","TC000"]},"source":"dc49cebe6f5d0db7.json","parameterValues":[]}