{"uid":"ddf2dbd12a8323f9","name":"List Creation","fullName":"tests.regression_ui.test_ui_regression.TestUIRegression#test_list_creation","historyId":"49ea7f8ccb833cc0e7e10d54c5c5798b","time":{"start":1742753479657,"stop":1742753500350,"duration":20693},"status":"broken","statusMessage":"selenium.common.exceptions.TimeoutException: Message: \nStacktrace:\n#0 0x55dfe6f0da1a <unknown>\n#1 0x55dfe69c5390 <unknown>\n#2 0x55dfe6a16c85 <unknown>\n#3 0x55dfe6a16eb1 <unknown>\n#4 0x55dfe6a65d64 <unknown>\n#5 0x55dfe6a3cbfd <unknown>\n#6 0x55dfe6a6307b <unknown>\n#7 0x55dfe6a3c9a3 <unknown>\n#8 0x55dfe6a0860e <unknown>\n#9 0x55dfe6a09dd1 <unknown>\n#10 0x55dfe6ed3ddb <unknown>\n#11 0x55dfe6ed7cbc <unknown>\n#12 0x55dfe6ebb392 <unknown>\n#13 0x55dfe6ed8834 <unknown>\n#14 0x55dfe6e9f1ef <unknown>\n#15 0x55dfe6efc038 <unknown>\n#16 0x55dfe6efc216 <unknown>\n#17 0x55dfe6f0c896 <unknown>\n#18 0x7f811949caa4 <unknown>\n#19 0x7f8119529c3c <unknown>","statusTrace":"self = <tests.regression_ui.test_ui_regression.TestUIRegression object at 0x7f9211cb2300>\ndriver = <selenium.webdriver.chrome.webdriver.WebDriver (session=\"c2fbe148ce7d1e393f4053d3171110f3\")>\n\n    @pytest.mark.TC000\n    @pytest.mark.TC003\n    @allure.title('List Creation')\n    def test_list_creation(self, driver):\n        time.sleep(10)\n>       self.test_login(driver)\n\ntests/regression_ui/test_ui_regression.py:119: \n_ _ _ _ _ _ _ _ _ _ _ _ _ _ _ _ _ _ _ _ _ _ _ _ _ _ _ _ _ _ _ _ _ _ _ _ _ _ _ _ \ntests/regression_ui/test_ui_regression.py:62: in test_login\n    el_user_name = WebDriverWait(driver, 10).until(EC.element_to_be_clickable(\n_ _ _ _ _ _ _ _ _ _ _ _ _ _ _ _ _ _ _ _ _ _ _ _ _ _ _ _ _ _ _ _ _ _ _ _ _ _ _ _ \n\nself = <selenium.webdriver.support.wait.WebDriverWait (session=\"c2fbe148ce7d1e393f4053d3171110f3\")>\nmethod = <function element_to_be_clickable.<locals>._predicate at 0x7f9211bca700>\nmessage = ''\n\n    def until(self, method: Callable[[D], Union[Literal[False], T]], message: str = \"\") -> T:\n        \"\"\"Calls the method provided with the driver as an argument until the \\\n        return value does not evaluate to ``False``.\n    \n        :param method: callable(WebDriver)\n        :param message: optional message for :exc:`TimeoutException`\n        :returns: the result of the last call to `method`\n        :raises: :exc:`selenium.common.exceptions.TimeoutException` if timeout occurs\n        \"\"\"\n        screen = None\n        stacktrace = None\n    \n        end_time = time.monotonic() + self._timeout\n        while True:\n            try:\n                value = method(self._driver)\n                if value:\n                    return value\n            except self._ignored_exceptions as exc:\n                screen = getattr(exc, \"screen\", None)\n                stacktrace = getattr(exc, \"stacktrace\", None)\n            if time.monotonic() > end_time:\n                break\n            time.sleep(self._poll)\n>       raise TimeoutException(message, screen, stacktrace)\nE       selenium.common.exceptions.TimeoutException: Message: \nE       Stacktrace:\nE       #0 0x55dfe6f0da1a <unknown>\nE       #1 0x55dfe69c5390 <unknown>\nE       #2 0x55dfe6a16c85 <unknown>\nE       #3 0x55dfe6a16eb1 <unknown>\nE       #4 0x55dfe6a65d64 <unknown>\nE       #5 0x55dfe6a3cbfd <unknown>\nE       #6 0x55dfe6a6307b <unknown>\nE       #7 0x55dfe6a3c9a3 <unknown>\nE       #8 0x55dfe6a0860e <unknown>\nE       #9 0x55dfe6a09dd1 <unknown>\nE       #10 0x55dfe6ed3ddb <unknown>\nE       #11 0x55dfe6ed7cbc <unknown>\nE       #12 0x55dfe6ebb392 <unknown>\nE       #13 0x55dfe6ed8834 <unknown>\nE       #14 0x55dfe6e9f1ef <unknown>\nE       #15 0x55dfe6efc038 <unknown>\nE       #16 0x55dfe6efc216 <unknown>\nE       #17 0x55dfe6f0c896 <unknown>\nE       #18 0x7f811949caa4 <unknown>\nE       #19 0x7f8119529c3c <unknown>\n\n/opt/hostedtoolcache/Python/3.12.5/x64/lib/python3.12/site-packages/selenium/webdriver/support/wait.py:105: TimeoutException","flaky":false,"newFailed":false,"newBroken":true,"newPassed":false,"retriesCount":0,"retriesStatusChange":false,"beforeStages":[{"name":"driver","time":{"start":1742753479344,"stop":1742753479656,"duration":312},"status":"passed","steps":[],"attachments":[],"parameters":[],"shouldDisplayMessage":false,"stepsCount":0,"attachmentsCount":0,"hasContent":false,"attachmentStep":false},{"name":"setup","time":{"start":1742753479656,"stop":1742753479657,"duration":1},"status":"passed","steps":[],"attachments":[],"parameters":[],"shouldDisplayMessage":false,"stepsCount":0,"attachmentsCount":0,"hasContent":false,"attachmentStep":false}],"testStage":{"status":"broken","statusMessage":"selenium.common.exceptions.TimeoutException: Message: \nStacktrace:\n#0 0x55dfe6f0da1a <unknown>\n#1 0x55dfe69c5390 <unknown>\n#2 0x55dfe6a16c85 <unknown>\n#3 0x55dfe6a16eb1 <unknown>\n#4 0x55dfe6a65d64 <unknown>\n#5 0x55dfe6a3cbfd <unknown>\n#6 0x55dfe6a6307b <unknown>\n#7 0x55dfe6a3c9a3 <unknown>\n#8 0x55dfe6a0860e <unknown>\n#9 0x55dfe6a09dd1 <unknown>\n#10 0x55dfe6ed3ddb <unknown>\n#11 0x55dfe6ed7cbc <unknown>\n#12 0x55dfe6ebb392 <unknown>\n#13 0x55dfe6ed8834 <unknown>\n#14 0x55dfe6e9f1ef <unknown>\n#15 0x55dfe6efc038 <unknown>\n#16 0x55dfe6efc216 <unknown>\n#17 0x55dfe6f0c896 <unknown>\n#18 0x7f811949caa4 <unknown>\n#19 0x7f8119529c3c <unknown>","statusTrace":"self = <tests.regression_ui.test_ui_regression.TestUIRegression object at 0x7f9211cb2300>\ndriver = <selenium.webdriver.chrome.webdriver.WebDriver (session=\"c2fbe148ce7d1e393f4053d3171110f3\")>\n\n    @pytest.mark.TC000\n    @pytest.mark.TC003\n    @allure.title('List Creation')\n    def test_list_creation(self, driver):\n        time.sleep(10)\n>       self.test_login(driver)\n\ntests/regression_ui/test_ui_regression.py:119: \n_ _ _ _ _ _ _ _ _ _ _ _ _ _ _ _ _ _ _ _ _ _ _ _ _ _ _ _ _ _ _ _ _ _ _ _ _ _ _ _ \ntests/regression_ui/test_ui_regression.py:62: in test_login\n    el_user_name = WebDriverWait(driver, 10).until(EC.element_to_be_clickable(\n_ _ _ _ _ _ _ _ _ _ _ _ _ _ _ _ _ _ _ _ _ _ _ _ _ _ _ _ _ _ _ _ _ _ _ _ _ _ _ _ \n\nself = <selenium.webdriver.support.wait.WebDriverWait (session=\"c2fbe148ce7d1e393f4053d3171110f3\")>\nmethod = <function element_to_be_clickable.<locals>._predicate at 0x7f9211bca700>\nmessage = ''\n\n    def until(self, method: Callable[[D], Union[Literal[False], T]], message: str = \"\") -> T:\n        \"\"\"Calls the method provided with the driver as an argument until the \\\n        return value does not evaluate to ``False``.\n    \n        :param method: callable(WebDriver)\n        :param message: optional message for :exc:`TimeoutException`\n        :returns: the result of the last call to `method`\n        :raises: :exc:`selenium.common.exceptions.TimeoutException` if timeout occurs\n        \"\"\"\n        screen = None\n        stacktrace = None\n    \n        end_time = time.monotonic() + self._timeout\n        while True:\n            try:\n                value = method(self._driver)\n                if value:\n                    return value\n            except self._ignored_exceptions as exc:\n                screen = getattr(exc, \"screen\", None)\n                stacktrace = getattr(exc, \"stacktrace\", None)\n            if time.monotonic() > end_time:\n                break\n            time.sleep(self._poll)\n>       raise TimeoutException(message, screen, stacktrace)\nE       selenium.common.exceptions.TimeoutException: Message: \nE       Stacktrace:\nE       #0 0x55dfe6f0da1a <unknown>\nE       #1 0x55dfe69c5390 <unknown>\nE       #2 0x55dfe6a16c85 <unknown>\nE       #3 0x55dfe6a16eb1 <unknown>\nE       #4 0x55dfe6a65d64 <unknown>\nE       #5 0x55dfe6a3cbfd <unknown>\nE       #6 0x55dfe6a6307b <unknown>\nE       #7 0x55dfe6a3c9a3 <unknown>\nE       #8 0x55dfe6a0860e <unknown>\nE       #9 0x55dfe6a09dd1 <unknown>\nE       #10 0x55dfe6ed3ddb <unknown>\nE       #11 0x55dfe6ed7cbc <unknown>\nE       #12 0x55dfe6ebb392 <unknown>\nE       #13 0x55dfe6ed8834 <unknown>\nE       #14 0x55dfe6e9f1ef <unknown>\nE       #15 0x55dfe6efc038 <unknown>\nE       #16 0x55dfe6efc216 <unknown>\nE       #17 0x55dfe6f0c896 <unknown>\nE       #18 0x7f811949caa4 <unknown>\nE       #19 0x7f8119529c3c <unknown>\n\n/opt/hostedtoolcache/Python/3.12.5/x64/lib/python3.12/site-packages/selenium/webdriver/support/wait.py:105: TimeoutException","steps":[{"name":"Navigate to the Trello page and enter valid credentials (email, password, and 6-digits verification code)","time":{"start":1742753489657,"stop":1742753500350,"duration":10693},"status":"broken","statusMessage":"selenium.common.exceptions.TimeoutException: Message: \nStacktrace:\n#0 0x55dfe6f0da1a <unknown>\n#1 0x55dfe69c5390 <unknown>\n#2 0x55dfe6a16c85 <unknown>\n#3 0x55dfe6a16eb1 <unknown>\n#4 0x55dfe6a65d64 <unknown>\n#5 0x55dfe6a3cbfd <unknown>\n#6 0x55dfe6a6307b <unknown>\n#7 0x55dfe6a3c9a3 <unknown>\n#8 0x55dfe6a0860e <unknown>\n#9 0x55dfe6a09dd1 <unknown>\n#10 0x55dfe6ed3ddb <unknown>\n#11 0x55dfe6ed7cbc <unknown>\n#12 0x55dfe6ebb392 <unknown>\n#13 0x55dfe6ed8834 <unknown>\n#14 0x55dfe6e9f1ef <unknown>\n#15 0x55dfe6efc038 <unknown>\n#16 0x55dfe6efc216 <unknown>\n#17 0x55dfe6f0c896 <unknown>\n#18 0x7f811949caa4 <unknown>\n#19 0x7f8119529c3c <unknown>\n\n","statusTrace":"  File \"/home/runner/work/pythonSelenium/pythonSelenium/tests/regression_ui/test_ui_regression.py\", line 62, in test_login\n    el_user_name = WebDriverWait(driver, 10).until(EC.element_to_be_clickable(\n                   ^^^^^^^^^^^^^^^^^^^^^^^^^^^^^^^^^^^^^^^^^^^^^^^^^^^^^^^^^^^\n  File \"/opt/hostedtoolcache/Python/3.12.5/x64/lib/python3.12/site-packages/selenium/webdriver/support/wait.py\", line 105, in until\n    raise TimeoutException(message, screen, stacktrace)\n","steps":[],"attachments":[],"parameters":[],"shouldDisplayMessage":true,"stepsCount":0,"attachmentsCount":0,"hasContent":true,"attachmentStep":false}],"attachments":[],"parameters":[],"shouldDisplayMessage":true,"stepsCount":1,"attachmentsCount":0,"hasContent":true,"attachmentStep":false},"afterStages":[{"name":"driver::0","time":{"start":1742753500364,"stop":1742753500428,"duration":64},"status":"passed","steps":[],"attachments":[],"parameters":[],"shouldDisplayMessage":false,"stepsCount":0,"attachmentsCount":0,"hasContent":false,"attachmentStep":false}],"labels":[{"name":"tag","value":"TC003"},{"name":"tag","value":"TC000"},{"name":"parentSuite","value":"tests.regression_ui"},{"name":"suite","value":"test_ui_regression"},{"name":"subSuite","value":"TestUIRegression"},{"name":"host","value":"fv-az1369-199"},{"name":"thread","value":"4147-MainThread"},{"name":"framework","value":"pytest"},{"name":"language","value":"cpython3"},{"name":"package","value":"tests.regression_ui.test_ui_regression"},{"name":"resultFormat","value":"allure2"}],"parameters":[],"links":[],"hidden":false,"retry":false,"extra":{"severity":"normal","retries":[],"categories":[{"name":"Test defects","matchedStatuses":[]}],"history":{"statistic":{"failed":1,"broken":21,"skipped":0,"passed":560,"unknown":0,"total":582},"items":[{"uid":"32b692716f720240","status":"passed","time":{"start":1742742519365,"stop":1742742553872,"duration":34507}},{"uid":"9c02559f657c7f78","status":"passed","time":{"start":1742732140112,"stop":1742732174912,"duration":34800}},{"uid":"dc06cd4b11af83fe","status":"passed","time":{"start":1742720948863,"stop":1742720982371,"duration":33508}},{"uid":"e11f7c69c7161308","status":"passed","time":{"start":1742710336936,"stop":1742710365018,"duration":28082}},{"uid":"e6a73f16ad8dd749","status":"passed","time":{"start":1742700430719,"stop":1742700464471,"duration":33752}},{"uid":"cdd22b473294188e","status":"passed","time":{"start":1742690799663,"stop":1742690833294,"duration":33631}},{"uid":"39f0c01d0c2329b8","status":"passed","time":{"start":1742677692291,"stop":1742677720316,"duration":28025}},{"uid":"ce56c669bdb6245","status":"passed","time":{"start":1742667102854,"stop":1742667131446,"duration":28592}},{"uid":"2cfbd9253c7f3fd0","status":"passed","time":{"start":1742656098063,"stop":1742656120503,"duration":22440}},{"uid":"70382cbfbabd5782","status":"passed","time":{"start":1742645743529,"stop":1742645772797,"duration":29268}},{"uid":"89a54e56fb445cf3","status":"passed","time":{"start":1742634552533,"stop":1742634581718,"duration":29185}},{"uid":"ec4f126f32ee7c97","status":"passed","time":{"start":1742624023634,"stop":1742624051823,"duration":28189}},{"uid":"52d63de4f7d114b4","status":"passed","time":{"start":1742613802374,"stop":1742613825564,"duration":23190}},{"uid":"838510bb358150d6","status":"passed","time":{"start":1742604109903,"stop":1742604132900,"duration":22997}},{"uid":"f47357e8e871fff3","status":"passed","time":{"start":1742591327155,"stop":1742591350752,"duration":23597}},{"uid":"a74f58260bfe933e","status":"broken","statusDetails":"selenium.common.exceptions.TimeoutException: Message: \nStacktrace:\n#0 0x55fd9828ca1a <unknown>\n#1 0x55fd97d44390 <unknown>\n#2 0x55fd97d95c85 <unknown>\n#3 0x55fd97d95eb1 <unknown>\n#4 0x55fd97de4d64 <unknown>\n#5 0x55fd97dbbbfd <unknown>\n#6 0x55fd97de207b <unknown>\n#7 0x55fd97dbb9a3 <unknown>\n#8 0x55fd97d8760e <unknown>\n#9 0x55fd97d88dd1 <unknown>\n#10 0x55fd98252ddb <unknown>\n#11 0x55fd98256cbc <unknown>\n#12 0x55fd9823a392 <unknown>\n#13 0x55fd98257834 <unknown>\n#14 0x55fd9821e1ef <unknown>\n#15 0x55fd9827b038 <unknown>\n#16 0x55fd9827b216 <unknown>\n#17 0x55fd9828b896 <unknown>\n#18 0x7f0a9949caa4 <unknown>\n#19 0x7f0a99529c3c <unknown>","time":{"start":1742580831178,"stop":1742580877898,"duration":46720}},{"uid":"956f04bad25c4d3b","status":"passed","time":{"start":1742569810998,"stop":1742569844736,"duration":33738}},{"uid":"6989ad85e3c5a610","status":"passed","time":{"start":1742559412609,"stop":1742559435536,"duration":22927}},{"uid":"d0b0caac1f9df299","status":"passed","time":{"start":1742548372218,"stop":1742548396203,"duration":23985}},{"uid":"b26185d1ac862d75","status":"passed","time":{"start":1742537800827,"stop":1742537834651,"duration":33824}}]},"tags":["TC003","TC000"]},"source":"ddf2dbd12a8323f9.json","parameterValues":[]}