{"uid":"e160c9e54ebee57","name":"Drag and drop card from one list to another","fullName":"tests.regression_ui.test_ui_regression.TestUIRegression#test_drag_n_drop_card","historyId":"58c27d4ea8138de64fd4e105da17ea92","time":{"start":1743855405133,"stop":1743855422410,"duration":17277},"status":"broken","statusMessage":"selenium.common.exceptions.NoSuchElementException: Message: no such element: Unable to locate element: {\"method\":\"xpath\",\"selector\":\"//*[contains(text(), 'new_card')]\"}\n  (Session info: chrome=135.0.7049.52); For documentation on this error, please visit: https://www.selenium.dev/documentation/webdriver/troubleshooting/errors#no-such-element-exception\nStacktrace:\n#0 0x5627a07e2ffa <unknown>\n#1 0x5627a02a1970 <unknown>\n#2 0x5627a02f3385 <unknown>\n#3 0x5627a02f35b1 <unknown>\n#4 0x5627a03423c4 <unknown>\n#5 0x5627a03192bd <unknown>\n#6 0x5627a033f70c <unknown>\n#7 0x5627a0319063 <unknown>\n#8 0x5627a02e5328 <unknown>\n#9 0x5627a02e6491 <unknown>\n#10 0x5627a07aa42b <unknown>\n#11 0x5627a07ae2ec <unknown>\n#12 0x5627a0791a22 <unknown>\n#13 0x5627a07aee64 <unknown>\n#14 0x5627a0775bef <unknown>\n#15 0x5627a07d1558 <unknown>\n#16 0x5627a07d1736 <unknown>\n#17 0x5627a07e1e76 <unknown>\n#18 0x7feacdc9caa4 <unknown>\n#19 0x7feacdd29c3c <unknown>","statusTrace":"self = <tests.regression_ui.test_ui_regression.TestUIRegression object at 0x7f13dfeb2720>\ndriver = <selenium.webdriver.chrome.webdriver.WebDriver (session=\"0d0d5b4699dff6d745f3260b15465592\")>\n\n    @pytest.mark.TC000\n    @pytest.mark.TC005\n    @allure.title('Drag and drop card from one list to another')\n    def test_drag_n_drop_card(self, driver):\n        time.sleep(7)\n        with allure.step('Log in to Trello account'):\n            self.test_login(driver)\n        with allure.step('Drag and drop card from one list to another list'):\n            WebDriverWait(driver, 10).until(EC.element_to_be_clickable((By.XPATH, self.SCC.Board.BOARD_TITLE))).click()\n            WebDriverWait(driver, 10).until(EC.element_to_be_clickable((By.XPATH, self.SCC.Board.ADD_ANOTHER_LIST_BUTTON))).click()\n            driver.find_element(By.XPATH, self.SCC.Board.ENTER_LIST_NAME_FIELD).send_keys('new_list_2')\n            driver.find_element(By.XPATH, self.SCC.Board.ADD_LIST_SUBMIT_BUTTON).click()\n            time.sleep(3)\n>           source_element = driver.find_element(By.XPATH, self.SCC.List.NEW_CARD_TITLE)\n\ntests/regression_ui/test_ui_regression.py:175: \n_ _ _ _ _ _ _ _ _ _ _ _ _ _ _ _ _ _ _ _ _ _ _ _ _ _ _ _ _ _ _ _ _ _ _ _ _ _ _ _ \n/opt/hostedtoolcache/Python/3.12.5/x64/lib/python3.12/site-packages/selenium/webdriver/remote/webdriver.py:770: in find_element\n    return self.execute(Command.FIND_ELEMENT, {\"using\": by, \"value\": value})[\"value\"]\n/opt/hostedtoolcache/Python/3.12.5/x64/lib/python3.12/site-packages/selenium/webdriver/remote/webdriver.py:384: in execute\n    self.error_handler.check_response(response)\n_ _ _ _ _ _ _ _ _ _ _ _ _ _ _ _ _ _ _ _ _ _ _ _ _ _ _ _ _ _ _ _ _ _ _ _ _ _ _ _ \n\nself = <selenium.webdriver.remote.errorhandler.ErrorHandler object at 0x7f13dfeb5a90>\nresponse = {'status': 404, 'value': '{\"value\":{\"error\":\"no such element\",\"message\":\"no such element: Unable to locate element: {\\...\\\\n#17 0x5627a07e1e76 \\\\u003Cunknown>\\\\n#18 0x7feacdc9caa4 \\\\u003Cunknown>\\\\n#19 0x7feacdd29c3c \\\\u003Cunknown>\\\\n\"}}'}\n\n    def check_response(self, response: Dict[str, Any]) -> None:\n        \"\"\"Checks that a JSON response from the WebDriver does not have an\n        error.\n    \n        :Args:\n         - response - The JSON response from the WebDriver server as a dictionary\n           object.\n    \n        :Raises: If the response contains an error message.\n        \"\"\"\n        status = response.get(\"status\", None)\n        if not status or status == ErrorCode.SUCCESS:\n            return\n        value = None\n        message = response.get(\"message\", \"\")\n        screen: str = response.get(\"screen\", \"\")\n        stacktrace = None\n        if isinstance(status, int):\n            value_json = response.get(\"value\", None)\n            if value_json and isinstance(value_json, str):\n                import json\n    \n                try:\n                    value = json.loads(value_json)\n                    if len(value) == 1:\n                        value = value[\"value\"]\n                    status = value.get(\"error\", None)\n                    if not status:\n                        status = value.get(\"status\", ErrorCode.UNKNOWN_ERROR)\n                        message = value.get(\"value\") or value.get(\"message\")\n                        if not isinstance(message, str):\n                            value = message\n                            message = message.get(\"message\")\n                    else:\n                        message = value.get(\"message\", None)\n                except ValueError:\n                    pass\n    \n        exception_class: Type[WebDriverException]\n        e = ErrorCode()\n        error_codes = [item for item in dir(e) if not item.startswith(\"__\")]\n        for error_code in error_codes:\n            error_info = getattr(ErrorCode, error_code)\n            if isinstance(error_info, list) and status in error_info:\n                exception_class = getattr(ExceptionMapping, error_code, WebDriverException)\n                break\n        else:\n            exception_class = WebDriverException\n    \n        if not value:\n            value = response[\"value\"]\n        if isinstance(value, str):\n            raise exception_class(value)\n        if message == \"\" and \"message\" in value:\n            message = value[\"message\"]\n    \n        screen = None  # type: ignore[assignment]\n        if \"screen\" in value:\n            screen = value[\"screen\"]\n    \n        stacktrace = None\n        st_value = value.get(\"stackTrace\") or value.get(\"stacktrace\")\n        if st_value:\n            if isinstance(st_value, str):\n                stacktrace = st_value.split(\"\\n\")\n            else:\n                stacktrace = []\n                try:\n                    for frame in st_value:\n                        line = frame.get(\"lineNumber\", \"\")\n                        file = frame.get(\"fileName\", \"<anonymous>\")\n                        if line:\n                            file = f\"{file}:{line}\"\n                        meth = frame.get(\"methodName\", \"<anonymous>\")\n                        if \"className\" in frame:\n                            meth = f\"{frame['className']}.{meth}\"\n                        msg = \"    at %s (%s)\"\n                        msg = msg % (meth, file)\n                        stacktrace.append(msg)\n                except TypeError:\n                    pass\n        if exception_class == UnexpectedAlertPresentException:\n            alert_text = None\n            if \"data\" in value:\n                alert_text = value[\"data\"].get(\"text\")\n            elif \"alert\" in value:\n                alert_text = value[\"alert\"].get(\"text\")\n            raise exception_class(message, screen, stacktrace, alert_text)  # type: ignore[call-arg]  # mypy is not smart enough here\n>       raise exception_class(message, screen, stacktrace)\nE       selenium.common.exceptions.NoSuchElementException: Message: no such element: Unable to locate element: {\"method\":\"xpath\",\"selector\":\"//*[contains(text(), 'new_card')]\"}\nE         (Session info: chrome=135.0.7049.52); For documentation on this error, please visit: https://www.selenium.dev/documentation/webdriver/troubleshooting/errors#no-such-element-exception\nE       Stacktrace:\nE       #0 0x5627a07e2ffa <unknown>\nE       #1 0x5627a02a1970 <unknown>\nE       #2 0x5627a02f3385 <unknown>\nE       #3 0x5627a02f35b1 <unknown>\nE       #4 0x5627a03423c4 <unknown>\nE       #5 0x5627a03192bd <unknown>\nE       #6 0x5627a033f70c <unknown>\nE       #7 0x5627a0319063 <unknown>\nE       #8 0x5627a02e5328 <unknown>\nE       #9 0x5627a02e6491 <unknown>\nE       #10 0x5627a07aa42b <unknown>\nE       #11 0x5627a07ae2ec <unknown>\nE       #12 0x5627a0791a22 <unknown>\nE       #13 0x5627a07aee64 <unknown>\nE       #14 0x5627a0775bef <unknown>\nE       #15 0x5627a07d1558 <unknown>\nE       #16 0x5627a07d1736 <unknown>\nE       #17 0x5627a07e1e76 <unknown>\nE       #18 0x7feacdc9caa4 <unknown>\nE       #19 0x7feacdd29c3c <unknown>\n\n/opt/hostedtoolcache/Python/3.12.5/x64/lib/python3.12/site-packages/selenium/webdriver/remote/errorhandler.py:232: NoSuchElementException","flaky":false,"newFailed":false,"newBroken":false,"newPassed":false,"retriesCount":0,"retriesStatusChange":false,"beforeStages":[{"name":"driver","time":{"start":1743855404811,"stop":1743855405132,"duration":321},"status":"passed","steps":[],"attachments":[],"parameters":[],"shouldDisplayMessage":false,"stepsCount":0,"attachmentsCount":0,"hasContent":false,"attachmentStep":false},{"name":"setup","time":{"start":1743855405132,"stop":1743855405132,"duration":0},"status":"passed","steps":[],"attachments":[],"parameters":[],"shouldDisplayMessage":false,"stepsCount":0,"attachmentsCount":0,"hasContent":false,"attachmentStep":false}],"testStage":{"status":"broken","statusMessage":"selenium.common.exceptions.NoSuchElementException: Message: no such element: Unable to locate element: {\"method\":\"xpath\",\"selector\":\"//*[contains(text(), 'new_card')]\"}\n  (Session info: chrome=135.0.7049.52); For documentation on this error, please visit: https://www.selenium.dev/documentation/webdriver/troubleshooting/errors#no-such-element-exception\nStacktrace:\n#0 0x5627a07e2ffa <unknown>\n#1 0x5627a02a1970 <unknown>\n#2 0x5627a02f3385 <unknown>\n#3 0x5627a02f35b1 <unknown>\n#4 0x5627a03423c4 <unknown>\n#5 0x5627a03192bd <unknown>\n#6 0x5627a033f70c <unknown>\n#7 0x5627a0319063 <unknown>\n#8 0x5627a02e5328 <unknown>\n#9 0x5627a02e6491 <unknown>\n#10 0x5627a07aa42b <unknown>\n#11 0x5627a07ae2ec <unknown>\n#12 0x5627a0791a22 <unknown>\n#13 0x5627a07aee64 <unknown>\n#14 0x5627a0775bef <unknown>\n#15 0x5627a07d1558 <unknown>\n#16 0x5627a07d1736 <unknown>\n#17 0x5627a07e1e76 <unknown>\n#18 0x7feacdc9caa4 <unknown>\n#19 0x7feacdd29c3c <unknown>","statusTrace":"self = <tests.regression_ui.test_ui_regression.TestUIRegression object at 0x7f13dfeb2720>\ndriver = <selenium.webdriver.chrome.webdriver.WebDriver (session=\"0d0d5b4699dff6d745f3260b15465592\")>\n\n    @pytest.mark.TC000\n    @pytest.mark.TC005\n    @allure.title('Drag and drop card from one list to another')\n    def test_drag_n_drop_card(self, driver):\n        time.sleep(7)\n        with allure.step('Log in to Trello account'):\n            self.test_login(driver)\n        with allure.step('Drag and drop card from one list to another list'):\n            WebDriverWait(driver, 10).until(EC.element_to_be_clickable((By.XPATH, self.SCC.Board.BOARD_TITLE))).click()\n            WebDriverWait(driver, 10).until(EC.element_to_be_clickable((By.XPATH, self.SCC.Board.ADD_ANOTHER_LIST_BUTTON))).click()\n            driver.find_element(By.XPATH, self.SCC.Board.ENTER_LIST_NAME_FIELD).send_keys('new_list_2')\n            driver.find_element(By.XPATH, self.SCC.Board.ADD_LIST_SUBMIT_BUTTON).click()\n            time.sleep(3)\n>           source_element = driver.find_element(By.XPATH, self.SCC.List.NEW_CARD_TITLE)\n\ntests/regression_ui/test_ui_regression.py:175: \n_ _ _ _ _ _ _ _ _ _ _ _ _ _ _ _ _ _ _ _ _ _ _ _ _ _ _ _ _ _ _ _ _ _ _ _ _ _ _ _ \n/opt/hostedtoolcache/Python/3.12.5/x64/lib/python3.12/site-packages/selenium/webdriver/remote/webdriver.py:770: in find_element\n    return self.execute(Command.FIND_ELEMENT, {\"using\": by, \"value\": value})[\"value\"]\n/opt/hostedtoolcache/Python/3.12.5/x64/lib/python3.12/site-packages/selenium/webdriver/remote/webdriver.py:384: in execute\n    self.error_handler.check_response(response)\n_ _ _ _ _ _ _ _ _ _ _ _ _ _ _ _ _ _ _ _ _ _ _ _ _ _ _ _ _ _ _ _ _ _ _ _ _ _ _ _ \n\nself = <selenium.webdriver.remote.errorhandler.ErrorHandler object at 0x7f13dfeb5a90>\nresponse = {'status': 404, 'value': '{\"value\":{\"error\":\"no such element\",\"message\":\"no such element: Unable to locate element: {\\...\\\\n#17 0x5627a07e1e76 \\\\u003Cunknown>\\\\n#18 0x7feacdc9caa4 \\\\u003Cunknown>\\\\n#19 0x7feacdd29c3c \\\\u003Cunknown>\\\\n\"}}'}\n\n    def check_response(self, response: Dict[str, Any]) -> None:\n        \"\"\"Checks that a JSON response from the WebDriver does not have an\n        error.\n    \n        :Args:\n         - response - The JSON response from the WebDriver server as a dictionary\n           object.\n    \n        :Raises: If the response contains an error message.\n        \"\"\"\n        status = response.get(\"status\", None)\n        if not status or status == ErrorCode.SUCCESS:\n            return\n        value = None\n        message = response.get(\"message\", \"\")\n        screen: str = response.get(\"screen\", \"\")\n        stacktrace = None\n        if isinstance(status, int):\n            value_json = response.get(\"value\", None)\n            if value_json and isinstance(value_json, str):\n                import json\n    \n                try:\n                    value = json.loads(value_json)\n                    if len(value) == 1:\n                        value = value[\"value\"]\n                    status = value.get(\"error\", None)\n                    if not status:\n                        status = value.get(\"status\", ErrorCode.UNKNOWN_ERROR)\n                        message = value.get(\"value\") or value.get(\"message\")\n                        if not isinstance(message, str):\n                            value = message\n                            message = message.get(\"message\")\n                    else:\n                        message = value.get(\"message\", None)\n                except ValueError:\n                    pass\n    \n        exception_class: Type[WebDriverException]\n        e = ErrorCode()\n        error_codes = [item for item in dir(e) if not item.startswith(\"__\")]\n        for error_code in error_codes:\n            error_info = getattr(ErrorCode, error_code)\n            if isinstance(error_info, list) and status in error_info:\n                exception_class = getattr(ExceptionMapping, error_code, WebDriverException)\n                break\n        else:\n            exception_class = WebDriverException\n    \n        if not value:\n            value = response[\"value\"]\n        if isinstance(value, str):\n            raise exception_class(value)\n        if message == \"\" and \"message\" in value:\n            message = value[\"message\"]\n    \n        screen = None  # type: ignore[assignment]\n        if \"screen\" in value:\n            screen = value[\"screen\"]\n    \n        stacktrace = None\n        st_value = value.get(\"stackTrace\") or value.get(\"stacktrace\")\n        if st_value:\n            if isinstance(st_value, str):\n                stacktrace = st_value.split(\"\\n\")\n            else:\n                stacktrace = []\n                try:\n                    for frame in st_value:\n                        line = frame.get(\"lineNumber\", \"\")\n                        file = frame.get(\"fileName\", \"<anonymous>\")\n                        if line:\n                            file = f\"{file}:{line}\"\n                        meth = frame.get(\"methodName\", \"<anonymous>\")\n                        if \"className\" in frame:\n                            meth = f\"{frame['className']}.{meth}\"\n                        msg = \"    at %s (%s)\"\n                        msg = msg % (meth, file)\n                        stacktrace.append(msg)\n                except TypeError:\n                    pass\n        if exception_class == UnexpectedAlertPresentException:\n            alert_text = None\n            if \"data\" in value:\n                alert_text = value[\"data\"].get(\"text\")\n            elif \"alert\" in value:\n                alert_text = value[\"alert\"].get(\"text\")\n            raise exception_class(message, screen, stacktrace, alert_text)  # type: ignore[call-arg]  # mypy is not smart enough here\n>       raise exception_class(message, screen, stacktrace)\nE       selenium.common.exceptions.NoSuchElementException: Message: no such element: Unable to locate element: {\"method\":\"xpath\",\"selector\":\"//*[contains(text(), 'new_card')]\"}\nE         (Session info: chrome=135.0.7049.52); For documentation on this error, please visit: https://www.selenium.dev/documentation/webdriver/troubleshooting/errors#no-such-element-exception\nE       Stacktrace:\nE       #0 0x5627a07e2ffa <unknown>\nE       #1 0x5627a02a1970 <unknown>\nE       #2 0x5627a02f3385 <unknown>\nE       #3 0x5627a02f35b1 <unknown>\nE       #4 0x5627a03423c4 <unknown>\nE       #5 0x5627a03192bd <unknown>\nE       #6 0x5627a033f70c <unknown>\nE       #7 0x5627a0319063 <unknown>\nE       #8 0x5627a02e5328 <unknown>\nE       #9 0x5627a02e6491 <unknown>\nE       #10 0x5627a07aa42b <unknown>\nE       #11 0x5627a07ae2ec <unknown>\nE       #12 0x5627a0791a22 <unknown>\nE       #13 0x5627a07aee64 <unknown>\nE       #14 0x5627a0775bef <unknown>\nE       #15 0x5627a07d1558 <unknown>\nE       #16 0x5627a07d1736 <unknown>\nE       #17 0x5627a07e1e76 <unknown>\nE       #18 0x7feacdc9caa4 <unknown>\nE       #19 0x7feacdd29c3c <unknown>\n\n/opt/hostedtoolcache/Python/3.12.5/x64/lib/python3.12/site-packages/selenium/webdriver/remote/errorhandler.py:232: NoSuchElementException","steps":[{"name":"Log in to Trello account","time":{"start":1743855412133,"stop":1743855418109,"duration":5976},"status":"passed","steps":[{"name":"Navigate to the Trello page and enter valid credentials (email, password, and 6-digits verification code)","time":{"start":1743855412133,"stop":1743855418109,"duration":5976},"status":"passed","steps":[],"attachments":[],"parameters":[],"shouldDisplayMessage":false,"stepsCount":0,"attachmentsCount":0,"hasContent":false,"attachmentStep":false}],"attachments":[],"parameters":[],"shouldDisplayMessage":false,"stepsCount":1,"attachmentsCount":0,"hasContent":true,"attachmentStep":false},{"name":"Drag and drop card from one list to another list","time":{"start":1743855418109,"stop":1743855422409,"duration":4300},"status":"broken","statusMessage":"selenium.common.exceptions.NoSuchElementException: Message: no such element: Unable to locate element: {\"method\":\"xpath\",\"selector\":\"//*[contains(text(), 'new_card')]\"}\n  (Session info: chrome=135.0.7049.52); For documentation on this error, please visit: https://www.selenium.dev/documentation/webdriver/troubleshooting/errors#no-such-element-exception\nStacktrace:\n#0 0x5627a07e2ffa <unknown>\n#1 0x5627a02a1970 <unknown>\n#2 0x5627a02f3385 <unknown>\n#3 0x5627a02f35b1 <unknown>\n#4 0x5627a03423c4 <unknown>\n#5 0x5627a03192bd <unknown>\n#6 0x5627a033f70c <unknown>\n#7 0x5627a0319063 <unknown>\n#8 0x5627a02e5328 <unknown>\n#9 0x5627a02e6491 <unknown>\n#10 0x5627a07aa42b <unknown>\n#11 0x5627a07ae2ec <unknown>\n#12 0x5627a0791a22 <unknown>\n#13 0x5627a07aee64 <unknown>\n#14 0x5627a0775bef <unknown>\n#15 0x5627a07d1558 <unknown>\n#16 0x5627a07d1736 <unknown>\n#17 0x5627a07e1e76 <unknown>\n#18 0x7feacdc9caa4 <unknown>\n#19 0x7feacdd29c3c <unknown>\n\n","statusTrace":"  File \"/home/runner/work/pythonSelenium/pythonSelenium/tests/regression_ui/test_ui_regression.py\", line 175, in test_drag_n_drop_card\n    source_element = driver.find_element(By.XPATH, self.SCC.List.NEW_CARD_TITLE)\n                     ^^^^^^^^^^^^^^^^^^^^^^^^^^^^^^^^^^^^^^^^^^^^^^^^^^^^^^^^^^^\n  File \"/opt/hostedtoolcache/Python/3.12.5/x64/lib/python3.12/site-packages/selenium/webdriver/remote/webdriver.py\", line 770, in find_element\n    return self.execute(Command.FIND_ELEMENT, {\"using\": by, \"value\": value})[\"value\"]\n           ^^^^^^^^^^^^^^^^^^^^^^^^^^^^^^^^^^^^^^^^^^^^^^^^^^^^^^^^^^^^^^^^^\n  File \"/opt/hostedtoolcache/Python/3.12.5/x64/lib/python3.12/site-packages/selenium/webdriver/remote/webdriver.py\", line 384, in execute\n    self.error_handler.check_response(response)\n  File \"/opt/hostedtoolcache/Python/3.12.5/x64/lib/python3.12/site-packages/selenium/webdriver/remote/errorhandler.py\", line 232, in check_response\n    raise exception_class(message, screen, stacktrace)\n","steps":[],"attachments":[],"parameters":[],"shouldDisplayMessage":true,"stepsCount":0,"attachmentsCount":0,"hasContent":true,"attachmentStep":false}],"attachments":[{"uid":"7da7f68c85edcf66","name":"log","source":"7da7f68c85edcf66.txt","type":"text/plain","size":360}],"parameters":[],"shouldDisplayMessage":true,"stepsCount":3,"attachmentsCount":1,"hasContent":true,"attachmentStep":false},"afterStages":[{"name":"driver::0","time":{"start":1743855422440,"stop":1743855422510,"duration":70},"status":"passed","steps":[],"attachments":[],"parameters":[],"shouldDisplayMessage":false,"stepsCount":0,"attachmentsCount":0,"hasContent":false,"attachmentStep":false}],"labels":[{"name":"tag","value":"TC005"},{"name":"tag","value":"TC000"},{"name":"parentSuite","value":"tests.regression_ui"},{"name":"suite","value":"test_ui_regression"},{"name":"subSuite","value":"TestUIRegression"},{"name":"host","value":"fv-az1959-71"},{"name":"thread","value":"4696-MainThread"},{"name":"framework","value":"pytest"},{"name":"language","value":"cpython3"},{"name":"package","value":"tests.regression_ui.test_ui_regression"},{"name":"resultFormat","value":"allure2"}],"parameters":[],"links":[],"hidden":false,"retry":false,"extra":{"severity":"normal","retries":[],"categories":[{"name":"Test defects","matchedStatuses":[]}],"history":{"statistic":{"failed":6,"broken":104,"skipped":0,"passed":572,"unknown":0,"total":682},"items":[{"uid":"59fbc7e702805795","status":"broken","statusDetails":"selenium.common.exceptions.TimeoutException: Message: \nStacktrace:\n#0 0x55d19a0e6ffa <unknown>\n#1 0x55d199ba5970 <unknown>\n#2 0x55d199bf7385 <unknown>\n#3 0x55d199bf75b1 <unknown>\n#4 0x55d199c463c4 <unknown>\n#5 0x55d199c1d2bd <unknown>\n#6 0x55d199c4370c <unknown>\n#7 0x55d199c1d063 <unknown>\n#8 0x55d199be9328 <unknown>\n#9 0x55d199bea491 <unknown>\n#10 0x55d19a0ae42b <unknown>\n#11 0x55d19a0b22ec <unknown>\n#12 0x55d19a095a22 <unknown>\n#13 0x55d19a0b2e64 <unknown>\n#14 0x55d19a079bef <unknown>\n#15 0x55d19a0d5558 <unknown>\n#16 0x55d19a0d5736 <unknown>\n#17 0x55d19a0e5e76 <unknown>\n#18 0x7f000d89caa4 <unknown>\n#19 0x7f000d929c3c <unknown>","time":{"start":1743844346720,"stop":1743844370015,"duration":23295}},{"uid":"ad4158aa45860f9e","status":"broken","statusDetails":"selenium.common.exceptions.TimeoutException: Message: \nStacktrace:\n#0 0x558d9b025ffa <unknown>\n#1 0x558d9aae4970 <unknown>\n#2 0x558d9ab36385 <unknown>\n#3 0x558d9ab365b1 <unknown>\n#4 0x558d9ab853c4 <unknown>\n#5 0x558d9ab5c2bd <unknown>\n#6 0x558d9ab8270c <unknown>\n#7 0x558d9ab5c063 <unknown>\n#8 0x558d9ab28328 <unknown>\n#9 0x558d9ab29491 <unknown>\n#10 0x558d9afed42b <unknown>\n#11 0x558d9aff12ec <unknown>\n#12 0x558d9afd4a22 <unknown>\n#13 0x558d9aff1e64 <unknown>\n#14 0x558d9afb8bef <unknown>\n#15 0x558d9b014558 <unknown>\n#16 0x558d9b014736 <unknown>\n#17 0x558d9b024e76 <unknown>\n#18 0x7f180b09caa4 <unknown>\n#19 0x7f180b129c3c <unknown>","time":{"start":1743833665938,"stop":1743833689250,"duration":23312}},{"uid":"ec79b67914354de7","status":"broken","statusDetails":"selenium.common.exceptions.TimeoutException: Message: \nStacktrace:\n#0 0x559447a33ffa <unknown>\n#1 0x5594474f2970 <unknown>\n#2 0x559447544385 <unknown>\n#3 0x5594475445b1 <unknown>\n#4 0x5594475933c4 <unknown>\n#5 0x55944756a2bd <unknown>\n#6 0x55944759070c <unknown>\n#7 0x55944756a063 <unknown>\n#8 0x559447536328 <unknown>\n#9 0x559447537491 <unknown>\n#10 0x5594479fb42b <unknown>\n#11 0x5594479ff2ec <unknown>\n#12 0x5594479e2a22 <unknown>\n#13 0x5594479ffe64 <unknown>\n#14 0x5594479c6bef <unknown>\n#15 0x559447a22558 <unknown>\n#16 0x559447a22736 <unknown>\n#17 0x559447a32e76 <unknown>\n#18 0x7f0c0109caa4 <unknown>\n#19 0x7f0c01129c3c <unknown>","time":{"start":1743823620025,"stop":1743823643808,"duration":23783}},{"uid":"824369a07e6c60e1","status":"broken","statusDetails":"selenium.common.exceptions.TimeoutException: Message: \nStacktrace:\n#0 0x5618f6b97ffa <unknown>\n#1 0x5618f6656970 <unknown>\n#2 0x5618f66a8385 <unknown>\n#3 0x5618f66a85b1 <unknown>\n#4 0x5618f66f73c4 <unknown>\n#5 0x5618f66ce2bd <unknown>\n#6 0x5618f66f470c <unknown>\n#7 0x5618f66ce063 <unknown>\n#8 0x5618f669a328 <unknown>\n#9 0x5618f669b491 <unknown>\n#10 0x5618f6b5f42b <unknown>\n#11 0x5618f6b632ec <unknown>\n#12 0x5618f6b46a22 <unknown>\n#13 0x5618f6b63e64 <unknown>\n#14 0x5618f6b2abef <unknown>\n#15 0x5618f6b86558 <unknown>\n#16 0x5618f6b86736 <unknown>\n#17 0x5618f6b96e76 <unknown>\n#18 0x7f696309caa4 <unknown>\n#19 0x7f6963129c3c <unknown>","time":{"start":1743813922799,"stop":1743813946455,"duration":23656}},{"uid":"b5d6f9b5abdcaaf7","status":"broken","statusDetails":"selenium.common.exceptions.NoSuchElementException: Message: no such element: Unable to locate element: {\"method\":\"xpath\",\"selector\":\"//*[contains(text(), 'new_card')]\"}\n  (Session info: chrome=135.0.7049.52); For documentation on this error, please visit: https://www.selenium.dev/documentation/webdriver/troubleshooting/errors#no-such-element-exception\nStacktrace:\n#0 0x55f59aab0ffa <unknown>\n#1 0x55f59a56f970 <unknown>\n#2 0x55f59a5c1385 <unknown>\n#3 0x55f59a5c15b1 <unknown>\n#4 0x55f59a6103c4 <unknown>\n#5 0x55f59a5e72bd <unknown>\n#6 0x55f59a60d70c <unknown>\n#7 0x55f59a5e7063 <unknown>\n#8 0x55f59a5b3328 <unknown>\n#9 0x55f59a5b4491 <unknown>\n#10 0x55f59aa7842b <unknown>\n#11 0x55f59aa7c2ec <unknown>\n#12 0x55f59aa5fa22 <unknown>\n#13 0x55f59aa7ce64 <unknown>\n#14 0x55f59aa43bef <unknown>\n#15 0x55f59aa9f558 <unknown>\n#16 0x55f59aa9f736 <unknown>\n#17 0x55f59aaafe76 <unknown>\n#18 0x7f8f7a89caa4 <unknown>\n#19 0x7f8f7a929c3c <unknown>","time":{"start":1743801011484,"stop":1743801029180,"duration":17696}},{"uid":"b6b9feef9830cf71","status":"broken","statusDetails":"selenium.common.exceptions.TimeoutException: Message: \nStacktrace:\n#0 0x55a345d1cffa <unknown>\n#1 0x55a3457db970 <unknown>\n#2 0x55a34582d385 <unknown>\n#3 0x55a34582d5b1 <unknown>\n#4 0x55a34587c3c4 <unknown>\n#5 0x55a3458532bd <unknown>\n#6 0x55a34587970c <unknown>\n#7 0x55a345853063 <unknown>\n#8 0x55a34581f328 <unknown>\n#9 0x55a345820491 <unknown>\n#10 0x55a345ce442b <unknown>\n#11 0x55a345ce82ec <unknown>\n#12 0x55a345ccba22 <unknown>\n#13 0x55a345ce8e64 <unknown>\n#14 0x55a345cafbef <unknown>\n#15 0x55a345d0b558 <unknown>\n#16 0x55a345d0b736 <unknown>\n#17 0x55a345d1be76 <unknown>\n#18 0x7f29c069caa4 <unknown>\n#19 0x7f29c0729c3c <unknown>","time":{"start":1743790502149,"stop":1743790525817,"duration":23668}},{"uid":"a7bc707ab5a0fd37","status":"broken","statusDetails":"selenium.common.exceptions.TimeoutException: Message: \nStacktrace:\n#0 0x560186c36ffa <unknown>\n#1 0x5601866f5970 <unknown>\n#2 0x560186747385 <unknown>\n#3 0x5601867475b1 <unknown>\n#4 0x5601867963c4 <unknown>\n#5 0x56018676d2bd <unknown>\n#6 0x56018679370c <unknown>\n#7 0x56018676d063 <unknown>\n#8 0x560186739328 <unknown>\n#9 0x56018673a491 <unknown>\n#10 0x560186bfe42b <unknown>\n#11 0x560186c022ec <unknown>\n#12 0x560186be5a22 <unknown>\n#13 0x560186c02e64 <unknown>\n#14 0x560186bc9bef <unknown>\n#15 0x560186c25558 <unknown>\n#16 0x560186c25736 <unknown>\n#17 0x560186c35e76 <unknown>\n#18 0x7f348349caa4 <unknown>\n#19 0x7f3483529c3c <unknown>","time":{"start":1743779510638,"stop":1743779533815,"duration":23177}},{"uid":"51e031e5b5169de1","status":"broken","statusDetails":"selenium.common.exceptions.TimeoutException: Message: \nStacktrace:\n#0 0x55de4b009ffa <unknown>\n#1 0x55de4aac8970 <unknown>\n#2 0x55de4ab1a385 <unknown>\n#3 0x55de4ab1a5b1 <unknown>\n#4 0x55de4ab693c4 <unknown>\n#5 0x55de4ab402bd <unknown>\n#6 0x55de4ab6670c <unknown>\n#7 0x55de4ab40063 <unknown>\n#8 0x55de4ab0c328 <unknown>\n#9 0x55de4ab0d491 <unknown>\n#10 0x55de4afd142b <unknown>\n#11 0x55de4afd52ec <unknown>\n#12 0x55de4afb8a22 <unknown>\n#13 0x55de4afd5e64 <unknown>\n#14 0x55de4af9cbef <unknown>\n#15 0x55de4aff8558 <unknown>\n#16 0x55de4aff8736 <unknown>\n#17 0x55de4b008e76 <unknown>\n#18 0x7f8a4aa9caa4 <unknown>\n#19 0x7f8a4ab29c3c <unknown>","time":{"start":1743769142096,"stop":1743769165890,"duration":23794}},{"uid":"6db5821210b85b4f","status":"broken","statusDetails":"selenium.common.exceptions.TimeoutException: Message: \nStacktrace:\n#0 0x55eeaa0e2ffa <unknown>\n#1 0x55eea9ba1970 <unknown>\n#2 0x55eea9bf3385 <unknown>\n#3 0x55eea9bf35b1 <unknown>\n#4 0x55eea9c423c4 <unknown>\n#5 0x55eea9c192bd <unknown>\n#6 0x55eea9c3f70c <unknown>\n#7 0x55eea9c19063 <unknown>\n#8 0x55eea9be5328 <unknown>\n#9 0x55eea9be6491 <unknown>\n#10 0x55eeaa0aa42b <unknown>\n#11 0x55eeaa0ae2ec <unknown>\n#12 0x55eeaa091a22 <unknown>\n#13 0x55eeaa0aee64 <unknown>\n#14 0x55eeaa075bef <unknown>\n#15 0x55eeaa0d1558 <unknown>\n#16 0x55eeaa0d1736 <unknown>\n#17 0x55eeaa0e1e76 <unknown>\n#18 0x7f7869a9caa4 <unknown>\n#19 0x7f7869b29c3c <unknown>","time":{"start":1743757949877,"stop":1743757972965,"duration":23088}},{"uid":"742dfb3ff16fd6ab","status":"broken","statusDetails":"selenium.common.exceptions.TimeoutException: Message: \nStacktrace:\n#0 0x559491b50ffa <unknown>\n#1 0x55949160f970 <unknown>\n#2 0x559491661385 <unknown>\n#3 0x5594916615b1 <unknown>\n#4 0x5594916b03c4 <unknown>\n#5 0x5594916872bd <unknown>\n#6 0x5594916ad70c <unknown>\n#7 0x559491687063 <unknown>\n#8 0x559491653328 <unknown>\n#9 0x559491654491 <unknown>\n#10 0x559491b1842b <unknown>\n#11 0x559491b1c2ec <unknown>\n#12 0x559491affa22 <unknown>\n#13 0x559491b1ce64 <unknown>\n#14 0x559491ae3bef <unknown>\n#15 0x559491b3f558 <unknown>\n#16 0x559491b3f736 <unknown>\n#17 0x559491b4fe76 <unknown>\n#18 0x7ffba9c9caa4 <unknown>\n#19 0x7ffba9d29c3c <unknown>","time":{"start":1743747355606,"stop":1743747378711,"duration":23105}},{"uid":"388095283552aba","status":"broken","statusDetails":"selenium.common.exceptions.NoSuchElementException: Message: no such element: Unable to locate element: {\"method\":\"xpath\",\"selector\":\"//*[contains(text(), 'new_card')]\"}\n  (Session info: chrome=135.0.7049.52); For documentation on this error, please visit: https://www.selenium.dev/documentation/webdriver/troubleshooting/errors#no-such-element-exception\nStacktrace:\n#0 0x55f503ac1ffa <unknown>\n#1 0x55f503580970 <unknown>\n#2 0x55f5035d2385 <unknown>\n#3 0x55f5035d25b1 <unknown>\n#4 0x55f5036213c4 <unknown>\n#5 0x55f5035f82bd <unknown>\n#6 0x55f50361e70c <unknown>\n#7 0x55f5035f8063 <unknown>\n#8 0x55f5035c4328 <unknown>\n#9 0x55f5035c5491 <unknown>\n#10 0x55f503a8942b <unknown>\n#11 0x55f503a8d2ec <unknown>\n#12 0x55f503a70a22 <unknown>\n#13 0x55f503a8de64 <unknown>\n#14 0x55f503a54bef <unknown>\n#15 0x55f503ab0558 <unknown>\n#16 0x55f503ab0736 <unknown>\n#17 0x55f503ac0e76 <unknown>\n#18 0x7eff1b49caa4 <unknown>\n#19 0x7eff1b529c3c <unknown>","time":{"start":1743737292047,"stop":1743737309206,"duration":17159}},{"uid":"ec386f3e14f97f08","status":"broken","statusDetails":"selenium.common.exceptions.TimeoutException: Message: \nStacktrace:\n#0 0x55f2031b2ffa <unknown>\n#1 0x55f202c71970 <unknown>\n#2 0x55f202cc3385 <unknown>\n#3 0x55f202cc35b1 <unknown>\n#4 0x55f202d123c4 <unknown>\n#5 0x55f202ce92bd <unknown>\n#6 0x55f202d0f70c <unknown>\n#7 0x55f202ce9063 <unknown>\n#8 0x55f202cb5328 <unknown>\n#9 0x55f202cb6491 <unknown>\n#10 0x55f20317a42b <unknown>\n#11 0x55f20317e2ec <unknown>\n#12 0x55f203161a22 <unknown>\n#13 0x55f20317ee64 <unknown>\n#14 0x55f203145bef <unknown>\n#15 0x55f2031a1558 <unknown>\n#16 0x55f2031a1736 <unknown>\n#17 0x55f2031b1e76 <unknown>\n#18 0x7f212589caa4 <unknown>\n#19 0x7f2125929c3c <unknown>","time":{"start":1743727612537,"stop":1743727636192,"duration":23655}},{"uid":"11836cb2ec5e6769","status":"broken","statusDetails":"selenium.common.exceptions.TimeoutException: Message: \nStacktrace:\n#0 0x56091b932a1a <unknown>\n#1 0x56091b3ea390 <unknown>\n#2 0x56091b43bc85 <unknown>\n#3 0x56091b43beb1 <unknown>\n#4 0x56091b48ad64 <unknown>\n#5 0x56091b461bfd <unknown>\n#6 0x56091b48807b <unknown>\n#7 0x56091b4619a3 <unknown>\n#8 0x56091b42d60e <unknown>\n#9 0x56091b42edd1 <unknown>\n#10 0x56091b8f8ddb <unknown>\n#11 0x56091b8fccbc <unknown>\n#12 0x56091b8e0392 <unknown>\n#13 0x56091b8fd834 <unknown>\n#14 0x56091b8c41ef <unknown>\n#15 0x56091b921038 <unknown>\n#16 0x56091b921216 <unknown>\n#17 0x56091b931896 <unknown>\n#18 0x7f5688e9caa4 <unknown>\n#19 0x7f5688f29c3c <unknown>","time":{"start":1743714661262,"stop":1743714684356,"duration":23094}},{"uid":"8fd08d733362a45a","status":"broken","statusDetails":"selenium.common.exceptions.TimeoutException: Message: \nStacktrace:\n#0 0x5632c4194ffa <unknown>\n#1 0x5632c3c53970 <unknown>\n#2 0x5632c3ca5385 <unknown>\n#3 0x5632c3ca55b1 <unknown>\n#4 0x5632c3cf43c4 <unknown>\n#5 0x5632c3ccb2bd <unknown>\n#6 0x5632c3cf170c <unknown>\n#7 0x5632c3ccb063 <unknown>\n#8 0x5632c3c97328 <unknown>\n#9 0x5632c3c98491 <unknown>\n#10 0x5632c415c42b <unknown>\n#11 0x5632c41602ec <unknown>\n#12 0x5632c4143a22 <unknown>\n#13 0x5632c4160e64 <unknown>\n#14 0x5632c4127bef <unknown>\n#15 0x5632c4183558 <unknown>\n#16 0x5632c4183736 <unknown>\n#17 0x5632c4193e76 <unknown>\n#18 0x7fa867c9caa4 <unknown>\n#19 0x7fa867d29c3c <unknown>","time":{"start":1743704120634,"stop":1743704143849,"duration":23215}},{"uid":"4067b5a7d376b302","status":"broken","statusDetails":"selenium.common.exceptions.TimeoutException: Message: \nStacktrace:\n#0 0x55d1a106ba1a <unknown>\n#1 0x55d1a0b23390 <unknown>\n#2 0x55d1a0b74c85 <unknown>\n#3 0x55d1a0b74eb1 <unknown>\n#4 0x55d1a0bc3d64 <unknown>\n#5 0x55d1a0b9abfd <unknown>\n#6 0x55d1a0bc107b <unknown>\n#7 0x55d1a0b9a9a3 <unknown>\n#8 0x55d1a0b6660e <unknown>\n#9 0x55d1a0b67dd1 <unknown>\n#10 0x55d1a1031ddb <unknown>\n#11 0x55d1a1035cbc <unknown>\n#12 0x55d1a1019392 <unknown>\n#13 0x55d1a1036834 <unknown>\n#14 0x55d1a0ffd1ef <unknown>\n#15 0x55d1a105a038 <unknown>\n#16 0x55d1a105a216 <unknown>\n#17 0x55d1a106a896 <unknown>\n#18 0x7f96ed49caa4 <unknown>\n#19 0x7f96ed529c3c <unknown>","time":{"start":1743693118962,"stop":1743693142811,"duration":23849}},{"uid":"f06ecbfa40222cbb","status":"broken","statusDetails":"selenium.common.exceptions.TimeoutException: Message: \nStacktrace:\n#0 0x559db82e9ffa <unknown>\n#1 0x559db7da8970 <unknown>\n#2 0x559db7dfa385 <unknown>\n#3 0x559db7dfa5b1 <unknown>\n#4 0x559db7e493c4 <unknown>\n#5 0x559db7e202bd <unknown>\n#6 0x559db7e4670c <unknown>\n#7 0x559db7e20063 <unknown>\n#8 0x559db7dec328 <unknown>\n#9 0x559db7ded491 <unknown>\n#10 0x559db82b142b <unknown>\n#11 0x559db82b52ec <unknown>\n#12 0x559db8298a22 <unknown>\n#13 0x559db82b5e64 <unknown>\n#14 0x559db827cbef <unknown>\n#15 0x559db82d8558 <unknown>\n#16 0x559db82d8736 <unknown>\n#17 0x559db82e8e76 <unknown>\n#18 0x7fd94c69caa4 <unknown>\n#19 0x7fd94c729c3c <unknown>","time":{"start":1743683039847,"stop":1743683063037,"duration":23190}},{"uid":"65556d373acc35d1","status":"broken","statusDetails":"selenium.common.exceptions.NoSuchElementException: Message: no such element: Unable to locate element: {\"method\":\"xpath\",\"selector\":\"//*[contains(text(), 'new_card')]\"}\n  (Session info: chrome=135.0.7049.52); For documentation on this error, please visit: https://www.selenium.dev/documentation/webdriver/troubleshooting/errors#no-such-element-exception\nStacktrace:\n#0 0x5615a4e62ffa <unknown>\n#1 0x5615a4921970 <unknown>\n#2 0x5615a4973385 <unknown>\n#3 0x5615a49735b1 <unknown>\n#4 0x5615a49c23c4 <unknown>\n#5 0x5615a49992bd <unknown>\n#6 0x5615a49bf70c <unknown>\n#7 0x5615a4999063 <unknown>\n#8 0x5615a4965328 <unknown>\n#9 0x5615a4966491 <unknown>\n#10 0x5615a4e2a42b <unknown>\n#11 0x5615a4e2e2ec <unknown>\n#12 0x5615a4e11a22 <unknown>\n#13 0x5615a4e2ee64 <unknown>\n#14 0x5615a4df5bef <unknown>\n#15 0x5615a4e51558 <unknown>\n#16 0x5615a4e51736 <unknown>\n#17 0x5615a4e61e76 <unknown>\n#18 0x7f7024e9caa4 <unknown>\n#19 0x7f7024f29c3c <unknown>","time":{"start":1743671534999,"stop":1743671552314,"duration":17315}},{"uid":"9dc90d06e58b778f","status":"passed","time":{"start":1743660956991,"stop":1743660974691,"duration":17700}},{"uid":"592ecce46fc95abe","status":"broken","statusDetails":"selenium.common.exceptions.NoSuchElementException: Message: no such element: Unable to locate element: {\"method\":\"xpath\",\"selector\":\"//*[contains(text(), 'new_card')]\"}\n  (Session info: chrome=135.0.7049.52); For documentation on this error, please visit: https://www.selenium.dev/documentation/webdriver/troubleshooting/errors#no-such-element-exception\nStacktrace:\n#0 0x5644e7857ffa <unknown>\n#1 0x5644e7316970 <unknown>\n#2 0x5644e7368385 <unknown>\n#3 0x5644e73685b1 <unknown>\n#4 0x5644e73b73c4 <unknown>\n#5 0x5644e738e2bd <unknown>\n#6 0x5644e73b470c <unknown>\n#7 0x5644e738e063 <unknown>\n#8 0x5644e735a328 <unknown>\n#9 0x5644e735b491 <unknown>\n#10 0x5644e781f42b <unknown>\n#11 0x5644e78232ec <unknown>\n#12 0x5644e7806a22 <unknown>\n#13 0x5644e7823e64 <unknown>\n#14 0x5644e77eabef <unknown>\n#15 0x5644e7846558 <unknown>\n#16 0x5644e7846736 <unknown>\n#17 0x5644e7856e76 <unknown>\n#18 0x7f49c449caa4 <unknown>\n#19 0x7f49c4529c3c <unknown>","time":{"start":1743650863177,"stop":1743650880918,"duration":17741}},{"uid":"5b75cc4124ee6dd","status":"passed","time":{"start":1743641061127,"stop":1743641079424,"duration":18297}}]},"tags":["TC005","TC000"]},"source":"e160c9e54ebee57.json","parameterValues":[]}