{"uid":"e41511dee66e39f0","name":"Archive a card","fullName":"tests.regression_ui.test_ui_regression.TestUIRegression#test_archive_card","historyId":"4151bed777d70c35651f4626d00b86b5","time":{"start":1743910258265,"stop":1743910280211,"duration":21946},"status":"passed","flaky":false,"newFailed":false,"newBroken":false,"newPassed":true,"retriesCount":0,"retriesStatusChange":false,"beforeStages":[{"name":"driver","time":{"start":1743910257942,"stop":1743910258265,"duration":323},"status":"passed","steps":[],"attachments":[],"parameters":[],"shouldDisplayMessage":false,"stepsCount":0,"attachmentsCount":0,"hasContent":false,"attachmentStep":false},{"name":"setup","time":{"start":1743910258265,"stop":1743910258265,"duration":0},"status":"passed","steps":[],"attachments":[],"parameters":[],"shouldDisplayMessage":false,"stepsCount":0,"attachmentsCount":0,"hasContent":false,"attachmentStep":false}],"testStage":{"status":"passed","steps":[{"name":"Log in to Trello account","time":{"start":1743910263266,"stop":1743910270402,"duration":7136},"status":"passed","steps":[{"name":"Navigate to the Trello page and enter valid credentials (email, password, and 6-digits verification code)","time":{"start":1743910263266,"stop":1743910270402,"duration":7136},"status":"passed","steps":[],"attachments":[],"parameters":[],"shouldDisplayMessage":false,"stepsCount":0,"attachmentsCount":0,"hasContent":false,"attachmentStep":false}],"attachments":[],"parameters":[],"shouldDisplayMessage":false,"stepsCount":1,"attachmentsCount":0,"hasContent":true,"attachmentStep":false},{"name":"Open a board and select a card","time":{"start":1743910270402,"stop":1743910275357,"duration":4955},"status":"passed","steps":[],"attachments":[],"parameters":[],"shouldDisplayMessage":false,"stepsCount":0,"attachmentsCount":0,"hasContent":false,"attachmentStep":false},{"name":"Click the card to open and archive it","time":{"start":1743910275357,"stop":1743910277202,"duration":1845},"status":"passed","steps":[],"attachments":[],"parameters":[],"shouldDisplayMessage":false,"stepsCount":0,"attachmentsCount":0,"hasContent":false,"attachmentStep":false},{"name":"Verify that the card is archived and the list is empty","time":{"start":1743910277202,"stop":1743910280211,"duration":3009},"status":"passed","steps":[],"attachments":[],"parameters":[],"shouldDisplayMessage":false,"stepsCount":0,"attachmentsCount":0,"hasContent":false,"attachmentStep":false}],"attachments":[{"uid":"df0d96c67167bb10","name":"log","source":"df0d96c67167bb10.txt","type":"text/plain","size":360}],"parameters":[],"shouldDisplayMessage":false,"stepsCount":5,"attachmentsCount":1,"hasContent":true,"attachmentStep":false},"afterStages":[{"name":"driver::0","time":{"start":1743910280212,"stop":1743910280284,"duration":72},"status":"passed","steps":[],"attachments":[],"parameters":[],"shouldDisplayMessage":false,"stepsCount":0,"attachmentsCount":0,"hasContent":false,"attachmentStep":false}],"labels":[{"name":"tag","value":"TC006"},{"name":"tag","value":"TC000"},{"name":"parentSuite","value":"tests.regression_ui"},{"name":"suite","value":"test_ui_regression"},{"name":"subSuite","value":"TestUIRegression"},{"name":"host","value":"fv-az2023-356"},{"name":"thread","value":"4764-MainThread"},{"name":"framework","value":"pytest"},{"name":"language","value":"cpython3"},{"name":"package","value":"tests.regression_ui.test_ui_regression"},{"name":"resultFormat","value":"allure2"}],"parameters":[],"links":[],"hidden":false,"retry":false,"extra":{"severity":"normal","retries":[],"categories":[],"history":{"statistic":{"failed":23,"broken":96,"skipped":0,"passed":564,"unknown":0,"total":683},"items":[{"uid":"dcf6c66ee884ceff","status":"broken","statusDetails":"selenium.common.exceptions.NoSuchElementException: Message: no such element: Unable to locate element: {\"method\":\"xpath\",\"selector\":\"//*[contains(text(), 'new_card')]\"}\n  (Session info: chrome=135.0.7049.52); For documentation on this error, please visit: https://www.selenium.dev/documentation/webdriver/troubleshooting/errors#no-such-element-exception\nStacktrace:\n#0 0x56468ca1bffa <unknown>\n#1 0x56468c4da970 <unknown>\n#2 0x56468c52c385 <unknown>\n#3 0x56468c52c5b1 <unknown>\n#4 0x56468c57b3c4 <unknown>\n#5 0x56468c5522bd <unknown>\n#6 0x56468c57870c <unknown>\n#7 0x56468c552063 <unknown>\n#8 0x56468c51e328 <unknown>\n#9 0x56468c51f491 <unknown>\n#10 0x56468c9e342b <unknown>\n#11 0x56468c9e72ec <unknown>\n#12 0x56468c9caa22 <unknown>\n#13 0x56468c9e7e64 <unknown>\n#14 0x56468c9aebef <unknown>\n#15 0x56468ca0a558 <unknown>\n#16 0x56468ca0a736 <unknown>\n#17 0x56468ca1ae76 <unknown>\n#18 0x7fa00869caa4 <unknown>\n#19 0x7fa008729c3c <unknown>","time":{"start":1743900626021,"stop":1743900647382,"duration":21361}},{"uid":"2e51e6eaddc8cbb5","status":"broken","statusDetails":"selenium.common.exceptions.NoSuchElementException: Message: no such element: Unable to locate element: {\"method\":\"xpath\",\"selector\":\"//*[contains(text(), 'new_card')]\"}\n  (Session info: chrome=135.0.7049.52); For documentation on this error, please visit: https://www.selenium.dev/documentation/webdriver/troubleshooting/errors#no-such-element-exception\nStacktrace:\n#0 0x55664306fffa <unknown>\n#1 0x556642b2e970 <unknown>\n#2 0x556642b80385 <unknown>\n#3 0x556642b805b1 <unknown>\n#4 0x556642bcf3c4 <unknown>\n#5 0x556642ba62bd <unknown>\n#6 0x556642bcc70c <unknown>\n#7 0x556642ba6063 <unknown>\n#8 0x556642b72328 <unknown>\n#9 0x556642b73491 <unknown>\n#10 0x55664303742b <unknown>\n#11 0x55664303b2ec <unknown>\n#12 0x55664301ea22 <unknown>\n#13 0x55664303be64 <unknown>\n#14 0x556643002bef <unknown>\n#15 0x55664305e558 <unknown>\n#16 0x55664305e736 <unknown>\n#17 0x55664306ee76 <unknown>\n#18 0x7f3fa929caa4 <unknown>\n#19 0x7f3fa9329c3c <unknown>","time":{"start":1743887442040,"stop":1743887483952,"duration":41912}},{"uid":"9f28c3d77da88a1e","status":"failed","statusDetails":"AssertionError: assert 1 == 0","time":{"start":1743876792270,"stop":1743876811822,"duration":19552}},{"uid":"d16fdd67ddf11ca0","status":"broken","statusDetails":"selenium.common.exceptions.NoSuchElementException: Message: no such element: Unable to locate element: {\"method\":\"xpath\",\"selector\":\"//*[contains(text(), 'new_card')]\"}\n  (Session info: chrome=135.0.7049.52); For documentation on this error, please visit: https://www.selenium.dev/documentation/webdriver/troubleshooting/errors#no-such-element-exception\nStacktrace:\n#0 0x55c555a0fffa <unknown>\n#1 0x55c5554ce970 <unknown>\n#2 0x55c555520385 <unknown>\n#3 0x55c5555205b1 <unknown>\n#4 0x55c55556f3c4 <unknown>\n#5 0x55c5555462bd <unknown>\n#6 0x55c55556c70c <unknown>\n#7 0x55c555546063 <unknown>\n#8 0x55c555512328 <unknown>\n#9 0x55c555513491 <unknown>\n#10 0x55c5559d742b <unknown>\n#11 0x55c5559db2ec <unknown>\n#12 0x55c5559bea22 <unknown>\n#13 0x55c5559dbe64 <unknown>\n#14 0x55c5559a2bef <unknown>\n#15 0x55c5559fe558 <unknown>\n#16 0x55c5559fe736 <unknown>\n#17 0x55c555a0ee76 <unknown>\n#18 0x7f865ca9caa4 <unknown>\n#19 0x7f865cb29c3c <unknown>","time":{"start":1743865778590,"stop":1743865819672,"duration":41082}},{"uid":"3f681f2782642b47","status":"passed","time":{"start":1743855422840,"stop":1743855442505,"duration":19665}},{"uid":"81db5fc1014bf4df","status":"broken","statusDetails":"selenium.common.exceptions.NoSuchElementException: Message: no such element: Unable to locate element: {\"method\":\"xpath\",\"selector\":\"//*[contains(text(), 'new_card')]\"}\n  (Session info: chrome=135.0.7049.52); For documentation on this error, please visit: https://www.selenium.dev/documentation/webdriver/troubleshooting/errors#no-such-element-exception\nStacktrace:\n#0 0x556a971c4ffa <unknown>\n#1 0x556a96c83970 <unknown>\n#2 0x556a96cd5385 <unknown>\n#3 0x556a96cd55b1 <unknown>\n#4 0x556a96d243c4 <unknown>\n#5 0x556a96cfb2bd <unknown>\n#6 0x556a96d2170c <unknown>\n#7 0x556a96cfb063 <unknown>\n#8 0x556a96cc7328 <unknown>\n#9 0x556a96cc8491 <unknown>\n#10 0x556a9718c42b <unknown>\n#11 0x556a971902ec <unknown>\n#12 0x556a97173a22 <unknown>\n#13 0x556a97190e64 <unknown>\n#14 0x556a97157bef <unknown>\n#15 0x556a971b3558 <unknown>\n#16 0x556a971b3736 <unknown>\n#17 0x556a971c3e76 <unknown>\n#18 0x7f9f0b89caa4 <unknown>\n#19 0x7f9f0b929c3c <unknown>","time":{"start":1743844370463,"stop":1743844411899,"duration":41436}},{"uid":"478c4c6704ecb380","status":"broken","statusDetails":"selenium.common.exceptions.NoSuchElementException: Message: no such element: Unable to locate element: {\"method\":\"xpath\",\"selector\":\"//*[contains(text(), 'new_card')]\"}\n  (Session info: chrome=135.0.7049.52); For documentation on this error, please visit: https://www.selenium.dev/documentation/webdriver/troubleshooting/errors#no-such-element-exception\nStacktrace:\n#0 0x55b792168ffa <unknown>\n#1 0x55b791c27970 <unknown>\n#2 0x55b791c79385 <unknown>\n#3 0x55b791c795b1 <unknown>\n#4 0x55b791cc83c4 <unknown>\n#5 0x55b791c9f2bd <unknown>\n#6 0x55b791cc570c <unknown>\n#7 0x55b791c9f063 <unknown>\n#8 0x55b791c6b328 <unknown>\n#9 0x55b791c6c491 <unknown>\n#10 0x55b79213042b <unknown>\n#11 0x55b7921342ec <unknown>\n#12 0x55b792117a22 <unknown>\n#13 0x55b792134e64 <unknown>\n#14 0x55b7920fbbef <unknown>\n#15 0x55b792157558 <unknown>\n#16 0x55b792157736 <unknown>\n#17 0x55b792167e76 <unknown>\n#18 0x7f961569caa4 <unknown>\n#19 0x7f9615729c3c <unknown>","time":{"start":1743833689661,"stop":1743833730942,"duration":41281}},{"uid":"98c583773fe130bb","status":"broken","statusDetails":"selenium.common.exceptions.NoSuchElementException: Message: no such element: Unable to locate element: {\"method\":\"xpath\",\"selector\":\"//*[contains(text(), 'new_card')]\"}\n  (Session info: chrome=135.0.7049.52); For documentation on this error, please visit: https://www.selenium.dev/documentation/webdriver/troubleshooting/errors#no-such-element-exception\nStacktrace:\n#0 0x5571ed6f0ffa <unknown>\n#1 0x5571ed1af970 <unknown>\n#2 0x5571ed201385 <unknown>\n#3 0x5571ed2015b1 <unknown>\n#4 0x5571ed2503c4 <unknown>\n#5 0x5571ed2272bd <unknown>\n#6 0x5571ed24d70c <unknown>\n#7 0x5571ed227063 <unknown>\n#8 0x5571ed1f3328 <unknown>\n#9 0x5571ed1f4491 <unknown>\n#10 0x5571ed6b842b <unknown>\n#11 0x5571ed6bc2ec <unknown>\n#12 0x5571ed69fa22 <unknown>\n#13 0x5571ed6bce64 <unknown>\n#14 0x5571ed683bef <unknown>\n#15 0x5571ed6df558 <unknown>\n#16 0x5571ed6df736 <unknown>\n#17 0x5571ed6efe76 <unknown>\n#18 0x7fa34629caa4 <unknown>\n#19 0x7fa346329c3c <unknown>","time":{"start":1743823644217,"stop":1743823666695,"duration":22478}},{"uid":"fd927b99e775a0ab","status":"broken","statusDetails":"selenium.common.exceptions.NoSuchElementException: Message: no such element: Unable to locate element: {\"method\":\"xpath\",\"selector\":\"//*[contains(text(), 'new_card')]\"}\n  (Session info: chrome=135.0.7049.52); For documentation on this error, please visit: https://www.selenium.dev/documentation/webdriver/troubleshooting/errors#no-such-element-exception\nStacktrace:\n#0 0x557779261ffa <unknown>\n#1 0x557778d20970 <unknown>\n#2 0x557778d72385 <unknown>\n#3 0x557778d725b1 <unknown>\n#4 0x557778dc13c4 <unknown>\n#5 0x557778d982bd <unknown>\n#6 0x557778dbe70c <unknown>\n#7 0x557778d98063 <unknown>\n#8 0x557778d64328 <unknown>\n#9 0x557778d65491 <unknown>\n#10 0x55777922942b <unknown>\n#11 0x55777922d2ec <unknown>\n#12 0x557779210a22 <unknown>\n#13 0x55777922de64 <unknown>\n#14 0x5577791f4bef <unknown>\n#15 0x557779250558 <unknown>\n#16 0x557779250736 <unknown>\n#17 0x557779260e76 <unknown>\n#18 0x7f005389caa4 <unknown>\n#19 0x7f0053929c3c <unknown>","time":{"start":1743813946870,"stop":1743813988563,"duration":41693}},{"uid":"a29399567467847a","status":"passed","time":{"start":1743801029609,"stop":1743801049211,"duration":19602}},{"uid":"522c985b6e60b53f","status":"broken","statusDetails":"selenium.common.exceptions.NoSuchElementException: Message: no such element: Unable to locate element: {\"method\":\"xpath\",\"selector\":\"//*[contains(text(), 'new_card')]\"}\n  (Session info: chrome=135.0.7049.52); For documentation on this error, please visit: https://www.selenium.dev/documentation/webdriver/troubleshooting/errors#no-such-element-exception\nStacktrace:\n#0 0x55efa33abffa <unknown>\n#1 0x55efa2e6a970 <unknown>\n#2 0x55efa2ebc385 <unknown>\n#3 0x55efa2ebc5b1 <unknown>\n#4 0x55efa2f0b3c4 <unknown>\n#5 0x55efa2ee22bd <unknown>\n#6 0x55efa2f0870c <unknown>\n#7 0x55efa2ee2063 <unknown>\n#8 0x55efa2eae328 <unknown>\n#9 0x55efa2eaf491 <unknown>\n#10 0x55efa337342b <unknown>\n#11 0x55efa33772ec <unknown>\n#12 0x55efa335aa22 <unknown>\n#13 0x55efa3377e64 <unknown>\n#14 0x55efa333ebef <unknown>\n#15 0x55efa339a558 <unknown>\n#16 0x55efa339a736 <unknown>\n#17 0x55efa33aae76 <unknown>\n#18 0x7f808129caa4 <unknown>\n#19 0x7f8081329c3c <unknown>","time":{"start":1743790526206,"stop":1743790567865,"duration":41659}},{"uid":"617906c58d56d8d8","status":"broken","statusDetails":"selenium.common.exceptions.NoSuchElementException: Message: no such element: Unable to locate element: {\"method\":\"xpath\",\"selector\":\"//*[contains(text(), 'new_card')]\"}\n  (Session info: chrome=135.0.7049.52); For documentation on this error, please visit: https://www.selenium.dev/documentation/webdriver/troubleshooting/errors#no-such-element-exception\nStacktrace:\n#0 0x556a6c1feffa <unknown>\n#1 0x556a6bcbd970 <unknown>\n#2 0x556a6bd0f385 <unknown>\n#3 0x556a6bd0f5b1 <unknown>\n#4 0x556a6bd5e3c4 <unknown>\n#5 0x556a6bd352bd <unknown>\n#6 0x556a6bd5b70c <unknown>\n#7 0x556a6bd35063 <unknown>\n#8 0x556a6bd01328 <unknown>\n#9 0x556a6bd02491 <unknown>\n#10 0x556a6c1c642b <unknown>\n#11 0x556a6c1ca2ec <unknown>\n#12 0x556a6c1ada22 <unknown>\n#13 0x556a6c1cae64 <unknown>\n#14 0x556a6c191bef <unknown>\n#15 0x556a6c1ed558 <unknown>\n#16 0x556a6c1ed736 <unknown>\n#17 0x556a6c1fde76 <unknown>\n#18 0x7fd53f89caa4 <unknown>\n#19 0x7fd53f929c3c <unknown>","time":{"start":1743779534257,"stop":1743779575500,"duration":41243}},{"uid":"8f1e0230c99cd644","status":"broken","statusDetails":"selenium.common.exceptions.NoSuchElementException: Message: no such element: Unable to locate element: {\"method\":\"xpath\",\"selector\":\"//*[contains(text(), 'new_card')]\"}\n  (Session info: chrome=135.0.7049.52); For documentation on this error, please visit: https://www.selenium.dev/documentation/webdriver/troubleshooting/errors#no-such-element-exception\nStacktrace:\n#0 0x55bff9cc2ffa <unknown>\n#1 0x55bff9781970 <unknown>\n#2 0x55bff97d3385 <unknown>\n#3 0x55bff97d35b1 <unknown>\n#4 0x55bff98223c4 <unknown>\n#5 0x55bff97f92bd <unknown>\n#6 0x55bff981f70c <unknown>\n#7 0x55bff97f9063 <unknown>\n#8 0x55bff97c5328 <unknown>\n#9 0x55bff97c6491 <unknown>\n#10 0x55bff9c8a42b <unknown>\n#11 0x55bff9c8e2ec <unknown>\n#12 0x55bff9c71a22 <unknown>\n#13 0x55bff9c8ee64 <unknown>\n#14 0x55bff9c55bef <unknown>\n#15 0x55bff9cb1558 <unknown>\n#16 0x55bff9cb1736 <unknown>\n#17 0x55bff9cc1e76 <unknown>\n#18 0x7fd0db69caa4 <unknown>\n#19 0x7fd0db729c3c <unknown>","time":{"start":1743769166290,"stop":1743769188609,"duration":22319}},{"uid":"f22636033200fb25","status":"broken","statusDetails":"selenium.common.exceptions.NoSuchElementException: Message: no such element: Unable to locate element: {\"method\":\"xpath\",\"selector\":\"//*[contains(text(), 'new_card')]\"}\n  (Session info: chrome=135.0.7049.52); For documentation on this error, please visit: https://www.selenium.dev/documentation/webdriver/troubleshooting/errors#no-such-element-exception\nStacktrace:\n#0 0x56290986fffa <unknown>\n#1 0x56290932e970 <unknown>\n#2 0x562909380385 <unknown>\n#3 0x5629093805b1 <unknown>\n#4 0x5629093cf3c4 <unknown>\n#5 0x5629093a62bd <unknown>\n#6 0x5629093cc70c <unknown>\n#7 0x5629093a6063 <unknown>\n#8 0x562909372328 <unknown>\n#9 0x562909373491 <unknown>\n#10 0x56290983742b <unknown>\n#11 0x56290983b2ec <unknown>\n#12 0x56290981ea22 <unknown>\n#13 0x56290983be64 <unknown>\n#14 0x562909802bef <unknown>\n#15 0x56290985e558 <unknown>\n#16 0x56290985e736 <unknown>\n#17 0x56290986ee76 <unknown>\n#18 0x7f837949caa4 <unknown>\n#19 0x7f8379529c3c <unknown>","time":{"start":1743757973373,"stop":1743758014546,"duration":41173}},{"uid":"627a9b71412f2425","status":"broken","statusDetails":"selenium.common.exceptions.NoSuchElementException: Message: no such element: Unable to locate element: {\"method\":\"xpath\",\"selector\":\"//*[contains(text(), 'new_card')]\"}\n  (Session info: chrome=135.0.7049.52); For documentation on this error, please visit: https://www.selenium.dev/documentation/webdriver/troubleshooting/errors#no-such-element-exception\nStacktrace:\n#0 0x55c8db61affa <unknown>\n#1 0x55c8db0d9970 <unknown>\n#2 0x55c8db12b385 <unknown>\n#3 0x55c8db12b5b1 <unknown>\n#4 0x55c8db17a3c4 <unknown>\n#5 0x55c8db1512bd <unknown>\n#6 0x55c8db17770c <unknown>\n#7 0x55c8db151063 <unknown>\n#8 0x55c8db11d328 <unknown>\n#9 0x55c8db11e491 <unknown>\n#10 0x55c8db5e242b <unknown>\n#11 0x55c8db5e62ec <unknown>\n#12 0x55c8db5c9a22 <unknown>\n#13 0x55c8db5e6e64 <unknown>\n#14 0x55c8db5adbef <unknown>\n#15 0x55c8db609558 <unknown>\n#16 0x55c8db609736 <unknown>\n#17 0x55c8db619e76 <unknown>\n#18 0x7fe96389caa4 <unknown>\n#19 0x7fe963929c3c <unknown>","time":{"start":1743747379127,"stop":1743747420405,"duration":41278}},{"uid":"8310adc9eb18a3ed","status":"passed","time":{"start":1743737309640,"stop":1743737329109,"duration":19469}},{"uid":"8a11bb9bc6c4715","status":"broken","statusDetails":"selenium.common.exceptions.NoSuchElementException: Message: no such element: Unable to locate element: {\"method\":\"xpath\",\"selector\":\"//*[contains(text(), 'new_card')]\"}\n  (Session info: chrome=135.0.7049.52); For documentation on this error, please visit: https://www.selenium.dev/documentation/webdriver/troubleshooting/errors#no-such-element-exception\nStacktrace:\n#0 0x55ae231c7ffa <unknown>\n#1 0x55ae22c86970 <unknown>\n#2 0x55ae22cd8385 <unknown>\n#3 0x55ae22cd85b1 <unknown>\n#4 0x55ae22d273c4 <unknown>\n#5 0x55ae22cfe2bd <unknown>\n#6 0x55ae22d2470c <unknown>\n#7 0x55ae22cfe063 <unknown>\n#8 0x55ae22cca328 <unknown>\n#9 0x55ae22ccb491 <unknown>\n#10 0x55ae2318f42b <unknown>\n#11 0x55ae231932ec <unknown>\n#12 0x55ae23176a22 <unknown>\n#13 0x55ae23193e64 <unknown>\n#14 0x55ae2315abef <unknown>\n#15 0x55ae231b6558 <unknown>\n#16 0x55ae231b6736 <unknown>\n#17 0x55ae231c6e76 <unknown>\n#18 0x7f537449caa4 <unknown>\n#19 0x7f5374529c3c <unknown>","time":{"start":1743727636601,"stop":1743727678333,"duration":41732}},{"uid":"45cad8192ee788a2","status":"broken","statusDetails":"selenium.common.exceptions.NoSuchElementException: Message: no such element: Unable to locate element: {\"method\":\"xpath\",\"selector\":\"//*[contains(text(), 'new_card')]\"}\n  (Session info: chrome=135.0.7049.52); For documentation on this error, please visit: https://www.selenium.dev/documentation/webdriver/troubleshooting/errors#no-such-element-exception\nStacktrace:\n#0 0x55fe5ddd4a1a <unknown>\n#1 0x55fe5d88c390 <unknown>\n#2 0x55fe5d8ddc85 <unknown>\n#3 0x55fe5d8ddeb1 <unknown>\n#4 0x55fe5d92cd64 <unknown>\n#5 0x55fe5d903bfd <unknown>\n#6 0x55fe5d92a07b <unknown>\n#7 0x55fe5d9039a3 <unknown>\n#8 0x55fe5d8cf60e <unknown>\n#9 0x55fe5d8d0dd1 <unknown>\n#10 0x55fe5dd9addb <unknown>\n#11 0x55fe5dd9ecbc <unknown>\n#12 0x55fe5dd82392 <unknown>\n#13 0x55fe5dd9f834 <unknown>\n#14 0x55fe5dd661ef <unknown>\n#15 0x55fe5ddc3038 <unknown>\n#16 0x55fe5ddc3216 <unknown>\n#17 0x55fe5ddd3896 <unknown>\n#18 0x7efc2c69caa4 <unknown>\n#19 0x7efc2c729c3c <unknown>","time":{"start":1743714684852,"stop":1743714726033,"duration":41181}},{"uid":"ccfad89ebf23bebe","status":"broken","statusDetails":"selenium.common.exceptions.NoSuchElementException: Message: no such element: Unable to locate element: {\"method\":\"xpath\",\"selector\":\"//*[contains(text(), 'new_card')]\"}\n  (Session info: chrome=135.0.7049.52); For documentation on this error, please visit: https://www.selenium.dev/documentation/webdriver/troubleshooting/errors#no-such-element-exception\nStacktrace:\n#0 0x55a7c8a07ffa <unknown>\n#1 0x55a7c84c6970 <unknown>\n#2 0x55a7c8518385 <unknown>\n#3 0x55a7c85185b1 <unknown>\n#4 0x55a7c85673c4 <unknown>\n#5 0x55a7c853e2bd <unknown>\n#6 0x55a7c856470c <unknown>\n#7 0x55a7c853e063 <unknown>\n#8 0x55a7c850a328 <unknown>\n#9 0x55a7c850b491 <unknown>\n#10 0x55a7c89cf42b <unknown>\n#11 0x55a7c89d32ec <unknown>\n#12 0x55a7c89b6a22 <unknown>\n#13 0x55a7c89d3e64 <unknown>\n#14 0x55a7c899abef <unknown>\n#15 0x55a7c89f6558 <unknown>\n#16 0x55a7c89f6736 <unknown>\n#17 0x55a7c8a06e76 <unknown>\n#18 0x7faa5f09caa4 <unknown>\n#19 0x7faa5f129c3c <unknown>","time":{"start":1743704144265,"stop":1743704185583,"duration":41318}},{"uid":"8fd516337d2a6491","status":"broken","statusDetails":"selenium.common.exceptions.NoSuchElementException: Message: no such element: Unable to locate element: {\"method\":\"xpath\",\"selector\":\"//*[contains(text(), 'new_card')]\"}\n  (Session info: chrome=135.0.7049.52); For documentation on this error, please visit: https://www.selenium.dev/documentation/webdriver/troubleshooting/errors#no-such-element-exception\nStacktrace:\n#0 0x55999afeda1a <unknown>\n#1 0x55999aaa5390 <unknown>\n#2 0x55999aaf6c85 <unknown>\n#3 0x55999aaf6eb1 <unknown>\n#4 0x55999ab45d64 <unknown>\n#5 0x55999ab1cbfd <unknown>\n#6 0x55999ab4307b <unknown>\n#7 0x55999ab1c9a3 <unknown>\n#8 0x55999aae860e <unknown>\n#9 0x55999aae9dd1 <unknown>\n#10 0x55999afb3ddb <unknown>\n#11 0x55999afb7cbc <unknown>\n#12 0x55999af9b392 <unknown>\n#13 0x55999afb8834 <unknown>\n#14 0x55999af7f1ef <unknown>\n#15 0x55999afdc038 <unknown>\n#16 0x55999afdc216 <unknown>\n#17 0x55999afec896 <unknown>\n#18 0x7fd618a9caa4 <unknown>\n#19 0x7fd618b29c3c <unknown>","time":{"start":1743693143226,"stop":1743693165091,"duration":21865}}]},"tags":["TC006","TC000"]},"source":"e41511dee66e39f0.json","parameterValues":[]}