{"uid":"e7601a24b0774974","name":"Archive a card","fullName":"tests.regression_ui.test_ui_regression.TestUIRegression#test_archive_card","historyId":"4151bed777d70c35651f4626d00b86b5","time":{"start":1744918464001,"stop":1744918482248,"duration":18247},"status":"broken","statusMessage":"selenium.common.exceptions.TimeoutException: Message: \nStacktrace:\n#0 0x55ae9b714d0a <unknown>\n#1 0x55ae9b1c55f0 <unknown>\n#2 0x55ae9b216a33 <unknown>\n#3 0x55ae9b216c21 <unknown>\n#4 0x55ae9b265274 <unknown>\n#5 0x55ae9b23c68d <unknown>\n#6 0x55ae9b262660 <unknown>\n#7 0x55ae9b23c433 <unknown>\n#8 0x55ae9b208ea3 <unknown>\n#9 0x55ae9b209b01 <unknown>\n#10 0x55ae9b6d9b5b <unknown>\n#11 0x55ae9b6dda41 <unknown>\n#12 0x55ae9b6c0c52 <unknown>\n#13 0x55ae9b6de5b4 <unknown>\n#14 0x55ae9b6a4f0f <unknown>\n#15 0x55ae9b702db8 <unknown>\n#16 0x55ae9b702f96 <unknown>\n#17 0x55ae9b713b56 <unknown>\n#18 0x7f732969caa4 <unknown>\n#19 0x7f7329729c3c <unknown>","statusTrace":"self = <tests.regression_ui.test_ui_regression.TestUIRegression object at 0x7f05f81566c0>\ndriver = <selenium.webdriver.chrome.webdriver.WebDriver (session=\"c5cc550fde0d6485285c597d2b63cd19\")>\n\n    @pytest.mark.TC000\n    @pytest.mark.TC006\n    @allure.title('Archive a card')\n    def test_archive_card(self, driver):\n        time.sleep(5)\n        with allure.step('Log in to Trello account'):\n>           self.test_login(driver)\n\ntests/regression_ui/test_ui_regression.py:190: \n_ _ _ _ _ _ _ _ _ _ _ _ _ _ _ _ _ _ _ _ _ _ _ _ _ _ _ _ _ _ _ _ _ _ _ _ _ _ _ _ \ntests/regression_ui/test_ui_regression.py:75: in test_login\n    el_six_otp_code = WebDriverWait(driver, 10).until(EC.element_to_be_clickable(\n_ _ _ _ _ _ _ _ _ _ _ _ _ _ _ _ _ _ _ _ _ _ _ _ _ _ _ _ _ _ _ _ _ _ _ _ _ _ _ _ \n\nself = <selenium.webdriver.support.wait.WebDriverWait (session=\"c5cc550fde0d6485285c597d2b63cd19\")>\nmethod = <function element_to_be_clickable.<locals>._predicate at 0x7f05f80763e0>\nmessage = ''\n\n    def until(self, method: Callable[[D], Union[Literal[False], T]], message: str = \"\") -> T:\n        \"\"\"Calls the method provided with the driver as an argument until the \\\n        return value does not evaluate to ``False``.\n    \n        :param method: callable(WebDriver)\n        :param message: optional message for :exc:`TimeoutException`\n        :returns: the result of the last call to `method`\n        :raises: :exc:`selenium.common.exceptions.TimeoutException` if timeout occurs\n        \"\"\"\n        screen = None\n        stacktrace = None\n    \n        end_time = time.monotonic() + self._timeout\n        while True:\n            try:\n                value = method(self._driver)\n                if value:\n                    return value\n            except self._ignored_exceptions as exc:\n                screen = getattr(exc, \"screen\", None)\n                stacktrace = getattr(exc, \"stacktrace\", None)\n            if time.monotonic() > end_time:\n                break\n            time.sleep(self._poll)\n>       raise TimeoutException(message, screen, stacktrace)\nE       selenium.common.exceptions.TimeoutException: Message: \nE       Stacktrace:\nE       #0 0x55ae9b714d0a <unknown>\nE       #1 0x55ae9b1c55f0 <unknown>\nE       #2 0x55ae9b216a33 <unknown>\nE       #3 0x55ae9b216c21 <unknown>\nE       #4 0x55ae9b265274 <unknown>\nE       #5 0x55ae9b23c68d <unknown>\nE       #6 0x55ae9b262660 <unknown>\nE       #7 0x55ae9b23c433 <unknown>\nE       #8 0x55ae9b208ea3 <unknown>\nE       #9 0x55ae9b209b01 <unknown>\nE       #10 0x55ae9b6d9b5b <unknown>\nE       #11 0x55ae9b6dda41 <unknown>\nE       #12 0x55ae9b6c0c52 <unknown>\nE       #13 0x55ae9b6de5b4 <unknown>\nE       #14 0x55ae9b6a4f0f <unknown>\nE       #15 0x55ae9b702db8 <unknown>\nE       #16 0x55ae9b702f96 <unknown>\nE       #17 0x55ae9b713b56 <unknown>\nE       #18 0x7f732969caa4 <unknown>\nE       #19 0x7f7329729c3c <unknown>\n\n/opt/hostedtoolcache/Python/3.12.5/x64/lib/python3.12/site-packages/selenium/webdriver/support/wait.py:105: TimeoutException","flaky":false,"newFailed":false,"newBroken":false,"newPassed":false,"retriesCount":0,"retriesStatusChange":false,"beforeStages":[{"name":"driver","time":{"start":1744918463682,"stop":1744918464000,"duration":318},"status":"passed","steps":[],"attachments":[],"parameters":[],"shouldDisplayMessage":false,"stepsCount":0,"attachmentsCount":0,"hasContent":false,"attachmentStep":false},{"name":"setup","time":{"start":1744918464000,"stop":1744918464000,"duration":0},"status":"passed","steps":[],"attachments":[],"parameters":[],"shouldDisplayMessage":false,"stepsCount":0,"attachmentsCount":0,"hasContent":false,"attachmentStep":false}],"testStage":{"status":"broken","statusMessage":"selenium.common.exceptions.TimeoutException: Message: \nStacktrace:\n#0 0x55ae9b714d0a <unknown>\n#1 0x55ae9b1c55f0 <unknown>\n#2 0x55ae9b216a33 <unknown>\n#3 0x55ae9b216c21 <unknown>\n#4 0x55ae9b265274 <unknown>\n#5 0x55ae9b23c68d <unknown>\n#6 0x55ae9b262660 <unknown>\n#7 0x55ae9b23c433 <unknown>\n#8 0x55ae9b208ea3 <unknown>\n#9 0x55ae9b209b01 <unknown>\n#10 0x55ae9b6d9b5b <unknown>\n#11 0x55ae9b6dda41 <unknown>\n#12 0x55ae9b6c0c52 <unknown>\n#13 0x55ae9b6de5b4 <unknown>\n#14 0x55ae9b6a4f0f <unknown>\n#15 0x55ae9b702db8 <unknown>\n#16 0x55ae9b702f96 <unknown>\n#17 0x55ae9b713b56 <unknown>\n#18 0x7f732969caa4 <unknown>\n#19 0x7f7329729c3c <unknown>","statusTrace":"self = <tests.regression_ui.test_ui_regression.TestUIRegression object at 0x7f05f81566c0>\ndriver = <selenium.webdriver.chrome.webdriver.WebDriver (session=\"c5cc550fde0d6485285c597d2b63cd19\")>\n\n    @pytest.mark.TC000\n    @pytest.mark.TC006\n    @allure.title('Archive a card')\n    def test_archive_card(self, driver):\n        time.sleep(5)\n        with allure.step('Log in to Trello account'):\n>           self.test_login(driver)\n\ntests/regression_ui/test_ui_regression.py:190: \n_ _ _ _ _ _ _ _ _ _ _ _ _ _ _ _ _ _ _ _ _ _ _ _ _ _ _ _ _ _ _ _ _ _ _ _ _ _ _ _ \ntests/regression_ui/test_ui_regression.py:75: in test_login\n    el_six_otp_code = WebDriverWait(driver, 10).until(EC.element_to_be_clickable(\n_ _ _ _ _ _ _ _ _ _ _ _ _ _ _ _ _ _ _ _ _ _ _ _ _ _ _ _ _ _ _ _ _ _ _ _ _ _ _ _ \n\nself = <selenium.webdriver.support.wait.WebDriverWait (session=\"c5cc550fde0d6485285c597d2b63cd19\")>\nmethod = <function element_to_be_clickable.<locals>._predicate at 0x7f05f80763e0>\nmessage = ''\n\n    def until(self, method: Callable[[D], Union[Literal[False], T]], message: str = \"\") -> T:\n        \"\"\"Calls the method provided with the driver as an argument until the \\\n        return value does not evaluate to ``False``.\n    \n        :param method: callable(WebDriver)\n        :param message: optional message for :exc:`TimeoutException`\n        :returns: the result of the last call to `method`\n        :raises: :exc:`selenium.common.exceptions.TimeoutException` if timeout occurs\n        \"\"\"\n        screen = None\n        stacktrace = None\n    \n        end_time = time.monotonic() + self._timeout\n        while True:\n            try:\n                value = method(self._driver)\n                if value:\n                    return value\n            except self._ignored_exceptions as exc:\n                screen = getattr(exc, \"screen\", None)\n                stacktrace = getattr(exc, \"stacktrace\", None)\n            if time.monotonic() > end_time:\n                break\n            time.sleep(self._poll)\n>       raise TimeoutException(message, screen, stacktrace)\nE       selenium.common.exceptions.TimeoutException: Message: \nE       Stacktrace:\nE       #0 0x55ae9b714d0a <unknown>\nE       #1 0x55ae9b1c55f0 <unknown>\nE       #2 0x55ae9b216a33 <unknown>\nE       #3 0x55ae9b216c21 <unknown>\nE       #4 0x55ae9b265274 <unknown>\nE       #5 0x55ae9b23c68d <unknown>\nE       #6 0x55ae9b262660 <unknown>\nE       #7 0x55ae9b23c433 <unknown>\nE       #8 0x55ae9b208ea3 <unknown>\nE       #9 0x55ae9b209b01 <unknown>\nE       #10 0x55ae9b6d9b5b <unknown>\nE       #11 0x55ae9b6dda41 <unknown>\nE       #12 0x55ae9b6c0c52 <unknown>\nE       #13 0x55ae9b6de5b4 <unknown>\nE       #14 0x55ae9b6a4f0f <unknown>\nE       #15 0x55ae9b702db8 <unknown>\nE       #16 0x55ae9b702f96 <unknown>\nE       #17 0x55ae9b713b56 <unknown>\nE       #18 0x7f732969caa4 <unknown>\nE       #19 0x7f7329729c3c <unknown>\n\n/opt/hostedtoolcache/Python/3.12.5/x64/lib/python3.12/site-packages/selenium/webdriver/support/wait.py:105: TimeoutException","steps":[{"name":"Log in to Trello account","time":{"start":1744918469001,"stop":1744918482248,"duration":13247},"status":"broken","statusMessage":"selenium.common.exceptions.TimeoutException: Message: \nStacktrace:\n#0 0x55ae9b714d0a <unknown>\n#1 0x55ae9b1c55f0 <unknown>\n#2 0x55ae9b216a33 <unknown>\n#3 0x55ae9b216c21 <unknown>\n#4 0x55ae9b265274 <unknown>\n#5 0x55ae9b23c68d <unknown>\n#6 0x55ae9b262660 <unknown>\n#7 0x55ae9b23c433 <unknown>\n#8 0x55ae9b208ea3 <unknown>\n#9 0x55ae9b209b01 <unknown>\n#10 0x55ae9b6d9b5b <unknown>\n#11 0x55ae9b6dda41 <unknown>\n#12 0x55ae9b6c0c52 <unknown>\n#13 0x55ae9b6de5b4 <unknown>\n#14 0x55ae9b6a4f0f <unknown>\n#15 0x55ae9b702db8 <unknown>\n#16 0x55ae9b702f96 <unknown>\n#17 0x55ae9b713b56 <unknown>\n#18 0x7f732969caa4 <unknown>\n#19 0x7f7329729c3c <unknown>\n\n","statusTrace":"  File \"/home/runner/work/pythonSelenium/pythonSelenium/tests/regression_ui/test_ui_regression.py\", line 190, in test_archive_card\n    self.test_login(driver)\n  File \"/home/runner/work/pythonSelenium/pythonSelenium/tests/regression_ui/test_ui_regression.py\", line 75, in test_login\n    el_six_otp_code = WebDriverWait(driver, 10).until(EC.element_to_be_clickable(\n                      ^^^^^^^^^^^^^^^^^^^^^^^^^^^^^^^^^^^^^^^^^^^^^^^^^^^^^^^^^^^\n  File \"/opt/hostedtoolcache/Python/3.12.5/x64/lib/python3.12/site-packages/selenium/webdriver/support/wait.py\", line 105, in until\n    raise TimeoutException(message, screen, stacktrace)\n","steps":[{"name":"Navigate to the Trello page and enter valid credentials (email, password, and 6-digits verification code)","time":{"start":1744918469001,"stop":1744918482247,"duration":13246},"status":"broken","statusMessage":"selenium.common.exceptions.TimeoutException: Message: \nStacktrace:\n#0 0x55ae9b714d0a <unknown>\n#1 0x55ae9b1c55f0 <unknown>\n#2 0x55ae9b216a33 <unknown>\n#3 0x55ae9b216c21 <unknown>\n#4 0x55ae9b265274 <unknown>\n#5 0x55ae9b23c68d <unknown>\n#6 0x55ae9b262660 <unknown>\n#7 0x55ae9b23c433 <unknown>\n#8 0x55ae9b208ea3 <unknown>\n#9 0x55ae9b209b01 <unknown>\n#10 0x55ae9b6d9b5b <unknown>\n#11 0x55ae9b6dda41 <unknown>\n#12 0x55ae9b6c0c52 <unknown>\n#13 0x55ae9b6de5b4 <unknown>\n#14 0x55ae9b6a4f0f <unknown>\n#15 0x55ae9b702db8 <unknown>\n#16 0x55ae9b702f96 <unknown>\n#17 0x55ae9b713b56 <unknown>\n#18 0x7f732969caa4 <unknown>\n#19 0x7f7329729c3c <unknown>\n\n","statusTrace":"  File \"/home/runner/work/pythonSelenium/pythonSelenium/tests/regression_ui/test_ui_regression.py\", line 75, in test_login\n    el_six_otp_code = WebDriverWait(driver, 10).until(EC.element_to_be_clickable(\n                      ^^^^^^^^^^^^^^^^^^^^^^^^^^^^^^^^^^^^^^^^^^^^^^^^^^^^^^^^^^^\n  File \"/opt/hostedtoolcache/Python/3.12.5/x64/lib/python3.12/site-packages/selenium/webdriver/support/wait.py\", line 105, in until\n    raise TimeoutException(message, screen, stacktrace)\n","steps":[],"attachments":[],"parameters":[],"shouldDisplayMessage":true,"stepsCount":0,"attachmentsCount":0,"hasContent":true,"attachmentStep":false}],"attachments":[],"parameters":[],"shouldDisplayMessage":false,"stepsCount":1,"attachmentsCount":0,"hasContent":true,"attachmentStep":false}],"attachments":[],"parameters":[],"shouldDisplayMessage":true,"stepsCount":2,"attachmentsCount":0,"hasContent":true,"attachmentStep":false},"afterStages":[{"name":"driver::0","time":{"start":1744918482262,"stop":1744918482327,"duration":65},"status":"passed","steps":[],"attachments":[],"parameters":[],"shouldDisplayMessage":false,"stepsCount":0,"attachmentsCount":0,"hasContent":false,"attachmentStep":false}],"labels":[{"name":"tag","value":"TC006"},{"name":"tag","value":"TC000"},{"name":"parentSuite","value":"tests.regression_ui"},{"name":"suite","value":"test_ui_regression"},{"name":"subSuite","value":"TestUIRegression"},{"name":"host","value":"fv-az1910-469"},{"name":"thread","value":"4065-MainThread"},{"name":"framework","value":"pytest"},{"name":"language","value":"cpython3"},{"name":"package","value":"tests.regression_ui.test_ui_regression"},{"name":"resultFormat","value":"allure2"}],"parameters":[],"links":[],"hidden":false,"retry":false,"extra":{"severity":"normal","retries":[],"categories":[{"name":"Test defects","matchedStatuses":[]}],"history":{"statistic":{"failed":24,"broken":108,"skipped":0,"passed":566,"unknown":0,"total":698},"items":[{"uid":"49914d54754159c0","status":"broken","statusDetails":"selenium.common.exceptions.NoSuchElementException: Message: no such element: Unable to locate element: {\"method\":\"xpath\",\"selector\":\"//*[contains(text(), 'new_card')]\"}\n  (Session info: chrome=135.0.7049.52); For documentation on this error, please visit: https://www.selenium.dev/documentation/webdriver/troubleshooting/errors#no-such-element-exception\nStacktrace:\n#0 0x5585e3234ffa <unknown>\n#1 0x5585e2cf3970 <unknown>\n#2 0x5585e2d45385 <unknown>\n#3 0x5585e2d455b1 <unknown>\n#4 0x5585e2d943c4 <unknown>\n#5 0x5585e2d6b2bd <unknown>\n#6 0x5585e2d9170c <unknown>\n#7 0x5585e2d6b063 <unknown>\n#8 0x5585e2d37328 <unknown>\n#9 0x5585e2d38491 <unknown>\n#10 0x5585e31fc42b <unknown>\n#11 0x5585e32002ec <unknown>\n#12 0x5585e31e3a22 <unknown>\n#13 0x5585e3200e64 <unknown>\n#14 0x5585e31c7bef <unknown>\n#15 0x5585e3223558 <unknown>\n#16 0x5585e3223736 <unknown>\n#17 0x5585e3233e76 <unknown>\n#18 0x7fadee69caa4 <unknown>\n#19 0x7fadee729c3c <unknown>","time":{"start":1744060278258,"stop":1744060320003,"duration":41745}},{"uid":"1c232dd7a2ef2b4a","status":"broken","statusDetails":"selenium.common.exceptions.NoSuchElementException: Message: no such element: Unable to locate element: {\"method\":\"xpath\",\"selector\":\"//*[contains(text(), 'new_card')]\"}\n  (Session info: chrome=135.0.7049.52); For documentation on this error, please visit: https://www.selenium.dev/documentation/webdriver/troubleshooting/errors#no-such-element-exception\nStacktrace:\n#0 0x55e05aa00ffa <unknown>\n#1 0x55e05a4bf970 <unknown>\n#2 0x55e05a511385 <unknown>\n#3 0x55e05a5115b1 <unknown>\n#4 0x55e05a5603c4 <unknown>\n#5 0x55e05a5372bd <unknown>\n#6 0x55e05a55d70c <unknown>\n#7 0x55e05a537063 <unknown>\n#8 0x55e05a503328 <unknown>\n#9 0x55e05a504491 <unknown>\n#10 0x55e05a9c842b <unknown>\n#11 0x55e05a9cc2ec <unknown>\n#12 0x55e05a9afa22 <unknown>\n#13 0x55e05a9cce64 <unknown>\n#14 0x55e05a993bef <unknown>\n#15 0x55e05a9ef558 <unknown>\n#16 0x55e05a9ef736 <unknown>\n#17 0x55e05a9ffe76 <unknown>\n#18 0x7f69bb69caa4 <unknown>\n#19 0x7f69bb729c3c <unknown>","time":{"start":1744049719324,"stop":1744049760558,"duration":41234}},{"uid":"a8c04406505b222f","status":"broken","statusDetails":"selenium.common.exceptions.NoSuchElementException: Message: no such element: Unable to locate element: {\"method\":\"xpath\",\"selector\":\"//*[contains(text(), 'new_card')]\"}\n  (Session info: chrome=135.0.7049.52); For documentation on this error, please visit: https://www.selenium.dev/documentation/webdriver/troubleshooting/errors#no-such-element-exception\nStacktrace:\n#0 0x5631bdc2cffa <unknown>\n#1 0x5631bd6eb970 <unknown>\n#2 0x5631bd73d385 <unknown>\n#3 0x5631bd73d5b1 <unknown>\n#4 0x5631bd78c3c4 <unknown>\n#5 0x5631bd7632bd <unknown>\n#6 0x5631bd78970c <unknown>\n#7 0x5631bd763063 <unknown>\n#8 0x5631bd72f328 <unknown>\n#9 0x5631bd730491 <unknown>\n#10 0x5631bdbf442b <unknown>\n#11 0x5631bdbf82ec <unknown>\n#12 0x5631bdbdba22 <unknown>\n#13 0x5631bdbf8e64 <unknown>\n#14 0x5631bdbbfbef <unknown>\n#15 0x5631bdc1b558 <unknown>\n#16 0x5631bdc1b736 <unknown>\n#17 0x5631bdc2be76 <unknown>\n#18 0x7f112149caa4 <unknown>\n#19 0x7f1121529c3c <unknown>","time":{"start":1744038766713,"stop":1744038808351,"duration":41638}},{"uid":"d9853d0fbc4eba4f","status":"failed","statusDetails":"AssertionError: assert 1 == 0","time":{"start":1744028369689,"stop":1744028390917,"duration":21228}},{"uid":"27a874d208a3aed2","status":"broken","statusDetails":"selenium.common.exceptions.NoSuchElementException: Message: no such element: Unable to locate element: {\"method\":\"xpath\",\"selector\":\"//*[contains(text(), 'new_card')]\"}\n  (Session info: chrome=135.0.7049.52); For documentation on this error, please visit: https://www.selenium.dev/documentation/webdriver/troubleshooting/errors#no-such-element-exception\nStacktrace:\n#0 0x55c495799ffa <unknown>\n#1 0x55c495258970 <unknown>\n#2 0x55c4952aa385 <unknown>\n#3 0x55c4952aa5b1 <unknown>\n#4 0x55c4952f93c4 <unknown>\n#5 0x55c4952d02bd <unknown>\n#6 0x55c4952f670c <unknown>\n#7 0x55c4952d0063 <unknown>\n#8 0x55c49529c328 <unknown>\n#9 0x55c49529d491 <unknown>\n#10 0x55c49576142b <unknown>\n#11 0x55c4957652ec <unknown>\n#12 0x55c495748a22 <unknown>\n#13 0x55c495765e64 <unknown>\n#14 0x55c49572cbef <unknown>\n#15 0x55c495788558 <unknown>\n#16 0x55c495788736 <unknown>\n#17 0x55c495798e76 <unknown>\n#18 0x7ffb4609caa4 <unknown>\n#19 0x7ffb46129c3c <unknown>","time":{"start":1744017235581,"stop":1744017257029,"duration":21448}},{"uid":"ae0f4d505220ef65","status":"broken","statusDetails":"selenium.common.exceptions.NoSuchElementException: Message: no such element: Unable to locate element: {\"method\":\"xpath\",\"selector\":\"//*[contains(text(), 'new_card')]\"}\n  (Session info: chrome=135.0.7049.52); For documentation on this error, please visit: https://www.selenium.dev/documentation/webdriver/troubleshooting/errors#no-such-element-exception\nStacktrace:\n#0 0x5624c0ea4ffa <unknown>\n#1 0x5624c0963970 <unknown>\n#2 0x5624c09b5385 <unknown>\n#3 0x5624c09b55b1 <unknown>\n#4 0x5624c0a043c4 <unknown>\n#5 0x5624c09db2bd <unknown>\n#6 0x5624c0a0170c <unknown>\n#7 0x5624c09db063 <unknown>\n#8 0x5624c09a7328 <unknown>\n#9 0x5624c09a8491 <unknown>\n#10 0x5624c0e6c42b <unknown>\n#11 0x5624c0e702ec <unknown>\n#12 0x5624c0e53a22 <unknown>\n#13 0x5624c0e70e64 <unknown>\n#14 0x5624c0e37bef <unknown>\n#15 0x5624c0e93558 <unknown>\n#16 0x5624c0e93736 <unknown>\n#17 0x5624c0ea3e76 <unknown>\n#18 0x7fd4b1a9caa4 <unknown>\n#19 0x7fd4b1b29c3c <unknown>","time":{"start":1744006542596,"stop":1744006583656,"duration":41060}},{"uid":"3ff3a8845323be1d","status":"broken","statusDetails":"selenium.common.exceptions.NoSuchElementException: Message: no such element: Unable to locate element: {\"method\":\"xpath\",\"selector\":\"//*[contains(text(), 'new_card')]\"}\n  (Session info: chrome=135.0.7049.52); For documentation on this error, please visit: https://www.selenium.dev/documentation/webdriver/troubleshooting/errors#no-such-element-exception\nStacktrace:\n#0 0x56455dcfdffa <unknown>\n#1 0x56455d7bc970 <unknown>\n#2 0x56455d80e385 <unknown>\n#3 0x56455d80e5b1 <unknown>\n#4 0x56455d85d3c4 <unknown>\n#5 0x56455d8342bd <unknown>\n#6 0x56455d85a70c <unknown>\n#7 0x56455d834063 <unknown>\n#8 0x56455d800328 <unknown>\n#9 0x56455d801491 <unknown>\n#10 0x56455dcc542b <unknown>\n#11 0x56455dcc92ec <unknown>\n#12 0x56455dcaca22 <unknown>\n#13 0x56455dcc9e64 <unknown>\n#14 0x56455dc90bef <unknown>\n#15 0x56455dcec558 <unknown>\n#16 0x56455dcec736 <unknown>\n#17 0x56455dcfce76 <unknown>\n#18 0x7f125609caa4 <unknown>\n#19 0x7f1256129c3c <unknown>","time":{"start":1743996742329,"stop":1743996764209,"duration":21880}},{"uid":"250e312150b43210","status":"broken","statusDetails":"selenium.common.exceptions.NoSuchElementException: Message: no such element: Unable to locate element: {\"method\":\"xpath\",\"selector\":\"//*[contains(text(), 'new_card')]\"}\n  (Session info: chrome=135.0.7049.52); For documentation on this error, please visit: https://www.selenium.dev/documentation/webdriver/troubleshooting/errors#no-such-element-exception\nStacktrace:\n#0 0x560988459ffa <unknown>\n#1 0x560987f18970 <unknown>\n#2 0x560987f6a385 <unknown>\n#3 0x560987f6a5b1 <unknown>\n#4 0x560987fb93c4 <unknown>\n#5 0x560987f902bd <unknown>\n#6 0x560987fb670c <unknown>\n#7 0x560987f90063 <unknown>\n#8 0x560987f5c328 <unknown>\n#9 0x560987f5d491 <unknown>\n#10 0x56098842142b <unknown>\n#11 0x5609884252ec <unknown>\n#12 0x560988408a22 <unknown>\n#13 0x560988425e64 <unknown>\n#14 0x5609883ecbef <unknown>\n#15 0x560988448558 <unknown>\n#16 0x560988448736 <unknown>\n#17 0x560988458e76 <unknown>\n#18 0x7fc8f8c9caa4 <unknown>\n#19 0x7fc8f8d29c3c <unknown>","time":{"start":1743986808584,"stop":1743986850299,"duration":41715}},{"uid":"2102165d2108699f","status":"broken","statusDetails":"selenium.common.exceptions.NoSuchElementException: Message: no such element: Unable to locate element: {\"method\":\"xpath\",\"selector\":\"//*[contains(text(), 'new_card')]\"}\n  (Session info: chrome=135.0.7049.52); For documentation on this error, please visit: https://www.selenium.dev/documentation/webdriver/troubleshooting/errors#no-such-element-exception\nStacktrace:\n#0 0x55a7ba334ffa <unknown>\n#1 0x55a7b9df3970 <unknown>\n#2 0x55a7b9e45385 <unknown>\n#3 0x55a7b9e455b1 <unknown>\n#4 0x55a7b9e943c4 <unknown>\n#5 0x55a7b9e6b2bd <unknown>\n#6 0x55a7b9e9170c <unknown>\n#7 0x55a7b9e6b063 <unknown>\n#8 0x55a7b9e37328 <unknown>\n#9 0x55a7b9e38491 <unknown>\n#10 0x55a7ba2fc42b <unknown>\n#11 0x55a7ba3002ec <unknown>\n#12 0x55a7ba2e3a22 <unknown>\n#13 0x55a7ba300e64 <unknown>\n#14 0x55a7ba2c7bef <unknown>\n#15 0x55a7ba323558 <unknown>\n#16 0x55a7ba323736 <unknown>\n#17 0x55a7ba333e76 <unknown>\n#18 0x7fdf8209caa4 <unknown>\n#19 0x7fdf82129c3c <unknown>","time":{"start":1743973786330,"stop":1743973827554,"duration":41224}},{"uid":"2507d428c3693339","status":"broken","statusDetails":"selenium.common.exceptions.NoSuchElementException: Message: no such element: Unable to locate element: {\"method\":\"xpath\",\"selector\":\"//*[contains(text(), 'new_card')]\"}\n  (Session info: chrome=135.0.7049.52); For documentation on this error, please visit: https://www.selenium.dev/documentation/webdriver/troubleshooting/errors#no-such-element-exception\nStacktrace:\n#0 0x558b7bd76ffa <unknown>\n#1 0x558b7b835970 <unknown>\n#2 0x558b7b887385 <unknown>\n#3 0x558b7b8875b1 <unknown>\n#4 0x558b7b8d63c4 <unknown>\n#5 0x558b7b8ad2bd <unknown>\n#6 0x558b7b8d370c <unknown>\n#7 0x558b7b8ad063 <unknown>\n#8 0x558b7b879328 <unknown>\n#9 0x558b7b87a491 <unknown>\n#10 0x558b7bd3e42b <unknown>\n#11 0x558b7bd422ec <unknown>\n#12 0x558b7bd25a22 <unknown>\n#13 0x558b7bd42e64 <unknown>\n#14 0x558b7bd09bef <unknown>\n#15 0x558b7bd65558 <unknown>\n#16 0x558b7bd65736 <unknown>\n#17 0x558b7bd75e76 <unknown>\n#18 0x7f3608a9caa4 <unknown>\n#19 0x7f3608b29c3c <unknown>","time":{"start":1743963296346,"stop":1743963317819,"duration":21473}},{"uid":"20ec08c1972f6f9b","status":"broken","statusDetails":"selenium.common.exceptions.NoSuchElementException: Message: no such element: Unable to locate element: {\"method\":\"xpath\",\"selector\":\"//*[contains(text(), 'new_card')]\"}\n  (Session info: chrome=135.0.7049.52); For documentation on this error, please visit: https://www.selenium.dev/documentation/webdriver/troubleshooting/errors#no-such-element-exception\nStacktrace:\n#0 0x56186e0b6ffa <unknown>\n#1 0x56186db75970 <unknown>\n#2 0x56186dbc7385 <unknown>\n#3 0x56186dbc75b1 <unknown>\n#4 0x56186dc163c4 <unknown>\n#5 0x56186dbed2bd <unknown>\n#6 0x56186dc1370c <unknown>\n#7 0x56186dbed063 <unknown>\n#8 0x56186dbb9328 <unknown>\n#9 0x56186dbba491 <unknown>\n#10 0x56186e07e42b <unknown>\n#11 0x56186e0822ec <unknown>\n#12 0x56186e065a22 <unknown>\n#13 0x56186e082e64 <unknown>\n#14 0x56186e049bef <unknown>\n#15 0x56186e0a5558 <unknown>\n#16 0x56186e0a5736 <unknown>\n#17 0x56186e0b5e76 <unknown>\n#18 0x7f129009caa4 <unknown>\n#19 0x7f1290129c3c <unknown>","time":{"start":1743952254598,"stop":1743952275972,"duration":21374}},{"uid":"3575f73c9042b4c7","status":"passed","time":{"start":1743941907612,"stop":1743941927266,"duration":19654}},{"uid":"f4260176b1f31759","status":"passed","time":{"start":1743930659554,"stop":1743930679333,"duration":19779}},{"uid":"40e73b82150025c2","status":"broken","statusDetails":"selenium.common.exceptions.NoSuchElementException: Message: no such element: Unable to locate element: {\"method\":\"xpath\",\"selector\":\"//*[contains(text(), 'new_card')]\"}\n  (Session info: chrome=135.0.7049.52); For documentation on this error, please visit: https://www.selenium.dev/documentation/webdriver/troubleshooting/errors#no-such-element-exception\nStacktrace:\n#0 0x5636977d2ffa <unknown>\n#1 0x563697291970 <unknown>\n#2 0x5636972e3385 <unknown>\n#3 0x5636972e35b1 <unknown>\n#4 0x5636973323c4 <unknown>\n#5 0x5636973092bd <unknown>\n#6 0x56369732f70c <unknown>\n#7 0x563697309063 <unknown>\n#8 0x5636972d5328 <unknown>\n#9 0x5636972d6491 <unknown>\n#10 0x56369779a42b <unknown>\n#11 0x56369779e2ec <unknown>\n#12 0x563697781a22 <unknown>\n#13 0x56369779ee64 <unknown>\n#14 0x563697765bef <unknown>\n#15 0x5636977c1558 <unknown>\n#16 0x5636977c1736 <unknown>\n#17 0x5636977d1e76 <unknown>\n#18 0x7f837889caa4 <unknown>\n#19 0x7f8378929c3c <unknown>","time":{"start":1743920121950,"stop":1743920143907,"duration":21957}},{"uid":"e41511dee66e39f0","status":"passed","time":{"start":1743910258265,"stop":1743910280211,"duration":21946}},{"uid":"dcf6c66ee884ceff","status":"broken","statusDetails":"selenium.common.exceptions.NoSuchElementException: Message: no such element: Unable to locate element: {\"method\":\"xpath\",\"selector\":\"//*[contains(text(), 'new_card')]\"}\n  (Session info: chrome=135.0.7049.52); For documentation on this error, please visit: https://www.selenium.dev/documentation/webdriver/troubleshooting/errors#no-such-element-exception\nStacktrace:\n#0 0x56468ca1bffa <unknown>\n#1 0x56468c4da970 <unknown>\n#2 0x56468c52c385 <unknown>\n#3 0x56468c52c5b1 <unknown>\n#4 0x56468c57b3c4 <unknown>\n#5 0x56468c5522bd <unknown>\n#6 0x56468c57870c <unknown>\n#7 0x56468c552063 <unknown>\n#8 0x56468c51e328 <unknown>\n#9 0x56468c51f491 <unknown>\n#10 0x56468c9e342b <unknown>\n#11 0x56468c9e72ec <unknown>\n#12 0x56468c9caa22 <unknown>\n#13 0x56468c9e7e64 <unknown>\n#14 0x56468c9aebef <unknown>\n#15 0x56468ca0a558 <unknown>\n#16 0x56468ca0a736 <unknown>\n#17 0x56468ca1ae76 <unknown>\n#18 0x7fa00869caa4 <unknown>\n#19 0x7fa008729c3c <unknown>","time":{"start":1743900626021,"stop":1743900647382,"duration":21361}},{"uid":"2e51e6eaddc8cbb5","status":"broken","statusDetails":"selenium.common.exceptions.NoSuchElementException: Message: no such element: Unable to locate element: {\"method\":\"xpath\",\"selector\":\"//*[contains(text(), 'new_card')]\"}\n  (Session info: chrome=135.0.7049.52); For documentation on this error, please visit: https://www.selenium.dev/documentation/webdriver/troubleshooting/errors#no-such-element-exception\nStacktrace:\n#0 0x55664306fffa <unknown>\n#1 0x556642b2e970 <unknown>\n#2 0x556642b80385 <unknown>\n#3 0x556642b805b1 <unknown>\n#4 0x556642bcf3c4 <unknown>\n#5 0x556642ba62bd <unknown>\n#6 0x556642bcc70c <unknown>\n#7 0x556642ba6063 <unknown>\n#8 0x556642b72328 <unknown>\n#9 0x556642b73491 <unknown>\n#10 0x55664303742b <unknown>\n#11 0x55664303b2ec <unknown>\n#12 0x55664301ea22 <unknown>\n#13 0x55664303be64 <unknown>\n#14 0x556643002bef <unknown>\n#15 0x55664305e558 <unknown>\n#16 0x55664305e736 <unknown>\n#17 0x55664306ee76 <unknown>\n#18 0x7f3fa929caa4 <unknown>\n#19 0x7f3fa9329c3c <unknown>","time":{"start":1743887442040,"stop":1743887483952,"duration":41912}},{"uid":"9f28c3d77da88a1e","status":"failed","statusDetails":"AssertionError: assert 1 == 0","time":{"start":1743876792270,"stop":1743876811822,"duration":19552}},{"uid":"d16fdd67ddf11ca0","status":"broken","statusDetails":"selenium.common.exceptions.NoSuchElementException: Message: no such element: Unable to locate element: {\"method\":\"xpath\",\"selector\":\"//*[contains(text(), 'new_card')]\"}\n  (Session info: chrome=135.0.7049.52); For documentation on this error, please visit: https://www.selenium.dev/documentation/webdriver/troubleshooting/errors#no-such-element-exception\nStacktrace:\n#0 0x55c555a0fffa <unknown>\n#1 0x55c5554ce970 <unknown>\n#2 0x55c555520385 <unknown>\n#3 0x55c5555205b1 <unknown>\n#4 0x55c55556f3c4 <unknown>\n#5 0x55c5555462bd <unknown>\n#6 0x55c55556c70c <unknown>\n#7 0x55c555546063 <unknown>\n#8 0x55c555512328 <unknown>\n#9 0x55c555513491 <unknown>\n#10 0x55c5559d742b <unknown>\n#11 0x55c5559db2ec <unknown>\n#12 0x55c5559bea22 <unknown>\n#13 0x55c5559dbe64 <unknown>\n#14 0x55c5559a2bef <unknown>\n#15 0x55c5559fe558 <unknown>\n#16 0x55c5559fe736 <unknown>\n#17 0x55c555a0ee76 <unknown>\n#18 0x7f865ca9caa4 <unknown>\n#19 0x7f865cb29c3c <unknown>","time":{"start":1743865778590,"stop":1743865819672,"duration":41082}},{"uid":"3f681f2782642b47","status":"passed","time":{"start":1743855422840,"stop":1743855442505,"duration":19665}}]},"tags":["TC006","TC000"]},"source":"e7601a24b0774974.json","parameterValues":[]}