{"uid":"e898439f13c94da4","name":"Label a Card","fullName":"tests.regression_ui.test_ui_regression.TestUIRegression#test_label_card","historyId":"81bf587fe9f2db9e87ee2dc06e7308b0","time":{"start":1733841968358,"stop":1733842000760,"duration":32402},"status":"broken","statusMessage":"selenium.common.exceptions.TimeoutException: Message: \nStacktrace:\n#0 0x55e62772531a <unknown>\n#1 0x55e62723b6e0 <unknown>\n#2 0x55e62728a3e6 <unknown>\n#3 0x55e62728a681 <unknown>\n#4 0x55e6272cfb04 <unknown>\n#5 0x55e6272ae48d <unknown>\n#6 0x55e6272cced7 <unknown>\n#7 0x55e6272ae203 <unknown>\n#8 0x55e62727ccc0 <unknown>\n#9 0x55e62727dc9e <unknown>\n#10 0x55e6276f2d0b <unknown>\n#11 0x55e6276f6c92 <unknown>\n#12 0x55e6276dfb3c <unknown>\n#13 0x55e6276f7807 <unknown>\n#14 0x55e6276c50df <unknown>\n#15 0x55e627714578 <unknown>\n#16 0x55e627714740 <unknown>\n#17 0x55e627724196 <unknown>\n#18 0x7fb35d694ac3 <unknown>","statusTrace":"self = <tests.regression_ui.test_ui_regression.TestUIRegression object at 0x7ffaa24f8f70>\ndriver = <selenium.webdriver.chrome.webdriver.WebDriver (session=\"c474dee290e553f785dc302f145224b6\")>\n\n    @pytest.mark.TC000\n    @pytest.mark.TC007\n    @allure.title('Label a Card')\n    def test_label_card(self, driver):\n        time.sleep(4)\n        with allure.step('Log in to Trello account'):\n            self.test_login(driver)\n    \n        with allure.step('Open a board and select a card'):\n            WebDriverWait(driver, 10).until(EC.element_to_be_clickable((By.XPATH, self.SCC.Board.BOARD_TITLE))).click()\n>           WebDriverWait(driver, 10).until(EC.visibility_of_element_located((By.XPATH, self.SCC.Board.LIST_TITLE))).click()\n\ntests/regression_ui/test_ui_regression.py:210: \n_ _ _ _ _ _ _ _ _ _ _ _ _ _ _ _ _ _ _ _ _ _ _ _ _ _ _ _ _ _ _ _ _ _ _ _ _ _ _ _ \n\nself = <selenium.webdriver.support.wait.WebDriverWait (session=\"c474dee290e553f785dc302f145224b6\")>\nmethod = <function visibility_of_element_located.<locals>._predicate at 0x7ffaa33c2e50>\nmessage = ''\n\n    def until(self, method: Callable[[D], Union[Literal[False], T]], message: str = \"\") -> T:\n        \"\"\"Calls the method provided with the driver as an argument until the \\\n        return value does not evaluate to ``False``.\n    \n        :param method: callable(WebDriver)\n        :param message: optional message for :exc:`TimeoutException`\n        :returns: the result of the last call to `method`\n        :raises: :exc:`selenium.common.exceptions.TimeoutException` if timeout occurs\n        \"\"\"\n        screen = None\n        stacktrace = None\n    \n        end_time = time.monotonic() + self._timeout\n        while True:\n            try:\n                value = method(self._driver)\n                if value:\n                    return value\n            except self._ignored_exceptions as exc:\n                screen = getattr(exc, \"screen\", None)\n                stacktrace = getattr(exc, \"stacktrace\", None)\n            if time.monotonic() > end_time:\n                break\n            time.sleep(self._poll)\n>       raise TimeoutException(message, screen, stacktrace)\nE       selenium.common.exceptions.TimeoutException: Message: \nE       Stacktrace:\nE       #0 0x55e62772531a <unknown>\nE       #1 0x55e62723b6e0 <unknown>\nE       #2 0x55e62728a3e6 <unknown>\nE       #3 0x55e62728a681 <unknown>\nE       #4 0x55e6272cfb04 <unknown>\nE       #5 0x55e6272ae48d <unknown>\nE       #6 0x55e6272cced7 <unknown>\nE       #7 0x55e6272ae203 <unknown>\nE       #8 0x55e62727ccc0 <unknown>\nE       #9 0x55e62727dc9e <unknown>\nE       #10 0x55e6276f2d0b <unknown>\nE       #11 0x55e6276f6c92 <unknown>\nE       #12 0x55e6276dfb3c <unknown>\nE       #13 0x55e6276f7807 <unknown>\nE       #14 0x55e6276c50df <unknown>\nE       #15 0x55e627714578 <unknown>\nE       #16 0x55e627714740 <unknown>\nE       #17 0x55e627724196 <unknown>\nE       #18 0x7fb35d694ac3 <unknown>\n\n/opt/hostedtoolcache/Python/3.8.18/x64/lib/python3.8/site-packages/selenium/webdriver/support/wait.py:105: TimeoutException","flaky":false,"newFailed":false,"newBroken":true,"newPassed":false,"retriesCount":0,"retriesStatusChange":false,"beforeStages":[{"name":"driver","time":{"start":1733841968078,"stop":1733841968357,"duration":279},"status":"passed","steps":[],"attachments":[],"parameters":[],"stepsCount":0,"shouldDisplayMessage":false,"attachmentsCount":0,"hasContent":false,"attachmentStep":false},{"name":"setup","time":{"start":1733841968357,"stop":1733841968357,"duration":0},"status":"passed","steps":[],"attachments":[],"parameters":[],"stepsCount":0,"shouldDisplayMessage":false,"attachmentsCount":0,"hasContent":false,"attachmentStep":false}],"testStage":{"status":"broken","statusMessage":"selenium.common.exceptions.TimeoutException: Message: \nStacktrace:\n#0 0x55e62772531a <unknown>\n#1 0x55e62723b6e0 <unknown>\n#2 0x55e62728a3e6 <unknown>\n#3 0x55e62728a681 <unknown>\n#4 0x55e6272cfb04 <unknown>\n#5 0x55e6272ae48d <unknown>\n#6 0x55e6272cced7 <unknown>\n#7 0x55e6272ae203 <unknown>\n#8 0x55e62727ccc0 <unknown>\n#9 0x55e62727dc9e <unknown>\n#10 0x55e6276f2d0b <unknown>\n#11 0x55e6276f6c92 <unknown>\n#12 0x55e6276dfb3c <unknown>\n#13 0x55e6276f7807 <unknown>\n#14 0x55e6276c50df <unknown>\n#15 0x55e627714578 <unknown>\n#16 0x55e627714740 <unknown>\n#17 0x55e627724196 <unknown>\n#18 0x7fb35d694ac3 <unknown>","statusTrace":"self = <tests.regression_ui.test_ui_regression.TestUIRegression object at 0x7ffaa24f8f70>\ndriver = <selenium.webdriver.chrome.webdriver.WebDriver (session=\"c474dee290e553f785dc302f145224b6\")>\n\n    @pytest.mark.TC000\n    @pytest.mark.TC007\n    @allure.title('Label a Card')\n    def test_label_card(self, driver):\n        time.sleep(4)\n        with allure.step('Log in to Trello account'):\n            self.test_login(driver)\n    \n        with allure.step('Open a board and select a card'):\n            WebDriverWait(driver, 10).until(EC.element_to_be_clickable((By.XPATH, self.SCC.Board.BOARD_TITLE))).click()\n>           WebDriverWait(driver, 10).until(EC.visibility_of_element_located((By.XPATH, self.SCC.Board.LIST_TITLE))).click()\n\ntests/regression_ui/test_ui_regression.py:210: \n_ _ _ _ _ _ _ _ _ _ _ _ _ _ _ _ _ _ _ _ _ _ _ _ _ _ _ _ _ _ _ _ _ _ _ _ _ _ _ _ \n\nself = <selenium.webdriver.support.wait.WebDriverWait (session=\"c474dee290e553f785dc302f145224b6\")>\nmethod = <function visibility_of_element_located.<locals>._predicate at 0x7ffaa33c2e50>\nmessage = ''\n\n    def until(self, method: Callable[[D], Union[Literal[False], T]], message: str = \"\") -> T:\n        \"\"\"Calls the method provided with the driver as an argument until the \\\n        return value does not evaluate to ``False``.\n    \n        :param method: callable(WebDriver)\n        :param message: optional message for :exc:`TimeoutException`\n        :returns: the result of the last call to `method`\n        :raises: :exc:`selenium.common.exceptions.TimeoutException` if timeout occurs\n        \"\"\"\n        screen = None\n        stacktrace = None\n    \n        end_time = time.monotonic() + self._timeout\n        while True:\n            try:\n                value = method(self._driver)\n                if value:\n                    return value\n            except self._ignored_exceptions as exc:\n                screen = getattr(exc, \"screen\", None)\n                stacktrace = getattr(exc, \"stacktrace\", None)\n            if time.monotonic() > end_time:\n                break\n            time.sleep(self._poll)\n>       raise TimeoutException(message, screen, stacktrace)\nE       selenium.common.exceptions.TimeoutException: Message: \nE       Stacktrace:\nE       #0 0x55e62772531a <unknown>\nE       #1 0x55e62723b6e0 <unknown>\nE       #2 0x55e62728a3e6 <unknown>\nE       #3 0x55e62728a681 <unknown>\nE       #4 0x55e6272cfb04 <unknown>\nE       #5 0x55e6272ae48d <unknown>\nE       #6 0x55e6272cced7 <unknown>\nE       #7 0x55e6272ae203 <unknown>\nE       #8 0x55e62727ccc0 <unknown>\nE       #9 0x55e62727dc9e <unknown>\nE       #10 0x55e6276f2d0b <unknown>\nE       #11 0x55e6276f6c92 <unknown>\nE       #12 0x55e6276dfb3c <unknown>\nE       #13 0x55e6276f7807 <unknown>\nE       #14 0x55e6276c50df <unknown>\nE       #15 0x55e627714578 <unknown>\nE       #16 0x55e627714740 <unknown>\nE       #17 0x55e627724196 <unknown>\nE       #18 0x7fb35d694ac3 <unknown>\n\n/opt/hostedtoolcache/Python/3.8.18/x64/lib/python3.8/site-packages/selenium/webdriver/support/wait.py:105: TimeoutException","steps":[{"name":"Log in to Trello account","time":{"start":1733841972361,"stop":1733841989961,"duration":17600},"status":"passed","steps":[{"name":"Navigate to the Trello login page","time":{"start":1733841972361,"stop":1733841975824,"duration":3463},"status":"passed","steps":[],"attachments":[],"parameters":[],"stepsCount":0,"shouldDisplayMessage":false,"attachmentsCount":0,"hasContent":false,"attachmentStep":false},{"name":"Enter valid credentials (email, password, and 6-digits verification code)","time":{"start":1733841975824,"stop":1733841989961,"duration":14137},"status":"passed","steps":[],"attachments":[],"parameters":[],"stepsCount":0,"shouldDisplayMessage":false,"attachmentsCount":0,"hasContent":false,"attachmentStep":false}],"attachments":[],"parameters":[],"stepsCount":2,"shouldDisplayMessage":false,"attachmentsCount":0,"hasContent":true,"attachmentStep":false},{"name":"Open a board and select a card","time":{"start":1733841989962,"stop":1733842000759,"duration":10797},"status":"broken","statusMessage":"selenium.common.exceptions.TimeoutException: Message: \nStacktrace:\n#0 0x55e62772531a <unknown>\n#1 0x55e62723b6e0 <unknown>\n#2 0x55e62728a3e6 <unknown>\n#3 0x55e62728a681 <unknown>\n#4 0x55e6272cfb04 <unknown>\n#5 0x55e6272ae48d <unknown>\n#6 0x55e6272cced7 <unknown>\n#7 0x55e6272ae203 <unknown>\n#8 0x55e62727ccc0 <unknown>\n#9 0x55e62727dc9e <unknown>\n#10 0x55e6276f2d0b <unknown>\n#11 0x55e6276f6c92 <unknown>\n#12 0x55e6276dfb3c <unknown>\n#13 0x55e6276f7807 <unknown>\n#14 0x55e6276c50df <unknown>\n#15 0x55e627714578 <unknown>\n#16 0x55e627714740 <unknown>\n#17 0x55e627724196 <unknown>\n#18 0x7fb35d694ac3 <unknown>\n\n","statusTrace":"  File \"/home/runner/work/pythonSelenium/pythonSelenium/tests/regression_ui/test_ui_regression.py\", line 210, in test_label_card\n    WebDriverWait(driver, 10).until(EC.visibility_of_element_located((By.XPATH, self.SCC.Board.LIST_TITLE))).click()\n  File \"/opt/hostedtoolcache/Python/3.8.18/x64/lib/python3.8/site-packages/selenium/webdriver/support/wait.py\", line 105, in until\n    raise TimeoutException(message, screen, stacktrace)\n","steps":[],"attachments":[],"parameters":[],"stepsCount":0,"shouldDisplayMessage":true,"attachmentsCount":0,"hasContent":true,"attachmentStep":false}],"attachments":[{"uid":"a06fd286d2f250a8","name":"log","source":"a06fd286d2f250a8.txt","type":"text/plain","size":58522}],"parameters":[],"stepsCount":4,"shouldDisplayMessage":true,"attachmentsCount":1,"hasContent":true,"attachmentStep":false},"afterStages":[{"name":"driver::0","time":{"start":1733842000770,"stop":1733842000846,"duration":76},"status":"passed","steps":[],"attachments":[],"parameters":[],"stepsCount":0,"shouldDisplayMessage":false,"attachmentsCount":0,"hasContent":false,"attachmentStep":false}],"labels":[{"name":"tag","value":"TC007"},{"name":"tag","value":"TC000"},{"name":"parentSuite","value":"tests.regression_ui"},{"name":"suite","value":"test_ui_regression"},{"name":"subSuite","value":"TestUIRegression"},{"name":"host","value":"fv-az1152-306"},{"name":"thread","value":"3198-MainThread"},{"name":"framework","value":"pytest"},{"name":"language","value":"cpython3"},{"name":"package","value":"tests.regression_ui.test_ui_regression"},{"name":"resultFormat","value":"allure2"}],"parameters":[],"links":[],"hidden":false,"retry":false,"extra":{"severity":"normal","retries":[],"categories":[{"name":"Test defects","matchedStatuses":[],"flaky":false}],"history":{"statistic":{"failed":0,"broken":1,"skipped":0,"passed":1,"unknown":0,"total":2},"items":[{"uid":"72f46d58303e1a86","status":"passed","time":{"start":1733840356505,"stop":1733840390796,"duration":34291}}]},"tags":["TC007","TC000"]},"source":"e898439f13c94da4.json","parameterValues":[]}