{"uid":"e8e766640a364399","name":"Drag and drop card from one list to another","fullName":"tests.regression_ui.test_ui_regression.TestUIRegression#test_drag_n_drop_card","historyId":"58c27d4ea8138de64fd4e105da17ea92","time":{"start":1740885666006,"stop":1740885683502,"duration":17496},"status":"broken","statusMessage":"selenium.common.exceptions.TimeoutException: Message: \nStacktrace:\n#0 0x55861ee36bea <unknown>\n#1 0x55861e8d47d0 <unknown>\n#2 0x55861e925cc0 <unknown>\n#3 0x55861e925e41 <unknown>\n#4 0x55861e974984 <unknown>\n#5 0x55861e94babd <unknown>\n#6 0x55861e971d0c <unknown>\n#7 0x55861e94b863 <unknown>\n#8 0x55861e917ac8 <unknown>\n#9 0x55861e918c31 <unknown>\n#10 0x55861ee0018b <unknown>\n#11 0x55861ee04112 <unknown>\n#12 0x55861eded04c <unknown>\n#13 0x55861ee04d04 <unknown>\n#14 0x55861edd14bf <unknown>\n#15 0x55861ee25528 <unknown>\n#16 0x55861ee256f9 <unknown>\n#17 0x55861ee35a66 <unknown>\n#18 0x7fcec069caa4 <unknown>\n#19 0x7fcec0729c3c <unknown>","statusTrace":"self = <tests.regression_ui.test_ui_regression.TestUIRegression object at 0x7f6644cb2630>\ndriver = <selenium.webdriver.chrome.webdriver.WebDriver (session=\"e9ea1f68d179096fbd22b20f63268267\")>\n\n    @pytest.mark.TC000\n    @pytest.mark.TC005\n    @allure.title('Drag and drop card from one list to another')\n    def test_drag_n_drop_card(self, driver):\n        time.sleep(7)\n        with allure.step('Log in to Trello account'):\n>           self.test_login(driver)\n\ntests/regression_ui/test_ui_regression.py:168: \n_ _ _ _ _ _ _ _ _ _ _ _ _ _ _ _ _ _ _ _ _ _ _ _ _ _ _ _ _ _ _ _ _ _ _ _ _ _ _ _ \ntests/regression_ui/test_ui_regression.py:62: in test_login\n    el_user_name = WebDriverWait(driver, 10).until(EC.element_to_be_clickable(\n_ _ _ _ _ _ _ _ _ _ _ _ _ _ _ _ _ _ _ _ _ _ _ _ _ _ _ _ _ _ _ _ _ _ _ _ _ _ _ _ \n\nself = <selenium.webdriver.support.wait.WebDriverWait (session=\"e9ea1f68d179096fbd22b20f63268267\")>\nmethod = <function element_to_be_clickable.<locals>._predicate at 0x7f6644bc9b20>\nmessage = ''\n\n    def until(self, method: Callable[[D], Union[Literal[False], T]], message: str = \"\") -> T:\n        \"\"\"Calls the method provided with the driver as an argument until the \\\n        return value does not evaluate to ``False``.\n    \n        :param method: callable(WebDriver)\n        :param message: optional message for :exc:`TimeoutException`\n        :returns: the result of the last call to `method`\n        :raises: :exc:`selenium.common.exceptions.TimeoutException` if timeout occurs\n        \"\"\"\n        screen = None\n        stacktrace = None\n    \n        end_time = time.monotonic() + self._timeout\n        while True:\n            try:\n                value = method(self._driver)\n                if value:\n                    return value\n            except self._ignored_exceptions as exc:\n                screen = getattr(exc, \"screen\", None)\n                stacktrace = getattr(exc, \"stacktrace\", None)\n            if time.monotonic() > end_time:\n                break\n            time.sleep(self._poll)\n>       raise TimeoutException(message, screen, stacktrace)\nE       selenium.common.exceptions.TimeoutException: Message: \nE       Stacktrace:\nE       #0 0x55861ee36bea <unknown>\nE       #1 0x55861e8d47d0 <unknown>\nE       #2 0x55861e925cc0 <unknown>\nE       #3 0x55861e925e41 <unknown>\nE       #4 0x55861e974984 <unknown>\nE       #5 0x55861e94babd <unknown>\nE       #6 0x55861e971d0c <unknown>\nE       #7 0x55861e94b863 <unknown>\nE       #8 0x55861e917ac8 <unknown>\nE       #9 0x55861e918c31 <unknown>\nE       #10 0x55861ee0018b <unknown>\nE       #11 0x55861ee04112 <unknown>\nE       #12 0x55861eded04c <unknown>\nE       #13 0x55861ee04d04 <unknown>\nE       #14 0x55861edd14bf <unknown>\nE       #15 0x55861ee25528 <unknown>\nE       #16 0x55861ee256f9 <unknown>\nE       #17 0x55861ee35a66 <unknown>\nE       #18 0x7fcec069caa4 <unknown>\nE       #19 0x7fcec0729c3c <unknown>\n\n/opt/hostedtoolcache/Python/3.12.5/x64/lib/python3.12/site-packages/selenium/webdriver/support/wait.py:105: TimeoutException","flaky":false,"newFailed":false,"newBroken":false,"newPassed":false,"retriesCount":0,"retriesStatusChange":false,"beforeStages":[{"name":"driver","time":{"start":1740885665679,"stop":1740885666006,"duration":327},"status":"passed","steps":[],"attachments":[],"parameters":[],"shouldDisplayMessage":false,"stepsCount":0,"attachmentsCount":0,"hasContent":false,"attachmentStep":false},{"name":"setup","time":{"start":1740885666006,"stop":1740885666006,"duration":0},"status":"passed","steps":[],"attachments":[],"parameters":[],"shouldDisplayMessage":false,"stepsCount":0,"attachmentsCount":0,"hasContent":false,"attachmentStep":false}],"testStage":{"status":"broken","statusMessage":"selenium.common.exceptions.TimeoutException: Message: \nStacktrace:\n#0 0x55861ee36bea <unknown>\n#1 0x55861e8d47d0 <unknown>\n#2 0x55861e925cc0 <unknown>\n#3 0x55861e925e41 <unknown>\n#4 0x55861e974984 <unknown>\n#5 0x55861e94babd <unknown>\n#6 0x55861e971d0c <unknown>\n#7 0x55861e94b863 <unknown>\n#8 0x55861e917ac8 <unknown>\n#9 0x55861e918c31 <unknown>\n#10 0x55861ee0018b <unknown>\n#11 0x55861ee04112 <unknown>\n#12 0x55861eded04c <unknown>\n#13 0x55861ee04d04 <unknown>\n#14 0x55861edd14bf <unknown>\n#15 0x55861ee25528 <unknown>\n#16 0x55861ee256f9 <unknown>\n#17 0x55861ee35a66 <unknown>\n#18 0x7fcec069caa4 <unknown>\n#19 0x7fcec0729c3c <unknown>","statusTrace":"self = <tests.regression_ui.test_ui_regression.TestUIRegression object at 0x7f6644cb2630>\ndriver = <selenium.webdriver.chrome.webdriver.WebDriver (session=\"e9ea1f68d179096fbd22b20f63268267\")>\n\n    @pytest.mark.TC000\n    @pytest.mark.TC005\n    @allure.title('Drag and drop card from one list to another')\n    def test_drag_n_drop_card(self, driver):\n        time.sleep(7)\n        with allure.step('Log in to Trello account'):\n>           self.test_login(driver)\n\ntests/regression_ui/test_ui_regression.py:168: \n_ _ _ _ _ _ _ _ _ _ _ _ _ _ _ _ _ _ _ _ _ _ _ _ _ _ _ _ _ _ _ _ _ _ _ _ _ _ _ _ \ntests/regression_ui/test_ui_regression.py:62: in test_login\n    el_user_name = WebDriverWait(driver, 10).until(EC.element_to_be_clickable(\n_ _ _ _ _ _ _ _ _ _ _ _ _ _ _ _ _ _ _ _ _ _ _ _ _ _ _ _ _ _ _ _ _ _ _ _ _ _ _ _ \n\nself = <selenium.webdriver.support.wait.WebDriverWait (session=\"e9ea1f68d179096fbd22b20f63268267\")>\nmethod = <function element_to_be_clickable.<locals>._predicate at 0x7f6644bc9b20>\nmessage = ''\n\n    def until(self, method: Callable[[D], Union[Literal[False], T]], message: str = \"\") -> T:\n        \"\"\"Calls the method provided with the driver as an argument until the \\\n        return value does not evaluate to ``False``.\n    \n        :param method: callable(WebDriver)\n        :param message: optional message for :exc:`TimeoutException`\n        :returns: the result of the last call to `method`\n        :raises: :exc:`selenium.common.exceptions.TimeoutException` if timeout occurs\n        \"\"\"\n        screen = None\n        stacktrace = None\n    \n        end_time = time.monotonic() + self._timeout\n        while True:\n            try:\n                value = method(self._driver)\n                if value:\n                    return value\n            except self._ignored_exceptions as exc:\n                screen = getattr(exc, \"screen\", None)\n                stacktrace = getattr(exc, \"stacktrace\", None)\n            if time.monotonic() > end_time:\n                break\n            time.sleep(self._poll)\n>       raise TimeoutException(message, screen, stacktrace)\nE       selenium.common.exceptions.TimeoutException: Message: \nE       Stacktrace:\nE       #0 0x55861ee36bea <unknown>\nE       #1 0x55861e8d47d0 <unknown>\nE       #2 0x55861e925cc0 <unknown>\nE       #3 0x55861e925e41 <unknown>\nE       #4 0x55861e974984 <unknown>\nE       #5 0x55861e94babd <unknown>\nE       #6 0x55861e971d0c <unknown>\nE       #7 0x55861e94b863 <unknown>\nE       #8 0x55861e917ac8 <unknown>\nE       #9 0x55861e918c31 <unknown>\nE       #10 0x55861ee0018b <unknown>\nE       #11 0x55861ee04112 <unknown>\nE       #12 0x55861eded04c <unknown>\nE       #13 0x55861ee04d04 <unknown>\nE       #14 0x55861edd14bf <unknown>\nE       #15 0x55861ee25528 <unknown>\nE       #16 0x55861ee256f9 <unknown>\nE       #17 0x55861ee35a66 <unknown>\nE       #18 0x7fcec069caa4 <unknown>\nE       #19 0x7fcec0729c3c <unknown>\n\n/opt/hostedtoolcache/Python/3.12.5/x64/lib/python3.12/site-packages/selenium/webdriver/support/wait.py:105: TimeoutException","steps":[{"name":"Log in to Trello account","time":{"start":1740885673007,"stop":1740885683502,"duration":10495},"status":"broken","statusMessage":"selenium.common.exceptions.TimeoutException: Message: \nStacktrace:\n#0 0x55861ee36bea <unknown>\n#1 0x55861e8d47d0 <unknown>\n#2 0x55861e925cc0 <unknown>\n#3 0x55861e925e41 <unknown>\n#4 0x55861e974984 <unknown>\n#5 0x55861e94babd <unknown>\n#6 0x55861e971d0c <unknown>\n#7 0x55861e94b863 <unknown>\n#8 0x55861e917ac8 <unknown>\n#9 0x55861e918c31 <unknown>\n#10 0x55861ee0018b <unknown>\n#11 0x55861ee04112 <unknown>\n#12 0x55861eded04c <unknown>\n#13 0x55861ee04d04 <unknown>\n#14 0x55861edd14bf <unknown>\n#15 0x55861ee25528 <unknown>\n#16 0x55861ee256f9 <unknown>\n#17 0x55861ee35a66 <unknown>\n#18 0x7fcec069caa4 <unknown>\n#19 0x7fcec0729c3c <unknown>\n\n","statusTrace":"  File \"/home/runner/work/pythonSelenium/pythonSelenium/tests/regression_ui/test_ui_regression.py\", line 168, in test_drag_n_drop_card\n    self.test_login(driver)\n  File \"/home/runner/work/pythonSelenium/pythonSelenium/tests/regression_ui/test_ui_regression.py\", line 62, in test_login\n    el_user_name = WebDriverWait(driver, 10).until(EC.element_to_be_clickable(\n                   ^^^^^^^^^^^^^^^^^^^^^^^^^^^^^^^^^^^^^^^^^^^^^^^^^^^^^^^^^^^\n  File \"/opt/hostedtoolcache/Python/3.12.5/x64/lib/python3.12/site-packages/selenium/webdriver/support/wait.py\", line 105, in until\n    raise TimeoutException(message, screen, stacktrace)\n","steps":[{"name":"Navigate to the Trello page and enter valid credentials (email, password, and 6-digits verification code)","time":{"start":1740885673007,"stop":1740885683502,"duration":10495},"status":"broken","statusMessage":"selenium.common.exceptions.TimeoutException: Message: \nStacktrace:\n#0 0x55861ee36bea <unknown>\n#1 0x55861e8d47d0 <unknown>\n#2 0x55861e925cc0 <unknown>\n#3 0x55861e925e41 <unknown>\n#4 0x55861e974984 <unknown>\n#5 0x55861e94babd <unknown>\n#6 0x55861e971d0c <unknown>\n#7 0x55861e94b863 <unknown>\n#8 0x55861e917ac8 <unknown>\n#9 0x55861e918c31 <unknown>\n#10 0x55861ee0018b <unknown>\n#11 0x55861ee04112 <unknown>\n#12 0x55861eded04c <unknown>\n#13 0x55861ee04d04 <unknown>\n#14 0x55861edd14bf <unknown>\n#15 0x55861ee25528 <unknown>\n#16 0x55861ee256f9 <unknown>\n#17 0x55861ee35a66 <unknown>\n#18 0x7fcec069caa4 <unknown>\n#19 0x7fcec0729c3c <unknown>\n\n","statusTrace":"  File \"/home/runner/work/pythonSelenium/pythonSelenium/tests/regression_ui/test_ui_regression.py\", line 62, in test_login\n    el_user_name = WebDriverWait(driver, 10).until(EC.element_to_be_clickable(\n                   ^^^^^^^^^^^^^^^^^^^^^^^^^^^^^^^^^^^^^^^^^^^^^^^^^^^^^^^^^^^\n  File \"/opt/hostedtoolcache/Python/3.12.5/x64/lib/python3.12/site-packages/selenium/webdriver/support/wait.py\", line 105, in until\n    raise TimeoutException(message, screen, stacktrace)\n","steps":[],"attachments":[],"parameters":[],"shouldDisplayMessage":true,"stepsCount":0,"attachmentsCount":0,"hasContent":true,"attachmentStep":false}],"attachments":[],"parameters":[],"shouldDisplayMessage":false,"stepsCount":1,"attachmentsCount":0,"hasContent":true,"attachmentStep":false}],"attachments":[],"parameters":[],"shouldDisplayMessage":true,"stepsCount":2,"attachmentsCount":0,"hasContent":true,"attachmentStep":false},"afterStages":[{"name":"driver::0","time":{"start":1740885683518,"stop":1740885683582,"duration":64},"status":"passed","steps":[],"attachments":[],"parameters":[],"shouldDisplayMessage":false,"stepsCount":0,"attachmentsCount":0,"hasContent":false,"attachmentStep":false}],"labels":[{"name":"tag","value":"TC005"},{"name":"tag","value":"TC000"},{"name":"parentSuite","value":"tests.regression_ui"},{"name":"suite","value":"test_ui_regression"},{"name":"subSuite","value":"TestUIRegression"},{"name":"host","value":"fv-az1680-624"},{"name":"thread","value":"4686-MainThread"},{"name":"framework","value":"pytest"},{"name":"language","value":"cpython3"},{"name":"package","value":"tests.regression_ui.test_ui_regression"},{"name":"resultFormat","value":"allure2"}],"parameters":[],"links":[],"hidden":false,"retry":false,"extra":{"severity":"normal","retries":[],"categories":[{"name":"Test defects","matchedStatuses":[],"flaky":false}],"history":{"statistic":{"failed":6,"broken":15,"skipped":0,"passed":387,"unknown":0,"total":408},"items":[{"uid":"55ea0d75331c9c4e","status":"broken","statusDetails":"selenium.common.exceptions.TimeoutException: Message: \nStacktrace:\n#0 0x5571d6927bea <unknown>\n#1 0x5571d63c57d0 <unknown>\n#2 0x5571d6416cc0 <unknown>\n#3 0x5571d6416e41 <unknown>\n#4 0x5571d6465984 <unknown>\n#5 0x5571d643cabd <unknown>\n#6 0x5571d6462d0c <unknown>\n#7 0x5571d643c863 <unknown>\n#8 0x5571d6408ac8 <unknown>\n#9 0x5571d6409c31 <unknown>\n#10 0x5571d68f118b <unknown>\n#11 0x5571d68f5112 <unknown>\n#12 0x5571d68de04c <unknown>\n#13 0x5571d68f5d04 <unknown>\n#14 0x5571d68c24bf <unknown>\n#15 0x5571d6916528 <unknown>\n#16 0x5571d69166f9 <unknown>\n#17 0x5571d6926a66 <unknown>\n#18 0x7f476509caa4 <unknown>\n#19 0x7f4765129c3c <unknown>","time":{"start":1740876332566,"stop":1740876350031,"duration":17465}},{"uid":"c5cc1acee65fc005","status":"passed","time":{"start":1740863321977,"stop":1740863351774,"duration":29797}},{"uid":"31fbd629eab7121e","status":"passed","time":{"start":1740852732847,"stop":1740852762894,"duration":30047}},{"uid":"94b0b7c8b9cee7ad","status":"passed","time":{"start":1740841870240,"stop":1740841899784,"duration":29544}},{"uid":"9c7ef60b17fd20f5","status":"passed","time":{"start":1740831403722,"stop":1740831433119,"duration":29397}},{"uid":"fb61de8ee7275c88","status":"passed","time":{"start":1740820240848,"stop":1740820272727,"duration":31879}},{"uid":"e1ef7ed10b0015e6","status":"passed","time":{"start":1740809590886,"stop":1740809620141,"duration":29255}},{"uid":"a2694b16215eb9ff","status":"passed","time":{"start":1740799479237,"stop":1740799508921,"duration":29684}},{"uid":"bdbaa2963f6c05d2","status":"passed","time":{"start":1740790030441,"stop":1740790059789,"duration":29348}},{"uid":"e3f37e314194c90e","status":"passed","time":{"start":1740776980295,"stop":1740777010000,"duration":29705}},{"uid":"19089d55a95ead65","status":"passed","time":{"start":1740766420893,"stop":1740766451009,"duration":30116}},{"uid":"33264b3a22562ef3","status":"passed","time":{"start":1740755473877,"stop":1740755503252,"duration":29375}},{"uid":"924787c534cfd66f","status":"passed","time":{"start":1740745030613,"stop":1740745059994,"duration":29381}},{"uid":"c0a85e1bf975f96","status":"passed","time":{"start":1740733873341,"stop":1740733904010,"duration":30669}},{"uid":"f94ef277e51d25ca","status":"passed","time":{"start":1740723251261,"stop":1740723280723,"duration":29462}},{"uid":"81016978c8e98a33","status":"passed","time":{"start":1740712782222,"stop":1740712811546,"duration":29324}},{"uid":"724b24a8f99b52","status":"passed","time":{"start":1740703452481,"stop":1740703482153,"duration":29672}},{"uid":"49f7a21d1d511781","status":"passed","time":{"start":1740690608504,"stop":1740690643555,"duration":35051}},{"uid":"60503126936acecf","status":"passed","time":{"start":1740680022995,"stop":1740680052232,"duration":29237}},{"uid":"c623b32db43dbfff","status":"passed","time":{"start":1740669102604,"stop":1740669132751,"duration":30147}}]},"tags":["TC005","TC000"]},"source":"e8e766640a364399.json","parameterValues":[]}