{"uid":"ef954dbe07f67a88","name":"List Creation","fullName":"tests.regression_ui.test_ui_regression.TestUIRegression#test_list_creation","historyId":"49ea7f8ccb833cc0e7e10d54c5c5798b","time":{"start":1740885624135,"stop":1740885644636,"duration":20501},"status":"broken","statusMessage":"selenium.common.exceptions.TimeoutException: Message: \nStacktrace:\n#0 0x55b658438bea <unknown>\n#1 0x55b657ed67d0 <unknown>\n#2 0x55b657f27cc0 <unknown>\n#3 0x55b657f27e41 <unknown>\n#4 0x55b657f76984 <unknown>\n#5 0x55b657f4dabd <unknown>\n#6 0x55b657f73d0c <unknown>\n#7 0x55b657f4d863 <unknown>\n#8 0x55b657f19ac8 <unknown>\n#9 0x55b657f1ac31 <unknown>\n#10 0x55b65840218b <unknown>\n#11 0x55b658406112 <unknown>\n#12 0x55b6583ef04c <unknown>\n#13 0x55b658406d04 <unknown>\n#14 0x55b6583d34bf <unknown>\n#15 0x55b658427528 <unknown>\n#16 0x55b6584276f9 <unknown>\n#17 0x55b658437a66 <unknown>\n#18 0x7fd20da9caa4 <unknown>\n#19 0x7fd20db29c3c <unknown>","statusTrace":"self = <tests.regression_ui.test_ui_regression.TestUIRegression object at 0x7f6644cb24b0>\ndriver = <selenium.webdriver.chrome.webdriver.WebDriver (session=\"9a8520f88fd8577fc8149a3ca1b981ae\")>\n\n    @pytest.mark.TC000\n    @pytest.mark.TC003\n    @allure.title('List Creation')\n    def test_list_creation(self, driver):\n        time.sleep(10)\n>       self.test_login(driver)\n\ntests/regression_ui/test_ui_regression.py:119: \n_ _ _ _ _ _ _ _ _ _ _ _ _ _ _ _ _ _ _ _ _ _ _ _ _ _ _ _ _ _ _ _ _ _ _ _ _ _ _ _ \ntests/regression_ui/test_ui_regression.py:62: in test_login\n    el_user_name = WebDriverWait(driver, 10).until(EC.element_to_be_clickable(\n_ _ _ _ _ _ _ _ _ _ _ _ _ _ _ _ _ _ _ _ _ _ _ _ _ _ _ _ _ _ _ _ _ _ _ _ _ _ _ _ \n\nself = <selenium.webdriver.support.wait.WebDriverWait (session=\"9a8520f88fd8577fc8149a3ca1b981ae\")>\nmethod = <function element_to_be_clickable.<locals>._predicate at 0x7f6644bca700>\nmessage = ''\n\n    def until(self, method: Callable[[D], Union[Literal[False], T]], message: str = \"\") -> T:\n        \"\"\"Calls the method provided with the driver as an argument until the \\\n        return value does not evaluate to ``False``.\n    \n        :param method: callable(WebDriver)\n        :param message: optional message for :exc:`TimeoutException`\n        :returns: the result of the last call to `method`\n        :raises: :exc:`selenium.common.exceptions.TimeoutException` if timeout occurs\n        \"\"\"\n        screen = None\n        stacktrace = None\n    \n        end_time = time.monotonic() + self._timeout\n        while True:\n            try:\n                value = method(self._driver)\n                if value:\n                    return value\n            except self._ignored_exceptions as exc:\n                screen = getattr(exc, \"screen\", None)\n                stacktrace = getattr(exc, \"stacktrace\", None)\n            if time.monotonic() > end_time:\n                break\n            time.sleep(self._poll)\n>       raise TimeoutException(message, screen, stacktrace)\nE       selenium.common.exceptions.TimeoutException: Message: \nE       Stacktrace:\nE       #0 0x55b658438bea <unknown>\nE       #1 0x55b657ed67d0 <unknown>\nE       #2 0x55b657f27cc0 <unknown>\nE       #3 0x55b657f27e41 <unknown>\nE       #4 0x55b657f76984 <unknown>\nE       #5 0x55b657f4dabd <unknown>\nE       #6 0x55b657f73d0c <unknown>\nE       #7 0x55b657f4d863 <unknown>\nE       #8 0x55b657f19ac8 <unknown>\nE       #9 0x55b657f1ac31 <unknown>\nE       #10 0x55b65840218b <unknown>\nE       #11 0x55b658406112 <unknown>\nE       #12 0x55b6583ef04c <unknown>\nE       #13 0x55b658406d04 <unknown>\nE       #14 0x55b6583d34bf <unknown>\nE       #15 0x55b658427528 <unknown>\nE       #16 0x55b6584276f9 <unknown>\nE       #17 0x55b658437a66 <unknown>\nE       #18 0x7fd20da9caa4 <unknown>\nE       #19 0x7fd20db29c3c <unknown>\n\n/opt/hostedtoolcache/Python/3.12.5/x64/lib/python3.12/site-packages/selenium/webdriver/support/wait.py:105: TimeoutException","flaky":false,"newFailed":false,"newBroken":false,"newPassed":false,"retriesCount":0,"retriesStatusChange":false,"beforeStages":[{"name":"driver","time":{"start":1740885623819,"stop":1740885624134,"duration":315},"status":"passed","steps":[],"attachments":[],"parameters":[],"shouldDisplayMessage":false,"stepsCount":0,"attachmentsCount":0,"hasContent":false,"attachmentStep":false},{"name":"setup","time":{"start":1740885624134,"stop":1740885624134,"duration":0},"status":"passed","steps":[],"attachments":[],"parameters":[],"shouldDisplayMessage":false,"stepsCount":0,"attachmentsCount":0,"hasContent":false,"attachmentStep":false}],"testStage":{"status":"broken","statusMessage":"selenium.common.exceptions.TimeoutException: Message: \nStacktrace:\n#0 0x55b658438bea <unknown>\n#1 0x55b657ed67d0 <unknown>\n#2 0x55b657f27cc0 <unknown>\n#3 0x55b657f27e41 <unknown>\n#4 0x55b657f76984 <unknown>\n#5 0x55b657f4dabd <unknown>\n#6 0x55b657f73d0c <unknown>\n#7 0x55b657f4d863 <unknown>\n#8 0x55b657f19ac8 <unknown>\n#9 0x55b657f1ac31 <unknown>\n#10 0x55b65840218b <unknown>\n#11 0x55b658406112 <unknown>\n#12 0x55b6583ef04c <unknown>\n#13 0x55b658406d04 <unknown>\n#14 0x55b6583d34bf <unknown>\n#15 0x55b658427528 <unknown>\n#16 0x55b6584276f9 <unknown>\n#17 0x55b658437a66 <unknown>\n#18 0x7fd20da9caa4 <unknown>\n#19 0x7fd20db29c3c <unknown>","statusTrace":"self = <tests.regression_ui.test_ui_regression.TestUIRegression object at 0x7f6644cb24b0>\ndriver = <selenium.webdriver.chrome.webdriver.WebDriver (session=\"9a8520f88fd8577fc8149a3ca1b981ae\")>\n\n    @pytest.mark.TC000\n    @pytest.mark.TC003\n    @allure.title('List Creation')\n    def test_list_creation(self, driver):\n        time.sleep(10)\n>       self.test_login(driver)\n\ntests/regression_ui/test_ui_regression.py:119: \n_ _ _ _ _ _ _ _ _ _ _ _ _ _ _ _ _ _ _ _ _ _ _ _ _ _ _ _ _ _ _ _ _ _ _ _ _ _ _ _ \ntests/regression_ui/test_ui_regression.py:62: in test_login\n    el_user_name = WebDriverWait(driver, 10).until(EC.element_to_be_clickable(\n_ _ _ _ _ _ _ _ _ _ _ _ _ _ _ _ _ _ _ _ _ _ _ _ _ _ _ _ _ _ _ _ _ _ _ _ _ _ _ _ \n\nself = <selenium.webdriver.support.wait.WebDriverWait (session=\"9a8520f88fd8577fc8149a3ca1b981ae\")>\nmethod = <function element_to_be_clickable.<locals>._predicate at 0x7f6644bca700>\nmessage = ''\n\n    def until(self, method: Callable[[D], Union[Literal[False], T]], message: str = \"\") -> T:\n        \"\"\"Calls the method provided with the driver as an argument until the \\\n        return value does not evaluate to ``False``.\n    \n        :param method: callable(WebDriver)\n        :param message: optional message for :exc:`TimeoutException`\n        :returns: the result of the last call to `method`\n        :raises: :exc:`selenium.common.exceptions.TimeoutException` if timeout occurs\n        \"\"\"\n        screen = None\n        stacktrace = None\n    \n        end_time = time.monotonic() + self._timeout\n        while True:\n            try:\n                value = method(self._driver)\n                if value:\n                    return value\n            except self._ignored_exceptions as exc:\n                screen = getattr(exc, \"screen\", None)\n                stacktrace = getattr(exc, \"stacktrace\", None)\n            if time.monotonic() > end_time:\n                break\n            time.sleep(self._poll)\n>       raise TimeoutException(message, screen, stacktrace)\nE       selenium.common.exceptions.TimeoutException: Message: \nE       Stacktrace:\nE       #0 0x55b658438bea <unknown>\nE       #1 0x55b657ed67d0 <unknown>\nE       #2 0x55b657f27cc0 <unknown>\nE       #3 0x55b657f27e41 <unknown>\nE       #4 0x55b657f76984 <unknown>\nE       #5 0x55b657f4dabd <unknown>\nE       #6 0x55b657f73d0c <unknown>\nE       #7 0x55b657f4d863 <unknown>\nE       #8 0x55b657f19ac8 <unknown>\nE       #9 0x55b657f1ac31 <unknown>\nE       #10 0x55b65840218b <unknown>\nE       #11 0x55b658406112 <unknown>\nE       #12 0x55b6583ef04c <unknown>\nE       #13 0x55b658406d04 <unknown>\nE       #14 0x55b6583d34bf <unknown>\nE       #15 0x55b658427528 <unknown>\nE       #16 0x55b6584276f9 <unknown>\nE       #17 0x55b658437a66 <unknown>\nE       #18 0x7fd20da9caa4 <unknown>\nE       #19 0x7fd20db29c3c <unknown>\n\n/opt/hostedtoolcache/Python/3.12.5/x64/lib/python3.12/site-packages/selenium/webdriver/support/wait.py:105: TimeoutException","steps":[{"name":"Navigate to the Trello page and enter valid credentials (email, password, and 6-digits verification code)","time":{"start":1740885634135,"stop":1740885644636,"duration":10501},"status":"broken","statusMessage":"selenium.common.exceptions.TimeoutException: Message: \nStacktrace:\n#0 0x55b658438bea <unknown>\n#1 0x55b657ed67d0 <unknown>\n#2 0x55b657f27cc0 <unknown>\n#3 0x55b657f27e41 <unknown>\n#4 0x55b657f76984 <unknown>\n#5 0x55b657f4dabd <unknown>\n#6 0x55b657f73d0c <unknown>\n#7 0x55b657f4d863 <unknown>\n#8 0x55b657f19ac8 <unknown>\n#9 0x55b657f1ac31 <unknown>\n#10 0x55b65840218b <unknown>\n#11 0x55b658406112 <unknown>\n#12 0x55b6583ef04c <unknown>\n#13 0x55b658406d04 <unknown>\n#14 0x55b6583d34bf <unknown>\n#15 0x55b658427528 <unknown>\n#16 0x55b6584276f9 <unknown>\n#17 0x55b658437a66 <unknown>\n#18 0x7fd20da9caa4 <unknown>\n#19 0x7fd20db29c3c <unknown>\n\n","statusTrace":"  File \"/home/runner/work/pythonSelenium/pythonSelenium/tests/regression_ui/test_ui_regression.py\", line 62, in test_login\n    el_user_name = WebDriverWait(driver, 10).until(EC.element_to_be_clickable(\n                   ^^^^^^^^^^^^^^^^^^^^^^^^^^^^^^^^^^^^^^^^^^^^^^^^^^^^^^^^^^^\n  File \"/opt/hostedtoolcache/Python/3.12.5/x64/lib/python3.12/site-packages/selenium/webdriver/support/wait.py\", line 105, in until\n    raise TimeoutException(message, screen, stacktrace)\n","steps":[],"attachments":[],"parameters":[],"shouldDisplayMessage":true,"stepsCount":0,"attachmentsCount":0,"hasContent":true,"attachmentStep":false}],"attachments":[],"parameters":[],"shouldDisplayMessage":true,"stepsCount":1,"attachmentsCount":0,"hasContent":true,"attachmentStep":false},"afterStages":[{"name":"driver::0","time":{"start":1740885644650,"stop":1740885644714,"duration":64},"status":"passed","steps":[],"attachments":[],"parameters":[],"shouldDisplayMessage":false,"stepsCount":0,"attachmentsCount":0,"hasContent":false,"attachmentStep":false}],"labels":[{"name":"tag","value":"TC003"},{"name":"tag","value":"TC000"},{"name":"parentSuite","value":"tests.regression_ui"},{"name":"suite","value":"test_ui_regression"},{"name":"subSuite","value":"TestUIRegression"},{"name":"host","value":"fv-az1680-624"},{"name":"thread","value":"4686-MainThread"},{"name":"framework","value":"pytest"},{"name":"language","value":"cpython3"},{"name":"package","value":"tests.regression_ui.test_ui_regression"},{"name":"resultFormat","value":"allure2"}],"parameters":[],"links":[],"hidden":false,"retry":false,"extra":{"severity":"normal","retries":[],"categories":[{"name":"Test defects","matchedStatuses":[],"flaky":false}],"history":{"statistic":{"failed":1,"broken":12,"skipped":0,"passed":397,"unknown":0,"total":410},"items":[{"uid":"1db1942fb60c18e8","status":"broken","statusDetails":"selenium.common.exceptions.TimeoutException: Message: \nStacktrace:\n#0 0x559905a49bea <unknown>\n#1 0x5599054e77d0 <unknown>\n#2 0x559905538cc0 <unknown>\n#3 0x559905538e41 <unknown>\n#4 0x559905587984 <unknown>\n#5 0x55990555eabd <unknown>\n#6 0x559905584d0c <unknown>\n#7 0x55990555e863 <unknown>\n#8 0x55990552aac8 <unknown>\n#9 0x55990552bc31 <unknown>\n#10 0x559905a1318b <unknown>\n#11 0x559905a17112 <unknown>\n#12 0x559905a0004c <unknown>\n#13 0x559905a17d04 <unknown>\n#14 0x5599059e44bf <unknown>\n#15 0x559905a38528 <unknown>\n#16 0x559905a386f9 <unknown>\n#17 0x559905a48a66 <unknown>\n#18 0x7f7b9589caa4 <unknown>\n#19 0x7f7b95929c3c <unknown>","time":{"start":1740876290659,"stop":1740876311200,"duration":20541}},{"uid":"dc2c433613838d4b","status":"passed","time":{"start":1740863270774,"stop":1740863294125,"duration":23351}},{"uid":"2ce082941768a371","status":"passed","time":{"start":1740852681373,"stop":1740852704505,"duration":23132}},{"uid":"e03ed1e907a63ab0","status":"passed","time":{"start":1740841814701,"stop":1740841842984,"duration":28283}},{"uid":"8f25bb8c9af5b742","status":"passed","time":{"start":1740831348546,"stop":1740831371079,"duration":22533}},{"uid":"c65adbb481f3f59e","status":"passed","time":{"start":1740820183060,"stop":1740820211949,"duration":28889}},{"uid":"c23c070669bb4f87","status":"passed","time":{"start":1740809535182,"stop":1740809563295,"duration":28113}},{"uid":"dde01e2a50df8160","status":"passed","time":{"start":1740799423700,"stop":1740799451910,"duration":28210}},{"uid":"a39b41459ba70b00","status":"passed","time":{"start":1740789969093,"stop":1740790003337,"duration":34244}},{"uid":"c2992d8c128d5876","status":"passed","time":{"start":1740776919284,"stop":1740776953390,"duration":34106}},{"uid":"4d21a3871e593dfc","status":"passed","time":{"start":1740766358578,"stop":1740766393538,"duration":34960}},{"uid":"d11270ac58c93864","status":"passed","time":{"start":1740755412261,"stop":1740755440393,"duration":28132}},{"uid":"aef777a8aee2f118","status":"passed","time":{"start":1740744969719,"stop":1740745003456,"duration":33737}},{"uid":"fc2a3705c52ae03e","status":"passed","time":{"start":1740733811047,"stop":1740733839896,"duration":28849}},{"uid":"81c87678804973","status":"passed","time":{"start":1740723190257,"stop":1740723224045,"duration":33788}},{"uid":"b5af7a63050c97fb","status":"passed","time":{"start":1740712720889,"stop":1740712754530,"duration":33641}},{"uid":"5406ca1a87612978","status":"passed","time":{"start":1740703391227,"stop":1740703425146,"duration":33919}},{"uid":"2a9ade1968c29fc5","status":"passed","time":{"start":1740690553363,"stop":1740690581461,"duration":28098}},{"uid":"b6bd73693b6a72e3","status":"passed","time":{"start":1740679973377,"stop":1740679995916,"duration":22539}},{"uid":"8880bc31993a154b","status":"passed","time":{"start":1740669051532,"stop":1740669074614,"duration":23082}}]},"tags":["TC003","TC000"]},"source":"ef954dbe07f67a88.json","parameterValues":[]}