{"uid":"f09049c1468f89f6","name":"Label a Card","fullName":"tests.regression_ui.test_ui_regression.TestUIRegression#test_label_card","historyId":"81bf587fe9f2db9e87ee2dc06e7308b0","time":{"start":1742581004116,"stop":1742581024953,"duration":20837},"status":"broken","statusMessage":"selenium.common.exceptions.NoSuchElementException: Message: no such element: Unable to locate element: {\"method\":\"xpath\",\"selector\":\"//*[contains(text(), 'new_card')]\"}\n  (Session info: chrome=134.0.6998.165); For documentation on this error, please visit: https://www.selenium.dev/documentation/webdriver/troubleshooting/errors#no-such-element-exception\nStacktrace:\n#0 0x559694a3fa1a <unknown>\n#1 0x5596944f7390 <unknown>\n#2 0x559694548c85 <unknown>\n#3 0x559694548eb1 <unknown>\n#4 0x559694597d64 <unknown>\n#5 0x55969456ebfd <unknown>\n#6 0x55969459507b <unknown>\n#7 0x55969456e9a3 <unknown>\n#8 0x55969453a60e <unknown>\n#9 0x55969453bdd1 <unknown>\n#10 0x559694a05ddb <unknown>\n#11 0x559694a09cbc <unknown>\n#12 0x5596949ed392 <unknown>\n#13 0x559694a0a834 <unknown>\n#14 0x5596949d11ef <unknown>\n#15 0x559694a2e038 <unknown>\n#16 0x559694a2e216 <unknown>\n#17 0x559694a3e896 <unknown>\n#18 0x7f56e5a9caa4 <unknown>\n#19 0x7f56e5b29c3c <unknown>","statusTrace":"self = <tests.regression_ui.test_ui_regression.TestUIRegression object at 0x7f0cbfe8e870>\ndriver = <selenium.webdriver.chrome.webdriver.WebDriver (session=\"bcb1eab5d1ed3f1d6a4c90b0fb5927af\")>\n\n    @pytest.mark.TC000\n    @pytest.mark.TC007\n    @allure.title('Label a Card')\n    def test_label_card(self, driver):\n        time.sleep(4)\n        with allure.step('Log in to Trello account'):\n            self.test_login(driver)\n    \n        with allure.step('Open a board and select a card'):\n            try:\n                WebDriverWait(driver, 10).until(EC.element_to_be_clickable((By.XPATH, self.SCC.Board.BOARD_TITLE))).click()\n                WebDriverWait(driver, 10).until(EC.visibility_of_element_located((By.XPATH, self.SCC.Board.LIST_TITLE))).click()\n                driver.find_element(By.XPATH, self.SCC.List.ADD_A_CARD_BUTTON).click()\n                driver.find_element(By.XPATH, self.SCC.List.CARD_NAME_FIELD).click()\n                time.sleep(1)\n                driver.find_element(By.XPATH, self.SCC.List.CARD_NAME_FIELD).send_keys('new_card')\n                driver.find_element(By.XPATH, self.SCC.List.ADD_CARD_SUBMIT_BUTTOMN).click()\n                time.sleep(3)\n            except Exception as e:\n                log.info(\"An error occurred: \", str(e))\n    \n        with allure.step('Click the card to open and archive it'):\n>           driver.find_element(By.XPATH, self.SCC.List.CARD_TO_ARCHIVE).click()\n\ntests/regression_ui/test_ui_regression.py:239: \n_ _ _ _ _ _ _ _ _ _ _ _ _ _ _ _ _ _ _ _ _ _ _ _ _ _ _ _ _ _ _ _ _ _ _ _ _ _ _ _ \n/opt/hostedtoolcache/Python/3.12.5/x64/lib/python3.12/site-packages/selenium/webdriver/remote/webdriver.py:770: in find_element\n    return self.execute(Command.FIND_ELEMENT, {\"using\": by, \"value\": value})[\"value\"]\n/opt/hostedtoolcache/Python/3.12.5/x64/lib/python3.12/site-packages/selenium/webdriver/remote/webdriver.py:384: in execute\n    self.error_handler.check_response(response)\n_ _ _ _ _ _ _ _ _ _ _ _ _ _ _ _ _ _ _ _ _ _ _ _ _ _ _ _ _ _ _ _ _ _ _ _ _ _ _ _ \n\nself = <selenium.webdriver.remote.errorhandler.ErrorHandler object at 0x7f0cbfe91010>\nresponse = {'status': 404, 'value': '{\"value\":{\"error\":\"no such element\",\"message\":\"no such element: Unable to locate element: {\\...\\\\n#17 0x559694a3e896 \\\\u003Cunknown>\\\\n#18 0x7f56e5a9caa4 \\\\u003Cunknown>\\\\n#19 0x7f56e5b29c3c \\\\u003Cunknown>\\\\n\"}}'}\n\n    def check_response(self, response: Dict[str, Any]) -> None:\n        \"\"\"Checks that a JSON response from the WebDriver does not have an\n        error.\n    \n        :Args:\n         - response - The JSON response from the WebDriver server as a dictionary\n           object.\n    \n        :Raises: If the response contains an error message.\n        \"\"\"\n        status = response.get(\"status\", None)\n        if not status or status == ErrorCode.SUCCESS:\n            return\n        value = None\n        message = response.get(\"message\", \"\")\n        screen: str = response.get(\"screen\", \"\")\n        stacktrace = None\n        if isinstance(status, int):\n            value_json = response.get(\"value\", None)\n            if value_json and isinstance(value_json, str):\n                import json\n    \n                try:\n                    value = json.loads(value_json)\n                    if len(value) == 1:\n                        value = value[\"value\"]\n                    status = value.get(\"error\", None)\n                    if not status:\n                        status = value.get(\"status\", ErrorCode.UNKNOWN_ERROR)\n                        message = value.get(\"value\") or value.get(\"message\")\n                        if not isinstance(message, str):\n                            value = message\n                            message = message.get(\"message\")\n                    else:\n                        message = value.get(\"message\", None)\n                except ValueError:\n                    pass\n    \n        exception_class: Type[WebDriverException]\n        e = ErrorCode()\n        error_codes = [item for item in dir(e) if not item.startswith(\"__\")]\n        for error_code in error_codes:\n            error_info = getattr(ErrorCode, error_code)\n            if isinstance(error_info, list) and status in error_info:\n                exception_class = getattr(ExceptionMapping, error_code, WebDriverException)\n                break\n        else:\n            exception_class = WebDriverException\n    \n        if not value:\n            value = response[\"value\"]\n        if isinstance(value, str):\n            raise exception_class(value)\n        if message == \"\" and \"message\" in value:\n            message = value[\"message\"]\n    \n        screen = None  # type: ignore[assignment]\n        if \"screen\" in value:\n            screen = value[\"screen\"]\n    \n        stacktrace = None\n        st_value = value.get(\"stackTrace\") or value.get(\"stacktrace\")\n        if st_value:\n            if isinstance(st_value, str):\n                stacktrace = st_value.split(\"\\n\")\n            else:\n                stacktrace = []\n                try:\n                    for frame in st_value:\n                        line = frame.get(\"lineNumber\", \"\")\n                        file = frame.get(\"fileName\", \"<anonymous>\")\n                        if line:\n                            file = f\"{file}:{line}\"\n                        meth = frame.get(\"methodName\", \"<anonymous>\")\n                        if \"className\" in frame:\n                            meth = f\"{frame['className']}.{meth}\"\n                        msg = \"    at %s (%s)\"\n                        msg = msg % (meth, file)\n                        stacktrace.append(msg)\n                except TypeError:\n                    pass\n        if exception_class == UnexpectedAlertPresentException:\n            alert_text = None\n            if \"data\" in value:\n                alert_text = value[\"data\"].get(\"text\")\n            elif \"alert\" in value:\n                alert_text = value[\"alert\"].get(\"text\")\n            raise exception_class(message, screen, stacktrace, alert_text)  # type: ignore[call-arg]  # mypy is not smart enough here\n>       raise exception_class(message, screen, stacktrace)\nE       selenium.common.exceptions.NoSuchElementException: Message: no such element: Unable to locate element: {\"method\":\"xpath\",\"selector\":\"//*[contains(text(), 'new_card')]\"}\nE         (Session info: chrome=134.0.6998.165); For documentation on this error, please visit: https://www.selenium.dev/documentation/webdriver/troubleshooting/errors#no-such-element-exception\nE       Stacktrace:\nE       #0 0x559694a3fa1a <unknown>\nE       #1 0x5596944f7390 <unknown>\nE       #2 0x559694548c85 <unknown>\nE       #3 0x559694548eb1 <unknown>\nE       #4 0x559694597d64 <unknown>\nE       #5 0x55969456ebfd <unknown>\nE       #6 0x55969459507b <unknown>\nE       #7 0x55969456e9a3 <unknown>\nE       #8 0x55969453a60e <unknown>\nE       #9 0x55969453bdd1 <unknown>\nE       #10 0x559694a05ddb <unknown>\nE       #11 0x559694a09cbc <unknown>\nE       #12 0x5596949ed392 <unknown>\nE       #13 0x559694a0a834 <unknown>\nE       #14 0x5596949d11ef <unknown>\nE       #15 0x559694a2e038 <unknown>\nE       #16 0x559694a2e216 <unknown>\nE       #17 0x559694a3e896 <unknown>\nE       #18 0x7f56e5a9caa4 <unknown>\nE       #19 0x7f56e5b29c3c <unknown>\n\n/opt/hostedtoolcache/Python/3.12.5/x64/lib/python3.12/site-packages/selenium/webdriver/remote/errorhandler.py:232: NoSuchElementException","flaky":false,"newFailed":false,"newBroken":true,"newPassed":false,"retriesCount":0,"retriesStatusChange":false,"beforeStages":[{"name":"driver","time":{"start":1742581003795,"stop":1742581004115,"duration":320},"status":"passed","steps":[],"attachments":[],"parameters":[],"shouldDisplayMessage":false,"stepsCount":0,"attachmentsCount":0,"hasContent":false,"attachmentStep":false},{"name":"setup","time":{"start":1742581004115,"stop":1742581004115,"duration":0},"status":"passed","steps":[],"attachments":[],"parameters":[],"shouldDisplayMessage":false,"stepsCount":0,"attachmentsCount":0,"hasContent":false,"attachmentStep":false}],"testStage":{"status":"broken","statusMessage":"selenium.common.exceptions.NoSuchElementException: Message: no such element: Unable to locate element: {\"method\":\"xpath\",\"selector\":\"//*[contains(text(), 'new_card')]\"}\n  (Session info: chrome=134.0.6998.165); For documentation on this error, please visit: https://www.selenium.dev/documentation/webdriver/troubleshooting/errors#no-such-element-exception\nStacktrace:\n#0 0x559694a3fa1a <unknown>\n#1 0x5596944f7390 <unknown>\n#2 0x559694548c85 <unknown>\n#3 0x559694548eb1 <unknown>\n#4 0x559694597d64 <unknown>\n#5 0x55969456ebfd <unknown>\n#6 0x55969459507b <unknown>\n#7 0x55969456e9a3 <unknown>\n#8 0x55969453a60e <unknown>\n#9 0x55969453bdd1 <unknown>\n#10 0x559694a05ddb <unknown>\n#11 0x559694a09cbc <unknown>\n#12 0x5596949ed392 <unknown>\n#13 0x559694a0a834 <unknown>\n#14 0x5596949d11ef <unknown>\n#15 0x559694a2e038 <unknown>\n#16 0x559694a2e216 <unknown>\n#17 0x559694a3e896 <unknown>\n#18 0x7f56e5a9caa4 <unknown>\n#19 0x7f56e5b29c3c <unknown>","statusTrace":"self = <tests.regression_ui.test_ui_regression.TestUIRegression object at 0x7f0cbfe8e870>\ndriver = <selenium.webdriver.chrome.webdriver.WebDriver (session=\"bcb1eab5d1ed3f1d6a4c90b0fb5927af\")>\n\n    @pytest.mark.TC000\n    @pytest.mark.TC007\n    @allure.title('Label a Card')\n    def test_label_card(self, driver):\n        time.sleep(4)\n        with allure.step('Log in to Trello account'):\n            self.test_login(driver)\n    \n        with allure.step('Open a board and select a card'):\n            try:\n                WebDriverWait(driver, 10).until(EC.element_to_be_clickable((By.XPATH, self.SCC.Board.BOARD_TITLE))).click()\n                WebDriverWait(driver, 10).until(EC.visibility_of_element_located((By.XPATH, self.SCC.Board.LIST_TITLE))).click()\n                driver.find_element(By.XPATH, self.SCC.List.ADD_A_CARD_BUTTON).click()\n                driver.find_element(By.XPATH, self.SCC.List.CARD_NAME_FIELD).click()\n                time.sleep(1)\n                driver.find_element(By.XPATH, self.SCC.List.CARD_NAME_FIELD).send_keys('new_card')\n                driver.find_element(By.XPATH, self.SCC.List.ADD_CARD_SUBMIT_BUTTOMN).click()\n                time.sleep(3)\n            except Exception as e:\n                log.info(\"An error occurred: \", str(e))\n    \n        with allure.step('Click the card to open and archive it'):\n>           driver.find_element(By.XPATH, self.SCC.List.CARD_TO_ARCHIVE).click()\n\ntests/regression_ui/test_ui_regression.py:239: \n_ _ _ _ _ _ _ _ _ _ _ _ _ _ _ _ _ _ _ _ _ _ _ _ _ _ _ _ _ _ _ _ _ _ _ _ _ _ _ _ \n/opt/hostedtoolcache/Python/3.12.5/x64/lib/python3.12/site-packages/selenium/webdriver/remote/webdriver.py:770: in find_element\n    return self.execute(Command.FIND_ELEMENT, {\"using\": by, \"value\": value})[\"value\"]\n/opt/hostedtoolcache/Python/3.12.5/x64/lib/python3.12/site-packages/selenium/webdriver/remote/webdriver.py:384: in execute\n    self.error_handler.check_response(response)\n_ _ _ _ _ _ _ _ _ _ _ _ _ _ _ _ _ _ _ _ _ _ _ _ _ _ _ _ _ _ _ _ _ _ _ _ _ _ _ _ \n\nself = <selenium.webdriver.remote.errorhandler.ErrorHandler object at 0x7f0cbfe91010>\nresponse = {'status': 404, 'value': '{\"value\":{\"error\":\"no such element\",\"message\":\"no such element: Unable to locate element: {\\...\\\\n#17 0x559694a3e896 \\\\u003Cunknown>\\\\n#18 0x7f56e5a9caa4 \\\\u003Cunknown>\\\\n#19 0x7f56e5b29c3c \\\\u003Cunknown>\\\\n\"}}'}\n\n    def check_response(self, response: Dict[str, Any]) -> None:\n        \"\"\"Checks that a JSON response from the WebDriver does not have an\n        error.\n    \n        :Args:\n         - response - The JSON response from the WebDriver server as a dictionary\n           object.\n    \n        :Raises: If the response contains an error message.\n        \"\"\"\n        status = response.get(\"status\", None)\n        if not status or status == ErrorCode.SUCCESS:\n            return\n        value = None\n        message = response.get(\"message\", \"\")\n        screen: str = response.get(\"screen\", \"\")\n        stacktrace = None\n        if isinstance(status, int):\n            value_json = response.get(\"value\", None)\n            if value_json and isinstance(value_json, str):\n                import json\n    \n                try:\n                    value = json.loads(value_json)\n                    if len(value) == 1:\n                        value = value[\"value\"]\n                    status = value.get(\"error\", None)\n                    if not status:\n                        status = value.get(\"status\", ErrorCode.UNKNOWN_ERROR)\n                        message = value.get(\"value\") or value.get(\"message\")\n                        if not isinstance(message, str):\n                            value = message\n                            message = message.get(\"message\")\n                    else:\n                        message = value.get(\"message\", None)\n                except ValueError:\n                    pass\n    \n        exception_class: Type[WebDriverException]\n        e = ErrorCode()\n        error_codes = [item for item in dir(e) if not item.startswith(\"__\")]\n        for error_code in error_codes:\n            error_info = getattr(ErrorCode, error_code)\n            if isinstance(error_info, list) and status in error_info:\n                exception_class = getattr(ExceptionMapping, error_code, WebDriverException)\n                break\n        else:\n            exception_class = WebDriverException\n    \n        if not value:\n            value = response[\"value\"]\n        if isinstance(value, str):\n            raise exception_class(value)\n        if message == \"\" and \"message\" in value:\n            message = value[\"message\"]\n    \n        screen = None  # type: ignore[assignment]\n        if \"screen\" in value:\n            screen = value[\"screen\"]\n    \n        stacktrace = None\n        st_value = value.get(\"stackTrace\") or value.get(\"stacktrace\")\n        if st_value:\n            if isinstance(st_value, str):\n                stacktrace = st_value.split(\"\\n\")\n            else:\n                stacktrace = []\n                try:\n                    for frame in st_value:\n                        line = frame.get(\"lineNumber\", \"\")\n                        file = frame.get(\"fileName\", \"<anonymous>\")\n                        if line:\n                            file = f\"{file}:{line}\"\n                        meth = frame.get(\"methodName\", \"<anonymous>\")\n                        if \"className\" in frame:\n                            meth = f\"{frame['className']}.{meth}\"\n                        msg = \"    at %s (%s)\"\n                        msg = msg % (meth, file)\n                        stacktrace.append(msg)\n                except TypeError:\n                    pass\n        if exception_class == UnexpectedAlertPresentException:\n            alert_text = None\n            if \"data\" in value:\n                alert_text = value[\"data\"].get(\"text\")\n            elif \"alert\" in value:\n                alert_text = value[\"alert\"].get(\"text\")\n            raise exception_class(message, screen, stacktrace, alert_text)  # type: ignore[call-arg]  # mypy is not smart enough here\n>       raise exception_class(message, screen, stacktrace)\nE       selenium.common.exceptions.NoSuchElementException: Message: no such element: Unable to locate element: {\"method\":\"xpath\",\"selector\":\"//*[contains(text(), 'new_card')]\"}\nE         (Session info: chrome=134.0.6998.165); For documentation on this error, please visit: https://www.selenium.dev/documentation/webdriver/troubleshooting/errors#no-such-element-exception\nE       Stacktrace:\nE       #0 0x559694a3fa1a <unknown>\nE       #1 0x5596944f7390 <unknown>\nE       #2 0x559694548c85 <unknown>\nE       #3 0x559694548eb1 <unknown>\nE       #4 0x559694597d64 <unknown>\nE       #5 0x55969456ebfd <unknown>\nE       #6 0x55969459507b <unknown>\nE       #7 0x55969456e9a3 <unknown>\nE       #8 0x55969453a60e <unknown>\nE       #9 0x55969453bdd1 <unknown>\nE       #10 0x559694a05ddb <unknown>\nE       #11 0x559694a09cbc <unknown>\nE       #12 0x5596949ed392 <unknown>\nE       #13 0x559694a0a834 <unknown>\nE       #14 0x5596949d11ef <unknown>\nE       #15 0x559694a2e038 <unknown>\nE       #16 0x559694a2e216 <unknown>\nE       #17 0x559694a3e896 <unknown>\nE       #18 0x7f56e5a9caa4 <unknown>\nE       #19 0x7f56e5b29c3c <unknown>\n\n/opt/hostedtoolcache/Python/3.12.5/x64/lib/python3.12/site-packages/selenium/webdriver/remote/errorhandler.py:232: NoSuchElementException","steps":[{"name":"Log in to Trello account","time":{"start":1742581008116,"stop":1742581014650,"duration":6534},"status":"passed","steps":[{"name":"Navigate to the Trello page and enter valid credentials (email, password, and 6-digits verification code)","time":{"start":1742581008116,"stop":1742581014650,"duration":6534},"status":"passed","steps":[],"attachments":[],"parameters":[],"shouldDisplayMessage":false,"stepsCount":0,"attachmentsCount":0,"hasContent":false,"attachmentStep":false}],"attachments":[],"parameters":[],"shouldDisplayMessage":false,"stepsCount":1,"attachmentsCount":0,"hasContent":true,"attachmentStep":false},{"name":"Open a board and select a card","time":{"start":1742581014650,"stop":1742581024937,"duration":10287},"status":"passed","steps":[],"attachments":[],"parameters":[],"shouldDisplayMessage":false,"stepsCount":0,"attachmentsCount":0,"hasContent":false,"attachmentStep":false},{"name":"Click the card to open and archive it","time":{"start":1742581024937,"stop":1742581024953,"duration":16},"status":"broken","statusMessage":"selenium.common.exceptions.NoSuchElementException: Message: no such element: Unable to locate element: {\"method\":\"xpath\",\"selector\":\"//*[contains(text(), 'new_card')]\"}\n  (Session info: chrome=134.0.6998.165); For documentation on this error, please visit: https://www.selenium.dev/documentation/webdriver/troubleshooting/errors#no-such-element-exception\nStacktrace:\n#0 0x559694a3fa1a <unknown>\n#1 0x5596944f7390 <unknown>\n#2 0x559694548c85 <unknown>\n#3 0x559694548eb1 <unknown>\n#4 0x559694597d64 <unknown>\n#5 0x55969456ebfd <unknown>\n#6 0x55969459507b <unknown>\n#7 0x55969456e9a3 <unknown>\n#8 0x55969453a60e <unknown>\n#9 0x55969453bdd1 <unknown>\n#10 0x559694a05ddb <unknown>\n#11 0x559694a09cbc <unknown>\n#12 0x5596949ed392 <unknown>\n#13 0x559694a0a834 <unknown>\n#14 0x5596949d11ef <unknown>\n#15 0x559694a2e038 <unknown>\n#16 0x559694a2e216 <unknown>\n#17 0x559694a3e896 <unknown>\n#18 0x7f56e5a9caa4 <unknown>\n#19 0x7f56e5b29c3c <unknown>\n\n","statusTrace":"  File \"/home/runner/work/pythonSelenium/pythonSelenium/tests/regression_ui/test_ui_regression.py\", line 239, in test_label_card\n    driver.find_element(By.XPATH, self.SCC.List.CARD_TO_ARCHIVE).click()\n    ^^^^^^^^^^^^^^^^^^^^^^^^^^^^^^^^^^^^^^^^^^^^^^^^^^^^^^^^^^^^\n  File \"/opt/hostedtoolcache/Python/3.12.5/x64/lib/python3.12/site-packages/selenium/webdriver/remote/webdriver.py\", line 770, in find_element\n    return self.execute(Command.FIND_ELEMENT, {\"using\": by, \"value\": value})[\"value\"]\n           ^^^^^^^^^^^^^^^^^^^^^^^^^^^^^^^^^^^^^^^^^^^^^^^^^^^^^^^^^^^^^^^^^\n  File \"/opt/hostedtoolcache/Python/3.12.5/x64/lib/python3.12/site-packages/selenium/webdriver/remote/webdriver.py\", line 384, in execute\n    self.error_handler.check_response(response)\n  File \"/opt/hostedtoolcache/Python/3.12.5/x64/lib/python3.12/site-packages/selenium/webdriver/remote/errorhandler.py\", line 232, in check_response\n    raise exception_class(message, screen, stacktrace)\n","steps":[],"attachments":[],"parameters":[],"shouldDisplayMessage":true,"stepsCount":0,"attachmentsCount":0,"hasContent":true,"attachmentStep":false}],"attachments":[],"parameters":[],"shouldDisplayMessage":true,"stepsCount":4,"attachmentsCount":0,"hasContent":true,"attachmentStep":false},"afterStages":[{"name":"driver::0","time":{"start":1742581024983,"stop":1742581025052,"duration":69},"status":"passed","steps":[],"attachments":[],"parameters":[],"shouldDisplayMessage":false,"stepsCount":0,"attachmentsCount":0,"hasContent":false,"attachmentStep":false}],"labels":[{"name":"tag","value":"TC007"},{"name":"tag","value":"TC000"},{"name":"parentSuite","value":"tests.regression_ui"},{"name":"suite","value":"test_ui_regression"},{"name":"subSuite","value":"TestUIRegression"},{"name":"host","value":"fv-az1770-885"},{"name":"thread","value":"4055-MainThread"},{"name":"framework","value":"pytest"},{"name":"language","value":"cpython3"},{"name":"package","value":"tests.regression_ui.test_ui_regression"},{"name":"resultFormat","value":"allure2"}],"parameters":[],"links":[],"hidden":false,"retry":false,"extra":{"severity":"normal","retries":[],"categories":[{"name":"Test defects","matchedStatuses":[]}],"history":{"statistic":{"failed":0,"broken":30,"skipped":0,"passed":529,"unknown":0,"total":559},"items":[{"uid":"3b78793669584db0","status":"passed","time":{"start":1742569932919,"stop":1742569966587,"duration":33668}},{"uid":"64b99bd49d2caafb","status":"passed","time":{"start":1742559524663,"stop":1742559558451,"duration":33788}},{"uid":"f658b1e34ab6a418","status":"passed","time":{"start":1742548487621,"stop":1742548516058,"duration":28437}},{"uid":"f7399529c549ddbd","status":"passed","time":{"start":1742537925439,"stop":1742537959010,"duration":33571}},{"uid":"b3934a2ed2499a36","status":"passed","time":{"start":1742527574722,"stop":1742527608596,"duration":33874}},{"uid":"d2ec750b1235e473","status":"passed","time":{"start":1742517914834,"stop":1742517947854,"duration":33020}},{"uid":"f091a4f3508ead5a","status":"passed","time":{"start":1742505077191,"stop":1742505110518,"duration":33327}},{"uid":"404c04d94b309721","status":"passed","time":{"start":1742494545104,"stop":1742494579147,"duration":34043}},{"uid":"dd8e812a3df7824d","status":"passed","time":{"start":1742483598536,"stop":1742483626859,"duration":28323}},{"uid":"c47ab1a619f85b3e","status":"passed","time":{"start":1742473185684,"stop":1742473218911,"duration":33227}},{"uid":"a061d67a077ab139","status":"passed","time":{"start":1742461967625,"stop":1742461995348,"duration":27723}},{"uid":"ba6ef945cc98e69f","status":"broken","statusDetails":"selenium.common.exceptions.NoSuchElementException: Message: no such element: Unable to locate element: {\"method\":\"xpath\",\"selector\":\"//*[contains(text(), 'new_card')]\"}\n  (Session info: chrome=134.0.6998.117); For documentation on this error, please visit: https://www.selenium.dev/documentation/webdriver/troubleshooting/errors#no-such-element-exception\nStacktrace:\n#0 0x56097a088a1a <unknown>\n#1 0x560979b40390 <unknown>\n#2 0x560979b91c85 <unknown>\n#3 0x560979b91eb1 <unknown>\n#4 0x560979be0d64 <unknown>\n#5 0x560979bb7bfd <unknown>\n#6 0x560979bde07b <unknown>\n#7 0x560979bb79a3 <unknown>\n#8 0x560979b8360e <unknown>\n#9 0x560979b84dd1 <unknown>\n#10 0x56097a04eddb <unknown>\n#11 0x56097a052cbc <unknown>\n#12 0x56097a036392 <unknown>\n#13 0x56097a053834 <unknown>\n#14 0x56097a01a1ef <unknown>\n#15 0x56097a077038 <unknown>\n#16 0x56097a077216 <unknown>\n#17 0x56097a087896 <unknown>\n#18 0x7f997e49caa4 <unknown>\n#19 0x7f997e529c3c <unknown>","time":{"start":1742451351318,"stop":1742451371486,"duration":20168}},{"uid":"c58654c5d3f1ff97","status":"broken","statusDetails":"selenium.common.exceptions.NoSuchElementException: Message: no such element: Unable to locate element: {\"method\":\"xpath\",\"selector\":\"//*[contains(text(), 'new_card')]\"}\n  (Session info: chrome=134.0.6998.117); For documentation on this error, please visit: https://www.selenium.dev/documentation/webdriver/troubleshooting/errors#no-such-element-exception\nStacktrace:\n#0 0x561696368a1a <unknown>\n#1 0x561695e20390 <unknown>\n#2 0x561695e71c85 <unknown>\n#3 0x561695e71eb1 <unknown>\n#4 0x561695ec0d64 <unknown>\n#5 0x561695e97bfd <unknown>\n#6 0x561695ebe07b <unknown>\n#7 0x561695e979a3 <unknown>\n#8 0x561695e6360e <unknown>\n#9 0x561695e64dd1 <unknown>\n#10 0x56169632eddb <unknown>\n#11 0x561696332cbc <unknown>\n#12 0x561696316392 <unknown>\n#13 0x561696333834 <unknown>\n#14 0x5616962fa1ef <unknown>\n#15 0x561696357038 <unknown>\n#16 0x561696357216 <unknown>\n#17 0x561696367896 <unknown>\n#18 0x7fc6a949caa4 <unknown>\n#19 0x7fc6a9529c3c <unknown>","time":{"start":1742441073540,"stop":1742441094094,"duration":20554}},{"uid":"8f224e2ae16a293c","status":"passed","time":{"start":1742431456340,"stop":1742431490239,"duration":33899}},{"uid":"f3abe46217589d03","status":"broken","statusDetails":"selenium.common.exceptions.NoSuchElementException: Message: no such element: Unable to locate element: {\"method\":\"xpath\",\"selector\":\"//*[contains(text(), 'new_card')]\"}\n  (Session info: chrome=134.0.6998.117); For documentation on this error, please visit: https://www.selenium.dev/documentation/webdriver/troubleshooting/errors#no-such-element-exception\nStacktrace:\n#0 0x563ac4015a1a <unknown>\n#1 0x563ac3acd390 <unknown>\n#2 0x563ac3b1ec85 <unknown>\n#3 0x563ac3b1eeb1 <unknown>\n#4 0x563ac3b6dd64 <unknown>\n#5 0x563ac3b44bfd <unknown>\n#6 0x563ac3b6b07b <unknown>\n#7 0x563ac3b449a3 <unknown>\n#8 0x563ac3b1060e <unknown>\n#9 0x563ac3b11dd1 <unknown>\n#10 0x563ac3fdbddb <unknown>\n#11 0x563ac3fdfcbc <unknown>\n#12 0x563ac3fc3392 <unknown>\n#13 0x563ac3fe0834 <unknown>\n#14 0x563ac3fa71ef <unknown>\n#15 0x563ac4004038 <unknown>\n#16 0x563ac4004216 <unknown>\n#17 0x563ac4014896 <unknown>\n#18 0x7f1cb869caa4 <unknown>\n#19 0x7f1cb8729c3c <unknown>","time":{"start":1742418921914,"stop":1742418941983,"duration":20069}},{"uid":"8ca5c8216ae93b2f","status":"passed","time":{"start":1742408124517,"stop":1742408147185,"duration":22668}},{"uid":"5a872dc922e693c9","status":"passed","time":{"start":1742397114314,"stop":1742397136904,"duration":22590}},{"uid":"108e536ccf6f0e98","status":"broken","statusDetails":"selenium.common.exceptions.TimeoutException: Message: \nStacktrace:\n#0 0x5598b369d46a <unknown>\n#1 0x5598b3156ed0 <unknown>\n#2 0x5598b31a8935 <unknown>\n#3 0x5598b31a8b61 <unknown>\n#4 0x5598b31f79d4 <unknown>\n#5 0x5598b31ce88d <unknown>\n#6 0x5598b31f4ceb <unknown>\n#7 0x5598b31ce633 <unknown>\n#8 0x5598b319a1be <unknown>\n#9 0x5598b319b981 <unknown>\n#10 0x5598b366386b <unknown>\n#11 0x5598b366773c <unknown>\n#12 0x5598b364af12 <unknown>\n#13 0x5598b36682b4 <unknown>\n#14 0x5598b362f0af <unknown>\n#15 0x5598b368bad8 <unknown>\n#16 0x5598b368bcb6 <unknown>\n#17 0x5598b369c2e6 <unknown>\n#18 0x7fd0b789caa4 <unknown>\n#19 0x7fd0b7929c3c <unknown>","time":{"start":1742386698616,"stop":1742386713242,"duration":14626}},{"uid":"f64be6d74d23f657","status":"passed","time":{"start":1742375575755,"stop":1742375598973,"duration":23218}},{"uid":"e11087d2c3150644","status":"passed","time":{"start":1742365012780,"stop":1742365040269,"duration":27489}}]},"tags":["TC007","TC000"]},"source":"f09049c1468f89f6.json","parameterValues":[]}