{"uid":"f1bbcf468b10b83e","name":"Label a Card","fullName":"tests.regression_ui.test_ui_regression.TestUIRegression#test_label_card","historyId":"81bf587fe9f2db9e87ee2dc06e7308b0","time":{"start":1743541921070,"stop":1743541941356,"duration":20286},"status":"broken","statusMessage":"selenium.common.exceptions.NoSuchElementException: Message: no such element: Unable to locate element: {\"method\":\"xpath\",\"selector\":\"//*[contains(text(), 'new_card')]\"}\n  (Session info: chrome=135.0.7049.52); For documentation on this error, please visit: https://www.selenium.dev/documentation/webdriver/troubleshooting/errors#no-such-element-exception\nStacktrace:\n#0 0x5573f327cffa <unknown>\n#1 0x5573f2d3b970 <unknown>\n#2 0x5573f2d8d385 <unknown>\n#3 0x5573f2d8d5b1 <unknown>\n#4 0x5573f2ddc3c4 <unknown>\n#5 0x5573f2db32bd <unknown>\n#6 0x5573f2dd970c <unknown>\n#7 0x5573f2db3063 <unknown>\n#8 0x5573f2d7f328 <unknown>\n#9 0x5573f2d80491 <unknown>\n#10 0x5573f324442b <unknown>\n#11 0x5573f32482ec <unknown>\n#12 0x5573f322ba22 <unknown>\n#13 0x5573f3248e64 <unknown>\n#14 0x5573f320fbef <unknown>\n#15 0x5573f326b558 <unknown>\n#16 0x5573f326b736 <unknown>\n#17 0x5573f327be76 <unknown>\n#18 0x7f061a09caa4 <unknown>\n#19 0x7f061a129c3c <unknown>","statusTrace":"self = <tests.regression_ui.test_ui_regression.TestUIRegression object at 0x7f879309a720>\ndriver = <selenium.webdriver.chrome.webdriver.WebDriver (session=\"8545b0f5990cc2ac85995e363777b68d\")>\n\n    @pytest.mark.TC000\n    @pytest.mark.TC007\n    @allure.title('Label a Card')\n    def test_label_card(self, driver):\n        time.sleep(4)\n        with allure.step('Log in to Trello account'):\n            self.test_login(driver)\n    \n        with allure.step('Open a board and select a card'):\n            try:\n                WebDriverWait(driver, 10).until(EC.element_to_be_clickable((By.XPATH, self.SCC.Board.BOARD_TITLE))).click()\n                WebDriverWait(driver, 10).until(EC.visibility_of_element_located((By.XPATH, self.SCC.Board.LIST_TITLE))).click()\n                driver.find_element(By.XPATH, self.SCC.List.ADD_A_CARD_BUTTON).click()\n                driver.find_element(By.XPATH, self.SCC.List.CARD_NAME_FIELD).click()\n                time.sleep(1)\n                driver.find_element(By.XPATH, self.SCC.List.CARD_NAME_FIELD).send_keys('new_card')\n                driver.find_element(By.XPATH, self.SCC.List.ADD_CARD_SUBMIT_BUTTOMN).click()\n                time.sleep(3)\n            except Exception as e:\n                log.info(\"An error occurred: \", str(e))\n    \n        with allure.step('Click the card to open and archive it'):\n>           driver.find_element(By.XPATH, self.SCC.List.CARD_TO_ARCHIVE).click()\n\ntests/regression_ui/test_ui_regression.py:239: \n_ _ _ _ _ _ _ _ _ _ _ _ _ _ _ _ _ _ _ _ _ _ _ _ _ _ _ _ _ _ _ _ _ _ _ _ _ _ _ _ \n/opt/hostedtoolcache/Python/3.12.5/x64/lib/python3.12/site-packages/selenium/webdriver/remote/webdriver.py:770: in find_element\n    return self.execute(Command.FIND_ELEMENT, {\"using\": by, \"value\": value})[\"value\"]\n/opt/hostedtoolcache/Python/3.12.5/x64/lib/python3.12/site-packages/selenium/webdriver/remote/webdriver.py:384: in execute\n    self.error_handler.check_response(response)\n_ _ _ _ _ _ _ _ _ _ _ _ _ _ _ _ _ _ _ _ _ _ _ _ _ _ _ _ _ _ _ _ _ _ _ _ _ _ _ _ \n\nself = <selenium.webdriver.remote.errorhandler.ErrorHandler object at 0x7f879309d580>\nresponse = {'status': 404, 'value': '{\"value\":{\"error\":\"no such element\",\"message\":\"no such element: Unable to locate element: {\\...\\\\n#17 0x5573f327be76 \\\\u003Cunknown>\\\\n#18 0x7f061a09caa4 \\\\u003Cunknown>\\\\n#19 0x7f061a129c3c \\\\u003Cunknown>\\\\n\"}}'}\n\n    def check_response(self, response: Dict[str, Any]) -> None:\n        \"\"\"Checks that a JSON response from the WebDriver does not have an\n        error.\n    \n        :Args:\n         - response - The JSON response from the WebDriver server as a dictionary\n           object.\n    \n        :Raises: If the response contains an error message.\n        \"\"\"\n        status = response.get(\"status\", None)\n        if not status or status == ErrorCode.SUCCESS:\n            return\n        value = None\n        message = response.get(\"message\", \"\")\n        screen: str = response.get(\"screen\", \"\")\n        stacktrace = None\n        if isinstance(status, int):\n            value_json = response.get(\"value\", None)\n            if value_json and isinstance(value_json, str):\n                import json\n    \n                try:\n                    value = json.loads(value_json)\n                    if len(value) == 1:\n                        value = value[\"value\"]\n                    status = value.get(\"error\", None)\n                    if not status:\n                        status = value.get(\"status\", ErrorCode.UNKNOWN_ERROR)\n                        message = value.get(\"value\") or value.get(\"message\")\n                        if not isinstance(message, str):\n                            value = message\n                            message = message.get(\"message\")\n                    else:\n                        message = value.get(\"message\", None)\n                except ValueError:\n                    pass\n    \n        exception_class: Type[WebDriverException]\n        e = ErrorCode()\n        error_codes = [item for item in dir(e) if not item.startswith(\"__\")]\n        for error_code in error_codes:\n            error_info = getattr(ErrorCode, error_code)\n            if isinstance(error_info, list) and status in error_info:\n                exception_class = getattr(ExceptionMapping, error_code, WebDriverException)\n                break\n        else:\n            exception_class = WebDriverException\n    \n        if not value:\n            value = response[\"value\"]\n        if isinstance(value, str):\n            raise exception_class(value)\n        if message == \"\" and \"message\" in value:\n            message = value[\"message\"]\n    \n        screen = None  # type: ignore[assignment]\n        if \"screen\" in value:\n            screen = value[\"screen\"]\n    \n        stacktrace = None\n        st_value = value.get(\"stackTrace\") or value.get(\"stacktrace\")\n        if st_value:\n            if isinstance(st_value, str):\n                stacktrace = st_value.split(\"\\n\")\n            else:\n                stacktrace = []\n                try:\n                    for frame in st_value:\n                        line = frame.get(\"lineNumber\", \"\")\n                        file = frame.get(\"fileName\", \"<anonymous>\")\n                        if line:\n                            file = f\"{file}:{line}\"\n                        meth = frame.get(\"methodName\", \"<anonymous>\")\n                        if \"className\" in frame:\n                            meth = f\"{frame['className']}.{meth}\"\n                        msg = \"    at %s (%s)\"\n                        msg = msg % (meth, file)\n                        stacktrace.append(msg)\n                except TypeError:\n                    pass\n        if exception_class == UnexpectedAlertPresentException:\n            alert_text = None\n            if \"data\" in value:\n                alert_text = value[\"data\"].get(\"text\")\n            elif \"alert\" in value:\n                alert_text = value[\"alert\"].get(\"text\")\n            raise exception_class(message, screen, stacktrace, alert_text)  # type: ignore[call-arg]  # mypy is not smart enough here\n>       raise exception_class(message, screen, stacktrace)\nE       selenium.common.exceptions.NoSuchElementException: Message: no such element: Unable to locate element: {\"method\":\"xpath\",\"selector\":\"//*[contains(text(), 'new_card')]\"}\nE         (Session info: chrome=135.0.7049.52); For documentation on this error, please visit: https://www.selenium.dev/documentation/webdriver/troubleshooting/errors#no-such-element-exception\nE       Stacktrace:\nE       #0 0x5573f327cffa <unknown>\nE       #1 0x5573f2d3b970 <unknown>\nE       #2 0x5573f2d8d385 <unknown>\nE       #3 0x5573f2d8d5b1 <unknown>\nE       #4 0x5573f2ddc3c4 <unknown>\nE       #5 0x5573f2db32bd <unknown>\nE       #6 0x5573f2dd970c <unknown>\nE       #7 0x5573f2db3063 <unknown>\nE       #8 0x5573f2d7f328 <unknown>\nE       #9 0x5573f2d80491 <unknown>\nE       #10 0x5573f324442b <unknown>\nE       #11 0x5573f32482ec <unknown>\nE       #12 0x5573f322ba22 <unknown>\nE       #13 0x5573f3248e64 <unknown>\nE       #14 0x5573f320fbef <unknown>\nE       #15 0x5573f326b558 <unknown>\nE       #16 0x5573f326b736 <unknown>\nE       #17 0x5573f327be76 <unknown>\nE       #18 0x7f061a09caa4 <unknown>\nE       #19 0x7f061a129c3c <unknown>\n\n/opt/hostedtoolcache/Python/3.12.5/x64/lib/python3.12/site-packages/selenium/webdriver/remote/errorhandler.py:232: NoSuchElementException","flaky":false,"newFailed":false,"newBroken":false,"newPassed":false,"retriesCount":0,"retriesStatusChange":false,"beforeStages":[{"name":"driver","time":{"start":1743541920751,"stop":1743541921069,"duration":318},"status":"passed","steps":[],"attachments":[],"parameters":[],"shouldDisplayMessage":false,"stepsCount":0,"attachmentsCount":0,"hasContent":false,"attachmentStep":false},{"name":"setup","time":{"start":1743541921069,"stop":1743541921069,"duration":0},"status":"passed","steps":[],"attachments":[],"parameters":[],"shouldDisplayMessage":false,"stepsCount":0,"attachmentsCount":0,"hasContent":false,"attachmentStep":false}],"testStage":{"status":"broken","statusMessage":"selenium.common.exceptions.NoSuchElementException: Message: no such element: Unable to locate element: {\"method\":\"xpath\",\"selector\":\"//*[contains(text(), 'new_card')]\"}\n  (Session info: chrome=135.0.7049.52); For documentation on this error, please visit: https://www.selenium.dev/documentation/webdriver/troubleshooting/errors#no-such-element-exception\nStacktrace:\n#0 0x5573f327cffa <unknown>\n#1 0x5573f2d3b970 <unknown>\n#2 0x5573f2d8d385 <unknown>\n#3 0x5573f2d8d5b1 <unknown>\n#4 0x5573f2ddc3c4 <unknown>\n#5 0x5573f2db32bd <unknown>\n#6 0x5573f2dd970c <unknown>\n#7 0x5573f2db3063 <unknown>\n#8 0x5573f2d7f328 <unknown>\n#9 0x5573f2d80491 <unknown>\n#10 0x5573f324442b <unknown>\n#11 0x5573f32482ec <unknown>\n#12 0x5573f322ba22 <unknown>\n#13 0x5573f3248e64 <unknown>\n#14 0x5573f320fbef <unknown>\n#15 0x5573f326b558 <unknown>\n#16 0x5573f326b736 <unknown>\n#17 0x5573f327be76 <unknown>\n#18 0x7f061a09caa4 <unknown>\n#19 0x7f061a129c3c <unknown>","statusTrace":"self = <tests.regression_ui.test_ui_regression.TestUIRegression object at 0x7f879309a720>\ndriver = <selenium.webdriver.chrome.webdriver.WebDriver (session=\"8545b0f5990cc2ac85995e363777b68d\")>\n\n    @pytest.mark.TC000\n    @pytest.mark.TC007\n    @allure.title('Label a Card')\n    def test_label_card(self, driver):\n        time.sleep(4)\n        with allure.step('Log in to Trello account'):\n            self.test_login(driver)\n    \n        with allure.step('Open a board and select a card'):\n            try:\n                WebDriverWait(driver, 10).until(EC.element_to_be_clickable((By.XPATH, self.SCC.Board.BOARD_TITLE))).click()\n                WebDriverWait(driver, 10).until(EC.visibility_of_element_located((By.XPATH, self.SCC.Board.LIST_TITLE))).click()\n                driver.find_element(By.XPATH, self.SCC.List.ADD_A_CARD_BUTTON).click()\n                driver.find_element(By.XPATH, self.SCC.List.CARD_NAME_FIELD).click()\n                time.sleep(1)\n                driver.find_element(By.XPATH, self.SCC.List.CARD_NAME_FIELD).send_keys('new_card')\n                driver.find_element(By.XPATH, self.SCC.List.ADD_CARD_SUBMIT_BUTTOMN).click()\n                time.sleep(3)\n            except Exception as e:\n                log.info(\"An error occurred: \", str(e))\n    \n        with allure.step('Click the card to open and archive it'):\n>           driver.find_element(By.XPATH, self.SCC.List.CARD_TO_ARCHIVE).click()\n\ntests/regression_ui/test_ui_regression.py:239: \n_ _ _ _ _ _ _ _ _ _ _ _ _ _ _ _ _ _ _ _ _ _ _ _ _ _ _ _ _ _ _ _ _ _ _ _ _ _ _ _ \n/opt/hostedtoolcache/Python/3.12.5/x64/lib/python3.12/site-packages/selenium/webdriver/remote/webdriver.py:770: in find_element\n    return self.execute(Command.FIND_ELEMENT, {\"using\": by, \"value\": value})[\"value\"]\n/opt/hostedtoolcache/Python/3.12.5/x64/lib/python3.12/site-packages/selenium/webdriver/remote/webdriver.py:384: in execute\n    self.error_handler.check_response(response)\n_ _ _ _ _ _ _ _ _ _ _ _ _ _ _ _ _ _ _ _ _ _ _ _ _ _ _ _ _ _ _ _ _ _ _ _ _ _ _ _ \n\nself = <selenium.webdriver.remote.errorhandler.ErrorHandler object at 0x7f879309d580>\nresponse = {'status': 404, 'value': '{\"value\":{\"error\":\"no such element\",\"message\":\"no such element: Unable to locate element: {\\...\\\\n#17 0x5573f327be76 \\\\u003Cunknown>\\\\n#18 0x7f061a09caa4 \\\\u003Cunknown>\\\\n#19 0x7f061a129c3c \\\\u003Cunknown>\\\\n\"}}'}\n\n    def check_response(self, response: Dict[str, Any]) -> None:\n        \"\"\"Checks that a JSON response from the WebDriver does not have an\n        error.\n    \n        :Args:\n         - response - The JSON response from the WebDriver server as a dictionary\n           object.\n    \n        :Raises: If the response contains an error message.\n        \"\"\"\n        status = response.get(\"status\", None)\n        if not status or status == ErrorCode.SUCCESS:\n            return\n        value = None\n        message = response.get(\"message\", \"\")\n        screen: str = response.get(\"screen\", \"\")\n        stacktrace = None\n        if isinstance(status, int):\n            value_json = response.get(\"value\", None)\n            if value_json and isinstance(value_json, str):\n                import json\n    \n                try:\n                    value = json.loads(value_json)\n                    if len(value) == 1:\n                        value = value[\"value\"]\n                    status = value.get(\"error\", None)\n                    if not status:\n                        status = value.get(\"status\", ErrorCode.UNKNOWN_ERROR)\n                        message = value.get(\"value\") or value.get(\"message\")\n                        if not isinstance(message, str):\n                            value = message\n                            message = message.get(\"message\")\n                    else:\n                        message = value.get(\"message\", None)\n                except ValueError:\n                    pass\n    \n        exception_class: Type[WebDriverException]\n        e = ErrorCode()\n        error_codes = [item for item in dir(e) if not item.startswith(\"__\")]\n        for error_code in error_codes:\n            error_info = getattr(ErrorCode, error_code)\n            if isinstance(error_info, list) and status in error_info:\n                exception_class = getattr(ExceptionMapping, error_code, WebDriverException)\n                break\n        else:\n            exception_class = WebDriverException\n    \n        if not value:\n            value = response[\"value\"]\n        if isinstance(value, str):\n            raise exception_class(value)\n        if message == \"\" and \"message\" in value:\n            message = value[\"message\"]\n    \n        screen = None  # type: ignore[assignment]\n        if \"screen\" in value:\n            screen = value[\"screen\"]\n    \n        stacktrace = None\n        st_value = value.get(\"stackTrace\") or value.get(\"stacktrace\")\n        if st_value:\n            if isinstance(st_value, str):\n                stacktrace = st_value.split(\"\\n\")\n            else:\n                stacktrace = []\n                try:\n                    for frame in st_value:\n                        line = frame.get(\"lineNumber\", \"\")\n                        file = frame.get(\"fileName\", \"<anonymous>\")\n                        if line:\n                            file = f\"{file}:{line}\"\n                        meth = frame.get(\"methodName\", \"<anonymous>\")\n                        if \"className\" in frame:\n                            meth = f\"{frame['className']}.{meth}\"\n                        msg = \"    at %s (%s)\"\n                        msg = msg % (meth, file)\n                        stacktrace.append(msg)\n                except TypeError:\n                    pass\n        if exception_class == UnexpectedAlertPresentException:\n            alert_text = None\n            if \"data\" in value:\n                alert_text = value[\"data\"].get(\"text\")\n            elif \"alert\" in value:\n                alert_text = value[\"alert\"].get(\"text\")\n            raise exception_class(message, screen, stacktrace, alert_text)  # type: ignore[call-arg]  # mypy is not smart enough here\n>       raise exception_class(message, screen, stacktrace)\nE       selenium.common.exceptions.NoSuchElementException: Message: no such element: Unable to locate element: {\"method\":\"xpath\",\"selector\":\"//*[contains(text(), 'new_card')]\"}\nE         (Session info: chrome=135.0.7049.52); For documentation on this error, please visit: https://www.selenium.dev/documentation/webdriver/troubleshooting/errors#no-such-element-exception\nE       Stacktrace:\nE       #0 0x5573f327cffa <unknown>\nE       #1 0x5573f2d3b970 <unknown>\nE       #2 0x5573f2d8d385 <unknown>\nE       #3 0x5573f2d8d5b1 <unknown>\nE       #4 0x5573f2ddc3c4 <unknown>\nE       #5 0x5573f2db32bd <unknown>\nE       #6 0x5573f2dd970c <unknown>\nE       #7 0x5573f2db3063 <unknown>\nE       #8 0x5573f2d7f328 <unknown>\nE       #9 0x5573f2d80491 <unknown>\nE       #10 0x5573f324442b <unknown>\nE       #11 0x5573f32482ec <unknown>\nE       #12 0x5573f322ba22 <unknown>\nE       #13 0x5573f3248e64 <unknown>\nE       #14 0x5573f320fbef <unknown>\nE       #15 0x5573f326b558 <unknown>\nE       #16 0x5573f326b736 <unknown>\nE       #17 0x5573f327be76 <unknown>\nE       #18 0x7f061a09caa4 <unknown>\nE       #19 0x7f061a129c3c <unknown>\n\n/opt/hostedtoolcache/Python/3.12.5/x64/lib/python3.12/site-packages/selenium/webdriver/remote/errorhandler.py:232: NoSuchElementException","steps":[{"name":"Log in to Trello account","time":{"start":1743541925070,"stop":1743541930957,"duration":5887},"status":"passed","steps":[{"name":"Navigate to the Trello page and enter valid credentials (email, password, and 6-digits verification code)","time":{"start":1743541925070,"stop":1743541930957,"duration":5887},"status":"passed","steps":[],"attachments":[],"parameters":[],"shouldDisplayMessage":false,"stepsCount":0,"attachmentsCount":0,"hasContent":false,"attachmentStep":false}],"attachments":[],"parameters":[],"shouldDisplayMessage":false,"stepsCount":1,"attachmentsCount":0,"hasContent":true,"attachmentStep":false},{"name":"Open a board and select a card","time":{"start":1743541930958,"stop":1743541941340,"duration":10382},"status":"passed","steps":[],"attachments":[],"parameters":[],"shouldDisplayMessage":false,"stepsCount":0,"attachmentsCount":0,"hasContent":false,"attachmentStep":false},{"name":"Click the card to open and archive it","time":{"start":1743541941340,"stop":1743541941355,"duration":15},"status":"broken","statusMessage":"selenium.common.exceptions.NoSuchElementException: Message: no such element: Unable to locate element: {\"method\":\"xpath\",\"selector\":\"//*[contains(text(), 'new_card')]\"}\n  (Session info: chrome=135.0.7049.52); For documentation on this error, please visit: https://www.selenium.dev/documentation/webdriver/troubleshooting/errors#no-such-element-exception\nStacktrace:\n#0 0x5573f327cffa <unknown>\n#1 0x5573f2d3b970 <unknown>\n#2 0x5573f2d8d385 <unknown>\n#3 0x5573f2d8d5b1 <unknown>\n#4 0x5573f2ddc3c4 <unknown>\n#5 0x5573f2db32bd <unknown>\n#6 0x5573f2dd970c <unknown>\n#7 0x5573f2db3063 <unknown>\n#8 0x5573f2d7f328 <unknown>\n#9 0x5573f2d80491 <unknown>\n#10 0x5573f324442b <unknown>\n#11 0x5573f32482ec <unknown>\n#12 0x5573f322ba22 <unknown>\n#13 0x5573f3248e64 <unknown>\n#14 0x5573f320fbef <unknown>\n#15 0x5573f326b558 <unknown>\n#16 0x5573f326b736 <unknown>\n#17 0x5573f327be76 <unknown>\n#18 0x7f061a09caa4 <unknown>\n#19 0x7f061a129c3c <unknown>\n\n","statusTrace":"  File \"/home/runner/work/pythonSelenium/pythonSelenium/tests/regression_ui/test_ui_regression.py\", line 239, in test_label_card\n    driver.find_element(By.XPATH, self.SCC.List.CARD_TO_ARCHIVE).click()\n    ^^^^^^^^^^^^^^^^^^^^^^^^^^^^^^^^^^^^^^^^^^^^^^^^^^^^^^^^^^^^\n  File \"/opt/hostedtoolcache/Python/3.12.5/x64/lib/python3.12/site-packages/selenium/webdriver/remote/webdriver.py\", line 770, in find_element\n    return self.execute(Command.FIND_ELEMENT, {\"using\": by, \"value\": value})[\"value\"]\n           ^^^^^^^^^^^^^^^^^^^^^^^^^^^^^^^^^^^^^^^^^^^^^^^^^^^^^^^^^^^^^^^^^\n  File \"/opt/hostedtoolcache/Python/3.12.5/x64/lib/python3.12/site-packages/selenium/webdriver/remote/webdriver.py\", line 384, in execute\n    self.error_handler.check_response(response)\n  File \"/opt/hostedtoolcache/Python/3.12.5/x64/lib/python3.12/site-packages/selenium/webdriver/remote/errorhandler.py\", line 232, in check_response\n    raise exception_class(message, screen, stacktrace)\n","steps":[],"attachments":[],"parameters":[],"shouldDisplayMessage":true,"stepsCount":0,"attachmentsCount":0,"hasContent":true,"attachmentStep":false}],"attachments":[{"uid":"7188856314151d3a","name":"log","source":"7188856314151d3a.txt","type":"text/plain","size":360}],"parameters":[],"shouldDisplayMessage":true,"stepsCount":4,"attachmentsCount":1,"hasContent":true,"attachmentStep":false},"afterStages":[{"name":"driver::0","time":{"start":1743541941385,"stop":1743541941455,"duration":70},"status":"passed","steps":[],"attachments":[],"parameters":[],"shouldDisplayMessage":false,"stepsCount":0,"attachmentsCount":0,"hasContent":false,"attachmentStep":false}],"labels":[{"name":"tag","value":"TC007"},{"name":"tag","value":"TC000"},{"name":"parentSuite","value":"tests.regression_ui"},{"name":"suite","value":"test_ui_regression"},{"name":"subSuite","value":"TestUIRegression"},{"name":"host","value":"fv-az1694-247"},{"name":"thread","value":"4650-MainThread"},{"name":"framework","value":"pytest"},{"name":"language","value":"cpython3"},{"name":"package","value":"tests.regression_ui.test_ui_regression"},{"name":"resultFormat","value":"allure2"}],"parameters":[],"links":[],"hidden":false,"retry":false,"extra":{"severity":"normal","retries":[],"categories":[{"name":"Test defects","matchedStatuses":[]}],"history":{"statistic":{"failed":0,"broken":76,"skipped":0,"passed":572,"unknown":0,"total":648},"items":[{"uid":"d9229e88e317e9c2","status":"broken","statusDetails":"selenium.common.exceptions.NoSuchElementException: Message: no such element: Unable to locate element: {\"method\":\"xpath\",\"selector\":\"//*[contains(text(), 'new_card')]\"}\n  (Session info: chrome=135.0.7049.52); For documentation on this error, please visit: https://www.selenium.dev/documentation/webdriver/troubleshooting/errors#no-such-element-exception\nStacktrace:\n#0 0x55be17eecffa <unknown>\n#1 0x55be179ab970 <unknown>\n#2 0x55be179fd385 <unknown>\n#3 0x55be179fd5b1 <unknown>\n#4 0x55be17a4c3c4 <unknown>\n#5 0x55be17a232bd <unknown>\n#6 0x55be17a4970c <unknown>\n#7 0x55be17a23063 <unknown>\n#8 0x55be179ef328 <unknown>\n#9 0x55be179f0491 <unknown>\n#10 0x55be17eb442b <unknown>\n#11 0x55be17eb82ec <unknown>\n#12 0x55be17e9ba22 <unknown>\n#13 0x55be17eb8e64 <unknown>\n#14 0x55be17e7fbef <unknown>\n#15 0x55be17edb558 <unknown>\n#16 0x55be17edb736 <unknown>\n#17 0x55be17eebe76 <unknown>\n#18 0x7fe2bd49caa4 <unknown>\n#19 0x7fe2bd529c3c <unknown>","time":{"start":1743531315311,"stop":1743531335428,"duration":20117}},{"uid":"7bc7658f5f121e68","status":"broken","statusDetails":"selenium.common.exceptions.NoSuchElementException: Message: no such element: Unable to locate element: {\"method\":\"xpath\",\"selector\":\"//*[contains(text(), 'new_card')]\"}\n  (Session info: chrome=134.0.6998.165); For documentation on this error, please visit: https://www.selenium.dev/documentation/webdriver/troubleshooting/errors#no-such-element-exception\nStacktrace:\n#0 0x55deb4c8da1a <unknown>\n#1 0x55deb4745390 <unknown>\n#2 0x55deb4796c85 <unknown>\n#3 0x55deb4796eb1 <unknown>\n#4 0x55deb47e5d64 <unknown>\n#5 0x55deb47bcbfd <unknown>\n#6 0x55deb47e307b <unknown>\n#7 0x55deb47bc9a3 <unknown>\n#8 0x55deb478860e <unknown>\n#9 0x55deb4789dd1 <unknown>\n#10 0x55deb4c53ddb <unknown>\n#11 0x55deb4c57cbc <unknown>\n#12 0x55deb4c3b392 <unknown>\n#13 0x55deb4c58834 <unknown>\n#14 0x55deb4c1f1ef <unknown>\n#15 0x55deb4c7c038 <unknown>\n#16 0x55deb4c7c216 <unknown>\n#17 0x55deb4c8c896 <unknown>\n#18 0x7f88af29caa4 <unknown>\n#19 0x7f88af329c3c <unknown>","time":{"start":1743520415139,"stop":1743520435900,"duration":20761}},{"uid":"92745f90caa1d9aa","status":"passed","time":{"start":1743509993581,"stop":1743510015459,"duration":21878}},{"uid":"b5efb22e1fd57279","status":"broken","statusDetails":"selenium.common.exceptions.NoSuchElementException: Message: no such element: Unable to locate element: {\"method\":\"xpath\",\"selector\":\"//*[contains(text(), 'new_card')]\"}\n  (Session info: chrome=134.0.6998.165); For documentation on this error, please visit: https://www.selenium.dev/documentation/webdriver/troubleshooting/errors#no-such-element-exception\nStacktrace:\n#0 0x55c956cc5ffa <unknown>\n#1 0x55c956784970 <unknown>\n#2 0x55c9567d6385 <unknown>\n#3 0x55c9567d65b1 <unknown>\n#4 0x55c9568253c4 <unknown>\n#5 0x55c9567fc2bd <unknown>\n#6 0x55c95682270c <unknown>\n#7 0x55c9567fc063 <unknown>\n#8 0x55c9567c8328 <unknown>\n#9 0x55c9567c9491 <unknown>\n#10 0x55c956c8d42b <unknown>\n#11 0x55c956c912ec <unknown>\n#12 0x55c956c74a22 <unknown>\n#13 0x55c956c91e64 <unknown>\n#14 0x55c956c58bef <unknown>\n#15 0x55c956cb4558 <unknown>\n#16 0x55c956cb4736 <unknown>\n#17 0x55c956cc4e76 <unknown>\n#18 0x7ff01869caa4 <unknown>\n#19 0x7ff018729c3c <unknown>","time":{"start":1743498772857,"stop":1743498793168,"duration":20311}},{"uid":"6756969d1cd45047","status":"broken","statusDetails":"selenium.common.exceptions.NoSuchElementException: Message: no such element: Unable to locate element: {\"method\":\"xpath\",\"selector\":\"//*[contains(text(), 'new_card')]\"}\n  (Session info: chrome=134.0.6998.165); For documentation on this error, please visit: https://www.selenium.dev/documentation/webdriver/troubleshooting/errors#no-such-element-exception\nStacktrace:\n#0 0x558a1d815a1a <unknown>\n#1 0x558a1d2cd390 <unknown>\n#2 0x558a1d31ec85 <unknown>\n#3 0x558a1d31eeb1 <unknown>\n#4 0x558a1d36dd64 <unknown>\n#5 0x558a1d344bfd <unknown>\n#6 0x558a1d36b07b <unknown>\n#7 0x558a1d3449a3 <unknown>\n#8 0x558a1d31060e <unknown>\n#9 0x558a1d311dd1 <unknown>\n#10 0x558a1d7dbddb <unknown>\n#11 0x558a1d7dfcbc <unknown>\n#12 0x558a1d7c3392 <unknown>\n#13 0x558a1d7e0834 <unknown>\n#14 0x558a1d7a71ef <unknown>\n#15 0x558a1d804038 <unknown>\n#16 0x558a1d804216 <unknown>\n#17 0x558a1d814896 <unknown>\n#18 0x7f261949caa4 <unknown>\n#19 0x7f2619529c3c <unknown>","time":{"start":1743488236728,"stop":1743488257400,"duration":20672}},{"uid":"7683d63636e5be65","status":"broken","statusDetails":"selenium.common.exceptions.NoSuchElementException: Message: no such element: Unable to locate element: {\"method\":\"xpath\",\"selector\":\"//*[contains(text(), 'new_card')]\"}\n  (Session info: chrome=134.0.6998.165); For documentation on this error, please visit: https://www.selenium.dev/documentation/webdriver/troubleshooting/errors#no-such-element-exception\nStacktrace:\n#0 0x55e5dd206a1a <unknown>\n#1 0x55e5dccbe390 <unknown>\n#2 0x55e5dcd0fc85 <unknown>\n#3 0x55e5dcd0feb1 <unknown>\n#4 0x55e5dcd5ed64 <unknown>\n#5 0x55e5dcd35bfd <unknown>\n#6 0x55e5dcd5c07b <unknown>\n#7 0x55e5dcd359a3 <unknown>\n#8 0x55e5dcd0160e <unknown>\n#9 0x55e5dcd02dd1 <unknown>\n#10 0x55e5dd1ccddb <unknown>\n#11 0x55e5dd1d0cbc <unknown>\n#12 0x55e5dd1b4392 <unknown>\n#13 0x55e5dd1d1834 <unknown>\n#14 0x55e5dd1981ef <unknown>\n#15 0x55e5dd1f5038 <unknown>\n#16 0x55e5dd1f5216 <unknown>\n#17 0x55e5dd205896 <unknown>\n#18 0x7f6b88e9caa4 <unknown>\n#19 0x7f6b88f29c3c <unknown>","time":{"start":1743478822802,"stop":1743478842921,"duration":20119}},{"uid":"acf70b1b03df043a","status":"broken","statusDetails":"selenium.common.exceptions.NoSuchElementException: Message: no such element: Unable to locate element: {\"method\":\"xpath\",\"selector\":\"//*[contains(text(), 'new_card')]\"}\n  (Session info: chrome=134.0.6998.165); For documentation on this error, please visit: https://www.selenium.dev/documentation/webdriver/troubleshooting/errors#no-such-element-exception\nStacktrace:\n#0 0x55a6dddcca1a <unknown>\n#1 0x55a6dd884390 <unknown>\n#2 0x55a6dd8d5c85 <unknown>\n#3 0x55a6dd8d5eb1 <unknown>\n#4 0x55a6dd924d64 <unknown>\n#5 0x55a6dd8fbbfd <unknown>\n#6 0x55a6dd92207b <unknown>\n#7 0x55a6dd8fb9a3 <unknown>\n#8 0x55a6dd8c760e <unknown>\n#9 0x55a6dd8c8dd1 <unknown>\n#10 0x55a6ddd92ddb <unknown>\n#11 0x55a6ddd96cbc <unknown>\n#12 0x55a6ddd7a392 <unknown>\n#13 0x55a6ddd97834 <unknown>\n#14 0x55a6ddd5e1ef <unknown>\n#15 0x55a6dddbb038 <unknown>\n#16 0x55a6dddbb216 <unknown>\n#17 0x55a6dddcb896 <unknown>\n#18 0x7f96a209caa4 <unknown>\n#19 0x7f96a2129c3c <unknown>","time":{"start":1743468841335,"stop":1743468862067,"duration":20732}},{"uid":"9ff0b591c7bc38da","status":"broken","statusDetails":"selenium.common.exceptions.NoSuchElementException: Message: no such element: Unable to locate element: {\"method\":\"xpath\",\"selector\":\"//*[contains(text(), 'new_card')]\"}\n  (Session info: chrome=134.0.6998.165); For documentation on this error, please visit: https://www.selenium.dev/documentation/webdriver/troubleshooting/errors#no-such-element-exception\nStacktrace:\n#0 0x55f7bfa23a1a <unknown>\n#1 0x55f7bf4db390 <unknown>\n#2 0x55f7bf52cc85 <unknown>\n#3 0x55f7bf52ceb1 <unknown>\n#4 0x55f7bf57bd64 <unknown>\n#5 0x55f7bf552bfd <unknown>\n#6 0x55f7bf57907b <unknown>\n#7 0x55f7bf5529a3 <unknown>\n#8 0x55f7bf51e60e <unknown>\n#9 0x55f7bf51fdd1 <unknown>\n#10 0x55f7bf9e9ddb <unknown>\n#11 0x55f7bf9edcbc <unknown>\n#12 0x55f7bf9d1392 <unknown>\n#13 0x55f7bf9ee834 <unknown>\n#14 0x55f7bf9b51ef <unknown>\n#15 0x55f7bfa12038 <unknown>\n#16 0x55f7bfa12216 <unknown>\n#17 0x55f7bfa22896 <unknown>\n#18 0x7fe41929caa4 <unknown>\n#19 0x7fe419329c3c <unknown>","time":{"start":1743455479228,"stop":1743455499897,"duration":20669}},{"uid":"566ee17ec726aa91","status":"broken","statusDetails":"selenium.common.exceptions.NoSuchElementException: Message: no such element: Unable to locate element: {\"method\":\"xpath\",\"selector\":\"//*[contains(text(), 'new_card')]\"}\n  (Session info: chrome=134.0.6998.165); For documentation on this error, please visit: https://www.selenium.dev/documentation/webdriver/troubleshooting/errors#no-such-element-exception\nStacktrace:\n#0 0x55c00ad7affa <unknown>\n#1 0x55c00a839970 <unknown>\n#2 0x55c00a88b385 <unknown>\n#3 0x55c00a88b5b1 <unknown>\n#4 0x55c00a8da3c4 <unknown>\n#5 0x55c00a8b12bd <unknown>\n#6 0x55c00a8d770c <unknown>\n#7 0x55c00a8b1063 <unknown>\n#8 0x55c00a87d328 <unknown>\n#9 0x55c00a87e491 <unknown>\n#10 0x55c00ad4242b <unknown>\n#11 0x55c00ad462ec <unknown>\n#12 0x55c00ad29a22 <unknown>\n#13 0x55c00ad46e64 <unknown>\n#14 0x55c00ad0dbef <unknown>\n#15 0x55c00ad69558 <unknown>\n#16 0x55c00ad69736 <unknown>\n#17 0x55c00ad79e76 <unknown>\n#18 0x7f021269caa4 <unknown>\n#19 0x7f0212729c3c <unknown>","time":{"start":1743444917517,"stop":1743444938201,"duration":20684}},{"uid":"437976b42ac0d830","status":"broken","statusDetails":"selenium.common.exceptions.NoSuchElementException: Message: no such element: Unable to locate element: {\"method\":\"xpath\",\"selector\":\"//*[contains(text(), 'new_card')]\"}\n  (Session info: chrome=134.0.6998.165); For documentation on this error, please visit: https://www.selenium.dev/documentation/webdriver/troubleshooting/errors#no-such-element-exception\nStacktrace:\n#0 0x556ec83d0ffa <unknown>\n#1 0x556ec7e8f970 <unknown>\n#2 0x556ec7ee1385 <unknown>\n#3 0x556ec7ee15b1 <unknown>\n#4 0x556ec7f303c4 <unknown>\n#5 0x556ec7f072bd <unknown>\n#6 0x556ec7f2d70c <unknown>\n#7 0x556ec7f07063 <unknown>\n#8 0x556ec7ed3328 <unknown>\n#9 0x556ec7ed4491 <unknown>\n#10 0x556ec839842b <unknown>\n#11 0x556ec839c2ec <unknown>\n#12 0x556ec837fa22 <unknown>\n#13 0x556ec839ce64 <unknown>\n#14 0x556ec8363bef <unknown>\n#15 0x556ec83bf558 <unknown>\n#16 0x556ec83bf736 <unknown>\n#17 0x556ec83cfe76 <unknown>\n#18 0x7f9b44e9caa4 <unknown>\n#19 0x7f9b44f29c3c <unknown>","time":{"start":1743433940786,"stop":1743433961031,"duration":20245}},{"uid":"8d5e7e234a71a70c","status":"broken","statusDetails":"selenium.common.exceptions.NoSuchElementException: Message: no such element: Unable to locate element: {\"method\":\"xpath\",\"selector\":\"//*[contains(text(), 'new_card')]\"}\n  (Session info: chrome=134.0.6998.165); For documentation on this error, please visit: https://www.selenium.dev/documentation/webdriver/troubleshooting/errors#no-such-element-exception\nStacktrace:\n#0 0x55d21e77bffa <unknown>\n#1 0x55d21e23a970 <unknown>\n#2 0x55d21e28c385 <unknown>\n#3 0x55d21e28c5b1 <unknown>\n#4 0x55d21e2db3c4 <unknown>\n#5 0x55d21e2b22bd <unknown>\n#6 0x55d21e2d870c <unknown>\n#7 0x55d21e2b2063 <unknown>\n#8 0x55d21e27e328 <unknown>\n#9 0x55d21e27f491 <unknown>\n#10 0x55d21e74342b <unknown>\n#11 0x55d21e7472ec <unknown>\n#12 0x55d21e72aa22 <unknown>\n#13 0x55d21e747e64 <unknown>\n#14 0x55d21e70ebef <unknown>\n#15 0x55d21e76a558 <unknown>\n#16 0x55d21e76a736 <unknown>\n#17 0x55d21e77ae76 <unknown>\n#18 0x7f3807a9caa4 <unknown>\n#19 0x7f3807b29c3c <unknown>","time":{"start":1743423634075,"stop":1743423654233,"duration":20158}},{"uid":"5c5595777703885","status":"broken","statusDetails":"selenium.common.exceptions.NoSuchElementException: Message: no such element: Unable to locate element: {\"method\":\"xpath\",\"selector\":\"//*[contains(text(), 'new_card')]\"}\n  (Session info: chrome=134.0.6998.165); For documentation on this error, please visit: https://www.selenium.dev/documentation/webdriver/troubleshooting/errors#no-such-element-exception\nStacktrace:\n#0 0x557f45cdda1a <unknown>\n#1 0x557f45795390 <unknown>\n#2 0x557f457e6c85 <unknown>\n#3 0x557f457e6eb1 <unknown>\n#4 0x557f45835d64 <unknown>\n#5 0x557f4580cbfd <unknown>\n#6 0x557f4583307b <unknown>\n#7 0x557f4580c9a3 <unknown>\n#8 0x557f457d860e <unknown>\n#9 0x557f457d9dd1 <unknown>\n#10 0x557f45ca3ddb <unknown>\n#11 0x557f45ca7cbc <unknown>\n#12 0x557f45c8b392 <unknown>\n#13 0x557f45ca8834 <unknown>\n#14 0x557f45c6f1ef <unknown>\n#15 0x557f45ccc038 <unknown>\n#16 0x557f45ccc216 <unknown>\n#17 0x557f45cdc896 <unknown>\n#18 0x7fe85769caa4 <unknown>\n#19 0x7fe857729c3c <unknown>","time":{"start":1743412400433,"stop":1743412420577,"duration":20144}},{"uid":"9ec78afd7301158b","status":"broken","statusDetails":"selenium.common.exceptions.NoSuchElementException: Message: no such element: Unable to locate element: {\"method\":\"xpath\",\"selector\":\"//*[contains(text(), 'new_card')]\"}\n  (Session info: chrome=134.0.6998.165); For documentation on this error, please visit: https://www.selenium.dev/documentation/webdriver/troubleshooting/errors#no-such-element-exception\nStacktrace:\n#0 0x558cd49d7ffa <unknown>\n#1 0x558cd4496970 <unknown>\n#2 0x558cd44e8385 <unknown>\n#3 0x558cd44e85b1 <unknown>\n#4 0x558cd45373c4 <unknown>\n#5 0x558cd450e2bd <unknown>\n#6 0x558cd453470c <unknown>\n#7 0x558cd450e063 <unknown>\n#8 0x558cd44da328 <unknown>\n#9 0x558cd44db491 <unknown>\n#10 0x558cd499f42b <unknown>\n#11 0x558cd49a32ec <unknown>\n#12 0x558cd4986a22 <unknown>\n#13 0x558cd49a3e64 <unknown>\n#14 0x558cd496abef <unknown>\n#15 0x558cd49c6558 <unknown>\n#16 0x558cd49c6736 <unknown>\n#17 0x558cd49d6e76 <unknown>\n#18 0x7f008949caa4 <unknown>\n#19 0x7f0089529c3c <unknown>","time":{"start":1743401844950,"stop":1743401865198,"duration":20248}},{"uid":"a36c386095c0d024","status":"broken","statusDetails":"selenium.common.exceptions.NoSuchElementException: Message: no such element: Unable to locate element: {\"method\":\"xpath\",\"selector\":\"//*[contains(text(), 'new_card')]\"}\n  (Session info: chrome=134.0.6998.165); For documentation on this error, please visit: https://www.selenium.dev/documentation/webdriver/troubleshooting/errors#no-such-element-exception\nStacktrace:\n#0 0x55663060da1a <unknown>\n#1 0x5566300c5390 <unknown>\n#2 0x556630116c85 <unknown>\n#3 0x556630116eb1 <unknown>\n#4 0x556630165d64 <unknown>\n#5 0x55663013cbfd <unknown>\n#6 0x55663016307b <unknown>\n#7 0x55663013c9a3 <unknown>\n#8 0x55663010860e <unknown>\n#9 0x556630109dd1 <unknown>\n#10 0x5566305d3ddb <unknown>\n#11 0x5566305d7cbc <unknown>\n#12 0x5566305bb392 <unknown>\n#13 0x5566305d8834 <unknown>\n#14 0x55663059f1ef <unknown>\n#15 0x5566305fc038 <unknown>\n#16 0x5566305fc216 <unknown>\n#17 0x55663060c896 <unknown>\n#18 0x7fa338a9caa4 <unknown>\n#19 0x7fa338b29c3c <unknown>","time":{"start":1743392067661,"stop":1743392088819,"duration":21158}},{"uid":"36eefec6ad0470c4","status":"broken","statusDetails":"selenium.common.exceptions.NoSuchElementException: Message: no such element: Unable to locate element: {\"method\":\"xpath\",\"selector\":\"//*[contains(text(), 'new_card')]\"}\n  (Session info: chrome=134.0.6998.165); For documentation on this error, please visit: https://www.selenium.dev/documentation/webdriver/troubleshooting/errors#no-such-element-exception\nStacktrace:\n#0 0x55e786038ffa <unknown>\n#1 0x55e785af7970 <unknown>\n#2 0x55e785b49385 <unknown>\n#3 0x55e785b495b1 <unknown>\n#4 0x55e785b983c4 <unknown>\n#5 0x55e785b6f2bd <unknown>\n#6 0x55e785b9570c <unknown>\n#7 0x55e785b6f063 <unknown>\n#8 0x55e785b3b328 <unknown>\n#9 0x55e785b3c491 <unknown>\n#10 0x55e78600042b <unknown>\n#11 0x55e7860042ec <unknown>\n#12 0x55e785fe7a22 <unknown>\n#13 0x55e786004e64 <unknown>\n#14 0x55e785fcbbef <unknown>\n#15 0x55e786027558 <unknown>\n#16 0x55e786027736 <unknown>\n#17 0x55e786037e76 <unknown>\n#18 0x7fea26a9caa4 <unknown>\n#19 0x7fea26b29c3c <unknown>","time":{"start":1743382176341,"stop":1743382196614,"duration":20273}},{"uid":"e7757cb42b0ae2e","status":"broken","statusDetails":"selenium.common.exceptions.NoSuchElementException: Message: no such element: Unable to locate element: {\"method\":\"xpath\",\"selector\":\"//*[contains(text(), 'new_card')]\"}\n  (Session info: chrome=134.0.6998.165); For documentation on this error, please visit: https://www.selenium.dev/documentation/webdriver/troubleshooting/errors#no-such-element-exception\nStacktrace:\n#0 0x559efe767ffa <unknown>\n#1 0x559efe226970 <unknown>\n#2 0x559efe278385 <unknown>\n#3 0x559efe2785b1 <unknown>\n#4 0x559efe2c73c4 <unknown>\n#5 0x559efe29e2bd <unknown>\n#6 0x559efe2c470c <unknown>\n#7 0x559efe29e063 <unknown>\n#8 0x559efe26a328 <unknown>\n#9 0x559efe26b491 <unknown>\n#10 0x559efe72f42b <unknown>\n#11 0x559efe7332ec <unknown>\n#12 0x559efe716a22 <unknown>\n#13 0x559efe733e64 <unknown>\n#14 0x559efe6fabef <unknown>\n#15 0x559efe756558 <unknown>\n#16 0x559efe756736 <unknown>\n#17 0x559efe766e76 <unknown>\n#18 0x7fb6b329caa4 <unknown>\n#19 0x7fb6b3329c3c <unknown>","time":{"start":1743369124620,"stop":1743369145345,"duration":20725}},{"uid":"3767f890bb8ee0ab","status":"broken","statusDetails":"selenium.common.exceptions.NoSuchElementException: Message: no such element: Unable to locate element: {\"method\":\"xpath\",\"selector\":\"//*[contains(text(), 'new_card')]\"}\n  (Session info: chrome=134.0.6998.165); For documentation on this error, please visit: https://www.selenium.dev/documentation/webdriver/troubleshooting/errors#no-such-element-exception\nStacktrace:\n#0 0x563a0a2f0ffa <unknown>\n#1 0x563a09daf970 <unknown>\n#2 0x563a09e01385 <unknown>\n#3 0x563a09e015b1 <unknown>\n#4 0x563a09e503c4 <unknown>\n#5 0x563a09e272bd <unknown>\n#6 0x563a09e4d70c <unknown>\n#7 0x563a09e27063 <unknown>\n#8 0x563a09df3328 <unknown>\n#9 0x563a09df4491 <unknown>\n#10 0x563a0a2b842b <unknown>\n#11 0x563a0a2bc2ec <unknown>\n#12 0x563a0a29fa22 <unknown>\n#13 0x563a0a2bce64 <unknown>\n#14 0x563a0a283bef <unknown>\n#15 0x563a0a2df558 <unknown>\n#16 0x563a0a2df736 <unknown>\n#17 0x563a0a2efe76 <unknown>\n#18 0x7f0bffc9caa4 <unknown>\n#19 0x7f0bffd29c3c <unknown>","time":{"start":1743358398043,"stop":1743358418291,"duration":20248}},{"uid":"f30446fe2a5a91cb","status":"broken","statusDetails":"selenium.common.exceptions.NoSuchElementException: Message: no such element: Unable to locate element: {\"method\":\"xpath\",\"selector\":\"//*[contains(text(), 'new_card')]\"}\n  (Session info: chrome=134.0.6998.165); For documentation on this error, please visit: https://www.selenium.dev/documentation/webdriver/troubleshooting/errors#no-such-element-exception\nStacktrace:\n#0 0x55e300a7dffa <unknown>\n#1 0x55e30053c970 <unknown>\n#2 0x55e30058e385 <unknown>\n#3 0x55e30058e5b1 <unknown>\n#4 0x55e3005dd3c4 <unknown>\n#5 0x55e3005b42bd <unknown>\n#6 0x55e3005da70c <unknown>\n#7 0x55e3005b4063 <unknown>\n#8 0x55e300580328 <unknown>\n#9 0x55e300581491 <unknown>\n#10 0x55e300a4542b <unknown>\n#11 0x55e300a492ec <unknown>\n#12 0x55e300a2ca22 <unknown>\n#13 0x55e300a49e64 <unknown>\n#14 0x55e300a10bef <unknown>\n#15 0x55e300a6c558 <unknown>\n#16 0x55e300a6c736 <unknown>\n#17 0x55e300a7ce76 <unknown>\n#18 0x7f767ac9caa4 <unknown>\n#19 0x7f767ad29c3c <unknown>","time":{"start":1743347447838,"stop":1743347468538,"duration":20700}},{"uid":"c776dff171a84c14","status":"broken","statusDetails":"selenium.common.exceptions.NoSuchElementException: Message: no such element: Unable to locate element: {\"method\":\"xpath\",\"selector\":\"//*[contains(text(), 'new_card')]\"}\n  (Session info: chrome=134.0.6998.165); For documentation on this error, please visit: https://www.selenium.dev/documentation/webdriver/troubleshooting/errors#no-such-element-exception\nStacktrace:\n#0 0x55f0eed98ffa <unknown>\n#1 0x55f0ee857970 <unknown>\n#2 0x55f0ee8a9385 <unknown>\n#3 0x55f0ee8a95b1 <unknown>\n#4 0x55f0ee8f83c4 <unknown>\n#5 0x55f0ee8cf2bd <unknown>\n#6 0x55f0ee8f570c <unknown>\n#7 0x55f0ee8cf063 <unknown>\n#8 0x55f0ee89b328 <unknown>\n#9 0x55f0ee89c491 <unknown>\n#10 0x55f0eed6042b <unknown>\n#11 0x55f0eed642ec <unknown>\n#12 0x55f0eed47a22 <unknown>\n#13 0x55f0eed64e64 <unknown>\n#14 0x55f0eed2bbef <unknown>\n#15 0x55f0eed87558 <unknown>\n#16 0x55f0eed87736 <unknown>\n#17 0x55f0eed97e76 <unknown>\n#18 0x7fdfb869caa4 <unknown>\n#19 0x7fdfb8729c3c <unknown>","time":{"start":1743337068657,"stop":1743337089300,"duration":20643}},{"uid":"aed8f9a22a08d00b","status":"broken","statusDetails":"selenium.common.exceptions.NoSuchElementException: Message: no such element: Unable to locate element: {\"method\":\"xpath\",\"selector\":\"//*[contains(text(), 'new_card')]\"}\n  (Session info: chrome=134.0.6998.165); For documentation on this error, please visit: https://www.selenium.dev/documentation/webdriver/troubleshooting/errors#no-such-element-exception\nStacktrace:\n#0 0x55ed97c9da1a <unknown>\n#1 0x55ed97755390 <unknown>\n#2 0x55ed977a6c85 <unknown>\n#3 0x55ed977a6eb1 <unknown>\n#4 0x55ed977f5d64 <unknown>\n#5 0x55ed977ccbfd <unknown>\n#6 0x55ed977f307b <unknown>\n#7 0x55ed977cc9a3 <unknown>\n#8 0x55ed9779860e <unknown>\n#9 0x55ed97799dd1 <unknown>\n#10 0x55ed97c63ddb <unknown>\n#11 0x55ed97c67cbc <unknown>\n#12 0x55ed97c4b392 <unknown>\n#13 0x55ed97c68834 <unknown>\n#14 0x55ed97c2f1ef <unknown>\n#15 0x55ed97c8c038 <unknown>\n#16 0x55ed97c8c216 <unknown>\n#17 0x55ed97c9c896 <unknown>\n#18 0x7f3da769caa4 <unknown>\n#19 0x7f3da7729c3c <unknown>","time":{"start":1743325880791,"stop":1743325900912,"duration":20121}}]},"tags":["TC007","TC000"]},"source":"f1bbcf468b10b83e.json","parameterValues":[]}