{"uid":"f3abe46217589d03","name":"Label a Card","fullName":"tests.regression_ui.test_ui_regression.TestUIRegression#test_label_card","historyId":"81bf587fe9f2db9e87ee2dc06e7308b0","time":{"start":1742418921914,"stop":1742418941983,"duration":20069},"status":"broken","statusMessage":"selenium.common.exceptions.NoSuchElementException: Message: no such element: Unable to locate element: {\"method\":\"xpath\",\"selector\":\"//*[contains(text(), 'new_card')]\"}\n  (Session info: chrome=134.0.6998.117); For documentation on this error, please visit: https://www.selenium.dev/documentation/webdriver/troubleshooting/errors#no-such-element-exception\nStacktrace:\n#0 0x563ac4015a1a <unknown>\n#1 0x563ac3acd390 <unknown>\n#2 0x563ac3b1ec85 <unknown>\n#3 0x563ac3b1eeb1 <unknown>\n#4 0x563ac3b6dd64 <unknown>\n#5 0x563ac3b44bfd <unknown>\n#6 0x563ac3b6b07b <unknown>\n#7 0x563ac3b449a3 <unknown>\n#8 0x563ac3b1060e <unknown>\n#9 0x563ac3b11dd1 <unknown>\n#10 0x563ac3fdbddb <unknown>\n#11 0x563ac3fdfcbc <unknown>\n#12 0x563ac3fc3392 <unknown>\n#13 0x563ac3fe0834 <unknown>\n#14 0x563ac3fa71ef <unknown>\n#15 0x563ac4004038 <unknown>\n#16 0x563ac4004216 <unknown>\n#17 0x563ac4014896 <unknown>\n#18 0x7f1cb869caa4 <unknown>\n#19 0x7f1cb8729c3c <unknown>","statusTrace":"self = <tests.regression_ui.test_ui_regression.TestUIRegression object at 0x7f532e872870>\ndriver = <selenium.webdriver.chrome.webdriver.WebDriver (session=\"e6f909f56f03311f6439fa7ad9aafc5d\")>\n\n    @pytest.mark.TC000\n    @pytest.mark.TC007\n    @allure.title('Label a Card')\n    def test_label_card(self, driver):\n        time.sleep(4)\n        with allure.step('Log in to Trello account'):\n            self.test_login(driver)\n    \n        with allure.step('Open a board and select a card'):\n            try:\n                WebDriverWait(driver, 10).until(EC.element_to_be_clickable((By.XPATH, self.SCC.Board.BOARD_TITLE))).click()\n                WebDriverWait(driver, 10).until(EC.visibility_of_element_located((By.XPATH, self.SCC.Board.LIST_TITLE))).click()\n                driver.find_element(By.XPATH, self.SCC.List.ADD_A_CARD_BUTTON).click()\n                driver.find_element(By.XPATH, self.SCC.List.CARD_NAME_FIELD).click()\n                time.sleep(1)\n                driver.find_element(By.XPATH, self.SCC.List.CARD_NAME_FIELD).send_keys('new_card')\n                driver.find_element(By.XPATH, self.SCC.List.ADD_CARD_SUBMIT_BUTTOMN).click()\n                time.sleep(3)\n            except Exception as e:\n                log.info(\"An error occurred: \", str(e))\n    \n        with allure.step('Click the card to open and archive it'):\n>           driver.find_element(By.XPATH, self.SCC.List.CARD_TO_ARCHIVE).click()\n\ntests/regression_ui/test_ui_regression.py:239: \n_ _ _ _ _ _ _ _ _ _ _ _ _ _ _ _ _ _ _ _ _ _ _ _ _ _ _ _ _ _ _ _ _ _ _ _ _ _ _ _ \n/opt/hostedtoolcache/Python/3.12.5/x64/lib/python3.12/site-packages/selenium/webdriver/remote/webdriver.py:770: in find_element\n    return self.execute(Command.FIND_ELEMENT, {\"using\": by, \"value\": value})[\"value\"]\n/opt/hostedtoolcache/Python/3.12.5/x64/lib/python3.12/site-packages/selenium/webdriver/remote/webdriver.py:384: in execute\n    self.error_handler.check_response(response)\n_ _ _ _ _ _ _ _ _ _ _ _ _ _ _ _ _ _ _ _ _ _ _ _ _ _ _ _ _ _ _ _ _ _ _ _ _ _ _ _ \n\nself = <selenium.webdriver.remote.errorhandler.ErrorHandler object at 0x7f532f4686e0>\nresponse = {'status': 404, 'value': '{\"value\":{\"error\":\"no such element\",\"message\":\"no such element: Unable to locate element: {\\...\\\\n#17 0x563ac4014896 \\\\u003Cunknown>\\\\n#18 0x7f1cb869caa4 \\\\u003Cunknown>\\\\n#19 0x7f1cb8729c3c \\\\u003Cunknown>\\\\n\"}}'}\n\n    def check_response(self, response: Dict[str, Any]) -> None:\n        \"\"\"Checks that a JSON response from the WebDriver does not have an\n        error.\n    \n        :Args:\n         - response - The JSON response from the WebDriver server as a dictionary\n           object.\n    \n        :Raises: If the response contains an error message.\n        \"\"\"\n        status = response.get(\"status\", None)\n        if not status or status == ErrorCode.SUCCESS:\n            return\n        value = None\n        message = response.get(\"message\", \"\")\n        screen: str = response.get(\"screen\", \"\")\n        stacktrace = None\n        if isinstance(status, int):\n            value_json = response.get(\"value\", None)\n            if value_json and isinstance(value_json, str):\n                import json\n    \n                try:\n                    value = json.loads(value_json)\n                    if len(value) == 1:\n                        value = value[\"value\"]\n                    status = value.get(\"error\", None)\n                    if not status:\n                        status = value.get(\"status\", ErrorCode.UNKNOWN_ERROR)\n                        message = value.get(\"value\") or value.get(\"message\")\n                        if not isinstance(message, str):\n                            value = message\n                            message = message.get(\"message\")\n                    else:\n                        message = value.get(\"message\", None)\n                except ValueError:\n                    pass\n    \n        exception_class: Type[WebDriverException]\n        e = ErrorCode()\n        error_codes = [item for item in dir(e) if not item.startswith(\"__\")]\n        for error_code in error_codes:\n            error_info = getattr(ErrorCode, error_code)\n            if isinstance(error_info, list) and status in error_info:\n                exception_class = getattr(ExceptionMapping, error_code, WebDriverException)\n                break\n        else:\n            exception_class = WebDriverException\n    \n        if not value:\n            value = response[\"value\"]\n        if isinstance(value, str):\n            raise exception_class(value)\n        if message == \"\" and \"message\" in value:\n            message = value[\"message\"]\n    \n        screen = None  # type: ignore[assignment]\n        if \"screen\" in value:\n            screen = value[\"screen\"]\n    \n        stacktrace = None\n        st_value = value.get(\"stackTrace\") or value.get(\"stacktrace\")\n        if st_value:\n            if isinstance(st_value, str):\n                stacktrace = st_value.split(\"\\n\")\n            else:\n                stacktrace = []\n                try:\n                    for frame in st_value:\n                        line = frame.get(\"lineNumber\", \"\")\n                        file = frame.get(\"fileName\", \"<anonymous>\")\n                        if line:\n                            file = f\"{file}:{line}\"\n                        meth = frame.get(\"methodName\", \"<anonymous>\")\n                        if \"className\" in frame:\n                            meth = f\"{frame['className']}.{meth}\"\n                        msg = \"    at %s (%s)\"\n                        msg = msg % (meth, file)\n                        stacktrace.append(msg)\n                except TypeError:\n                    pass\n        if exception_class == UnexpectedAlertPresentException:\n            alert_text = None\n            if \"data\" in value:\n                alert_text = value[\"data\"].get(\"text\")\n            elif \"alert\" in value:\n                alert_text = value[\"alert\"].get(\"text\")\n            raise exception_class(message, screen, stacktrace, alert_text)  # type: ignore[call-arg]  # mypy is not smart enough here\n>       raise exception_class(message, screen, stacktrace)\nE       selenium.common.exceptions.NoSuchElementException: Message: no such element: Unable to locate element: {\"method\":\"xpath\",\"selector\":\"//*[contains(text(), 'new_card')]\"}\nE         (Session info: chrome=134.0.6998.117); For documentation on this error, please visit: https://www.selenium.dev/documentation/webdriver/troubleshooting/errors#no-such-element-exception\nE       Stacktrace:\nE       #0 0x563ac4015a1a <unknown>\nE       #1 0x563ac3acd390 <unknown>\nE       #2 0x563ac3b1ec85 <unknown>\nE       #3 0x563ac3b1eeb1 <unknown>\nE       #4 0x563ac3b6dd64 <unknown>\nE       #5 0x563ac3b44bfd <unknown>\nE       #6 0x563ac3b6b07b <unknown>\nE       #7 0x563ac3b449a3 <unknown>\nE       #8 0x563ac3b1060e <unknown>\nE       #9 0x563ac3b11dd1 <unknown>\nE       #10 0x563ac3fdbddb <unknown>\nE       #11 0x563ac3fdfcbc <unknown>\nE       #12 0x563ac3fc3392 <unknown>\nE       #13 0x563ac3fe0834 <unknown>\nE       #14 0x563ac3fa71ef <unknown>\nE       #15 0x563ac4004038 <unknown>\nE       #16 0x563ac4004216 <unknown>\nE       #17 0x563ac4014896 <unknown>\nE       #18 0x7f1cb869caa4 <unknown>\nE       #19 0x7f1cb8729c3c <unknown>\n\n/opt/hostedtoolcache/Python/3.12.5/x64/lib/python3.12/site-packages/selenium/webdriver/remote/errorhandler.py:232: NoSuchElementException","flaky":false,"newFailed":false,"newBroken":true,"newPassed":false,"retriesCount":0,"retriesStatusChange":false,"beforeStages":[{"name":"driver","time":{"start":1742418921597,"stop":1742418921913,"duration":316},"status":"passed","steps":[],"attachments":[],"parameters":[],"shouldDisplayMessage":false,"stepsCount":0,"attachmentsCount":0,"hasContent":false,"attachmentStep":false},{"name":"setup","time":{"start":1742418921913,"stop":1742418921913,"duration":0},"status":"passed","steps":[],"attachments":[],"parameters":[],"shouldDisplayMessage":false,"stepsCount":0,"attachmentsCount":0,"hasContent":false,"attachmentStep":false}],"testStage":{"status":"broken","statusMessage":"selenium.common.exceptions.NoSuchElementException: Message: no such element: Unable to locate element: {\"method\":\"xpath\",\"selector\":\"//*[contains(text(), 'new_card')]\"}\n  (Session info: chrome=134.0.6998.117); For documentation on this error, please visit: https://www.selenium.dev/documentation/webdriver/troubleshooting/errors#no-such-element-exception\nStacktrace:\n#0 0x563ac4015a1a <unknown>\n#1 0x563ac3acd390 <unknown>\n#2 0x563ac3b1ec85 <unknown>\n#3 0x563ac3b1eeb1 <unknown>\n#4 0x563ac3b6dd64 <unknown>\n#5 0x563ac3b44bfd <unknown>\n#6 0x563ac3b6b07b <unknown>\n#7 0x563ac3b449a3 <unknown>\n#8 0x563ac3b1060e <unknown>\n#9 0x563ac3b11dd1 <unknown>\n#10 0x563ac3fdbddb <unknown>\n#11 0x563ac3fdfcbc <unknown>\n#12 0x563ac3fc3392 <unknown>\n#13 0x563ac3fe0834 <unknown>\n#14 0x563ac3fa71ef <unknown>\n#15 0x563ac4004038 <unknown>\n#16 0x563ac4004216 <unknown>\n#17 0x563ac4014896 <unknown>\n#18 0x7f1cb869caa4 <unknown>\n#19 0x7f1cb8729c3c <unknown>","statusTrace":"self = <tests.regression_ui.test_ui_regression.TestUIRegression object at 0x7f532e872870>\ndriver = <selenium.webdriver.chrome.webdriver.WebDriver (session=\"e6f909f56f03311f6439fa7ad9aafc5d\")>\n\n    @pytest.mark.TC000\n    @pytest.mark.TC007\n    @allure.title('Label a Card')\n    def test_label_card(self, driver):\n        time.sleep(4)\n        with allure.step('Log in to Trello account'):\n            self.test_login(driver)\n    \n        with allure.step('Open a board and select a card'):\n            try:\n                WebDriverWait(driver, 10).until(EC.element_to_be_clickable((By.XPATH, self.SCC.Board.BOARD_TITLE))).click()\n                WebDriverWait(driver, 10).until(EC.visibility_of_element_located((By.XPATH, self.SCC.Board.LIST_TITLE))).click()\n                driver.find_element(By.XPATH, self.SCC.List.ADD_A_CARD_BUTTON).click()\n                driver.find_element(By.XPATH, self.SCC.List.CARD_NAME_FIELD).click()\n                time.sleep(1)\n                driver.find_element(By.XPATH, self.SCC.List.CARD_NAME_FIELD).send_keys('new_card')\n                driver.find_element(By.XPATH, self.SCC.List.ADD_CARD_SUBMIT_BUTTOMN).click()\n                time.sleep(3)\n            except Exception as e:\n                log.info(\"An error occurred: \", str(e))\n    \n        with allure.step('Click the card to open and archive it'):\n>           driver.find_element(By.XPATH, self.SCC.List.CARD_TO_ARCHIVE).click()\n\ntests/regression_ui/test_ui_regression.py:239: \n_ _ _ _ _ _ _ _ _ _ _ _ _ _ _ _ _ _ _ _ _ _ _ _ _ _ _ _ _ _ _ _ _ _ _ _ _ _ _ _ \n/opt/hostedtoolcache/Python/3.12.5/x64/lib/python3.12/site-packages/selenium/webdriver/remote/webdriver.py:770: in find_element\n    return self.execute(Command.FIND_ELEMENT, {\"using\": by, \"value\": value})[\"value\"]\n/opt/hostedtoolcache/Python/3.12.5/x64/lib/python3.12/site-packages/selenium/webdriver/remote/webdriver.py:384: in execute\n    self.error_handler.check_response(response)\n_ _ _ _ _ _ _ _ _ _ _ _ _ _ _ _ _ _ _ _ _ _ _ _ _ _ _ _ _ _ _ _ _ _ _ _ _ _ _ _ \n\nself = <selenium.webdriver.remote.errorhandler.ErrorHandler object at 0x7f532f4686e0>\nresponse = {'status': 404, 'value': '{\"value\":{\"error\":\"no such element\",\"message\":\"no such element: Unable to locate element: {\\...\\\\n#17 0x563ac4014896 \\\\u003Cunknown>\\\\n#18 0x7f1cb869caa4 \\\\u003Cunknown>\\\\n#19 0x7f1cb8729c3c \\\\u003Cunknown>\\\\n\"}}'}\n\n    def check_response(self, response: Dict[str, Any]) -> None:\n        \"\"\"Checks that a JSON response from the WebDriver does not have an\n        error.\n    \n        :Args:\n         - response - The JSON response from the WebDriver server as a dictionary\n           object.\n    \n        :Raises: If the response contains an error message.\n        \"\"\"\n        status = response.get(\"status\", None)\n        if not status or status == ErrorCode.SUCCESS:\n            return\n        value = None\n        message = response.get(\"message\", \"\")\n        screen: str = response.get(\"screen\", \"\")\n        stacktrace = None\n        if isinstance(status, int):\n            value_json = response.get(\"value\", None)\n            if value_json and isinstance(value_json, str):\n                import json\n    \n                try:\n                    value = json.loads(value_json)\n                    if len(value) == 1:\n                        value = value[\"value\"]\n                    status = value.get(\"error\", None)\n                    if not status:\n                        status = value.get(\"status\", ErrorCode.UNKNOWN_ERROR)\n                        message = value.get(\"value\") or value.get(\"message\")\n                        if not isinstance(message, str):\n                            value = message\n                            message = message.get(\"message\")\n                    else:\n                        message = value.get(\"message\", None)\n                except ValueError:\n                    pass\n    \n        exception_class: Type[WebDriverException]\n        e = ErrorCode()\n        error_codes = [item for item in dir(e) if not item.startswith(\"__\")]\n        for error_code in error_codes:\n            error_info = getattr(ErrorCode, error_code)\n            if isinstance(error_info, list) and status in error_info:\n                exception_class = getattr(ExceptionMapping, error_code, WebDriverException)\n                break\n        else:\n            exception_class = WebDriverException\n    \n        if not value:\n            value = response[\"value\"]\n        if isinstance(value, str):\n            raise exception_class(value)\n        if message == \"\" and \"message\" in value:\n            message = value[\"message\"]\n    \n        screen = None  # type: ignore[assignment]\n        if \"screen\" in value:\n            screen = value[\"screen\"]\n    \n        stacktrace = None\n        st_value = value.get(\"stackTrace\") or value.get(\"stacktrace\")\n        if st_value:\n            if isinstance(st_value, str):\n                stacktrace = st_value.split(\"\\n\")\n            else:\n                stacktrace = []\n                try:\n                    for frame in st_value:\n                        line = frame.get(\"lineNumber\", \"\")\n                        file = frame.get(\"fileName\", \"<anonymous>\")\n                        if line:\n                            file = f\"{file}:{line}\"\n                        meth = frame.get(\"methodName\", \"<anonymous>\")\n                        if \"className\" in frame:\n                            meth = f\"{frame['className']}.{meth}\"\n                        msg = \"    at %s (%s)\"\n                        msg = msg % (meth, file)\n                        stacktrace.append(msg)\n                except TypeError:\n                    pass\n        if exception_class == UnexpectedAlertPresentException:\n            alert_text = None\n            if \"data\" in value:\n                alert_text = value[\"data\"].get(\"text\")\n            elif \"alert\" in value:\n                alert_text = value[\"alert\"].get(\"text\")\n            raise exception_class(message, screen, stacktrace, alert_text)  # type: ignore[call-arg]  # mypy is not smart enough here\n>       raise exception_class(message, screen, stacktrace)\nE       selenium.common.exceptions.NoSuchElementException: Message: no such element: Unable to locate element: {\"method\":\"xpath\",\"selector\":\"//*[contains(text(), 'new_card')]\"}\nE         (Session info: chrome=134.0.6998.117); For documentation on this error, please visit: https://www.selenium.dev/documentation/webdriver/troubleshooting/errors#no-such-element-exception\nE       Stacktrace:\nE       #0 0x563ac4015a1a <unknown>\nE       #1 0x563ac3acd390 <unknown>\nE       #2 0x563ac3b1ec85 <unknown>\nE       #3 0x563ac3b1eeb1 <unknown>\nE       #4 0x563ac3b6dd64 <unknown>\nE       #5 0x563ac3b44bfd <unknown>\nE       #6 0x563ac3b6b07b <unknown>\nE       #7 0x563ac3b449a3 <unknown>\nE       #8 0x563ac3b1060e <unknown>\nE       #9 0x563ac3b11dd1 <unknown>\nE       #10 0x563ac3fdbddb <unknown>\nE       #11 0x563ac3fdfcbc <unknown>\nE       #12 0x563ac3fc3392 <unknown>\nE       #13 0x563ac3fe0834 <unknown>\nE       #14 0x563ac3fa71ef <unknown>\nE       #15 0x563ac4004038 <unknown>\nE       #16 0x563ac4004216 <unknown>\nE       #17 0x563ac4014896 <unknown>\nE       #18 0x7f1cb869caa4 <unknown>\nE       #19 0x7f1cb8729c3c <unknown>\n\n/opt/hostedtoolcache/Python/3.12.5/x64/lib/python3.12/site-packages/selenium/webdriver/remote/errorhandler.py:232: NoSuchElementException","steps":[{"name":"Log in to Trello account","time":{"start":1742418925914,"stop":1742418931702,"duration":5788},"status":"passed","steps":[{"name":"Navigate to the Trello page and enter valid credentials (email, password, and 6-digits verification code)","time":{"start":1742418925914,"stop":1742418931702,"duration":5788},"status":"passed","steps":[],"attachments":[],"parameters":[],"shouldDisplayMessage":false,"stepsCount":0,"attachmentsCount":0,"hasContent":false,"attachmentStep":false}],"attachments":[],"parameters":[],"shouldDisplayMessage":false,"stepsCount":1,"attachmentsCount":0,"hasContent":true,"attachmentStep":false},{"name":"Open a board and select a card","time":{"start":1742418931702,"stop":1742418941968,"duration":10266},"status":"passed","steps":[],"attachments":[],"parameters":[],"shouldDisplayMessage":false,"stepsCount":0,"attachmentsCount":0,"hasContent":false,"attachmentStep":false},{"name":"Click the card to open and archive it","time":{"start":1742418941968,"stop":1742418941983,"duration":15},"status":"broken","statusMessage":"selenium.common.exceptions.NoSuchElementException: Message: no such element: Unable to locate element: {\"method\":\"xpath\",\"selector\":\"//*[contains(text(), 'new_card')]\"}\n  (Session info: chrome=134.0.6998.117); For documentation on this error, please visit: https://www.selenium.dev/documentation/webdriver/troubleshooting/errors#no-such-element-exception\nStacktrace:\n#0 0x563ac4015a1a <unknown>\n#1 0x563ac3acd390 <unknown>\n#2 0x563ac3b1ec85 <unknown>\n#3 0x563ac3b1eeb1 <unknown>\n#4 0x563ac3b6dd64 <unknown>\n#5 0x563ac3b44bfd <unknown>\n#6 0x563ac3b6b07b <unknown>\n#7 0x563ac3b449a3 <unknown>\n#8 0x563ac3b1060e <unknown>\n#9 0x563ac3b11dd1 <unknown>\n#10 0x563ac3fdbddb <unknown>\n#11 0x563ac3fdfcbc <unknown>\n#12 0x563ac3fc3392 <unknown>\n#13 0x563ac3fe0834 <unknown>\n#14 0x563ac3fa71ef <unknown>\n#15 0x563ac4004038 <unknown>\n#16 0x563ac4004216 <unknown>\n#17 0x563ac4014896 <unknown>\n#18 0x7f1cb869caa4 <unknown>\n#19 0x7f1cb8729c3c <unknown>\n\n","statusTrace":"  File \"/home/runner/work/pythonSelenium/pythonSelenium/tests/regression_ui/test_ui_regression.py\", line 239, in test_label_card\n    driver.find_element(By.XPATH, self.SCC.List.CARD_TO_ARCHIVE).click()\n    ^^^^^^^^^^^^^^^^^^^^^^^^^^^^^^^^^^^^^^^^^^^^^^^^^^^^^^^^^^^^\n  File \"/opt/hostedtoolcache/Python/3.12.5/x64/lib/python3.12/site-packages/selenium/webdriver/remote/webdriver.py\", line 770, in find_element\n    return self.execute(Command.FIND_ELEMENT, {\"using\": by, \"value\": value})[\"value\"]\n           ^^^^^^^^^^^^^^^^^^^^^^^^^^^^^^^^^^^^^^^^^^^^^^^^^^^^^^^^^^^^^^^^^\n  File \"/opt/hostedtoolcache/Python/3.12.5/x64/lib/python3.12/site-packages/selenium/webdriver/remote/webdriver.py\", line 384, in execute\n    self.error_handler.check_response(response)\n  File \"/opt/hostedtoolcache/Python/3.12.5/x64/lib/python3.12/site-packages/selenium/webdriver/remote/errorhandler.py\", line 232, in check_response\n    raise exception_class(message, screen, stacktrace)\n","steps":[],"attachments":[],"parameters":[],"shouldDisplayMessage":true,"stepsCount":0,"attachmentsCount":0,"hasContent":true,"attachmentStep":false}],"attachments":[],"parameters":[],"shouldDisplayMessage":true,"stepsCount":4,"attachmentsCount":0,"hasContent":true,"attachmentStep":false},"afterStages":[{"name":"driver::0","time":{"start":1742418942016,"stop":1742418942084,"duration":68},"status":"passed","steps":[],"attachments":[],"parameters":[],"shouldDisplayMessage":false,"stepsCount":0,"attachmentsCount":0,"hasContent":false,"attachmentStep":false}],"labels":[{"name":"tag","value":"TC007"},{"name":"tag","value":"TC000"},{"name":"parentSuite","value":"tests.regression_ui"},{"name":"suite","value":"test_ui_regression"},{"name":"subSuite","value":"TestUIRegression"},{"name":"host","value":"fv-az1964-109"},{"name":"thread","value":"4250-MainThread"},{"name":"framework","value":"pytest"},{"name":"language","value":"cpython3"},{"name":"package","value":"tests.regression_ui.test_ui_regression"},{"name":"resultFormat","value":"allure2"}],"parameters":[],"links":[],"hidden":false,"retry":false,"extra":{"severity":"normal","retries":[],"categories":[{"name":"Test defects","matchedStatuses":[]}],"history":{"statistic":{"failed":0,"broken":27,"skipped":0,"passed":517,"unknown":0,"total":544},"items":[{"uid":"8ca5c8216ae93b2f","status":"passed","time":{"start":1742408124517,"stop":1742408147185,"duration":22668}},{"uid":"5a872dc922e693c9","status":"passed","time":{"start":1742397114314,"stop":1742397136904,"duration":22590}},{"uid":"108e536ccf6f0e98","status":"broken","statusDetails":"selenium.common.exceptions.TimeoutException: Message: \nStacktrace:\n#0 0x5598b369d46a <unknown>\n#1 0x5598b3156ed0 <unknown>\n#2 0x5598b31a8935 <unknown>\n#3 0x5598b31a8b61 <unknown>\n#4 0x5598b31f79d4 <unknown>\n#5 0x5598b31ce88d <unknown>\n#6 0x5598b31f4ceb <unknown>\n#7 0x5598b31ce633 <unknown>\n#8 0x5598b319a1be <unknown>\n#9 0x5598b319b981 <unknown>\n#10 0x5598b366386b <unknown>\n#11 0x5598b366773c <unknown>\n#12 0x5598b364af12 <unknown>\n#13 0x5598b36682b4 <unknown>\n#14 0x5598b362f0af <unknown>\n#15 0x5598b368bad8 <unknown>\n#16 0x5598b368bcb6 <unknown>\n#17 0x5598b369c2e6 <unknown>\n#18 0x7fd0b789caa4 <unknown>\n#19 0x7fd0b7929c3c <unknown>","time":{"start":1742386698616,"stop":1742386713242,"duration":14626}},{"uid":"f64be6d74d23f657","status":"passed","time":{"start":1742375575755,"stop":1742375598973,"duration":23218}},{"uid":"e11087d2c3150644","status":"passed","time":{"start":1742365012780,"stop":1742365040269,"duration":27489}},{"uid":"24a34d5e1608a427","status":"broken","statusDetails":"selenium.common.exceptions.NoSuchElementException: Message: no such element: Unable to locate element: {\"method\":\"xpath\",\"selector\":\"//*[contains(text(), 'new_card')]\"}\n  (Session info: chrome=134.0.6998.88); For documentation on this error, please visit: https://www.selenium.dev/documentation/webdriver/troubleshooting/errors#no-such-element-exception\nStacktrace:\n#0 0x560c157c246a <unknown>\n#1 0x560c1527bed0 <unknown>\n#2 0x560c152cd935 <unknown>\n#3 0x560c152cdb61 <unknown>\n#4 0x560c1531c9d4 <unknown>\n#5 0x560c152f388d <unknown>\n#6 0x560c15319ceb <unknown>\n#7 0x560c152f3633 <unknown>\n#8 0x560c152bf1be <unknown>\n#9 0x560c152c0981 <unknown>\n#10 0x560c1578886b <unknown>\n#11 0x560c1578c73c <unknown>\n#12 0x560c1576ff12 <unknown>\n#13 0x560c1578d2b4 <unknown>\n#14 0x560c157540af <unknown>\n#15 0x560c157b0ad8 <unknown>\n#16 0x560c157b0cb6 <unknown>\n#17 0x560c157c12e6 <unknown>\n#18 0x7f7bff09caa4 <unknown>\n#19 0x7f7bff129c3c <unknown>","time":{"start":1742354746863,"stop":1742354778495,"duration":31632}},{"uid":"378288dc9142ad47","status":"broken","statusDetails":"selenium.common.exceptions.NoSuchElementException: Message: no such element: Unable to locate element: {\"method\":\"xpath\",\"selector\":\"//*[contains(text(), 'new_card')]\"}\n  (Session info: chrome=134.0.6998.88); For documentation on this error, please visit: https://www.selenium.dev/documentation/webdriver/troubleshooting/errors#no-such-element-exception\nStacktrace:\n#0 0x563872efa46a <unknown>\n#1 0x5638729b3ed0 <unknown>\n#2 0x563872a05935 <unknown>\n#3 0x563872a05b61 <unknown>\n#4 0x563872a549d4 <unknown>\n#5 0x563872a2b88d <unknown>\n#6 0x563872a51ceb <unknown>\n#7 0x563872a2b633 <unknown>\n#8 0x5638729f71be <unknown>\n#9 0x5638729f8981 <unknown>\n#10 0x563872ec086b <unknown>\n#11 0x563872ec473c <unknown>\n#12 0x563872ea7f12 <unknown>\n#13 0x563872ec52b4 <unknown>\n#14 0x563872e8c0af <unknown>\n#15 0x563872ee8ad8 <unknown>\n#16 0x563872ee8cb6 <unknown>\n#17 0x563872ef92e6 <unknown>\n#18 0x7f809729caa4 <unknown>\n#19 0x7f8097329c3c <unknown>","time":{"start":1742345226204,"stop":1742345247014,"duration":20810}},{"uid":"16e19775ef2c1e36","status":"passed","time":{"start":1742332315825,"stop":1742332340169,"duration":24344}},{"uid":"85e74c6c571d4774","status":"passed","time":{"start":1742321714420,"stop":1742321748984,"duration":34564}},{"uid":"afcb9023eecdabec","status":"passed","time":{"start":1742310762413,"stop":1742310795513,"duration":33100}},{"uid":"452565b59d08eb61","status":"passed","time":{"start":1742300418133,"stop":1742300446338,"duration":28205}},{"uid":"5a79832ac067146b","status":"broken","statusDetails":"selenium.common.exceptions.NoSuchElementException: Message: no such element: Unable to locate element: {\"method\":\"xpath\",\"selector\":\"//*[contains(text(), 'new_card')]\"}\n  (Session info: chrome=134.0.6998.88); For documentation on this error, please visit: https://www.selenium.dev/documentation/webdriver/troubleshooting/errors#no-such-element-exception\nStacktrace:\n#0 0x5592b7e8646a <unknown>\n#1 0x5592b793fed0 <unknown>\n#2 0x5592b7991935 <unknown>\n#3 0x5592b7991b61 <unknown>\n#4 0x5592b79e09d4 <unknown>\n#5 0x5592b79b788d <unknown>\n#6 0x5592b79ddceb <unknown>\n#7 0x5592b79b7633 <unknown>\n#8 0x5592b79831be <unknown>\n#9 0x5592b7984981 <unknown>\n#10 0x5592b7e4c86b <unknown>\n#11 0x5592b7e5073c <unknown>\n#12 0x5592b7e33f12 <unknown>\n#13 0x5592b7e512b4 <unknown>\n#14 0x5592b7e180af <unknown>\n#15 0x5592b7e74ad8 <unknown>\n#16 0x5592b7e74cb6 <unknown>\n#17 0x5592b7e852e6 <unknown>\n#18 0x7f6cf729caa4 <unknown>\n#19 0x7f6cf7329c3c <unknown>","time":{"start":1742289256522,"stop":1742289277227,"duration":20705}},{"uid":"3e01d966f2453bd","status":"passed","time":{"start":1742278552248,"stop":1742278579660,"duration":27412}},{"uid":"404f4d7d7ea7e788","status":"passed","time":{"start":1742268348120,"stop":1742268375577,"duration":27457}},{"uid":"2c257a74dbb3d653","status":"passed","time":{"start":1742258685857,"stop":1742258720346,"duration":34489}},{"uid":"e75302c5207d455c","status":"passed","time":{"start":1742245876439,"stop":1742245910138,"duration":33699}},{"uid":"60ec986722d23361","status":"passed","time":{"start":1742235313655,"stop":1742235346992,"duration":33337}},{"uid":"6eb06ba37d1cea2d","status":"passed","time":{"start":1742224333910,"stop":1742224367072,"duration":33162}},{"uid":"59d4ccd698ecf688","status":"passed","time":{"start":1742214196819,"stop":1742214226068,"duration":29249}},{"uid":"15e189beadf60797","status":"passed","time":{"start":1742202823469,"stop":1742202857190,"duration":33721}}]},"tags":["TC007","TC000"]},"source":"f3abe46217589d03.json","parameterValues":[]}