{"uid":"f7d86b4840a2f78f","name":"Drag and drop card from one list to another","fullName":"tests.regression_ui.test_ui_regression.TestUIRegression#test_drag_n_drop_card","historyId":"58c27d4ea8138de64fd4e105da17ea92","time":{"start":1743963272686,"stop":1743963295911,"duration":23225},"status":"broken","statusMessage":"selenium.common.exceptions.TimeoutException: Message: \nStacktrace:\n#0 0x5628742c9ffa <unknown>\n#1 0x562873d88970 <unknown>\n#2 0x562873dda385 <unknown>\n#3 0x562873dda5b1 <unknown>\n#4 0x562873e293c4 <unknown>\n#5 0x562873e002bd <unknown>\n#6 0x562873e2670c <unknown>\n#7 0x562873e00063 <unknown>\n#8 0x562873dcc328 <unknown>\n#9 0x562873dcd491 <unknown>\n#10 0x56287429142b <unknown>\n#11 0x5628742952ec <unknown>\n#12 0x562874278a22 <unknown>\n#13 0x562874295e64 <unknown>\n#14 0x56287425cbef <unknown>\n#15 0x5628742b8558 <unknown>\n#16 0x5628742b8736 <unknown>\n#17 0x5628742c8e76 <unknown>\n#18 0x7f5a3809caa4 <unknown>\n#19 0x7f5a38129c3c <unknown>","statusTrace":"self = <tests.regression_ui.test_ui_regression.TestUIRegression object at 0x7fc0982aa420>\ndriver = <selenium.webdriver.chrome.webdriver.WebDriver (session=\"4b14f1df11cc3777af729ba7fa281a55\")>\n\n    @pytest.mark.TC000\n    @pytest.mark.TC005\n    @allure.title('Drag and drop card from one list to another')\n    def test_drag_n_drop_card(self, driver):\n        time.sleep(7)\n        with allure.step('Log in to Trello account'):\n            self.test_login(driver)\n        with allure.step('Drag and drop card from one list to another list'):\n            WebDriverWait(driver, 10).until(EC.element_to_be_clickable((By.XPATH, self.SCC.Board.BOARD_TITLE))).click()\n>           WebDriverWait(driver, 10).until(EC.element_to_be_clickable((By.XPATH, self.SCC.Board.ADD_ANOTHER_LIST_BUTTON))).click()\n\ntests/regression_ui/test_ui_regression.py:171: \n_ _ _ _ _ _ _ _ _ _ _ _ _ _ _ _ _ _ _ _ _ _ _ _ _ _ _ _ _ _ _ _ _ _ _ _ _ _ _ _ \n\nself = <selenium.webdriver.support.wait.WebDriverWait (session=\"4b14f1df11cc3777af729ba7fa281a55\")>\nmethod = <function element_to_be_clickable.<locals>._predicate at 0x7fc0981da200>\nmessage = ''\n\n    def until(self, method: Callable[[D], Union[Literal[False], T]], message: str = \"\") -> T:\n        \"\"\"Calls the method provided with the driver as an argument until the \\\n        return value does not evaluate to ``False``.\n    \n        :param method: callable(WebDriver)\n        :param message: optional message for :exc:`TimeoutException`\n        :returns: the result of the last call to `method`\n        :raises: :exc:`selenium.common.exceptions.TimeoutException` if timeout occurs\n        \"\"\"\n        screen = None\n        stacktrace = None\n    \n        end_time = time.monotonic() + self._timeout\n        while True:\n            try:\n                value = method(self._driver)\n                if value:\n                    return value\n            except self._ignored_exceptions as exc:\n                screen = getattr(exc, \"screen\", None)\n                stacktrace = getattr(exc, \"stacktrace\", None)\n            if time.monotonic() > end_time:\n                break\n            time.sleep(self._poll)\n>       raise TimeoutException(message, screen, stacktrace)\nE       selenium.common.exceptions.TimeoutException: Message: \nE       Stacktrace:\nE       #0 0x5628742c9ffa <unknown>\nE       #1 0x562873d88970 <unknown>\nE       #2 0x562873dda385 <unknown>\nE       #3 0x562873dda5b1 <unknown>\nE       #4 0x562873e293c4 <unknown>\nE       #5 0x562873e002bd <unknown>\nE       #6 0x562873e2670c <unknown>\nE       #7 0x562873e00063 <unknown>\nE       #8 0x562873dcc328 <unknown>\nE       #9 0x562873dcd491 <unknown>\nE       #10 0x56287429142b <unknown>\nE       #11 0x5628742952ec <unknown>\nE       #12 0x562874278a22 <unknown>\nE       #13 0x562874295e64 <unknown>\nE       #14 0x56287425cbef <unknown>\nE       #15 0x5628742b8558 <unknown>\nE       #16 0x5628742b8736 <unknown>\nE       #17 0x5628742c8e76 <unknown>\nE       #18 0x7f5a3809caa4 <unknown>\nE       #19 0x7f5a38129c3c <unknown>\n\n/opt/hostedtoolcache/Python/3.12.5/x64/lib/python3.12/site-packages/selenium/webdriver/support/wait.py:105: TimeoutException","flaky":false,"newFailed":false,"newBroken":false,"newPassed":false,"retriesCount":0,"retriesStatusChange":false,"beforeStages":[{"name":"driver","time":{"start":1743963272353,"stop":1743963272685,"duration":332},"status":"passed","steps":[],"attachments":[],"parameters":[],"shouldDisplayMessage":false,"stepsCount":0,"attachmentsCount":0,"hasContent":false,"attachmentStep":false},{"name":"setup","time":{"start":1743963272685,"stop":1743963272685,"duration":0},"status":"passed","steps":[],"attachments":[],"parameters":[],"shouldDisplayMessage":false,"stepsCount":0,"attachmentsCount":0,"hasContent":false,"attachmentStep":false}],"testStage":{"status":"broken","statusMessage":"selenium.common.exceptions.TimeoutException: Message: \nStacktrace:\n#0 0x5628742c9ffa <unknown>\n#1 0x562873d88970 <unknown>\n#2 0x562873dda385 <unknown>\n#3 0x562873dda5b1 <unknown>\n#4 0x562873e293c4 <unknown>\n#5 0x562873e002bd <unknown>\n#6 0x562873e2670c <unknown>\n#7 0x562873e00063 <unknown>\n#8 0x562873dcc328 <unknown>\n#9 0x562873dcd491 <unknown>\n#10 0x56287429142b <unknown>\n#11 0x5628742952ec <unknown>\n#12 0x562874278a22 <unknown>\n#13 0x562874295e64 <unknown>\n#14 0x56287425cbef <unknown>\n#15 0x5628742b8558 <unknown>\n#16 0x5628742b8736 <unknown>\n#17 0x5628742c8e76 <unknown>\n#18 0x7f5a3809caa4 <unknown>\n#19 0x7f5a38129c3c <unknown>","statusTrace":"self = <tests.regression_ui.test_ui_regression.TestUIRegression object at 0x7fc0982aa420>\ndriver = <selenium.webdriver.chrome.webdriver.WebDriver (session=\"4b14f1df11cc3777af729ba7fa281a55\")>\n\n    @pytest.mark.TC000\n    @pytest.mark.TC005\n    @allure.title('Drag and drop card from one list to another')\n    def test_drag_n_drop_card(self, driver):\n        time.sleep(7)\n        with allure.step('Log in to Trello account'):\n            self.test_login(driver)\n        with allure.step('Drag and drop card from one list to another list'):\n            WebDriverWait(driver, 10).until(EC.element_to_be_clickable((By.XPATH, self.SCC.Board.BOARD_TITLE))).click()\n>           WebDriverWait(driver, 10).until(EC.element_to_be_clickable((By.XPATH, self.SCC.Board.ADD_ANOTHER_LIST_BUTTON))).click()\n\ntests/regression_ui/test_ui_regression.py:171: \n_ _ _ _ _ _ _ _ _ _ _ _ _ _ _ _ _ _ _ _ _ _ _ _ _ _ _ _ _ _ _ _ _ _ _ _ _ _ _ _ \n\nself = <selenium.webdriver.support.wait.WebDriverWait (session=\"4b14f1df11cc3777af729ba7fa281a55\")>\nmethod = <function element_to_be_clickable.<locals>._predicate at 0x7fc0981da200>\nmessage = ''\n\n    def until(self, method: Callable[[D], Union[Literal[False], T]], message: str = \"\") -> T:\n        \"\"\"Calls the method provided with the driver as an argument until the \\\n        return value does not evaluate to ``False``.\n    \n        :param method: callable(WebDriver)\n        :param message: optional message for :exc:`TimeoutException`\n        :returns: the result of the last call to `method`\n        :raises: :exc:`selenium.common.exceptions.TimeoutException` if timeout occurs\n        \"\"\"\n        screen = None\n        stacktrace = None\n    \n        end_time = time.monotonic() + self._timeout\n        while True:\n            try:\n                value = method(self._driver)\n                if value:\n                    return value\n            except self._ignored_exceptions as exc:\n                screen = getattr(exc, \"screen\", None)\n                stacktrace = getattr(exc, \"stacktrace\", None)\n            if time.monotonic() > end_time:\n                break\n            time.sleep(self._poll)\n>       raise TimeoutException(message, screen, stacktrace)\nE       selenium.common.exceptions.TimeoutException: Message: \nE       Stacktrace:\nE       #0 0x5628742c9ffa <unknown>\nE       #1 0x562873d88970 <unknown>\nE       #2 0x562873dda385 <unknown>\nE       #3 0x562873dda5b1 <unknown>\nE       #4 0x562873e293c4 <unknown>\nE       #5 0x562873e002bd <unknown>\nE       #6 0x562873e2670c <unknown>\nE       #7 0x562873e00063 <unknown>\nE       #8 0x562873dcc328 <unknown>\nE       #9 0x562873dcd491 <unknown>\nE       #10 0x56287429142b <unknown>\nE       #11 0x5628742952ec <unknown>\nE       #12 0x562874278a22 <unknown>\nE       #13 0x562874295e64 <unknown>\nE       #14 0x56287425cbef <unknown>\nE       #15 0x5628742b8558 <unknown>\nE       #16 0x5628742b8736 <unknown>\nE       #17 0x5628742c8e76 <unknown>\nE       #18 0x7f5a3809caa4 <unknown>\nE       #19 0x7f5a38129c3c <unknown>\n\n/opt/hostedtoolcache/Python/3.12.5/x64/lib/python3.12/site-packages/selenium/webdriver/support/wait.py:105: TimeoutException","steps":[{"name":"Log in to Trello account","time":{"start":1743963279686,"stop":1743963285500,"duration":5814},"status":"passed","steps":[{"name":"Navigate to the Trello page and enter valid credentials (email, password, and 6-digits verification code)","time":{"start":1743963279686,"stop":1743963285499,"duration":5813},"status":"passed","steps":[],"attachments":[],"parameters":[],"shouldDisplayMessage":false,"stepsCount":0,"attachmentsCount":0,"hasContent":false,"attachmentStep":false}],"attachments":[],"parameters":[],"shouldDisplayMessage":false,"stepsCount":1,"attachmentsCount":0,"hasContent":true,"attachmentStep":false},{"name":"Drag and drop card from one list to another list","time":{"start":1743963285500,"stop":1743963295911,"duration":10411},"status":"broken","statusMessage":"selenium.common.exceptions.TimeoutException: Message: \nStacktrace:\n#0 0x5628742c9ffa <unknown>\n#1 0x562873d88970 <unknown>\n#2 0x562873dda385 <unknown>\n#3 0x562873dda5b1 <unknown>\n#4 0x562873e293c4 <unknown>\n#5 0x562873e002bd <unknown>\n#6 0x562873e2670c <unknown>\n#7 0x562873e00063 <unknown>\n#8 0x562873dcc328 <unknown>\n#9 0x562873dcd491 <unknown>\n#10 0x56287429142b <unknown>\n#11 0x5628742952ec <unknown>\n#12 0x562874278a22 <unknown>\n#13 0x562874295e64 <unknown>\n#14 0x56287425cbef <unknown>\n#15 0x5628742b8558 <unknown>\n#16 0x5628742b8736 <unknown>\n#17 0x5628742c8e76 <unknown>\n#18 0x7f5a3809caa4 <unknown>\n#19 0x7f5a38129c3c <unknown>\n\n","statusTrace":"  File \"/home/runner/work/pythonSelenium/pythonSelenium/tests/regression_ui/test_ui_regression.py\", line 171, in test_drag_n_drop_card\n    WebDriverWait(driver, 10).until(EC.element_to_be_clickable((By.XPATH, self.SCC.Board.ADD_ANOTHER_LIST_BUTTON))).click()\n    ^^^^^^^^^^^^^^^^^^^^^^^^^^^^^^^^^^^^^^^^^^^^^^^^^^^^^^^^^^^^^^^^^^^^^^^^^^^^^^^^^^^^^^^^^^^^^^^^^^^^^^^^^^^^^^^\n  File \"/opt/hostedtoolcache/Python/3.12.5/x64/lib/python3.12/site-packages/selenium/webdriver/support/wait.py\", line 105, in until\n    raise TimeoutException(message, screen, stacktrace)\n","steps":[],"attachments":[],"parameters":[],"shouldDisplayMessage":true,"stepsCount":0,"attachmentsCount":0,"hasContent":true,"attachmentStep":false}],"attachments":[{"uid":"7f9fe8a689594ed","name":"log","source":"7f9fe8a689594ed.txt","type":"text/plain","size":360}],"parameters":[],"shouldDisplayMessage":true,"stepsCount":3,"attachmentsCount":1,"hasContent":true,"attachmentStep":false},"afterStages":[{"name":"driver::0","time":{"start":1743963295922,"stop":1743963295992,"duration":70},"status":"passed","steps":[],"attachments":[],"parameters":[],"shouldDisplayMessage":false,"stepsCount":0,"attachmentsCount":0,"hasContent":false,"attachmentStep":false}],"labels":[{"name":"tag","value":"TC005"},{"name":"tag","value":"TC000"},{"name":"parentSuite","value":"tests.regression_ui"},{"name":"suite","value":"test_ui_regression"},{"name":"subSuite","value":"TestUIRegression"},{"name":"host","value":"fv-az2209-679"},{"name":"thread","value":"4819-MainThread"},{"name":"framework","value":"pytest"},{"name":"language","value":"cpython3"},{"name":"package","value":"tests.regression_ui.test_ui_regression"},{"name":"resultFormat","value":"allure2"}],"parameters":[],"links":[],"hidden":false,"retry":false,"extra":{"severity":"normal","retries":[],"categories":[{"name":"Test defects","matchedStatuses":[]}],"history":{"statistic":{"failed":6,"broken":112,"skipped":0,"passed":574,"unknown":0,"total":692},"items":[{"uid":"6f4963c99c88538e","status":"broken","statusDetails":"selenium.common.exceptions.TimeoutException: Message: \nStacktrace:\n#0 0x5643237fcffa <unknown>\n#1 0x5643232bb970 <unknown>\n#2 0x56432330d385 <unknown>\n#3 0x56432330d5b1 <unknown>\n#4 0x56432335c3c4 <unknown>\n#5 0x5643233332bd <unknown>\n#6 0x56432335970c <unknown>\n#7 0x564323333063 <unknown>\n#8 0x5643232ff328 <unknown>\n#9 0x564323300491 <unknown>\n#10 0x5643237c442b <unknown>\n#11 0x5643237c82ec <unknown>\n#12 0x5643237aba22 <unknown>\n#13 0x5643237c8e64 <unknown>\n#14 0x56432378fbef <unknown>\n#15 0x5643237eb558 <unknown>\n#16 0x5643237eb736 <unknown>\n#17 0x5643237fbe76 <unknown>\n#18 0x7f2b3b69caa4 <unknown>\n#19 0x7f2b3b729c3c <unknown>","time":{"start":1743952230898,"stop":1743952254185,"duration":23287}},{"uid":"1d1e620f958c07b0","status":"broken","statusDetails":"selenium.common.exceptions.NoSuchElementException: Message: no such element: Unable to locate element: {\"method\":\"xpath\",\"selector\":\"//*[contains(text(), 'new_card')]\"}\n  (Session info: chrome=135.0.7049.52); For documentation on this error, please visit: https://www.selenium.dev/documentation/webdriver/troubleshooting/errors#no-such-element-exception\nStacktrace:\n#0 0x55c1e020fffa <unknown>\n#1 0x55c1dfcce970 <unknown>\n#2 0x55c1dfd20385 <unknown>\n#3 0x55c1dfd205b1 <unknown>\n#4 0x55c1dfd6f3c4 <unknown>\n#5 0x55c1dfd462bd <unknown>\n#6 0x55c1dfd6c70c <unknown>\n#7 0x55c1dfd46063 <unknown>\n#8 0x55c1dfd12328 <unknown>\n#9 0x55c1dfd13491 <unknown>\n#10 0x55c1e01d742b <unknown>\n#11 0x55c1e01db2ec <unknown>\n#12 0x55c1e01bea22 <unknown>\n#13 0x55c1e01dbe64 <unknown>\n#14 0x55c1e01a2bef <unknown>\n#15 0x55c1e01fe558 <unknown>\n#16 0x55c1e01fe736 <unknown>\n#17 0x55c1e020ee76 <unknown>\n#18 0x7f2835a9caa4 <unknown>\n#19 0x7f2835b29c3c <unknown>","time":{"start":1743941889965,"stop":1743941907176,"duration":17211}},{"uid":"4300b8c386ed9f97","status":"broken","statusDetails":"selenium.common.exceptions.NoSuchElementException: Message: no such element: Unable to locate element: {\"method\":\"xpath\",\"selector\":\"//*[contains(text(), 'new_card')]\"}\n  (Session info: chrome=135.0.7049.52); For documentation on this error, please visit: https://www.selenium.dev/documentation/webdriver/troubleshooting/errors#no-such-element-exception\nStacktrace:\n#0 0x560376098ffa <unknown>\n#1 0x560375b57970 <unknown>\n#2 0x560375ba9385 <unknown>\n#3 0x560375ba95b1 <unknown>\n#4 0x560375bf83c4 <unknown>\n#5 0x560375bcf2bd <unknown>\n#6 0x560375bf570c <unknown>\n#7 0x560375bcf063 <unknown>\n#8 0x560375b9b328 <unknown>\n#9 0x560375b9c491 <unknown>\n#10 0x56037606042b <unknown>\n#11 0x5603760642ec <unknown>\n#12 0x560376047a22 <unknown>\n#13 0x560376064e64 <unknown>\n#14 0x56037602bbef <unknown>\n#15 0x560376087558 <unknown>\n#16 0x560376087736 <unknown>\n#17 0x560376097e76 <unknown>\n#18 0x7f469b69caa4 <unknown>\n#19 0x7f469b729c3c <unknown>","time":{"start":1743930641576,"stop":1743930659116,"duration":17540}},{"uid":"58806fc5982a82f0","status":"broken","statusDetails":"selenium.common.exceptions.TimeoutException: Message: \nStacktrace:\n#0 0x557e835b4ffa <unknown>\n#1 0x557e83073970 <unknown>\n#2 0x557e830c5385 <unknown>\n#3 0x557e830c55b1 <unknown>\n#4 0x557e831143c4 <unknown>\n#5 0x557e830eb2bd <unknown>\n#6 0x557e8311170c <unknown>\n#7 0x557e830eb063 <unknown>\n#8 0x557e830b7328 <unknown>\n#9 0x557e830b8491 <unknown>\n#10 0x557e8357c42b <unknown>\n#11 0x557e835802ec <unknown>\n#12 0x557e83563a22 <unknown>\n#13 0x557e83580e64 <unknown>\n#14 0x557e83547bef <unknown>\n#15 0x557e835a3558 <unknown>\n#16 0x557e835a3736 <unknown>\n#17 0x557e835b3e76 <unknown>\n#18 0x7f80a7a9caa4 <unknown>\n#19 0x7f80a7b29c3c <unknown>","time":{"start":1743920097728,"stop":1743920121539,"duration":23811}},{"uid":"90bcdeb5e3f81ea1","status":"broken","statusDetails":"selenium.common.exceptions.NoSuchElementException: Message: no such element: Unable to locate element: {\"method\":\"xpath\",\"selector\":\"//*[contains(text(), 'new_card')]\"}\n  (Session info: chrome=135.0.7049.52); For documentation on this error, please visit: https://www.selenium.dev/documentation/webdriver/troubleshooting/errors#no-such-element-exception\nStacktrace:\n#0 0x55af92d06ffa <unknown>\n#1 0x55af927c5970 <unknown>\n#2 0x55af92817385 <unknown>\n#3 0x55af928175b1 <unknown>\n#4 0x55af928663c4 <unknown>\n#5 0x55af9283d2bd <unknown>\n#6 0x55af9286370c <unknown>\n#7 0x55af9283d063 <unknown>\n#8 0x55af92809328 <unknown>\n#9 0x55af9280a491 <unknown>\n#10 0x55af92cce42b <unknown>\n#11 0x55af92cd22ec <unknown>\n#12 0x55af92cb5a22 <unknown>\n#13 0x55af92cd2e64 <unknown>\n#14 0x55af92c99bef <unknown>\n#15 0x55af92cf5558 <unknown>\n#16 0x55af92cf5736 <unknown>\n#17 0x55af92d05e76 <unknown>\n#18 0x7f503a49caa4 <unknown>\n#19 0x7f503a529c3c <unknown>","time":{"start":1743910240131,"stop":1743910257840,"duration":17709}},{"uid":"f33e52d95e1e9d","status":"broken","statusDetails":"selenium.common.exceptions.TimeoutException: Message: \nStacktrace:\n#0 0x55c20390effa <unknown>\n#1 0x55c2033cd970 <unknown>\n#2 0x55c20341f385 <unknown>\n#3 0x55c20341f5b1 <unknown>\n#4 0x55c20346e3c4 <unknown>\n#5 0x55c2034452bd <unknown>\n#6 0x55c20346b70c <unknown>\n#7 0x55c203445063 <unknown>\n#8 0x55c203411328 <unknown>\n#9 0x55c203412491 <unknown>\n#10 0x55c2038d642b <unknown>\n#11 0x55c2038da2ec <unknown>\n#12 0x55c2038bda22 <unknown>\n#13 0x55c2038dae64 <unknown>\n#14 0x55c2038a1bef <unknown>\n#15 0x55c2038fd558 <unknown>\n#16 0x55c2038fd736 <unknown>\n#17 0x55c20390de76 <unknown>\n#18 0x7f40aa69caa4 <unknown>\n#19 0x7f40aa729c3c <unknown>","time":{"start":1743900602381,"stop":1743900625608,"duration":23227}},{"uid":"9a96975755f811e4","status":"passed","time":{"start":1743887423280,"stop":1743887441635,"duration":18355}},{"uid":"7a4739da551bd906","status":"broken","statusDetails":"selenium.common.exceptions.TimeoutException: Message: \nStacktrace:\n#0 0x561a85734ffa <unknown>\n#1 0x561a851f3970 <unknown>\n#2 0x561a85245385 <unknown>\n#3 0x561a852455b1 <unknown>\n#4 0x561a852943c4 <unknown>\n#5 0x561a8526b2bd <unknown>\n#6 0x561a8529170c <unknown>\n#7 0x561a8526b063 <unknown>\n#8 0x561a85237328 <unknown>\n#9 0x561a85238491 <unknown>\n#10 0x561a856fc42b <unknown>\n#11 0x561a857002ec <unknown>\n#12 0x561a856e3a22 <unknown>\n#13 0x561a85700e64 <unknown>\n#14 0x561a856c7bef <unknown>\n#15 0x561a85723558 <unknown>\n#16 0x561a85723736 <unknown>\n#17 0x561a85733e76 <unknown>\n#18 0x7f694ea9caa4 <unknown>\n#19 0x7f694eb29c3c <unknown>","time":{"start":1743876768768,"stop":1743876791874,"duration":23106}},{"uid":"6bcf25c18dcd060d","status":"passed","time":{"start":1743865760470,"stop":1743865778203,"duration":17733}},{"uid":"e160c9e54ebee57","status":"broken","statusDetails":"selenium.common.exceptions.NoSuchElementException: Message: no such element: Unable to locate element: {\"method\":\"xpath\",\"selector\":\"//*[contains(text(), 'new_card')]\"}\n  (Session info: chrome=135.0.7049.52); For documentation on this error, please visit: https://www.selenium.dev/documentation/webdriver/troubleshooting/errors#no-such-element-exception\nStacktrace:\n#0 0x5627a07e2ffa <unknown>\n#1 0x5627a02a1970 <unknown>\n#2 0x5627a02f3385 <unknown>\n#3 0x5627a02f35b1 <unknown>\n#4 0x5627a03423c4 <unknown>\n#5 0x5627a03192bd <unknown>\n#6 0x5627a033f70c <unknown>\n#7 0x5627a0319063 <unknown>\n#8 0x5627a02e5328 <unknown>\n#9 0x5627a02e6491 <unknown>\n#10 0x5627a07aa42b <unknown>\n#11 0x5627a07ae2ec <unknown>\n#12 0x5627a0791a22 <unknown>\n#13 0x5627a07aee64 <unknown>\n#14 0x5627a0775bef <unknown>\n#15 0x5627a07d1558 <unknown>\n#16 0x5627a07d1736 <unknown>\n#17 0x5627a07e1e76 <unknown>\n#18 0x7feacdc9caa4 <unknown>\n#19 0x7feacdd29c3c <unknown>","time":{"start":1743855405133,"stop":1743855422410,"duration":17277}},{"uid":"59fbc7e702805795","status":"broken","statusDetails":"selenium.common.exceptions.TimeoutException: Message: \nStacktrace:\n#0 0x55d19a0e6ffa <unknown>\n#1 0x55d199ba5970 <unknown>\n#2 0x55d199bf7385 <unknown>\n#3 0x55d199bf75b1 <unknown>\n#4 0x55d199c463c4 <unknown>\n#5 0x55d199c1d2bd <unknown>\n#6 0x55d199c4370c <unknown>\n#7 0x55d199c1d063 <unknown>\n#8 0x55d199be9328 <unknown>\n#9 0x55d199bea491 <unknown>\n#10 0x55d19a0ae42b <unknown>\n#11 0x55d19a0b22ec <unknown>\n#12 0x55d19a095a22 <unknown>\n#13 0x55d19a0b2e64 <unknown>\n#14 0x55d19a079bef <unknown>\n#15 0x55d19a0d5558 <unknown>\n#16 0x55d19a0d5736 <unknown>\n#17 0x55d19a0e5e76 <unknown>\n#18 0x7f000d89caa4 <unknown>\n#19 0x7f000d929c3c <unknown>","time":{"start":1743844346720,"stop":1743844370015,"duration":23295}},{"uid":"ad4158aa45860f9e","status":"broken","statusDetails":"selenium.common.exceptions.TimeoutException: Message: \nStacktrace:\n#0 0x558d9b025ffa <unknown>\n#1 0x558d9aae4970 <unknown>\n#2 0x558d9ab36385 <unknown>\n#3 0x558d9ab365b1 <unknown>\n#4 0x558d9ab853c4 <unknown>\n#5 0x558d9ab5c2bd <unknown>\n#6 0x558d9ab8270c <unknown>\n#7 0x558d9ab5c063 <unknown>\n#8 0x558d9ab28328 <unknown>\n#9 0x558d9ab29491 <unknown>\n#10 0x558d9afed42b <unknown>\n#11 0x558d9aff12ec <unknown>\n#12 0x558d9afd4a22 <unknown>\n#13 0x558d9aff1e64 <unknown>\n#14 0x558d9afb8bef <unknown>\n#15 0x558d9b014558 <unknown>\n#16 0x558d9b014736 <unknown>\n#17 0x558d9b024e76 <unknown>\n#18 0x7f180b09caa4 <unknown>\n#19 0x7f180b129c3c <unknown>","time":{"start":1743833665938,"stop":1743833689250,"duration":23312}},{"uid":"ec79b67914354de7","status":"broken","statusDetails":"selenium.common.exceptions.TimeoutException: Message: \nStacktrace:\n#0 0x559447a33ffa <unknown>\n#1 0x5594474f2970 <unknown>\n#2 0x559447544385 <unknown>\n#3 0x5594475445b1 <unknown>\n#4 0x5594475933c4 <unknown>\n#5 0x55944756a2bd <unknown>\n#6 0x55944759070c <unknown>\n#7 0x55944756a063 <unknown>\n#8 0x559447536328 <unknown>\n#9 0x559447537491 <unknown>\n#10 0x5594479fb42b <unknown>\n#11 0x5594479ff2ec <unknown>\n#12 0x5594479e2a22 <unknown>\n#13 0x5594479ffe64 <unknown>\n#14 0x5594479c6bef <unknown>\n#15 0x559447a22558 <unknown>\n#16 0x559447a22736 <unknown>\n#17 0x559447a32e76 <unknown>\n#18 0x7f0c0109caa4 <unknown>\n#19 0x7f0c01129c3c <unknown>","time":{"start":1743823620025,"stop":1743823643808,"duration":23783}},{"uid":"824369a07e6c60e1","status":"broken","statusDetails":"selenium.common.exceptions.TimeoutException: Message: \nStacktrace:\n#0 0x5618f6b97ffa <unknown>\n#1 0x5618f6656970 <unknown>\n#2 0x5618f66a8385 <unknown>\n#3 0x5618f66a85b1 <unknown>\n#4 0x5618f66f73c4 <unknown>\n#5 0x5618f66ce2bd <unknown>\n#6 0x5618f66f470c <unknown>\n#7 0x5618f66ce063 <unknown>\n#8 0x5618f669a328 <unknown>\n#9 0x5618f669b491 <unknown>\n#10 0x5618f6b5f42b <unknown>\n#11 0x5618f6b632ec <unknown>\n#12 0x5618f6b46a22 <unknown>\n#13 0x5618f6b63e64 <unknown>\n#14 0x5618f6b2abef <unknown>\n#15 0x5618f6b86558 <unknown>\n#16 0x5618f6b86736 <unknown>\n#17 0x5618f6b96e76 <unknown>\n#18 0x7f696309caa4 <unknown>\n#19 0x7f6963129c3c <unknown>","time":{"start":1743813922799,"stop":1743813946455,"duration":23656}},{"uid":"b5d6f9b5abdcaaf7","status":"broken","statusDetails":"selenium.common.exceptions.NoSuchElementException: Message: no such element: Unable to locate element: {\"method\":\"xpath\",\"selector\":\"//*[contains(text(), 'new_card')]\"}\n  (Session info: chrome=135.0.7049.52); For documentation on this error, please visit: https://www.selenium.dev/documentation/webdriver/troubleshooting/errors#no-such-element-exception\nStacktrace:\n#0 0x55f59aab0ffa <unknown>\n#1 0x55f59a56f970 <unknown>\n#2 0x55f59a5c1385 <unknown>\n#3 0x55f59a5c15b1 <unknown>\n#4 0x55f59a6103c4 <unknown>\n#5 0x55f59a5e72bd <unknown>\n#6 0x55f59a60d70c <unknown>\n#7 0x55f59a5e7063 <unknown>\n#8 0x55f59a5b3328 <unknown>\n#9 0x55f59a5b4491 <unknown>\n#10 0x55f59aa7842b <unknown>\n#11 0x55f59aa7c2ec <unknown>\n#12 0x55f59aa5fa22 <unknown>\n#13 0x55f59aa7ce64 <unknown>\n#14 0x55f59aa43bef <unknown>\n#15 0x55f59aa9f558 <unknown>\n#16 0x55f59aa9f736 <unknown>\n#17 0x55f59aaafe76 <unknown>\n#18 0x7f8f7a89caa4 <unknown>\n#19 0x7f8f7a929c3c <unknown>","time":{"start":1743801011484,"stop":1743801029180,"duration":17696}},{"uid":"b6b9feef9830cf71","status":"broken","statusDetails":"selenium.common.exceptions.TimeoutException: Message: \nStacktrace:\n#0 0x55a345d1cffa <unknown>\n#1 0x55a3457db970 <unknown>\n#2 0x55a34582d385 <unknown>\n#3 0x55a34582d5b1 <unknown>\n#4 0x55a34587c3c4 <unknown>\n#5 0x55a3458532bd <unknown>\n#6 0x55a34587970c <unknown>\n#7 0x55a345853063 <unknown>\n#8 0x55a34581f328 <unknown>\n#9 0x55a345820491 <unknown>\n#10 0x55a345ce442b <unknown>\n#11 0x55a345ce82ec <unknown>\n#12 0x55a345ccba22 <unknown>\n#13 0x55a345ce8e64 <unknown>\n#14 0x55a345cafbef <unknown>\n#15 0x55a345d0b558 <unknown>\n#16 0x55a345d0b736 <unknown>\n#17 0x55a345d1be76 <unknown>\n#18 0x7f29c069caa4 <unknown>\n#19 0x7f29c0729c3c <unknown>","time":{"start":1743790502149,"stop":1743790525817,"duration":23668}},{"uid":"a7bc707ab5a0fd37","status":"broken","statusDetails":"selenium.common.exceptions.TimeoutException: Message: \nStacktrace:\n#0 0x560186c36ffa <unknown>\n#1 0x5601866f5970 <unknown>\n#2 0x560186747385 <unknown>\n#3 0x5601867475b1 <unknown>\n#4 0x5601867963c4 <unknown>\n#5 0x56018676d2bd <unknown>\n#6 0x56018679370c <unknown>\n#7 0x56018676d063 <unknown>\n#8 0x560186739328 <unknown>\n#9 0x56018673a491 <unknown>\n#10 0x560186bfe42b <unknown>\n#11 0x560186c022ec <unknown>\n#12 0x560186be5a22 <unknown>\n#13 0x560186c02e64 <unknown>\n#14 0x560186bc9bef <unknown>\n#15 0x560186c25558 <unknown>\n#16 0x560186c25736 <unknown>\n#17 0x560186c35e76 <unknown>\n#18 0x7f348349caa4 <unknown>\n#19 0x7f3483529c3c <unknown>","time":{"start":1743779510638,"stop":1743779533815,"duration":23177}},{"uid":"51e031e5b5169de1","status":"broken","statusDetails":"selenium.common.exceptions.TimeoutException: Message: \nStacktrace:\n#0 0x55de4b009ffa <unknown>\n#1 0x55de4aac8970 <unknown>\n#2 0x55de4ab1a385 <unknown>\n#3 0x55de4ab1a5b1 <unknown>\n#4 0x55de4ab693c4 <unknown>\n#5 0x55de4ab402bd <unknown>\n#6 0x55de4ab6670c <unknown>\n#7 0x55de4ab40063 <unknown>\n#8 0x55de4ab0c328 <unknown>\n#9 0x55de4ab0d491 <unknown>\n#10 0x55de4afd142b <unknown>\n#11 0x55de4afd52ec <unknown>\n#12 0x55de4afb8a22 <unknown>\n#13 0x55de4afd5e64 <unknown>\n#14 0x55de4af9cbef <unknown>\n#15 0x55de4aff8558 <unknown>\n#16 0x55de4aff8736 <unknown>\n#17 0x55de4b008e76 <unknown>\n#18 0x7f8a4aa9caa4 <unknown>\n#19 0x7f8a4ab29c3c <unknown>","time":{"start":1743769142096,"stop":1743769165890,"duration":23794}},{"uid":"6db5821210b85b4f","status":"broken","statusDetails":"selenium.common.exceptions.TimeoutException: Message: \nStacktrace:\n#0 0x55eeaa0e2ffa <unknown>\n#1 0x55eea9ba1970 <unknown>\n#2 0x55eea9bf3385 <unknown>\n#3 0x55eea9bf35b1 <unknown>\n#4 0x55eea9c423c4 <unknown>\n#5 0x55eea9c192bd <unknown>\n#6 0x55eea9c3f70c <unknown>\n#7 0x55eea9c19063 <unknown>\n#8 0x55eea9be5328 <unknown>\n#9 0x55eea9be6491 <unknown>\n#10 0x55eeaa0aa42b <unknown>\n#11 0x55eeaa0ae2ec <unknown>\n#12 0x55eeaa091a22 <unknown>\n#13 0x55eeaa0aee64 <unknown>\n#14 0x55eeaa075bef <unknown>\n#15 0x55eeaa0d1558 <unknown>\n#16 0x55eeaa0d1736 <unknown>\n#17 0x55eeaa0e1e76 <unknown>\n#18 0x7f7869a9caa4 <unknown>\n#19 0x7f7869b29c3c <unknown>","time":{"start":1743757949877,"stop":1743757972965,"duration":23088}},{"uid":"742dfb3ff16fd6ab","status":"broken","statusDetails":"selenium.common.exceptions.TimeoutException: Message: \nStacktrace:\n#0 0x559491b50ffa <unknown>\n#1 0x55949160f970 <unknown>\n#2 0x559491661385 <unknown>\n#3 0x5594916615b1 <unknown>\n#4 0x5594916b03c4 <unknown>\n#5 0x5594916872bd <unknown>\n#6 0x5594916ad70c <unknown>\n#7 0x559491687063 <unknown>\n#8 0x559491653328 <unknown>\n#9 0x559491654491 <unknown>\n#10 0x559491b1842b <unknown>\n#11 0x559491b1c2ec <unknown>\n#12 0x559491affa22 <unknown>\n#13 0x559491b1ce64 <unknown>\n#14 0x559491ae3bef <unknown>\n#15 0x559491b3f558 <unknown>\n#16 0x559491b3f736 <unknown>\n#17 0x559491b4fe76 <unknown>\n#18 0x7ffba9c9caa4 <unknown>\n#19 0x7ffba9d29c3c <unknown>","time":{"start":1743747355606,"stop":1743747378711,"duration":23105}}]},"tags":["TC005","TC000"]},"source":"f7d86b4840a2f78f.json","parameterValues":[]}