{"uid":"fc1cefac696c176e","name":"Drag and drop card from one list to another","fullName":"tests.regression_ui.test_ui_regression.TestUIRegression#test_drag_n_drop_card","historyId":"58c27d4ea8138de64fd4e105da17ea92","time":{"start":1742386664583,"stop":1742386682203,"duration":17620},"status":"broken","statusMessage":"selenium.common.exceptions.TimeoutException: Message: \nStacktrace:\n#0 0x55803069a46a <unknown>\n#1 0x558030153ed0 <unknown>\n#2 0x5580301a5935 <unknown>\n#3 0x5580301a5b61 <unknown>\n#4 0x5580301f49d4 <unknown>\n#5 0x5580301cb88d <unknown>\n#6 0x5580301f1ceb <unknown>\n#7 0x5580301cb633 <unknown>\n#8 0x5580301971be <unknown>\n#9 0x558030198981 <unknown>\n#10 0x55803066086b <unknown>\n#11 0x55803066473c <unknown>\n#12 0x558030647f12 <unknown>\n#13 0x5580306652b4 <unknown>\n#14 0x55803062c0af <unknown>\n#15 0x558030688ad8 <unknown>\n#16 0x558030688cb6 <unknown>\n#17 0x5580306992e6 <unknown>\n#18 0x7fc0ea29caa4 <unknown>\n#19 0x7fc0ea329c3c <unknown>","statusTrace":"self = <tests.regression_ui.test_ui_regression.TestUIRegression object at 0x7f4c424a6750>\ndriver = <selenium.webdriver.chrome.webdriver.WebDriver (session=\"29ad97399a6ba93cabf538e8ce290a33\")>\n\n    @pytest.mark.TC000\n    @pytest.mark.TC005\n    @allure.title('Drag and drop card from one list to another')\n    def test_drag_n_drop_card(self, driver):\n        time.sleep(7)\n        with allure.step('Log in to Trello account'):\n>           self.test_login(driver)\n\ntests/regression_ui/test_ui_regression.py:168: \n_ _ _ _ _ _ _ _ _ _ _ _ _ _ _ _ _ _ _ _ _ _ _ _ _ _ _ _ _ _ _ _ _ _ _ _ _ _ _ _ \ntests/regression_ui/test_ui_regression.py:62: in test_login\n    el_user_name = WebDriverWait(driver, 10).until(EC.element_to_be_clickable(\n_ _ _ _ _ _ _ _ _ _ _ _ _ _ _ _ _ _ _ _ _ _ _ _ _ _ _ _ _ _ _ _ _ _ _ _ _ _ _ _ \n\nself = <selenium.webdriver.support.wait.WebDriverWait (session=\"29ad97399a6ba93cabf538e8ce290a33\")>\nmethod = <function element_to_be_clickable.<locals>._predicate at 0x7f4c423c1b20>\nmessage = ''\n\n    def until(self, method: Callable[[D], Union[Literal[False], T]], message: str = \"\") -> T:\n        \"\"\"Calls the method provided with the driver as an argument until the \\\n        return value does not evaluate to ``False``.\n    \n        :param method: callable(WebDriver)\n        :param message: optional message for :exc:`TimeoutException`\n        :returns: the result of the last call to `method`\n        :raises: :exc:`selenium.common.exceptions.TimeoutException` if timeout occurs\n        \"\"\"\n        screen = None\n        stacktrace = None\n    \n        end_time = time.monotonic() + self._timeout\n        while True:\n            try:\n                value = method(self._driver)\n                if value:\n                    return value\n            except self._ignored_exceptions as exc:\n                screen = getattr(exc, \"screen\", None)\n                stacktrace = getattr(exc, \"stacktrace\", None)\n            if time.monotonic() > end_time:\n                break\n            time.sleep(self._poll)\n>       raise TimeoutException(message, screen, stacktrace)\nE       selenium.common.exceptions.TimeoutException: Message: \nE       Stacktrace:\nE       #0 0x55803069a46a <unknown>\nE       #1 0x558030153ed0 <unknown>\nE       #2 0x5580301a5935 <unknown>\nE       #3 0x5580301a5b61 <unknown>\nE       #4 0x5580301f49d4 <unknown>\nE       #5 0x5580301cb88d <unknown>\nE       #6 0x5580301f1ceb <unknown>\nE       #7 0x5580301cb633 <unknown>\nE       #8 0x5580301971be <unknown>\nE       #9 0x558030198981 <unknown>\nE       #10 0x55803066086b <unknown>\nE       #11 0x55803066473c <unknown>\nE       #12 0x558030647f12 <unknown>\nE       #13 0x5580306652b4 <unknown>\nE       #14 0x55803062c0af <unknown>\nE       #15 0x558030688ad8 <unknown>\nE       #16 0x558030688cb6 <unknown>\nE       #17 0x5580306992e6 <unknown>\nE       #18 0x7fc0ea29caa4 <unknown>\nE       #19 0x7fc0ea329c3c <unknown>\n\n/opt/hostedtoolcache/Python/3.12.5/x64/lib/python3.12/site-packages/selenium/webdriver/support/wait.py:105: TimeoutException","flaky":false,"newFailed":false,"newBroken":false,"newPassed":false,"retriesCount":0,"retriesStatusChange":false,"beforeStages":[{"name":"driver","time":{"start":1742386664270,"stop":1742386664582,"duration":312},"status":"passed","steps":[],"attachments":[],"parameters":[],"shouldDisplayMessage":false,"stepsCount":0,"attachmentsCount":0,"hasContent":false,"attachmentStep":false},{"name":"setup","time":{"start":1742386664582,"stop":1742386664582,"duration":0},"status":"passed","steps":[],"attachments":[],"parameters":[],"shouldDisplayMessage":false,"stepsCount":0,"attachmentsCount":0,"hasContent":false,"attachmentStep":false}],"testStage":{"status":"broken","statusMessage":"selenium.common.exceptions.TimeoutException: Message: \nStacktrace:\n#0 0x55803069a46a <unknown>\n#1 0x558030153ed0 <unknown>\n#2 0x5580301a5935 <unknown>\n#3 0x5580301a5b61 <unknown>\n#4 0x5580301f49d4 <unknown>\n#5 0x5580301cb88d <unknown>\n#6 0x5580301f1ceb <unknown>\n#7 0x5580301cb633 <unknown>\n#8 0x5580301971be <unknown>\n#9 0x558030198981 <unknown>\n#10 0x55803066086b <unknown>\n#11 0x55803066473c <unknown>\n#12 0x558030647f12 <unknown>\n#13 0x5580306652b4 <unknown>\n#14 0x55803062c0af <unknown>\n#15 0x558030688ad8 <unknown>\n#16 0x558030688cb6 <unknown>\n#17 0x5580306992e6 <unknown>\n#18 0x7fc0ea29caa4 <unknown>\n#19 0x7fc0ea329c3c <unknown>","statusTrace":"self = <tests.regression_ui.test_ui_regression.TestUIRegression object at 0x7f4c424a6750>\ndriver = <selenium.webdriver.chrome.webdriver.WebDriver (session=\"29ad97399a6ba93cabf538e8ce290a33\")>\n\n    @pytest.mark.TC000\n    @pytest.mark.TC005\n    @allure.title('Drag and drop card from one list to another')\n    def test_drag_n_drop_card(self, driver):\n        time.sleep(7)\n        with allure.step('Log in to Trello account'):\n>           self.test_login(driver)\n\ntests/regression_ui/test_ui_regression.py:168: \n_ _ _ _ _ _ _ _ _ _ _ _ _ _ _ _ _ _ _ _ _ _ _ _ _ _ _ _ _ _ _ _ _ _ _ _ _ _ _ _ \ntests/regression_ui/test_ui_regression.py:62: in test_login\n    el_user_name = WebDriverWait(driver, 10).until(EC.element_to_be_clickable(\n_ _ _ _ _ _ _ _ _ _ _ _ _ _ _ _ _ _ _ _ _ _ _ _ _ _ _ _ _ _ _ _ _ _ _ _ _ _ _ _ \n\nself = <selenium.webdriver.support.wait.WebDriverWait (session=\"29ad97399a6ba93cabf538e8ce290a33\")>\nmethod = <function element_to_be_clickable.<locals>._predicate at 0x7f4c423c1b20>\nmessage = ''\n\n    def until(self, method: Callable[[D], Union[Literal[False], T]], message: str = \"\") -> T:\n        \"\"\"Calls the method provided with the driver as an argument until the \\\n        return value does not evaluate to ``False``.\n    \n        :param method: callable(WebDriver)\n        :param message: optional message for :exc:`TimeoutException`\n        :returns: the result of the last call to `method`\n        :raises: :exc:`selenium.common.exceptions.TimeoutException` if timeout occurs\n        \"\"\"\n        screen = None\n        stacktrace = None\n    \n        end_time = time.monotonic() + self._timeout\n        while True:\n            try:\n                value = method(self._driver)\n                if value:\n                    return value\n            except self._ignored_exceptions as exc:\n                screen = getattr(exc, \"screen\", None)\n                stacktrace = getattr(exc, \"stacktrace\", None)\n            if time.monotonic() > end_time:\n                break\n            time.sleep(self._poll)\n>       raise TimeoutException(message, screen, stacktrace)\nE       selenium.common.exceptions.TimeoutException: Message: \nE       Stacktrace:\nE       #0 0x55803069a46a <unknown>\nE       #1 0x558030153ed0 <unknown>\nE       #2 0x5580301a5935 <unknown>\nE       #3 0x5580301a5b61 <unknown>\nE       #4 0x5580301f49d4 <unknown>\nE       #5 0x5580301cb88d <unknown>\nE       #6 0x5580301f1ceb <unknown>\nE       #7 0x5580301cb633 <unknown>\nE       #8 0x5580301971be <unknown>\nE       #9 0x558030198981 <unknown>\nE       #10 0x55803066086b <unknown>\nE       #11 0x55803066473c <unknown>\nE       #12 0x558030647f12 <unknown>\nE       #13 0x5580306652b4 <unknown>\nE       #14 0x55803062c0af <unknown>\nE       #15 0x558030688ad8 <unknown>\nE       #16 0x558030688cb6 <unknown>\nE       #17 0x5580306992e6 <unknown>\nE       #18 0x7fc0ea29caa4 <unknown>\nE       #19 0x7fc0ea329c3c <unknown>\n\n/opt/hostedtoolcache/Python/3.12.5/x64/lib/python3.12/site-packages/selenium/webdriver/support/wait.py:105: TimeoutException","steps":[{"name":"Log in to Trello account","time":{"start":1742386671583,"stop":1742386682202,"duration":10619},"status":"broken","statusMessage":"selenium.common.exceptions.TimeoutException: Message: \nStacktrace:\n#0 0x55803069a46a <unknown>\n#1 0x558030153ed0 <unknown>\n#2 0x5580301a5935 <unknown>\n#3 0x5580301a5b61 <unknown>\n#4 0x5580301f49d4 <unknown>\n#5 0x5580301cb88d <unknown>\n#6 0x5580301f1ceb <unknown>\n#7 0x5580301cb633 <unknown>\n#8 0x5580301971be <unknown>\n#9 0x558030198981 <unknown>\n#10 0x55803066086b <unknown>\n#11 0x55803066473c <unknown>\n#12 0x558030647f12 <unknown>\n#13 0x5580306652b4 <unknown>\n#14 0x55803062c0af <unknown>\n#15 0x558030688ad8 <unknown>\n#16 0x558030688cb6 <unknown>\n#17 0x5580306992e6 <unknown>\n#18 0x7fc0ea29caa4 <unknown>\n#19 0x7fc0ea329c3c <unknown>\n\n","statusTrace":"  File \"/home/runner/work/pythonSelenium/pythonSelenium/tests/regression_ui/test_ui_regression.py\", line 168, in test_drag_n_drop_card\n    self.test_login(driver)\n  File \"/home/runner/work/pythonSelenium/pythonSelenium/tests/regression_ui/test_ui_regression.py\", line 62, in test_login\n    el_user_name = WebDriverWait(driver, 10).until(EC.element_to_be_clickable(\n                   ^^^^^^^^^^^^^^^^^^^^^^^^^^^^^^^^^^^^^^^^^^^^^^^^^^^^^^^^^^^\n  File \"/opt/hostedtoolcache/Python/3.12.5/x64/lib/python3.12/site-packages/selenium/webdriver/support/wait.py\", line 105, in until\n    raise TimeoutException(message, screen, stacktrace)\n","steps":[{"name":"Navigate to the Trello page and enter valid credentials (email, password, and 6-digits verification code)","time":{"start":1742386671583,"stop":1742386682202,"duration":10619},"status":"broken","statusMessage":"selenium.common.exceptions.TimeoutException: Message: \nStacktrace:\n#0 0x55803069a46a <unknown>\n#1 0x558030153ed0 <unknown>\n#2 0x5580301a5935 <unknown>\n#3 0x5580301a5b61 <unknown>\n#4 0x5580301f49d4 <unknown>\n#5 0x5580301cb88d <unknown>\n#6 0x5580301f1ceb <unknown>\n#7 0x5580301cb633 <unknown>\n#8 0x5580301971be <unknown>\n#9 0x558030198981 <unknown>\n#10 0x55803066086b <unknown>\n#11 0x55803066473c <unknown>\n#12 0x558030647f12 <unknown>\n#13 0x5580306652b4 <unknown>\n#14 0x55803062c0af <unknown>\n#15 0x558030688ad8 <unknown>\n#16 0x558030688cb6 <unknown>\n#17 0x5580306992e6 <unknown>\n#18 0x7fc0ea29caa4 <unknown>\n#19 0x7fc0ea329c3c <unknown>\n\n","statusTrace":"  File \"/home/runner/work/pythonSelenium/pythonSelenium/tests/regression_ui/test_ui_regression.py\", line 62, in test_login\n    el_user_name = WebDriverWait(driver, 10).until(EC.element_to_be_clickable(\n                   ^^^^^^^^^^^^^^^^^^^^^^^^^^^^^^^^^^^^^^^^^^^^^^^^^^^^^^^^^^^\n  File \"/opt/hostedtoolcache/Python/3.12.5/x64/lib/python3.12/site-packages/selenium/webdriver/support/wait.py\", line 105, in until\n    raise TimeoutException(message, screen, stacktrace)\n","steps":[],"attachments":[],"parameters":[],"shouldDisplayMessage":true,"stepsCount":0,"attachmentsCount":0,"hasContent":true,"attachmentStep":false}],"attachments":[],"parameters":[],"shouldDisplayMessage":false,"stepsCount":1,"attachmentsCount":0,"hasContent":true,"attachmentStep":false}],"attachments":[],"parameters":[],"shouldDisplayMessage":true,"stepsCount":2,"attachmentsCount":0,"hasContent":true,"attachmentStep":false},"afterStages":[{"name":"driver::0","time":{"start":1742386682218,"stop":1742386682282,"duration":64},"status":"passed","steps":[],"attachments":[],"parameters":[],"shouldDisplayMessage":false,"stepsCount":0,"attachmentsCount":0,"hasContent":false,"attachmentStep":false}],"labels":[{"name":"tag","value":"TC005"},{"name":"tag","value":"TC000"},{"name":"parentSuite","value":"tests.regression_ui"},{"name":"suite","value":"test_ui_regression"},{"name":"subSuite","value":"TestUIRegression"},{"name":"host","value":"fv-az1267-279"},{"name":"thread","value":"4131-MainThread"},{"name":"framework","value":"pytest"},{"name":"language","value":"cpython3"},{"name":"package","value":"tests.regression_ui.test_ui_regression"},{"name":"resultFormat","value":"allure2"}],"parameters":[],"links":[],"hidden":false,"retry":false,"extra":{"severity":"normal","retries":[],"categories":[{"name":"Test defects","matchedStatuses":[]}],"history":{"statistic":{"failed":6,"broken":25,"skipped":0,"passed":515,"unknown":0,"total":546},"items":[{"uid":"89d161155cbdfa05","status":"broken","statusDetails":"selenium.common.exceptions.TimeoutException: Message: \nStacktrace:\n#0 0x56110cba146a <unknown>\n#1 0x56110c65aed0 <unknown>\n#2 0x56110c6ac935 <unknown>\n#3 0x56110c6acb61 <unknown>\n#4 0x56110c6fb9d4 <unknown>\n#5 0x56110c6d288d <unknown>\n#6 0x56110c6f8ceb <unknown>\n#7 0x56110c6d2633 <unknown>\n#8 0x56110c69e1be <unknown>\n#9 0x56110c69f981 <unknown>\n#10 0x56110cb6786b <unknown>\n#11 0x56110cb6b73c <unknown>\n#12 0x56110cb4ef12 <unknown>\n#13 0x56110cb6c2b4 <unknown>\n#14 0x56110cb330af <unknown>\n#15 0x56110cb8fad8 <unknown>\n#16 0x56110cb8fcb6 <unknown>\n#17 0x56110cba02e6 <unknown>\n#18 0x7f3b8ec9caa4 <unknown>\n#19 0x7f3b8ed29c3c <unknown>","time":{"start":1742375529346,"stop":1742375553502,"duration":24156}},{"uid":"82a82de054cc90f6","status":"broken","statusDetails":"selenium.common.exceptions.NoSuchElementException: Message: no such element: Unable to locate element: {\"method\":\"xpath\",\"selector\":\"//*[contains(text(), 'new_card')]\"}\n  (Session info: chrome=134.0.6998.88); For documentation on this error, please visit: https://www.selenium.dev/documentation/webdriver/troubleshooting/errors#no-such-element-exception\nStacktrace:\n#0 0x557ba750846a <unknown>\n#1 0x557ba6fc1ed0 <unknown>\n#2 0x557ba7013935 <unknown>\n#3 0x557ba7013b61 <unknown>\n#4 0x557ba70629d4 <unknown>\n#5 0x557ba703988d <unknown>\n#6 0x557ba705fceb <unknown>\n#7 0x557ba7039633 <unknown>\n#8 0x557ba70051be <unknown>\n#9 0x557ba7006981 <unknown>\n#10 0x557ba74ce86b <unknown>\n#11 0x557ba74d273c <unknown>\n#12 0x557ba74b5f12 <unknown>\n#13 0x557ba74d32b4 <unknown>\n#14 0x557ba749a0af <unknown>\n#15 0x557ba74f6ad8 <unknown>\n#16 0x557ba74f6cb6 <unknown>\n#17 0x557ba75072e6 <unknown>\n#18 0x7f781ba9caa4 <unknown>\n#19 0x7f781bb29c3c <unknown>","time":{"start":1742364974530,"stop":1742364992000,"duration":17470}},{"uid":"186a614613d8ea1","status":"broken","statusDetails":"selenium.common.exceptions.TimeoutException: Message: \nStacktrace:\n#0 0x55d48f4a346a <unknown>\n#1 0x55d48ef5ced0 <unknown>\n#2 0x55d48efae935 <unknown>\n#3 0x55d48efaeb61 <unknown>\n#4 0x55d48effd9d4 <unknown>\n#5 0x55d48efd488d <unknown>\n#6 0x55d48effaceb <unknown>\n#7 0x55d48efd4633 <unknown>\n#8 0x55d48efa01be <unknown>\n#9 0x55d48efa1981 <unknown>\n#10 0x55d48f46986b <unknown>\n#11 0x55d48f46d73c <unknown>\n#12 0x55d48f450f12 <unknown>\n#13 0x55d48f46e2b4 <unknown>\n#14 0x55d48f4350af <unknown>\n#15 0x55d48f491ad8 <unknown>\n#16 0x55d48f491cb6 <unknown>\n#17 0x55d48f4a22e6 <unknown>\n#18 0x7fda3629caa4 <unknown>\n#19 0x7fda36329c3c <unknown>","time":{"start":1742354695440,"stop":1742354718945,"duration":23505}},{"uid":"9b5bf8294d365136","status":"broken","statusDetails":"selenium.common.exceptions.TimeoutException: Message: \nStacktrace:\n#0 0x55e6be13846a <unknown>\n#1 0x55e6bdbf1ed0 <unknown>\n#2 0x55e6bdc43935 <unknown>\n#3 0x55e6bdc43b61 <unknown>\n#4 0x55e6bdc929d4 <unknown>\n#5 0x55e6bdc6988d <unknown>\n#6 0x55e6bdc8fceb <unknown>\n#7 0x55e6bdc69633 <unknown>\n#8 0x55e6bdc351be <unknown>\n#9 0x55e6bdc36981 <unknown>\n#10 0x55e6be0fe86b <unknown>\n#11 0x55e6be10273c <unknown>\n#12 0x55e6be0e5f12 <unknown>\n#13 0x55e6be1032b4 <unknown>\n#14 0x55e6be0ca0af <unknown>\n#15 0x55e6be126ad8 <unknown>\n#16 0x55e6be126cb6 <unknown>\n#17 0x55e6be1372e6 <unknown>\n#18 0x7fca2e49caa4 <unknown>\n#19 0x7fca2e529c3c <unknown>","time":{"start":1742345154139,"stop":1742345177779,"duration":23640}},{"uid":"f94d90de74f12fd8","status":"broken","statusDetails":"selenium.common.exceptions.NoSuchElementException: Message: no such element: Unable to locate element: {\"method\":\"xpath\",\"selector\":\"//*[contains(text(), 'new_card')]\"}\n  (Session info: chrome=134.0.6998.88); For documentation on this error, please visit: https://www.selenium.dev/documentation/webdriver/troubleshooting/errors#no-such-element-exception\nStacktrace:\n#0 0x555d24eca46a <unknown>\n#1 0x555d24983ed0 <unknown>\n#2 0x555d249d5935 <unknown>\n#3 0x555d249d5b61 <unknown>\n#4 0x555d24a249d4 <unknown>\n#5 0x555d249fb88d <unknown>\n#6 0x555d24a21ceb <unknown>\n#7 0x555d249fb633 <unknown>\n#8 0x555d249c71be <unknown>\n#9 0x555d249c8981 <unknown>\n#10 0x555d24e9086b <unknown>\n#11 0x555d24e9473c <unknown>\n#12 0x555d24e77f12 <unknown>\n#13 0x555d24e952b4 <unknown>\n#14 0x555d24e5c0af <unknown>\n#15 0x555d24eb8ad8 <unknown>\n#16 0x555d24eb8cb6 <unknown>\n#17 0x555d24ec92e6 <unknown>\n#18 0x7f2cf669caa4 <unknown>\n#19 0x7f2cf6729c3c <unknown>","time":{"start":1742332274893,"stop":1742332293434,"duration":18541}},{"uid":"865e8021c923ac99","status":"passed","time":{"start":1742321650739,"stop":1742321680880,"duration":30141}},{"uid":"5a1a95ba9bb374d0","status":"passed","time":{"start":1742310701515,"stop":1742310730706,"duration":29191}},{"uid":"d16e82df613c64f5","status":"passed","time":{"start":1742300349379,"stop":1742300379061,"duration":29682}},{"uid":"c32d277120f23e38","status":"passed","time":{"start":1742289193466,"stop":1742289223419,"duration":29953}},{"uid":"bbd9ab6edab2694a","status":"broken","statusDetails":"selenium.common.exceptions.NoSuchElementException: Message: no such element: Unable to locate element: {\"method\":\"xpath\",\"selector\":\"//*[contains(text(), 'new_card')]\"}\n  (Session info: chrome=134.0.6998.88); For documentation on this error, please visit: https://www.selenium.dev/documentation/webdriver/troubleshooting/errors#no-such-element-exception\nStacktrace:\n#0 0x562faca2b46a <unknown>\n#1 0x562fac4e4ed0 <unknown>\n#2 0x562fac536935 <unknown>\n#3 0x562fac536b61 <unknown>\n#4 0x562fac5859d4 <unknown>\n#5 0x562fac55c88d <unknown>\n#6 0x562fac582ceb <unknown>\n#7 0x562fac55c633 <unknown>\n#8 0x562fac5281be <unknown>\n#9 0x562fac529981 <unknown>\n#10 0x562fac9f186b <unknown>\n#11 0x562fac9f573c <unknown>\n#12 0x562fac9d8f12 <unknown>\n#13 0x562fac9f62b4 <unknown>\n#14 0x562fac9bd0af <unknown>\n#15 0x562faca19ad8 <unknown>\n#16 0x562faca19cb6 <unknown>\n#17 0x562faca2a2e6 <unknown>\n#18 0x7f3d1749caa4 <unknown>\n#19 0x7f3d17529c3c <unknown>","time":{"start":1742278513129,"stop":1742278530558,"duration":17429}},{"uid":"7dda7939487db0f9","status":"passed","time":{"start":1742268281342,"stop":1742268310356,"duration":29014}},{"uid":"bd609bd93769611e","status":"passed","time":{"start":1742258623363,"stop":1742258653248,"duration":29885}},{"uid":"17d38bbb41805939","status":"passed","time":{"start":1742245812683,"stop":1742245842826,"duration":30143}},{"uid":"e5f6ff025affb3aa","status":"passed","time":{"start":1742235252008,"stop":1742235281326,"duration":29318}},{"uid":"dec32b42bdc8a4f3","status":"passed","time":{"start":1742224272996,"stop":1742224302225,"duration":29229}},{"uid":"90cb0dcd162b754c","status":"passed","time":{"start":1742214129020,"stop":1742214158850,"duration":29830}},{"uid":"970e2f5862909887","status":"passed","time":{"start":1742202758999,"stop":1742202790559,"duration":31560}},{"uid":"2f68fd68c3f3e6d7","status":"passed","time":{"start":1742192112671,"stop":1742192141951,"duration":29280}},{"uid":"460b01afdf62d790","status":"broken","statusDetails":"selenium.common.exceptions.TimeoutException: Message: \nStacktrace:\n#0 0x55b187ef346a <unknown>\n#1 0x55b1879aced0 <unknown>\n#2 0x55b1879fe935 <unknown>\n#3 0x55b1879feb61 <unknown>\n#4 0x55b187a4d9d4 <unknown>\n#5 0x55b187a2488d <unknown>\n#6 0x55b187a4aceb <unknown>\n#7 0x55b187a24633 <unknown>\n#8 0x55b1879f01be <unknown>\n#9 0x55b1879f1981 <unknown>\n#10 0x55b187eb986b <unknown>\n#11 0x55b187ebd73c <unknown>\n#12 0x55b187ea0f12 <unknown>\n#13 0x55b187ebe2b4 <unknown>\n#14 0x55b187e850af <unknown>\n#15 0x55b187ee1ad8 <unknown>\n#16 0x55b187ee1cb6 <unknown>\n#17 0x55b187ef22e6 <unknown>\n#18 0x7ff9d5c9caa4 <unknown>\n#19 0x7ff9d5d29c3c <unknown>","time":{"start":1742181904869,"stop":1742181922518,"duration":17649}},{"uid":"17482ebbca6928d7","status":"passed","time":{"start":1742172399018,"stop":1742172433809,"duration":34791}}]},"tags":["TC005","TC000"]},"source":"fc1cefac696c176e.json","parameterValues":[]}