{"uid":"ff0266a7ba36dcd","name":"Archive a card","fullName":"tests.regression_ui.test_ui_regression.TestUIRegression#test_archive_card","historyId":"4151bed777d70c35651f4626d00b86b5","time":{"start":1743683063458,"stop":1743683105183,"duration":41725},"status":"broken","statusMessage":"selenium.common.exceptions.NoSuchElementException: Message: no such element: Unable to locate element: {\"method\":\"xpath\",\"selector\":\"//*[contains(text(), 'new_card')]\"}\n  (Session info: chrome=135.0.7049.52); For documentation on this error, please visit: https://www.selenium.dev/documentation/webdriver/troubleshooting/errors#no-such-element-exception\nStacktrace:\n#0 0x5556e4e3effa <unknown>\n#1 0x5556e48fd970 <unknown>\n#2 0x5556e494f385 <unknown>\n#3 0x5556e494f5b1 <unknown>\n#4 0x5556e499e3c4 <unknown>\n#5 0x5556e49752bd <unknown>\n#6 0x5556e499b70c <unknown>\n#7 0x5556e4975063 <unknown>\n#8 0x5556e4941328 <unknown>\n#9 0x5556e4942491 <unknown>\n#10 0x5556e4e0642b <unknown>\n#11 0x5556e4e0a2ec <unknown>\n#12 0x5556e4deda22 <unknown>\n#13 0x5556e4e0ae64 <unknown>\n#14 0x5556e4dd1bef <unknown>\n#15 0x5556e4e2d558 <unknown>\n#16 0x5556e4e2d736 <unknown>\n#17 0x5556e4e3de76 <unknown>\n#18 0x7f8c76c9caa4 <unknown>\n#19 0x7f8c76d29c3c <unknown>","statusTrace":"self = <tests.regression_ui.test_ui_regression.TestUIRegression object at 0x7fa5d0da6c30>\ndriver = <selenium.webdriver.chrome.webdriver.WebDriver (session=\"14d19f23652b7337f513c6f217d30bea\")>\n\n    @pytest.mark.TC000\n    @pytest.mark.TC006\n    @allure.title('Archive a card')\n    def test_archive_card(self, driver):\n        time.sleep(5)\n        with allure.step('Log in to Trello account'):\n            self.test_login(driver)\n    \n        with allure.step('Open a board and select a card'):\n            try:\n                WebDriverWait(driver, 30).until(EC.element_to_be_clickable((By.XPATH, self.SCC.Board.BOARD_TITLE))).click()\n                WebDriverWait(driver, 10).until(EC.visibility_of_element_located((By.XPATH, self.SCC.Board.LIST_TITLE))).click()\n                driver.find_element(By.XPATH, self.SCC.List.ADD_A_CARD_BUTTON).click()\n                driver.find_element(By.XPATH, self.SCC.List.CARD_NAME_FIELD).click()\n                time.sleep(1)\n                driver.find_element(By.XPATH, self.SCC.List.CARD_NAME_FIELD).send_keys('new_card')\n                driver.find_element(By.XPATH, self.SCC.List.ADD_CARD_SUBMIT_BUTTOMN).click()\n                time.sleep(2)\n            except Exception as e:\n                log.info(\"An error occurred: \", str(e))\n    \n        with allure.step('Click the card to open and archive it'):\n>           driver.find_element(By.XPATH, self.SCC.List.CARD_TO_ARCHIVE).click()\n\ntests/regression_ui/test_ui_regression.py:206: \n_ _ _ _ _ _ _ _ _ _ _ _ _ _ _ _ _ _ _ _ _ _ _ _ _ _ _ _ _ _ _ _ _ _ _ _ _ _ _ _ \n/opt/hostedtoolcache/Python/3.12.5/x64/lib/python3.12/site-packages/selenium/webdriver/remote/webdriver.py:770: in find_element\n    return self.execute(Command.FIND_ELEMENT, {\"using\": by, \"value\": value})[\"value\"]\n/opt/hostedtoolcache/Python/3.12.5/x64/lib/python3.12/site-packages/selenium/webdriver/remote/webdriver.py:384: in execute\n    self.error_handler.check_response(response)\n_ _ _ _ _ _ _ _ _ _ _ _ _ _ _ _ _ _ _ _ _ _ _ _ _ _ _ _ _ _ _ _ _ _ _ _ _ _ _ _ \n\nself = <selenium.webdriver.remote.errorhandler.ErrorHandler object at 0x7fa5d0dfe000>\nresponse = {'status': 404, 'value': '{\"value\":{\"error\":\"no such element\",\"message\":\"no such element: Unable to locate element: {\\...\\\\n#17 0x5556e4e3de76 \\\\u003Cunknown>\\\\n#18 0x7f8c76c9caa4 \\\\u003Cunknown>\\\\n#19 0x7f8c76d29c3c \\\\u003Cunknown>\\\\n\"}}'}\n\n    def check_response(self, response: Dict[str, Any]) -> None:\n        \"\"\"Checks that a JSON response from the WebDriver does not have an\n        error.\n    \n        :Args:\n         - response - The JSON response from the WebDriver server as a dictionary\n           object.\n    \n        :Raises: If the response contains an error message.\n        \"\"\"\n        status = response.get(\"status\", None)\n        if not status or status == ErrorCode.SUCCESS:\n            return\n        value = None\n        message = response.get(\"message\", \"\")\n        screen: str = response.get(\"screen\", \"\")\n        stacktrace = None\n        if isinstance(status, int):\n            value_json = response.get(\"value\", None)\n            if value_json and isinstance(value_json, str):\n                import json\n    \n                try:\n                    value = json.loads(value_json)\n                    if len(value) == 1:\n                        value = value[\"value\"]\n                    status = value.get(\"error\", None)\n                    if not status:\n                        status = value.get(\"status\", ErrorCode.UNKNOWN_ERROR)\n                        message = value.get(\"value\") or value.get(\"message\")\n                        if not isinstance(message, str):\n                            value = message\n                            message = message.get(\"message\")\n                    else:\n                        message = value.get(\"message\", None)\n                except ValueError:\n                    pass\n    \n        exception_class: Type[WebDriverException]\n        e = ErrorCode()\n        error_codes = [item for item in dir(e) if not item.startswith(\"__\")]\n        for error_code in error_codes:\n            error_info = getattr(ErrorCode, error_code)\n            if isinstance(error_info, list) and status in error_info:\n                exception_class = getattr(ExceptionMapping, error_code, WebDriverException)\n                break\n        else:\n            exception_class = WebDriverException\n    \n        if not value:\n            value = response[\"value\"]\n        if isinstance(value, str):\n            raise exception_class(value)\n        if message == \"\" and \"message\" in value:\n            message = value[\"message\"]\n    \n        screen = None  # type: ignore[assignment]\n        if \"screen\" in value:\n            screen = value[\"screen\"]\n    \n        stacktrace = None\n        st_value = value.get(\"stackTrace\") or value.get(\"stacktrace\")\n        if st_value:\n            if isinstance(st_value, str):\n                stacktrace = st_value.split(\"\\n\")\n            else:\n                stacktrace = []\n                try:\n                    for frame in st_value:\n                        line = frame.get(\"lineNumber\", \"\")\n                        file = frame.get(\"fileName\", \"<anonymous>\")\n                        if line:\n                            file = f\"{file}:{line}\"\n                        meth = frame.get(\"methodName\", \"<anonymous>\")\n                        if \"className\" in frame:\n                            meth = f\"{frame['className']}.{meth}\"\n                        msg = \"    at %s (%s)\"\n                        msg = msg % (meth, file)\n                        stacktrace.append(msg)\n                except TypeError:\n                    pass\n        if exception_class == UnexpectedAlertPresentException:\n            alert_text = None\n            if \"data\" in value:\n                alert_text = value[\"data\"].get(\"text\")\n            elif \"alert\" in value:\n                alert_text = value[\"alert\"].get(\"text\")\n            raise exception_class(message, screen, stacktrace, alert_text)  # type: ignore[call-arg]  # mypy is not smart enough here\n>       raise exception_class(message, screen, stacktrace)\nE       selenium.common.exceptions.NoSuchElementException: Message: no such element: Unable to locate element: {\"method\":\"xpath\",\"selector\":\"//*[contains(text(), 'new_card')]\"}\nE         (Session info: chrome=135.0.7049.52); For documentation on this error, please visit: https://www.selenium.dev/documentation/webdriver/troubleshooting/errors#no-such-element-exception\nE       Stacktrace:\nE       #0 0x5556e4e3effa <unknown>\nE       #1 0x5556e48fd970 <unknown>\nE       #2 0x5556e494f385 <unknown>\nE       #3 0x5556e494f5b1 <unknown>\nE       #4 0x5556e499e3c4 <unknown>\nE       #5 0x5556e49752bd <unknown>\nE       #6 0x5556e499b70c <unknown>\nE       #7 0x5556e4975063 <unknown>\nE       #8 0x5556e4941328 <unknown>\nE       #9 0x5556e4942491 <unknown>\nE       #10 0x5556e4e0642b <unknown>\nE       #11 0x5556e4e0a2ec <unknown>\nE       #12 0x5556e4deda22 <unknown>\nE       #13 0x5556e4e0ae64 <unknown>\nE       #14 0x5556e4dd1bef <unknown>\nE       #15 0x5556e4e2d558 <unknown>\nE       #16 0x5556e4e2d736 <unknown>\nE       #17 0x5556e4e3de76 <unknown>\nE       #18 0x7f8c76c9caa4 <unknown>\nE       #19 0x7f8c76d29c3c <unknown>\n\n/opt/hostedtoolcache/Python/3.12.5/x64/lib/python3.12/site-packages/selenium/webdriver/remote/errorhandler.py:232: NoSuchElementException","flaky":false,"newFailed":false,"newBroken":true,"newPassed":false,"retriesCount":0,"retriesStatusChange":false,"beforeStages":[{"name":"driver","time":{"start":1743683063120,"stop":1743683063458,"duration":338},"status":"passed","steps":[],"attachments":[],"parameters":[],"shouldDisplayMessage":false,"stepsCount":0,"attachmentsCount":0,"hasContent":false,"attachmentStep":false},{"name":"setup","time":{"start":1743683063458,"stop":1743683063458,"duration":0},"status":"passed","steps":[],"attachments":[],"parameters":[],"shouldDisplayMessage":false,"stepsCount":0,"attachmentsCount":0,"hasContent":false,"attachmentStep":false}],"testStage":{"status":"broken","statusMessage":"selenium.common.exceptions.NoSuchElementException: Message: no such element: Unable to locate element: {\"method\":\"xpath\",\"selector\":\"//*[contains(text(), 'new_card')]\"}\n  (Session info: chrome=135.0.7049.52); For documentation on this error, please visit: https://www.selenium.dev/documentation/webdriver/troubleshooting/errors#no-such-element-exception\nStacktrace:\n#0 0x5556e4e3effa <unknown>\n#1 0x5556e48fd970 <unknown>\n#2 0x5556e494f385 <unknown>\n#3 0x5556e494f5b1 <unknown>\n#4 0x5556e499e3c4 <unknown>\n#5 0x5556e49752bd <unknown>\n#6 0x5556e499b70c <unknown>\n#7 0x5556e4975063 <unknown>\n#8 0x5556e4941328 <unknown>\n#9 0x5556e4942491 <unknown>\n#10 0x5556e4e0642b <unknown>\n#11 0x5556e4e0a2ec <unknown>\n#12 0x5556e4deda22 <unknown>\n#13 0x5556e4e0ae64 <unknown>\n#14 0x5556e4dd1bef <unknown>\n#15 0x5556e4e2d558 <unknown>\n#16 0x5556e4e2d736 <unknown>\n#17 0x5556e4e3de76 <unknown>\n#18 0x7f8c76c9caa4 <unknown>\n#19 0x7f8c76d29c3c <unknown>","statusTrace":"self = <tests.regression_ui.test_ui_regression.TestUIRegression object at 0x7fa5d0da6c30>\ndriver = <selenium.webdriver.chrome.webdriver.WebDriver (session=\"14d19f23652b7337f513c6f217d30bea\")>\n\n    @pytest.mark.TC000\n    @pytest.mark.TC006\n    @allure.title('Archive a card')\n    def test_archive_card(self, driver):\n        time.sleep(5)\n        with allure.step('Log in to Trello account'):\n            self.test_login(driver)\n    \n        with allure.step('Open a board and select a card'):\n            try:\n                WebDriverWait(driver, 30).until(EC.element_to_be_clickable((By.XPATH, self.SCC.Board.BOARD_TITLE))).click()\n                WebDriverWait(driver, 10).until(EC.visibility_of_element_located((By.XPATH, self.SCC.Board.LIST_TITLE))).click()\n                driver.find_element(By.XPATH, self.SCC.List.ADD_A_CARD_BUTTON).click()\n                driver.find_element(By.XPATH, self.SCC.List.CARD_NAME_FIELD).click()\n                time.sleep(1)\n                driver.find_element(By.XPATH, self.SCC.List.CARD_NAME_FIELD).send_keys('new_card')\n                driver.find_element(By.XPATH, self.SCC.List.ADD_CARD_SUBMIT_BUTTOMN).click()\n                time.sleep(2)\n            except Exception as e:\n                log.info(\"An error occurred: \", str(e))\n    \n        with allure.step('Click the card to open and archive it'):\n>           driver.find_element(By.XPATH, self.SCC.List.CARD_TO_ARCHIVE).click()\n\ntests/regression_ui/test_ui_regression.py:206: \n_ _ _ _ _ _ _ _ _ _ _ _ _ _ _ _ _ _ _ _ _ _ _ _ _ _ _ _ _ _ _ _ _ _ _ _ _ _ _ _ \n/opt/hostedtoolcache/Python/3.12.5/x64/lib/python3.12/site-packages/selenium/webdriver/remote/webdriver.py:770: in find_element\n    return self.execute(Command.FIND_ELEMENT, {\"using\": by, \"value\": value})[\"value\"]\n/opt/hostedtoolcache/Python/3.12.5/x64/lib/python3.12/site-packages/selenium/webdriver/remote/webdriver.py:384: in execute\n    self.error_handler.check_response(response)\n_ _ _ _ _ _ _ _ _ _ _ _ _ _ _ _ _ _ _ _ _ _ _ _ _ _ _ _ _ _ _ _ _ _ _ _ _ _ _ _ \n\nself = <selenium.webdriver.remote.errorhandler.ErrorHandler object at 0x7fa5d0dfe000>\nresponse = {'status': 404, 'value': '{\"value\":{\"error\":\"no such element\",\"message\":\"no such element: Unable to locate element: {\\...\\\\n#17 0x5556e4e3de76 \\\\u003Cunknown>\\\\n#18 0x7f8c76c9caa4 \\\\u003Cunknown>\\\\n#19 0x7f8c76d29c3c \\\\u003Cunknown>\\\\n\"}}'}\n\n    def check_response(self, response: Dict[str, Any]) -> None:\n        \"\"\"Checks that a JSON response from the WebDriver does not have an\n        error.\n    \n        :Args:\n         - response - The JSON response from the WebDriver server as a dictionary\n           object.\n    \n        :Raises: If the response contains an error message.\n        \"\"\"\n        status = response.get(\"status\", None)\n        if not status or status == ErrorCode.SUCCESS:\n            return\n        value = None\n        message = response.get(\"message\", \"\")\n        screen: str = response.get(\"screen\", \"\")\n        stacktrace = None\n        if isinstance(status, int):\n            value_json = response.get(\"value\", None)\n            if value_json and isinstance(value_json, str):\n                import json\n    \n                try:\n                    value = json.loads(value_json)\n                    if len(value) == 1:\n                        value = value[\"value\"]\n                    status = value.get(\"error\", None)\n                    if not status:\n                        status = value.get(\"status\", ErrorCode.UNKNOWN_ERROR)\n                        message = value.get(\"value\") or value.get(\"message\")\n                        if not isinstance(message, str):\n                            value = message\n                            message = message.get(\"message\")\n                    else:\n                        message = value.get(\"message\", None)\n                except ValueError:\n                    pass\n    \n        exception_class: Type[WebDriverException]\n        e = ErrorCode()\n        error_codes = [item for item in dir(e) if not item.startswith(\"__\")]\n        for error_code in error_codes:\n            error_info = getattr(ErrorCode, error_code)\n            if isinstance(error_info, list) and status in error_info:\n                exception_class = getattr(ExceptionMapping, error_code, WebDriverException)\n                break\n        else:\n            exception_class = WebDriverException\n    \n        if not value:\n            value = response[\"value\"]\n        if isinstance(value, str):\n            raise exception_class(value)\n        if message == \"\" and \"message\" in value:\n            message = value[\"message\"]\n    \n        screen = None  # type: ignore[assignment]\n        if \"screen\" in value:\n            screen = value[\"screen\"]\n    \n        stacktrace = None\n        st_value = value.get(\"stackTrace\") or value.get(\"stacktrace\")\n        if st_value:\n            if isinstance(st_value, str):\n                stacktrace = st_value.split(\"\\n\")\n            else:\n                stacktrace = []\n                try:\n                    for frame in st_value:\n                        line = frame.get(\"lineNumber\", \"\")\n                        file = frame.get(\"fileName\", \"<anonymous>\")\n                        if line:\n                            file = f\"{file}:{line}\"\n                        meth = frame.get(\"methodName\", \"<anonymous>\")\n                        if \"className\" in frame:\n                            meth = f\"{frame['className']}.{meth}\"\n                        msg = \"    at %s (%s)\"\n                        msg = msg % (meth, file)\n                        stacktrace.append(msg)\n                except TypeError:\n                    pass\n        if exception_class == UnexpectedAlertPresentException:\n            alert_text = None\n            if \"data\" in value:\n                alert_text = value[\"data\"].get(\"text\")\n            elif \"alert\" in value:\n                alert_text = value[\"alert\"].get(\"text\")\n            raise exception_class(message, screen, stacktrace, alert_text)  # type: ignore[call-arg]  # mypy is not smart enough here\n>       raise exception_class(message, screen, stacktrace)\nE       selenium.common.exceptions.NoSuchElementException: Message: no such element: Unable to locate element: {\"method\":\"xpath\",\"selector\":\"//*[contains(text(), 'new_card')]\"}\nE         (Session info: chrome=135.0.7049.52); For documentation on this error, please visit: https://www.selenium.dev/documentation/webdriver/troubleshooting/errors#no-such-element-exception\nE       Stacktrace:\nE       #0 0x5556e4e3effa <unknown>\nE       #1 0x5556e48fd970 <unknown>\nE       #2 0x5556e494f385 <unknown>\nE       #3 0x5556e494f5b1 <unknown>\nE       #4 0x5556e499e3c4 <unknown>\nE       #5 0x5556e49752bd <unknown>\nE       #6 0x5556e499b70c <unknown>\nE       #7 0x5556e4975063 <unknown>\nE       #8 0x5556e4941328 <unknown>\nE       #9 0x5556e4942491 <unknown>\nE       #10 0x5556e4e0642b <unknown>\nE       #11 0x5556e4e0a2ec <unknown>\nE       #12 0x5556e4deda22 <unknown>\nE       #13 0x5556e4e0ae64 <unknown>\nE       #14 0x5556e4dd1bef <unknown>\nE       #15 0x5556e4e2d558 <unknown>\nE       #16 0x5556e4e2d736 <unknown>\nE       #17 0x5556e4e3de76 <unknown>\nE       #18 0x7f8c76c9caa4 <unknown>\nE       #19 0x7f8c76d29c3c <unknown>\n\n/opt/hostedtoolcache/Python/3.12.5/x64/lib/python3.12/site-packages/selenium/webdriver/remote/errorhandler.py:232: NoSuchElementException","steps":[{"name":"Log in to Trello account","time":{"start":1743683068459,"stop":1743683074890,"duration":6431},"status":"passed","steps":[{"name":"Navigate to the Trello page and enter valid credentials (email, password, and 6-digits verification code)","time":{"start":1743683068459,"stop":1743683074890,"duration":6431},"status":"passed","steps":[],"attachments":[],"parameters":[],"shouldDisplayMessage":false,"stepsCount":0,"attachmentsCount":0,"hasContent":false,"attachmentStep":false}],"attachments":[],"parameters":[],"shouldDisplayMessage":false,"stepsCount":1,"attachmentsCount":0,"hasContent":true,"attachmentStep":false},{"name":"Open a board and select a card","time":{"start":1743683074890,"stop":1743683105167,"duration":30277},"status":"passed","steps":[],"attachments":[],"parameters":[],"shouldDisplayMessage":false,"stepsCount":0,"attachmentsCount":0,"hasContent":false,"attachmentStep":false},{"name":"Click the card to open and archive it","time":{"start":1743683105167,"stop":1743683105182,"duration":15},"status":"broken","statusMessage":"selenium.common.exceptions.NoSuchElementException: Message: no such element: Unable to locate element: {\"method\":\"xpath\",\"selector\":\"//*[contains(text(), 'new_card')]\"}\n  (Session info: chrome=135.0.7049.52); For documentation on this error, please visit: https://www.selenium.dev/documentation/webdriver/troubleshooting/errors#no-such-element-exception\nStacktrace:\n#0 0x5556e4e3effa <unknown>\n#1 0x5556e48fd970 <unknown>\n#2 0x5556e494f385 <unknown>\n#3 0x5556e494f5b1 <unknown>\n#4 0x5556e499e3c4 <unknown>\n#5 0x5556e49752bd <unknown>\n#6 0x5556e499b70c <unknown>\n#7 0x5556e4975063 <unknown>\n#8 0x5556e4941328 <unknown>\n#9 0x5556e4942491 <unknown>\n#10 0x5556e4e0642b <unknown>\n#11 0x5556e4e0a2ec <unknown>\n#12 0x5556e4deda22 <unknown>\n#13 0x5556e4e0ae64 <unknown>\n#14 0x5556e4dd1bef <unknown>\n#15 0x5556e4e2d558 <unknown>\n#16 0x5556e4e2d736 <unknown>\n#17 0x5556e4e3de76 <unknown>\n#18 0x7f8c76c9caa4 <unknown>\n#19 0x7f8c76d29c3c <unknown>\n\n","statusTrace":"  File \"/home/runner/work/pythonSelenium/pythonSelenium/tests/regression_ui/test_ui_regression.py\", line 206, in test_archive_card\n    driver.find_element(By.XPATH, self.SCC.List.CARD_TO_ARCHIVE).click()\n    ^^^^^^^^^^^^^^^^^^^^^^^^^^^^^^^^^^^^^^^^^^^^^^^^^^^^^^^^^^^^\n  File \"/opt/hostedtoolcache/Python/3.12.5/x64/lib/python3.12/site-packages/selenium/webdriver/remote/webdriver.py\", line 770, in find_element\n    return self.execute(Command.FIND_ELEMENT, {\"using\": by, \"value\": value})[\"value\"]\n           ^^^^^^^^^^^^^^^^^^^^^^^^^^^^^^^^^^^^^^^^^^^^^^^^^^^^^^^^^^^^^^^^^\n  File \"/opt/hostedtoolcache/Python/3.12.5/x64/lib/python3.12/site-packages/selenium/webdriver/remote/webdriver.py\", line 384, in execute\n    self.error_handler.check_response(response)\n  File \"/opt/hostedtoolcache/Python/3.12.5/x64/lib/python3.12/site-packages/selenium/webdriver/remote/errorhandler.py\", line 232, in check_response\n    raise exception_class(message, screen, stacktrace)\n","steps":[],"attachments":[],"parameters":[],"shouldDisplayMessage":true,"stepsCount":0,"attachmentsCount":0,"hasContent":true,"attachmentStep":false}],"attachments":[{"uid":"af3a42eb5096ab5d","name":"log","source":"af3a42eb5096ab5d.txt","type":"text/plain","size":360}],"parameters":[],"shouldDisplayMessage":true,"stepsCount":4,"attachmentsCount":1,"hasContent":true,"attachmentStep":false},"afterStages":[{"name":"driver::0","time":{"start":1743683105217,"stop":1743683105289,"duration":72},"status":"passed","steps":[],"attachments":[],"parameters":[],"shouldDisplayMessage":false,"stepsCount":0,"attachmentsCount":0,"hasContent":false,"attachmentStep":false}],"labels":[{"name":"tag","value":"TC006"},{"name":"tag","value":"TC000"},{"name":"parentSuite","value":"tests.regression_ui"},{"name":"suite","value":"test_ui_regression"},{"name":"subSuite","value":"TestUIRegression"},{"name":"host","value":"fv-az2207-973"},{"name":"thread","value":"4751-MainThread"},{"name":"framework","value":"pytest"},{"name":"language","value":"cpython3"},{"name":"package","value":"tests.regression_ui.test_ui_regression"},{"name":"resultFormat","value":"allure2"}],"parameters":[],"links":[],"hidden":false,"retry":false,"extra":{"severity":"normal","retries":[],"categories":[{"name":"Test defects","matchedStatuses":[]}],"history":{"statistic":{"failed":22,"broken":80,"skipped":0,"passed":560,"unknown":0,"total":662},"items":[{"uid":"bdf5b7678296b026","status":"passed","time":{"start":1743671552733,"stop":1743671572888,"duration":20155}},{"uid":"c04cd8d0755c946f","status":"broken","statusDetails":"selenium.common.exceptions.NoSuchElementException: Message: no such element: Unable to locate element: {\"method\":\"xpath\",\"selector\":\"//*[contains(text(), 'new_card')]\"}\n  (Session info: chrome=135.0.7049.52); For documentation on this error, please visit: https://www.selenium.dev/documentation/webdriver/troubleshooting/errors#no-such-element-exception\nStacktrace:\n#0 0x5585c193aa1a <unknown>\n#1 0x5585c13f2390 <unknown>\n#2 0x5585c1443c85 <unknown>\n#3 0x5585c1443eb1 <unknown>\n#4 0x5585c1492d64 <unknown>\n#5 0x5585c1469bfd <unknown>\n#6 0x5585c149007b <unknown>\n#7 0x5585c14699a3 <unknown>\n#8 0x5585c143560e <unknown>\n#9 0x5585c1436dd1 <unknown>\n#10 0x5585c1900ddb <unknown>\n#11 0x5585c1904cbc <unknown>\n#12 0x5585c18e8392 <unknown>\n#13 0x5585c1905834 <unknown>\n#14 0x5585c18cc1ef <unknown>\n#15 0x5585c1929038 <unknown>\n#16 0x5585c1929216 <unknown>\n#17 0x5585c1939896 <unknown>\n#18 0x7f589189caa4 <unknown>\n#19 0x7f5891929c3c <unknown>","time":{"start":1743660975102,"stop":1743661016273,"duration":41171}},{"uid":"326710c7eec6fa6e","status":"passed","time":{"start":1743650881330,"stop":1743650902320,"duration":20990}},{"uid":"65afd819a708c2bd","status":"broken","statusDetails":"selenium.common.exceptions.NoSuchElementException: Message: no such element: Unable to locate element: {\"method\":\"xpath\",\"selector\":\"//*[contains(text(), 'new_card')]\"}\n  (Session info: chrome=135.0.7049.52); For documentation on this error, please visit: https://www.selenium.dev/documentation/webdriver/troubleshooting/errors#no-such-element-exception\nStacktrace:\n#0 0x55bc7dbf2ffa <unknown>\n#1 0x55bc7d6b1970 <unknown>\n#2 0x55bc7d703385 <unknown>\n#3 0x55bc7d7035b1 <unknown>\n#4 0x55bc7d7523c4 <unknown>\n#5 0x55bc7d7292bd <unknown>\n#6 0x55bc7d74f70c <unknown>\n#7 0x55bc7d729063 <unknown>\n#8 0x55bc7d6f5328 <unknown>\n#9 0x55bc7d6f6491 <unknown>\n#10 0x55bc7dbba42b <unknown>\n#11 0x55bc7dbbe2ec <unknown>\n#12 0x55bc7dba1a22 <unknown>\n#13 0x55bc7dbbee64 <unknown>\n#14 0x55bc7db85bef <unknown>\n#15 0x55bc7dbe1558 <unknown>\n#16 0x55bc7dbe1736 <unknown>\n#17 0x55bc7dbf1e76 <unknown>\n#18 0x7f73e029caa4 <unknown>\n#19 0x7f73e0329c3c <unknown>","time":{"start":1743641079822,"stop":1743641121476,"duration":41654}},{"uid":"62148815004fd5ac","status":"broken","statusDetails":"selenium.common.exceptions.NoSuchElementException: Message: no such element: Unable to locate element: {\"method\":\"xpath\",\"selector\":\"//*[contains(text(), 'new_card')]\"}\n  (Session info: chrome=135.0.7049.52); For documentation on this error, please visit: https://www.selenium.dev/documentation/webdriver/troubleshooting/errors#no-such-element-exception\nStacktrace:\n#0 0x55b51fc1dffa <unknown>\n#1 0x55b51f6dc970 <unknown>\n#2 0x55b51f72e385 <unknown>\n#3 0x55b51f72e5b1 <unknown>\n#4 0x55b51f77d3c4 <unknown>\n#5 0x55b51f7542bd <unknown>\n#6 0x55b51f77a70c <unknown>\n#7 0x55b51f754063 <unknown>\n#8 0x55b51f720328 <unknown>\n#9 0x55b51f721491 <unknown>\n#10 0x55b51fbe542b <unknown>\n#11 0x55b51fbe92ec <unknown>\n#12 0x55b51fbcca22 <unknown>\n#13 0x55b51fbe9e64 <unknown>\n#14 0x55b51fbb0bef <unknown>\n#15 0x55b51fc0c558 <unknown>\n#16 0x55b51fc0c736 <unknown>\n#17 0x55b51fc1ce76 <unknown>\n#18 0x7feb0589caa4 <unknown>\n#19 0x7feb05929c3c <unknown>","time":{"start":1743628279784,"stop":1743628321135,"duration":41351}},{"uid":"62c3794b0aa5da88","status":"passed","time":{"start":1743617763475,"stop":1743617784135,"duration":20660}},{"uid":"606587e7ba280aa4","status":"broken","statusDetails":"selenium.common.exceptions.NoSuchElementException: Message: no such element: Unable to locate element: {\"method\":\"xpath\",\"selector\":\"//*[contains(text(), 'new_card')]\"}\n  (Session info: chrome=135.0.7049.52); For documentation on this error, please visit: https://www.selenium.dev/documentation/webdriver/troubleshooting/errors#no-such-element-exception\nStacktrace:\n#0 0x55d40dedcffa <unknown>\n#1 0x55d40d99b970 <unknown>\n#2 0x55d40d9ed385 <unknown>\n#3 0x55d40d9ed5b1 <unknown>\n#4 0x55d40da3c3c4 <unknown>\n#5 0x55d40da132bd <unknown>\n#6 0x55d40da3970c <unknown>\n#7 0x55d40da13063 <unknown>\n#8 0x55d40d9df328 <unknown>\n#9 0x55d40d9e0491 <unknown>\n#10 0x55d40dea442b <unknown>\n#11 0x55d40dea82ec <unknown>\n#12 0x55d40de8ba22 <unknown>\n#13 0x55d40dea8e64 <unknown>\n#14 0x55d40de6fbef <unknown>\n#15 0x55d40decb558 <unknown>\n#16 0x55d40decb736 <unknown>\n#17 0x55d40dedbe76 <unknown>\n#18 0x7f183989caa4 <unknown>\n#19 0x7f1839929c3c <unknown>","time":{"start":1743606699617,"stop":1743606742254,"duration":42637}},{"uid":"d447f521764cae4f","status":"broken","statusDetails":"selenium.common.exceptions.NoSuchElementException: Message: no such element: Unable to locate element: {\"method\":\"xpath\",\"selector\":\"//*[contains(text(), 'new_card')]\"}\n  (Session info: chrome=135.0.7049.52); For documentation on this error, please visit: https://www.selenium.dev/documentation/webdriver/troubleshooting/errors#no-such-element-exception\nStacktrace:\n#0 0x559aa276cffa <unknown>\n#1 0x559aa222b970 <unknown>\n#2 0x559aa227d385 <unknown>\n#3 0x559aa227d5b1 <unknown>\n#4 0x559aa22cc3c4 <unknown>\n#5 0x559aa22a32bd <unknown>\n#6 0x559aa22c970c <unknown>\n#7 0x559aa22a3063 <unknown>\n#8 0x559aa226f328 <unknown>\n#9 0x559aa2270491 <unknown>\n#10 0x559aa273442b <unknown>\n#11 0x559aa27382ec <unknown>\n#12 0x559aa271ba22 <unknown>\n#13 0x559aa2738e64 <unknown>\n#14 0x559aa26ffbef <unknown>\n#15 0x559aa275b558 <unknown>\n#16 0x559aa275b736 <unknown>\n#17 0x559aa276be76 <unknown>\n#18 0x7f90eb09caa4 <unknown>\n#19 0x7f90eb129c3c <unknown>","time":{"start":1743596455301,"stop":1743596476605,"duration":21304}},{"uid":"3c6b7f690345ae7b","status":"broken","statusDetails":"selenium.common.exceptions.NoSuchElementException: Message: no such element: Unable to locate element: {\"method\":\"xpath\",\"selector\":\"//*[contains(text(), 'new_card')]\"}\n  (Session info: chrome=135.0.7049.52); For documentation on this error, please visit: https://www.selenium.dev/documentation/webdriver/troubleshooting/errors#no-such-element-exception\nStacktrace:\n#0 0x5593a3866ffa <unknown>\n#1 0x5593a3325970 <unknown>\n#2 0x5593a3377385 <unknown>\n#3 0x5593a33775b1 <unknown>\n#4 0x5593a33c63c4 <unknown>\n#5 0x5593a339d2bd <unknown>\n#6 0x5593a33c370c <unknown>\n#7 0x5593a339d063 <unknown>\n#8 0x5593a3369328 <unknown>\n#9 0x5593a336a491 <unknown>\n#10 0x5593a382e42b <unknown>\n#11 0x5593a38322ec <unknown>\n#12 0x5593a3815a22 <unknown>\n#13 0x5593a3832e64 <unknown>\n#14 0x5593a37f9bef <unknown>\n#15 0x5593a3855558 <unknown>\n#16 0x5593a3855736 <unknown>\n#17 0x5593a3865e76 <unknown>\n#18 0x7fa924a9caa4 <unknown>\n#19 0x7fa924b29c3c <unknown>","time":{"start":1743585129254,"stop":1743585170381,"duration":41127}},{"uid":"fd427917b21c1d79","status":"broken","statusDetails":"selenium.common.exceptions.NoSuchElementException: Message: no such element: Unable to locate element: {\"method\":\"xpath\",\"selector\":\"//*[contains(text(), 'new_card')]\"}\n  (Session info: chrome=135.0.7049.52); For documentation on this error, please visit: https://www.selenium.dev/documentation/webdriver/troubleshooting/errors#no-such-element-exception\nStacktrace:\n#0 0x55e52cdbeffa <unknown>\n#1 0x55e52c87d970 <unknown>\n#2 0x55e52c8cf385 <unknown>\n#3 0x55e52c8cf5b1 <unknown>\n#4 0x55e52c91e3c4 <unknown>\n#5 0x55e52c8f52bd <unknown>\n#6 0x55e52c91b70c <unknown>\n#7 0x55e52c8f5063 <unknown>\n#8 0x55e52c8c1328 <unknown>\n#9 0x55e52c8c2491 <unknown>\n#10 0x55e52cd8642b <unknown>\n#11 0x55e52cd8a2ec <unknown>\n#12 0x55e52cd6da22 <unknown>\n#13 0x55e52cd8ae64 <unknown>\n#14 0x55e52cd51bef <unknown>\n#15 0x55e52cdad558 <unknown>\n#16 0x55e52cdad736 <unknown>\n#17 0x55e52cdbde76 <unknown>\n#18 0x7f342109caa4 <unknown>\n#19 0x7f3421129c3c <unknown>","time":{"start":1743574509209,"stop":1743574550387,"duration":41178}},{"uid":"4e99eaa30c8c6f4a","status":"broken","statusDetails":"selenium.common.exceptions.NoSuchElementException: Message: no such element: Unable to locate element: {\"method\":\"xpath\",\"selector\":\"//*[contains(text(), 'new_card')]\"}\n  (Session info: chrome=135.0.7049.52); For documentation on this error, please visit: https://www.selenium.dev/documentation/webdriver/troubleshooting/errors#no-such-element-exception\nStacktrace:\n#0 0x56502c1ebffa <unknown>\n#1 0x56502bcaa970 <unknown>\n#2 0x56502bcfc385 <unknown>\n#3 0x56502bcfc5b1 <unknown>\n#4 0x56502bd4b3c4 <unknown>\n#5 0x56502bd222bd <unknown>\n#6 0x56502bd4870c <unknown>\n#7 0x56502bd22063 <unknown>\n#8 0x56502bcee328 <unknown>\n#9 0x56502bcef491 <unknown>\n#10 0x56502c1b342b <unknown>\n#11 0x56502c1b72ec <unknown>\n#12 0x56502c19aa22 <unknown>\n#13 0x56502c1b7e64 <unknown>\n#14 0x56502c17ebef <unknown>\n#15 0x56502c1da558 <unknown>\n#16 0x56502c1da736 <unknown>\n#17 0x56502c1eae76 <unknown>\n#18 0x7f6dd4e9caa4 <unknown>\n#19 0x7f6dd4f29c3c <unknown>","time":{"start":1743564535122,"stop":1743564556631,"duration":21509}},{"uid":"acc153c501813321","status":"passed","time":{"start":1743554787622,"stop":1743554807659,"duration":20037}},{"uid":"cf3f5d846034d0fc","status":"broken","statusDetails":"selenium.common.exceptions.NoSuchElementException: Message: no such element: Unable to locate element: {\"method\":\"xpath\",\"selector\":\"//*[contains(text(), 'new_card')]\"}\n  (Session info: chrome=135.0.7049.52); For documentation on this error, please visit: https://www.selenium.dev/documentation/webdriver/troubleshooting/errors#no-such-element-exception\nStacktrace:\n#0 0x560de403cffa <unknown>\n#1 0x560de3afb970 <unknown>\n#2 0x560de3b4d385 <unknown>\n#3 0x560de3b4d5b1 <unknown>\n#4 0x560de3b9c3c4 <unknown>\n#5 0x560de3b732bd <unknown>\n#6 0x560de3b9970c <unknown>\n#7 0x560de3b73063 <unknown>\n#8 0x560de3b3f328 <unknown>\n#9 0x560de3b40491 <unknown>\n#10 0x560de400442b <unknown>\n#11 0x560de40082ec <unknown>\n#12 0x560de3feba22 <unknown>\n#13 0x560de4008e64 <unknown>\n#14 0x560de3fcfbef <unknown>\n#15 0x560de402b558 <unknown>\n#16 0x560de402b736 <unknown>\n#17 0x560de403be76 <unknown>\n#18 0x7f4e9309caa4 <unknown>\n#19 0x7f4e93129c3c <unknown>","time":{"start":1743541879431,"stop":1743541920648,"duration":41217}},{"uid":"476ca732397d4e12","status":"broken","statusDetails":"selenium.common.exceptions.NoSuchElementException: Message: no such element: Unable to locate element: {\"method\":\"xpath\",\"selector\":\"//*[contains(text(), 'new_card')]\"}\n  (Session info: chrome=135.0.7049.52); For documentation on this error, please visit: https://www.selenium.dev/documentation/webdriver/troubleshooting/errors#no-such-element-exception\nStacktrace:\n#0 0x55d1845e1ffa <unknown>\n#1 0x55d1840a0970 <unknown>\n#2 0x55d1840f2385 <unknown>\n#3 0x55d1840f25b1 <unknown>\n#4 0x55d1841413c4 <unknown>\n#5 0x55d1841182bd <unknown>\n#6 0x55d18413e70c <unknown>\n#7 0x55d184118063 <unknown>\n#8 0x55d1840e4328 <unknown>\n#9 0x55d1840e5491 <unknown>\n#10 0x55d1845a942b <unknown>\n#11 0x55d1845ad2ec <unknown>\n#12 0x55d184590a22 <unknown>\n#13 0x55d1845ade64 <unknown>\n#14 0x55d184574bef <unknown>\n#15 0x55d1845d0558 <unknown>\n#16 0x55d1845d0736 <unknown>\n#17 0x55d1845e0e76 <unknown>\n#18 0x7fc978a9caa4 <unknown>\n#19 0x7fc978b29c3c <unknown>","time":{"start":1743531293578,"stop":1743531314889,"duration":21311}},{"uid":"6032239cd506820f","status":"broken","statusDetails":"selenium.common.exceptions.NoSuchElementException: Message: no such element: Unable to locate element: {\"method\":\"xpath\",\"selector\":\"//*[contains(text(), 'new_card')]\"}\n  (Session info: chrome=134.0.6998.165); For documentation on this error, please visit: https://www.selenium.dev/documentation/webdriver/troubleshooting/errors#no-such-element-exception\nStacktrace:\n#0 0x55b564c03a1a <unknown>\n#1 0x55b5646bb390 <unknown>\n#2 0x55b56470cc85 <unknown>\n#3 0x55b56470ceb1 <unknown>\n#4 0x55b56475bd64 <unknown>\n#5 0x55b564732bfd <unknown>\n#6 0x55b56475907b <unknown>\n#7 0x55b5647329a3 <unknown>\n#8 0x55b5646fe60e <unknown>\n#9 0x55b5646ffdd1 <unknown>\n#10 0x55b564bc9ddb <unknown>\n#11 0x55b564bcdcbc <unknown>\n#12 0x55b564bb1392 <unknown>\n#13 0x55b564bce834 <unknown>\n#14 0x55b564b951ef <unknown>\n#15 0x55b564bf2038 <unknown>\n#16 0x55b564bf2216 <unknown>\n#17 0x55b564c02896 <unknown>\n#18 0x7f4b2a69caa4 <unknown>\n#19 0x7f4b2a729c3c <unknown>","time":{"start":1743520373464,"stop":1743520414719,"duration":41255}},{"uid":"354f672be2eee9d0","status":"passed","time":{"start":1743509973298,"stop":1743509993177,"duration":19879}},{"uid":"eef79bd1269505f3","status":"passed","time":{"start":1743498751980,"stop":1743498772460,"duration":20480}},{"uid":"168a38a43c37f29f","status":"broken","statusDetails":"selenium.common.exceptions.NoSuchElementException: Message: no such element: Unable to locate element: {\"method\":\"xpath\",\"selector\":\"//*[contains(text(), 'new_card')]\"}\n  (Session info: chrome=134.0.6998.165); For documentation on this error, please visit: https://www.selenium.dev/documentation/webdriver/troubleshooting/errors#no-such-element-exception\nStacktrace:\n#0 0x555e6211da1a <unknown>\n#1 0x555e61bd5390 <unknown>\n#2 0x555e61c26c85 <unknown>\n#3 0x555e61c26eb1 <unknown>\n#4 0x555e61c75d64 <unknown>\n#5 0x555e61c4cbfd <unknown>\n#6 0x555e61c7307b <unknown>\n#7 0x555e61c4c9a3 <unknown>\n#8 0x555e61c1860e <unknown>\n#9 0x555e61c19dd1 <unknown>\n#10 0x555e620e3ddb <unknown>\n#11 0x555e620e7cbc <unknown>\n#12 0x555e620cb392 <unknown>\n#13 0x555e620e8834 <unknown>\n#14 0x555e620af1ef <unknown>\n#15 0x555e6210c038 <unknown>\n#16 0x555e6210c216 <unknown>\n#17 0x555e6211c896 <unknown>\n#18 0x7fdf1189caa4 <unknown>\n#19 0x7fdf11929c3c <unknown>","time":{"start":1743488214369,"stop":1743488236305,"duration":21936}},{"uid":"4b5e7972075d20c3","status":"broken","statusDetails":"selenium.common.exceptions.NoSuchElementException: Message: no such element: Unable to locate element: {\"method\":\"xpath\",\"selector\":\"//*[contains(text(), 'new_card')]\"}\n  (Session info: chrome=134.0.6998.165); For documentation on this error, please visit: https://www.selenium.dev/documentation/webdriver/troubleshooting/errors#no-such-element-exception\nStacktrace:\n#0 0x561262976a1a <unknown>\n#1 0x56126242e390 <unknown>\n#2 0x56126247fc85 <unknown>\n#3 0x56126247feb1 <unknown>\n#4 0x5612624ced64 <unknown>\n#5 0x5612624a5bfd <unknown>\n#6 0x5612624cc07b <unknown>\n#7 0x5612624a59a3 <unknown>\n#8 0x56126247160e <unknown>\n#9 0x561262472dd1 <unknown>\n#10 0x56126293cddb <unknown>\n#11 0x561262940cbc <unknown>\n#12 0x561262924392 <unknown>\n#13 0x561262941834 <unknown>\n#14 0x5612629081ef <unknown>\n#15 0x561262965038 <unknown>\n#16 0x561262965216 <unknown>\n#17 0x561262975896 <unknown>\n#18 0x7fac8f69caa4 <unknown>\n#19 0x7fac8f729c3c <unknown>","time":{"start":1743478781251,"stop":1743478822386,"duration":41135}},{"uid":"f1dd49d0b48909cb","status":"broken","statusDetails":"selenium.common.exceptions.NoSuchElementException: Message: no such element: Unable to locate element: {\"method\":\"xpath\",\"selector\":\"//*[contains(text(), 'new_card')]\"}\n  (Session info: chrome=134.0.6998.165); For documentation on this error, please visit: https://www.selenium.dev/documentation/webdriver/troubleshooting/errors#no-such-element-exception\nStacktrace:\n#0 0x563deedd2a1a <unknown>\n#1 0x563dee88a390 <unknown>\n#2 0x563dee8dbc85 <unknown>\n#3 0x563dee8dbeb1 <unknown>\n#4 0x563dee92ad64 <unknown>\n#5 0x563dee901bfd <unknown>\n#6 0x563dee92807b <unknown>\n#7 0x563dee9019a3 <unknown>\n#8 0x563dee8cd60e <unknown>\n#9 0x563dee8cedd1 <unknown>\n#10 0x563deed98ddb <unknown>\n#11 0x563deed9ccbc <unknown>\n#12 0x563deed80392 <unknown>\n#13 0x563deed9d834 <unknown>\n#14 0x563deed641ef <unknown>\n#15 0x563deedc1038 <unknown>\n#16 0x563deedc1216 <unknown>\n#17 0x563deedd1896 <unknown>\n#18 0x7febd129caa4 <unknown>\n#19 0x7febd1329c3c <unknown>","time":{"start":1743468799123,"stop":1743468840893,"duration":41770}}]},"tags":["TC006","TC000"]},"source":"ff0266a7ba36dcd.json","parameterValues":[]}